<?xml version="1.0" encoding="UTF-8"?>
<testsuite name="org.mozilla.javascript.tools.SourceReader_ESTest" tests="5" skipped="0" failures="0" errors="0" timestamp="2019-01-10T18:35:29" hostname="swami-VirtualBox" time="0.196">
  <properties/>
  <testcase name="test4" classname="org.mozilla.javascript.tools.SourceReader_ESTest" time="0.044"/>
  <testcase name="test2" classname="org.mozilla.javascript.tools.SourceReader_ESTest" time="0.057"/>
  <testcase name="test3" classname="org.mozilla.javascript.tools.SourceReader_ESTest" time="0.015"/>
  <testcase name="test0" classname="org.mozilla.javascript.tools.SourceReader_ESTest" time="0.045"/>
  <testcase name="test1" classname="org.mozilla.javascript.tools.SourceReader_ESTest" time="0.026"/>
  <system-out><![CDATA[]]></system-out>
  <system-err><![CDATA[Jan 10, 2019 10:35:27 AM org.evosuite.runtime.instrumentation.EvoClassLoader loadClass
INFO: Seeing class for first time: org.mozilla.javascript.tools.SourceReader_ESTest
Jan 10, 2019 10:35:27 AM org.evosuite.runtime.instrumentation.EvoClassLoader instrumentClass
INFO: Instrumenting class 'org.mozilla.javascript.tools.SourceReader_ESTest'.
Jan 10, 2019 10:35:27 AM org.evosuite.runtime.instrumentation.EvoClassLoader loadClass
INFO: Seeing class for first time: org.mozilla.javascript.tools.SourceReader_ESTest_scaffolding
Jan 10, 2019 10:35:27 AM org.evosuite.runtime.instrumentation.EvoClassLoader instrumentClass
INFO: Instrumenting class 'org.mozilla.javascript.tools.SourceReader_ESTest_scaffolding'.
Jan 10, 2019 10:35:27 AM org.evosuite.runtime.instrumentation.EvoClassLoader instrumentClass
INFO: Keeping class: org.mozilla.javascript.tools.SourceReader_ESTest_scaffolding
Jan 10, 2019 10:35:27 AM org.evosuite.runtime.instrumentation.EvoClassLoader instrumentClass
INFO: Keeping class: org.mozilla.javascript.tools.SourceReader_ESTest
Jan 10, 2019 6:35:28 PM org.evosuite.runtime.instrumentation.EvoClassLoader loadClass
INFO: Seeing class for first time: org.mozilla.javascript.Kit
Jan 10, 2019 6:35:28 PM org.evosuite.runtime.instrumentation.EvoClassLoader instrumentClass
INFO: Instrumenting class 'org.mozilla.javascript.Kit'.
Jan 10, 2019 6:35:28 PM org.evosuite.runtime.instrumentation.MethodCallReplacementClassAdapter visit
INFO: Adding mock interface to class org/mozilla/javascript/Kit
Jan 10, 2019 6:35:29 PM org.evosuite.runtime.instrumentation.CreateClassResetClassAdapter visitMethod
INFO: Found static initializer in class org/mozilla/javascript/Kit
Jan 10, 2019 6:35:29 PM org.evosuite.runtime.instrumentation.EvoClassLoader createPackageDefinition
INFO: Defined package (3): package org.mozilla.javascript, -1130473355
Jan 10, 2019 6:35:29 PM org.evosuite.runtime.instrumentation.EvoClassLoader instrumentClass
INFO: Keeping class: org.mozilla.javascript.Kit
Jan 10, 2019 6:35:29 PM org.evosuite.runtime.instrumentation.EvoClassLoader loadClass
INFO: Seeing class for first time: org.mozilla.javascript.tools.SourceReader
Jan 10, 2019 6:35:29 PM org.evosuite.runtime.instrumentation.EvoClassLoader instrumentClass
INFO: Instrumenting class 'org.mozilla.javascript.tools.SourceReader'.
Jan 10, 2019 6:35:29 PM org.evosuite.runtime.instrumentation.MethodCallReplacementClassAdapter visit
INFO: Adding mock interface to class org/mozilla/javascript/tools/SourceReader
Jan 10, 2019 6:35:29 PM org.evosuite.runtime.instrumentation.CreateClassResetClassAdapter createEmptyStaticReset
INFO: Creating brand-new static initializer in class org/mozilla/javascript/tools/SourceReader
Jan 10, 2019 6:35:29 PM org.evosuite.runtime.instrumentation.EvoClassLoader instrumentClass
INFO: Keeping class: org.mozilla.javascript.tools.SourceReader
Jan 10, 2019 6:35:29 PM org.evosuite.runtime.thread.ThreadStopper killAndJoinClientThreads
INFO: Found new thread
Jan 10, 2019 6:35:29 PM org.evosuite.runtime.thread.ThreadStopper killAndJoinClientThreads
INFO: Found new thread
Jan 10, 2019 6:35:29 PM org.evosuite.runtime.thread.ThreadStopper killAndJoinClientThreads
INFO: Found new thread
Jan 10, 2019 6:35:29 PM org.evosuite.runtime.thread.ThreadStopper killAndJoinClientThreads
INFO: Found new thread
Jan 10, 2019 6:35:29 PM org.evosuite.runtime.thread.ThreadStopper killAndJoinClientThreads
INFO: Found new thread
]]></system-err>
</testsuite>
