<?xml version="1.0" encoding="UTF-8"?>
<testsuite name="org.mozilla.javascript.Kit_ESTest" tests="33" skipped="0" failures="0" errors="0" timestamp="2019-01-10T18:26:20" hostname="swami-VirtualBox" time="1.778">
  <properties/>
  <testcase name="test06" classname="org.mozilla.javascript.Kit_ESTest" time="0.129"/>
  <testcase name="test28" classname="org.mozilla.javascript.Kit_ESTest" time="0.057"/>
  <testcase name="test07" classname="org.mozilla.javascript.Kit_ESTest" time="0.07"/>
  <testcase name="test29" classname="org.mozilla.javascript.Kit_ESTest" time="0.059"/>
  <testcase name="test08" classname="org.mozilla.javascript.Kit_ESTest" time="0.062"/>
  <testcase name="test09" classname="org.mozilla.javascript.Kit_ESTest" time="0.038"/>
  <testcase name="test02" classname="org.mozilla.javascript.Kit_ESTest" time="0.038"/>
  <testcase name="test24" classname="org.mozilla.javascript.Kit_ESTest" time="0.034"/>
  <testcase name="test03" classname="org.mozilla.javascript.Kit_ESTest" time="0.041"/>
  <testcase name="test25" classname="org.mozilla.javascript.Kit_ESTest" time="0.013"/>
  <testcase name="test04" classname="org.mozilla.javascript.Kit_ESTest" time="0.024"/>
  <testcase name="test26" classname="org.mozilla.javascript.Kit_ESTest" time="0.045"/>
  <testcase name="test05" classname="org.mozilla.javascript.Kit_ESTest" time="0.091"/>
  <testcase name="test27" classname="org.mozilla.javascript.Kit_ESTest" time="0.05"/>
  <testcase name="test20" classname="org.mozilla.javascript.Kit_ESTest" time="0.033"/>
  <testcase name="test21" classname="org.mozilla.javascript.Kit_ESTest" time="0.165"/>
  <testcase name="test00" classname="org.mozilla.javascript.Kit_ESTest" time="0.043"/>
  <testcase name="test22" classname="org.mozilla.javascript.Kit_ESTest" time="0.034"/>
  <testcase name="test01" classname="org.mozilla.javascript.Kit_ESTest" time="0.026"/>
  <testcase name="test23" classname="org.mozilla.javascript.Kit_ESTest" time="0.035"/>
  <testcase name="test17" classname="org.mozilla.javascript.Kit_ESTest" time="0.046"/>
  <testcase name="test18" classname="org.mozilla.javascript.Kit_ESTest" time="0.043"/>
  <testcase name="test19" classname="org.mozilla.javascript.Kit_ESTest" time="0.047"/>
  <testcase name="test13" classname="org.mozilla.javascript.Kit_ESTest" time="0.016"/>
  <testcase name="test14" classname="org.mozilla.javascript.Kit_ESTest" time="0.017"/>
  <testcase name="test15" classname="org.mozilla.javascript.Kit_ESTest" time="0.049"/>
  <testcase name="test16" classname="org.mozilla.javascript.Kit_ESTest" time="0.034"/>
  <testcase name="test31" classname="org.mozilla.javascript.Kit_ESTest" time="0.022"/>
  <testcase name="test10" classname="org.mozilla.javascript.Kit_ESTest" time="0.042"/>
  <testcase name="test32" classname="org.mozilla.javascript.Kit_ESTest" time="0.012"/>
  <testcase name="test11" classname="org.mozilla.javascript.Kit_ESTest" time="0.014"/>
  <testcase name="test12" classname="org.mozilla.javascript.Kit_ESTest" time="0.042"/>
  <testcase name="test30" classname="org.mozilla.javascript.Kit_ESTest" time="0.03"/>
  <system-out><![CDATA[]]></system-out>
  <system-err><![CDATA[Jan 10, 2019 10:26:11 AM org.evosuite.runtime.instrumentation.EvoClassLoader loadClass
INFO: Seeing class for first time: org.mozilla.javascript.Kit_ESTest
Jan 10, 2019 10:26:11 AM org.evosuite.runtime.instrumentation.EvoClassLoader instrumentClass
INFO: Instrumenting class 'org.mozilla.javascript.Kit_ESTest'.
Jan 10, 2019 10:26:12 AM org.evosuite.runtime.instrumentation.EvoClassLoader loadClass
INFO: Seeing class for first time: org.mozilla.javascript.Kit_ESTest_scaffolding
Jan 10, 2019 10:26:12 AM org.evosuite.runtime.instrumentation.EvoClassLoader instrumentClass
INFO: Instrumenting class 'org.mozilla.javascript.Kit_ESTest_scaffolding'.
Jan 10, 2019 10:26:12 AM org.evosuite.runtime.instrumentation.EvoClassLoader instrumentClass
INFO: Keeping class: org.mozilla.javascript.Kit_ESTest_scaffolding
Jan 10, 2019 10:26:12 AM org.evosuite.runtime.instrumentation.EvoClassLoader instrumentClass
INFO: Keeping class: org.mozilla.javascript.Kit_ESTest
Jan 10, 2019 6:26:12 PM org.evosuite.runtime.instrumentation.EvoClassLoader loadClass
INFO: Seeing class for first time: org.mozilla.javascript.NativeBoolean
Jan 10, 2019 6:26:12 PM org.evosuite.runtime.instrumentation.EvoClassLoader instrumentClass
INFO: Instrumenting class 'org.mozilla.javascript.NativeBoolean'.
Jan 10, 2019 6:26:13 PM org.evosuite.runtime.instrumentation.MethodCallReplacementClassAdapter visit
INFO: Adding mock interface to class org/mozilla/javascript/NativeBoolean
Jan 10, 2019 6:26:13 PM org.evosuite.runtime.instrumentation.CreateClassResetClassAdapter visitMethod
INFO: Found static initializer in class org/mozilla/javascript/NativeBoolean
Jan 10, 2019 6:26:14 PM org.evosuite.runtime.instrumentation.EvoClassLoader loadClass
INFO: Seeing class for first time: org.mozilla.javascript.IdScriptableObject
Jan 10, 2019 6:26:14 PM org.evosuite.runtime.instrumentation.EvoClassLoader instrumentClass
INFO: Instrumenting class 'org.mozilla.javascript.IdScriptableObject'.
Jan 10, 2019 6:26:14 PM org.evosuite.runtime.instrumentation.MethodCallReplacementClassAdapter visit
INFO: Adding mock interface to class org/mozilla/javascript/IdScriptableObject
Jan 10, 2019 6:26:14 PM org.evosuite.runtime.instrumentation.CreateClassResetClassAdapter createEmptyStaticReset
INFO: Creating brand-new static initializer in class org/mozilla/javascript/IdScriptableObject
Jan 10, 2019 6:26:14 PM org.evosuite.runtime.instrumentation.EvoClassLoader loadClass
INFO: Seeing class for first time: org.mozilla.javascript.IdFunctionCall
Jan 10, 2019 6:26:14 PM org.evosuite.runtime.instrumentation.EvoClassLoader instrumentClass
INFO: Instrumenting class 'org.mozilla.javascript.IdFunctionCall'.
Jan 10, 2019 6:26:14 PM org.evosuite.runtime.instrumentation.EvoClassLoader instrumentClass
INFO: Keeping class: org.mozilla.javascript.IdFunctionCall
Jan 10, 2019 6:26:14 PM org.evosuite.runtime.instrumentation.EvoClassLoader loadClass
INFO: Seeing class for first time: org.mozilla.javascript.ScriptableObject
Jan 10, 2019 6:26:14 PM org.evosuite.runtime.instrumentation.EvoClassLoader instrumentClass
INFO: Instrumenting class 'org.mozilla.javascript.ScriptableObject'.
Jan 10, 2019 6:26:14 PM org.evosuite.runtime.instrumentation.MethodCallReplacementClassAdapter visit
INFO: Adding mock interface to class org/mozilla/javascript/ScriptableObject
Jan 10, 2019 6:26:14 PM org.evosuite.runtime.instrumentation.CreateClassResetClassAdapter visitMethod
INFO: Found static initializer in class org/mozilla/javascript/ScriptableObject
Jan 10, 2019 6:26:14 PM org.evosuite.runtime.instrumentation.EvoClassLoader loadClass
INFO: Seeing class for first time: org.mozilla.javascript.Scriptable
Jan 10, 2019 6:26:14 PM org.evosuite.runtime.instrumentation.EvoClassLoader instrumentClass
INFO: Instrumenting class 'org.mozilla.javascript.Scriptable'.
Jan 10, 2019 6:26:14 PM org.evosuite.runtime.instrumentation.EvoClassLoader instrumentClass
INFO: Keeping class: org.mozilla.javascript.Scriptable
Jan 10, 2019 6:26:14 PM org.evosuite.runtime.instrumentation.EvoClassLoader loadClass
INFO: Seeing class for first time: org.mozilla.javascript.SymbolScriptable
Jan 10, 2019 6:26:14 PM org.evosuite.runtime.instrumentation.EvoClassLoader instrumentClass
INFO: Instrumenting class 'org.mozilla.javascript.SymbolScriptable'.
Jan 10, 2019 6:26:14 PM org.evosuite.runtime.instrumentation.EvoClassLoader instrumentClass
INFO: Keeping class: org.mozilla.javascript.SymbolScriptable
Jan 10, 2019 6:26:14 PM org.evosuite.runtime.instrumentation.EvoClassLoader loadClass
INFO: Seeing class for first time: org.mozilla.javascript.debug.DebuggableObject
Jan 10, 2019 6:26:14 PM org.evosuite.runtime.instrumentation.EvoClassLoader instrumentClass
INFO: Instrumenting class 'org.mozilla.javascript.debug.DebuggableObject'.
Jan 10, 2019 6:26:14 PM org.evosuite.runtime.instrumentation.EvoClassLoader createPackageDefinition
INFO: Defined package (3): package org.mozilla.javascript.debug, -203100262
Jan 10, 2019 6:26:14 PM org.evosuite.runtime.instrumentation.EvoClassLoader instrumentClass
INFO: Keeping class: org.mozilla.javascript.debug.DebuggableObject
Jan 10, 2019 6:26:14 PM org.evosuite.runtime.instrumentation.EvoClassLoader loadClass
INFO: Seeing class for first time: org.mozilla.javascript.ConstProperties
Jan 10, 2019 6:26:14 PM org.evosuite.runtime.instrumentation.EvoClassLoader instrumentClass
INFO: Instrumenting class 'org.mozilla.javascript.ConstProperties'.
Jan 10, 2019 6:26:14 PM org.evosuite.runtime.instrumentation.EvoClassLoader instrumentClass
INFO: Keeping class: org.mozilla.javascript.ConstProperties
Jan 10, 2019 6:26:14 PM org.evosuite.runtime.instrumentation.EvoClassLoader instrumentClass
INFO: Keeping class: org.mozilla.javascript.ScriptableObject
Jan 10, 2019 6:26:14 PM org.evosuite.runtime.instrumentation.EvoClassLoader instrumentClass
INFO: Keeping class: org.mozilla.javascript.IdScriptableObject
Jan 10, 2019 6:26:14 PM org.evosuite.runtime.instrumentation.EvoClassLoader instrumentClass
INFO: Keeping class: org.mozilla.javascript.NativeBoolean
Jan 10, 2019 6:26:14 PM org.evosuite.runtime.instrumentation.EvoClassLoader loadClass
INFO: Seeing class for first time: org.mozilla.javascript.EvaluatorException
Jan 10, 2019 6:26:14 PM org.evosuite.runtime.instrumentation.EvoClassLoader instrumentClass
INFO: Instrumenting class 'org.mozilla.javascript.EvaluatorException'.
Jan 10, 2019 6:26:14 PM org.evosuite.runtime.instrumentation.MethodCallReplacementClassAdapter visit
INFO: Adding mock interface to class org/mozilla/javascript/EvaluatorException
Jan 10, 2019 6:26:14 PM org.evosuite.runtime.instrumentation.CreateClassResetClassAdapter createEmptyStaticReset
INFO: Creating brand-new static initializer in class org/mozilla/javascript/EvaluatorException
Jan 10, 2019 6:26:14 PM org.evosuite.runtime.instrumentation.EvoClassLoader loadClass
INFO: Seeing class for first time: org.mozilla.javascript.RhinoException
Jan 10, 2019 6:26:14 PM org.evosuite.runtime.instrumentation.EvoClassLoader instrumentClass
INFO: Instrumenting class 'org.mozilla.javascript.RhinoException'.
Jan 10, 2019 6:26:14 PM org.evosuite.runtime.instrumentation.MethodCallReplacementClassAdapter visit
INFO: Adding mock interface to class org/mozilla/javascript/RhinoException
Jan 10, 2019 6:26:14 PM org.evosuite.runtime.instrumentation.CreateClassResetClassAdapter visitMethod
INFO: Found static initializer in class org/mozilla/javascript/RhinoException
Jan 10, 2019 6:26:14 PM org.evosuite.runtime.instrumentation.EvoClassLoader instrumentClass
INFO: Keeping class: org.mozilla.javascript.RhinoException
Jan 10, 2019 6:26:14 PM org.evosuite.runtime.instrumentation.EvoClassLoader instrumentClass
INFO: Keeping class: org.mozilla.javascript.EvaluatorException
Jan 10, 2019 6:26:14 PM org.evosuite.runtime.instrumentation.EvoClassLoader loadClass
INFO: Seeing class for first time: org.mozilla.javascript.SlotMapContainer
Jan 10, 2019 6:26:14 PM org.evosuite.runtime.instrumentation.EvoClassLoader instrumentClass
INFO: Instrumenting class 'org.mozilla.javascript.SlotMapContainer'.
Jan 10, 2019 6:26:14 PM org.evosuite.runtime.instrumentation.MethodCallReplacementClassAdapter visit
INFO: Adding mock interface to class org/mozilla/javascript/SlotMapContainer
Jan 10, 2019 6:26:14 PM org.evosuite.runtime.instrumentation.CreateClassResetClassAdapter createEmptyStaticReset
INFO: Creating brand-new static initializer in class org/mozilla/javascript/SlotMapContainer
Jan 10, 2019 6:26:14 PM org.evosuite.runtime.instrumentation.CreateClassResetClassAdapter createEmptyStaticReset
INFO: Adding bytecode for initializing field LARGE_HASH_SIZE
Jan 10, 2019 6:26:14 PM org.evosuite.runtime.instrumentation.EvoClassLoader loadClass
INFO: Seeing class for first time: org.mozilla.javascript.SlotMap
Jan 10, 2019 6:26:14 PM org.evosuite.runtime.instrumentation.EvoClassLoader instrumentClass
INFO: Instrumenting class 'org.mozilla.javascript.SlotMap'.
Jan 10, 2019 6:26:14 PM org.evosuite.runtime.instrumentation.EvoClassLoader instrumentClass
INFO: Keeping class: org.mozilla.javascript.SlotMap
Jan 10, 2019 6:26:14 PM org.evosuite.runtime.instrumentation.EvoClassLoader instrumentClass
INFO: Keeping class: org.mozilla.javascript.SlotMapContainer
Jan 10, 2019 6:26:14 PM org.evosuite.runtime.instrumentation.EvoClassLoader loadClass
INFO: Seeing class for first time: org.mozilla.javascript.ThreadSafeSlotMapContainer
Jan 10, 2019 6:26:14 PM org.evosuite.runtime.instrumentation.EvoClassLoader instrumentClass
INFO: Instrumenting class 'org.mozilla.javascript.ThreadSafeSlotMapContainer'.
Jan 10, 2019 6:26:14 PM org.evosuite.runtime.instrumentation.MethodCallReplacementClassAdapter visit
INFO: Adding mock interface to class org/mozilla/javascript/ThreadSafeSlotMapContainer
Jan 10, 2019 6:26:14 PM org.evosuite.runtime.instrumentation.CreateClassResetClassAdapter visitMethod
INFO: Found static initializer in class org/mozilla/javascript/ThreadSafeSlotMapContainer
Jan 10, 2019 6:26:14 PM org.evosuite.runtime.instrumentation.EvoClassLoader instrumentClass
INFO: Keeping class: org.mozilla.javascript.ThreadSafeSlotMapContainer
Jan 10, 2019 6:26:14 PM org.evosuite.runtime.instrumentation.EvoClassLoader loadClass
INFO: Seeing class for first time: org.mozilla.javascript.EcmaError
Jan 10, 2019 6:26:14 PM org.evosuite.runtime.instrumentation.EvoClassLoader instrumentClass
INFO: Instrumenting class 'org.mozilla.javascript.EcmaError'.
Jan 10, 2019 6:26:14 PM org.evosuite.runtime.instrumentation.MethodCallReplacementClassAdapter visit
INFO: Adding mock interface to class org/mozilla/javascript/EcmaError
Jan 10, 2019 6:26:14 PM org.evosuite.runtime.instrumentation.CreateClassResetClassAdapter createEmptyStaticReset
INFO: Creating brand-new static initializer in class org/mozilla/javascript/EcmaError
Jan 10, 2019 6:26:14 PM org.evosuite.runtime.instrumentation.EvoClassLoader instrumentClass
INFO: Keeping class: org.mozilla.javascript.EcmaError
Jan 10, 2019 6:26:14 PM org.evosuite.runtime.instrumentation.EvoClassLoader loadClass
INFO: Seeing class for first time: org.mozilla.javascript.NativeObject
Jan 10, 2019 6:26:14 PM org.evosuite.runtime.instrumentation.EvoClassLoader instrumentClass
INFO: Instrumenting class 'org.mozilla.javascript.NativeObject'.
Jan 10, 2019 6:26:14 PM org.evosuite.runtime.instrumentation.MethodCallReplacementClassAdapter visit
INFO: Adding mock interface to class org/mozilla/javascript/NativeObject
Jan 10, 2019 6:26:14 PM org.evosuite.runtime.instrumentation.CreateClassResetClassAdapter visitMethod
INFO: Found static initializer in class org/mozilla/javascript/NativeObject
Jan 10, 2019 6:26:14 PM org.evosuite.runtime.instrumentation.EvoClassLoader instrumentClass
INFO: Keeping class: org.mozilla.javascript.NativeObject
Jan 10, 2019 6:26:14 PM org.evosuite.runtime.instrumentation.EvoClassLoader loadClass
INFO: Seeing class for first time: org.mozilla.javascript.BaseFunction
Jan 10, 2019 6:26:14 PM org.evosuite.runtime.instrumentation.EvoClassLoader instrumentClass
INFO: Instrumenting class 'org.mozilla.javascript.BaseFunction'.
Jan 10, 2019 6:26:14 PM org.evosuite.runtime.instrumentation.MethodCallReplacementClassAdapter visit
INFO: Adding mock interface to class org/mozilla/javascript/BaseFunction
Jan 10, 2019 6:26:14 PM org.evosuite.runtime.instrumentation.CreateClassResetClassAdapter visitMethod
INFO: Found static initializer in class org/mozilla/javascript/BaseFunction
Jan 10, 2019 6:26:15 PM org.evosuite.runtime.instrumentation.EvoClassLoader loadClass
INFO: Seeing class for first time: org.mozilla.javascript.Function
Jan 10, 2019 6:26:15 PM org.evosuite.runtime.instrumentation.EvoClassLoader instrumentClass
INFO: Instrumenting class 'org.mozilla.javascript.Function'.
Jan 10, 2019 6:26:15 PM org.evosuite.runtime.instrumentation.EvoClassLoader loadClass
INFO: Seeing class for first time: org.mozilla.javascript.Callable
Jan 10, 2019 6:26:15 PM org.evosuite.runtime.instrumentation.EvoClassLoader instrumentClass
INFO: Instrumenting class 'org.mozilla.javascript.Callable'.
Jan 10, 2019 6:26:15 PM org.evosuite.runtime.instrumentation.EvoClassLoader instrumentClass
INFO: Keeping class: org.mozilla.javascript.Callable
Jan 10, 2019 6:26:15 PM org.evosuite.runtime.instrumentation.EvoClassLoader instrumentClass
INFO: Keeping class: org.mozilla.javascript.Function
Jan 10, 2019 6:26:15 PM org.evosuite.runtime.instrumentation.EvoClassLoader instrumentClass
INFO: Keeping class: org.mozilla.javascript.BaseFunction
Jan 10, 2019 6:26:15 PM org.evosuite.runtime.instrumentation.EvoClassLoader loadClass
INFO: Seeing class for first time: org.mozilla.javascript.FunctionObject
Jan 10, 2019 6:26:15 PM org.evosuite.runtime.instrumentation.EvoClassLoader instrumentClass
INFO: Instrumenting class 'org.mozilla.javascript.FunctionObject'.
Jan 10, 2019 6:26:15 PM org.evosuite.runtime.instrumentation.MethodCallReplacementClassAdapter visit
INFO: Adding mock interface to class org/mozilla/javascript/FunctionObject
Jan 10, 2019 6:26:15 PM org.evosuite.runtime.instrumentation.CreateClassResetClassAdapter createEmptyStaticReset
INFO: Creating brand-new static initializer in class org/mozilla/javascript/FunctionObject
Jan 10, 2019 6:26:15 PM org.evosuite.runtime.instrumentation.CreateClassResetClassAdapter createEmptyStaticReset
INFO: Adding bytecode for initializing field VARARGS_METHOD
Jan 10, 2019 6:26:15 PM org.evosuite.runtime.instrumentation.CreateClassResetClassAdapter createEmptyStaticReset
INFO: Adding bytecode for initializing field VARARGS_CTOR
Jan 10, 2019 6:26:15 PM org.evosuite.runtime.instrumentation.CreateClassResetClassAdapter createEmptyStaticReset
INFO: Adding bytecode for initializing field sawSecurityException
Jan 10, 2019 6:26:15 PM org.evosuite.runtime.instrumentation.CreateClassResetClassAdapter createEmptyStaticReset
INFO: Adding bytecode for initializing field JAVA_UNSUPPORTED_TYPE
Jan 10, 2019 6:26:15 PM org.evosuite.runtime.instrumentation.CreateClassResetClassAdapter createEmptyStaticReset
INFO: Adding bytecode for initializing field JAVA_STRING_TYPE
Jan 10, 2019 6:26:15 PM org.evosuite.runtime.instrumentation.CreateClassResetClassAdapter createEmptyStaticReset
INFO: Adding bytecode for initializing field JAVA_INT_TYPE
Jan 10, 2019 6:26:15 PM org.evosuite.runtime.instrumentation.CreateClassResetClassAdapter createEmptyStaticReset
INFO: Adding bytecode for initializing field JAVA_BOOLEAN_TYPE
Jan 10, 2019 6:26:15 PM org.evosuite.runtime.instrumentation.CreateClassResetClassAdapter createEmptyStaticReset
INFO: Adding bytecode for initializing field JAVA_DOUBLE_TYPE
Jan 10, 2019 6:26:15 PM org.evosuite.runtime.instrumentation.CreateClassResetClassAdapter createEmptyStaticReset
INFO: Adding bytecode for initializing field JAVA_SCRIPTABLE_TYPE
Jan 10, 2019 6:26:15 PM org.evosuite.runtime.instrumentation.CreateClassResetClassAdapter createEmptyStaticReset
INFO: Adding bytecode for initializing field JAVA_OBJECT_TYPE
Jan 10, 2019 6:26:15 PM org.evosuite.runtime.instrumentation.EvoClassLoader instrumentClass
INFO: Keeping class: org.mozilla.javascript.FunctionObject
Jan 10, 2019 6:26:15 PM org.evosuite.runtime.instrumentation.EvoClassLoader loadClass
INFO: Seeing class for first time: org.mozilla.javascript.JavaScriptException
Jan 10, 2019 6:26:15 PM org.evosuite.runtime.instrumentation.EvoClassLoader instrumentClass
INFO: Instrumenting class 'org.mozilla.javascript.JavaScriptException'.
Jan 10, 2019 6:26:15 PM org.evosuite.runtime.instrumentation.MethodCallReplacementClassAdapter visit
INFO: Adding mock interface to class org/mozilla/javascript/JavaScriptException
Jan 10, 2019 6:26:15 PM org.evosuite.runtime.instrumentation.CreateClassResetClassAdapter createEmptyStaticReset
INFO: Creating brand-new static initializer in class org/mozilla/javascript/JavaScriptException
Jan 10, 2019 6:26:15 PM org.evosuite.runtime.instrumentation.EvoClassLoader instrumentClass
INFO: Keeping class: org.mozilla.javascript.JavaScriptException
Jan 10, 2019 6:26:15 PM org.evosuite.runtime.instrumentation.EvoClassLoader loadClass
INFO: Seeing class for first time: org.mozilla.javascript.IdFunctionObject
Jan 10, 2019 6:26:15 PM org.evosuite.runtime.instrumentation.EvoClassLoader instrumentClass
INFO: Instrumenting class 'org.mozilla.javascript.IdFunctionObject'.
Jan 10, 2019 6:26:15 PM org.evosuite.runtime.instrumentation.MethodCallReplacementClassAdapter visit
INFO: Adding mock interface to class org/mozilla/javascript/IdFunctionObject
Jan 10, 2019 6:26:15 PM org.evosuite.runtime.instrumentation.CreateClassResetClassAdapter createEmptyStaticReset
INFO: Creating brand-new static initializer in class org/mozilla/javascript/IdFunctionObject
Jan 10, 2019 6:26:15 PM org.evosuite.runtime.instrumentation.EvoClassLoader instrumentClass
INFO: Keeping class: org.mozilla.javascript.IdFunctionObject
Jan 10, 2019 6:26:15 PM org.evosuite.runtime.instrumentation.EvoClassLoader loadClass
INFO: Seeing class for first time: org.mozilla.javascript.IdFunctionObjectES6
Jan 10, 2019 6:26:15 PM org.evosuite.runtime.instrumentation.EvoClassLoader instrumentClass
INFO: Instrumenting class 'org.mozilla.javascript.IdFunctionObjectES6'.
Jan 10, 2019 6:26:15 PM org.evosuite.runtime.instrumentation.MethodCallReplacementClassAdapter visit
INFO: Adding mock interface to class org/mozilla/javascript/IdFunctionObjectES6
Jan 10, 2019 6:26:15 PM org.evosuite.runtime.instrumentation.CreateClassResetClassAdapter createEmptyStaticReset
INFO: Creating brand-new static initializer in class org/mozilla/javascript/IdFunctionObjectES6
Jan 10, 2019 6:26:15 PM org.evosuite.runtime.instrumentation.CreateClassResetClassAdapter createEmptyStaticReset
INFO: Adding bytecode for initializing field Id_length
Jan 10, 2019 6:26:15 PM org.evosuite.runtime.instrumentation.CreateClassResetClassAdapter createEmptyStaticReset
INFO: Adding bytecode for initializing field Id_name
Jan 10, 2019 6:26:15 PM org.evosuite.runtime.instrumentation.EvoClassLoader instrumentClass
INFO: Keeping class: org.mozilla.javascript.IdFunctionObjectES6
Jan 10, 2019 6:26:15 PM org.evosuite.runtime.instrumentation.EvoClassLoader loadClass
INFO: Seeing class for first time: org.mozilla.javascript.Symbol
Jan 10, 2019 6:26:15 PM org.evosuite.runtime.instrumentation.EvoClassLoader instrumentClass
INFO: Instrumenting class 'org.mozilla.javascript.Symbol'.
Jan 10, 2019 6:26:15 PM org.evosuite.runtime.instrumentation.EvoClassLoader instrumentClass
INFO: Keeping class: org.mozilla.javascript.Symbol
Jan 10, 2019 6:26:15 PM org.evosuite.runtime.instrumentation.EvoClassLoader loadClass
INFO: Seeing class for first time: org.mozilla.javascript.Context
Jan 10, 2019 6:26:15 PM org.evosuite.runtime.instrumentation.EvoClassLoader instrumentClass
INFO: Instrumenting class 'org.mozilla.javascript.Context'.
Jan 10, 2019 6:26:15 PM org.evosuite.runtime.instrumentation.MethodCallReplacementClassAdapter visit
INFO: Adding mock interface to class org/mozilla/javascript/Context
Jan 10, 2019 6:26:15 PM org.evosuite.runtime.instrumentation.CreateClassResetClassAdapter visitMethod
INFO: Found static initializer in class org/mozilla/javascript/Context
Jan 10, 2019 6:26:15 PM org.evosuite.runtime.instrumentation.EvoClassLoader instrumentClass
INFO: Keeping class: org.mozilla.javascript.Context
Jan 10, 2019 6:26:15 PM org.evosuite.runtime.instrumentation.EvoClassLoader loadClass
INFO: Seeing class for first time: org.mozilla.javascript.ExternalArrayData
Jan 10, 2019 6:26:15 PM org.evosuite.runtime.instrumentation.EvoClassLoader instrumentClass
INFO: Instrumenting class 'org.mozilla.javascript.ExternalArrayData'.
Jan 10, 2019 6:26:15 PM org.evosuite.runtime.instrumentation.EvoClassLoader instrumentClass
INFO: Keeping class: org.mozilla.javascript.ExternalArrayData
Jan 10, 2019 6:26:15 PM org.evosuite.runtime.instrumentation.EvoClassLoader loadClass
INFO: Seeing class for first time: org.mozilla.javascript.ScriptableObject$KeyComparator
Jan 10, 2019 6:26:15 PM org.evosuite.runtime.instrumentation.EvoClassLoader instrumentClass
INFO: Instrumenting class 'org.mozilla.javascript.ScriptableObject$KeyComparator'.
Jan 10, 2019 6:26:15 PM org.evosuite.runtime.instrumentation.MethodCallReplacementClassAdapter visit
INFO: Adding mock interface to class org/mozilla/javascript/ScriptableObject$KeyComparator
Jan 10, 2019 6:26:15 PM org.evosuite.runtime.instrumentation.CreateClassResetClassAdapter createEmptyStaticReset
INFO: Creating brand-new static initializer in class org/mozilla/javascript/ScriptableObject$KeyComparator
Jan 10, 2019 6:26:15 PM org.evosuite.runtime.instrumentation.EvoClassLoader instrumentClass
INFO: Keeping class: org.mozilla.javascript.ScriptableObject$KeyComparator
Jan 10, 2019 6:26:15 PM org.evosuite.runtime.instrumentation.EvoClassLoader loadClass
INFO: Seeing class for first time: org.mozilla.javascript.ast.ScriptNode
Jan 10, 2019 6:26:15 PM org.evosuite.runtime.instrumentation.EvoClassLoader instrumentClass
INFO: Instrumenting class 'org.mozilla.javascript.ast.ScriptNode'.
Jan 10, 2019 6:26:15 PM org.evosuite.runtime.instrumentation.MethodCallReplacementClassAdapter visit
INFO: Adding mock interface to class org/mozilla/javascript/ast/ScriptNode
Jan 10, 2019 6:26:15 PM org.evosuite.runtime.instrumentation.CreateClassResetClassAdapter createEmptyStaticReset
INFO: Creating brand-new static initializer in class org/mozilla/javascript/ast/ScriptNode
Jan 10, 2019 6:26:15 PM org.evosuite.runtime.instrumentation.EvoClassLoader createPackageDefinition
INFO: Defined package (3): package org.mozilla.javascript.ast, 473528713
Jan 10, 2019 6:26:15 PM org.evosuite.runtime.instrumentation.EvoClassLoader loadClass
INFO: Seeing class for first time: org.mozilla.javascript.ast.Scope
Jan 10, 2019 6:26:15 PM org.evosuite.runtime.instrumentation.EvoClassLoader instrumentClass
INFO: Instrumenting class 'org.mozilla.javascript.ast.Scope'.
Jan 10, 2019 6:26:15 PM org.evosuite.runtime.instrumentation.MethodCallReplacementClassAdapter visit
INFO: Adding mock interface to class org/mozilla/javascript/ast/Scope
Jan 10, 2019 6:26:15 PM org.evosuite.runtime.instrumentation.CreateClassResetClassAdapter createEmptyStaticReset
INFO: Creating brand-new static initializer in class org/mozilla/javascript/ast/Scope
Jan 10, 2019 6:26:15 PM org.evosuite.runtime.instrumentation.EvoClassLoader loadClass
INFO: Seeing class for first time: org.mozilla.javascript.ast.Jump
Jan 10, 2019 6:26:15 PM org.evosuite.runtime.instrumentation.EvoClassLoader instrumentClass
INFO: Instrumenting class 'org.mozilla.javascript.ast.Jump'.
Jan 10, 2019 6:26:15 PM org.evosuite.runtime.instrumentation.MethodCallReplacementClassAdapter visit
INFO: Adding mock interface to class org/mozilla/javascript/ast/Jump
Jan 10, 2019 6:26:15 PM org.evosuite.runtime.instrumentation.CreateClassResetClassAdapter createEmptyStaticReset
INFO: Creating brand-new static initializer in class org/mozilla/javascript/ast/Jump
Jan 10, 2019 6:26:15 PM org.evosuite.runtime.instrumentation.EvoClassLoader loadClass
INFO: Seeing class for first time: org.mozilla.javascript.ast.AstNode
Jan 10, 2019 6:26:15 PM org.evosuite.runtime.instrumentation.EvoClassLoader instrumentClass
INFO: Instrumenting class 'org.mozilla.javascript.ast.AstNode'.
Jan 10, 2019 6:26:15 PM org.evosuite.runtime.instrumentation.MethodCallReplacementClassAdapter visit
INFO: Adding mock interface to class org/mozilla/javascript/ast/AstNode
Jan 10, 2019 6:26:15 PM org.evosuite.runtime.instrumentation.CreateClassResetClassAdapter visitMethod
INFO: Found static initializer in class org/mozilla/javascript/ast/AstNode
Jan 10, 2019 6:26:15 PM org.evosuite.runtime.instrumentation.EvoClassLoader loadClass
INFO: Seeing class for first time: org.mozilla.javascript.Node
Jan 10, 2019 6:26:15 PM org.evosuite.runtime.instrumentation.EvoClassLoader instrumentClass
INFO: Instrumenting class 'org.mozilla.javascript.Node'.
Jan 10, 2019 6:26:15 PM org.evosuite.runtime.instrumentation.MethodCallReplacementClassAdapter visit
INFO: Adding mock interface to class org/mozilla/javascript/Node
Jan 10, 2019 6:26:15 PM org.evosuite.runtime.instrumentation.CreateClassResetClassAdapter visitMethod
INFO: Found static initializer in class org/mozilla/javascript/Node
Jan 10, 2019 6:26:15 PM org.evosuite.runtime.instrumentation.EvoClassLoader instrumentClass
INFO: Keeping class: org.mozilla.javascript.Node
Jan 10, 2019 6:26:15 PM org.evosuite.runtime.instrumentation.EvoClassLoader instrumentClass
INFO: Keeping class: org.mozilla.javascript.ast.AstNode
Jan 10, 2019 6:26:15 PM org.evosuite.runtime.instrumentation.EvoClassLoader instrumentClass
INFO: Keeping class: org.mozilla.javascript.ast.Jump
Jan 10, 2019 6:26:15 PM org.evosuite.runtime.instrumentation.EvoClassLoader instrumentClass
INFO: Keeping class: org.mozilla.javascript.ast.Scope
Jan 10, 2019 6:26:15 PM org.evosuite.runtime.instrumentation.EvoClassLoader instrumentClass
INFO: Keeping class: org.mozilla.javascript.ast.ScriptNode
Jan 10, 2019 6:26:15 PM org.evosuite.runtime.instrumentation.EvoClassLoader loadClass
INFO: Seeing class for first time: org.mozilla.javascript.ast.NumberLiteral
Jan 10, 2019 6:26:15 PM org.evosuite.runtime.instrumentation.EvoClassLoader instrumentClass
INFO: Instrumenting class 'org.mozilla.javascript.ast.NumberLiteral'.
Jan 10, 2019 6:26:15 PM org.evosuite.runtime.instrumentation.MethodCallReplacementClassAdapter visit
INFO: Adding mock interface to class org/mozilla/javascript/ast/NumberLiteral
Jan 10, 2019 6:26:15 PM org.evosuite.runtime.instrumentation.CreateClassResetClassAdapter createEmptyStaticReset
INFO: Creating brand-new static initializer in class org/mozilla/javascript/ast/NumberLiteral
Jan 10, 2019 6:26:15 PM org.evosuite.runtime.instrumentation.EvoClassLoader instrumentClass
INFO: Keeping class: org.mozilla.javascript.ast.NumberLiteral
Jan 10, 2019 6:26:15 PM org.evosuite.runtime.instrumentation.EvoClassLoader loadClass
INFO: Seeing class for first time: org.mozilla.javascript.ast.Name
Jan 10, 2019 6:26:15 PM org.evosuite.runtime.instrumentation.EvoClassLoader instrumentClass
INFO: Instrumenting class 'org.mozilla.javascript.ast.Name'.
Jan 10, 2019 6:26:15 PM org.evosuite.runtime.instrumentation.MethodCallReplacementClassAdapter visit
INFO: Adding mock interface to class org/mozilla/javascript/ast/Name
Jan 10, 2019 6:26:15 PM org.evosuite.runtime.instrumentation.CreateClassResetClassAdapter createEmptyStaticReset
INFO: Creating brand-new static initializer in class org/mozilla/javascript/ast/Name
Jan 10, 2019 6:26:15 PM org.evosuite.runtime.instrumentation.EvoClassLoader instrumentClass
INFO: Keeping class: org.mozilla.javascript.ast.Name
Jan 10, 2019 6:26:15 PM org.evosuite.runtime.instrumentation.EvoClassLoader loadClass
INFO: Seeing class for first time: org.mozilla.javascript.ast.NodeVisitor
Jan 10, 2019 6:26:15 PM org.evosuite.runtime.instrumentation.EvoClassLoader instrumentClass
INFO: Instrumenting class 'org.mozilla.javascript.ast.NodeVisitor'.
Jan 10, 2019 6:26:15 PM org.evosuite.runtime.instrumentation.EvoClassLoader instrumentClass
INFO: Keeping class: org.mozilla.javascript.ast.NodeVisitor
Jan 10, 2019 6:26:15 PM org.evosuite.runtime.instrumentation.EvoClassLoader loadClass
INFO: Seeing class for first time: org.mozilla.javascript.typedarrays.NativeFloat32Array
Jan 10, 2019 6:26:15 PM org.evosuite.runtime.instrumentation.EvoClassLoader instrumentClass
INFO: Instrumenting class 'org.mozilla.javascript.typedarrays.NativeFloat32Array'.
Jan 10, 2019 6:26:15 PM org.evosuite.runtime.instrumentation.MethodCallReplacementClassAdapter visit
INFO: Adding mock interface to class org/mozilla/javascript/typedarrays/NativeFloat32Array
Jan 10, 2019 6:26:15 PM org.evosuite.runtime.instrumentation.CreateClassResetClassAdapter createEmptyStaticReset
INFO: Creating brand-new static initializer in class org/mozilla/javascript/typedarrays/NativeFloat32Array
Jan 10, 2019 6:26:15 PM org.evosuite.runtime.instrumentation.CreateClassResetClassAdapter createEmptyStaticReset
INFO: Adding bytecode for initializing field CLASS_NAME
Jan 10, 2019 6:26:15 PM org.evosuite.runtime.instrumentation.CreateClassResetClassAdapter createEmptyStaticReset
INFO: Adding bytecode for initializing field BYTES_PER_ELEMENT
Jan 10, 2019 6:26:15 PM org.evosuite.runtime.instrumentation.EvoClassLoader createPackageDefinition
INFO: Defined package (3): package org.mozilla.javascript.typedarrays, 1270333995
Jan 10, 2019 6:26:15 PM org.evosuite.runtime.instrumentation.EvoClassLoader loadClass
INFO: Seeing class for first time: org.mozilla.javascript.typedarrays.NativeTypedArrayView
Jan 10, 2019 6:26:15 PM org.evosuite.runtime.instrumentation.EvoClassLoader instrumentClass
INFO: Instrumenting class 'org.mozilla.javascript.typedarrays.NativeTypedArrayView'.
Jan 10, 2019 6:26:15 PM org.evosuite.runtime.instrumentation.MethodCallReplacementClassAdapter visit
INFO: Adding mock interface to class org/mozilla/javascript/typedarrays/NativeTypedArrayView
Jan 10, 2019 6:26:15 PM org.evosuite.runtime.instrumentation.CreateClassResetClassAdapter createEmptyStaticReset
INFO: Creating brand-new static initializer in class org/mozilla/javascript/typedarrays/NativeTypedArrayView
Jan 10, 2019 6:26:15 PM org.evosuite.runtime.instrumentation.CreateClassResetClassAdapter createEmptyStaticReset
INFO: Adding bytecode for initializing field Id_constructor
Jan 10, 2019 6:26:15 PM org.evosuite.runtime.instrumentation.CreateClassResetClassAdapter createEmptyStaticReset
INFO: Adding bytecode for initializing field Id_get
Jan 10, 2019 6:26:15 PM org.evosuite.runtime.instrumentation.CreateClassResetClassAdapter createEmptyStaticReset
INFO: Adding bytecode for initializing field Id_set
Jan 10, 2019 6:26:15 PM org.evosuite.runtime.instrumentation.CreateClassResetClassAdapter createEmptyStaticReset
INFO: Adding bytecode for initializing field Id_subarray
Jan 10, 2019 6:26:15 PM org.evosuite.runtime.instrumentation.CreateClassResetClassAdapter createEmptyStaticReset
INFO: Adding bytecode for initializing field SymbolId_iterator
Jan 10, 2019 6:26:15 PM org.evosuite.runtime.instrumentation.CreateClassResetClassAdapter createEmptyStaticReset
INFO: Adding bytecode for initializing field MAX_PROTOTYPE_ID
Jan 10, 2019 6:26:15 PM org.evosuite.runtime.instrumentation.CreateClassResetClassAdapter createEmptyStaticReset
INFO: Adding bytecode for initializing field Id_length
Jan 10, 2019 6:26:15 PM org.evosuite.runtime.instrumentation.CreateClassResetClassAdapter createEmptyStaticReset
INFO: Adding bytecode for initializing field Id_BYTES_PER_ELEMENT
Jan 10, 2019 6:26:15 PM org.evosuite.runtime.instrumentation.CreateClassResetClassAdapter createEmptyStaticReset
INFO: Adding bytecode for initializing field MAX_INSTANCE_ID
Jan 10, 2019 6:26:15 PM org.evosuite.runtime.instrumentation.EvoClassLoader loadClass
INFO: Seeing class for first time: org.mozilla.javascript.typedarrays.NativeArrayBufferView
Jan 10, 2019 6:26:15 PM org.evosuite.runtime.instrumentation.EvoClassLoader instrumentClass
INFO: Instrumenting class 'org.mozilla.javascript.typedarrays.NativeArrayBufferView'.
Jan 10, 2019 6:26:15 PM org.evosuite.runtime.instrumentation.MethodCallReplacementClassAdapter visit
INFO: Adding mock interface to class org/mozilla/javascript/typedarrays/NativeArrayBufferView
Jan 10, 2019 6:26:15 PM org.evosuite.runtime.instrumentation.CreateClassResetClassAdapter createEmptyStaticReset
INFO: Creating brand-new static initializer in class org/mozilla/javascript/typedarrays/NativeArrayBufferView
Jan 10, 2019 6:26:15 PM org.evosuite.runtime.instrumentation.CreateClassResetClassAdapter createEmptyStaticReset
INFO: Adding bytecode for initializing field Id_buffer
Jan 10, 2019 6:26:15 PM org.evosuite.runtime.instrumentation.CreateClassResetClassAdapter createEmptyStaticReset
INFO: Adding bytecode for initializing field Id_byteOffset
Jan 10, 2019 6:26:15 PM org.evosuite.runtime.instrumentation.CreateClassResetClassAdapter createEmptyStaticReset
INFO: Adding bytecode for initializing field Id_byteLength
Jan 10, 2019 6:26:15 PM org.evosuite.runtime.instrumentation.CreateClassResetClassAdapter createEmptyStaticReset
INFO: Adding bytecode for initializing field MAX_INSTANCE_ID
Jan 10, 2019 6:26:15 PM org.evosuite.runtime.instrumentation.EvoClassLoader instrumentClass
INFO: Keeping class: org.mozilla.javascript.typedarrays.NativeArrayBufferView
Jan 10, 2019 6:26:15 PM org.evosuite.runtime.instrumentation.EvoClassLoader instrumentClass
INFO: Keeping class: org.mozilla.javascript.typedarrays.NativeTypedArrayView
Jan 10, 2019 6:26:15 PM org.evosuite.runtime.instrumentation.EvoClassLoader instrumentClass
INFO: Keeping class: org.mozilla.javascript.typedarrays.NativeFloat32Array
Jan 10, 2019 6:26:15 PM org.evosuite.runtime.instrumentation.EvoClassLoader loadClass
INFO: Seeing class for first time: org.mozilla.javascript.UniqueTag
Jan 10, 2019 6:26:15 PM org.evosuite.runtime.instrumentation.EvoClassLoader instrumentClass
INFO: Instrumenting class 'org.mozilla.javascript.UniqueTag'.
Jan 10, 2019 6:26:15 PM org.evosuite.runtime.instrumentation.MethodCallReplacementClassAdapter visit
INFO: Adding mock interface to class org/mozilla/javascript/UniqueTag
Jan 10, 2019 6:26:15 PM org.evosuite.runtime.instrumentation.CreateClassResetClassAdapter visitMethod
INFO: Found static initializer in class org/mozilla/javascript/UniqueTag
Jan 10, 2019 6:26:15 PM org.evosuite.runtime.instrumentation.EvoClassLoader instrumentClass
INFO: Keeping class: org.mozilla.javascript.UniqueTag
Jan 10, 2019 6:26:15 PM org.evosuite.runtime.instrumentation.EvoClassLoader loadClass
INFO: Seeing class for first time: org.mozilla.javascript.tools.debugger.FileTextArea
Jan 10, 2019 6:26:15 PM org.evosuite.runtime.instrumentation.EvoClassLoader instrumentClass
INFO: Instrumenting class 'org.mozilla.javascript.tools.debugger.FileTextArea'.
Jan 10, 2019 6:26:15 PM org.evosuite.runtime.instrumentation.MethodCallReplacementClassAdapter visit
INFO: Adding mock interface to class org/mozilla/javascript/tools/debugger/FileTextArea
Jan 10, 2019 6:26:15 PM org.evosuite.runtime.instrumentation.CreateClassResetClassAdapter createEmptyStaticReset
INFO: Creating brand-new static initializer in class org/mozilla/javascript/tools/debugger/FileTextArea
Jan 10, 2019 6:26:15 PM org.evosuite.runtime.instrumentation.EvoClassLoader createPackageDefinition
INFO: Defined package (3): package org.mozilla.javascript.tools.debugger, -2134890131
Jan 10, 2019 6:26:15 PM org.evosuite.runtime.instrumentation.EvoClassLoader instrumentClass
INFO: Keeping class: org.mozilla.javascript.tools.debugger.FileTextArea
Jan 10, 2019 6:26:15 PM org.evosuite.runtime.instrumentation.EvoClassLoader loadClass
INFO: Seeing class for first time: org.mozilla.javascript.debug.Debugger
Jan 10, 2019 6:26:15 PM org.evosuite.runtime.instrumentation.EvoClassLoader instrumentClass
INFO: Instrumenting class 'org.mozilla.javascript.debug.Debugger'.
Jan 10, 2019 6:26:15 PM org.evosuite.runtime.instrumentation.EvoClassLoader instrumentClass
INFO: Keeping class: org.mozilla.javascript.debug.Debugger
Jan 10, 2019 6:26:15 PM org.evosuite.runtime.instrumentation.EvoClassLoader loadClass
INFO: Seeing class for first time: org.mozilla.javascript.Context$ClassShutterSetter
Jan 10, 2019 6:26:15 PM org.evosuite.runtime.instrumentation.EvoClassLoader instrumentClass
INFO: Instrumenting class 'org.mozilla.javascript.Context$ClassShutterSetter'.
Jan 10, 2019 6:26:15 PM org.evosuite.runtime.instrumentation.EvoClassLoader instrumentClass
INFO: Keeping class: org.mozilla.javascript.Context$ClassShutterSetter
Jan 10, 2019 6:26:15 PM org.evosuite.runtime.instrumentation.EvoClassLoader loadClass
INFO: Seeing class for first time: org.mozilla.classfile.ConstantPool
Jan 10, 2019 6:26:15 PM org.evosuite.runtime.instrumentation.EvoClassLoader instrumentClass
INFO: Instrumenting class 'org.mozilla.classfile.ConstantPool'.
Jan 10, 2019 6:26:15 PM org.evosuite.runtime.instrumentation.MethodCallReplacementClassAdapter visit
INFO: Adding mock interface to class org/mozilla/classfile/ConstantPool
Jan 10, 2019 6:26:15 PM org.evosuite.runtime.instrumentation.CreateClassResetClassAdapter createEmptyStaticReset
INFO: Creating brand-new static initializer in class org/mozilla/classfile/ConstantPool
Jan 10, 2019 6:26:15 PM org.evosuite.runtime.instrumentation.CreateClassResetClassAdapter createEmptyStaticReset
INFO: Adding bytecode for initializing field ConstantPoolSize
Jan 10, 2019 6:26:15 PM org.evosuite.runtime.instrumentation.CreateClassResetClassAdapter createEmptyStaticReset
INFO: Adding bytecode for initializing field CONSTANT_Class
Jan 10, 2019 6:26:15 PM org.evosuite.runtime.instrumentation.CreateClassResetClassAdapter createEmptyStaticReset
INFO: Adding bytecode for initializing field CONSTANT_Fieldref
Jan 10, 2019 6:26:15 PM org.evosuite.runtime.instrumentation.CreateClassResetClassAdapter createEmptyStaticReset
INFO: Adding bytecode for initializing field CONSTANT_Methodref
Jan 10, 2019 6:26:15 PM org.evosuite.runtime.instrumentation.CreateClassResetClassAdapter createEmptyStaticReset
INFO: Adding bytecode for initializing field CONSTANT_InterfaceMethodref
Jan 10, 2019 6:26:15 PM org.evosuite.runtime.instrumentation.CreateClassResetClassAdapter createEmptyStaticReset
INFO: Adding bytecode for initializing field CONSTANT_String
Jan 10, 2019 6:26:15 PM org.evosuite.runtime.instrumentation.CreateClassResetClassAdapter createEmptyStaticReset
INFO: Adding bytecode for initializing field CONSTANT_Integer
Jan 10, 2019 6:26:15 PM org.evosuite.runtime.instrumentation.CreateClassResetClassAdapter createEmptyStaticReset
INFO: Adding bytecode for initializing field CONSTANT_Float
Jan 10, 2019 6:26:15 PM org.evosuite.runtime.instrumentation.CreateClassResetClassAdapter createEmptyStaticReset
INFO: Adding bytecode for initializing field CONSTANT_Long
Jan 10, 2019 6:26:15 PM org.evosuite.runtime.instrumentation.CreateClassResetClassAdapter createEmptyStaticReset
INFO: Adding bytecode for initializing field CONSTANT_Double
Jan 10, 2019 6:26:15 PM org.evosuite.runtime.instrumentation.CreateClassResetClassAdapter createEmptyStaticReset
INFO: Adding bytecode for initializing field CONSTANT_NameAndType
Jan 10, 2019 6:26:15 PM org.evosuite.runtime.instrumentation.CreateClassResetClassAdapter createEmptyStaticReset
INFO: Adding bytecode for initializing field CONSTANT_Utf8
Jan 10, 2019 6:26:15 PM org.evosuite.runtime.instrumentation.CreateClassResetClassAdapter createEmptyStaticReset
INFO: Adding bytecode for initializing field CONSTANT_MethodType
Jan 10, 2019 6:26:15 PM org.evosuite.runtime.instrumentation.CreateClassResetClassAdapter createEmptyStaticReset
INFO: Adding bytecode for initializing field CONSTANT_MethodHandle
Jan 10, 2019 6:26:15 PM org.evosuite.runtime.instrumentation.CreateClassResetClassAdapter createEmptyStaticReset
INFO: Adding bytecode for initializing field CONSTANT_InvokeDynamic
Jan 10, 2019 6:26:15 PM org.evosuite.runtime.instrumentation.CreateClassResetClassAdapter createEmptyStaticReset
INFO: Adding bytecode for initializing field MAX_UTF_ENCODING_SIZE
Jan 10, 2019 6:26:15 PM org.evosuite.runtime.instrumentation.EvoClassLoader createPackageDefinition
INFO: Defined package (3): package org.mozilla.classfile, 2026480364
Jan 10, 2019 6:26:15 PM org.evosuite.runtime.instrumentation.EvoClassLoader instrumentClass
INFO: Keeping class: org.mozilla.classfile.ConstantPool
Jan 10, 2019 6:26:16 PM org.evosuite.runtime.instrumentation.EvoClassLoader loadClass
INFO: Seeing class for first time: org.mozilla.javascript.RegExpProxy
Jan 10, 2019 6:26:16 PM org.evosuite.runtime.instrumentation.EvoClassLoader instrumentClass
INFO: Instrumenting class 'org.mozilla.javascript.RegExpProxy'.
Jan 10, 2019 6:26:16 PM org.evosuite.runtime.instrumentation.EvoClassLoader instrumentClass
INFO: Keeping class: org.mozilla.javascript.RegExpProxy
Jan 10, 2019 6:26:16 PM org.evosuite.runtime.instrumentation.EvoClassLoader loadClass
INFO: Seeing class for first time: org.mozilla.javascript.xmlimpl.XmlNode$Filter
Jan 10, 2019 6:26:16 PM org.evosuite.runtime.instrumentation.EvoClassLoader instrumentClass
INFO: Instrumenting class 'org.mozilla.javascript.xmlimpl.XmlNode$Filter'.
Jan 10, 2019 6:26:16 PM org.evosuite.runtime.instrumentation.MethodCallReplacementClassAdapter visit
INFO: Adding mock interface to class org/mozilla/javascript/xmlimpl/XmlNode$Filter
Jan 10, 2019 6:26:16 PM org.evosuite.runtime.instrumentation.CreateClassResetClassAdapter visitMethod
INFO: Found static initializer in class org/mozilla/javascript/xmlimpl/XmlNode$Filter
Jan 10, 2019 6:26:16 PM org.evosuite.runtime.instrumentation.EvoClassLoader createPackageDefinition
INFO: Defined package (3): package org.mozilla.javascript.xmlimpl, -1097698754
Jan 10, 2019 6:26:16 PM org.evosuite.runtime.instrumentation.EvoClassLoader instrumentClass
INFO: Keeping class: org.mozilla.javascript.xmlimpl.XmlNode$Filter
Jan 10, 2019 6:26:16 PM org.evosuite.runtime.instrumentation.EvoClassLoader loadClass
INFO: Seeing class for first time: org.mozilla.javascript.xmlimpl.XmlNode$Filter$1
Jan 10, 2019 6:26:16 PM org.evosuite.runtime.instrumentation.EvoClassLoader instrumentClass
INFO: Instrumenting class 'org.mozilla.javascript.xmlimpl.XmlNode$Filter$1'.
Jan 10, 2019 6:26:16 PM org.evosuite.runtime.instrumentation.MethodCallReplacementClassAdapter visit
INFO: Adding mock interface to class org/mozilla/javascript/xmlimpl/XmlNode$Filter$1
Jan 10, 2019 6:26:16 PM org.evosuite.runtime.instrumentation.EvoClassLoader instrumentClass
INFO: Keeping class: org.mozilla.javascript.xmlimpl.XmlNode$Filter$1
Jan 10, 2019 6:26:16 PM org.evosuite.runtime.instrumentation.EvoClassLoader loadClass
INFO: Seeing class for first time: org.mozilla.javascript.xmlimpl.XmlNode$Filter$2
Jan 10, 2019 6:26:16 PM org.evosuite.runtime.instrumentation.EvoClassLoader instrumentClass
INFO: Instrumenting class 'org.mozilla.javascript.xmlimpl.XmlNode$Filter$2'.
Jan 10, 2019 6:26:16 PM org.evosuite.runtime.instrumentation.MethodCallReplacementClassAdapter visit
INFO: Adding mock interface to class org/mozilla/javascript/xmlimpl/XmlNode$Filter$2
Jan 10, 2019 6:26:16 PM org.evosuite.runtime.instrumentation.EvoClassLoader instrumentClass
INFO: Keeping class: org.mozilla.javascript.xmlimpl.XmlNode$Filter$2
Jan 10, 2019 6:26:16 PM org.evosuite.runtime.instrumentation.EvoClassLoader loadClass
INFO: Seeing class for first time: org.mozilla.javascript.xmlimpl.XmlNode$Filter$4
Jan 10, 2019 6:26:16 PM org.evosuite.runtime.instrumentation.EvoClassLoader instrumentClass
INFO: Instrumenting class 'org.mozilla.javascript.xmlimpl.XmlNode$Filter$4'.
Jan 10, 2019 6:26:16 PM org.evosuite.runtime.instrumentation.MethodCallReplacementClassAdapter visit
INFO: Adding mock interface to class org/mozilla/javascript/xmlimpl/XmlNode$Filter$4
Jan 10, 2019 6:26:16 PM org.evosuite.runtime.instrumentation.EvoClassLoader instrumentClass
INFO: Keeping class: org.mozilla.javascript.xmlimpl.XmlNode$Filter$4
Jan 10, 2019 6:26:16 PM org.evosuite.runtime.instrumentation.EvoClassLoader loadClass
INFO: Seeing class for first time: org.mozilla.javascript.xmlimpl.XmlNode$Filter$5
Jan 10, 2019 6:26:16 PM org.evosuite.runtime.instrumentation.EvoClassLoader instrumentClass
INFO: Instrumenting class 'org.mozilla.javascript.xmlimpl.XmlNode$Filter$5'.
Jan 10, 2019 6:26:16 PM org.evosuite.runtime.instrumentation.MethodCallReplacementClassAdapter visit
INFO: Adding mock interface to class org/mozilla/javascript/xmlimpl/XmlNode$Filter$5
Jan 10, 2019 6:26:16 PM org.evosuite.runtime.instrumentation.EvoClassLoader instrumentClass
INFO: Keeping class: org.mozilla.javascript.xmlimpl.XmlNode$Filter$5
Jan 10, 2019 6:26:16 PM org.evosuite.runtime.instrumentation.EvoClassLoader loadClass
INFO: Seeing class for first time: org.mozilla.javascript.xmlimpl.XmlNode$Filter$3
Jan 10, 2019 6:26:16 PM org.evosuite.runtime.instrumentation.EvoClassLoader instrumentClass
INFO: Instrumenting class 'org.mozilla.javascript.xmlimpl.XmlNode$Filter$3'.
Jan 10, 2019 6:26:16 PM org.evosuite.runtime.instrumentation.MethodCallReplacementClassAdapter visit
INFO: Adding mock interface to class org/mozilla/javascript/xmlimpl/XmlNode$Filter$3
Jan 10, 2019 6:26:16 PM org.evosuite.runtime.instrumentation.EvoClassLoader instrumentClass
INFO: Keeping class: org.mozilla.javascript.xmlimpl.XmlNode$Filter$3
Jan 10, 2019 6:26:16 PM org.evosuite.runtime.instrumentation.EvoClassLoader loadClass
INFO: Seeing class for first time: org.mozilla.javascript.NativeWith
Jan 10, 2019 6:26:16 PM org.evosuite.runtime.instrumentation.EvoClassLoader instrumentClass
INFO: Instrumenting class 'org.mozilla.javascript.NativeWith'.
Jan 10, 2019 6:26:16 PM org.evosuite.runtime.instrumentation.MethodCallReplacementClassAdapter visit
INFO: Adding mock interface to class org/mozilla/javascript/NativeWith
Jan 10, 2019 6:26:16 PM org.evosuite.runtime.instrumentation.CreateClassResetClassAdapter visitMethod
INFO: Found static initializer in class org/mozilla/javascript/NativeWith
Jan 10, 2019 6:26:16 PM org.evosuite.runtime.instrumentation.EvoClassLoader instrumentClass
INFO: Keeping class: org.mozilla.javascript.NativeWith
Jan 10, 2019 6:26:16 PM org.evosuite.runtime.instrumentation.EvoClassLoader loadClass
INFO: Seeing class for first time: org.mozilla.javascript.xmlimpl.XMLWithScope
Jan 10, 2019 6:26:16 PM org.evosuite.runtime.instrumentation.EvoClassLoader instrumentClass
INFO: Instrumenting class 'org.mozilla.javascript.xmlimpl.XMLWithScope'.
Jan 10, 2019 6:26:16 PM org.evosuite.runtime.instrumentation.MethodCallReplacementClassAdapter visit
INFO: Adding mock interface to class org/mozilla/javascript/xmlimpl/XMLWithScope
Jan 10, 2019 6:26:16 PM org.evosuite.runtime.instrumentation.CreateClassResetClassAdapter createEmptyStaticReset
INFO: Creating brand-new static initializer in class org/mozilla/javascript/xmlimpl/XMLWithScope
Jan 10, 2019 6:26:16 PM org.evosuite.runtime.instrumentation.EvoClassLoader instrumentClass
INFO: Keeping class: org.mozilla.javascript.xmlimpl.XMLWithScope
Jan 10, 2019 6:26:16 PM org.evosuite.runtime.instrumentation.EvoClassLoader loadClass
INFO: Seeing class for first time: org.mozilla.javascript.tools.debugger.JSInternalConsole
Jan 10, 2019 6:26:16 PM org.evosuite.runtime.instrumentation.EvoClassLoader instrumentClass
INFO: Instrumenting class 'org.mozilla.javascript.tools.debugger.JSInternalConsole'.
Jan 10, 2019 6:26:16 PM org.evosuite.runtime.instrumentation.MethodCallReplacementClassAdapter visit
INFO: Adding mock interface to class org/mozilla/javascript/tools/debugger/JSInternalConsole
Jan 10, 2019 6:26:16 PM org.evosuite.runtime.instrumentation.CreateClassResetClassAdapter createEmptyStaticReset
INFO: Creating brand-new static initializer in class org/mozilla/javascript/tools/debugger/JSInternalConsole
Jan 10, 2019 6:26:16 PM org.evosuite.runtime.instrumentation.EvoClassLoader instrumentClass
INFO: Keeping class: org.mozilla.javascript.tools.debugger.JSInternalConsole
Jan 10, 2019 6:26:16 PM org.evosuite.runtime.instrumentation.EvoClassLoader loadClass
INFO: Seeing class for first time: org.mozilla.javascript.tools.shell.ConsoleTextArea
Jan 10, 2019 6:26:16 PM org.evosuite.runtime.instrumentation.EvoClassLoader instrumentClass
INFO: Instrumenting class 'org.mozilla.javascript.tools.shell.ConsoleTextArea'.
Jan 10, 2019 6:26:16 PM org.evosuite.runtime.instrumentation.MethodCallReplacementClassAdapter visit
INFO: Adding mock interface to class org/mozilla/javascript/tools/shell/ConsoleTextArea
Jan 10, 2019 6:26:16 PM org.evosuite.runtime.instrumentation.CreateClassResetClassAdapter createEmptyStaticReset
INFO: Creating brand-new static initializer in class org/mozilla/javascript/tools/shell/ConsoleTextArea
Jan 10, 2019 6:26:16 PM org.evosuite.runtime.instrumentation.EvoClassLoader createPackageDefinition
INFO: Defined package (3): package org.mozilla.javascript.tools.shell, -969077660
Jan 10, 2019 6:26:16 PM org.evosuite.runtime.instrumentation.EvoClassLoader instrumentClass
INFO: Keeping class: org.mozilla.javascript.tools.shell.ConsoleTextArea
Jan 10, 2019 6:26:16 PM org.evosuite.runtime.instrumentation.EvoClassLoader loadClass
INFO: Seeing class for first time: org.mozilla.javascript.ObjArray
Jan 10, 2019 6:26:16 PM org.evosuite.runtime.instrumentation.EvoClassLoader instrumentClass
INFO: Instrumenting class 'org.mozilla.javascript.ObjArray'.
Jan 10, 2019 6:26:16 PM org.evosuite.runtime.instrumentation.MethodCallReplacementClassAdapter visit
INFO: Adding mock interface to class org/mozilla/javascript/ObjArray
Jan 10, 2019 6:26:16 PM org.evosuite.runtime.instrumentation.CreateClassResetClassAdapter createEmptyStaticReset
INFO: Creating brand-new static initializer in class org/mozilla/javascript/ObjArray
Jan 10, 2019 6:26:16 PM org.evosuite.runtime.instrumentation.CreateClassResetClassAdapter createEmptyStaticReset
INFO: Adding bytecode for initializing field FIELDS_STORE_SIZE
Jan 10, 2019 6:26:16 PM org.evosuite.runtime.instrumentation.EvoClassLoader instrumentClass
INFO: Keeping class: org.mozilla.javascript.ObjArray
Jan 10, 2019 6:26:16 PM org.evosuite.runtime.instrumentation.EvoClassLoader loadClass
INFO: Seeing class for first time: org.mozilla.javascript.SymbolKey
Jan 10, 2019 6:26:16 PM org.evosuite.runtime.instrumentation.EvoClassLoader instrumentClass
INFO: Instrumenting class 'org.mozilla.javascript.SymbolKey'.
Jan 10, 2019 6:26:16 PM org.evosuite.runtime.instrumentation.MethodCallReplacementClassAdapter visit
INFO: Adding mock interface to class org/mozilla/javascript/SymbolKey
Jan 10, 2019 6:26:16 PM org.evosuite.runtime.instrumentation.CreateClassResetClassAdapter visitMethod
INFO: Found static initializer in class org/mozilla/javascript/SymbolKey
Jan 10, 2019 6:26:16 PM org.evosuite.runtime.instrumentation.EvoClassLoader instrumentClass
INFO: Keeping class: org.mozilla.javascript.SymbolKey
Jan 10, 2019 6:26:16 PM org.evosuite.runtime.instrumentation.EvoClassLoader loadClass
INFO: Seeing class for first time: org.mozilla.javascript.tools.debugger.treetable.JTreeTable$TreeTableCellRenderer
Jan 10, 2019 6:26:16 PM org.evosuite.runtime.instrumentation.EvoClassLoader instrumentClass
INFO: Instrumenting class 'org.mozilla.javascript.tools.debugger.treetable.JTreeTable$TreeTableCellRenderer'.
Jan 10, 2019 6:26:16 PM org.evosuite.runtime.instrumentation.MethodCallReplacementClassAdapter visit
INFO: Adding mock interface to class org/mozilla/javascript/tools/debugger/treetable/JTreeTable$TreeTableCellRenderer
Jan 10, 2019 6:26:16 PM org.evosuite.runtime.instrumentation.CreateClassResetClassAdapter createEmptyStaticReset
INFO: Creating brand-new static initializer in class org/mozilla/javascript/tools/debugger/treetable/JTreeTable$TreeTableCellRenderer
Jan 10, 2019 6:26:16 PM org.evosuite.runtime.instrumentation.EvoClassLoader createPackageDefinition
INFO: Defined package (3): package org.mozilla.javascript.tools.debugger.treetable, 2130359215
Jan 10, 2019 6:26:16 PM org.evosuite.runtime.instrumentation.EvoClassLoader instrumentClass
INFO: Keeping class: org.mozilla.javascript.tools.debugger.treetable.JTreeTable$TreeTableCellRenderer
Jan 10, 2019 6:26:16 PM org.evosuite.runtime.instrumentation.EvoClassLoader loadClass
INFO: Seeing class for first time: org.mozilla.javascript.StackStyle
Jan 10, 2019 6:26:16 PM org.evosuite.runtime.instrumentation.EvoClassLoader instrumentClass
INFO: Instrumenting class 'org.mozilla.javascript.StackStyle'.
Jan 10, 2019 6:26:16 PM org.evosuite.runtime.instrumentation.MethodCallReplacementClassAdapter visit
INFO: Adding mock interface to class org/mozilla/javascript/StackStyle
Jan 10, 2019 6:26:16 PM org.evosuite.runtime.instrumentation.CreateClassResetClassAdapter visitMethod
INFO: Found static initializer in class org/mozilla/javascript/StackStyle
Jan 10, 2019 6:26:16 PM org.evosuite.runtime.instrumentation.EvoClassLoader instrumentClass
INFO: Keeping class: org.mozilla.javascript.StackStyle
Jan 10, 2019 6:26:16 PM org.evosuite.runtime.instrumentation.EvoClassLoader loadClass
INFO: Seeing class for first time: org.mozilla.javascript.ast.RegExpLiteral
Jan 10, 2019 6:26:16 PM org.evosuite.runtime.instrumentation.EvoClassLoader instrumentClass
INFO: Instrumenting class 'org.mozilla.javascript.ast.RegExpLiteral'.
Jan 10, 2019 6:26:16 PM org.evosuite.runtime.instrumentation.MethodCallReplacementClassAdapter visit
INFO: Adding mock interface to class org/mozilla/javascript/ast/RegExpLiteral
Jan 10, 2019 6:26:16 PM org.evosuite.runtime.instrumentation.CreateClassResetClassAdapter createEmptyStaticReset
INFO: Creating brand-new static initializer in class org/mozilla/javascript/ast/RegExpLiteral
Jan 10, 2019 6:26:16 PM org.evosuite.runtime.instrumentation.EvoClassLoader instrumentClass
INFO: Keeping class: org.mozilla.javascript.ast.RegExpLiteral
Jan 10, 2019 6:26:16 PM org.evosuite.runtime.instrumentation.EvoClassLoader loadClass
INFO: Seeing class for first time: org.mozilla.javascript.NativeJavaPackage
Jan 10, 2019 6:26:16 PM org.evosuite.runtime.instrumentation.EvoClassLoader instrumentClass
INFO: Instrumenting class 'org.mozilla.javascript.NativeJavaPackage'.
Jan 10, 2019 6:26:16 PM org.evosuite.runtime.instrumentation.MethodCallReplacementClassAdapter visit
INFO: Adding mock interface to class org/mozilla/javascript/NativeJavaPackage
Jan 10, 2019 6:26:16 PM org.evosuite.runtime.instrumentation.CreateClassResetClassAdapter createEmptyStaticReset
INFO: Creating brand-new static initializer in class org/mozilla/javascript/NativeJavaPackage
Jan 10, 2019 6:26:16 PM org.evosuite.runtime.instrumentation.EvoClassLoader instrumentClass
INFO: Keeping class: org.mozilla.javascript.NativeJavaPackage
Jan 10, 2019 6:26:16 PM org.evosuite.runtime.instrumentation.EvoClassLoader loadClass
INFO: Seeing class for first time: org.mozilla.javascript.NativeFunction
Jan 10, 2019 6:26:16 PM org.evosuite.runtime.instrumentation.EvoClassLoader instrumentClass
INFO: Instrumenting class 'org.mozilla.javascript.NativeFunction'.
Jan 10, 2019 6:26:16 PM org.evosuite.runtime.instrumentation.MethodCallReplacementClassAdapter visit
INFO: Adding mock interface to class org/mozilla/javascript/NativeFunction
Jan 10, 2019 6:26:16 PM org.evosuite.runtime.instrumentation.CreateClassResetClassAdapter createEmptyStaticReset
INFO: Creating brand-new static initializer in class org/mozilla/javascript/NativeFunction
Jan 10, 2019 6:26:16 PM org.evosuite.runtime.instrumentation.EvoClassLoader instrumentClass
INFO: Keeping class: org.mozilla.javascript.NativeFunction
Jan 10, 2019 6:26:16 PM org.evosuite.runtime.instrumentation.EvoClassLoader loadClass
INFO: Seeing class for first time: org.mozilla.javascript.xmlimpl.XMLLibImpl
Jan 10, 2019 6:26:16 PM org.evosuite.runtime.instrumentation.EvoClassLoader instrumentClass
INFO: Instrumenting class 'org.mozilla.javascript.xmlimpl.XMLLibImpl'.
Jan 10, 2019 6:26:16 PM org.evosuite.runtime.instrumentation.MethodCallReplacementClassAdapter visit
INFO: Adding mock interface to class org/mozilla/javascript/xmlimpl/XMLLibImpl
Jan 10, 2019 6:26:16 PM org.evosuite.runtime.instrumentation.CreateClassResetClassAdapter createEmptyStaticReset
INFO: Creating brand-new static initializer in class org/mozilla/javascript/xmlimpl/XMLLibImpl
Jan 10, 2019 6:26:16 PM org.evosuite.runtime.instrumentation.EvoClassLoader loadClass
INFO: Seeing class for first time: org.mozilla.javascript.xml.XMLLib
Jan 10, 2019 6:26:16 PM org.evosuite.runtime.instrumentation.EvoClassLoader instrumentClass
INFO: Instrumenting class 'org.mozilla.javascript.xml.XMLLib'.
Jan 10, 2019 6:26:16 PM org.evosuite.runtime.instrumentation.MethodCallReplacementClassAdapter visit
INFO: Adding mock interface to class org/mozilla/javascript/xml/XMLLib
Jan 10, 2019 6:26:16 PM org.evosuite.runtime.instrumentation.CreateClassResetClassAdapter visitMethod
INFO: Found static initializer in class org/mozilla/javascript/xml/XMLLib
Jan 10, 2019 6:26:16 PM org.evosuite.runtime.instrumentation.EvoClassLoader createPackageDefinition
INFO: Defined package (3): package org.mozilla.javascript.xml, 473550622
Jan 10, 2019 6:26:16 PM org.evosuite.runtime.instrumentation.EvoClassLoader instrumentClass
INFO: Keeping class: org.mozilla.javascript.xml.XMLLib
Jan 10, 2019 6:26:16 PM org.evosuite.runtime.instrumentation.EvoClassLoader instrumentClass
INFO: Keeping class: org.mozilla.javascript.xmlimpl.XMLLibImpl
Jan 10, 2019 6:26:16 PM org.evosuite.runtime.instrumentation.EvoClassLoader loadClass
INFO: Seeing class for first time: org.mozilla.javascript.xml.XMLObject
Jan 10, 2019 6:26:16 PM org.evosuite.runtime.instrumentation.EvoClassLoader instrumentClass
INFO: Instrumenting class 'org.mozilla.javascript.xml.XMLObject'.
Jan 10, 2019 6:26:16 PM org.evosuite.runtime.instrumentation.MethodCallReplacementClassAdapter visit
INFO: Adding mock interface to class org/mozilla/javascript/xml/XMLObject
Jan 10, 2019 6:26:16 PM org.evosuite.runtime.instrumentation.CreateClassResetClassAdapter createEmptyStaticReset
INFO: Creating brand-new static initializer in class org/mozilla/javascript/xml/XMLObject
Jan 10, 2019 6:26:16 PM org.evosuite.runtime.instrumentation.EvoClassLoader instrumentClass
INFO: Keeping class: org.mozilla.javascript.xml.XMLObject
Jan 10, 2019 6:26:16 PM org.evosuite.runtime.instrumentation.EvoClassLoader loadClass
INFO: Seeing class for first time: org.mozilla.javascript.xmlimpl.XMLList
Jan 10, 2019 6:26:16 PM org.evosuite.runtime.instrumentation.EvoClassLoader instrumentClass
INFO: Instrumenting class 'org.mozilla.javascript.xmlimpl.XMLList'.
Jan 10, 2019 6:26:16 PM org.evosuite.runtime.instrumentation.MethodCallReplacementClassAdapter visit
INFO: Adding mock interface to class org/mozilla/javascript/xmlimpl/XMLList
Jan 10, 2019 6:26:16 PM org.evosuite.runtime.instrumentation.CreateClassResetClassAdapter createEmptyStaticReset
INFO: Creating brand-new static initializer in class org/mozilla/javascript/xmlimpl/XMLList
Jan 10, 2019 6:26:16 PM org.evosuite.runtime.instrumentation.EvoClassLoader loadClass
INFO: Seeing class for first time: org.mozilla.javascript.xmlimpl.XMLObjectImpl
Jan 10, 2019 6:26:16 PM org.evosuite.runtime.instrumentation.EvoClassLoader instrumentClass
INFO: Instrumenting class 'org.mozilla.javascript.xmlimpl.XMLObjectImpl'.
Jan 10, 2019 6:26:16 PM org.evosuite.runtime.instrumentation.MethodCallReplacementClassAdapter visit
INFO: Adding mock interface to class org/mozilla/javascript/xmlimpl/XMLObjectImpl
Jan 10, 2019 6:26:16 PM org.evosuite.runtime.instrumentation.CreateClassResetClassAdapter visitMethod
INFO: Found static initializer in class org/mozilla/javascript/xmlimpl/XMLObjectImpl
Jan 10, 2019 6:26:16 PM org.evosuite.runtime.instrumentation.EvoClassLoader instrumentClass
INFO: Keeping class: org.mozilla.javascript.xmlimpl.XMLObjectImpl
Jan 10, 2019 6:26:16 PM org.evosuite.runtime.instrumentation.EvoClassLoader instrumentClass
INFO: Keeping class: org.mozilla.javascript.xmlimpl.XMLList
Jan 10, 2019 6:26:16 PM org.evosuite.runtime.instrumentation.EvoClassLoader loadClass
INFO: Seeing class for first time: org.mozilla.javascript.Ref
Jan 10, 2019 6:26:16 PM org.evosuite.runtime.instrumentation.EvoClassLoader instrumentClass
INFO: Instrumenting class 'org.mozilla.javascript.Ref'.
Jan 10, 2019 6:26:16 PM org.evosuite.runtime.instrumentation.MethodCallReplacementClassAdapter visit
INFO: Adding mock interface to class org/mozilla/javascript/Ref
Jan 10, 2019 6:26:16 PM org.evosuite.runtime.instrumentation.CreateClassResetClassAdapter createEmptyStaticReset
INFO: Creating brand-new static initializer in class org/mozilla/javascript/Ref
Jan 10, 2019 6:26:16 PM org.evosuite.runtime.instrumentation.EvoClassLoader instrumentClass
INFO: Keeping class: org.mozilla.javascript.Ref
Jan 10, 2019 6:26:16 PM org.evosuite.runtime.instrumentation.EvoClassLoader loadClass
INFO: Seeing class for first time: org.mozilla.javascript.xmlimpl.XMLName
Jan 10, 2019 6:26:16 PM org.evosuite.runtime.instrumentation.EvoClassLoader instrumentClass
INFO: Instrumenting class 'org.mozilla.javascript.xmlimpl.XMLName'.
Jan 10, 2019 6:26:16 PM org.evosuite.runtime.instrumentation.MethodCallReplacementClassAdapter visit
INFO: Adding mock interface to class org/mozilla/javascript/xmlimpl/XMLName
Jan 10, 2019 6:26:16 PM org.evosuite.runtime.instrumentation.CreateClassResetClassAdapter createEmptyStaticReset
INFO: Creating brand-new static initializer in class org/mozilla/javascript/xmlimpl/XMLName
Jan 10, 2019 6:26:16 PM org.evosuite.runtime.instrumentation.EvoClassLoader instrumentClass
INFO: Keeping class: org.mozilla.javascript.xmlimpl.XMLName
Jan 10, 2019 6:26:16 PM org.evosuite.runtime.instrumentation.EvoClassLoader loadClass
INFO: Seeing class for first time: org.mozilla.javascript.xmlimpl.XML
Jan 10, 2019 6:26:16 PM org.evosuite.runtime.instrumentation.EvoClassLoader instrumentClass
INFO: Instrumenting class 'org.mozilla.javascript.xmlimpl.XML'.
Jan 10, 2019 6:26:16 PM org.evosuite.runtime.instrumentation.MethodCallReplacementClassAdapter visit
INFO: Adding mock interface to class org/mozilla/javascript/xmlimpl/XML
Jan 10, 2019 6:26:16 PM org.evosuite.runtime.instrumentation.CreateClassResetClassAdapter createEmptyStaticReset
INFO: Creating brand-new static initializer in class org/mozilla/javascript/xmlimpl/XML
Jan 10, 2019 6:26:16 PM org.evosuite.runtime.instrumentation.EvoClassLoader instrumentClass
INFO: Keeping class: org.mozilla.javascript.xmlimpl.XML
Jan 10, 2019 6:26:16 PM org.evosuite.runtime.instrumentation.EvoClassLoader loadClass
INFO: Seeing class for first time: org.mozilla.javascript.NativeString
Jan 10, 2019 6:26:16 PM org.evosuite.runtime.instrumentation.EvoClassLoader instrumentClass
INFO: Instrumenting class 'org.mozilla.javascript.NativeString'.
Jan 10, 2019 6:26:16 PM org.evosuite.runtime.instrumentation.MethodCallReplacementClassAdapter visit
INFO: Adding mock interface to class org/mozilla/javascript/NativeString
Jan 10, 2019 6:26:16 PM org.evosuite.runtime.instrumentation.CreateClassResetClassAdapter visitMethod
INFO: Found static initializer in class org/mozilla/javascript/NativeString
Jan 10, 2019 6:26:16 PM org.evosuite.runtime.instrumentation.EvoClassLoader instrumentClass
INFO: Keeping class: org.mozilla.javascript.NativeString
Jan 10, 2019 6:26:16 PM org.evosuite.runtime.instrumentation.EvoClassLoader loadClass
INFO: Seeing class for first time: org.mozilla.javascript.typedarrays.NativeArrayBuffer
Jan 10, 2019 6:26:16 PM org.evosuite.runtime.instrumentation.EvoClassLoader instrumentClass
INFO: Instrumenting class 'org.mozilla.javascript.typedarrays.NativeArrayBuffer'.
Jan 10, 2019 6:26:16 PM org.evosuite.runtime.instrumentation.MethodCallReplacementClassAdapter visit
INFO: Adding mock interface to class org/mozilla/javascript/typedarrays/NativeArrayBuffer
Jan 10, 2019 6:26:16 PM org.evosuite.runtime.instrumentation.CreateClassResetClassAdapter visitMethod
INFO: Found static initializer in class org/mozilla/javascript/typedarrays/NativeArrayBuffer
Jan 10, 2019 6:26:16 PM org.evosuite.runtime.instrumentation.EvoClassLoader instrumentClass
INFO: Keeping class: org.mozilla.javascript.typedarrays.NativeArrayBuffer
Jan 10, 2019 6:26:16 PM org.evosuite.runtime.instrumentation.EvoClassLoader loadClass
INFO: Seeing class for first time: org.mozilla.javascript.ContextFactory$Listener
Jan 10, 2019 6:26:16 PM org.evosuite.runtime.instrumentation.EvoClassLoader instrumentClass
INFO: Instrumenting class 'org.mozilla.javascript.ContextFactory$Listener'.
Jan 10, 2019 6:26:16 PM org.evosuite.runtime.instrumentation.EvoClassLoader instrumentClass
INFO: Keeping class: org.mozilla.javascript.ContextFactory$Listener
Jan 10, 2019 6:26:16 PM org.evosuite.runtime.instrumentation.EvoClassLoader loadClass
INFO: Seeing class for first time: org.mozilla.javascript.ErrorReporter
Jan 10, 2019 6:26:16 PM org.evosuite.runtime.instrumentation.EvoClassLoader instrumentClass
INFO: Instrumenting class 'org.mozilla.javascript.ErrorReporter'.
Jan 10, 2019 6:26:16 PM org.evosuite.runtime.instrumentation.EvoClassLoader instrumentClass
INFO: Keeping class: org.mozilla.javascript.ErrorReporter
Jan 10, 2019 6:26:16 PM org.evosuite.runtime.instrumentation.EvoClassLoader loadClass
INFO: Seeing class for first time: org.mozilla.javascript.WrappedException
Jan 10, 2019 6:26:17 PM org.evosuite.runtime.instrumentation.EvoClassLoader instrumentClass
INFO: Instrumenting class 'org.mozilla.javascript.WrappedException'.
Jan 10, 2019 6:26:17 PM org.evosuite.runtime.instrumentation.MethodCallReplacementClassAdapter visit
INFO: Adding mock interface to class org/mozilla/javascript/WrappedException
Jan 10, 2019 6:26:17 PM org.evosuite.runtime.instrumentation.CreateClassResetClassAdapter createEmptyStaticReset
INFO: Creating brand-new static initializer in class org/mozilla/javascript/WrappedException
Jan 10, 2019 6:26:17 PM org.evosuite.runtime.instrumentation.EvoClassLoader instrumentClass
INFO: Keeping class: org.mozilla.javascript.WrappedException
Jan 10, 2019 6:26:17 PM org.evosuite.runtime.instrumentation.EvoClassLoader loadClass
INFO: Seeing class for first time: org.mozilla.javascript.ContextAction
Jan 10, 2019 6:26:17 PM org.evosuite.runtime.instrumentation.EvoClassLoader instrumentClass
INFO: Instrumenting class 'org.mozilla.javascript.ContextAction'.
Jan 10, 2019 6:26:17 PM org.evosuite.runtime.instrumentation.EvoClassLoader instrumentClass
INFO: Keeping class: org.mozilla.javascript.ContextAction
Jan 10, 2019 6:26:17 PM org.evosuite.runtime.instrumentation.EvoClassLoader loadClass
INFO: Seeing class for first time: org.mozilla.javascript.NativeArray
Jan 10, 2019 6:26:17 PM org.evosuite.runtime.instrumentation.EvoClassLoader instrumentClass
INFO: Instrumenting class 'org.mozilla.javascript.NativeArray'.
Jan 10, 2019 6:26:17 PM org.evosuite.runtime.instrumentation.MethodCallReplacementClassAdapter visit
INFO: Adding mock interface to class org/mozilla/javascript/NativeArray
Jan 10, 2019 6:26:17 PM org.evosuite.runtime.instrumentation.CreateClassResetClassAdapter visitMethod
INFO: Found static initializer in class org/mozilla/javascript/NativeArray
Jan 10, 2019 6:26:17 PM org.evosuite.runtime.instrumentation.EvoClassLoader instrumentClass
INFO: Keeping class: org.mozilla.javascript.NativeArray
Jan 10, 2019 6:26:17 PM org.evosuite.runtime.instrumentation.EvoClassLoader loadClass
INFO: Seeing class for first time: org.mozilla.javascript.ScriptRuntime
Jan 10, 2019 6:26:17 PM org.evosuite.runtime.instrumentation.EvoClassLoader instrumentClass
INFO: Instrumenting class 'org.mozilla.javascript.ScriptRuntime'.
Jan 10, 2019 6:26:17 PM org.evosuite.runtime.instrumentation.MethodCallReplacementClassAdapter visit
INFO: Adding mock interface to class org/mozilla/javascript/ScriptRuntime
Jan 10, 2019 6:26:17 PM org.evosuite.runtime.instrumentation.CreateClassResetClassAdapter visitMethod
INFO: Found static initializer in class org/mozilla/javascript/ScriptRuntime
Jan 10, 2019 6:26:17 PM org.evosuite.runtime.instrumentation.EvoClassLoader instrumentClass
INFO: Keeping class: org.mozilla.javascript.ScriptRuntime
Jan 10, 2019 6:26:17 PM org.evosuite.runtime.instrumentation.EvoClassLoader loadClass
INFO: Seeing class for first time: org.mozilla.javascript.ImporterTopLevel
Jan 10, 2019 6:26:17 PM org.evosuite.runtime.instrumentation.EvoClassLoader instrumentClass
INFO: Instrumenting class 'org.mozilla.javascript.ImporterTopLevel'.
Jan 10, 2019 6:26:17 PM org.evosuite.runtime.instrumentation.MethodCallReplacementClassAdapter visit
INFO: Adding mock interface to class org/mozilla/javascript/ImporterTopLevel
Jan 10, 2019 6:26:17 PM org.evosuite.runtime.instrumentation.CreateClassResetClassAdapter visitMethod
INFO: Found static initializer in class org/mozilla/javascript/ImporterTopLevel
Jan 10, 2019 6:26:17 PM org.evosuite.runtime.instrumentation.EvoClassLoader loadClass
INFO: Seeing class for first time: org.mozilla.javascript.TopLevel
Jan 10, 2019 6:26:17 PM org.evosuite.runtime.instrumentation.EvoClassLoader instrumentClass
INFO: Instrumenting class 'org.mozilla.javascript.TopLevel'.
Jan 10, 2019 6:26:17 PM org.evosuite.runtime.instrumentation.MethodCallReplacementClassAdapter visit
INFO: Adding mock interface to class org/mozilla/javascript/TopLevel
Jan 10, 2019 6:26:17 PM org.evosuite.runtime.instrumentation.CreateClassResetClassAdapter visitMethod
INFO: Found static initializer in class org/mozilla/javascript/TopLevel
Jan 10, 2019 6:26:17 PM org.evosuite.runtime.instrumentation.EvoClassLoader instrumentClass
INFO: Keeping class: org.mozilla.javascript.TopLevel
Jan 10, 2019 6:26:17 PM org.evosuite.runtime.instrumentation.EvoClassLoader instrumentClass
INFO: Keeping class: org.mozilla.javascript.ImporterTopLevel
Jan 10, 2019 6:26:17 PM org.evosuite.runtime.instrumentation.EvoClassLoader loadClass
INFO: Seeing class for first time: org.mozilla.javascript.ScriptRuntime$MessageProvider
Jan 10, 2019 6:26:17 PM org.evosuite.runtime.instrumentation.EvoClassLoader instrumentClass
INFO: Instrumenting class 'org.mozilla.javascript.ScriptRuntime$MessageProvider'.
Jan 10, 2019 6:26:17 PM org.evosuite.runtime.instrumentation.EvoClassLoader instrumentClass
INFO: Keeping class: org.mozilla.javascript.ScriptRuntime$MessageProvider
Jan 10, 2019 6:26:17 PM org.evosuite.runtime.instrumentation.EvoClassLoader loadClass
INFO: Seeing class for first time: org.mozilla.javascript.ScriptRuntime$1
Jan 10, 2019 6:26:17 PM org.evosuite.runtime.instrumentation.EvoClassLoader instrumentClass
INFO: Instrumenting class 'org.mozilla.javascript.ScriptRuntime$1'.
Jan 10, 2019 6:26:17 PM org.evosuite.runtime.instrumentation.MethodCallReplacementClassAdapter visit
INFO: Adding mock interface to class org/mozilla/javascript/ScriptRuntime$1
Jan 10, 2019 6:26:17 PM org.evosuite.runtime.instrumentation.EvoClassLoader instrumentClass
INFO: Keeping class: org.mozilla.javascript.ScriptRuntime$1
Jan 10, 2019 6:26:17 PM org.evosuite.runtime.instrumentation.EvoClassLoader loadClass
INFO: Seeing class for first time: org.mozilla.javascript.NativeSymbol
Jan 10, 2019 6:26:17 PM org.evosuite.runtime.instrumentation.EvoClassLoader instrumentClass
INFO: Instrumenting class 'org.mozilla.javascript.NativeSymbol'.
Jan 10, 2019 6:26:17 PM org.evosuite.runtime.instrumentation.MethodCallReplacementClassAdapter visit
INFO: Adding mock interface to class org/mozilla/javascript/NativeSymbol
Jan 10, 2019 6:26:17 PM org.evosuite.runtime.instrumentation.CreateClassResetClassAdapter visitMethod
INFO: Found static initializer in class org/mozilla/javascript/NativeSymbol
Jan 10, 2019 6:26:17 PM org.evosuite.runtime.instrumentation.EvoClassLoader instrumentClass
INFO: Keeping class: org.mozilla.javascript.NativeSymbol
Jan 10, 2019 6:26:17 PM org.evosuite.runtime.instrumentation.EvoClassLoader loadClass
INFO: Seeing class for first time: org.mozilla.javascript.NativeNumber
Jan 10, 2019 6:26:17 PM org.evosuite.runtime.instrumentation.EvoClassLoader instrumentClass
INFO: Instrumenting class 'org.mozilla.javascript.NativeNumber'.
Jan 10, 2019 6:26:17 PM org.evosuite.runtime.instrumentation.MethodCallReplacementClassAdapter visit
INFO: Adding mock interface to class org/mozilla/javascript/NativeNumber
Jan 10, 2019 6:26:17 PM org.evosuite.runtime.instrumentation.CreateClassResetClassAdapter visitMethod
INFO: Found static initializer in class org/mozilla/javascript/NativeNumber
Jan 10, 2019 6:26:17 PM org.evosuite.runtime.instrumentation.EvoClassLoader instrumentClass
INFO: Keeping class: org.mozilla.javascript.NativeNumber
Jan 10, 2019 6:26:17 PM org.evosuite.runtime.instrumentation.EvoClassLoader loadClass
INFO: Seeing class for first time: org.mozilla.javascript.Kit
Jan 10, 2019 6:26:17 PM org.evosuite.runtime.instrumentation.EvoClassLoader instrumentClass
INFO: Instrumenting class 'org.mozilla.javascript.Kit'.
Jan 10, 2019 6:26:17 PM org.evosuite.runtime.instrumentation.MethodCallReplacementClassAdapter visit
INFO: Adding mock interface to class org/mozilla/javascript/Kit
Jan 10, 2019 6:26:17 PM org.evosuite.runtime.instrumentation.CreateClassResetClassAdapter visitMethod
INFO: Found static initializer in class org/mozilla/javascript/Kit
Jan 10, 2019 6:26:17 PM org.evosuite.runtime.instrumentation.EvoClassLoader instrumentClass
INFO: Keeping class: org.mozilla.javascript.Kit
Jan 10, 2019 6:26:17 PM org.evosuite.runtime.instrumentation.EvoClassLoader loadClass
INFO: Seeing class for first time: org.mozilla.javascript.ContextFactory
Jan 10, 2019 6:26:17 PM org.evosuite.runtime.instrumentation.EvoClassLoader instrumentClass
INFO: Instrumenting class 'org.mozilla.javascript.ContextFactory'.
Jan 10, 2019 6:26:17 PM org.evosuite.runtime.instrumentation.MethodCallReplacementClassAdapter visit
INFO: Adding mock interface to class org/mozilla/javascript/ContextFactory
Jan 10, 2019 6:26:17 PM org.evosuite.runtime.instrumentation.CreateClassResetClassAdapter visitMethod
INFO: Found static initializer in class org/mozilla/javascript/ContextFactory
Jan 10, 2019 6:26:17 PM org.evosuite.runtime.instrumentation.EvoClassLoader instrumentClass
INFO: Keeping class: org.mozilla.javascript.ContextFactory
Jan 10, 2019 6:26:17 PM org.evosuite.runtime.instrumentation.EvoClassLoader loadClass
INFO: Seeing class for first time: org.mozilla.javascript.ContextFactory$GlobalSetter
Jan 10, 2019 6:26:17 PM org.evosuite.runtime.instrumentation.EvoClassLoader instrumentClass
INFO: Instrumenting class 'org.mozilla.javascript.ContextFactory$GlobalSetter'.
Jan 10, 2019 6:26:17 PM org.evosuite.runtime.instrumentation.EvoClassLoader instrumentClass
INFO: Keeping class: org.mozilla.javascript.ContextFactory$GlobalSetter
Jan 10, 2019 6:26:17 PM org.evosuite.runtime.instrumentation.EvoClassLoader loadClass
INFO: Seeing class for first time: org.mozilla.javascript.ScriptRuntime$DefaultMessageProvider
Jan 10, 2019 6:26:17 PM org.evosuite.runtime.instrumentation.EvoClassLoader instrumentClass
INFO: Instrumenting class 'org.mozilla.javascript.ScriptRuntime$DefaultMessageProvider'.
Jan 10, 2019 6:26:17 PM org.evosuite.runtime.instrumentation.MethodCallReplacementClassAdapter visit
INFO: Adding mock interface to class org/mozilla/javascript/ScriptRuntime$DefaultMessageProvider
Jan 10, 2019 6:26:17 PM org.evosuite.runtime.instrumentation.CreateClassResetClassAdapter createEmptyStaticReset
INFO: Creating brand-new static initializer in class org/mozilla/javascript/ScriptRuntime$DefaultMessageProvider
Jan 10, 2019 6:26:17 PM org.evosuite.runtime.instrumentation.EvoClassLoader instrumentClass
INFO: Keeping class: org.mozilla.javascript.ScriptRuntime$DefaultMessageProvider
Jan 10, 2019 6:26:17 PM org.evosuite.runtime.instrumentation.EvoClassLoader loadClass
INFO: Seeing class for first time: org.mozilla.javascript.optimizer.Codegen
Jan 10, 2019 6:26:17 PM org.evosuite.runtime.instrumentation.EvoClassLoader instrumentClass
INFO: Instrumenting class 'org.mozilla.javascript.optimizer.Codegen'.
Jan 10, 2019 6:26:17 PM org.evosuite.runtime.instrumentation.MethodCallReplacementClassAdapter visit
INFO: Adding mock interface to class org/mozilla/javascript/optimizer/Codegen
Jan 10, 2019 6:26:17 PM org.evosuite.runtime.instrumentation.CreateClassResetClassAdapter visitMethod
INFO: Found static initializer in class org/mozilla/javascript/optimizer/Codegen
Jan 10, 2019 6:26:17 PM org.evosuite.runtime.instrumentation.EvoClassLoader createPackageDefinition
INFO: Defined package (3): package org.mozilla.javascript.optimizer, 204039932
Jan 10, 2019 6:26:17 PM org.evosuite.runtime.instrumentation.EvoClassLoader loadClass
INFO: Seeing class for first time: org.mozilla.javascript.Evaluator
Jan 10, 2019 6:26:17 PM org.evosuite.runtime.instrumentation.EvoClassLoader instrumentClass
INFO: Instrumenting class 'org.mozilla.javascript.Evaluator'.
Jan 10, 2019 6:26:17 PM org.evosuite.runtime.instrumentation.EvoClassLoader instrumentClass
INFO: Keeping class: org.mozilla.javascript.Evaluator
Jan 10, 2019 6:26:17 PM org.evosuite.runtime.instrumentation.EvoClassLoader instrumentClass
INFO: Keeping class: org.mozilla.javascript.optimizer.Codegen
Jan 10, 2019 6:26:17 PM org.evosuite.runtime.instrumentation.EvoClassLoader loadClass
INFO: Seeing class for first time: org.mozilla.classfile.ClassFileWriter$ClassFileFormatException
Jan 10, 2019 6:26:17 PM org.evosuite.runtime.instrumentation.EvoClassLoader instrumentClass
INFO: Instrumenting class 'org.mozilla.classfile.ClassFileWriter$ClassFileFormatException'.
Jan 10, 2019 6:26:17 PM org.evosuite.runtime.instrumentation.MethodCallReplacementClassAdapter visit
INFO: Adding mock interface to class org/mozilla/classfile/ClassFileWriter$ClassFileFormatException
Jan 10, 2019 6:26:17 PM org.evosuite.runtime.instrumentation.CreateClassResetClassAdapter createEmptyStaticReset
INFO: Creating brand-new static initializer in class org/mozilla/classfile/ClassFileWriter$ClassFileFormatException
Jan 10, 2019 6:26:17 PM org.evosuite.runtime.instrumentation.EvoClassLoader instrumentClass
INFO: Keeping class: org.mozilla.classfile.ClassFileWriter$ClassFileFormatException
Jan 10, 2019 6:26:17 PM org.evosuite.runtime.instrumentation.EvoClassLoader loadClass
INFO: Seeing class for first time: org.mozilla.javascript.ast.FunctionNode
Jan 10, 2019 6:26:17 PM org.evosuite.runtime.instrumentation.EvoClassLoader instrumentClass
INFO: Instrumenting class 'org.mozilla.javascript.ast.FunctionNode'.
Jan 10, 2019 6:26:17 PM org.evosuite.runtime.instrumentation.MethodCallReplacementClassAdapter visit
INFO: Adding mock interface to class org/mozilla/javascript/ast/FunctionNode
Jan 10, 2019 6:26:17 PM org.evosuite.runtime.instrumentation.CreateClassResetClassAdapter visitMethod
INFO: Found static initializer in class org/mozilla/javascript/ast/FunctionNode
Jan 10, 2019 6:26:17 PM org.evosuite.runtime.instrumentation.EvoClassLoader instrumentClass
INFO: Keeping class: org.mozilla.javascript.ast.FunctionNode
Jan 10, 2019 6:26:17 PM org.evosuite.runtime.instrumentation.EvoClassLoader loadClass
INFO: Seeing class for first time: org.mozilla.javascript.Interpreter
Jan 10, 2019 6:26:17 PM org.evosuite.runtime.instrumentation.EvoClassLoader instrumentClass
INFO: Instrumenting class 'org.mozilla.javascript.Interpreter'.
Jan 10, 2019 6:26:17 PM org.evosuite.runtime.instrumentation.MethodCallReplacementClassAdapter visit
INFO: Adding mock interface to class org/mozilla/javascript/Interpreter
Jan 10, 2019 6:26:17 PM org.evosuite.runtime.instrumentation.CreateClassResetClassAdapter visitMethod
INFO: Found static initializer in class org/mozilla/javascript/Interpreter
Jan 10, 2019 6:26:17 PM org.evosuite.runtime.instrumentation.EvoClassLoader loadClass
INFO: Seeing class for first time: org.mozilla.javascript.Icode
Jan 10, 2019 6:26:17 PM org.evosuite.runtime.instrumentation.EvoClassLoader instrumentClass
INFO: Instrumenting class 'org.mozilla.javascript.Icode'.
Jan 10, 2019 6:26:17 PM org.evosuite.runtime.instrumentation.MethodCallReplacementClassAdapter visit
INFO: Adding mock interface to class org/mozilla/javascript/Icode
Jan 10, 2019 6:26:17 PM org.evosuite.runtime.instrumentation.CreateClassResetClassAdapter createEmptyStaticReset
INFO: Creating brand-new static initializer in class org/mozilla/javascript/Icode
Jan 10, 2019 6:26:17 PM org.evosuite.runtime.instrumentation.CreateClassResetClassAdapter createEmptyStaticReset
INFO: Adding bytecode for initializing field Icode_DELNAME
Jan 10, 2019 6:26:17 PM org.evosuite.runtime.instrumentation.CreateClassResetClassAdapter createEmptyStaticReset
INFO: Adding bytecode for initializing field Icode_DUP
Jan 10, 2019 6:26:17 PM org.evosuite.runtime.instrumentation.CreateClassResetClassAdapter createEmptyStaticReset
INFO: Adding bytecode for initializing field Icode_DUP2
Jan 10, 2019 6:26:17 PM org.evosuite.runtime.instrumentation.CreateClassResetClassAdapter createEmptyStaticReset
INFO: Adding bytecode for initializing field Icode_SWAP
Jan 10, 2019 6:26:17 PM org.evosuite.runtime.instrumentation.CreateClassResetClassAdapter createEmptyStaticReset
INFO: Adding bytecode for initializing field Icode_POP
Jan 10, 2019 6:26:17 PM org.evosuite.runtime.instrumentation.CreateClassResetClassAdapter createEmptyStaticReset
INFO: Adding bytecode for initializing field Icode_POP_RESULT
Jan 10, 2019 6:26:17 PM org.evosuite.runtime.instrumentation.CreateClassResetClassAdapter createEmptyStaticReset
INFO: Adding bytecode for initializing field Icode_IFEQ_POP
Jan 10, 2019 6:26:17 PM org.evosuite.runtime.instrumentation.CreateClassResetClassAdapter createEmptyStaticReset
INFO: Adding bytecode for initializing field Icode_VAR_INC_DEC
Jan 10, 2019 6:26:17 PM org.evosuite.runtime.instrumentation.CreateClassResetClassAdapter createEmptyStaticReset
INFO: Adding bytecode for initializing field Icode_NAME_INC_DEC
Jan 10, 2019 6:26:17 PM org.evosuite.runtime.instrumentation.CreateClassResetClassAdapter createEmptyStaticReset
INFO: Adding bytecode for initializing field Icode_PROP_INC_DEC
Jan 10, 2019 6:26:17 PM org.evosuite.runtime.instrumentation.CreateClassResetClassAdapter createEmptyStaticReset
INFO: Adding bytecode for initializing field Icode_ELEM_INC_DEC
Jan 10, 2019 6:26:17 PM org.evosuite.runtime.instrumentation.CreateClassResetClassAdapter createEmptyStaticReset
INFO: Adding bytecode for initializing field Icode_REF_INC_DEC
Jan 10, 2019 6:26:17 PM org.evosuite.runtime.instrumentation.CreateClassResetClassAdapter createEmptyStaticReset
INFO: Adding bytecode for initializing field Icode_SCOPE_LOAD
Jan 10, 2019 6:26:17 PM org.evosuite.runtime.instrumentation.CreateClassResetClassAdapter createEmptyStaticReset
INFO: Adding bytecode for initializing field Icode_SCOPE_SAVE
Jan 10, 2019 6:26:17 PM org.evosuite.runtime.instrumentation.CreateClassResetClassAdapter createEmptyStaticReset
INFO: Adding bytecode for initializing field Icode_TYPEOFNAME
Jan 10, 2019 6:26:17 PM org.evosuite.runtime.instrumentation.CreateClassResetClassAdapter createEmptyStaticReset
INFO: Adding bytecode for initializing field Icode_NAME_AND_THIS
Jan 10, 2019 6:26:17 PM org.evosuite.runtime.instrumentation.CreateClassResetClassAdapter createEmptyStaticReset
INFO: Adding bytecode for initializing field Icode_PROP_AND_THIS
Jan 10, 2019 6:26:17 PM org.evosuite.runtime.instrumentation.CreateClassResetClassAdapter createEmptyStaticReset
INFO: Adding bytecode for initializing field Icode_ELEM_AND_THIS
Jan 10, 2019 6:26:17 PM org.evosuite.runtime.instrumentation.CreateClassResetClassAdapter createEmptyStaticReset
INFO: Adding bytecode for initializing field Icode_VALUE_AND_THIS
Jan 10, 2019 6:26:17 PM org.evosuite.runtime.instrumentation.CreateClassResetClassAdapter createEmptyStaticReset
INFO: Adding bytecode for initializing field Icode_CLOSURE_EXPR
Jan 10, 2019 6:26:17 PM org.evosuite.runtime.instrumentation.CreateClassResetClassAdapter createEmptyStaticReset
INFO: Adding bytecode for initializing field Icode_CLOSURE_STMT
Jan 10, 2019 6:26:17 PM org.evosuite.runtime.instrumentation.CreateClassResetClassAdapter createEmptyStaticReset
INFO: Adding bytecode for initializing field Icode_CALLSPECIAL
Jan 10, 2019 6:26:17 PM org.evosuite.runtime.instrumentation.CreateClassResetClassAdapter createEmptyStaticReset
INFO: Adding bytecode for initializing field Icode_RETUNDEF
Jan 10, 2019 6:26:17 PM org.evosuite.runtime.instrumentation.CreateClassResetClassAdapter createEmptyStaticReset
INFO: Adding bytecode for initializing field Icode_GOSUB
Jan 10, 2019 6:26:17 PM org.evosuite.runtime.instrumentation.CreateClassResetClassAdapter createEmptyStaticReset
INFO: Adding bytecode for initializing field Icode_STARTSUB
Jan 10, 2019 6:26:17 PM org.evosuite.runtime.instrumentation.CreateClassResetClassAdapter createEmptyStaticReset
INFO: Adding bytecode for initializing field Icode_RETSUB
Jan 10, 2019 6:26:17 PM org.evosuite.runtime.instrumentation.CreateClassResetClassAdapter createEmptyStaticReset
INFO: Adding bytecode for initializing field Icode_LINE
Jan 10, 2019 6:26:17 PM org.evosuite.runtime.instrumentation.CreateClassResetClassAdapter createEmptyStaticReset
INFO: Adding bytecode for initializing field Icode_SHORTNUMBER
Jan 10, 2019 6:26:17 PM org.evosuite.runtime.instrumentation.CreateClassResetClassAdapter createEmptyStaticReset
INFO: Adding bytecode for initializing field Icode_INTNUMBER
Jan 10, 2019 6:26:17 PM org.evosuite.runtime.instrumentation.CreateClassResetClassAdapter createEmptyStaticReset
INFO: Adding bytecode for initializing field Icode_LITERAL_NEW
Jan 10, 2019 6:26:17 PM org.evosuite.runtime.instrumentation.CreateClassResetClassAdapter createEmptyStaticReset
INFO: Adding bytecode for initializing field Icode_LITERAL_SET
Jan 10, 2019 6:26:17 PM org.evosuite.runtime.instrumentation.CreateClassResetClassAdapter createEmptyStaticReset
INFO: Adding bytecode for initializing field Icode_SPARE_ARRAYLIT
Jan 10, 2019 6:26:17 PM org.evosuite.runtime.instrumentation.CreateClassResetClassAdapter createEmptyStaticReset
INFO: Adding bytecode for initializing field Icode_REG_IND_C0
Jan 10, 2019 6:26:17 PM org.evosuite.runtime.instrumentation.CreateClassResetClassAdapter createEmptyStaticReset
INFO: Adding bytecode for initializing field Icode_REG_IND_C1
Jan 10, 2019 6:26:17 PM org.evosuite.runtime.instrumentation.CreateClassResetClassAdapter createEmptyStaticReset
INFO: Adding bytecode for initializing field Icode_REG_IND_C2
Jan 10, 2019 6:26:17 PM org.evosuite.runtime.instrumentation.CreateClassResetClassAdapter createEmptyStaticReset
INFO: Adding bytecode for initializing field Icode_REG_IND_C3
Jan 10, 2019 6:26:17 PM org.evosuite.runtime.instrumentation.CreateClassResetClassAdapter createEmptyStaticReset
INFO: Adding bytecode for initializing field Icode_REG_IND_C4
Jan 10, 2019 6:26:17 PM org.evosuite.runtime.instrumentation.CreateClassResetClassAdapter createEmptyStaticReset
INFO: Adding bytecode for initializing field Icode_REG_IND_C5
Jan 10, 2019 6:26:17 PM org.evosuite.runtime.instrumentation.CreateClassResetClassAdapter createEmptyStaticReset
INFO: Adding bytecode for initializing field Icode_REG_IND1
Jan 10, 2019 6:26:17 PM org.evosuite.runtime.instrumentation.CreateClassResetClassAdapter createEmptyStaticReset
INFO: Adding bytecode for initializing field Icode_REG_IND2
Jan 10, 2019 6:26:17 PM org.evosuite.runtime.instrumentation.CreateClassResetClassAdapter createEmptyStaticReset
INFO: Adding bytecode for initializing field Icode_REG_IND4
Jan 10, 2019 6:26:17 PM org.evosuite.runtime.instrumentation.CreateClassResetClassAdapter createEmptyStaticReset
INFO: Adding bytecode for initializing field Icode_REG_STR_C0
Jan 10, 2019 6:26:17 PM org.evosuite.runtime.instrumentation.CreateClassResetClassAdapter createEmptyStaticReset
INFO: Adding bytecode for initializing field Icode_REG_STR_C1
Jan 10, 2019 6:26:17 PM org.evosuite.runtime.instrumentation.CreateClassResetClassAdapter createEmptyStaticReset
INFO: Adding bytecode for initializing field Icode_REG_STR_C2
Jan 10, 2019 6:26:17 PM org.evosuite.runtime.instrumentation.CreateClassResetClassAdapter createEmptyStaticReset
INFO: Adding bytecode for initializing field Icode_REG_STR_C3
Jan 10, 2019 6:26:17 PM org.evosuite.runtime.instrumentation.CreateClassResetClassAdapter createEmptyStaticReset
INFO: Adding bytecode for initializing field Icode_REG_STR1
Jan 10, 2019 6:26:17 PM org.evosuite.runtime.instrumentation.CreateClassResetClassAdapter createEmptyStaticReset
INFO: Adding bytecode for initializing field Icode_REG_STR2
Jan 10, 2019 6:26:17 PM org.evosuite.runtime.instrumentation.CreateClassResetClassAdapter createEmptyStaticReset
INFO: Adding bytecode for initializing field Icode_REG_STR4
Jan 10, 2019 6:26:17 PM org.evosuite.runtime.instrumentation.CreateClassResetClassAdapter createEmptyStaticReset
INFO: Adding bytecode for initializing field Icode_GETVAR1
Jan 10, 2019 6:26:17 PM org.evosuite.runtime.instrumentation.CreateClassResetClassAdapter createEmptyStaticReset
INFO: Adding bytecode for initializing field Icode_SETVAR1
Jan 10, 2019 6:26:17 PM org.evosuite.runtime.instrumentation.CreateClassResetClassAdapter createEmptyStaticReset
INFO: Adding bytecode for initializing field Icode_UNDEF
Jan 10, 2019 6:26:17 PM org.evosuite.runtime.instrumentation.CreateClassResetClassAdapter createEmptyStaticReset
INFO: Adding bytecode for initializing field Icode_ZERO
Jan 10, 2019 6:26:17 PM org.evosuite.runtime.instrumentation.CreateClassResetClassAdapter createEmptyStaticReset
INFO: Adding bytecode for initializing field Icode_ONE
Jan 10, 2019 6:26:17 PM org.evosuite.runtime.instrumentation.CreateClassResetClassAdapter createEmptyStaticReset
INFO: Adding bytecode for initializing field Icode_ENTERDQ
Jan 10, 2019 6:26:17 PM org.evosuite.runtime.instrumentation.CreateClassResetClassAdapter createEmptyStaticReset
INFO: Adding bytecode for initializing field Icode_LEAVEDQ
Jan 10, 2019 6:26:17 PM org.evosuite.runtime.instrumentation.CreateClassResetClassAdapter createEmptyStaticReset
INFO: Adding bytecode for initializing field Icode_TAIL_CALL
Jan 10, 2019 6:26:17 PM org.evosuite.runtime.instrumentation.CreateClassResetClassAdapter createEmptyStaticReset
INFO: Adding bytecode for initializing field Icode_LOCAL_CLEAR
Jan 10, 2019 6:26:17 PM org.evosuite.runtime.instrumentation.CreateClassResetClassAdapter createEmptyStaticReset
INFO: Adding bytecode for initializing field Icode_LITERAL_GETTER
Jan 10, 2019 6:26:17 PM org.evosuite.runtime.instrumentation.CreateClassResetClassAdapter createEmptyStaticReset
INFO: Adding bytecode for initializing field Icode_LITERAL_SETTER
Jan 10, 2019 6:26:17 PM org.evosuite.runtime.instrumentation.CreateClassResetClassAdapter createEmptyStaticReset
INFO: Adding bytecode for initializing field Icode_SETCONST
Jan 10, 2019 6:26:17 PM org.evosuite.runtime.instrumentation.CreateClassResetClassAdapter createEmptyStaticReset
INFO: Adding bytecode for initializing field Icode_SETCONSTVAR
Jan 10, 2019 6:26:17 PM org.evosuite.runtime.instrumentation.CreateClassResetClassAdapter createEmptyStaticReset
INFO: Adding bytecode for initializing field Icode_SETCONSTVAR1
Jan 10, 2019 6:26:17 PM org.evosuite.runtime.instrumentation.CreateClassResetClassAdapter createEmptyStaticReset
INFO: Adding bytecode for initializing field Icode_GENERATOR
Jan 10, 2019 6:26:17 PM org.evosuite.runtime.instrumentation.CreateClassResetClassAdapter createEmptyStaticReset
INFO: Adding bytecode for initializing field Icode_GENERATOR_END
Jan 10, 2019 6:26:17 PM org.evosuite.runtime.instrumentation.CreateClassResetClassAdapter createEmptyStaticReset
INFO: Adding bytecode for initializing field Icode_DEBUGGER
Jan 10, 2019 6:26:17 PM org.evosuite.runtime.instrumentation.CreateClassResetClassAdapter createEmptyStaticReset
INFO: Adding bytecode for initializing field MIN_ICODE
Jan 10, 2019 6:26:17 PM org.evosuite.runtime.instrumentation.EvoClassLoader instrumentClass
INFO: Keeping class: org.mozilla.javascript.Icode
Jan 10, 2019 6:26:17 PM org.evosuite.runtime.instrumentation.EvoClassLoader instrumentClass
INFO: Keeping class: org.mozilla.javascript.Interpreter
Jan 10, 2019 6:26:17 PM org.evosuite.runtime.instrumentation.EvoClassLoader loadClass
INFO: Seeing class for first time: org.mozilla.javascript.InterpretedFunction
Jan 10, 2019 6:26:17 PM org.evosuite.runtime.instrumentation.EvoClassLoader instrumentClass
INFO: Instrumenting class 'org.mozilla.javascript.InterpretedFunction'.
Jan 10, 2019 6:26:17 PM org.evosuite.runtime.instrumentation.MethodCallReplacementClassAdapter visit
INFO: Adding mock interface to class org/mozilla/javascript/InterpretedFunction
Jan 10, 2019 6:26:17 PM org.evosuite.runtime.instrumentation.CreateClassResetClassAdapter createEmptyStaticReset
INFO: Creating brand-new static initializer in class org/mozilla/javascript/InterpretedFunction
Jan 10, 2019 6:26:17 PM org.evosuite.runtime.instrumentation.EvoClassLoader loadClass
INFO: Seeing class for first time: org.mozilla.javascript.Script
Jan 10, 2019 6:26:17 PM org.evosuite.runtime.instrumentation.EvoClassLoader instrumentClass
INFO: Instrumenting class 'org.mozilla.javascript.Script'.
Jan 10, 2019 6:26:17 PM org.evosuite.runtime.instrumentation.EvoClassLoader instrumentClass
INFO: Keeping class: org.mozilla.javascript.Script
Jan 10, 2019 6:26:18 PM org.evosuite.runtime.instrumentation.EvoClassLoader instrumentClass
INFO: Keeping class: org.mozilla.javascript.InterpretedFunction
Jan 10, 2019 6:26:18 PM org.evosuite.runtime.instrumentation.EvoClassLoader loadClass
INFO: Seeing class for first time: org.mozilla.javascript.NativeContinuation
Jan 10, 2019 6:26:18 PM org.evosuite.runtime.instrumentation.EvoClassLoader instrumentClass
INFO: Instrumenting class 'org.mozilla.javascript.NativeContinuation'.
Jan 10, 2019 6:26:18 PM org.evosuite.runtime.instrumentation.MethodCallReplacementClassAdapter visit
INFO: Adding mock interface to class org/mozilla/javascript/NativeContinuation
Jan 10, 2019 6:26:18 PM org.evosuite.runtime.instrumentation.CreateClassResetClassAdapter visitMethod
INFO: Found static initializer in class org/mozilla/javascript/NativeContinuation
Jan 10, 2019 6:26:18 PM org.evosuite.runtime.instrumentation.EvoClassLoader instrumentClass
INFO: Keeping class: org.mozilla.javascript.NativeContinuation
Jan 10, 2019 6:26:18 PM org.evosuite.runtime.instrumentation.EvoClassLoader loadClass
INFO: Seeing class for first time: org.mozilla.javascript.debug.DebuggableScript
Jan 10, 2019 6:26:18 PM org.evosuite.runtime.instrumentation.EvoClassLoader instrumentClass
INFO: Instrumenting class 'org.mozilla.javascript.debug.DebuggableScript'.
Jan 10, 2019 6:26:18 PM org.evosuite.runtime.instrumentation.EvoClassLoader instrumentClass
INFO: Keeping class: org.mozilla.javascript.debug.DebuggableScript
Jan 10, 2019 6:26:18 PM org.evosuite.runtime.instrumentation.EvoClassLoader loadClass
INFO: Seeing class for first time: org.mozilla.javascript.VMBridge
Jan 10, 2019 6:26:18 PM org.evosuite.runtime.instrumentation.EvoClassLoader instrumentClass
INFO: Instrumenting class 'org.mozilla.javascript.VMBridge'.
Jan 10, 2019 6:26:18 PM org.evosuite.runtime.instrumentation.MethodCallReplacementClassAdapter visit
INFO: Adding mock interface to class org/mozilla/javascript/VMBridge
Jan 10, 2019 6:26:18 PM org.evosuite.runtime.instrumentation.CreateClassResetClassAdapter visitMethod
INFO: Found static initializer in class org/mozilla/javascript/VMBridge
Jan 10, 2019 6:26:18 PM org.evosuite.runtime.instrumentation.EvoClassLoader instrumentClass
INFO: Keeping class: org.mozilla.javascript.VMBridge
Jan 10, 2019 6:26:18 PM org.evosuite.runtime.instrumentation.EvoClassLoader loadClass
INFO: Seeing class for first time: org.mozilla.javascript.VMBridge_custom
Jan 10, 2019 6:26:18 PM org.evosuite.runtime.instrumentation.EvoClassLoader instrumentClass
INFO: Instrumenting class 'org.mozilla.javascript.VMBridge_custom'.
Jan 10, 2019 6:26:18 PM org.evosuite.runtime.instrumentation.EvoClassLoader instrumentClass
INFO: Error while loading class: java.lang.ClassNotFoundException: Class 'org/mozilla/javascript/VMBridge_custom.class' should be in target project, but could not be found!
Jan 10, 2019 6:26:18 PM org.evosuite.runtime.instrumentation.EvoClassLoader loadClass
INFO: Seeing class for first time: org.mozilla.javascript.jdk18.VMBridge_jdk18
Jan 10, 2019 6:26:18 PM org.evosuite.runtime.instrumentation.EvoClassLoader instrumentClass
INFO: Instrumenting class 'org.mozilla.javascript.jdk18.VMBridge_jdk18'.
Jan 10, 2019 6:26:18 PM org.evosuite.runtime.instrumentation.MethodCallReplacementClassAdapter visit
INFO: Adding mock interface to class org/mozilla/javascript/jdk18/VMBridge_jdk18
Jan 10, 2019 6:26:18 PM org.evosuite.runtime.instrumentation.CreateClassResetClassAdapter createEmptyStaticReset
INFO: Creating brand-new static initializer in class org/mozilla/javascript/jdk18/VMBridge_jdk18
Jan 10, 2019 6:26:18 PM org.evosuite.runtime.instrumentation.EvoClassLoader createPackageDefinition
INFO: Defined package (3): package org.mozilla.javascript.jdk18, -197582433
Jan 10, 2019 6:26:18 PM org.evosuite.runtime.instrumentation.EvoClassLoader loadClass
INFO: Seeing class for first time: org.mozilla.javascript.jdk15.VMBridge_jdk15
Jan 10, 2019 6:26:18 PM org.evosuite.runtime.instrumentation.EvoClassLoader instrumentClass
INFO: Instrumenting class 'org.mozilla.javascript.jdk15.VMBridge_jdk15'.
Jan 10, 2019 6:26:18 PM org.evosuite.runtime.instrumentation.MethodCallReplacementClassAdapter visit
INFO: Adding mock interface to class org/mozilla/javascript/jdk15/VMBridge_jdk15
Jan 10, 2019 6:26:18 PM org.evosuite.runtime.instrumentation.CreateClassResetClassAdapter createEmptyStaticReset
INFO: Creating brand-new static initializer in class org/mozilla/javascript/jdk15/VMBridge_jdk15
Jan 10, 2019 6:26:18 PM org.evosuite.runtime.instrumentation.EvoClassLoader createPackageDefinition
INFO: Defined package (3): package org.mozilla.javascript.jdk15, -197582436
Jan 10, 2019 6:26:18 PM org.evosuite.runtime.instrumentation.EvoClassLoader instrumentClass
INFO: Keeping class: org.mozilla.javascript.jdk15.VMBridge_jdk15
Jan 10, 2019 6:26:18 PM org.evosuite.runtime.instrumentation.EvoClassLoader instrumentClass
INFO: Keeping class: org.mozilla.javascript.jdk18.VMBridge_jdk18
Jan 10, 2019 6:26:18 PM org.evosuite.runtime.instrumentation.EvoClassLoader loadClass
INFO: Seeing class for first time: org.mozilla.javascript.EmbeddedSlotMap
Jan 10, 2019 6:26:18 PM org.evosuite.runtime.instrumentation.EvoClassLoader instrumentClass
INFO: Instrumenting class 'org.mozilla.javascript.EmbeddedSlotMap'.
Jan 10, 2019 6:26:18 PM org.evosuite.runtime.instrumentation.MethodCallReplacementClassAdapter visit
INFO: Adding mock interface to class org/mozilla/javascript/EmbeddedSlotMap
Jan 10, 2019 6:26:18 PM org.evosuite.runtime.instrumentation.CreateClassResetClassAdapter createEmptyStaticReset
INFO: Creating brand-new static initializer in class org/mozilla/javascript/EmbeddedSlotMap
Jan 10, 2019 6:26:18 PM org.evosuite.runtime.instrumentation.CreateClassResetClassAdapter createEmptyStaticReset
INFO: Adding bytecode for initializing field INITIAL_SLOT_SIZE
Jan 10, 2019 6:26:18 PM org.evosuite.runtime.instrumentation.EvoClassLoader instrumentClass
INFO: Keeping class: org.mozilla.javascript.EmbeddedSlotMap
Jan 10, 2019 6:26:18 PM org.evosuite.runtime.instrumentation.EvoClassLoader loadClass
INFO: Seeing class for first time: org.mozilla.javascript.ScriptableObject$Slot
Jan 10, 2019 6:26:18 PM org.evosuite.runtime.instrumentation.EvoClassLoader instrumentClass
INFO: Instrumenting class 'org.mozilla.javascript.ScriptableObject$Slot'.
Jan 10, 2019 6:26:18 PM org.evosuite.runtime.instrumentation.MethodCallReplacementClassAdapter visit
INFO: Adding mock interface to class org/mozilla/javascript/ScriptableObject$Slot
Jan 10, 2019 6:26:18 PM org.evosuite.runtime.instrumentation.CreateClassResetClassAdapter createEmptyStaticReset
INFO: Creating brand-new static initializer in class org/mozilla/javascript/ScriptableObject$Slot
Jan 10, 2019 6:26:18 PM org.evosuite.runtime.instrumentation.EvoClassLoader instrumentClass
INFO: Keeping class: org.mozilla.javascript.ScriptableObject$Slot
Jan 10, 2019 6:26:18 PM org.evosuite.runtime.instrumentation.EvoClassLoader loadClass
INFO: Seeing class for first time: org.mozilla.javascript.ScriptableObject$GetterSlot
Jan 10, 2019 6:26:18 PM org.evosuite.runtime.instrumentation.EvoClassLoader instrumentClass
INFO: Instrumenting class 'org.mozilla.javascript.ScriptableObject$GetterSlot'.
Jan 10, 2019 6:26:18 PM org.evosuite.runtime.instrumentation.MethodCallReplacementClassAdapter visit
INFO: Adding mock interface to class org/mozilla/javascript/ScriptableObject$GetterSlot
Jan 10, 2019 6:26:18 PM org.evosuite.runtime.instrumentation.CreateClassResetClassAdapter createEmptyStaticReset
INFO: Creating brand-new static initializer in class org/mozilla/javascript/ScriptableObject$GetterSlot
Jan 10, 2019 6:26:18 PM org.evosuite.runtime.instrumentation.EvoClassLoader instrumentClass
INFO: Keeping class: org.mozilla.javascript.ScriptableObject$GetterSlot
Jan 10, 2019 6:26:18 PM org.evosuite.runtime.instrumentation.EvoClassLoader loadClass
INFO: Seeing class for first time: org.mozilla.javascript.tools.debugger.GuiCallback
Jan 10, 2019 6:26:18 PM org.evosuite.runtime.instrumentation.EvoClassLoader instrumentClass
INFO: Instrumenting class 'org.mozilla.javascript.tools.debugger.GuiCallback'.
Jan 10, 2019 6:26:18 PM org.evosuite.runtime.instrumentation.EvoClassLoader instrumentClass
INFO: Keeping class: org.mozilla.javascript.tools.debugger.GuiCallback
Jan 10, 2019 6:26:18 PM org.evosuite.runtime.instrumentation.EvoClassLoader loadClass
INFO: Seeing class for first time: org.mozilla.javascript.Interpreter$CallFrame
Jan 10, 2019 6:26:18 PM org.evosuite.runtime.instrumentation.EvoClassLoader instrumentClass
INFO: Instrumenting class 'org.mozilla.javascript.Interpreter$CallFrame'.
Jan 10, 2019 6:26:18 PM org.evosuite.runtime.instrumentation.MethodCallReplacementClassAdapter visit
INFO: Adding mock interface to class org/mozilla/javascript/Interpreter$CallFrame
Jan 10, 2019 6:26:18 PM org.evosuite.runtime.instrumentation.CreateClassResetClassAdapter createEmptyStaticReset
INFO: Creating brand-new static initializer in class org/mozilla/javascript/Interpreter$CallFrame
Jan 10, 2019 6:26:18 PM org.evosuite.runtime.instrumentation.EvoClassLoader instrumentClass
INFO: Keeping class: org.mozilla.javascript.Interpreter$CallFrame
Jan 10, 2019 6:26:18 PM org.evosuite.runtime.instrumentation.EvoClassLoader loadClass
INFO: Seeing class for first time: org.mozilla.javascript.NativeJavaObject
Jan 10, 2019 6:26:18 PM org.evosuite.runtime.instrumentation.EvoClassLoader instrumentClass
INFO: Instrumenting class 'org.mozilla.javascript.NativeJavaObject'.
Jan 10, 2019 6:26:18 PM org.evosuite.runtime.instrumentation.MethodCallReplacementClassAdapter visit
INFO: Adding mock interface to class org/mozilla/javascript/NativeJavaObject
Jan 10, 2019 6:26:18 PM org.evosuite.runtime.instrumentation.CreateClassResetClassAdapter visitMethod
INFO: Found static initializer in class org/mozilla/javascript/NativeJavaObject
Jan 10, 2019 6:26:18 PM org.evosuite.runtime.instrumentation.EvoClassLoader loadClass
INFO: Seeing class for first time: org.mozilla.javascript.Wrapper
Jan 10, 2019 6:26:18 PM org.evosuite.runtime.instrumentation.EvoClassLoader instrumentClass
INFO: Instrumenting class 'org.mozilla.javascript.Wrapper'.
Jan 10, 2019 6:26:18 PM org.evosuite.runtime.instrumentation.EvoClassLoader instrumentClass
INFO: Keeping class: org.mozilla.javascript.Wrapper
Jan 10, 2019 6:26:18 PM org.evosuite.runtime.instrumentation.EvoClassLoader instrumentClass
INFO: Keeping class: org.mozilla.javascript.NativeJavaObject
Jan 10, 2019 6:26:18 PM org.evosuite.runtime.instrumentation.EvoClassLoader loadClass
INFO: Seeing class for first time: org.mozilla.javascript.JavaAdapter
Jan 10, 2019 6:26:18 PM org.evosuite.runtime.instrumentation.EvoClassLoader instrumentClass
INFO: Instrumenting class 'org.mozilla.javascript.JavaAdapter'.
Jan 10, 2019 6:26:18 PM org.evosuite.runtime.instrumentation.MethodCallReplacementClassAdapter visit
INFO: Adding mock interface to class org/mozilla/javascript/JavaAdapter
Jan 10, 2019 6:26:18 PM org.evosuite.runtime.instrumentation.CreateClassResetClassAdapter visitMethod
INFO: Found static initializer in class org/mozilla/javascript/JavaAdapter
Jan 10, 2019 6:26:18 PM org.evosuite.runtime.instrumentation.EvoClassLoader instrumentClass
INFO: Keeping class: org.mozilla.javascript.JavaAdapter
Jan 10, 2019 6:26:18 PM org.evosuite.runtime.instrumentation.EvoClassLoader loadClass
INFO: Seeing class for first time: org.mozilla.javascript.ObjToIntMap
Jan 10, 2019 6:26:18 PM org.evosuite.runtime.instrumentation.EvoClassLoader instrumentClass
INFO: Instrumenting class 'org.mozilla.javascript.ObjToIntMap'.
Jan 10, 2019 6:26:18 PM org.evosuite.runtime.instrumentation.MethodCallReplacementClassAdapter visit
INFO: Adding mock interface to class org/mozilla/javascript/ObjToIntMap
Jan 10, 2019 6:26:18 PM org.evosuite.runtime.instrumentation.CreateClassResetClassAdapter visitMethod
INFO: Found static initializer in class org/mozilla/javascript/ObjToIntMap
Jan 10, 2019 6:26:18 PM org.evosuite.runtime.instrumentation.EvoClassLoader instrumentClass
INFO: Keeping class: org.mozilla.javascript.ObjToIntMap
Jan 10, 2019 6:26:18 PM org.evosuite.runtime.instrumentation.EvoClassLoader loadClass
INFO: Seeing class for first time: org.mozilla.javascript.xmlimpl.XMLCtor
Jan 10, 2019 6:26:18 PM org.evosuite.runtime.instrumentation.EvoClassLoader instrumentClass
INFO: Instrumenting class 'org.mozilla.javascript.xmlimpl.XMLCtor'.
Jan 10, 2019 6:26:18 PM org.evosuite.runtime.instrumentation.MethodCallReplacementClassAdapter visit
INFO: Adding mock interface to class org/mozilla/javascript/xmlimpl/XMLCtor
Jan 10, 2019 6:26:18 PM org.evosuite.runtime.instrumentation.CreateClassResetClassAdapter visitMethod
INFO: Found static initializer in class org/mozilla/javascript/xmlimpl/XMLCtor
Jan 10, 2019 6:26:18 PM org.evosuite.runtime.instrumentation.EvoClassLoader instrumentClass
INFO: Keeping class: org.mozilla.javascript.xmlimpl.XMLCtor
Jan 10, 2019 6:26:18 PM org.evosuite.runtime.instrumentation.EvoClassLoader loadClass
INFO: Seeing class for first time: org.mozilla.javascript.ContinuationPending
Jan 10, 2019 6:26:18 PM org.evosuite.runtime.instrumentation.EvoClassLoader instrumentClass
INFO: Instrumenting class 'org.mozilla.javascript.ContinuationPending'.
Jan 10, 2019 6:26:18 PM org.evosuite.runtime.instrumentation.MethodCallReplacementClassAdapter visit
INFO: Adding mock interface to class org/mozilla/javascript/ContinuationPending
Jan 10, 2019 6:26:18 PM org.evosuite.runtime.instrumentation.CreateClassResetClassAdapter createEmptyStaticReset
INFO: Creating brand-new static initializer in class org/mozilla/javascript/ContinuationPending
Jan 10, 2019 6:26:18 PM org.evosuite.runtime.instrumentation.EvoClassLoader instrumentClass
INFO: Keeping class: org.mozilla.javascript.ContinuationPending
Jan 10, 2019 6:26:18 PM org.evosuite.runtime.instrumentation.EvoClassLoader loadClass
INFO: Seeing class for first time: org.mozilla.javascript.InterfaceAdapter
Jan 10, 2019 6:26:18 PM org.evosuite.runtime.instrumentation.EvoClassLoader instrumentClass
INFO: Instrumenting class 'org.mozilla.javascript.InterfaceAdapter'.
Jan 10, 2019 6:26:18 PM org.evosuite.runtime.instrumentation.MethodCallReplacementClassAdapter visit
INFO: Adding mock interface to class org/mozilla/javascript/InterfaceAdapter
Jan 10, 2019 6:26:18 PM org.evosuite.runtime.instrumentation.CreateClassResetClassAdapter createEmptyStaticReset
INFO: Creating brand-new static initializer in class org/mozilla/javascript/InterfaceAdapter
Jan 10, 2019 6:26:18 PM org.evosuite.runtime.instrumentation.EvoClassLoader instrumentClass
INFO: Keeping class: org.mozilla.javascript.InterfaceAdapter
Jan 10, 2019 6:26:18 PM org.evosuite.runtime.instrumentation.EvoClassLoader loadClass
INFO: Seeing class for first time: org.mozilla.javascript.regexp.REProgState
Jan 10, 2019 6:26:18 PM org.evosuite.runtime.instrumentation.EvoClassLoader instrumentClass
INFO: Instrumenting class 'org.mozilla.javascript.regexp.REProgState'.
Jan 10, 2019 6:26:18 PM org.evosuite.runtime.instrumentation.MethodCallReplacementClassAdapter visit
INFO: Adding mock interface to class org/mozilla/javascript/regexp/REProgState
Jan 10, 2019 6:26:18 PM org.evosuite.runtime.instrumentation.CreateClassResetClassAdapter createEmptyStaticReset
INFO: Creating brand-new static initializer in class org/mozilla/javascript/regexp/REProgState
Jan 10, 2019 6:26:18 PM org.evosuite.runtime.instrumentation.EvoClassLoader createPackageDefinition
INFO: Defined package (3): package org.mozilla.javascript.regexp, -1600198494
Jan 10, 2019 6:26:18 PM org.evosuite.runtime.instrumentation.EvoClassLoader instrumentClass
INFO: Keeping class: org.mozilla.javascript.regexp.REProgState
Jan 10, 2019 6:26:18 PM org.evosuite.runtime.instrumentation.EvoClassLoader loadClass
INFO: Seeing class for first time: org.mozilla.javascript.ast.Comment
Jan 10, 2019 6:26:18 PM org.evosuite.runtime.instrumentation.EvoClassLoader instrumentClass
INFO: Instrumenting class 'org.mozilla.javascript.ast.Comment'.
Jan 10, 2019 6:26:18 PM org.evosuite.runtime.instrumentation.MethodCallReplacementClassAdapter visit
INFO: Adding mock interface to class org/mozilla/javascript/ast/Comment
Jan 10, 2019 6:26:18 PM org.evosuite.runtime.instrumentation.CreateClassResetClassAdapter createEmptyStaticReset
INFO: Creating brand-new static initializer in class org/mozilla/javascript/ast/Comment
Jan 10, 2019 6:26:18 PM org.evosuite.runtime.instrumentation.EvoClassLoader instrumentClass
INFO: Keeping class: org.mozilla.javascript.ast.Comment
Jan 10, 2019 6:26:18 PM org.evosuite.runtime.instrumentation.EvoClassLoader loadClass
INFO: Seeing class for first time: org.mozilla.javascript.NativeArray$StringLikeComparator
Jan 10, 2019 6:26:18 PM org.evosuite.runtime.instrumentation.EvoClassLoader instrumentClass
INFO: Instrumenting class 'org.mozilla.javascript.NativeArray$StringLikeComparator'.
Jan 10, 2019 6:26:18 PM org.evosuite.runtime.instrumentation.MethodCallReplacementClassAdapter visit
INFO: Adding mock interface to class org/mozilla/javascript/NativeArray$StringLikeComparator
Jan 10, 2019 6:26:18 PM org.evosuite.runtime.instrumentation.CreateClassResetClassAdapter createEmptyStaticReset
INFO: Creating brand-new static initializer in class org/mozilla/javascript/NativeArray$StringLikeComparator
Jan 10, 2019 6:26:18 PM org.evosuite.runtime.instrumentation.EvoClassLoader instrumentClass
INFO: Keeping class: org.mozilla.javascript.NativeArray$StringLikeComparator
Jan 10, 2019 6:26:18 PM org.evosuite.runtime.instrumentation.EvoClassLoader loadClass
INFO: Seeing class for first time: org.mozilla.javascript.ClassShutter
Jan 10, 2019 6:26:18 PM org.evosuite.runtime.instrumentation.EvoClassLoader instrumentClass
INFO: Instrumenting class 'org.mozilla.javascript.ClassShutter'.
Jan 10, 2019 6:26:18 PM org.evosuite.runtime.instrumentation.EvoClassLoader instrumentClass
INFO: Keeping class: org.mozilla.javascript.ClassShutter
Jan 10, 2019 6:26:18 PM org.evosuite.runtime.instrumentation.EvoClassLoader loadClass
INFO: Seeing class for first time: org.mozilla.javascript.ast.Symbol
Jan 10, 2019 6:26:18 PM org.evosuite.runtime.instrumentation.EvoClassLoader instrumentClass
INFO: Instrumenting class 'org.mozilla.javascript.ast.Symbol'.
Jan 10, 2019 6:26:18 PM org.evosuite.runtime.instrumentation.MethodCallReplacementClassAdapter visit
INFO: Adding mock interface to class org/mozilla/javascript/ast/Symbol
Jan 10, 2019 6:26:18 PM org.evosuite.runtime.instrumentation.CreateClassResetClassAdapter createEmptyStaticReset
INFO: Creating brand-new static initializer in class org/mozilla/javascript/ast/Symbol
Jan 10, 2019 6:26:18 PM org.evosuite.runtime.instrumentation.EvoClassLoader instrumentClass
INFO: Keeping class: org.mozilla.javascript.ast.Symbol
Jan 10, 2019 6:26:18 PM org.evosuite.runtime.instrumentation.EvoClassLoader loadClass
INFO: Seeing class for first time: org.mozilla.javascript.tools.shell.ConsoleWriter
Jan 10, 2019 6:26:18 PM org.evosuite.runtime.instrumentation.EvoClassLoader instrumentClass
INFO: Instrumenting class 'org.mozilla.javascript.tools.shell.ConsoleWriter'.
Jan 10, 2019 6:26:18 PM org.evosuite.runtime.instrumentation.MethodCallReplacementClassAdapter visit
INFO: Adding mock interface to class org/mozilla/javascript/tools/shell/ConsoleWriter
Jan 10, 2019 6:26:18 PM org.evosuite.runtime.instrumentation.CreateClassResetClassAdapter createEmptyStaticReset
INFO: Creating brand-new static initializer in class org/mozilla/javascript/tools/shell/ConsoleWriter
Jan 10, 2019 6:26:18 PM org.evosuite.runtime.instrumentation.EvoClassLoader instrumentClass
INFO: Keeping class: org.mozilla.javascript.tools.shell.ConsoleWriter
Jan 10, 2019 6:26:18 PM org.evosuite.runtime.instrumentation.EvoClassLoader loadClass
INFO: Seeing class for first time: org.mozilla.javascript.TopLevel$Builtins
Jan 10, 2019 6:26:18 PM org.evosuite.runtime.instrumentation.EvoClassLoader instrumentClass
INFO: Instrumenting class 'org.mozilla.javascript.TopLevel$Builtins'.
Jan 10, 2019 6:26:18 PM org.evosuite.runtime.instrumentation.MethodCallReplacementClassAdapter visit
INFO: Adding mock interface to class org/mozilla/javascript/TopLevel$Builtins
Jan 10, 2019 6:26:18 PM org.evosuite.runtime.instrumentation.CreateClassResetClassAdapter visitMethod
INFO: Found static initializer in class org/mozilla/javascript/TopLevel$Builtins
Jan 10, 2019 6:26:18 PM org.evosuite.runtime.instrumentation.EvoClassLoader instrumentClass
INFO: Keeping class: org.mozilla.javascript.TopLevel$Builtins
Jan 10, 2019 6:26:18 PM org.evosuite.runtime.instrumentation.EvoClassLoader loadClass
INFO: Seeing class for first time: org.mozilla.javascript.TopLevel$NativeErrors
Jan 10, 2019 6:26:18 PM org.evosuite.runtime.instrumentation.EvoClassLoader instrumentClass
INFO: Instrumenting class 'org.mozilla.javascript.TopLevel$NativeErrors'.
Jan 10, 2019 6:26:18 PM org.evosuite.runtime.instrumentation.MethodCallReplacementClassAdapter visit
INFO: Adding mock interface to class org/mozilla/javascript/TopLevel$NativeErrors
Jan 10, 2019 6:26:18 PM org.evosuite.runtime.instrumentation.CreateClassResetClassAdapter visitMethod
INFO: Found static initializer in class org/mozilla/javascript/TopLevel$NativeErrors
Jan 10, 2019 6:26:18 PM org.evosuite.runtime.instrumentation.EvoClassLoader instrumentClass
INFO: Keeping class: org.mozilla.javascript.TopLevel$NativeErrors
Jan 10, 2019 6:26:18 PM org.evosuite.runtime.instrumentation.EvoClassLoader loadClass
INFO: Seeing class for first time: org.mozilla.javascript.tools.debugger.Evaluator
Jan 10, 2019 6:26:18 PM org.evosuite.runtime.instrumentation.EvoClassLoader instrumentClass
INFO: Instrumenting class 'org.mozilla.javascript.tools.debugger.Evaluator'.
Jan 10, 2019 6:26:18 PM org.evosuite.runtime.instrumentation.MethodCallReplacementClassAdapter visit
INFO: Adding mock interface to class org/mozilla/javascript/tools/debugger/Evaluator
Jan 10, 2019 6:26:18 PM org.evosuite.runtime.instrumentation.CreateClassResetClassAdapter createEmptyStaticReset
INFO: Creating brand-new static initializer in class org/mozilla/javascript/tools/debugger/Evaluator
Jan 10, 2019 6:26:18 PM org.evosuite.runtime.instrumentation.EvoClassLoader instrumentClass
INFO: Keeping class: org.mozilla.javascript.tools.debugger.Evaluator
Jan 10, 2019 6:26:18 PM org.evosuite.runtime.instrumentation.EvoClassLoader loadClass
INFO: Seeing class for first time: org.mozilla.javascript.xmlimpl.QName
Jan 10, 2019 6:26:18 PM org.evosuite.runtime.instrumentation.EvoClassLoader instrumentClass
INFO: Instrumenting class 'org.mozilla.javascript.xmlimpl.QName'.
Jan 10, 2019 6:26:18 PM org.evosuite.runtime.instrumentation.MethodCallReplacementClassAdapter visit
INFO: Adding mock interface to class org/mozilla/javascript/xmlimpl/QName
Jan 10, 2019 6:26:18 PM org.evosuite.runtime.instrumentation.CreateClassResetClassAdapter visitMethod
INFO: Found static initializer in class org/mozilla/javascript/xmlimpl/QName
Jan 10, 2019 6:26:18 PM org.evosuite.runtime.instrumentation.EvoClassLoader instrumentClass
INFO: Keeping class: org.mozilla.javascript.xmlimpl.QName
Jan 10, 2019 6:26:18 PM org.evosuite.runtime.instrumentation.EvoClassLoader loadClass
INFO: Seeing class for first time: org.mozilla.javascript.regexp.REGlobalData
Jan 10, 2019 6:26:18 PM org.evosuite.runtime.instrumentation.EvoClassLoader instrumentClass
INFO: Instrumenting class 'org.mozilla.javascript.regexp.REGlobalData'.
Jan 10, 2019 6:26:18 PM org.evosuite.runtime.instrumentation.MethodCallReplacementClassAdapter visit
INFO: Adding mock interface to class org/mozilla/javascript/regexp/REGlobalData
Jan 10, 2019 6:26:18 PM org.evosuite.runtime.instrumentation.CreateClassResetClassAdapter createEmptyStaticReset
INFO: Creating brand-new static initializer in class org/mozilla/javascript/regexp/REGlobalData
Jan 10, 2019 6:26:18 PM org.evosuite.runtime.instrumentation.EvoClassLoader instrumentClass
INFO: Keeping class: org.mozilla.javascript.regexp.REGlobalData
Jan 10, 2019 6:26:18 PM org.evosuite.runtime.instrumentation.EvoClassLoader loadClass
INFO: Seeing class for first time: org.mozilla.javascript.regexp.RECompiled
Jan 10, 2019 6:26:18 PM org.evosuite.runtime.instrumentation.EvoClassLoader instrumentClass
INFO: Instrumenting class 'org.mozilla.javascript.regexp.RECompiled'.
Jan 10, 2019 6:26:18 PM org.evosuite.runtime.instrumentation.MethodCallReplacementClassAdapter visit
INFO: Adding mock interface to class org/mozilla/javascript/regexp/RECompiled
Jan 10, 2019 6:26:18 PM org.evosuite.runtime.instrumentation.CreateClassResetClassAdapter createEmptyStaticReset
INFO: Creating brand-new static initializer in class org/mozilla/javascript/regexp/RECompiled
Jan 10, 2019 6:26:18 PM org.evosuite.runtime.instrumentation.EvoClassLoader instrumentClass
INFO: Keeping class: org.mozilla.javascript.regexp.RECompiled
Jan 10, 2019 6:26:18 PM org.evosuite.runtime.instrumentation.EvoClassLoader loadClass
INFO: Seeing class for first time: org.mozilla.javascript.LazilyLoadedCtor
Jan 10, 2019 6:26:18 PM org.evosuite.runtime.instrumentation.EvoClassLoader instrumentClass
INFO: Instrumenting class 'org.mozilla.javascript.LazilyLoadedCtor'.
Jan 10, 2019 6:26:18 PM org.evosuite.runtime.instrumentation.MethodCallReplacementClassAdapter visit
INFO: Adding mock interface to class org/mozilla/javascript/LazilyLoadedCtor
Jan 10, 2019 6:26:18 PM org.evosuite.runtime.instrumentation.CreateClassResetClassAdapter createEmptyStaticReset
INFO: Creating brand-new static initializer in class org/mozilla/javascript/LazilyLoadedCtor
Jan 10, 2019 6:26:18 PM org.evosuite.runtime.instrumentation.CreateClassResetClassAdapter createEmptyStaticReset
INFO: Adding bytecode for initializing field STATE_BEFORE_INIT
Jan 10, 2019 6:26:18 PM org.evosuite.runtime.instrumentation.CreateClassResetClassAdapter createEmptyStaticReset
INFO: Adding bytecode for initializing field STATE_INITIALIZING
Jan 10, 2019 6:26:18 PM org.evosuite.runtime.instrumentation.CreateClassResetClassAdapter createEmptyStaticReset
INFO: Adding bytecode for initializing field STATE_WITH_VALUE
Jan 10, 2019 6:26:18 PM org.evosuite.runtime.instrumentation.EvoClassLoader instrumentClass
INFO: Keeping class: org.mozilla.javascript.LazilyLoadedCtor
Jan 10, 2019 6:26:18 PM org.evosuite.runtime.instrumentation.EvoClassLoader loadClass
INFO: Seeing class for first time: org.mozilla.javascript.xmlimpl.XmlNode
Jan 10, 2019 6:26:18 PM org.evosuite.runtime.instrumentation.EvoClassLoader instrumentClass
INFO: Instrumenting class 'org.mozilla.javascript.xmlimpl.XmlNode'.
Jan 10, 2019 6:26:18 PM org.evosuite.runtime.instrumentation.MethodCallReplacementClassAdapter visit
INFO: Adding mock interface to class org/mozilla/javascript/xmlimpl/XmlNode
Jan 10, 2019 6:26:18 PM org.evosuite.runtime.instrumentation.CreateClassResetClassAdapter visitMethod
INFO: Found static initializer in class org/mozilla/javascript/xmlimpl/XmlNode
Jan 10, 2019 6:26:18 PM org.evosuite.runtime.instrumentation.EvoClassLoader instrumentClass
INFO: Keeping class: org.mozilla.javascript.xmlimpl.XmlNode
Jan 10, 2019 6:26:18 PM org.evosuite.runtime.instrumentation.EvoClassLoader loadClass
INFO: Seeing class for first time: org.mozilla.javascript.typedarrays.NativeInt32Array
Jan 10, 2019 6:26:18 PM org.evosuite.runtime.instrumentation.EvoClassLoader instrumentClass
INFO: Instrumenting class 'org.mozilla.javascript.typedarrays.NativeInt32Array'.
Jan 10, 2019 6:26:18 PM org.evosuite.runtime.instrumentation.MethodCallReplacementClassAdapter visit
INFO: Adding mock interface to class org/mozilla/javascript/typedarrays/NativeInt32Array
Jan 10, 2019 6:26:18 PM org.evosuite.runtime.instrumentation.CreateClassResetClassAdapter createEmptyStaticReset
INFO: Creating brand-new static initializer in class org/mozilla/javascript/typedarrays/NativeInt32Array
Jan 10, 2019 6:26:18 PM org.evosuite.runtime.instrumentation.CreateClassResetClassAdapter createEmptyStaticReset
INFO: Adding bytecode for initializing field CLASS_NAME
Jan 10, 2019 6:26:18 PM org.evosuite.runtime.instrumentation.CreateClassResetClassAdapter createEmptyStaticReset
INFO: Adding bytecode for initializing field BYTES_PER_ELEMENT
Jan 10, 2019 6:26:18 PM org.evosuite.runtime.instrumentation.EvoClassLoader instrumentClass
INFO: Keeping class: org.mozilla.javascript.typedarrays.NativeInt32Array
Jan 10, 2019 6:26:18 PM org.evosuite.runtime.instrumentation.EvoClassLoader loadClass
INFO: Seeing class for first time: org.mozilla.javascript.tools.debugger.SwingGui
Jan 10, 2019 6:26:18 PM org.evosuite.runtime.instrumentation.EvoClassLoader instrumentClass
INFO: Instrumenting class 'org.mozilla.javascript.tools.debugger.SwingGui'.
Jan 10, 2019 6:26:18 PM org.evosuite.runtime.instrumentation.MethodCallReplacementClassAdapter visit
INFO: Adding mock interface to class org/mozilla/javascript/tools/debugger/SwingGui
Jan 10, 2019 6:26:18 PM org.evosuite.runtime.instrumentation.CreateClassResetClassAdapter createEmptyStaticReset
INFO: Creating brand-new static initializer in class org/mozilla/javascript/tools/debugger/SwingGui
Jan 10, 2019 6:26:18 PM org.evosuite.runtime.instrumentation.EvoClassLoader instrumentClass
INFO: Keeping class: org.mozilla.javascript.tools.debugger.SwingGui
Jan 10, 2019 6:26:18 PM org.evosuite.runtime.instrumentation.EvoClassLoader loadClass
INFO: Seeing class for first time: org.mozilla.javascript.tools.debugger.FileWindow
Jan 10, 2019 6:26:18 PM org.evosuite.runtime.instrumentation.EvoClassLoader instrumentClass
INFO: Instrumenting class 'org.mozilla.javascript.tools.debugger.FileWindow'.
Jan 10, 2019 6:26:18 PM org.evosuite.runtime.instrumentation.MethodCallReplacementClassAdapter visit
INFO: Adding mock interface to class org/mozilla/javascript/tools/debugger/FileWindow
Jan 10, 2019 6:26:18 PM org.evosuite.runtime.instrumentation.CreateClassResetClassAdapter createEmptyStaticReset
INFO: Creating brand-new static initializer in class org/mozilla/javascript/tools/debugger/FileWindow
Jan 10, 2019 6:26:19 PM org.evosuite.runtime.instrumentation.EvoClassLoader instrumentClass
INFO: Keeping class: org.mozilla.javascript.tools.debugger.FileWindow
Jan 10, 2019 6:26:19 PM org.evosuite.runtime.instrumentation.EvoClassLoader loadClass
INFO: Seeing class for first time: org.mozilla.javascript.tools.debugger.Menubar
Jan 10, 2019 6:26:19 PM org.evosuite.runtime.instrumentation.EvoClassLoader instrumentClass
INFO: Instrumenting class 'org.mozilla.javascript.tools.debugger.Menubar'.
Jan 10, 2019 6:26:19 PM org.evosuite.runtime.instrumentation.MethodCallReplacementClassAdapter visit
INFO: Adding mock interface to class org/mozilla/javascript/tools/debugger/Menubar
Jan 10, 2019 6:26:19 PM org.evosuite.runtime.instrumentation.CreateClassResetClassAdapter createEmptyStaticReset
INFO: Creating brand-new static initializer in class org/mozilla/javascript/tools/debugger/Menubar
Jan 10, 2019 6:26:19 PM org.evosuite.runtime.instrumentation.EvoClassLoader instrumentClass
INFO: Keeping class: org.mozilla.javascript.tools.debugger.Menubar
Jan 10, 2019 6:26:19 PM org.evosuite.runtime.instrumentation.EvoClassLoader loadClass
INFO: Seeing class for first time: org.mozilla.javascript.tools.debugger.ContextWindow
Jan 10, 2019 6:26:19 PM org.evosuite.runtime.instrumentation.EvoClassLoader instrumentClass
INFO: Instrumenting class 'org.mozilla.javascript.tools.debugger.ContextWindow'.
Jan 10, 2019 6:26:19 PM org.evosuite.runtime.instrumentation.MethodCallReplacementClassAdapter visit
INFO: Adding mock interface to class org/mozilla/javascript/tools/debugger/ContextWindow
Jan 10, 2019 6:26:19 PM org.evosuite.runtime.instrumentation.CreateClassResetClassAdapter createEmptyStaticReset
INFO: Creating brand-new static initializer in class org/mozilla/javascript/tools/debugger/ContextWindow
Jan 10, 2019 6:26:19 PM org.evosuite.runtime.instrumentation.EvoClassLoader instrumentClass
INFO: Keeping class: org.mozilla.javascript.tools.debugger.ContextWindow
Jan 10, 2019 6:26:19 PM org.evosuite.runtime.instrumentation.EvoClassLoader loadClass
INFO: Seeing class for first time: org.mozilla.javascript.tools.debugger.SwingGui$1
Jan 10, 2019 6:26:19 PM org.evosuite.runtime.instrumentation.EvoClassLoader instrumentClass
INFO: Instrumenting class 'org.mozilla.javascript.tools.debugger.SwingGui$1'.
Jan 10, 2019 6:26:19 PM org.evosuite.runtime.instrumentation.MethodCallReplacementClassAdapter visit
INFO: Adding mock interface to class org/mozilla/javascript/tools/debugger/SwingGui$1
Jan 10, 2019 6:26:19 PM org.evosuite.runtime.instrumentation.EvoClassLoader instrumentClass
INFO: Keeping class: org.mozilla.javascript.tools.debugger.SwingGui$1
Jan 10, 2019 6:26:19 PM org.evosuite.runtime.instrumentation.EvoClassLoader loadClass
INFO: Seeing class for first time: org.mozilla.javascript.regexp.GlobData
Jan 10, 2019 6:26:19 PM org.evosuite.runtime.instrumentation.EvoClassLoader instrumentClass
INFO: Instrumenting class 'org.mozilla.javascript.regexp.GlobData'.
Jan 10, 2019 6:26:19 PM org.evosuite.runtime.instrumentation.MethodCallReplacementClassAdapter visit
INFO: Adding mock interface to class org/mozilla/javascript/regexp/GlobData
Jan 10, 2019 6:26:19 PM org.evosuite.runtime.instrumentation.CreateClassResetClassAdapter createEmptyStaticReset
INFO: Creating brand-new static initializer in class org/mozilla/javascript/regexp/GlobData
Jan 10, 2019 6:26:19 PM org.evosuite.runtime.instrumentation.EvoClassLoader instrumentClass
INFO: Keeping class: org.mozilla.javascript.regexp.GlobData
Jan 10, 2019 6:26:19 PM org.evosuite.runtime.instrumentation.EvoClassLoader loadClass
INFO: Seeing class for first time: org.mozilla.javascript.regexp.RECharSet
Jan 10, 2019 6:26:19 PM org.evosuite.runtime.instrumentation.EvoClassLoader instrumentClass
INFO: Instrumenting class 'org.mozilla.javascript.regexp.RECharSet'.
Jan 10, 2019 6:26:19 PM org.evosuite.runtime.instrumentation.MethodCallReplacementClassAdapter visit
INFO: Adding mock interface to class org/mozilla/javascript/regexp/RECharSet
Jan 10, 2019 6:26:19 PM org.evosuite.runtime.instrumentation.CreateClassResetClassAdapter createEmptyStaticReset
INFO: Creating brand-new static initializer in class org/mozilla/javascript/regexp/RECharSet
Jan 10, 2019 6:26:19 PM org.evosuite.runtime.instrumentation.EvoClassLoader instrumentClass
INFO: Keeping class: org.mozilla.javascript.regexp.RECharSet
Jan 10, 2019 6:26:19 PM org.evosuite.runtime.instrumentation.EvoClassLoader loadClass
INFO: Seeing class for first time: org.mozilla.classfile.ClassFileWriter$StackMapTable
Jan 10, 2019 6:26:19 PM org.evosuite.runtime.instrumentation.EvoClassLoader instrumentClass
INFO: Instrumenting class 'org.mozilla.classfile.ClassFileWriter$StackMapTable'.
Jan 10, 2019 6:26:19 PM org.evosuite.runtime.instrumentation.MethodCallReplacementClassAdapter visit
INFO: Adding mock interface to class org/mozilla/classfile/ClassFileWriter$StackMapTable
Jan 10, 2019 6:26:19 PM org.evosuite.runtime.instrumentation.CreateClassResetClassAdapter createEmptyStaticReset
INFO: Creating brand-new static initializer in class org/mozilla/classfile/ClassFileWriter$StackMapTable
Jan 10, 2019 6:26:19 PM org.evosuite.runtime.instrumentation.CreateClassResetClassAdapter createEmptyStaticReset
INFO: Adding bytecode for initializing field DEBUGSTACKMAP
Jan 10, 2019 6:26:19 PM org.evosuite.runtime.instrumentation.EvoClassLoader instrumentClass
INFO: Keeping class: org.mozilla.classfile.ClassFileWriter$StackMapTable
Jan 10, 2019 6:26:19 PM org.evosuite.runtime.instrumentation.EvoClassLoader loadClass
INFO: Seeing class for first time: org.mozilla.javascript.xmlimpl.XmlNode$Namespace
Jan 10, 2019 6:26:19 PM org.evosuite.runtime.instrumentation.EvoClassLoader instrumentClass
INFO: Instrumenting class 'org.mozilla.javascript.xmlimpl.XmlNode$Namespace'.
Jan 10, 2019 6:26:19 PM org.evosuite.runtime.instrumentation.MethodCallReplacementClassAdapter visit
INFO: Adding mock interface to class org/mozilla/javascript/xmlimpl/XmlNode$Namespace
Jan 10, 2019 6:26:19 PM org.evosuite.runtime.instrumentation.CreateClassResetClassAdapter visitMethod
INFO: Found static initializer in class org/mozilla/javascript/xmlimpl/XmlNode$Namespace
Jan 10, 2019 6:26:19 PM org.evosuite.runtime.instrumentation.EvoClassLoader instrumentClass
INFO: Keeping class: org.mozilla.javascript.xmlimpl.XmlNode$Namespace
Jan 10, 2019 6:26:19 PM org.evosuite.runtime.instrumentation.EvoClassLoader loadClass
INFO: Seeing class for first time: org.mozilla.javascript.regexp.RegExpImpl
Jan 10, 2019 6:26:19 PM org.evosuite.runtime.instrumentation.EvoClassLoader instrumentClass
INFO: Instrumenting class 'org.mozilla.javascript.regexp.RegExpImpl'.
Jan 10, 2019 6:26:19 PM org.evosuite.runtime.instrumentation.MethodCallReplacementClassAdapter visit
INFO: Adding mock interface to class org/mozilla/javascript/regexp/RegExpImpl
Jan 10, 2019 6:26:19 PM org.evosuite.runtime.instrumentation.CreateClassResetClassAdapter createEmptyStaticReset
INFO: Creating brand-new static initializer in class org/mozilla/javascript/regexp/RegExpImpl
Jan 10, 2019 6:26:19 PM org.evosuite.runtime.instrumentation.EvoClassLoader instrumentClass
INFO: Keeping class: org.mozilla.javascript.regexp.RegExpImpl
Jan 10, 2019 6:26:19 PM org.evosuite.runtime.instrumentation.EvoClassLoader loadClass
INFO: Seeing class for first time: org.mozilla.javascript.tools.debugger.Dim$StackFrame
Jan 10, 2019 6:26:19 PM org.evosuite.runtime.instrumentation.EvoClassLoader instrumentClass
INFO: Instrumenting class 'org.mozilla.javascript.tools.debugger.Dim$StackFrame'.
Jan 10, 2019 6:26:19 PM org.evosuite.runtime.instrumentation.MethodCallReplacementClassAdapter visit
INFO: Adding mock interface to class org/mozilla/javascript/tools/debugger/Dim$StackFrame
Jan 10, 2019 6:26:19 PM org.evosuite.runtime.instrumentation.CreateClassResetClassAdapter createEmptyStaticReset
INFO: Creating brand-new static initializer in class org/mozilla/javascript/tools/debugger/Dim$StackFrame
Jan 10, 2019 6:26:19 PM org.evosuite.runtime.instrumentation.EvoClassLoader loadClass
INFO: Seeing class for first time: org.mozilla.javascript.debug.DebugFrame
Jan 10, 2019 6:26:19 PM org.evosuite.runtime.instrumentation.EvoClassLoader instrumentClass
INFO: Instrumenting class 'org.mozilla.javascript.debug.DebugFrame'.
Jan 10, 2019 6:26:19 PM org.evosuite.runtime.instrumentation.EvoClassLoader instrumentClass
INFO: Keeping class: org.mozilla.javascript.debug.DebugFrame
Jan 10, 2019 6:26:19 PM org.evosuite.runtime.instrumentation.EvoClassLoader instrumentClass
INFO: Keeping class: org.mozilla.javascript.tools.debugger.Dim$StackFrame
Jan 10, 2019 6:26:19 PM org.evosuite.runtime.instrumentation.EvoClassLoader loadClass
INFO: Seeing class for first time: org.mozilla.javascript.tools.debugger.treetable.TreeTableModel
Jan 10, 2019 6:26:19 PM org.evosuite.runtime.instrumentation.EvoClassLoader instrumentClass
INFO: Instrumenting class 'org.mozilla.javascript.tools.debugger.treetable.TreeTableModel'.
Jan 10, 2019 6:26:19 PM org.evosuite.runtime.instrumentation.EvoClassLoader instrumentClass
INFO: Keeping class: org.mozilla.javascript.tools.debugger.treetable.TreeTableModel
Jan 10, 2019 6:26:19 PM org.evosuite.runtime.instrumentation.EvoClassLoader loadClass
INFO: Seeing class for first time: org.mozilla.javascript.InterpreterData
Jan 10, 2019 6:26:19 PM org.evosuite.runtime.instrumentation.EvoClassLoader instrumentClass
INFO: Instrumenting class 'org.mozilla.javascript.InterpreterData'.
Jan 10, 2019 6:26:19 PM org.evosuite.runtime.instrumentation.MethodCallReplacementClassAdapter visit
INFO: Adding mock interface to class org/mozilla/javascript/InterpreterData
Jan 10, 2019 6:26:19 PM org.evosuite.runtime.instrumentation.CreateClassResetClassAdapter createEmptyStaticReset
INFO: Creating brand-new static initializer in class org/mozilla/javascript/InterpreterData
Jan 10, 2019 6:26:19 PM org.evosuite.runtime.instrumentation.CreateClassResetClassAdapter createEmptyStaticReset
INFO: Adding bytecode for initializing field INITIAL_MAX_ICODE_LENGTH
Jan 10, 2019 6:26:19 PM org.evosuite.runtime.instrumentation.CreateClassResetClassAdapter createEmptyStaticReset
INFO: Adding bytecode for initializing field INITIAL_STRINGTABLE_SIZE
Jan 10, 2019 6:26:19 PM org.evosuite.runtime.instrumentation.CreateClassResetClassAdapter createEmptyStaticReset
INFO: Adding bytecode for initializing field INITIAL_NUMBERTABLE_SIZE
Jan 10, 2019 6:26:19 PM org.evosuite.runtime.instrumentation.EvoClassLoader instrumentClass
INFO: Keeping class: org.mozilla.javascript.InterpreterData
Jan 10, 2019 6:26:19 PM org.evosuite.runtime.instrumentation.EvoClassLoader loadClass
INFO: Seeing class for first time: org.mozilla.javascript.NativeCall
Jan 10, 2019 6:26:19 PM org.evosuite.runtime.instrumentation.EvoClassLoader instrumentClass
INFO: Instrumenting class 'org.mozilla.javascript.NativeCall'.
Jan 10, 2019 6:26:19 PM org.evosuite.runtime.instrumentation.MethodCallReplacementClassAdapter visit
INFO: Adding mock interface to class org/mozilla/javascript/NativeCall
Jan 10, 2019 6:26:19 PM org.evosuite.runtime.instrumentation.CreateClassResetClassAdapter visitMethod
INFO: Found static initializer in class org/mozilla/javascript/NativeCall
Jan 10, 2019 6:26:19 PM org.evosuite.runtime.instrumentation.EvoClassLoader instrumentClass
INFO: Keeping class: org.mozilla.javascript.NativeCall
Jan 10, 2019 6:26:19 PM org.evosuite.runtime.instrumentation.EvoClassLoader loadClass
INFO: Seeing class for first time: org.mozilla.javascript.regexp.NativeRegExp
Jan 10, 2019 6:26:19 PM org.evosuite.runtime.instrumentation.EvoClassLoader instrumentClass
INFO: Instrumenting class 'org.mozilla.javascript.regexp.NativeRegExp'.
Jan 10, 2019 6:26:19 PM org.evosuite.runtime.instrumentation.MethodCallReplacementClassAdapter visit
INFO: Adding mock interface to class org/mozilla/javascript/regexp/NativeRegExp
Jan 10, 2019 6:26:19 PM org.evosuite.runtime.instrumentation.CreateClassResetClassAdapter visitMethod
INFO: Found static initializer in class org/mozilla/javascript/regexp/NativeRegExp
Jan 10, 2019 6:26:19 PM org.evosuite.runtime.instrumentation.EvoClassLoader instrumentClass
INFO: Keeping class: org.mozilla.javascript.regexp.NativeRegExp
Jan 10, 2019 6:26:19 PM org.evosuite.runtime.instrumentation.EvoClassLoader loadClass
INFO: Seeing class for first time: org.mozilla.javascript.regexp.NativeRegExpCtor
Jan 10, 2019 6:26:19 PM org.evosuite.runtime.instrumentation.EvoClassLoader instrumentClass
INFO: Instrumenting class 'org.mozilla.javascript.regexp.NativeRegExpCtor'.
Jan 10, 2019 6:26:19 PM org.evosuite.runtime.instrumentation.MethodCallReplacementClassAdapter visit
INFO: Adding mock interface to class org/mozilla/javascript/regexp/NativeRegExpCtor
Jan 10, 2019 6:26:19 PM org.evosuite.runtime.instrumentation.CreateClassResetClassAdapter createEmptyStaticReset
INFO: Creating brand-new static initializer in class org/mozilla/javascript/regexp/NativeRegExpCtor
Jan 10, 2019 6:26:19 PM org.evosuite.runtime.instrumentation.CreateClassResetClassAdapter createEmptyStaticReset
INFO: Adding bytecode for initializing field Id_multiline
Jan 10, 2019 6:26:19 PM org.evosuite.runtime.instrumentation.CreateClassResetClassAdapter createEmptyStaticReset
INFO: Adding bytecode for initializing field Id_STAR
Jan 10, 2019 6:26:19 PM org.evosuite.runtime.instrumentation.CreateClassResetClassAdapter createEmptyStaticReset
INFO: Adding bytecode for initializing field Id_input
Jan 10, 2019 6:26:19 PM org.evosuite.runtime.instrumentation.CreateClassResetClassAdapter createEmptyStaticReset
INFO: Adding bytecode for initializing field Id_UNDERSCORE
Jan 10, 2019 6:26:19 PM org.evosuite.runtime.instrumentation.CreateClassResetClassAdapter createEmptyStaticReset
INFO: Adding bytecode for initializing field Id_lastMatch
Jan 10, 2019 6:26:19 PM org.evosuite.runtime.instrumentation.CreateClassResetClassAdapter createEmptyStaticReset
INFO: Adding bytecode for initializing field Id_AMPERSAND
Jan 10, 2019 6:26:19 PM org.evosuite.runtime.instrumentation.CreateClassResetClassAdapter createEmptyStaticReset
INFO: Adding bytecode for initializing field Id_lastParen
Jan 10, 2019 6:26:19 PM org.evosuite.runtime.instrumentation.CreateClassResetClassAdapter createEmptyStaticReset
INFO: Adding bytecode for initializing field Id_PLUS
Jan 10, 2019 6:26:19 PM org.evosuite.runtime.instrumentation.CreateClassResetClassAdapter createEmptyStaticReset
INFO: Adding bytecode for initializing field Id_leftContext
Jan 10, 2019 6:26:19 PM org.evosuite.runtime.instrumentation.CreateClassResetClassAdapter createEmptyStaticReset
INFO: Adding bytecode for initializing field Id_BACK_QUOTE
Jan 10, 2019 6:26:19 PM org.evosuite.runtime.instrumentation.CreateClassResetClassAdapter createEmptyStaticReset
INFO: Adding bytecode for initializing field Id_rightContext
Jan 10, 2019 6:26:19 PM org.evosuite.runtime.instrumentation.CreateClassResetClassAdapter createEmptyStaticReset
INFO: Adding bytecode for initializing field Id_QUOTE
Jan 10, 2019 6:26:19 PM org.evosuite.runtime.instrumentation.CreateClassResetClassAdapter createEmptyStaticReset
INFO: Adding bytecode for initializing field DOLLAR_ID_BASE
Jan 10, 2019 6:26:19 PM org.evosuite.runtime.instrumentation.CreateClassResetClassAdapter createEmptyStaticReset
INFO: Adding bytecode for initializing field Id_DOLLAR_1
Jan 10, 2019 6:26:19 PM org.evosuite.runtime.instrumentation.CreateClassResetClassAdapter createEmptyStaticReset
INFO: Adding bytecode for initializing field Id_DOLLAR_2
Jan 10, 2019 6:26:19 PM org.evosuite.runtime.instrumentation.CreateClassResetClassAdapter createEmptyStaticReset
INFO: Adding bytecode for initializing field Id_DOLLAR_3
Jan 10, 2019 6:26:19 PM org.evosuite.runtime.instrumentation.CreateClassResetClassAdapter createEmptyStaticReset
INFO: Adding bytecode for initializing field Id_DOLLAR_4
Jan 10, 2019 6:26:19 PM org.evosuite.runtime.instrumentation.CreateClassResetClassAdapter createEmptyStaticReset
INFO: Adding bytecode for initializing field Id_DOLLAR_5
Jan 10, 2019 6:26:19 PM org.evosuite.runtime.instrumentation.CreateClassResetClassAdapter createEmptyStaticReset
INFO: Adding bytecode for initializing field Id_DOLLAR_6
Jan 10, 2019 6:26:19 PM org.evosuite.runtime.instrumentation.CreateClassResetClassAdapter createEmptyStaticReset
INFO: Adding bytecode for initializing field Id_DOLLAR_7
Jan 10, 2019 6:26:19 PM org.evosuite.runtime.instrumentation.CreateClassResetClassAdapter createEmptyStaticReset
INFO: Adding bytecode for initializing field Id_DOLLAR_8
Jan 10, 2019 6:26:19 PM org.evosuite.runtime.instrumentation.CreateClassResetClassAdapter createEmptyStaticReset
INFO: Adding bytecode for initializing field Id_DOLLAR_9
Jan 10, 2019 6:26:19 PM org.evosuite.runtime.instrumentation.CreateClassResetClassAdapter createEmptyStaticReset
INFO: Adding bytecode for initializing field MAX_INSTANCE_ID
Jan 10, 2019 6:26:19 PM org.evosuite.runtime.instrumentation.EvoClassLoader instrumentClass
INFO: Keeping class: org.mozilla.javascript.regexp.NativeRegExpCtor
Jan 10, 2019 6:26:19 PM org.evosuite.runtime.instrumentation.EvoClassLoader loadClass
INFO: Seeing class for first time: org.mozilla.javascript.Node$PropListItem
Jan 10, 2019 6:26:19 PM org.evosuite.runtime.instrumentation.EvoClassLoader instrumentClass
INFO: Instrumenting class 'org.mozilla.javascript.Node$PropListItem'.
Jan 10, 2019 6:26:19 PM org.evosuite.runtime.instrumentation.MethodCallReplacementClassAdapter visit
INFO: Adding mock interface to class org/mozilla/javascript/Node$PropListItem
Jan 10, 2019 6:26:19 PM org.evosuite.runtime.instrumentation.CreateClassResetClassAdapter createEmptyStaticReset
INFO: Creating brand-new static initializer in class org/mozilla/javascript/Node$PropListItem
Jan 10, 2019 6:26:19 PM org.evosuite.runtime.instrumentation.EvoClassLoader instrumentClass
INFO: Keeping class: org.mozilla.javascript.Node$PropListItem
Jan 10, 2019 6:26:19 PM org.evosuite.runtime.instrumentation.EvoClassLoader loadClass
INFO: Seeing class for first time: org.mozilla.javascript.regexp.CompilerState
Jan 10, 2019 6:26:19 PM org.evosuite.runtime.instrumentation.EvoClassLoader instrumentClass
INFO: Instrumenting class 'org.mozilla.javascript.regexp.CompilerState'.
Jan 10, 2019 6:26:19 PM org.evosuite.runtime.instrumentation.MethodCallReplacementClassAdapter visit
INFO: Adding mock interface to class org/mozilla/javascript/regexp/CompilerState
Jan 10, 2019 6:26:19 PM org.evosuite.runtime.instrumentation.CreateClassResetClassAdapter createEmptyStaticReset
INFO: Creating brand-new static initializer in class org/mozilla/javascript/regexp/CompilerState
Jan 10, 2019 6:26:19 PM org.evosuite.runtime.instrumentation.EvoClassLoader instrumentClass
INFO: Keeping class: org.mozilla.javascript.regexp.CompilerState
Jan 10, 2019 6:26:19 PM org.evosuite.runtime.instrumentation.EvoClassLoader loadClass
INFO: Seeing class for first time: org.mozilla.javascript.NativeJavaTopPackage
Jan 10, 2019 6:26:19 PM org.evosuite.runtime.instrumentation.EvoClassLoader instrumentClass
INFO: Instrumenting class 'org.mozilla.javascript.NativeJavaTopPackage'.
Jan 10, 2019 6:26:19 PM org.evosuite.runtime.instrumentation.MethodCallReplacementClassAdapter visit
INFO: Adding mock interface to class org/mozilla/javascript/NativeJavaTopPackage
Jan 10, 2019 6:26:19 PM org.evosuite.runtime.instrumentation.CreateClassResetClassAdapter visitMethod
INFO: Found static initializer in class org/mozilla/javascript/NativeJavaTopPackage
Jan 10, 2019 6:26:19 PM org.evosuite.runtime.instrumentation.EvoClassLoader instrumentClass
INFO: Keeping class: org.mozilla.javascript.NativeJavaTopPackage
Jan 10, 2019 6:26:19 PM org.evosuite.runtime.instrumentation.EvoClassLoader loadClass
INFO: Seeing class for first time: org.mozilla.javascript.ObjToIntMap$Iterator
Jan 10, 2019 6:26:19 PM org.evosuite.runtime.instrumentation.EvoClassLoader instrumentClass
INFO: Instrumenting class 'org.mozilla.javascript.ObjToIntMap$Iterator'.
Jan 10, 2019 6:26:19 PM org.evosuite.runtime.instrumentation.MethodCallReplacementClassAdapter visit
INFO: Adding mock interface to class org/mozilla/javascript/ObjToIntMap$Iterator
Jan 10, 2019 6:26:19 PM org.evosuite.runtime.instrumentation.CreateClassResetClassAdapter createEmptyStaticReset
INFO: Creating brand-new static initializer in class org/mozilla/javascript/ObjToIntMap$Iterator
Jan 10, 2019 6:26:19 PM org.evosuite.runtime.instrumentation.EvoClassLoader instrumentClass
INFO: Keeping class: org.mozilla.javascript.ObjToIntMap$Iterator
Jan 10, 2019 6:26:19 PM org.evosuite.runtime.instrumentation.EvoClassLoader loadClass
INFO: Seeing class for first time: org.mozilla.javascript.ast.AstRoot
Jan 10, 2019 6:26:19 PM org.evosuite.runtime.instrumentation.EvoClassLoader instrumentClass
INFO: Instrumenting class 'org.mozilla.javascript.ast.AstRoot'.
Jan 10, 2019 6:26:19 PM org.evosuite.runtime.instrumentation.MethodCallReplacementClassAdapter visit
INFO: Adding mock interface to class org/mozilla/javascript/ast/AstRoot
Jan 10, 2019 6:26:19 PM org.evosuite.runtime.instrumentation.CreateClassResetClassAdapter createEmptyStaticReset
INFO: Creating brand-new static initializer in class org/mozilla/javascript/ast/AstRoot
Jan 10, 2019 6:26:19 PM org.evosuite.runtime.instrumentation.EvoClassLoader instrumentClass
INFO: Keeping class: org.mozilla.javascript.ast.AstRoot
Jan 10, 2019 6:26:19 PM org.evosuite.runtime.instrumentation.EvoClassLoader loadClass
INFO: Seeing class for first time: org.mozilla.javascript.xmlimpl.XmlNode$InternalList
Jan 10, 2019 6:26:19 PM org.evosuite.runtime.instrumentation.EvoClassLoader instrumentClass
INFO: Instrumenting class 'org.mozilla.javascript.xmlimpl.XmlNode$InternalList'.
Jan 10, 2019 6:26:19 PM org.evosuite.runtime.instrumentation.MethodCallReplacementClassAdapter visit
INFO: Adding mock interface to class org/mozilla/javascript/xmlimpl/XmlNode$InternalList
Jan 10, 2019 6:26:19 PM org.evosuite.runtime.instrumentation.CreateClassResetClassAdapter createEmptyStaticReset
INFO: Creating brand-new static initializer in class org/mozilla/javascript/xmlimpl/XmlNode$InternalList
Jan 10, 2019 6:26:19 PM org.evosuite.runtime.instrumentation.EvoClassLoader instrumentClass
INFO: Keeping class: org.mozilla.javascript.xmlimpl.XmlNode$InternalList
Jan 10, 2019 6:26:19 PM org.evosuite.runtime.instrumentation.EvoClassLoader loadClass
INFO: Seeing class for first time: org.mozilla.javascript.ContextListener
Jan 10, 2019 6:26:19 PM org.evosuite.runtime.instrumentation.EvoClassLoader instrumentClass
INFO: Instrumenting class 'org.mozilla.javascript.ContextListener'.
Jan 10, 2019 6:26:19 PM org.evosuite.runtime.instrumentation.EvoClassLoader instrumentClass
INFO: Keeping class: org.mozilla.javascript.ContextListener
Jan 10, 2019 6:26:19 PM org.evosuite.runtime.instrumentation.EvoClassLoader loadClass
INFO: Seeing class for first time: org.mozilla.javascript.tools.debugger.Dim$ContextData
Jan 10, 2019 6:26:19 PM org.evosuite.runtime.instrumentation.EvoClassLoader instrumentClass
INFO: Instrumenting class 'org.mozilla.javascript.tools.debugger.Dim$ContextData'.
Jan 10, 2019 6:26:19 PM org.evosuite.runtime.instrumentation.MethodCallReplacementClassAdapter visit
INFO: Adding mock interface to class org/mozilla/javascript/tools/debugger/Dim$ContextData
Jan 10, 2019 6:26:19 PM org.evosuite.runtime.instrumentation.CreateClassResetClassAdapter createEmptyStaticReset
INFO: Creating brand-new static initializer in class org/mozilla/javascript/tools/debugger/Dim$ContextData
Jan 10, 2019 6:26:19 PM org.evosuite.runtime.instrumentation.EvoClassLoader instrumentClass
INFO: Keeping class: org.mozilla.javascript.tools.debugger.Dim$ContextData
Jan 10, 2019 6:26:19 PM org.evosuite.runtime.instrumentation.EvoClassLoader loadClass
INFO: Seeing class for first time: org.mozilla.javascript.ScriptStackElement
Jan 10, 2019 6:26:19 PM org.evosuite.runtime.instrumentation.EvoClassLoader instrumentClass
INFO: Instrumenting class 'org.mozilla.javascript.ScriptStackElement'.
Jan 10, 2019 6:26:19 PM org.evosuite.runtime.instrumentation.MethodCallReplacementClassAdapter visit
INFO: Adding mock interface to class org/mozilla/javascript/ScriptStackElement
Jan 10, 2019 6:26:19 PM org.evosuite.runtime.instrumentation.CreateClassResetClassAdapter createEmptyStaticReset
INFO: Creating brand-new static initializer in class org/mozilla/javascript/ScriptStackElement
Jan 10, 2019 6:26:19 PM org.evosuite.runtime.instrumentation.EvoClassLoader instrumentClass
INFO: Keeping class: org.mozilla.javascript.ScriptStackElement
Jan 10, 2019 6:26:19 PM org.evosuite.runtime.instrumentation.EvoClassLoader loadClass
INFO: Seeing class for first time: org.mozilla.javascript.tools.debugger.ScopeProvider
Jan 10, 2019 6:26:19 PM org.evosuite.runtime.instrumentation.EvoClassLoader instrumentClass
INFO: Instrumenting class 'org.mozilla.javascript.tools.debugger.ScopeProvider'.
Jan 10, 2019 6:26:19 PM org.evosuite.runtime.instrumentation.EvoClassLoader instrumentClass
INFO: Keeping class: org.mozilla.javascript.tools.debugger.ScopeProvider
Jan 10, 2019 6:26:19 PM org.evosuite.runtime.instrumentation.EvoClassLoader loadClass
INFO: Seeing class for first time: org.mozilla.javascript.ScriptableObject$SlotAccess
Jan 10, 2019 6:26:19 PM org.evosuite.runtime.instrumentation.EvoClassLoader instrumentClass
INFO: Instrumenting class 'org.mozilla.javascript.ScriptableObject$SlotAccess'.
Jan 10, 2019 6:26:19 PM org.evosuite.runtime.instrumentation.MethodCallReplacementClassAdapter visit
INFO: Adding mock interface to class org/mozilla/javascript/ScriptableObject$SlotAccess
Jan 10, 2019 6:26:19 PM org.evosuite.runtime.instrumentation.CreateClassResetClassAdapter visitMethod
INFO: Found static initializer in class org/mozilla/javascript/ScriptableObject$SlotAccess
Jan 10, 2019 6:26:19 PM org.evosuite.runtime.instrumentation.EvoClassLoader instrumentClass
INFO: Keeping class: org.mozilla.javascript.ScriptableObject$SlotAccess
Jan 10, 2019 6:26:19 PM org.evosuite.runtime.instrumentation.EvoClassLoader loadClass
INFO: Seeing class for first time: org.mozilla.javascript.regexp.REBackTrackData
Jan 10, 2019 6:26:19 PM org.evosuite.runtime.instrumentation.EvoClassLoader instrumentClass
INFO: Instrumenting class 'org.mozilla.javascript.regexp.REBackTrackData'.
Jan 10, 2019 6:26:19 PM org.evosuite.runtime.instrumentation.MethodCallReplacementClassAdapter visit
INFO: Adding mock interface to class org/mozilla/javascript/regexp/REBackTrackData
Jan 10, 2019 6:26:19 PM org.evosuite.runtime.instrumentation.CreateClassResetClassAdapter createEmptyStaticReset
INFO: Creating brand-new static initializer in class org/mozilla/javascript/regexp/REBackTrackData
Jan 10, 2019 6:26:19 PM org.evosuite.runtime.instrumentation.EvoClassLoader instrumentClass
INFO: Keeping class: org.mozilla.javascript.regexp.REBackTrackData
Jan 10, 2019 6:26:19 PM org.evosuite.runtime.instrumentation.EvoClassLoader loadClass
INFO: Seeing class for first time: org.mozilla.javascript.Kit$ComplexKey
Jan 10, 2019 6:26:19 PM org.evosuite.runtime.instrumentation.EvoClassLoader instrumentClass
INFO: Instrumenting class 'org.mozilla.javascript.Kit$ComplexKey'.
Jan 10, 2019 6:26:19 PM org.evosuite.runtime.instrumentation.MethodCallReplacementClassAdapter visit
INFO: Adding mock interface to class org/mozilla/javascript/Kit$ComplexKey
Jan 10, 2019 6:26:19 PM org.evosuite.runtime.instrumentation.CreateClassResetClassAdapter createEmptyStaticReset
INFO: Creating brand-new static initializer in class org/mozilla/javascript/Kit$ComplexKey
Jan 10, 2019 6:26:19 PM org.evosuite.runtime.instrumentation.EvoClassLoader instrumentClass
INFO: Keeping class: org.mozilla.javascript.Kit$ComplexKey
Jan 10, 2019 6:26:19 PM org.evosuite.runtime.instrumentation.EvoClassLoader loadClass
INFO: Seeing class for first time: org.mozilla.javascript.GeneratedClassLoader
Jan 10, 2019 6:26:19 PM org.evosuite.runtime.instrumentation.EvoClassLoader instrumentClass
INFO: Instrumenting class 'org.mozilla.javascript.GeneratedClassLoader'.
Jan 10, 2019 6:26:19 PM org.evosuite.runtime.instrumentation.EvoClassLoader instrumentClass
INFO: Keeping class: org.mozilla.javascript.GeneratedClassLoader
Jan 10, 2019 6:26:19 PM org.evosuite.runtime.instrumentation.EvoClassLoader loadClass
INFO: Seeing class for first time: org.mozilla.javascript.tools.debugger.Main
Jan 10, 2019 6:26:19 PM org.evosuite.runtime.instrumentation.EvoClassLoader instrumentClass
INFO: Instrumenting class 'org.mozilla.javascript.tools.debugger.Main'.
Jan 10, 2019 6:26:19 PM org.evosuite.runtime.instrumentation.MethodCallReplacementClassAdapter visit
INFO: Adding mock interface to class org/mozilla/javascript/tools/debugger/Main
Jan 10, 2019 6:26:19 PM org.evosuite.runtime.instrumentation.CreateClassResetClassAdapter createEmptyStaticReset
INFO: Creating brand-new static initializer in class org/mozilla/javascript/tools/debugger/Main
Jan 10, 2019 6:26:19 PM org.evosuite.runtime.instrumentation.EvoClassLoader instrumentClass
INFO: Keeping class: org.mozilla.javascript.tools.debugger.Main
Jan 10, 2019 6:26:19 PM org.evosuite.runtime.instrumentation.EvoClassLoader loadClass
INFO: Seeing class for first time: org.mozilla.javascript.tools.shell.ShellContextFactory
Jan 10, 2019 6:26:19 PM org.evosuite.runtime.instrumentation.EvoClassLoader instrumentClass
INFO: Instrumenting class 'org.mozilla.javascript.tools.shell.ShellContextFactory'.
Jan 10, 2019 6:26:19 PM org.evosuite.runtime.instrumentation.MethodCallReplacementClassAdapter visit
INFO: Adding mock interface to class org/mozilla/javascript/tools/shell/ShellContextFactory
Jan 10, 2019 6:26:19 PM org.evosuite.runtime.instrumentation.CreateClassResetClassAdapter createEmptyStaticReset
INFO: Creating brand-new static initializer in class org/mozilla/javascript/tools/shell/ShellContextFactory
Jan 10, 2019 6:26:19 PM org.evosuite.runtime.instrumentation.EvoClassLoader instrumentClass
INFO: Keeping class: org.mozilla.javascript.tools.shell.ShellContextFactory
Jan 10, 2019 6:26:19 PM org.evosuite.runtime.instrumentation.EvoClassLoader loadClass
INFO: Seeing class for first time: org.mozilla.javascript.tools.debugger.FileHeader
Jan 10, 2019 6:26:19 PM org.evosuite.runtime.instrumentation.EvoClassLoader instrumentClass
INFO: Instrumenting class 'org.mozilla.javascript.tools.debugger.FileHeader'.
Jan 10, 2019 6:26:19 PM org.evosuite.runtime.instrumentation.MethodCallReplacementClassAdapter visit
INFO: Adding mock interface to class org/mozilla/javascript/tools/debugger/FileHeader
Jan 10, 2019 6:26:19 PM org.evosuite.runtime.instrumentation.CreateClassResetClassAdapter createEmptyStaticReset
INFO: Creating brand-new static initializer in class org/mozilla/javascript/tools/debugger/FileHeader
Jan 10, 2019 6:26:19 PM org.evosuite.runtime.instrumentation.EvoClassLoader instrumentClass
INFO: Keeping class: org.mozilla.javascript.tools.debugger.FileHeader
Jan 10, 2019 6:26:19 PM org.evosuite.runtime.instrumentation.EvoClassLoader loadClass
INFO: Seeing class for first time: org.mozilla.javascript.ScriptRuntime$NoSuchMethodShim
Jan 10, 2019 6:26:19 PM org.evosuite.runtime.instrumentation.EvoClassLoader instrumentClass
INFO: Instrumenting class 'org.mozilla.javascript.ScriptRuntime$NoSuchMethodShim'.
Jan 10, 2019 6:26:19 PM org.evosuite.runtime.instrumentation.MethodCallReplacementClassAdapter visit
INFO: Adding mock interface to class org/mozilla/javascript/ScriptRuntime$NoSuchMethodShim
Jan 10, 2019 6:26:19 PM org.evosuite.runtime.instrumentation.CreateClassResetClassAdapter createEmptyStaticReset
INFO: Creating brand-new static initializer in class org/mozilla/javascript/ScriptRuntime$NoSuchMethodShim
Jan 10, 2019 6:26:19 PM org.evosuite.runtime.instrumentation.EvoClassLoader instrumentClass
INFO: Keeping class: org.mozilla.javascript.ScriptRuntime$NoSuchMethodShim
Jan 10, 2019 6:26:19 PM org.evosuite.runtime.instrumentation.EvoClassLoader loadClass
INFO: Seeing class for first time: org.mozilla.classfile.ClassFileWriter$MHandle
Jan 10, 2019 6:26:19 PM org.evosuite.runtime.instrumentation.EvoClassLoader instrumentClass
INFO: Instrumenting class 'org.mozilla.classfile.ClassFileWriter$MHandle'.
Jan 10, 2019 6:26:19 PM org.evosuite.runtime.instrumentation.MethodCallReplacementClassAdapter visit
INFO: Adding mock interface to class org/mozilla/classfile/ClassFileWriter$MHandle
Jan 10, 2019 6:26:19 PM org.evosuite.runtime.instrumentation.CreateClassResetClassAdapter createEmptyStaticReset
INFO: Creating brand-new static initializer in class org/mozilla/classfile/ClassFileWriter$MHandle
Jan 10, 2019 6:26:19 PM org.evosuite.runtime.instrumentation.EvoClassLoader instrumentClass
INFO: Keeping class: org.mozilla.classfile.ClassFileWriter$MHandle
Jan 10, 2019 6:26:19 PM org.evosuite.runtime.instrumentation.EvoClassLoader loadClass
INFO: Seeing class for first time: org.mozilla.javascript.typedarrays.NativeInt8Array
Jan 10, 2019 6:26:19 PM org.evosuite.runtime.instrumentation.EvoClassLoader instrumentClass
INFO: Instrumenting class 'org.mozilla.javascript.typedarrays.NativeInt8Array'.
Jan 10, 2019 6:26:19 PM org.evosuite.runtime.instrumentation.MethodCallReplacementClassAdapter visit
INFO: Adding mock interface to class org/mozilla/javascript/typedarrays/NativeInt8Array
Jan 10, 2019 6:26:19 PM org.evosuite.runtime.instrumentation.CreateClassResetClassAdapter createEmptyStaticReset
INFO: Creating brand-new static initializer in class org/mozilla/javascript/typedarrays/NativeInt8Array
Jan 10, 2019 6:26:19 PM org.evosuite.runtime.instrumentation.CreateClassResetClassAdapter createEmptyStaticReset
INFO: Adding bytecode for initializing field CLASS_NAME
Jan 10, 2019 6:26:19 PM org.evosuite.runtime.instrumentation.EvoClassLoader instrumentClass
INFO: Keeping class: org.mozilla.javascript.typedarrays.NativeInt8Array
Jan 10, 2019 6:26:19 PM org.evosuite.runtime.instrumentation.EvoClassLoader loadClass
INFO: Seeing class for first time: org.mozilla.classfile.ExceptionTableEntry
Jan 10, 2019 6:26:19 PM org.evosuite.runtime.instrumentation.EvoClassLoader instrumentClass
INFO: Instrumenting class 'org.mozilla.classfile.ExceptionTableEntry'.
Jan 10, 2019 6:26:19 PM org.evosuite.runtime.instrumentation.MethodCallReplacementClassAdapter visit
INFO: Adding mock interface to class org/mozilla/classfile/ExceptionTableEntry
Jan 10, 2019 6:26:19 PM org.evosuite.runtime.instrumentation.CreateClassResetClassAdapter createEmptyStaticReset
INFO: Creating brand-new static initializer in class org/mozilla/classfile/ExceptionTableEntry
Jan 10, 2019 6:26:19 PM org.evosuite.runtime.instrumentation.EvoClassLoader instrumentClass
INFO: Keeping class: org.mozilla.classfile.ExceptionTableEntry
Jan 10, 2019 6:26:19 PM org.evosuite.runtime.instrumentation.EvoClassLoader loadClass
INFO: Seeing class for first time: org.mozilla.javascript.xmlimpl.XmlProcessor
Jan 10, 2019 6:26:19 PM org.evosuite.runtime.instrumentation.EvoClassLoader instrumentClass
INFO: Instrumenting class 'org.mozilla.javascript.xmlimpl.XmlProcessor'.
Jan 10, 2019 6:26:19 PM org.evosuite.runtime.instrumentation.MethodCallReplacementClassAdapter visit
INFO: Adding mock interface to class org/mozilla/javascript/xmlimpl/XmlProcessor
Jan 10, 2019 6:26:19 PM org.evosuite.runtime.instrumentation.CreateClassResetClassAdapter createEmptyStaticReset
INFO: Creating brand-new static initializer in class org/mozilla/javascript/xmlimpl/XmlProcessor
Jan 10, 2019 6:26:19 PM org.evosuite.runtime.instrumentation.EvoClassLoader instrumentClass
INFO: Keeping class: org.mozilla.javascript.xmlimpl.XmlProcessor
Jan 10, 2019 6:26:19 PM org.evosuite.runtime.instrumentation.EvoClassLoader loadClass
INFO: Seeing class for first time: org.mozilla.classfile.ClassFileWriter$BootstrapEntry
Jan 10, 2019 6:26:19 PM org.evosuite.runtime.instrumentation.EvoClassLoader instrumentClass
INFO: Instrumenting class 'org.mozilla.classfile.ClassFileWriter$BootstrapEntry'.
Jan 10, 2019 6:26:19 PM org.evosuite.runtime.instrumentation.MethodCallReplacementClassAdapter visit
INFO: Adding mock interface to class org/mozilla/classfile/ClassFileWriter$BootstrapEntry
Jan 10, 2019 6:26:19 PM org.evosuite.runtime.instrumentation.CreateClassResetClassAdapter createEmptyStaticReset
INFO: Creating brand-new static initializer in class org/mozilla/classfile/ClassFileWriter$BootstrapEntry
Jan 10, 2019 6:26:19 PM org.evosuite.runtime.instrumentation.EvoClassLoader instrumentClass
INFO: Keeping class: org.mozilla.classfile.ClassFileWriter$BootstrapEntry
Jan 10, 2019 6:26:19 PM org.evosuite.runtime.instrumentation.EvoClassLoader loadClass
INFO: Seeing class for first time: org.mozilla.javascript.optimizer.OptFunctionNode
Jan 10, 2019 6:26:19 PM org.evosuite.runtime.instrumentation.EvoClassLoader instrumentClass
INFO: Instrumenting class 'org.mozilla.javascript.optimizer.OptFunctionNode'.
Jan 10, 2019 6:26:19 PM org.evosuite.runtime.instrumentation.MethodCallReplacementClassAdapter visit
INFO: Adding mock interface to class org/mozilla/javascript/optimizer/OptFunctionNode
Jan 10, 2019 6:26:19 PM org.evosuite.runtime.instrumentation.CreateClassResetClassAdapter createEmptyStaticReset
INFO: Creating brand-new static initializer in class org/mozilla/javascript/optimizer/OptFunctionNode
Jan 10, 2019 6:26:19 PM org.evosuite.runtime.instrumentation.EvoClassLoader instrumentClass
INFO: Keeping class: org.mozilla.javascript.optimizer.OptFunctionNode
Jan 10, 2019 6:26:19 PM org.evosuite.runtime.instrumentation.EvoClassLoader loadClass
INFO: Seeing class for first time: org.mozilla.javascript.NativeJavaClass
Jan 10, 2019 6:26:19 PM org.evosuite.runtime.instrumentation.EvoClassLoader instrumentClass
INFO: Instrumenting class 'org.mozilla.javascript.NativeJavaClass'.
Jan 10, 2019 6:26:19 PM org.evosuite.runtime.instrumentation.MethodCallReplacementClassAdapter visit
INFO: Adding mock interface to class org/mozilla/javascript/NativeJavaClass
Jan 10, 2019 6:26:19 PM org.evosuite.runtime.instrumentation.CreateClassResetClassAdapter createEmptyStaticReset
INFO: Creating brand-new static initializer in class org/mozilla/javascript/NativeJavaClass
Jan 10, 2019 6:26:19 PM org.evosuite.runtime.instrumentation.CreateClassResetClassAdapter createEmptyStaticReset
INFO: Adding bytecode for initializing field javaClassPropertyName
Jan 10, 2019 6:26:19 PM org.evosuite.runtime.instrumentation.EvoClassLoader instrumentClass
INFO: Keeping class: org.mozilla.javascript.NativeJavaClass
Jan 10, 2019 6:26:19 PM org.evosuite.runtime.instrumentation.EvoClassLoader loadClass
INFO: Seeing class for first time: org.mozilla.javascript.xmlimpl.XmlNode$QName
Jan 10, 2019 6:26:19 PM org.evosuite.runtime.instrumentation.EvoClassLoader instrumentClass
INFO: Instrumenting class 'org.mozilla.javascript.xmlimpl.XmlNode$QName'.
Jan 10, 2019 6:26:19 PM org.evosuite.runtime.instrumentation.MethodCallReplacementClassAdapter visit
INFO: Adding mock interface to class org/mozilla/javascript/xmlimpl/XmlNode$QName
Jan 10, 2019 6:26:19 PM org.evosuite.runtime.instrumentation.CreateClassResetClassAdapter createEmptyStaticReset
INFO: Creating brand-new static initializer in class org/mozilla/javascript/xmlimpl/XmlNode$QName
Jan 10, 2019 6:26:19 PM org.evosuite.runtime.instrumentation.EvoClassLoader instrumentClass
INFO: Keeping class: org.mozilla.javascript.xmlimpl.XmlNode$QName
Jan 10, 2019 6:26:19 PM org.evosuite.runtime.instrumentation.EvoClassLoader loadClass
INFO: Seeing class for first time: org.mozilla.javascript.UintMap
Jan 10, 2019 6:26:19 PM org.evosuite.runtime.instrumentation.EvoClassLoader instrumentClass
INFO: Instrumenting class 'org.mozilla.javascript.UintMap'.
Jan 10, 2019 6:26:19 PM org.evosuite.runtime.instrumentation.MethodCallReplacementClassAdapter visit
INFO: Adding mock interface to class org/mozilla/javascript/UintMap
Jan 10, 2019 6:26:20 PM org.evosuite.runtime.instrumentation.CreateClassResetClassAdapter createEmptyStaticReset
INFO: Creating brand-new static initializer in class org/mozilla/javascript/UintMap
Jan 10, 2019 6:26:20 PM org.evosuite.runtime.instrumentation.CreateClassResetClassAdapter createEmptyStaticReset
INFO: Adding bytecode for initializing field A
Jan 10, 2019 6:26:20 PM org.evosuite.runtime.instrumentation.CreateClassResetClassAdapter createEmptyStaticReset
INFO: Adding bytecode for initializing field EMPTY
Jan 10, 2019 6:26:20 PM org.evosuite.runtime.instrumentation.CreateClassResetClassAdapter createEmptyStaticReset
INFO: Adding bytecode for initializing field DELETED
Jan 10, 2019 6:26:20 PM org.evosuite.runtime.instrumentation.CreateClassResetClassAdapter createEmptyStaticReset
INFO: Adding bytecode for initializing field check
Jan 10, 2019 6:26:20 PM org.evosuite.runtime.instrumentation.EvoClassLoader instrumentClass
INFO: Keeping class: org.mozilla.javascript.UintMap
Jan 10, 2019 6:26:20 PM org.evosuite.runtime.instrumentation.EvoClassLoader loadClass
INFO: Seeing class for first time: org.mozilla.javascript.regexp.SubString
Jan 10, 2019 6:26:20 PM org.evosuite.runtime.instrumentation.EvoClassLoader instrumentClass
INFO: Instrumenting class 'org.mozilla.javascript.regexp.SubString'.
Jan 10, 2019 6:26:20 PM org.evosuite.runtime.instrumentation.MethodCallReplacementClassAdapter visit
INFO: Adding mock interface to class org/mozilla/javascript/regexp/SubString
Jan 10, 2019 6:26:20 PM org.evosuite.runtime.instrumentation.CreateClassResetClassAdapter createEmptyStaticReset
INFO: Creating brand-new static initializer in class org/mozilla/javascript/regexp/SubString
Jan 10, 2019 6:26:20 PM org.evosuite.runtime.instrumentation.EvoClassLoader instrumentClass
INFO: Keeping class: org.mozilla.javascript.regexp.SubString
Jan 10, 2019 6:26:20 PM org.evosuite.runtime.instrumentation.EvoClassLoader loadClass
INFO: Seeing class for first time: org.mozilla.javascript.typedarrays.NativeInt16Array
Jan 10, 2019 6:26:20 PM org.evosuite.runtime.instrumentation.EvoClassLoader instrumentClass
INFO: Instrumenting class 'org.mozilla.javascript.typedarrays.NativeInt16Array'.
Jan 10, 2019 6:26:20 PM org.evosuite.runtime.instrumentation.MethodCallReplacementClassAdapter visit
INFO: Adding mock interface to class org/mozilla/javascript/typedarrays/NativeInt16Array
Jan 10, 2019 6:26:20 PM org.evosuite.runtime.instrumentation.CreateClassResetClassAdapter createEmptyStaticReset
INFO: Creating brand-new static initializer in class org/mozilla/javascript/typedarrays/NativeInt16Array
Jan 10, 2019 6:26:20 PM org.evosuite.runtime.instrumentation.CreateClassResetClassAdapter createEmptyStaticReset
INFO: Adding bytecode for initializing field CLASS_NAME
Jan 10, 2019 6:26:20 PM org.evosuite.runtime.instrumentation.CreateClassResetClassAdapter createEmptyStaticReset
INFO: Adding bytecode for initializing field BYTES_PER_ELEMENT
Jan 10, 2019 6:26:20 PM org.evosuite.runtime.instrumentation.EvoClassLoader instrumentClass
INFO: Keeping class: org.mozilla.javascript.typedarrays.NativeInt16Array
Jan 10, 2019 6:26:20 PM org.evosuite.runtime.instrumentation.EvoClassLoader loadClass
INFO: Seeing class for first time: org.mozilla.javascript.Token$CommentType
Jan 10, 2019 6:26:20 PM org.evosuite.runtime.instrumentation.EvoClassLoader instrumentClass
INFO: Instrumenting class 'org.mozilla.javascript.Token$CommentType'.
Jan 10, 2019 6:26:20 PM org.evosuite.runtime.instrumentation.MethodCallReplacementClassAdapter visit
INFO: Adding mock interface to class org/mozilla/javascript/Token$CommentType
Jan 10, 2019 6:26:20 PM org.evosuite.runtime.instrumentation.CreateClassResetClassAdapter visitMethod
INFO: Found static initializer in class org/mozilla/javascript/Token$CommentType
Jan 10, 2019 6:26:20 PM org.evosuite.runtime.instrumentation.EvoClassLoader instrumentClass
INFO: Keeping class: org.mozilla.javascript.Token$CommentType
Jan 10, 2019 6:26:20 PM org.evosuite.runtime.instrumentation.EvoClassLoader loadClass
INFO: Seeing class for first time: org.mozilla.javascript.tools.debugger.EvalTextArea
Jan 10, 2019 6:26:20 PM org.evosuite.runtime.instrumentation.EvoClassLoader instrumentClass
INFO: Instrumenting class 'org.mozilla.javascript.tools.debugger.EvalTextArea'.
Jan 10, 2019 6:26:20 PM org.evosuite.runtime.instrumentation.MethodCallReplacementClassAdapter visit
INFO: Adding mock interface to class org/mozilla/javascript/tools/debugger/EvalTextArea
Jan 10, 2019 6:26:20 PM org.evosuite.runtime.instrumentation.CreateClassResetClassAdapter createEmptyStaticReset
INFO: Creating brand-new static initializer in class org/mozilla/javascript/tools/debugger/EvalTextArea
Jan 10, 2019 6:26:20 PM org.evosuite.runtime.instrumentation.EvoClassLoader instrumentClass
INFO: Keeping class: org.mozilla.javascript.tools.debugger.EvalTextArea
Jan 10, 2019 6:26:20 PM org.evosuite.runtime.instrumentation.EvoClassLoader loadClass
INFO: Seeing class for first time: org.mozilla.javascript.tools.debugger.SourceProvider
Jan 10, 2019 6:26:20 PM org.evosuite.runtime.instrumentation.EvoClassLoader instrumentClass
INFO: Instrumenting class 'org.mozilla.javascript.tools.debugger.SourceProvider'.
Jan 10, 2019 6:26:20 PM org.evosuite.runtime.instrumentation.EvoClassLoader instrumentClass
INFO: Keeping class: org.mozilla.javascript.tools.debugger.SourceProvider
Jan 10, 2019 6:26:20 PM org.evosuite.runtime.instrumentation.EvoClassLoader loadClass
INFO: Seeing class for first time: org.mozilla.javascript.NativeArray$ElementComparator
Jan 10, 2019 6:26:20 PM org.evosuite.runtime.instrumentation.EvoClassLoader instrumentClass
INFO: Instrumenting class 'org.mozilla.javascript.NativeArray$ElementComparator'.
Jan 10, 2019 6:26:20 PM org.evosuite.runtime.instrumentation.MethodCallReplacementClassAdapter visit
INFO: Adding mock interface to class org/mozilla/javascript/NativeArray$ElementComparator
Jan 10, 2019 6:26:20 PM org.evosuite.runtime.instrumentation.CreateClassResetClassAdapter createEmptyStaticReset
INFO: Creating brand-new static initializer in class org/mozilla/javascript/NativeArray$ElementComparator
Jan 10, 2019 6:26:20 PM org.evosuite.runtime.instrumentation.EvoClassLoader instrumentClass
INFO: Keeping class: org.mozilla.javascript.NativeArray$ElementComparator
Jan 10, 2019 6:26:20 PM org.evosuite.runtime.instrumentation.EvoClassLoader loadClass
INFO: Seeing class for first time: org.mozilla.javascript.tools.debugger.treetable.JTreeTable
Jan 10, 2019 6:26:20 PM org.evosuite.runtime.instrumentation.EvoClassLoader instrumentClass
INFO: Instrumenting class 'org.mozilla.javascript.tools.debugger.treetable.JTreeTable'.
Jan 10, 2019 6:26:20 PM org.evosuite.runtime.instrumentation.MethodCallReplacementClassAdapter visit
INFO: Adding mock interface to class org/mozilla/javascript/tools/debugger/treetable/JTreeTable
Jan 10, 2019 6:26:20 PM org.evosuite.runtime.instrumentation.CreateClassResetClassAdapter createEmptyStaticReset
INFO: Creating brand-new static initializer in class org/mozilla/javascript/tools/debugger/treetable/JTreeTable
Jan 10, 2019 6:26:20 PM org.evosuite.runtime.instrumentation.EvoClassLoader instrumentClass
INFO: Keeping class: org.mozilla.javascript.tools.debugger.treetable.JTreeTable
Jan 10, 2019 6:26:20 PM org.evosuite.runtime.instrumentation.EvoClassLoader loadClass
INFO: Seeing class for first time: org.mozilla.javascript.regexp.RENode
Jan 10, 2019 6:26:20 PM org.evosuite.runtime.instrumentation.EvoClassLoader instrumentClass
INFO: Instrumenting class 'org.mozilla.javascript.regexp.RENode'.
Jan 10, 2019 6:26:20 PM org.evosuite.runtime.instrumentation.MethodCallReplacementClassAdapter visit
INFO: Adding mock interface to class org/mozilla/javascript/regexp/RENode
Jan 10, 2019 6:26:20 PM org.evosuite.runtime.instrumentation.CreateClassResetClassAdapter createEmptyStaticReset
INFO: Creating brand-new static initializer in class org/mozilla/javascript/regexp/RENode
Jan 10, 2019 6:26:20 PM org.evosuite.runtime.instrumentation.EvoClassLoader instrumentClass
INFO: Keeping class: org.mozilla.javascript.regexp.RENode
Jan 10, 2019 6:26:20 PM org.evosuite.runtime.instrumentation.EvoClassLoader loadClass
INFO: Seeing class for first time: org.mozilla.javascript.tools.debugger.MyTreeTable
Jan 10, 2019 6:26:20 PM org.evosuite.runtime.instrumentation.EvoClassLoader instrumentClass
INFO: Instrumenting class 'org.mozilla.javascript.tools.debugger.MyTreeTable'.
Jan 10, 2019 6:26:20 PM org.evosuite.runtime.instrumentation.MethodCallReplacementClassAdapter visit
INFO: Adding mock interface to class org/mozilla/javascript/tools/debugger/MyTreeTable
Jan 10, 2019 6:26:20 PM org.evosuite.runtime.instrumentation.CreateClassResetClassAdapter createEmptyStaticReset
INFO: Creating brand-new static initializer in class org/mozilla/javascript/tools/debugger/MyTreeTable
Jan 10, 2019 6:26:20 PM org.evosuite.runtime.instrumentation.EvoClassLoader instrumentClass
INFO: Keeping class: org.mozilla.javascript.tools.debugger.MyTreeTable
Jan 10, 2019 6:26:20 PM org.evosuite.runtime.instrumentation.EvoClassLoader loadClass
INFO: Seeing class for first time: org.mozilla.javascript.optimizer.OptRuntime
Jan 10, 2019 6:26:20 PM org.evosuite.runtime.instrumentation.EvoClassLoader instrumentClass
INFO: Instrumenting class 'org.mozilla.javascript.optimizer.OptRuntime'.
Jan 10, 2019 6:26:20 PM org.evosuite.runtime.instrumentation.MethodCallReplacementClassAdapter visit
INFO: Adding mock interface to class org/mozilla/javascript/optimizer/OptRuntime
Jan 10, 2019 6:26:20 PM org.evosuite.runtime.instrumentation.CreateClassResetClassAdapter visitMethod
INFO: Found static initializer in class org/mozilla/javascript/optimizer/OptRuntime
Jan 10, 2019 6:26:20 PM org.evosuite.runtime.instrumentation.EvoClassLoader instrumentClass
INFO: Keeping class: org.mozilla.javascript.optimizer.OptRuntime
Jan 10, 2019 6:26:20 PM org.evosuite.runtime.instrumentation.EvoClassLoader loadClass
INFO: Seeing class for first time: org.mozilla.classfile.ClassFileWriter
Jan 10, 2019 6:26:20 PM org.evosuite.runtime.instrumentation.EvoClassLoader instrumentClass
INFO: Instrumenting class 'org.mozilla.classfile.ClassFileWriter'.
Jan 10, 2019 6:26:20 PM org.evosuite.runtime.instrumentation.MethodCallReplacementClassAdapter visit
INFO: Adding mock interface to class org/mozilla/classfile/ClassFileWriter
Jan 10, 2019 6:26:20 PM org.evosuite.runtime.instrumentation.CreateClassResetClassAdapter visitMethod
INFO: Found static initializer in class org/mozilla/classfile/ClassFileWriter
Jan 10, 2019 6:26:20 PM org.evosuite.runtime.instrumentation.EvoClassLoader instrumentClass
INFO: Keeping class: org.mozilla.classfile.ClassFileWriter
Jan 10, 2019 6:26:20 PM org.evosuite.runtime.instrumentation.EvoClassLoader loadClass
INFO: Seeing class for first time: org.mozilla.javascript.xmlimpl.XmlNode$Namespaces
Jan 10, 2019 6:26:20 PM org.evosuite.runtime.instrumentation.EvoClassLoader instrumentClass
INFO: Instrumenting class 'org.mozilla.javascript.xmlimpl.XmlNode$Namespaces'.
Jan 10, 2019 6:26:20 PM org.evosuite.runtime.instrumentation.MethodCallReplacementClassAdapter visit
INFO: Adding mock interface to class org/mozilla/javascript/xmlimpl/XmlNode$Namespaces
Jan 10, 2019 6:26:20 PM org.evosuite.runtime.instrumentation.CreateClassResetClassAdapter createEmptyStaticReset
INFO: Creating brand-new static initializer in class org/mozilla/javascript/xmlimpl/XmlNode$Namespaces
Jan 10, 2019 6:26:20 PM org.evosuite.runtime.instrumentation.EvoClassLoader instrumentClass
INFO: Keeping class: org.mozilla.javascript.xmlimpl.XmlNode$Namespaces
Jan 10, 2019 6:26:20 PM org.evosuite.runtime.instrumentation.EvoClassLoader loadClass
INFO: Seeing class for first time: org.mozilla.javascript.tools.debugger.Dim$SourceInfo
Jan 10, 2019 6:26:20 PM org.evosuite.runtime.instrumentation.EvoClassLoader instrumentClass
INFO: Instrumenting class 'org.mozilla.javascript.tools.debugger.Dim$SourceInfo'.
Jan 10, 2019 6:26:20 PM org.evosuite.runtime.instrumentation.MethodCallReplacementClassAdapter visit
INFO: Adding mock interface to class org/mozilla/javascript/tools/debugger/Dim$SourceInfo
Jan 10, 2019 6:26:20 PM org.evosuite.runtime.instrumentation.CreateClassResetClassAdapter visitMethod
INFO: Found static initializer in class org/mozilla/javascript/tools/debugger/Dim$SourceInfo
Jan 10, 2019 6:26:20 PM org.evosuite.runtime.instrumentation.EvoClassLoader instrumentClass
INFO: Keeping class: org.mozilla.javascript.tools.debugger.Dim$SourceInfo
Jan 10, 2019 6:26:20 PM org.evosuite.runtime.instrumentation.EvoClassLoader loadClass
INFO: Seeing class for first time: org.mozilla.javascript.tools.debugger.Dim$FunctionSource
Jan 10, 2019 6:26:20 PM org.evosuite.runtime.instrumentation.EvoClassLoader instrumentClass
INFO: Instrumenting class 'org.mozilla.javascript.tools.debugger.Dim$FunctionSource'.
Jan 10, 2019 6:26:20 PM org.evosuite.runtime.instrumentation.MethodCallReplacementClassAdapter visit
INFO: Adding mock interface to class org/mozilla/javascript/tools/debugger/Dim$FunctionSource
Jan 10, 2019 6:26:20 PM org.evosuite.runtime.instrumentation.CreateClassResetClassAdapter createEmptyStaticReset
INFO: Creating brand-new static initializer in class org/mozilla/javascript/tools/debugger/Dim$FunctionSource
Jan 10, 2019 6:26:20 PM org.evosuite.runtime.instrumentation.EvoClassLoader instrumentClass
INFO: Keeping class: org.mozilla.javascript.tools.debugger.Dim$FunctionSource
Jan 10, 2019 6:26:20 PM org.evosuite.runtime.instrumentation.EvoClassLoader loadClass
INFO: Seeing class for first time: org.mozilla.javascript.typedarrays.NativeDataView
Jan 10, 2019 6:26:20 PM org.evosuite.runtime.instrumentation.EvoClassLoader instrumentClass
INFO: Instrumenting class 'org.mozilla.javascript.typedarrays.NativeDataView'.
Jan 10, 2019 6:26:20 PM org.evosuite.runtime.instrumentation.MethodCallReplacementClassAdapter visit
INFO: Adding mock interface to class org/mozilla/javascript/typedarrays/NativeDataView
Jan 10, 2019 6:26:20 PM org.evosuite.runtime.instrumentation.CreateClassResetClassAdapter createEmptyStaticReset
INFO: Creating brand-new static initializer in class org/mozilla/javascript/typedarrays/NativeDataView
Jan 10, 2019 6:26:20 PM org.evosuite.runtime.instrumentation.CreateClassResetClassAdapter createEmptyStaticReset
INFO: Adding bytecode for initializing field CLASS_NAME
Jan 10, 2019 6:26:20 PM org.evosuite.runtime.instrumentation.CreateClassResetClassAdapter createEmptyStaticReset
INFO: Adding bytecode for initializing field Id_constructor
Jan 10, 2019 6:26:20 PM org.evosuite.runtime.instrumentation.CreateClassResetClassAdapter createEmptyStaticReset
INFO: Adding bytecode for initializing field Id_getInt8
Jan 10, 2019 6:26:20 PM org.evosuite.runtime.instrumentation.CreateClassResetClassAdapter createEmptyStaticReset
INFO: Adding bytecode for initializing field Id_getUint8
Jan 10, 2019 6:26:20 PM org.evosuite.runtime.instrumentation.CreateClassResetClassAdapter createEmptyStaticReset
INFO: Adding bytecode for initializing field Id_getInt16
Jan 10, 2019 6:26:20 PM org.evosuite.runtime.instrumentation.CreateClassResetClassAdapter createEmptyStaticReset
INFO: Adding bytecode for initializing field Id_getUint16
Jan 10, 2019 6:26:20 PM org.evosuite.runtime.instrumentation.CreateClassResetClassAdapter createEmptyStaticReset
INFO: Adding bytecode for initializing field Id_getInt32
Jan 10, 2019 6:26:20 PM org.evosuite.runtime.instrumentation.CreateClassResetClassAdapter createEmptyStaticReset
INFO: Adding bytecode for initializing field Id_getUint32
Jan 10, 2019 6:26:20 PM org.evosuite.runtime.instrumentation.CreateClassResetClassAdapter createEmptyStaticReset
INFO: Adding bytecode for initializing field Id_getFloat32
Jan 10, 2019 6:26:20 PM org.evosuite.runtime.instrumentation.CreateClassResetClassAdapter createEmptyStaticReset
INFO: Adding bytecode for initializing field Id_getFloat64
Jan 10, 2019 6:26:20 PM org.evosuite.runtime.instrumentation.CreateClassResetClassAdapter createEmptyStaticReset
INFO: Adding bytecode for initializing field Id_setInt8
Jan 10, 2019 6:26:20 PM org.evosuite.runtime.instrumentation.CreateClassResetClassAdapter createEmptyStaticReset
INFO: Adding bytecode for initializing field Id_setUint8
Jan 10, 2019 6:26:20 PM org.evosuite.runtime.instrumentation.CreateClassResetClassAdapter createEmptyStaticReset
INFO: Adding bytecode for initializing field Id_setInt16
Jan 10, 2019 6:26:20 PM org.evosuite.runtime.instrumentation.CreateClassResetClassAdapter createEmptyStaticReset
INFO: Adding bytecode for initializing field Id_setUint16
Jan 10, 2019 6:26:20 PM org.evosuite.runtime.instrumentation.CreateClassResetClassAdapter createEmptyStaticReset
INFO: Adding bytecode for initializing field Id_setInt32
Jan 10, 2019 6:26:20 PM org.evosuite.runtime.instrumentation.CreateClassResetClassAdapter createEmptyStaticReset
INFO: Adding bytecode for initializing field Id_setUint32
Jan 10, 2019 6:26:20 PM org.evosuite.runtime.instrumentation.CreateClassResetClassAdapter createEmptyStaticReset
INFO: Adding bytecode for initializing field Id_setFloat32
Jan 10, 2019 6:26:20 PM org.evosuite.runtime.instrumentation.CreateClassResetClassAdapter createEmptyStaticReset
INFO: Adding bytecode for initializing field Id_setFloat64
Jan 10, 2019 6:26:20 PM org.evosuite.runtime.instrumentation.CreateClassResetClassAdapter createEmptyStaticReset
INFO: Adding bytecode for initializing field MAX_PROTOTYPE_ID
Jan 10, 2019 6:26:20 PM org.evosuite.runtime.instrumentation.EvoClassLoader instrumentClass
INFO: Keeping class: org.mozilla.javascript.typedarrays.NativeDataView
Jan 10, 2019 6:26:20 PM org.evosuite.runtime.instrumentation.EvoClassLoader loadClass
INFO: Seeing class for first time: org.mozilla.javascript.MemberBox
Jan 10, 2019 6:26:20 PM org.evosuite.runtime.instrumentation.EvoClassLoader instrumentClass
INFO: Instrumenting class 'org.mozilla.javascript.MemberBox'.
Jan 10, 2019 6:26:20 PM org.evosuite.runtime.instrumentation.MethodCallReplacementClassAdapter visit
INFO: Adding mock interface to class org/mozilla/javascript/MemberBox
Jan 10, 2019 6:26:20 PM org.evosuite.runtime.instrumentation.CreateClassResetClassAdapter visitMethod
INFO: Found static initializer in class org/mozilla/javascript/MemberBox
Jan 10, 2019 6:26:20 PM org.evosuite.runtime.instrumentation.EvoClassLoader instrumentClass
INFO: Keeping class: org.mozilla.javascript.MemberBox
Jan 10, 2019 6:26:20 PM org.evosuite.runtime.instrumentation.EvoClassLoader loadClass
INFO: Seeing class for first time: org.mozilla.javascript.Interpreter$GeneratorState
Jan 10, 2019 6:26:20 PM org.evosuite.runtime.instrumentation.EvoClassLoader instrumentClass
INFO: Instrumenting class 'org.mozilla.javascript.Interpreter$GeneratorState'.
Jan 10, 2019 6:26:20 PM org.evosuite.runtime.instrumentation.MethodCallReplacementClassAdapter visit
INFO: Adding mock interface to class org/mozilla/javascript/Interpreter$GeneratorState
Jan 10, 2019 6:26:20 PM org.evosuite.runtime.instrumentation.CreateClassResetClassAdapter createEmptyStaticReset
INFO: Creating brand-new static initializer in class org/mozilla/javascript/Interpreter$GeneratorState
Jan 10, 2019 6:26:20 PM org.evosuite.runtime.instrumentation.EvoClassLoader instrumentClass
INFO: Keeping class: org.mozilla.javascript.Interpreter$GeneratorState
Jan 10, 2019 6:26:20 PM org.evosuite.runtime.instrumentation.EvoClassLoader loadClass
INFO: Seeing class for first time: org.mozilla.javascript.ScriptRuntime$IdEnumeration
Jan 10, 2019 6:26:20 PM org.evosuite.runtime.instrumentation.EvoClassLoader instrumentClass
INFO: Instrumenting class 'org.mozilla.javascript.ScriptRuntime$IdEnumeration'.
Jan 10, 2019 6:26:20 PM org.evosuite.runtime.instrumentation.MethodCallReplacementClassAdapter visit
INFO: Adding mock interface to class org/mozilla/javascript/ScriptRuntime$IdEnumeration
Jan 10, 2019 6:26:20 PM org.evosuite.runtime.instrumentation.CreateClassResetClassAdapter createEmptyStaticReset
INFO: Creating brand-new static initializer in class org/mozilla/javascript/ScriptRuntime$IdEnumeration
Jan 10, 2019 6:26:20 PM org.evosuite.runtime.instrumentation.EvoClassLoader instrumentClass
INFO: Keeping class: org.mozilla.javascript.ScriptRuntime$IdEnumeration
Jan 10, 2019 6:26:20 PM org.evosuite.runtime.instrumentation.EvoClassLoader loadClass
INFO: Seeing class for first time: org.mozilla.classfile.SuperBlock
Jan 10, 2019 6:26:20 PM org.evosuite.runtime.instrumentation.EvoClassLoader instrumentClass
INFO: Instrumenting class 'org.mozilla.classfile.SuperBlock'.
Jan 10, 2019 6:26:20 PM org.evosuite.runtime.instrumentation.MethodCallReplacementClassAdapter visit
INFO: Adding mock interface to class org/mozilla/classfile/SuperBlock
Jan 10, 2019 6:26:20 PM org.evosuite.runtime.instrumentation.CreateClassResetClassAdapter createEmptyStaticReset
INFO: Creating brand-new static initializer in class org/mozilla/classfile/SuperBlock
Jan 10, 2019 6:26:20 PM org.evosuite.runtime.instrumentation.EvoClassLoader instrumentClass
INFO: Keeping class: org.mozilla.classfile.SuperBlock
Jan 10, 2019 6:26:20 PM org.evosuite.runtime.instrumentation.EvoClassLoader loadClass
INFO: Seeing class for first time: org.mozilla.javascript.typedarrays.NativeUint32Array
Jan 10, 2019 6:26:20 PM org.evosuite.runtime.instrumentation.EvoClassLoader instrumentClass
INFO: Instrumenting class 'org.mozilla.javascript.typedarrays.NativeUint32Array'.
Jan 10, 2019 6:26:20 PM org.evosuite.runtime.instrumentation.MethodCallReplacementClassAdapter visit
INFO: Adding mock interface to class org/mozilla/javascript/typedarrays/NativeUint32Array
Jan 10, 2019 6:26:20 PM org.evosuite.runtime.instrumentation.CreateClassResetClassAdapter createEmptyStaticReset
INFO: Creating brand-new static initializer in class org/mozilla/javascript/typedarrays/NativeUint32Array
Jan 10, 2019 6:26:20 PM org.evosuite.runtime.instrumentation.CreateClassResetClassAdapter createEmptyStaticReset
INFO: Adding bytecode for initializing field CLASS_NAME
Jan 10, 2019 6:26:20 PM org.evosuite.runtime.instrumentation.CreateClassResetClassAdapter createEmptyStaticReset
INFO: Adding bytecode for initializing field BYTES_PER_ELEMENT
Jan 10, 2019 6:26:20 PM org.evosuite.runtime.instrumentation.EvoClassLoader instrumentClass
INFO: Keeping class: org.mozilla.javascript.typedarrays.NativeUint32Array
Jan 10, 2019 6:26:20 PM org.evosuite.runtime.instrumentation.EvoClassLoader loadClass
INFO: Seeing class for first time: org.mozilla.javascript.xmlimpl.Namespace
Jan 10, 2019 6:26:20 PM org.evosuite.runtime.instrumentation.EvoClassLoader instrumentClass
INFO: Instrumenting class 'org.mozilla.javascript.xmlimpl.Namespace'.
Jan 10, 2019 6:26:20 PM org.evosuite.runtime.instrumentation.MethodCallReplacementClassAdapter visit
INFO: Adding mock interface to class org/mozilla/javascript/xmlimpl/Namespace
Jan 10, 2019 6:26:20 PM org.evosuite.runtime.instrumentation.CreateClassResetClassAdapter visitMethod
INFO: Found static initializer in class org/mozilla/javascript/xmlimpl/Namespace
Jan 10, 2019 6:26:20 PM org.evosuite.runtime.instrumentation.EvoClassLoader instrumentClass
INFO: Keeping class: org.mozilla.javascript.xmlimpl.Namespace
Jan 10, 2019 6:26:20 PM org.evosuite.runtime.instrumentation.EvoClassLoader loadClass
INFO: Seeing class for first time: org.mozilla.javascript.xml.XMLLib$Factory
Jan 10, 2019 6:26:20 PM org.evosuite.runtime.instrumentation.EvoClassLoader instrumentClass
INFO: Instrumenting class 'org.mozilla.javascript.xml.XMLLib$Factory'.
Jan 10, 2019 6:26:20 PM org.evosuite.runtime.instrumentation.MethodCallReplacementClassAdapter visit
INFO: Adding mock interface to class org/mozilla/javascript/xml/XMLLib$Factory
Jan 10, 2019 6:26:20 PM org.evosuite.runtime.instrumentation.CreateClassResetClassAdapter createEmptyStaticReset
INFO: Creating brand-new static initializer in class org/mozilla/javascript/xml/XMLLib$Factory
Jan 10, 2019 6:26:20 PM org.evosuite.runtime.instrumentation.EvoClassLoader instrumentClass
INFO: Keeping class: org.mozilla.javascript.xml.XMLLib$Factory
Jan 10, 2019 6:26:20 PM org.evosuite.runtime.instrumentation.EvoClassLoader loadClass
INFO: Seeing class for first time: org.mozilla.javascript.xml.XMLLib$Factory$1
Jan 10, 2019 6:26:20 PM org.evosuite.runtime.instrumentation.EvoClassLoader instrumentClass
INFO: Instrumenting class 'org.mozilla.javascript.xml.XMLLib$Factory$1'.
Jan 10, 2019 6:26:20 PM org.evosuite.runtime.instrumentation.MethodCallReplacementClassAdapter visit
INFO: Adding mock interface to class org/mozilla/javascript/xml/XMLLib$Factory$1
Jan 10, 2019 6:26:20 PM org.evosuite.runtime.instrumentation.EvoClassLoader instrumentClass
INFO: Keeping class: org.mozilla.javascript.xml.XMLLib$Factory$1
Jan 10, 2019 6:26:20 PM org.evosuite.runtime.instrumentation.EvoClassLoader loadClass
INFO: Seeing class for first time: org.mozilla.javascript.SecurityController
Jan 10, 2019 6:26:20 PM org.evosuite.runtime.instrumentation.EvoClassLoader instrumentClass
INFO: Instrumenting class 'org.mozilla.javascript.SecurityController'.
Jan 10, 2019 6:26:20 PM org.evosuite.runtime.instrumentation.MethodCallReplacementClassAdapter visit
INFO: Adding mock interface to class org/mozilla/javascript/SecurityController
Jan 10, 2019 6:26:20 PM org.evosuite.runtime.instrumentation.CreateClassResetClassAdapter createEmptyStaticReset
INFO: Creating brand-new static initializer in class org/mozilla/javascript/SecurityController
Jan 10, 2019 6:26:20 PM org.evosuite.runtime.instrumentation.CreateClassResetClassAdapter createEmptyStaticReset
INFO: Adding bytecode for initializing field global
Jan 10, 2019 6:26:20 PM org.evosuite.runtime.instrumentation.EvoClassLoader instrumentClass
INFO: Keeping class: org.mozilla.javascript.SecurityController
Jan 10, 2019 6:26:20 PM org.evosuite.runtime.instrumentation.EvoClassLoader loadClass
INFO: Seeing class for first time: org.mozilla.javascript.WrapFactory
Jan 10, 2019 6:26:20 PM org.evosuite.runtime.instrumentation.EvoClassLoader instrumentClass
INFO: Instrumenting class 'org.mozilla.javascript.WrapFactory'.
Jan 10, 2019 6:26:20 PM org.evosuite.runtime.instrumentation.MethodCallReplacementClassAdapter visit
INFO: Adding mock interface to class org/mozilla/javascript/WrapFactory
Jan 10, 2019 6:26:20 PM org.evosuite.runtime.instrumentation.CreateClassResetClassAdapter createEmptyStaticReset
INFO: Creating brand-new static initializer in class org/mozilla/javascript/WrapFactory
Jan 10, 2019 6:26:20 PM org.evosuite.runtime.instrumentation.EvoClassLoader instrumentClass
INFO: Keeping class: org.mozilla.javascript.WrapFactory
Jan 10, 2019 6:26:20 PM org.evosuite.runtime.instrumentation.EvoClassLoader loadClass
INFO: Seeing class for first time: org.mozilla.javascript.CompilerEnvirons
Jan 10, 2019 6:26:20 PM org.evosuite.runtime.instrumentation.EvoClassLoader instrumentClass
INFO: Instrumenting class 'org.mozilla.javascript.CompilerEnvirons'.
Jan 10, 2019 6:26:20 PM org.evosuite.runtime.instrumentation.MethodCallReplacementClassAdapter visit
INFO: Adding mock interface to class org/mozilla/javascript/CompilerEnvirons
Jan 10, 2019 6:26:20 PM org.evosuite.runtime.instrumentation.CreateClassResetClassAdapter createEmptyStaticReset
INFO: Creating brand-new static initializer in class org/mozilla/javascript/CompilerEnvirons
Jan 10, 2019 6:26:20 PM org.evosuite.runtime.instrumentation.EvoClassLoader instrumentClass
INFO: Keeping class: org.mozilla.javascript.CompilerEnvirons
Jan 10, 2019 6:26:20 PM org.evosuite.runtime.thread.ThreadStopper killAndJoinClientThreads
INFO: Found new thread
Jan 10, 2019 6:26:20 PM org.evosuite.runtime.instrumentation.EvoClassLoader loadClass
INFO: Seeing class for first time: org.mozilla.javascript.VMBridge_custom
Jan 10, 2019 6:26:20 PM org.evosuite.runtime.instrumentation.EvoClassLoader instrumentClass
INFO: Instrumenting class 'org.mozilla.javascript.VMBridge_custom'.
Jan 10, 2019 6:26:20 PM org.evosuite.runtime.instrumentation.EvoClassLoader instrumentClass
INFO: Error while loading class: java.lang.ClassNotFoundException: Class 'org/mozilla/javascript/VMBridge_custom.class' should be in target project, but could not be found!
Jan 10, 2019 6:26:20 PM org.evosuite.runtime.thread.ThreadStopper killAndJoinClientThreads
INFO: Found new thread
Jan 10, 2019 6:26:20 PM org.evosuite.runtime.instrumentation.EvoClassLoader loadClass
INFO: Seeing class for first time: org.mozilla.javascript.VMBridge_custom
Jan 10, 2019 6:26:20 PM org.evosuite.runtime.instrumentation.EvoClassLoader instrumentClass
INFO: Instrumenting class 'org.mozilla.javascript.VMBridge_custom'.
Jan 10, 2019 6:26:20 PM org.evosuite.runtime.instrumentation.EvoClassLoader instrumentClass
INFO: Error while loading class: java.lang.ClassNotFoundException: Class 'org/mozilla/javascript/VMBridge_custom.class' should be in target project, but could not be found!
Jan 10, 2019 6:26:20 PM org.evosuite.runtime.thread.ThreadStopper killAndJoinClientThreads
INFO: Found new thread
Jan 10, 2019 6:26:20 PM org.evosuite.runtime.instrumentation.EvoClassLoader loadClass
INFO: Seeing class for first time: org.mozilla.javascript.VMBridge_custom
Jan 10, 2019 6:26:20 PM org.evosuite.runtime.instrumentation.EvoClassLoader instrumentClass
INFO: Instrumenting class 'org.mozilla.javascript.VMBridge_custom'.
Jan 10, 2019 6:26:20 PM org.evosuite.runtime.instrumentation.EvoClassLoader instrumentClass
INFO: Error while loading class: java.lang.ClassNotFoundException: Class 'org/mozilla/javascript/VMBridge_custom.class' should be in target project, but could not be found!
Jan 10, 2019 6:26:20 PM org.evosuite.runtime.thread.ThreadStopper killAndJoinClientThreads
INFO: Found new thread
Jan 10, 2019 6:26:20 PM org.evosuite.runtime.instrumentation.EvoClassLoader loadClass
INFO: Seeing class for first time: org.mozilla.javascript.VMBridge_custom
Jan 10, 2019 6:26:20 PM org.evosuite.runtime.instrumentation.EvoClassLoader instrumentClass
INFO: Instrumenting class 'org.mozilla.javascript.VMBridge_custom'.
Jan 10, 2019 6:26:20 PM org.evosuite.runtime.instrumentation.EvoClassLoader instrumentClass
INFO: Error while loading class: java.lang.ClassNotFoundException: Class 'org/mozilla/javascript/VMBridge_custom.class' should be in target project, but could not be found!
Jan 10, 2019 6:26:21 PM org.evosuite.runtime.thread.ThreadStopper killAndJoinClientThreads
INFO: Found new thread
Jan 10, 2019 6:26:21 PM org.evosuite.runtime.instrumentation.EvoClassLoader loadClass
INFO: Seeing class for first time: org.mozilla.javascript.VMBridge_custom
Jan 10, 2019 6:26:21 PM org.evosuite.runtime.instrumentation.EvoClassLoader instrumentClass
INFO: Instrumenting class 'org.mozilla.javascript.VMBridge_custom'.
Jan 10, 2019 6:26:21 PM org.evosuite.runtime.instrumentation.EvoClassLoader instrumentClass
INFO: Error while loading class: java.lang.ClassNotFoundException: Class 'org/mozilla/javascript/VMBridge_custom.class' should be in target project, but could not be found!
Jan 10, 2019 6:26:21 PM org.evosuite.runtime.thread.ThreadStopper killAndJoinClientThreads
INFO: Found new thread
Jan 10, 2019 6:26:21 PM org.evosuite.runtime.instrumentation.EvoClassLoader loadClass
INFO: Seeing class for first time: org.mozilla.javascript.VMBridge_custom
Jan 10, 2019 6:26:21 PM org.evosuite.runtime.instrumentation.EvoClassLoader instrumentClass
INFO: Instrumenting class 'org.mozilla.javascript.VMBridge_custom'.
Jan 10, 2019 6:26:21 PM org.evosuite.runtime.instrumentation.EvoClassLoader instrumentClass
INFO: Error while loading class: java.lang.ClassNotFoundException: Class 'org/mozilla/javascript/VMBridge_custom.class' should be in target project, but could not be found!
Jan 10, 2019 6:26:21 PM org.evosuite.runtime.thread.ThreadStopper killAndJoinClientThreads
INFO: Found new thread
Jan 10, 2019 6:26:21 PM org.evosuite.runtime.instrumentation.EvoClassLoader loadClass
INFO: Seeing class for first time: org.mozilla.javascript.VMBridge_custom
Jan 10, 2019 6:26:21 PM org.evosuite.runtime.instrumentation.EvoClassLoader instrumentClass
INFO: Instrumenting class 'org.mozilla.javascript.VMBridge_custom'.
Jan 10, 2019 6:26:21 PM org.evosuite.runtime.instrumentation.EvoClassLoader instrumentClass
INFO: Error while loading class: java.lang.ClassNotFoundException: Class 'org/mozilla/javascript/VMBridge_custom.class' should be in target project, but could not be found!
org.mozilla.javascript.Kit.codeBug(Kit.java:433)
<evosuite>.<evosuite>(<evosuite>)
<evosuite>.<evosuite>(<evosuite>)
<evosuite>.<evosuite>(<evosuite>)
<evosuite>.<evosuite>(<evosuite>)
<evosuite>.<evosuite>(<evosuite>)
Jan 10, 2019 6:26:21 PM org.evosuite.runtime.thread.ThreadStopper killAndJoinClientThreads
INFO: Found new thread
Jan 10, 2019 6:26:21 PM org.evosuite.runtime.instrumentation.EvoClassLoader loadClass
INFO: Seeing class for first time: org.mozilla.javascript.VMBridge_custom
Jan 10, 2019 6:26:21 PM org.evosuite.runtime.instrumentation.EvoClassLoader instrumentClass
INFO: Instrumenting class 'org.mozilla.javascript.VMBridge_custom'.
Jan 10, 2019 6:26:21 PM org.evosuite.runtime.instrumentation.EvoClassLoader instrumentClass
INFO: Error while loading class: java.lang.ClassNotFoundException: Class 'org/mozilla/javascript/VMBridge_custom.class' should be in target project, but could not be found!
Jan 10, 2019 6:26:21 PM org.evosuite.runtime.thread.ThreadStopper killAndJoinClientThreads
INFO: Found new thread
Jan 10, 2019 6:26:21 PM org.evosuite.runtime.instrumentation.EvoClassLoader loadClass
INFO: Seeing class for first time: org.mozilla.javascript.VMBridge_custom
Jan 10, 2019 6:26:21 PM org.evosuite.runtime.instrumentation.EvoClassLoader instrumentClass
INFO: Instrumenting class 'org.mozilla.javascript.VMBridge_custom'.
Jan 10, 2019 6:26:21 PM org.evosuite.runtime.instrumentation.EvoClassLoader instrumentClass
INFO: Error while loading class: java.lang.ClassNotFoundException: Class 'org/mozilla/javascript/VMBridge_custom.class' should be in target project, but could not be found!
org.mozilla.javascript.Kit.codeBug(Kit.java:417)
<evosuite>.<evosuite>(<evosuite>)
<evosuite>.<evosuite>(<evosuite>)
<evosuite>.<evosuite>(<evosuite>)
<evosuite>.<evosuite>(<evosuite>)
<evosuite>.<evosuite>(<evosuite>)
Jan 10, 2019 6:26:21 PM org.evosuite.runtime.thread.ThreadStopper killAndJoinClientThreads
INFO: Found new thread
Jan 10, 2019 6:26:21 PM org.evosuite.runtime.instrumentation.EvoClassLoader loadClass
INFO: Seeing class for first time: org.mozilla.javascript.VMBridge_custom
Jan 10, 2019 6:26:21 PM org.evosuite.runtime.instrumentation.EvoClassLoader instrumentClass
INFO: Instrumenting class 'org.mozilla.javascript.VMBridge_custom'.
Jan 10, 2019 6:26:21 PM org.evosuite.runtime.instrumentation.EvoClassLoader instrumentClass
INFO: Error while loading class: java.lang.ClassNotFoundException: Class 'org/mozilla/javascript/VMBridge_custom.class' should be in target project, but could not be found!
Jan 10, 2019 6:26:21 PM org.evosuite.runtime.thread.ThreadStopper killAndJoinClientThreads
INFO: Found new thread
Jan 10, 2019 6:26:21 PM org.evosuite.runtime.instrumentation.EvoClassLoader loadClass
INFO: Seeing class for first time: org.mozilla.javascript.VMBridge_custom
Jan 10, 2019 6:26:21 PM org.evosuite.runtime.instrumentation.EvoClassLoader instrumentClass
INFO: Instrumenting class 'org.mozilla.javascript.VMBridge_custom'.
Jan 10, 2019 6:26:21 PM org.evosuite.runtime.instrumentation.EvoClassLoader instrumentClass
INFO: Error while loading class: java.lang.ClassNotFoundException: Class 'org/mozilla/javascript/VMBridge_custom.class' should be in target project, but could not be found!
Jan 10, 2019 6:26:21 PM org.evosuite.runtime.instrumentation.EvoClassLoader loadClass
INFO: Seeing class for first time: P
Jan 10, 2019 6:26:21 PM org.evosuite.runtime.instrumentation.EvoClassLoader instrumentClass
INFO: Instrumenting class 'P'.
Jan 10, 2019 6:26:21 PM org.evosuite.runtime.instrumentation.EvoClassLoader instrumentClass
INFO: Error while loading class: java.lang.ClassNotFoundException: Class 'P.class' should be in target project, but could not be found!
Jan 10, 2019 6:26:21 PM org.evosuite.runtime.thread.ThreadStopper killAndJoinClientThreads
INFO: Found new thread
Jan 10, 2019 6:26:21 PM org.evosuite.runtime.instrumentation.EvoClassLoader loadClass
INFO: Seeing class for first time: org.mozilla.javascript.VMBridge_custom
Jan 10, 2019 6:26:21 PM org.evosuite.runtime.instrumentation.EvoClassLoader instrumentClass
INFO: Instrumenting class 'org.mozilla.javascript.VMBridge_custom'.
Jan 10, 2019 6:26:21 PM org.evosuite.runtime.instrumentation.EvoClassLoader instrumentClass
INFO: Error while loading class: java.lang.ClassNotFoundException: Class 'org/mozilla/javascript/VMBridge_custom.class' should be in target project, but could not be found!
Jan 10, 2019 6:26:21 PM org.evosuite.runtime.thread.ThreadStopper killAndJoinClientThreads
INFO: Found new thread
Jan 10, 2019 6:26:21 PM org.evosuite.runtime.instrumentation.EvoClassLoader loadClass
INFO: Seeing class for first time: org.mozilla.javascript.VMBridge_custom
Jan 10, 2019 6:26:21 PM org.evosuite.runtime.instrumentation.EvoClassLoader instrumentClass
INFO: Instrumenting class 'org.mozilla.javascript.VMBridge_custom'.
Jan 10, 2019 6:26:21 PM org.evosuite.runtime.instrumentation.EvoClassLoader instrumentClass
INFO: Error while loading class: java.lang.ClassNotFoundException: Class 'org/mozilla/javascript/VMBridge_custom.class' should be in target project, but could not be found!
Jan 10, 2019 6:26:21 PM org.evosuite.runtime.thread.ThreadStopper killAndJoinClientThreads
INFO: Found new thread
Jan 10, 2019 6:26:21 PM org.evosuite.runtime.instrumentation.EvoClassLoader loadClass
INFO: Seeing class for first time: org.mozilla.javascript.VMBridge_custom
Jan 10, 2019 6:26:21 PM org.evosuite.runtime.instrumentation.EvoClassLoader instrumentClass
INFO: Instrumenting class 'org.mozilla.javascript.VMBridge_custom'.
Jan 10, 2019 6:26:21 PM org.evosuite.runtime.instrumentation.EvoClassLoader instrumentClass
INFO: Error while loading class: java.lang.ClassNotFoundException: Class 'org/mozilla/javascript/VMBridge_custom.class' should be in target project, but could not be found!
Jan 10, 2019 6:26:21 PM org.evosuite.runtime.thread.ThreadStopper killAndJoinClientThreads
INFO: Found new thread
Jan 10, 2019 6:26:21 PM org.evosuite.runtime.instrumentation.EvoClassLoader loadClass
INFO: Seeing class for first time: org.mozilla.javascript.VMBridge_custom
Jan 10, 2019 6:26:21 PM org.evosuite.runtime.instrumentation.EvoClassLoader instrumentClass
INFO: Instrumenting class 'org.mozilla.javascript.VMBridge_custom'.
Jan 10, 2019 6:26:21 PM org.evosuite.runtime.instrumentation.EvoClassLoader instrumentClass
INFO: Error while loading class: java.lang.ClassNotFoundException: Class 'org/mozilla/javascript/VMBridge_custom.class' should be in target project, but could not be found!
Jan 10, 2019 6:26:21 PM org.evosuite.runtime.thread.ThreadStopper killAndJoinClientThreads
INFO: Found new thread
Jan 10, 2019 6:26:21 PM org.evosuite.runtime.instrumentation.EvoClassLoader loadClass
INFO: Seeing class for first time: org.mozilla.javascript.VMBridge_custom
Jan 10, 2019 6:26:21 PM org.evosuite.runtime.instrumentation.EvoClassLoader instrumentClass
INFO: Instrumenting class 'org.mozilla.javascript.VMBridge_custom'.
Jan 10, 2019 6:26:21 PM org.evosuite.runtime.instrumentation.EvoClassLoader instrumentClass
INFO: Error while loading class: java.lang.ClassNotFoundException: Class 'org/mozilla/javascript/VMBridge_custom.class' should be in target project, but could not be found!
Jan 10, 2019 6:26:21 PM org.evosuite.runtime.thread.ThreadStopper killAndJoinClientThreads
INFO: Found new thread
Jan 10, 2019 6:26:21 PM org.evosuite.runtime.instrumentation.EvoClassLoader loadClass
INFO: Seeing class for first time: org.mozilla.javascript.VMBridge_custom
Jan 10, 2019 6:26:21 PM org.evosuite.runtime.instrumentation.EvoClassLoader instrumentClass
INFO: Instrumenting class 'org.mozilla.javascript.VMBridge_custom'.
Jan 10, 2019 6:26:21 PM org.evosuite.runtime.instrumentation.EvoClassLoader instrumentClass
INFO: Error while loading class: java.lang.ClassNotFoundException: Class 'org/mozilla/javascript/VMBridge_custom.class' should be in target project, but could not be found!
Jan 10, 2019 6:26:21 PM org.evosuite.runtime.thread.ThreadStopper killAndJoinClientThreads
INFO: Found new thread
Jan 10, 2019 6:26:21 PM org.evosuite.runtime.instrumentation.EvoClassLoader loadClass
INFO: Seeing class for first time: org.mozilla.javascript.VMBridge_custom
Jan 10, 2019 6:26:21 PM org.evosuite.runtime.instrumentation.EvoClassLoader instrumentClass
INFO: Instrumenting class 'org.mozilla.javascript.VMBridge_custom'.
Jan 10, 2019 6:26:21 PM org.evosuite.runtime.instrumentation.EvoClassLoader instrumentClass
INFO: Error while loading class: java.lang.ClassNotFoundException: Class 'org/mozilla/javascript/VMBridge_custom.class' should be in target project, but could not be found!
Jan 10, 2019 6:26:21 PM org.evosuite.runtime.thread.ThreadStopper killAndJoinClientThreads
INFO: Found new thread
Jan 10, 2019 6:26:21 PM org.evosuite.runtime.instrumentation.EvoClassLoader loadClass
INFO: Seeing class for first time: org.mozilla.javascript.VMBridge_custom
Jan 10, 2019 6:26:21 PM org.evosuite.runtime.instrumentation.EvoClassLoader instrumentClass
INFO: Instrumenting class 'org.mozilla.javascript.VMBridge_custom'.
Jan 10, 2019 6:26:21 PM org.evosuite.runtime.instrumentation.EvoClassLoader instrumentClass
INFO: Error while loading class: java.lang.ClassNotFoundException: Class 'org/mozilla/javascript/VMBridge_custom.class' should be in target project, but could not be found!
Jan 10, 2019 6:26:21 PM org.evosuite.runtime.thread.ThreadStopper killAndJoinClientThreads
INFO: Found new thread
Jan 10, 2019 6:26:21 PM org.evosuite.runtime.instrumentation.EvoClassLoader loadClass
INFO: Seeing class for first time: org.mozilla.javascript.VMBridge_custom
Jan 10, 2019 6:26:21 PM org.evosuite.runtime.instrumentation.EvoClassLoader instrumentClass
INFO: Instrumenting class 'org.mozilla.javascript.VMBridge_custom'.
Jan 10, 2019 6:26:21 PM org.evosuite.runtime.instrumentation.EvoClassLoader instrumentClass
INFO: Error while loading class: java.lang.ClassNotFoundException: Class 'org/mozilla/javascript/VMBridge_custom.class' should be in target project, but could not be found!
Jan 10, 2019 6:26:21 PM org.evosuite.runtime.thread.ThreadStopper killAndJoinClientThreads
INFO: Found new thread
Jan 10, 2019 6:26:21 PM org.evosuite.runtime.instrumentation.EvoClassLoader loadClass
INFO: Seeing class for first time: org.mozilla.javascript.VMBridge_custom
Jan 10, 2019 6:26:21 PM org.evosuite.runtime.instrumentation.EvoClassLoader instrumentClass
INFO: Instrumenting class 'org.mozilla.javascript.VMBridge_custom'.
Jan 10, 2019 6:26:21 PM org.evosuite.runtime.instrumentation.EvoClassLoader instrumentClass
INFO: Error while loading class: java.lang.ClassNotFoundException: Class 'org/mozilla/javascript/VMBridge_custom.class' should be in target project, but could not be found!
Jan 10, 2019 6:26:21 PM org.evosuite.runtime.thread.ThreadStopper killAndJoinClientThreads
INFO: Found new thread
Jan 10, 2019 6:26:21 PM org.evosuite.runtime.instrumentation.EvoClassLoader loadClass
INFO: Seeing class for first time: org.mozilla.javascript.VMBridge_custom
Jan 10, 2019 6:26:21 PM org.evosuite.runtime.instrumentation.EvoClassLoader instrumentClass
INFO: Instrumenting class 'org.mozilla.javascript.VMBridge_custom'.
Jan 10, 2019 6:26:21 PM org.evosuite.runtime.instrumentation.EvoClassLoader instrumentClass
INFO: Error while loading class: java.lang.ClassNotFoundException: Class 'org/mozilla/javascript/VMBridge_custom.class' should be in target project, but could not be found!
Jan 10, 2019 6:26:21 PM org.evosuite.runtime.thread.ThreadStopper killAndJoinClientThreads
INFO: Found new thread
Jan 10, 2019 6:26:21 PM org.evosuite.runtime.instrumentation.EvoClassLoader loadClass
INFO: Seeing class for first time: org.mozilla.javascript.VMBridge_custom
Jan 10, 2019 6:26:22 PM org.evosuite.runtime.instrumentation.EvoClassLoader instrumentClass
INFO: Instrumenting class 'org.mozilla.javascript.VMBridge_custom'.
Jan 10, 2019 6:26:22 PM org.evosuite.runtime.instrumentation.EvoClassLoader instrumentClass
INFO: Error while loading class: java.lang.ClassNotFoundException: Class 'org/mozilla/javascript/VMBridge_custom.class' should be in target project, but could not be found!
Jan 10, 2019 6:26:22 PM org.evosuite.runtime.thread.ThreadStopper killAndJoinClientThreads
INFO: Found new thread
Jan 10, 2019 6:26:22 PM org.evosuite.runtime.instrumentation.EvoClassLoader loadClass
INFO: Seeing class for first time: org.mozilla.javascript.VMBridge_custom
Jan 10, 2019 6:26:22 PM org.evosuite.runtime.instrumentation.EvoClassLoader instrumentClass
INFO: Instrumenting class 'org.mozilla.javascript.VMBridge_custom'.
Jan 10, 2019 6:26:22 PM org.evosuite.runtime.instrumentation.EvoClassLoader instrumentClass
INFO: Error while loading class: java.lang.ClassNotFoundException: Class 'org/mozilla/javascript/VMBridge_custom.class' should be in target project, but could not be found!
Jan 10, 2019 6:26:22 PM org.evosuite.runtime.thread.ThreadStopper killAndJoinClientThreads
INFO: Found new thread
Jan 10, 2019 6:26:22 PM org.evosuite.runtime.instrumentation.EvoClassLoader loadClass
INFO: Seeing class for first time: org.mozilla.javascript.VMBridge_custom
Jan 10, 2019 6:26:22 PM org.evosuite.runtime.instrumentation.EvoClassLoader instrumentClass
INFO: Instrumenting class 'org.mozilla.javascript.VMBridge_custom'.
Jan 10, 2019 6:26:22 PM org.evosuite.runtime.instrumentation.EvoClassLoader instrumentClass
INFO: Error while loading class: java.lang.ClassNotFoundException: Class 'org/mozilla/javascript/VMBridge_custom.class' should be in target project, but could not be found!
Jan 10, 2019 6:26:22 PM org.evosuite.runtime.thread.ThreadStopper killAndJoinClientThreads
INFO: Found new thread
Jan 10, 2019 6:26:22 PM org.evosuite.runtime.instrumentation.EvoClassLoader loadClass
INFO: Seeing class for first time: org.mozilla.javascript.VMBridge_custom
Jan 10, 2019 6:26:22 PM org.evosuite.runtime.instrumentation.EvoClassLoader instrumentClass
INFO: Instrumenting class 'org.mozilla.javascript.VMBridge_custom'.
Jan 10, 2019 6:26:22 PM org.evosuite.runtime.instrumentation.EvoClassLoader instrumentClass
INFO: Error while loading class: java.lang.ClassNotFoundException: Class 'org/mozilla/javascript/VMBridge_custom.class' should be in target project, but could not be found!
Jan 10, 2019 6:26:22 PM org.evosuite.runtime.thread.ThreadStopper killAndJoinClientThreads
INFO: Found new thread
Jan 10, 2019 6:26:22 PM org.evosuite.runtime.instrumentation.EvoClassLoader loadClass
INFO: Seeing class for first time: org.mozilla.javascript.VMBridge_custom
Jan 10, 2019 6:26:22 PM org.evosuite.runtime.instrumentation.EvoClassLoader instrumentClass
INFO: Instrumenting class 'org.mozilla.javascript.VMBridge_custom'.
Jan 10, 2019 6:26:22 PM org.evosuite.runtime.instrumentation.EvoClassLoader instrumentClass
INFO: Error while loading class: java.lang.ClassNotFoundException: Class 'org/mozilla/javascript/VMBridge_custom.class' should be in target project, but could not be found!
Jan 10, 2019 6:26:22 PM org.evosuite.runtime.thread.ThreadStopper killAndJoinClientThreads
INFO: Found new thread
Jan 10, 2019 6:26:22 PM org.evosuite.runtime.instrumentation.EvoClassLoader loadClass
INFO: Seeing class for first time: org.mozilla.javascript.VMBridge_custom
Jan 10, 2019 6:26:22 PM org.evosuite.runtime.instrumentation.EvoClassLoader instrumentClass
INFO: Instrumenting class 'org.mozilla.javascript.VMBridge_custom'.
Jan 10, 2019 6:26:22 PM org.evosuite.runtime.instrumentation.EvoClassLoader instrumentClass
INFO: Error while loading class: java.lang.ClassNotFoundException: Class 'org/mozilla/javascript/VMBridge_custom.class' should be in target project, but could not be found!
Jan 10, 2019 6:26:22 PM org.evosuite.runtime.thread.ThreadStopper killAndJoinClientThreads
INFO: Found new thread
Jan 10, 2019 6:26:22 PM org.evosuite.runtime.instrumentation.EvoClassLoader loadClass
INFO: Seeing class for first time: org.mozilla.javascript.VMBridge_custom
Jan 10, 2019 6:26:22 PM org.evosuite.runtime.instrumentation.EvoClassLoader instrumentClass
INFO: Instrumenting class 'org.mozilla.javascript.VMBridge_custom'.
Jan 10, 2019 6:26:22 PM org.evosuite.runtime.instrumentation.EvoClassLoader instrumentClass
INFO: Error while loading class: java.lang.ClassNotFoundException: Class 'org/mozilla/javascript/VMBridge_custom.class' should be in target project, but could not be found!
Jan 10, 2019 6:26:22 PM org.evosuite.runtime.thread.ThreadStopper killAndJoinClientThreads
INFO: Found new thread
Jan 10, 2019 6:26:22 PM org.evosuite.runtime.instrumentation.EvoClassLoader loadClass
INFO: Seeing class for first time: org.mozilla.javascript.VMBridge_custom
Jan 10, 2019 6:26:22 PM org.evosuite.runtime.instrumentation.EvoClassLoader instrumentClass
INFO: Instrumenting class 'org.mozilla.javascript.VMBridge_custom'.
Jan 10, 2019 6:26:22 PM org.evosuite.runtime.instrumentation.EvoClassLoader instrumentClass
INFO: Error while loading class: java.lang.ClassNotFoundException: Class 'org/mozilla/javascript/VMBridge_custom.class' should be in target project, but could not be found!
Jan 10, 2019 6:26:22 PM org.evosuite.runtime.thread.ThreadStopper killAndJoinClientThreads
INFO: Found new thread
Jan 10, 2019 6:26:22 PM org.evosuite.runtime.instrumentation.EvoClassLoader loadClass
INFO: Seeing class for first time: org.mozilla.javascript.VMBridge_custom
Jan 10, 2019 6:26:22 PM org.evosuite.runtime.instrumentation.EvoClassLoader instrumentClass
INFO: Instrumenting class 'org.mozilla.javascript.VMBridge_custom'.
Jan 10, 2019 6:26:22 PM org.evosuite.runtime.instrumentation.EvoClassLoader instrumentClass
INFO: Error while loading class: java.lang.ClassNotFoundException: Class 'org/mozilla/javascript/VMBridge_custom.class' should be in target project, but could not be found!
Jan 10, 2019 6:26:22 PM org.evosuite.runtime.thread.ThreadStopper killAndJoinClientThreads
INFO: Found new thread
Jan 10, 2019 6:26:22 PM org.evosuite.runtime.instrumentation.EvoClassLoader loadClass
INFO: Seeing class for first time: org.mozilla.javascript.VMBridge_custom
Jan 10, 2019 6:26:22 PM org.evosuite.runtime.instrumentation.EvoClassLoader instrumentClass
INFO: Instrumenting class 'org.mozilla.javascript.VMBridge_custom'.
Jan 10, 2019 6:26:22 PM org.evosuite.runtime.instrumentation.EvoClassLoader instrumentClass
INFO: Error while loading class: java.lang.ClassNotFoundException: Class 'org/mozilla/javascript/VMBridge_custom.class' should be in target project, but could not be found!
Jan 10, 2019 6:26:22 PM org.evosuite.runtime.thread.ThreadStopper killAndJoinClientThreads
INFO: Found new thread
Jan 10, 2019 6:26:22 PM org.evosuite.runtime.instrumentation.EvoClassLoader loadClass
INFO: Seeing class for first time: org.mozilla.javascript.VMBridge_custom
Jan 10, 2019 6:26:22 PM org.evosuite.runtime.instrumentation.EvoClassLoader instrumentClass
INFO: Instrumenting class 'org.mozilla.javascript.VMBridge_custom'.
Jan 10, 2019 6:26:22 PM org.evosuite.runtime.instrumentation.EvoClassLoader instrumentClass
INFO: Error while loading class: java.lang.ClassNotFoundException: Class 'org/mozilla/javascript/VMBridge_custom.class' should be in target project, but could not be found!
]]></system-err>
</testsuite>
