<?xml version="1.0" encoding="UTF-8"?>
<testsuite name="org.mozilla.javascript.commonjs.module.provider.ParsedContentType_ESTest" tests="4" skipped="0" failures="0" errors="0" timestamp="2019-01-10T18:22:06" hostname="swami-VirtualBox" time="0.12">
  <properties/>
  <testcase name="test3" classname="org.mozilla.javascript.commonjs.module.provider.ParsedContentType_ESTest" time="0.052"/>
  <testcase name="test2" classname="org.mozilla.javascript.commonjs.module.provider.ParsedContentType_ESTest" time="0.024"/>
  <testcase name="test1" classname="org.mozilla.javascript.commonjs.module.provider.ParsedContentType_ESTest" time="0.017"/>
  <testcase name="test0" classname="org.mozilla.javascript.commonjs.module.provider.ParsedContentType_ESTest" time="0.017"/>
  <system-out><![CDATA[]]></system-out>
  <system-err><![CDATA[Jan 10, 2019 10:22:04 AM org.evosuite.runtime.instrumentation.EvoClassLoader loadClass
INFO: Seeing class for first time: org.mozilla.javascript.commonjs.module.provider.ParsedContentType_ESTest
Jan 10, 2019 10:22:04 AM org.evosuite.runtime.instrumentation.EvoClassLoader instrumentClass
INFO: Instrumenting class 'org.mozilla.javascript.commonjs.module.provider.ParsedContentType_ESTest'.
Jan 10, 2019 10:22:04 AM org.evosuite.runtime.instrumentation.EvoClassLoader loadClass
INFO: Seeing class for first time: org.mozilla.javascript.commonjs.module.provider.ParsedContentType_ESTest_scaffolding
Jan 10, 2019 10:22:04 AM org.evosuite.runtime.instrumentation.EvoClassLoader instrumentClass
INFO: Instrumenting class 'org.mozilla.javascript.commonjs.module.provider.ParsedContentType_ESTest_scaffolding'.
Jan 10, 2019 10:22:04 AM org.evosuite.runtime.instrumentation.EvoClassLoader instrumentClass
INFO: Keeping class: org.mozilla.javascript.commonjs.module.provider.ParsedContentType_ESTest_scaffolding
Jan 10, 2019 10:22:04 AM org.evosuite.runtime.instrumentation.EvoClassLoader instrumentClass
INFO: Keeping class: org.mozilla.javascript.commonjs.module.provider.ParsedContentType_ESTest
Jan 10, 2019 6:22:05 PM org.evosuite.runtime.instrumentation.EvoClassLoader loadClass
INFO: Seeing class for first time: org.mozilla.javascript.commonjs.module.provider.ParsedContentType
Jan 10, 2019 6:22:05 PM org.evosuite.runtime.instrumentation.EvoClassLoader instrumentClass
INFO: Instrumenting class 'org.mozilla.javascript.commonjs.module.provider.ParsedContentType'.
Jan 10, 2019 6:22:05 PM org.evosuite.runtime.instrumentation.MethodCallReplacementClassAdapter visit
INFO: Adding mock interface to class org/mozilla/javascript/commonjs/module/provider/ParsedContentType
Jan 10, 2019 6:22:06 PM org.evosuite.runtime.instrumentation.CreateClassResetClassAdapter createEmptyStaticReset
INFO: Creating brand-new static initializer in class org/mozilla/javascript/commonjs/module/provider/ParsedContentType
Jan 10, 2019 6:22:06 PM org.evosuite.runtime.instrumentation.EvoClassLoader instrumentClass
INFO: Keeping class: org.mozilla.javascript.commonjs.module.provider.ParsedContentType
Jan 10, 2019 6:22:06 PM org.evosuite.runtime.thread.ThreadStopper killAndJoinClientThreads
INFO: Found new thread
Jan 10, 2019 6:22:06 PM org.evosuite.runtime.thread.ThreadStopper killAndJoinClientThreads
INFO: Found new thread
Jan 10, 2019 6:22:06 PM org.evosuite.runtime.thread.ThreadStopper killAndJoinClientThreads
INFO: Found new thread
Jan 10, 2019 6:22:06 PM org.evosuite.runtime.thread.ThreadStopper killAndJoinClientThreads
INFO: Found new thread
]]></system-err>
</testsuite>
