<?xml version="1.0" encoding="UTF-8"?>
<testsuite name="org.mozilla.javascript.tools.idswitch.FileBody_ESTest" tests="14" skipped="0" failures="0" errors="0" timestamp="2019-01-10T18:35:09" hostname="swami-VirtualBox" time="0.261">
  <properties/>
  <testcase name="test10" classname="org.mozilla.javascript.tools.idswitch.FileBody_ESTest" time="0.044"/>
  <testcase name="test01" classname="org.mozilla.javascript.tools.idswitch.FileBody_ESTest" time="0.019"/>
  <testcase name="test12" classname="org.mozilla.javascript.tools.idswitch.FileBody_ESTest" time="0.011"/>
  <testcase name="test00" classname="org.mozilla.javascript.tools.idswitch.FileBody_ESTest" time="0.013"/>
  <testcase name="test11" classname="org.mozilla.javascript.tools.idswitch.FileBody_ESTest" time="0.009"/>
  <testcase name="test03" classname="org.mozilla.javascript.tools.idswitch.FileBody_ESTest" time="0.027"/>
  <testcase name="test02" classname="org.mozilla.javascript.tools.idswitch.FileBody_ESTest" time="0.008"/>
  <testcase name="test13" classname="org.mozilla.javascript.tools.idswitch.FileBody_ESTest" time="0.016"/>
  <testcase name="test05" classname="org.mozilla.javascript.tools.idswitch.FileBody_ESTest" time="0.033"/>
  <testcase name="test04" classname="org.mozilla.javascript.tools.idswitch.FileBody_ESTest" time="0.029"/>
  <testcase name="test07" classname="org.mozilla.javascript.tools.idswitch.FileBody_ESTest" time="0.009"/>
  <testcase name="test06" classname="org.mozilla.javascript.tools.idswitch.FileBody_ESTest" time="0.002"/>
  <testcase name="test09" classname="org.mozilla.javascript.tools.idswitch.FileBody_ESTest" time="0.02"/>
  <testcase name="test08" classname="org.mozilla.javascript.tools.idswitch.FileBody_ESTest" time="0.003"/>
  <system-out><![CDATA[]]></system-out>
  <system-err><![CDATA[Jan 10, 2019 10:35:08 AM org.evosuite.runtime.instrumentation.EvoClassLoader loadClass
INFO: Seeing class for first time: org.mozilla.javascript.tools.idswitch.FileBody_ESTest
Jan 10, 2019 10:35:08 AM org.evosuite.runtime.instrumentation.EvoClassLoader instrumentClass
INFO: Instrumenting class 'org.mozilla.javascript.tools.idswitch.FileBody_ESTest'.
Jan 10, 2019 10:35:08 AM org.evosuite.runtime.instrumentation.EvoClassLoader loadClass
INFO: Seeing class for first time: org.mozilla.javascript.tools.idswitch.FileBody_ESTest_scaffolding
Jan 10, 2019 10:35:08 AM org.evosuite.runtime.instrumentation.EvoClassLoader instrumentClass
INFO: Instrumenting class 'org.mozilla.javascript.tools.idswitch.FileBody_ESTest_scaffolding'.
Jan 10, 2019 10:35:08 AM org.evosuite.runtime.instrumentation.EvoClassLoader instrumentClass
INFO: Keeping class: org.mozilla.javascript.tools.idswitch.FileBody_ESTest_scaffolding
Jan 10, 2019 10:35:08 AM org.evosuite.runtime.instrumentation.EvoClassLoader instrumentClass
INFO: Keeping class: org.mozilla.javascript.tools.idswitch.FileBody_ESTest
Jan 10, 2019 6:35:09 PM org.evosuite.runtime.instrumentation.EvoClassLoader loadClass
INFO: Seeing class for first time: org.mozilla.javascript.tools.idswitch.FileBody$ReplaceItem
Jan 10, 2019 6:35:09 PM org.evosuite.runtime.instrumentation.EvoClassLoader instrumentClass
INFO: Instrumenting class 'org.mozilla.javascript.tools.idswitch.FileBody$ReplaceItem'.
Jan 10, 2019 6:35:09 PM org.evosuite.runtime.instrumentation.MethodCallReplacementClassAdapter visit
INFO: Adding mock interface to class org/mozilla/javascript/tools/idswitch/FileBody$ReplaceItem
Jan 10, 2019 6:35:09 PM org.evosuite.runtime.instrumentation.CreateClassResetClassAdapter createEmptyStaticReset
INFO: Creating brand-new static initializer in class org/mozilla/javascript/tools/idswitch/FileBody$ReplaceItem
Jan 10, 2019 6:35:09 PM org.evosuite.runtime.instrumentation.EvoClassLoader instrumentClass
INFO: Keeping class: org.mozilla.javascript.tools.idswitch.FileBody$ReplaceItem
Jan 10, 2019 6:35:09 PM org.evosuite.runtime.instrumentation.EvoClassLoader loadClass
INFO: Seeing class for first time: org.mozilla.javascript.tools.idswitch.FileBody
Jan 10, 2019 6:35:09 PM org.evosuite.runtime.instrumentation.EvoClassLoader instrumentClass
INFO: Instrumenting class 'org.mozilla.javascript.tools.idswitch.FileBody'.
Jan 10, 2019 6:35:09 PM org.evosuite.runtime.instrumentation.MethodCallReplacementClassAdapter visit
INFO: Adding mock interface to class org/mozilla/javascript/tools/idswitch/FileBody
Jan 10, 2019 6:35:09 PM org.evosuite.runtime.instrumentation.CreateClassResetClassAdapter createEmptyStaticReset
INFO: Creating brand-new static initializer in class org/mozilla/javascript/tools/idswitch/FileBody
Jan 10, 2019 6:35:09 PM org.evosuite.runtime.instrumentation.EvoClassLoader instrumentClass
INFO: Keeping class: org.mozilla.javascript.tools.idswitch.FileBody
Jan 10, 2019 6:35:10 PM org.evosuite.runtime.thread.ThreadStopper killAndJoinClientThreads
INFO: Found new thread
Jan 10, 2019 6:35:10 PM org.evosuite.runtime.thread.ThreadStopper killAndJoinClientThreads
INFO: Found new thread
Jan 10, 2019 6:35:10 PM org.evosuite.runtime.thread.ThreadStopper killAndJoinClientThreads
INFO: Found new thread
Jan 10, 2019 6:35:10 PM org.evosuite.runtime.thread.ThreadStopper killAndJoinClientThreads
INFO: Found new thread
Jan 10, 2019 6:35:10 PM org.evosuite.runtime.thread.ThreadStopper killAndJoinClientThreads
INFO: Found new thread
Jan 10, 2019 6:35:10 PM org.evosuite.runtime.thread.ThreadStopper killAndJoinClientThreads
INFO: Found new thread
Jan 10, 2019 6:35:10 PM org.evosuite.runtime.thread.ThreadStopper killAndJoinClientThreads
INFO: Found new thread
Jan 10, 2019 6:35:10 PM org.evosuite.runtime.thread.ThreadStopper killAndJoinClientThreads
INFO: Found new thread
Jan 10, 2019 6:35:10 PM org.evosuite.runtime.thread.ThreadStopper killAndJoinClientThreads
INFO: Found new thread
Jan 10, 2019 6:35:10 PM org.evosuite.runtime.thread.ThreadStopper killAndJoinClientThreads
INFO: Found new thread
]]></system-err>
</testsuite>
