<?xml version="1.0" encoding="UTF-8"?>
<testsuite name="org.mozilla.javascript.regexp.REGlobalData_ESTest" tests="4" skipped="0" failures="0" errors="0" timestamp="2019-01-10T18:09:17" hostname="swami-VirtualBox" time="0.134">
  <properties/>
  <testcase name="test2" classname="org.mozilla.javascript.regexp.REGlobalData_ESTest" time="0.072"/>
  <testcase name="test3" classname="org.mozilla.javascript.regexp.REGlobalData_ESTest" time="0.022"/>
  <testcase name="test0" classname="org.mozilla.javascript.regexp.REGlobalData_ESTest" time="0.01"/>
  <testcase name="test1" classname="org.mozilla.javascript.regexp.REGlobalData_ESTest" time="0.003"/>
  <system-out><![CDATA[]]></system-out>
  <system-err><![CDATA[Jan 10, 2019 10:09:14 AM org.evosuite.runtime.instrumentation.EvoClassLoader loadClass
INFO: Seeing class for first time: org.mozilla.javascript.regexp.REGlobalData_ESTest
Jan 10, 2019 10:09:14 AM org.evosuite.runtime.instrumentation.EvoClassLoader instrumentClass
INFO: Instrumenting class 'org.mozilla.javascript.regexp.REGlobalData_ESTest'.
Jan 10, 2019 10:09:15 AM org.evosuite.runtime.instrumentation.EvoClassLoader loadClass
INFO: Seeing class for first time: org.mozilla.javascript.regexp.REGlobalData_ESTest_scaffolding
Jan 10, 2019 10:09:15 AM org.evosuite.runtime.instrumentation.EvoClassLoader instrumentClass
INFO: Instrumenting class 'org.mozilla.javascript.regexp.REGlobalData_ESTest_scaffolding'.
Jan 10, 2019 10:09:15 AM org.evosuite.runtime.instrumentation.EvoClassLoader instrumentClass
INFO: Keeping class: org.mozilla.javascript.regexp.REGlobalData_ESTest_scaffolding
Jan 10, 2019 10:09:15 AM org.evosuite.runtime.instrumentation.EvoClassLoader instrumentClass
INFO: Keeping class: org.mozilla.javascript.regexp.REGlobalData_ESTest
Jan 10, 2019 6:09:16 PM org.evosuite.runtime.instrumentation.EvoClassLoader loadClass
INFO: Seeing class for first time: org.mozilla.javascript.regexp.REProgState
Jan 10, 2019 6:09:16 PM org.evosuite.runtime.instrumentation.EvoClassLoader instrumentClass
INFO: Instrumenting class 'org.mozilla.javascript.regexp.REProgState'.
Jan 10, 2019 6:09:16 PM org.evosuite.runtime.instrumentation.MethodCallReplacementClassAdapter visit
INFO: Adding mock interface to class org/mozilla/javascript/regexp/REProgState
Jan 10, 2019 6:09:17 PM org.evosuite.runtime.instrumentation.CreateClassResetClassAdapter createEmptyStaticReset
INFO: Creating brand-new static initializer in class org/mozilla/javascript/regexp/REProgState
Jan 10, 2019 6:09:17 PM org.evosuite.runtime.instrumentation.EvoClassLoader instrumentClass
INFO: Keeping class: org.mozilla.javascript.regexp.REProgState
Jan 10, 2019 6:09:17 PM org.evosuite.runtime.instrumentation.EvoClassLoader loadClass
INFO: Seeing class for first time: org.mozilla.javascript.regexp.REBackTrackData
Jan 10, 2019 6:09:17 PM org.evosuite.runtime.instrumentation.EvoClassLoader instrumentClass
INFO: Instrumenting class 'org.mozilla.javascript.regexp.REBackTrackData'.
Jan 10, 2019 6:09:17 PM org.evosuite.runtime.instrumentation.MethodCallReplacementClassAdapter visit
INFO: Adding mock interface to class org/mozilla/javascript/regexp/REBackTrackData
Jan 10, 2019 6:09:17 PM org.evosuite.runtime.instrumentation.CreateClassResetClassAdapter createEmptyStaticReset
INFO: Creating brand-new static initializer in class org/mozilla/javascript/regexp/REBackTrackData
Jan 10, 2019 6:09:17 PM org.evosuite.runtime.instrumentation.EvoClassLoader instrumentClass
INFO: Keeping class: org.mozilla.javascript.regexp.REBackTrackData
Jan 10, 2019 6:09:17 PM org.evosuite.runtime.instrumentation.EvoClassLoader loadClass
INFO: Seeing class for first time: org.mozilla.javascript.regexp.RECharSet
Jan 10, 2019 6:09:17 PM org.evosuite.runtime.instrumentation.EvoClassLoader instrumentClass
INFO: Instrumenting class 'org.mozilla.javascript.regexp.RECharSet'.
Jan 10, 2019 6:09:17 PM org.evosuite.runtime.instrumentation.MethodCallReplacementClassAdapter visit
INFO: Adding mock interface to class org/mozilla/javascript/regexp/RECharSet
Jan 10, 2019 6:09:17 PM org.evosuite.runtime.instrumentation.CreateClassResetClassAdapter createEmptyStaticReset
INFO: Creating brand-new static initializer in class org/mozilla/javascript/regexp/RECharSet
Jan 10, 2019 6:09:17 PM org.evosuite.runtime.instrumentation.EvoClassLoader instrumentClass
INFO: Keeping class: org.mozilla.javascript.regexp.RECharSet
Jan 10, 2019 6:09:17 PM org.evosuite.runtime.instrumentation.EvoClassLoader loadClass
INFO: Seeing class for first time: org.mozilla.javascript.regexp.REGlobalData
Jan 10, 2019 6:09:17 PM org.evosuite.runtime.instrumentation.EvoClassLoader instrumentClass
INFO: Instrumenting class 'org.mozilla.javascript.regexp.REGlobalData'.
Jan 10, 2019 6:09:17 PM org.evosuite.runtime.instrumentation.MethodCallReplacementClassAdapter visit
INFO: Adding mock interface to class org/mozilla/javascript/regexp/REGlobalData
Jan 10, 2019 6:09:17 PM org.evosuite.runtime.instrumentation.CreateClassResetClassAdapter createEmptyStaticReset
INFO: Creating brand-new static initializer in class org/mozilla/javascript/regexp/REGlobalData
Jan 10, 2019 6:09:17 PM org.evosuite.runtime.instrumentation.EvoClassLoader instrumentClass
INFO: Keeping class: org.mozilla.javascript.regexp.REGlobalData
Jan 10, 2019 6:09:17 PM org.evosuite.runtime.instrumentation.EvoClassLoader loadClass
INFO: Seeing class for first time: org.mozilla.javascript.regexp.RECompiled
Jan 10, 2019 6:09:17 PM org.evosuite.runtime.instrumentation.EvoClassLoader instrumentClass
INFO: Instrumenting class 'org.mozilla.javascript.regexp.RECompiled'.
Jan 10, 2019 6:09:17 PM org.evosuite.runtime.instrumentation.MethodCallReplacementClassAdapter visit
INFO: Adding mock interface to class org/mozilla/javascript/regexp/RECompiled
Jan 10, 2019 6:09:17 PM org.evosuite.runtime.instrumentation.CreateClassResetClassAdapter createEmptyStaticReset
INFO: Creating brand-new static initializer in class org/mozilla/javascript/regexp/RECompiled
Jan 10, 2019 6:09:17 PM org.evosuite.runtime.instrumentation.EvoClassLoader instrumentClass
INFO: Keeping class: org.mozilla.javascript.regexp.RECompiled
Jan 10, 2019 6:09:17 PM org.evosuite.runtime.thread.ThreadStopper killAndJoinClientThreads
INFO: Found new thread
Jan 10, 2019 6:09:17 PM org.evosuite.runtime.thread.ThreadStopper killAndJoinClientThreads
INFO: Found new thread
Jan 10, 2019 6:09:17 PM org.evosuite.runtime.thread.ThreadStopper killAndJoinClientThreads
INFO: Found new thread
Jan 10, 2019 6:09:17 PM org.evosuite.runtime.thread.ThreadStopper killAndJoinClientThreads
INFO: Found new thread
]]></system-err>
</testsuite>
