<?xml version="1.0" encoding="UTF-8"?>
<testsuite name="org.mozilla.javascript.Sorting_ESTest" tests="4" skipped="0" failures="0" errors="0" timestamp="2019-01-10T18:43:21" hostname="swami-VirtualBox" time="0.175">
  <properties/>
  <testcase name="test0" classname="org.mozilla.javascript.Sorting_ESTest" time="0.113"/>
  <testcase name="test1" classname="org.mozilla.javascript.Sorting_ESTest" time="0.006"/>
  <testcase name="test2" classname="org.mozilla.javascript.Sorting_ESTest" time="0.047"/>
  <testcase name="test3" classname="org.mozilla.javascript.Sorting_ESTest" time="0.006"/>
  <system-out><![CDATA[]]></system-out>
  <system-err><![CDATA[Jan 10, 2019 10:43:18 AM org.evosuite.runtime.instrumentation.EvoClassLoader loadClass
INFO: Seeing class for first time: org.mozilla.javascript.Sorting_ESTest
Jan 10, 2019 10:43:18 AM org.evosuite.runtime.instrumentation.EvoClassLoader instrumentClass
INFO: Instrumenting class 'org.mozilla.javascript.Sorting_ESTest'.
Jan 10, 2019 10:43:18 AM org.evosuite.runtime.instrumentation.EvoClassLoader loadClass
INFO: Seeing class for first time: org.mozilla.javascript.Sorting_ESTest_scaffolding
Jan 10, 2019 10:43:18 AM org.evosuite.runtime.instrumentation.EvoClassLoader instrumentClass
INFO: Instrumenting class 'org.mozilla.javascript.Sorting_ESTest_scaffolding'.
Jan 10, 2019 10:43:18 AM org.evosuite.runtime.instrumentation.EvoClassLoader instrumentClass
INFO: Keeping class: org.mozilla.javascript.Sorting_ESTest_scaffolding
Jan 10, 2019 10:43:18 AM org.evosuite.runtime.instrumentation.EvoClassLoader instrumentClass
INFO: Keeping class: org.mozilla.javascript.Sorting_ESTest
Jan 10, 2019 6:43:19 PM org.evosuite.runtime.instrumentation.EvoClassLoader loadClass
INFO: Seeing class for first time: org.mozilla.javascript.Sorting
Jan 10, 2019 6:43:19 PM org.evosuite.runtime.instrumentation.EvoClassLoader instrumentClass
INFO: Instrumenting class 'org.mozilla.javascript.Sorting'.
Jan 10, 2019 6:43:19 PM org.evosuite.runtime.instrumentation.MethodCallReplacementClassAdapter visit
INFO: Adding mock interface to class org/mozilla/javascript/Sorting
Jan 10, 2019 6:43:19 PM org.evosuite.runtime.instrumentation.CreateClassResetClassAdapter createEmptyStaticReset
INFO: Creating brand-new static initializer in class org/mozilla/javascript/Sorting
Jan 10, 2019 6:43:19 PM org.evosuite.runtime.instrumentation.CreateClassResetClassAdapter createEmptyStaticReset
INFO: Adding bytecode for initializing field SMALLSORT
Jan 10, 2019 6:43:19 PM org.evosuite.runtime.instrumentation.EvoClassLoader instrumentClass
INFO: Keeping class: org.mozilla.javascript.Sorting
Jan 10, 2019 6:43:22 PM org.evosuite.runtime.thread.ThreadStopper killAndJoinClientThreads
INFO: Found new thread
Jan 10, 2019 6:43:22 PM org.evosuite.runtime.thread.ThreadStopper killAndJoinClientThreads
INFO: Found new thread
Jan 10, 2019 6:43:22 PM org.evosuite.runtime.thread.ThreadStopper killAndJoinClientThreads
INFO: Found new thread
Jan 10, 2019 6:43:22 PM org.evosuite.runtime.thread.ThreadStopper killAndJoinClientThreads
INFO: Found new thread
]]></system-err>
</testsuite>
