<?xml version="1.0" encoding="UTF-8"?>
<testsuite name="org.mozilla.javascript.tools.debugger.treetable.AbstractCellEditor_ESTest" tests="8" skipped="0" failures="0" errors="0" timestamp="2019-01-10T18:38:23" hostname="swami-VirtualBox" time="0.234">
  <properties/>
  <testcase name="test7" classname="org.mozilla.javascript.tools.debugger.treetable.AbstractCellEditor_ESTest" time="0.035"/>
  <testcase name="test6" classname="org.mozilla.javascript.tools.debugger.treetable.AbstractCellEditor_ESTest" time="0.066"/>
  <testcase name="test5" classname="org.mozilla.javascript.tools.debugger.treetable.AbstractCellEditor_ESTest" time="0.017"/>
  <testcase name="test4" classname="org.mozilla.javascript.tools.debugger.treetable.AbstractCellEditor_ESTest" time="0.003"/>
  <testcase name="test3" classname="org.mozilla.javascript.tools.debugger.treetable.AbstractCellEditor_ESTest" time="0.082"/>
  <testcase name="test2" classname="org.mozilla.javascript.tools.debugger.treetable.AbstractCellEditor_ESTest" time="0.008"/>
  <testcase name="test1" classname="org.mozilla.javascript.tools.debugger.treetable.AbstractCellEditor_ESTest" time="0.003"/>
  <testcase name="test0" classname="org.mozilla.javascript.tools.debugger.treetable.AbstractCellEditor_ESTest" time="0.005"/>
  <system-out><![CDATA[]]></system-out>
  <system-err><![CDATA[Jan 10, 2019 10:38:21 AM org.evosuite.runtime.instrumentation.EvoClassLoader loadClass
INFO: Seeing class for first time: org.mozilla.javascript.tools.debugger.treetable.AbstractCellEditor_ESTest
Jan 10, 2019 10:38:21 AM org.evosuite.runtime.instrumentation.EvoClassLoader instrumentClass
INFO: Instrumenting class 'org.mozilla.javascript.tools.debugger.treetable.AbstractCellEditor_ESTest'.
Jan 10, 2019 10:38:21 AM org.evosuite.runtime.instrumentation.EvoClassLoader loadClass
INFO: Seeing class for first time: org.mozilla.javascript.tools.debugger.treetable.AbstractCellEditor_ESTest_scaffolding
Jan 10, 2019 10:38:21 AM org.evosuite.runtime.instrumentation.EvoClassLoader instrumentClass
INFO: Instrumenting class 'org.mozilla.javascript.tools.debugger.treetable.AbstractCellEditor_ESTest_scaffolding'.
Jan 10, 2019 10:38:21 AM org.evosuite.runtime.instrumentation.EvoClassLoader instrumentClass
INFO: Keeping class: org.mozilla.javascript.tools.debugger.treetable.AbstractCellEditor_ESTest_scaffolding
Jan 10, 2019 10:38:21 AM org.evosuite.runtime.instrumentation.EvoClassLoader instrumentClass
INFO: Keeping class: org.mozilla.javascript.tools.debugger.treetable.AbstractCellEditor_ESTest
Jan 10, 2019 6:38:22 PM org.evosuite.runtime.instrumentation.EvoClassLoader loadClass
INFO: Seeing class for first time: org.mozilla.javascript.tools.debugger.treetable.AbstractCellEditor
Jan 10, 2019 6:38:22 PM org.evosuite.runtime.instrumentation.EvoClassLoader instrumentClass
INFO: Instrumenting class 'org.mozilla.javascript.tools.debugger.treetable.AbstractCellEditor'.
Jan 10, 2019 6:38:22 PM org.evosuite.runtime.instrumentation.MethodCallReplacementClassAdapter visit
INFO: Adding mock interface to class org/mozilla/javascript/tools/debugger/treetable/AbstractCellEditor
Jan 10, 2019 6:38:23 PM org.evosuite.runtime.instrumentation.CreateClassResetClassAdapter createEmptyStaticReset
INFO: Creating brand-new static initializer in class org/mozilla/javascript/tools/debugger/treetable/AbstractCellEditor
Jan 10, 2019 6:38:23 PM org.evosuite.runtime.instrumentation.EvoClassLoader instrumentClass
INFO: Keeping class: org.mozilla.javascript.tools.debugger.treetable.AbstractCellEditor
Jan 10, 2019 6:38:23 PM org.evosuite.runtime.thread.ThreadStopper killAndJoinClientThreads
INFO: Found new thread
Jan 10, 2019 6:38:23 PM org.evosuite.runtime.thread.ThreadStopper killAndJoinClientThreads
INFO: Found new thread
Jan 10, 2019 6:38:23 PM org.evosuite.runtime.thread.ThreadStopper killAndJoinClientThreads
INFO: Found new thread
Jan 10, 2019 6:38:23 PM org.evosuite.runtime.thread.ThreadStopper killAndJoinClientThreads
INFO: Found new thread
Jan 10, 2019 6:38:23 PM org.evosuite.runtime.thread.ThreadStopper killAndJoinClientThreads
INFO: Found new thread
Jan 10, 2019 6:38:23 PM org.evosuite.runtime.thread.ThreadStopper killAndJoinClientThreads
INFO: Found new thread
Jan 10, 2019 6:38:23 PM org.evosuite.runtime.thread.ThreadStopper killAndJoinClientThreads
INFO: Found new thread
Jan 10, 2019 6:38:23 PM org.evosuite.runtime.thread.ThreadStopper killAndJoinClientThreads
INFO: Found new thread
]]></system-err>
</testsuite>
