<?xml version="1.0" encoding="UTF-8"?>
<testsuite name="org.mozilla.javascript.StackStyle_ESTest" tests="1" skipped="0" failures="0" errors="0" timestamp="2019-01-10T18:10:03" hostname="swami-VirtualBox" time="0.007">
  <properties/>
  <testcase name="notGeneratedAnyTest" classname="org.mozilla.javascript.StackStyle_ESTest" time="0.007"/>
  <system-out><![CDATA[]]></system-out>
  <system-err><![CDATA[Jan 10, 2019 10:10:01 AM org.evosuite.runtime.instrumentation.EvoClassLoader loadClass
INFO: Seeing class for first time: org.mozilla.javascript.StackStyle_ESTest
Jan 10, 2019 10:10:01 AM org.evosuite.runtime.instrumentation.EvoClassLoader instrumentClass
INFO: Instrumenting class 'org.mozilla.javascript.StackStyle_ESTest'.
Jan 10, 2019 10:10:01 AM org.evosuite.runtime.instrumentation.EvoClassLoader loadClass
INFO: Seeing class for first time: org.mozilla.javascript.StackStyle_ESTest_scaffolding
Jan 10, 2019 10:10:01 AM org.evosuite.runtime.instrumentation.EvoClassLoader instrumentClass
INFO: Instrumenting class 'org.mozilla.javascript.StackStyle_ESTest_scaffolding'.
Jan 10, 2019 10:10:01 AM org.evosuite.runtime.instrumentation.EvoClassLoader instrumentClass
INFO: Keeping class: org.mozilla.javascript.StackStyle_ESTest_scaffolding
Jan 10, 2019 10:10:01 AM org.evosuite.runtime.instrumentation.EvoClassLoader instrumentClass
INFO: Keeping class: org.mozilla.javascript.StackStyle_ESTest
Jan 10, 2019 6:10:02 PM org.evosuite.runtime.instrumentation.EvoClassLoader loadClass
INFO: Seeing class for first time: org.mozilla.javascript.StackStyle
Jan 10, 2019 6:10:02 PM org.evosuite.runtime.instrumentation.EvoClassLoader instrumentClass
INFO: Instrumenting class 'org.mozilla.javascript.StackStyle'.
Jan 10, 2019 6:10:02 PM org.evosuite.runtime.instrumentation.MethodCallReplacementClassAdapter visit
INFO: Adding mock interface to class org/mozilla/javascript/StackStyle
Jan 10, 2019 6:10:03 PM org.evosuite.runtime.instrumentation.CreateClassResetClassAdapter visitMethod
INFO: Found static initializer in class org/mozilla/javascript/StackStyle
Jan 10, 2019 6:10:03 PM org.evosuite.runtime.instrumentation.EvoClassLoader instrumentClass
INFO: Keeping class: org.mozilla.javascript.StackStyle
]]></system-err>
</testsuite>
