<?xml version="1.0" encoding="UTF-8"?>
<testsuite name="org.mozilla.javascript.v8dtoa.DiyFp_ESTest" tests="8" skipped="0" failures="0" errors="0" timestamp="2019-01-10T18:07:42" hostname="swami-VirtualBox" time="0.22">
  <properties/>
  <testcase name="test3" classname="org.mozilla.javascript.v8dtoa.DiyFp_ESTest" time="0.058"/>
  <testcase name="test2" classname="org.mozilla.javascript.v8dtoa.DiyFp_ESTest" time="0.037"/>
  <testcase name="test5" classname="org.mozilla.javascript.v8dtoa.DiyFp_ESTest" time="0.011"/>
  <testcase name="test4" classname="org.mozilla.javascript.v8dtoa.DiyFp_ESTest" time="0.009"/>
  <testcase name="test7" classname="org.mozilla.javascript.v8dtoa.DiyFp_ESTest" time="0.013"/>
  <testcase name="test6" classname="org.mozilla.javascript.v8dtoa.DiyFp_ESTest" time="0.041"/>
  <testcase name="test1" classname="org.mozilla.javascript.v8dtoa.DiyFp_ESTest" time="0.021"/>
  <testcase name="test0" classname="org.mozilla.javascript.v8dtoa.DiyFp_ESTest" time="0.017"/>
  <system-out><![CDATA[]]></system-out>
  <system-err><![CDATA[Jan 10, 2019 10:07:39 AM org.evosuite.runtime.instrumentation.EvoClassLoader loadClass
INFO: Seeing class for first time: org.mozilla.javascript.v8dtoa.DiyFp_ESTest
Jan 10, 2019 10:07:39 AM org.evosuite.runtime.instrumentation.EvoClassLoader instrumentClass
INFO: Instrumenting class 'org.mozilla.javascript.v8dtoa.DiyFp_ESTest'.
Jan 10, 2019 10:07:40 AM org.evosuite.runtime.instrumentation.EvoClassLoader loadClass
INFO: Seeing class for first time: org.mozilla.javascript.v8dtoa.DiyFp_ESTest_scaffolding
Jan 10, 2019 10:07:40 AM org.evosuite.runtime.instrumentation.EvoClassLoader instrumentClass
INFO: Instrumenting class 'org.mozilla.javascript.v8dtoa.DiyFp_ESTest_scaffolding'.
Jan 10, 2019 10:07:40 AM org.evosuite.runtime.instrumentation.EvoClassLoader instrumentClass
INFO: Keeping class: org.mozilla.javascript.v8dtoa.DiyFp_ESTest_scaffolding
Jan 10, 2019 10:07:40 AM org.evosuite.runtime.instrumentation.EvoClassLoader instrumentClass
INFO: Keeping class: org.mozilla.javascript.v8dtoa.DiyFp_ESTest
Jan 10, 2019 6:07:40 PM org.evosuite.runtime.instrumentation.EvoClassLoader loadClass
INFO: Seeing class for first time: org.mozilla.javascript.v8dtoa.DiyFp
Jan 10, 2019 6:07:40 PM org.evosuite.runtime.instrumentation.EvoClassLoader instrumentClass
INFO: Instrumenting class 'org.mozilla.javascript.v8dtoa.DiyFp'.
Jan 10, 2019 6:07:40 PM org.evosuite.runtime.instrumentation.MethodCallReplacementClassAdapter visit
INFO: Adding mock interface to class org/mozilla/javascript/v8dtoa/DiyFp
Jan 10, 2019 6:07:41 PM org.evosuite.runtime.instrumentation.CreateClassResetClassAdapter visitMethod
INFO: Found static initializer in class org/mozilla/javascript/v8dtoa/DiyFp
Jan 10, 2019 6:07:41 PM org.evosuite.runtime.instrumentation.EvoClassLoader instrumentClass
INFO: Keeping class: org.mozilla.javascript.v8dtoa.DiyFp
Jan 10, 2019 6:07:42 PM org.evosuite.runtime.thread.ThreadStopper killAndJoinClientThreads
INFO: Found new thread
Jan 10, 2019 6:07:42 PM org.evosuite.runtime.thread.ThreadStopper killAndJoinClientThreads
INFO: Found new thread
Jan 10, 2019 6:07:42 PM org.evosuite.runtime.thread.ThreadStopper killAndJoinClientThreads
INFO: Found new thread
Jan 10, 2019 6:07:42 PM org.evosuite.runtime.thread.ThreadStopper killAndJoinClientThreads
INFO: Found new thread
Jan 10, 2019 6:07:42 PM org.evosuite.runtime.thread.ThreadStopper killAndJoinClientThreads
INFO: Found new thread
Jan 10, 2019 6:07:42 PM org.evosuite.runtime.thread.ThreadStopper killAndJoinClientThreads
INFO: Found new thread
Jan 10, 2019 6:07:42 PM org.evosuite.runtime.thread.ThreadStopper killAndJoinClientThreads
INFO: Found new thread
Jan 10, 2019 6:07:42 PM org.evosuite.runtime.thread.ThreadStopper killAndJoinClientThreads
INFO: Found new thread
]]></system-err>
</testsuite>
