<?xml version="1.0" encoding="UTF-8"?>
<testsuite name="org.mozilla.classfile.ExceptionTableEntry_ESTest" tests="1" skipped="0" failures="0" errors="0" timestamp="2019-01-10T18:50:52" hostname="swami-VirtualBox" time="0.024">
  <properties/>
  <testcase name="test0" classname="org.mozilla.classfile.ExceptionTableEntry_ESTest" time="0.024"/>
  <system-out><![CDATA[]]></system-out>
  <system-err><![CDATA[Jan 10, 2019 10:50:51 AM org.evosuite.runtime.instrumentation.EvoClassLoader loadClass
INFO: Seeing class for first time: org.mozilla.classfile.ExceptionTableEntry_ESTest
Jan 10, 2019 10:50:51 AM org.evosuite.runtime.instrumentation.EvoClassLoader instrumentClass
INFO: Instrumenting class 'org.mozilla.classfile.ExceptionTableEntry_ESTest'.
Jan 10, 2019 10:50:51 AM org.evosuite.runtime.instrumentation.EvoClassLoader loadClass
INFO: Seeing class for first time: org.mozilla.classfile.ExceptionTableEntry_ESTest_scaffolding
Jan 10, 2019 10:50:51 AM org.evosuite.runtime.instrumentation.EvoClassLoader instrumentClass
INFO: Instrumenting class 'org.mozilla.classfile.ExceptionTableEntry_ESTest_scaffolding'.
Jan 10, 2019 10:50:51 AM org.evosuite.runtime.instrumentation.EvoClassLoader instrumentClass
INFO: Keeping class: org.mozilla.classfile.ExceptionTableEntry_ESTest_scaffolding
Jan 10, 2019 10:50:51 AM org.evosuite.runtime.instrumentation.EvoClassLoader instrumentClass
INFO: Keeping class: org.mozilla.classfile.ExceptionTableEntry_ESTest
Jan 10, 2019 6:50:51 PM org.evosuite.runtime.instrumentation.EvoClassLoader loadClass
INFO: Seeing class for first time: org.mozilla.classfile.ExceptionTableEntry
Jan 10, 2019 6:50:51 PM org.evosuite.runtime.instrumentation.EvoClassLoader instrumentClass
INFO: Instrumenting class 'org.mozilla.classfile.ExceptionTableEntry'.
Jan 10, 2019 6:50:52 PM org.evosuite.runtime.instrumentation.MethodCallReplacementClassAdapter visit
INFO: Adding mock interface to class org/mozilla/classfile/ExceptionTableEntry
Jan 10, 2019 6:50:52 PM org.evosuite.runtime.instrumentation.CreateClassResetClassAdapter createEmptyStaticReset
INFO: Creating brand-new static initializer in class org/mozilla/classfile/ExceptionTableEntry
Jan 10, 2019 6:50:52 PM org.evosuite.runtime.instrumentation.EvoClassLoader instrumentClass
INFO: Keeping class: org.mozilla.classfile.ExceptionTableEntry
]]></system-err>
</testsuite>
