<?xml version="1.0" encoding="UTF-8"?>
<testsuite name="org.mozilla.javascript.tools.shell.ConsoleTextArea_ESTest" tests="19" skipped="0" failures="0" errors="0" timestamp="2019-01-10T20:04:20" hostname="swami-VirtualBox" time="0.705">
  <properties/>
  <testcase name="test08" classname="org.mozilla.javascript.tools.shell.ConsoleTextArea_ESTest" time="0.219"/>
  <testcase name="test09" classname="org.mozilla.javascript.tools.shell.ConsoleTextArea_ESTest" time="0.05"/>
  <testcase name="test06" classname="org.mozilla.javascript.tools.shell.ConsoleTextArea_ESTest" time="0.025"/>
  <testcase name="test17" classname="org.mozilla.javascript.tools.shell.ConsoleTextArea_ESTest" time="0.017"/>
  <testcase name="test07" classname="org.mozilla.javascript.tools.shell.ConsoleTextArea_ESTest" time="0.034"/>
  <testcase name="test18" classname="org.mozilla.javascript.tools.shell.ConsoleTextArea_ESTest" time="0.028"/>
  <testcase name="test04" classname="org.mozilla.javascript.tools.shell.ConsoleTextArea_ESTest" time="0.015"/>
  <testcase name="test15" classname="org.mozilla.javascript.tools.shell.ConsoleTextArea_ESTest" time="0.017"/>
  <testcase name="test05" classname="org.mozilla.javascript.tools.shell.ConsoleTextArea_ESTest" time="0.022"/>
  <testcase name="test16" classname="org.mozilla.javascript.tools.shell.ConsoleTextArea_ESTest" time="0.014"/>
  <testcase name="test02" classname="org.mozilla.javascript.tools.shell.ConsoleTextArea_ESTest" time="0.014"/>
  <testcase name="test13" classname="org.mozilla.javascript.tools.shell.ConsoleTextArea_ESTest" time="0.017"/>
  <testcase name="test03" classname="org.mozilla.javascript.tools.shell.ConsoleTextArea_ESTest" time="0.049"/>
  <testcase name="test14" classname="org.mozilla.javascript.tools.shell.ConsoleTextArea_ESTest" time="0.005"/>
  <testcase name="test00" classname="org.mozilla.javascript.tools.shell.ConsoleTextArea_ESTest" time="0.017"/>
  <testcase name="test11" classname="org.mozilla.javascript.tools.shell.ConsoleTextArea_ESTest" time="0.037"/>
  <testcase name="test01" classname="org.mozilla.javascript.tools.shell.ConsoleTextArea_ESTest" time="0.022"/>
  <testcase name="test12" classname="org.mozilla.javascript.tools.shell.ConsoleTextArea_ESTest" time="0.036"/>
  <testcase name="test10" classname="org.mozilla.javascript.tools.shell.ConsoleTextArea_ESTest" time="0.014"/>
  <system-out><![CDATA[]]></system-out>
  <system-err><![CDATA[Jan 10, 2019 12:04:18 PM org.evosuite.runtime.instrumentation.EvoClassLoader loadClass
INFO: Seeing class for first time: org.mozilla.javascript.tools.shell.ConsoleTextArea_ESTest
Jan 10, 2019 12:04:18 PM org.evosuite.runtime.instrumentation.EvoClassLoader instrumentClass
INFO: Instrumenting class 'org.mozilla.javascript.tools.shell.ConsoleTextArea_ESTest'.
Jan 10, 2019 12:04:18 PM org.evosuite.runtime.instrumentation.EvoClassLoader loadClass
INFO: Seeing class for first time: org.mozilla.javascript.tools.shell.ConsoleTextArea_ESTest_scaffolding
Jan 10, 2019 12:04:18 PM org.evosuite.runtime.instrumentation.EvoClassLoader instrumentClass
INFO: Instrumenting class 'org.mozilla.javascript.tools.shell.ConsoleTextArea_ESTest_scaffolding'.
Jan 10, 2019 12:04:18 PM org.evosuite.runtime.instrumentation.EvoClassLoader instrumentClass
INFO: Keeping class: org.mozilla.javascript.tools.shell.ConsoleTextArea_ESTest_scaffolding
Jan 10, 2019 12:04:18 PM org.evosuite.runtime.instrumentation.EvoClassLoader instrumentClass
INFO: Keeping class: org.mozilla.javascript.tools.shell.ConsoleTextArea_ESTest
Jan 10, 2019 12:04:18 PM org.evosuite.runtime.instrumentation.EvoClassLoader loadClass
INFO: Seeing class for first time: org.mozilla.javascript.tools.shell.ConsoleTextArea
Jan 10, 2019 12:04:18 PM org.evosuite.runtime.instrumentation.EvoClassLoader instrumentClass
INFO: Instrumenting class 'org.mozilla.javascript.tools.shell.ConsoleTextArea'.
Jan 10, 2019 12:04:19 PM org.evosuite.runtime.instrumentation.MethodCallReplacementClassAdapter visit
INFO: Adding mock interface to class org/mozilla/javascript/tools/shell/ConsoleTextArea
Jan 10, 2019 12:04:19 PM org.evosuite.runtime.instrumentation.CreateClassResetClassAdapter createEmptyStaticReset
INFO: Creating brand-new static initializer in class org/mozilla/javascript/tools/shell/ConsoleTextArea
Jan 10, 2019 12:04:19 PM org.evosuite.runtime.instrumentation.EvoClassLoader instrumentClass
INFO: Keeping class: org.mozilla.javascript.tools.shell.ConsoleTextArea
Jan 10, 2019 8:04:20 PM org.evosuite.runtime.instrumentation.EvoClassLoader loadClass
INFO: Seeing class for first time: org.mozilla.javascript.tools.shell.ConsoleWrite
Jan 10, 2019 8:04:20 PM org.evosuite.runtime.instrumentation.EvoClassLoader instrumentClass
INFO: Instrumenting class 'org.mozilla.javascript.tools.shell.ConsoleWrite'.
Jan 10, 2019 8:04:20 PM org.evosuite.runtime.instrumentation.MethodCallReplacementClassAdapter visit
INFO: Adding mock interface to class org/mozilla/javascript/tools/shell/ConsoleWrite
Jan 10, 2019 8:04:20 PM org.evosuite.runtime.instrumentation.CreateClassResetClassAdapter createEmptyStaticReset
INFO: Creating brand-new static initializer in class org/mozilla/javascript/tools/shell/ConsoleWrite
Jan 10, 2019 8:04:20 PM org.evosuite.runtime.instrumentation.EvoClassLoader instrumentClass
INFO: Keeping class: org.mozilla.javascript.tools.shell.ConsoleWrite
Jan 10, 2019 8:04:20 PM org.evosuite.runtime.instrumentation.EvoClassLoader loadClass
INFO: Seeing class for first time: org.mozilla.javascript.tools.shell.ConsoleWriter
Jan 10, 2019 8:04:20 PM org.evosuite.runtime.instrumentation.EvoClassLoader instrumentClass
INFO: Instrumenting class 'org.mozilla.javascript.tools.shell.ConsoleWriter'.
Jan 10, 2019 8:04:20 PM org.evosuite.runtime.instrumentation.MethodCallReplacementClassAdapter visit
INFO: Adding mock interface to class org/mozilla/javascript/tools/shell/ConsoleWriter
Jan 10, 2019 8:04:20 PM org.evosuite.runtime.instrumentation.CreateClassResetClassAdapter createEmptyStaticReset
INFO: Creating brand-new static initializer in class org/mozilla/javascript/tools/shell/ConsoleWriter
Jan 10, 2019 8:04:20 PM org.evosuite.runtime.instrumentation.EvoClassLoader instrumentClass
INFO: Keeping class: org.mozilla.javascript.tools.shell.ConsoleWriter
Jan 10, 2019 8:04:20 PM org.evosuite.runtime.thread.ThreadStopper killAndJoinClientThreads
INFO: Found new thread
Jan 10, 2019 8:04:20 PM org.evosuite.runtime.thread.ThreadStopper killAndJoinClientThreads
INFO: Found new thread
Jan 10, 2019 8:04:20 PM org.evosuite.runtime.thread.ThreadStopper killAndJoinClientThreads
INFO: Found new thread
Jan 10, 2019 8:04:20 PM org.evosuite.runtime.thread.ThreadStopper killAndJoinClientThreads
INFO: Found new thread
Jan 10, 2019 8:04:20 PM org.evosuite.runtime.thread.ThreadStopper killAndJoinClientThreads
INFO: Found new thread
Jan 10, 2019 8:04:21 PM org.evosuite.runtime.thread.ThreadStopper killAndJoinClientThreads
INFO: Found new thread
Jan 10, 2019 8:04:21 PM org.evosuite.runtime.thread.ThreadStopper killAndJoinClientThreads
INFO: Found new thread
Jan 10, 2019 8:04:21 PM org.evosuite.runtime.thread.ThreadStopper killAndJoinClientThreads
INFO: Found new thread
Jan 10, 2019 8:04:21 PM org.evosuite.runtime.thread.ThreadStopper killAndJoinClientThreads
INFO: Found new thread
Jan 10, 2019 8:04:21 PM org.evosuite.runtime.thread.ThreadStopper killAndJoinClientThreads
INFO: Found new thread
Jan 10, 2019 8:04:21 PM org.evosuite.runtime.thread.ThreadStopper killAndJoinClientThreads
INFO: Found new thread
Jan 10, 2019 8:04:21 PM org.evosuite.runtime.thread.ThreadStopper killAndJoinClientThreads
INFO: Found new thread
Jan 10, 2019 8:04:21 PM org.evosuite.runtime.thread.ThreadStopper killAndJoinClientThreads
INFO: Found new thread
Jan 10, 2019 8:04:21 PM org.evosuite.runtime.thread.ThreadStopper killAndJoinClientThreads
INFO: Found new thread
Jan 10, 2019 8:04:21 PM org.evosuite.runtime.thread.ThreadStopper killAndJoinClientThreads
INFO: Found new thread
Jan 10, 2019 8:04:21 PM org.evosuite.runtime.thread.ThreadStopper killAndJoinClientThreads
INFO: Found new thread
javax.swing.text.BadLocationException: Invalid location
	at javax.swing.text.GapContent.getChars(GapContent.java:186)
	at javax.swing.text.AbstractDocument.getText(AbstractDocument.java:810)
	at org.mozilla.javascript.tools.shell.ConsoleTextArea.returnPressed(ConsoleTextArea.java:123)
	at org.mozilla.javascript.tools.shell.ConsoleTextArea_ESTest.test01(ConsoleTextArea_ESTest.java:47)
	at sun.reflect.NativeMethodAccessorImpl.invoke0(Native Method)
	at sun.reflect.NativeMethodAccessorImpl.invoke(NativeMethodAccessorImpl.java:62)
	at sun.reflect.DelegatingMethodAccessorImpl.invoke(DelegatingMethodAccessorImpl.java:43)
	at java.lang.reflect.Method.invoke(Method.java:498)
	at org.junit.runners.model.FrameworkMethod$1.runReflectiveCall(FrameworkMethod.java:50)
	at org.junit.internal.runners.model.ReflectiveCallable.run(ReflectiveCallable.java:12)
	at org.junit.runners.model.FrameworkMethod.invokeExplosively(FrameworkMethod.java:47)
	at org.junit.internal.runners.statements.InvokeMethod.evaluate(InvokeMethod.java:17)
	at org.junit.internal.runners.statements.FailOnTimeout$CallableStatement.call(FailOnTimeout.java:298)
	at org.junit.internal.runners.statements.FailOnTimeout$CallableStatement.call(FailOnTimeout.java:292)
	at java.util.concurrent.FutureTask.run(FutureTask.java:266)
	at java.lang.Thread.run(Thread.java:748)
Jan 10, 2019 8:04:21 PM org.evosuite.runtime.thread.ThreadStopper killAndJoinClientThreads
INFO: Found new thread
Jan 10, 2019 8:04:21 PM org.evosuite.runtime.thread.ThreadStopper killAndJoinClientThreads
INFO: Found new thread
Jan 10, 2019 8:04:21 PM org.evosuite.runtime.thread.ThreadStopper killAndJoinClientThreads
INFO: Found new thread
]]></system-err>
</testsuite>
