<?xml version="1.0" encoding="UTF-8"?>
<testsuite name="org.mozilla.javascript.tools.shell.ConsoleWriter_ESTest" tests="5" skipped="0" failures="0" errors="0" timestamp="2019-01-10T20:04:41" hostname="swami-VirtualBox" time="0.29">
  <properties/>
  <testcase name="test4" classname="org.mozilla.javascript.tools.shell.ConsoleWriter_ESTest" time="0.065"/>
  <testcase name="test3" classname="org.mozilla.javascript.tools.shell.ConsoleWriter_ESTest" time="0.094"/>
  <testcase name="test2" classname="org.mozilla.javascript.tools.shell.ConsoleWriter_ESTest" time="0.032"/>
  <testcase name="test1" classname="org.mozilla.javascript.tools.shell.ConsoleWriter_ESTest" time="0.063"/>
  <testcase name="test0" classname="org.mozilla.javascript.tools.shell.ConsoleWriter_ESTest" time="0.022"/>
  <system-out><![CDATA[]]></system-out>
  <system-err><![CDATA[Jan 10, 2019 12:04:39 PM org.evosuite.runtime.instrumentation.EvoClassLoader loadClass
INFO: Seeing class for first time: org.mozilla.javascript.tools.shell.ConsoleWriter_ESTest
Jan 10, 2019 12:04:39 PM org.evosuite.runtime.instrumentation.EvoClassLoader instrumentClass
INFO: Instrumenting class 'org.mozilla.javascript.tools.shell.ConsoleWriter_ESTest'.
Jan 10, 2019 12:04:39 PM org.evosuite.runtime.instrumentation.EvoClassLoader loadClass
INFO: Seeing class for first time: org.mozilla.javascript.tools.shell.ConsoleWriter_ESTest_scaffolding
Jan 10, 2019 12:04:39 PM org.evosuite.runtime.instrumentation.EvoClassLoader instrumentClass
INFO: Instrumenting class 'org.mozilla.javascript.tools.shell.ConsoleWriter_ESTest_scaffolding'.
Jan 10, 2019 12:04:39 PM org.evosuite.runtime.instrumentation.EvoClassLoader instrumentClass
INFO: Keeping class: org.mozilla.javascript.tools.shell.ConsoleWriter_ESTest_scaffolding
Jan 10, 2019 12:04:39 PM org.evosuite.runtime.instrumentation.EvoClassLoader instrumentClass
INFO: Keeping class: org.mozilla.javascript.tools.shell.ConsoleWriter_ESTest
Jan 10, 2019 8:04:40 PM org.evosuite.runtime.instrumentation.EvoClassLoader loadClass
INFO: Seeing class for first time: org.mozilla.javascript.tools.shell.ConsoleWrite
Jan 10, 2019 8:04:40 PM org.evosuite.runtime.instrumentation.EvoClassLoader instrumentClass
INFO: Instrumenting class 'org.mozilla.javascript.tools.shell.ConsoleWrite'.
Jan 10, 2019 8:04:40 PM org.evosuite.runtime.instrumentation.MethodCallReplacementClassAdapter visit
INFO: Adding mock interface to class org/mozilla/javascript/tools/shell/ConsoleWrite
Jan 10, 2019 8:04:41 PM org.evosuite.runtime.instrumentation.CreateClassResetClassAdapter createEmptyStaticReset
INFO: Creating brand-new static initializer in class org/mozilla/javascript/tools/shell/ConsoleWrite
Jan 10, 2019 8:04:41 PM org.evosuite.runtime.instrumentation.EvoClassLoader instrumentClass
INFO: Keeping class: org.mozilla.javascript.tools.shell.ConsoleWrite
Jan 10, 2019 8:04:41 PM org.evosuite.runtime.instrumentation.EvoClassLoader loadClass
INFO: Seeing class for first time: org.mozilla.javascript.tools.shell.ConsoleWriter
Jan 10, 2019 8:04:41 PM org.evosuite.runtime.instrumentation.EvoClassLoader instrumentClass
INFO: Instrumenting class 'org.mozilla.javascript.tools.shell.ConsoleWriter'.
Jan 10, 2019 8:04:41 PM org.evosuite.runtime.instrumentation.MethodCallReplacementClassAdapter visit
INFO: Adding mock interface to class org/mozilla/javascript/tools/shell/ConsoleWriter
Jan 10, 2019 8:04:41 PM org.evosuite.runtime.instrumentation.CreateClassResetClassAdapter createEmptyStaticReset
INFO: Creating brand-new static initializer in class org/mozilla/javascript/tools/shell/ConsoleWriter
Jan 10, 2019 8:04:41 PM org.evosuite.runtime.instrumentation.EvoClassLoader instrumentClass
INFO: Keeping class: org.mozilla.javascript.tools.shell.ConsoleWriter
Jan 10, 2019 8:04:41 PM org.evosuite.runtime.instrumentation.EvoClassLoader loadClass
INFO: Seeing class for first time: org.mozilla.javascript.tools.shell.ConsoleTextArea
Jan 10, 2019 8:04:41 PM org.evosuite.runtime.instrumentation.EvoClassLoader instrumentClass
INFO: Instrumenting class 'org.mozilla.javascript.tools.shell.ConsoleTextArea'.
Jan 10, 2019 8:04:41 PM org.evosuite.runtime.instrumentation.MethodCallReplacementClassAdapter visit
INFO: Adding mock interface to class org/mozilla/javascript/tools/shell/ConsoleTextArea
Jan 10, 2019 8:04:41 PM org.evosuite.runtime.instrumentation.CreateClassResetClassAdapter createEmptyStaticReset
INFO: Creating brand-new static initializer in class org/mozilla/javascript/tools/shell/ConsoleTextArea
Jan 10, 2019 8:04:41 PM org.evosuite.runtime.instrumentation.EvoClassLoader instrumentClass
INFO: Keeping class: org.mozilla.javascript.tools.shell.ConsoleTextArea
Jan 10, 2019 8:04:41 PM org.evosuite.runtime.thread.ThreadStopper killAndJoinClientThreads
INFO: Found new thread
Jan 10, 2019 8:04:41 PM org.evosuite.runtime.thread.ThreadStopper killAndJoinClientThreads
INFO: Found new thread
Jan 10, 2019 8:04:41 PM org.evosuite.runtime.thread.ThreadStopper killAndJoinClientThreads
INFO: Found new thread
Jan 10, 2019 8:04:41 PM org.evosuite.runtime.thread.ThreadStopper killAndJoinClientThreads
INFO: Found new thread
Jan 10, 2019 8:04:41 PM org.evosuite.runtime.thread.ThreadStopper killAndJoinClientThreads
INFO: Found new thread
Exception in thread "AWT-EventQueue-0" java.lang.RuntimeException: Kill switch
	at org.evosuite.runtime.thread.KillSwitchHandler.checkTimeout(KillSwitchHandler.java:50)
	at org.evosuite.runtime.thread.KillSwitchHandler.killIfTimeout(KillSwitchHandler.java:59)
	at org.mozilla.javascript.tools.shell.ConsoleTextArea.insertUpdate(ConsoleTextArea.java:230)
	at javax.swing.text.AbstractDocument.fireInsertUpdate(AbstractDocument.java:201)
]]></system-err>
</testsuite>
