<?xml version="1.0" encoding="UTF-8"?>
<testsuite name="org.mozilla.classfile.ConstantEntry_ESTest" tests="8" skipped="0" failures="0" errors="0" timestamp="2019-01-10T20:21:12" hostname="swami-VirtualBox" time="0.178">
  <properties/>
  <testcase name="test2" classname="org.mozilla.classfile.ConstantEntry_ESTest" time="0.057"/>
  <testcase name="test3" classname="org.mozilla.classfile.ConstantEntry_ESTest" time="0.015"/>
  <testcase name="test4" classname="org.mozilla.classfile.ConstantEntry_ESTest" time="0.008"/>
  <testcase name="test5" classname="org.mozilla.classfile.ConstantEntry_ESTest" time="0.028"/>
  <testcase name="test6" classname="org.mozilla.classfile.ConstantEntry_ESTest" time="0.005"/>
  <testcase name="test7" classname="org.mozilla.classfile.ConstantEntry_ESTest" time="0.015"/>
  <testcase name="test0" classname="org.mozilla.classfile.ConstantEntry_ESTest" time="0.027"/>
  <testcase name="test1" classname="org.mozilla.classfile.ConstantEntry_ESTest" time="0.006"/>
  <system-out><![CDATA[]]></system-out>
  <system-err><![CDATA[Jan 10, 2019 12:21:10 PM org.evosuite.runtime.instrumentation.EvoClassLoader loadClass
INFO: Seeing class for first time: org.mozilla.classfile.ConstantEntry_ESTest
Jan 10, 2019 12:21:10 PM org.evosuite.runtime.instrumentation.EvoClassLoader instrumentClass
INFO: Instrumenting class 'org.mozilla.classfile.ConstantEntry_ESTest'.
Jan 10, 2019 12:21:10 PM org.evosuite.runtime.instrumentation.EvoClassLoader loadClass
INFO: Seeing class for first time: org.mozilla.classfile.ConstantEntry_ESTest_scaffolding
Jan 10, 2019 12:21:10 PM org.evosuite.runtime.instrumentation.EvoClassLoader instrumentClass
INFO: Instrumenting class 'org.mozilla.classfile.ConstantEntry_ESTest_scaffolding'.
Jan 10, 2019 12:21:10 PM org.evosuite.runtime.instrumentation.EvoClassLoader instrumentClass
INFO: Keeping class: org.mozilla.classfile.ConstantEntry_ESTest_scaffolding
Jan 10, 2019 12:21:10 PM org.evosuite.runtime.instrumentation.EvoClassLoader instrumentClass
INFO: Keeping class: org.mozilla.classfile.ConstantEntry_ESTest
Jan 10, 2019 8:21:11 PM org.evosuite.runtime.instrumentation.EvoClassLoader loadClass
INFO: Seeing class for first time: org.mozilla.classfile.ConstantEntry
Jan 10, 2019 8:21:11 PM org.evosuite.runtime.instrumentation.EvoClassLoader instrumentClass
INFO: Instrumenting class 'org.mozilla.classfile.ConstantEntry'.
Jan 10, 2019 8:21:11 PM org.evosuite.runtime.instrumentation.MethodCallReplacementClassAdapter visit
INFO: Adding mock interface to class org/mozilla/classfile/ConstantEntry
Jan 10, 2019 8:21:12 PM org.evosuite.runtime.instrumentation.CreateClassResetClassAdapter createEmptyStaticReset
INFO: Creating brand-new static initializer in class org/mozilla/classfile/ConstantEntry
Jan 10, 2019 8:21:12 PM org.evosuite.runtime.instrumentation.EvoClassLoader instrumentClass
INFO: Keeping class: org.mozilla.classfile.ConstantEntry
Jan 10, 2019 8:21:12 PM org.evosuite.runtime.thread.ThreadStopper killAndJoinClientThreads
INFO: Found new thread
Jan 10, 2019 8:21:12 PM org.evosuite.runtime.thread.ThreadStopper killAndJoinClientThreads
INFO: Found new thread
Jan 10, 2019 8:21:12 PM org.evosuite.runtime.thread.ThreadStopper killAndJoinClientThreads
INFO: Found new thread
Jan 10, 2019 8:21:12 PM org.evosuite.runtime.thread.ThreadStopper killAndJoinClientThreads
INFO: Found new thread
Jan 10, 2019 8:21:12 PM org.evosuite.runtime.thread.ThreadStopper killAndJoinClientThreads
INFO: Found new thread
Jan 10, 2019 8:21:12 PM org.evosuite.runtime.thread.ThreadStopper killAndJoinClientThreads
INFO: Found new thread
Jan 10, 2019 8:21:12 PM org.evosuite.runtime.thread.ThreadStopper killAndJoinClientThreads
INFO: Found new thread
Jan 10, 2019 8:21:12 PM org.evosuite.runtime.thread.ThreadStopper killAndJoinClientThreads
INFO: Found new thread
]]></system-err>
</testsuite>
