<?xml version="1.0" encoding="UTF-8"?>
<testsuite name="org.mozilla.javascript.DefiningClassLoader_ESTest" tests="5" skipped="0" failures="0" errors="0" timestamp="2019-01-10T19:53:09" hostname="swami-VirtualBox" time="0.112">
  <properties/>
  <testcase name="test1" classname="org.mozilla.javascript.DefiningClassLoader_ESTest" time="0.037"/>
  <testcase name="test0" classname="org.mozilla.javascript.DefiningClassLoader_ESTest" time="0.02"/>
  <testcase name="test3" classname="org.mozilla.javascript.DefiningClassLoader_ESTest" time="0.016"/>
  <testcase name="test2" classname="org.mozilla.javascript.DefiningClassLoader_ESTest" time="0.03"/>
  <testcase name="test4" classname="org.mozilla.javascript.DefiningClassLoader_ESTest" time="0.006"/>
  <system-out><![CDATA[]]></system-out>
  <system-err><![CDATA[Jan 10, 2019 11:53:06 AM org.evosuite.runtime.instrumentation.EvoClassLoader loadClass
INFO: Seeing class for first time: org.mozilla.javascript.DefiningClassLoader_ESTest
Jan 10, 2019 11:53:07 AM org.evosuite.runtime.instrumentation.EvoClassLoader instrumentClass
INFO: Instrumenting class 'org.mozilla.javascript.DefiningClassLoader_ESTest'.
Jan 10, 2019 11:53:07 AM org.evosuite.runtime.instrumentation.EvoClassLoader loadClass
INFO: Seeing class for first time: org.mozilla.javascript.DefiningClassLoader_ESTest_scaffolding
Jan 10, 2019 11:53:07 AM org.evosuite.runtime.instrumentation.EvoClassLoader instrumentClass
INFO: Instrumenting class 'org.mozilla.javascript.DefiningClassLoader_ESTest_scaffolding'.
Jan 10, 2019 11:53:07 AM org.evosuite.runtime.instrumentation.EvoClassLoader instrumentClass
INFO: Keeping class: org.mozilla.javascript.DefiningClassLoader_ESTest_scaffolding
Jan 10, 2019 11:53:07 AM org.evosuite.runtime.instrumentation.EvoClassLoader instrumentClass
INFO: Keeping class: org.mozilla.javascript.DefiningClassLoader_ESTest
Jan 10, 2019 7:53:08 PM org.evosuite.runtime.instrumentation.EvoClassLoader loadClass
INFO: Seeing class for first time: org.mozilla.javascript.DefiningClassLoader
Jan 10, 2019 7:53:08 PM org.evosuite.runtime.instrumentation.EvoClassLoader instrumentClass
INFO: Instrumenting class 'org.mozilla.javascript.DefiningClassLoader'.
Jan 10, 2019 7:53:08 PM org.evosuite.runtime.instrumentation.MethodCallReplacementClassAdapter visit
INFO: Adding mock interface to class org/mozilla/javascript/DefiningClassLoader
Jan 10, 2019 7:53:09 PM org.evosuite.runtime.instrumentation.CreateClassResetClassAdapter createEmptyStaticReset
INFO: Creating brand-new static initializer in class org/mozilla/javascript/DefiningClassLoader
Jan 10, 2019 7:53:09 PM org.evosuite.runtime.instrumentation.EvoClassLoader loadClass
INFO: Seeing class for first time: org.mozilla.javascript.GeneratedClassLoader
Jan 10, 2019 7:53:09 PM org.evosuite.runtime.instrumentation.EvoClassLoader instrumentClass
INFO: Instrumenting class 'org.mozilla.javascript.GeneratedClassLoader'.
Jan 10, 2019 7:53:09 PM org.evosuite.runtime.instrumentation.EvoClassLoader instrumentClass
INFO: Keeping class: org.mozilla.javascript.GeneratedClassLoader
Jan 10, 2019 7:53:09 PM org.evosuite.runtime.instrumentation.EvoClassLoader instrumentClass
INFO: Keeping class: org.mozilla.javascript.DefiningClassLoader
Jan 10, 2019 7:53:09 PM org.evosuite.runtime.instrumentation.EvoClassLoader loadClass
INFO: Seeing class for first time: org.mozilla.javascript.SecurityUtilities$2
Jan 10, 2019 7:53:09 PM org.evosuite.runtime.instrumentation.EvoClassLoader instrumentClass
INFO: Instrumenting class 'org.mozilla.javascript.SecurityUtilities$2'.
Jan 10, 2019 7:53:09 PM org.evosuite.runtime.instrumentation.MethodCallReplacementClassAdapter visit
INFO: Adding mock interface to class org/mozilla/javascript/SecurityUtilities$2
Jan 10, 2019 7:53:09 PM org.evosuite.runtime.instrumentation.EvoClassLoader instrumentClass
INFO: Keeping class: org.mozilla.javascript.SecurityUtilities$2
Jan 10, 2019 7:53:09 PM org.evosuite.runtime.instrumentation.EvoClassLoader loadClass
INFO: Seeing class for first time: org.mozilla.javascript.SecurityUtilities
Jan 10, 2019 7:53:09 PM org.evosuite.runtime.instrumentation.EvoClassLoader instrumentClass
INFO: Instrumenting class 'org.mozilla.javascript.SecurityUtilities'.
Jan 10, 2019 7:53:09 PM org.evosuite.runtime.instrumentation.MethodCallReplacementClassAdapter visit
INFO: Adding mock interface to class org/mozilla/javascript/SecurityUtilities
Jan 10, 2019 7:53:09 PM org.evosuite.runtime.instrumentation.CreateClassResetClassAdapter createEmptyStaticReset
INFO: Creating brand-new static initializer in class org/mozilla/javascript/SecurityUtilities
Jan 10, 2019 7:53:09 PM org.evosuite.runtime.instrumentation.EvoClassLoader instrumentClass
INFO: Keeping class: org.mozilla.javascript.SecurityUtilities
Jan 10, 2019 7:53:09 PM org.evosuite.runtime.thread.ThreadStopper killAndJoinClientThreads
INFO: Found new thread
Jan 10, 2019 7:53:09 PM org.evosuite.runtime.thread.ThreadStopper killAndJoinClientThreads
INFO: Found new thread
Jan 10, 2019 7:53:09 PM org.evosuite.runtime.thread.ThreadStopper killAndJoinClientThreads
INFO: Found new thread
Jan 10, 2019 7:53:09 PM org.evosuite.runtime.thread.ThreadStopper killAndJoinClientThreads
INFO: Found new thread
Jan 10, 2019 7:53:09 PM org.evosuite.runtime.thread.ThreadStopper killAndJoinClientThreads
INFO: Found new thread
]]></system-err>
</testsuite>
