<?xml version="1.0" encoding="UTF-8"?>
<testsuite name="org.mozilla.javascript.Token_ESTest" tests="202" skipped="0" failures="0" errors="0" timestamp="2019-01-10T20:12:55" hostname="swami-VirtualBox" time="2.258">
  <properties/>
  <testcase name="test118" classname="org.mozilla.javascript.Token_ESTest" time="0.068"/>
  <testcase name="test119" classname="org.mozilla.javascript.Token_ESTest" time="0.033"/>
  <testcase name="test116" classname="org.mozilla.javascript.Token_ESTest" time="0.002"/>
  <testcase name="test117" classname="org.mozilla.javascript.Token_ESTest" time="0.016"/>
  <testcase name="test114" classname="org.mozilla.javascript.Token_ESTest" time="0.003"/>
  <testcase name="test115" classname="org.mozilla.javascript.Token_ESTest" time="0.005"/>
  <testcase name="test112" classname="org.mozilla.javascript.Token_ESTest" time="0.015"/>
  <testcase name="test113" classname="org.mozilla.javascript.Token_ESTest" time="0.029"/>
  <testcase name="test000" classname="org.mozilla.javascript.Token_ESTest" time="0.01"/>
  <testcase name="test121" classname="org.mozilla.javascript.Token_ESTest" time="0.011"/>
  <testcase name="test001" classname="org.mozilla.javascript.Token_ESTest" time="0.037"/>
  <testcase name="test122" classname="org.mozilla.javascript.Token_ESTest" time="0.003"/>
  <testcase name="test120" classname="org.mozilla.javascript.Token_ESTest" time="0.008"/>
  <testcase name="test008" classname="org.mozilla.javascript.Token_ESTest" time="0.021"/>
  <testcase name="test129" classname="org.mozilla.javascript.Token_ESTest" time="0.008"/>
  <testcase name="test009" classname="org.mozilla.javascript.Token_ESTest" time="0.01"/>
  <testcase name="test006" classname="org.mozilla.javascript.Token_ESTest" time="0.003"/>
  <testcase name="test127" classname="org.mozilla.javascript.Token_ESTest" time="0.017"/>
  <testcase name="test007" classname="org.mozilla.javascript.Token_ESTest" time="0.003"/>
  <testcase name="test128" classname="org.mozilla.javascript.Token_ESTest" time="0.033"/>
  <testcase name="test004" classname="org.mozilla.javascript.Token_ESTest" time="0.011"/>
  <testcase name="test125" classname="org.mozilla.javascript.Token_ESTest" time="0.004"/>
  <testcase name="test005" classname="org.mozilla.javascript.Token_ESTest" time="0.013"/>
  <testcase name="test126" classname="org.mozilla.javascript.Token_ESTest" time="0.031"/>
  <testcase name="test002" classname="org.mozilla.javascript.Token_ESTest" time="0.003"/>
  <testcase name="test123" classname="org.mozilla.javascript.Token_ESTest" time="0.002"/>
  <testcase name="test003" classname="org.mozilla.javascript.Token_ESTest" time="0.014"/>
  <testcase name="test124" classname="org.mozilla.javascript.Token_ESTest" time="0.003"/>
  <testcase name="test011" classname="org.mozilla.javascript.Token_ESTest" time="0.017"/>
  <testcase name="test132" classname="org.mozilla.javascript.Token_ESTest" time="0.002"/>
  <testcase name="test012" classname="org.mozilla.javascript.Token_ESTest" time="0.002"/>
  <testcase name="test133" classname="org.mozilla.javascript.Token_ESTest" time="0.036"/>
  <testcase name="test130" classname="org.mozilla.javascript.Token_ESTest" time="0.025"/>
  <testcase name="test010" classname="org.mozilla.javascript.Token_ESTest" time="0.002"/>
  <testcase name="test131" classname="org.mozilla.javascript.Token_ESTest" time="0.01"/>
  <testcase name="test100" classname="org.mozilla.javascript.Token_ESTest" time="0.002"/>
  <testcase name="test109" classname="org.mozilla.javascript.Token_ESTest" time="0.006"/>
  <testcase name="test107" classname="org.mozilla.javascript.Token_ESTest" time="0.03"/>
  <testcase name="test108" classname="org.mozilla.javascript.Token_ESTest" time="0.003"/>
  <testcase name="test105" classname="org.mozilla.javascript.Token_ESTest" time="0.006"/>
  <testcase name="test106" classname="org.mozilla.javascript.Token_ESTest" time="0.012"/>
  <testcase name="test103" classname="org.mozilla.javascript.Token_ESTest" time="0.007"/>
  <testcase name="test104" classname="org.mozilla.javascript.Token_ESTest" time="0.018"/>
  <testcase name="test101" classname="org.mozilla.javascript.Token_ESTest" time="0.02"/>
  <testcase name="test102" classname="org.mozilla.javascript.Token_ESTest" time="0.007"/>
  <testcase name="test110" classname="org.mozilla.javascript.Token_ESTest" time="0.007"/>
  <testcase name="test111" classname="org.mozilla.javascript.Token_ESTest" time="0.002"/>
  <testcase name="test039" classname="org.mozilla.javascript.Token_ESTest" time="0.017"/>
  <testcase name="test037" classname="org.mozilla.javascript.Token_ESTest" time="0.017"/>
  <testcase name="test158" classname="org.mozilla.javascript.Token_ESTest" time="0.012"/>
  <testcase name="test038" classname="org.mozilla.javascript.Token_ESTest" time="0.03"/>
  <testcase name="test159" classname="org.mozilla.javascript.Token_ESTest" time="0.028"/>
  <testcase name="test035" classname="org.mozilla.javascript.Token_ESTest" time="0.01"/>
  <testcase name="test156" classname="org.mozilla.javascript.Token_ESTest" time="0.001"/>
  <testcase name="test036" classname="org.mozilla.javascript.Token_ESTest" time="0.001"/>
  <testcase name="test157" classname="org.mozilla.javascript.Token_ESTest" time="0.002"/>
  <testcase name="test044" classname="org.mozilla.javascript.Token_ESTest" time="0.005"/>
  <testcase name="test165" classname="org.mozilla.javascript.Token_ESTest" time="0.01"/>
  <testcase name="test045" classname="org.mozilla.javascript.Token_ESTest" time="0.004"/>
  <testcase name="test166" classname="org.mozilla.javascript.Token_ESTest" time="0.016"/>
  <testcase name="test042" classname="org.mozilla.javascript.Token_ESTest" time="0.007"/>
  <testcase name="test163" classname="org.mozilla.javascript.Token_ESTest" time="0.003"/>
  <testcase name="test043" classname="org.mozilla.javascript.Token_ESTest" time="0.017"/>
  <testcase name="test164" classname="org.mozilla.javascript.Token_ESTest" time="0.003"/>
  <testcase name="test040" classname="org.mozilla.javascript.Token_ESTest" time="0.022"/>
  <testcase name="test161" classname="org.mozilla.javascript.Token_ESTest" time="0.002"/>
  <testcase name="test041" classname="org.mozilla.javascript.Token_ESTest" time="0.013"/>
  <testcase name="test162" classname="org.mozilla.javascript.Token_ESTest" time="0.022"/>
  <testcase name="test160" classname="org.mozilla.javascript.Token_ESTest" time="0.002"/>
  <testcase name="test048" classname="org.mozilla.javascript.Token_ESTest" time="0.002"/>
  <testcase name="test169" classname="org.mozilla.javascript.Token_ESTest" time="0.015"/>
  <testcase name="test049" classname="org.mozilla.javascript.Token_ESTest" time="0.02"/>
  <testcase name="test046" classname="org.mozilla.javascript.Token_ESTest" time="0.003"/>
  <testcase name="test167" classname="org.mozilla.javascript.Token_ESTest" time="0.003"/>
  <testcase name="test047" classname="org.mozilla.javascript.Token_ESTest" time="0.015"/>
  <testcase name="test168" classname="org.mozilla.javascript.Token_ESTest" time="0.002"/>
  <testcase name="test055" classname="org.mozilla.javascript.Token_ESTest" time="0.018"/>
  <testcase name="test176" classname="org.mozilla.javascript.Token_ESTest" time="0.004"/>
  <testcase name="test056" classname="org.mozilla.javascript.Token_ESTest" time="0.011"/>
  <testcase name="test177" classname="org.mozilla.javascript.Token_ESTest" time="0.015"/>
  <testcase name="test053" classname="org.mozilla.javascript.Token_ESTest" time="0.002"/>
  <testcase name="test174" classname="org.mozilla.javascript.Token_ESTest" time="0.001"/>
  <testcase name="test054" classname="org.mozilla.javascript.Token_ESTest" time="0.002"/>
  <testcase name="test175" classname="org.mozilla.javascript.Token_ESTest" time="0.003"/>
  <testcase name="test051" classname="org.mozilla.javascript.Token_ESTest" time="0.018"/>
  <testcase name="test172" classname="org.mozilla.javascript.Token_ESTest" time="0.042"/>
  <testcase name="test052" classname="org.mozilla.javascript.Token_ESTest" time="0.023"/>
  <testcase name="test173" classname="org.mozilla.javascript.Token_ESTest" time="0.002"/>
  <testcase name="test170" classname="org.mozilla.javascript.Token_ESTest" time="0.002"/>
  <testcase name="test050" classname="org.mozilla.javascript.Token_ESTest" time="0.006"/>
  <testcase name="test171" classname="org.mozilla.javascript.Token_ESTest" time="0.01"/>
  <testcase name="test019" classname="org.mozilla.javascript.Token_ESTest" time="0.002"/>
  <testcase name="test017" classname="org.mozilla.javascript.Token_ESTest" time="0.001"/>
  <testcase name="test138" classname="org.mozilla.javascript.Token_ESTest" time="0.001"/>
  <testcase name="test018" classname="org.mozilla.javascript.Token_ESTest" time="0.023"/>
  <testcase name="test139" classname="org.mozilla.javascript.Token_ESTest" time="0.014"/>
  <testcase name="test015" classname="org.mozilla.javascript.Token_ESTest" time="0.004"/>
  <testcase name="test136" classname="org.mozilla.javascript.Token_ESTest" time="0.005"/>
  <testcase name="test016" classname="org.mozilla.javascript.Token_ESTest" time="0.002"/>
  <testcase name="test137" classname="org.mozilla.javascript.Token_ESTest" time="0.033"/>
  <testcase name="test013" classname="org.mozilla.javascript.Token_ESTest" time="0.01"/>
  <testcase name="test134" classname="org.mozilla.javascript.Token_ESTest" time="0.002"/>
  <testcase name="test014" classname="org.mozilla.javascript.Token_ESTest" time="0.018"/>
  <testcase name="test135" classname="org.mozilla.javascript.Token_ESTest" time="0.002"/>
  <testcase name="test022" classname="org.mozilla.javascript.Token_ESTest" time="0.001"/>
  <testcase name="test143" classname="org.mozilla.javascript.Token_ESTest" time="0.013"/>
  <testcase name="test023" classname="org.mozilla.javascript.Token_ESTest" time="0.004"/>
  <testcase name="test144" classname="org.mozilla.javascript.Token_ESTest" time="0.016"/>
  <testcase name="test020" classname="org.mozilla.javascript.Token_ESTest" time="0.002"/>
  <testcase name="test141" classname="org.mozilla.javascript.Token_ESTest" time="0.002"/>
  <testcase name="test021" classname="org.mozilla.javascript.Token_ESTest" time="0.002"/>
  <testcase name="test142" classname="org.mozilla.javascript.Token_ESTest" time="0.015"/>
  <testcase name="test140" classname="org.mozilla.javascript.Token_ESTest" time="0.02"/>
  <testcase name="test028" classname="org.mozilla.javascript.Token_ESTest" time="0.001"/>
  <testcase name="test149" classname="org.mozilla.javascript.Token_ESTest" time="0.001"/>
  <testcase name="test029" classname="org.mozilla.javascript.Token_ESTest" time="0.002"/>
  <testcase name="test026" classname="org.mozilla.javascript.Token_ESTest" time="0.002"/>
  <testcase name="test147" classname="org.mozilla.javascript.Token_ESTest" time="0.009"/>
  <testcase name="test027" classname="org.mozilla.javascript.Token_ESTest" time="0.014"/>
  <testcase name="test148" classname="org.mozilla.javascript.Token_ESTest" time="0.025"/>
  <testcase name="test024" classname="org.mozilla.javascript.Token_ESTest" time="0.02"/>
  <testcase name="test145" classname="org.mozilla.javascript.Token_ESTest" time="0.018"/>
  <testcase name="test025" classname="org.mozilla.javascript.Token_ESTest" time="0.002"/>
  <testcase name="test146" classname="org.mozilla.javascript.Token_ESTest" time="0.001"/>
  <testcase name="test033" classname="org.mozilla.javascript.Token_ESTest" time="0.007"/>
  <testcase name="test154" classname="org.mozilla.javascript.Token_ESTest" time="0.008"/>
  <testcase name="test034" classname="org.mozilla.javascript.Token_ESTest" time="0.021"/>
  <testcase name="test155" classname="org.mozilla.javascript.Token_ESTest" time="0.005"/>
  <testcase name="test031" classname="org.mozilla.javascript.Token_ESTest" time="0.01"/>
  <testcase name="test152" classname="org.mozilla.javascript.Token_ESTest" time="0.002"/>
  <testcase name="test032" classname="org.mozilla.javascript.Token_ESTest" time="0.017"/>
  <testcase name="test153" classname="org.mozilla.javascript.Token_ESTest" time="0.003"/>
  <testcase name="test150" classname="org.mozilla.javascript.Token_ESTest" time="0.009"/>
  <testcase name="test030" classname="org.mozilla.javascript.Token_ESTest" time="0.015"/>
  <testcase name="test151" classname="org.mozilla.javascript.Token_ESTest" time="0.003"/>
  <testcase name="test079" classname="org.mozilla.javascript.Token_ESTest" time="0.026"/>
  <testcase name="test088" classname="org.mozilla.javascript.Token_ESTest" time="0.002"/>
  <testcase name="test089" classname="org.mozilla.javascript.Token_ESTest" time="0.02"/>
  <testcase name="test086" classname="org.mozilla.javascript.Token_ESTest" time="0.002"/>
  <testcase name="test087" classname="org.mozilla.javascript.Token_ESTest" time="0.002"/>
  <testcase name="test084" classname="org.mozilla.javascript.Token_ESTest" time="0.005"/>
  <testcase name="test085" classname="org.mozilla.javascript.Token_ESTest" time="0.001"/>
  <testcase name="test082" classname="org.mozilla.javascript.Token_ESTest" time="0.009"/>
  <testcase name="test083" classname="org.mozilla.javascript.Token_ESTest" time="0.002"/>
  <testcase name="test080" classname="org.mozilla.javascript.Token_ESTest" time="0.022"/>
  <testcase name="test081" classname="org.mozilla.javascript.Token_ESTest" time="0.002"/>
  <testcase name="test099" classname="org.mozilla.javascript.Token_ESTest" time="0.004"/>
  <testcase name="test097" classname="org.mozilla.javascript.Token_ESTest" time="0.013"/>
  <testcase name="test098" classname="org.mozilla.javascript.Token_ESTest" time="0.002"/>
  <testcase name="test095" classname="org.mozilla.javascript.Token_ESTest" time="0.023"/>
  <testcase name="test096" classname="org.mozilla.javascript.Token_ESTest" time="0.012"/>
  <testcase name="test093" classname="org.mozilla.javascript.Token_ESTest" time="0.001"/>
  <testcase name="test094" classname="org.mozilla.javascript.Token_ESTest" time="0.012"/>
  <testcase name="test091" classname="org.mozilla.javascript.Token_ESTest" time="0.005"/>
  <testcase name="test092" classname="org.mozilla.javascript.Token_ESTest" time="0.01"/>
  <testcase name="test090" classname="org.mozilla.javascript.Token_ESTest" time="0.001"/>
  <testcase name="test059" classname="org.mozilla.javascript.Token_ESTest" time="0.019"/>
  <testcase name="test057" classname="org.mozilla.javascript.Token_ESTest" time="0.02"/>
  <testcase name="test178" classname="org.mozilla.javascript.Token_ESTest" time="0.003"/>
  <testcase name="test058" classname="org.mozilla.javascript.Token_ESTest" time="0.004"/>
  <testcase name="test179" classname="org.mozilla.javascript.Token_ESTest" time="0.013"/>
  <testcase name="test066" classname="org.mozilla.javascript.Token_ESTest" time="0.002"/>
  <testcase name="test187" classname="org.mozilla.javascript.Token_ESTest" time="0.002"/>
  <testcase name="test067" classname="org.mozilla.javascript.Token_ESTest" time="0.017"/>
  <testcase name="test188" classname="org.mozilla.javascript.Token_ESTest" time="0.009"/>
  <testcase name="test064" classname="org.mozilla.javascript.Token_ESTest" time="0.01"/>
  <testcase name="test185" classname="org.mozilla.javascript.Token_ESTest" time="0.001"/>
  <testcase name="test065" classname="org.mozilla.javascript.Token_ESTest" time="0.002"/>
  <testcase name="test186" classname="org.mozilla.javascript.Token_ESTest" time="0.001"/>
  <testcase name="test062" classname="org.mozilla.javascript.Token_ESTest" time="0.006"/>
  <testcase name="test183" classname="org.mozilla.javascript.Token_ESTest" time="0.002"/>
  <testcase name="test063" classname="org.mozilla.javascript.Token_ESTest" time="0.021"/>
  <testcase name="test184" classname="org.mozilla.javascript.Token_ESTest" time="0.011"/>
  <testcase name="test060" classname="org.mozilla.javascript.Token_ESTest" time="0.011"/>
  <testcase name="test181" classname="org.mozilla.javascript.Token_ESTest" time="0.018"/>
  <testcase name="test061" classname="org.mozilla.javascript.Token_ESTest" time="0.004"/>
  <testcase name="test182" classname="org.mozilla.javascript.Token_ESTest" time="0.01"/>
  <testcase name="test180" classname="org.mozilla.javascript.Token_ESTest" time="0.014"/>
  <testcase name="test068" classname="org.mozilla.javascript.Token_ESTest" time="0.001"/>
  <testcase name="test189" classname="org.mozilla.javascript.Token_ESTest" time="0.003"/>
  <testcase name="test069" classname="org.mozilla.javascript.Token_ESTest" time="0.015"/>
  <testcase name="test077" classname="org.mozilla.javascript.Token_ESTest" time="0.01"/>
  <testcase name="test198" classname="org.mozilla.javascript.Token_ESTest" time="0.002"/>
  <testcase name="test078" classname="org.mozilla.javascript.Token_ESTest" time="0.002"/>
  <testcase name="test199" classname="org.mozilla.javascript.Token_ESTest" time="0.016"/>
  <testcase name="test075" classname="org.mozilla.javascript.Token_ESTest" time="0.001"/>
  <testcase name="test196" classname="org.mozilla.javascript.Token_ESTest" time="0.016"/>
  <testcase name="test076" classname="org.mozilla.javascript.Token_ESTest" time="0.018"/>
  <testcase name="test197" classname="org.mozilla.javascript.Token_ESTest" time="0.002"/>
  <testcase name="test073" classname="org.mozilla.javascript.Token_ESTest" time="0.002"/>
  <testcase name="test194" classname="org.mozilla.javascript.Token_ESTest" time="0.02"/>
  <testcase name="test074" classname="org.mozilla.javascript.Token_ESTest" time="0.034"/>
  <testcase name="test195" classname="org.mozilla.javascript.Token_ESTest" time="0.005"/>
  <testcase name="test071" classname="org.mozilla.javascript.Token_ESTest" time="0.002"/>
  <testcase name="test192" classname="org.mozilla.javascript.Token_ESTest" time="0.008"/>
  <testcase name="test072" classname="org.mozilla.javascript.Token_ESTest" time="0.017"/>
  <testcase name="test193" classname="org.mozilla.javascript.Token_ESTest" time="0.008"/>
  <testcase name="test190" classname="org.mozilla.javascript.Token_ESTest" time="0.002"/>
  <testcase name="test070" classname="org.mozilla.javascript.Token_ESTest" time="0.016"/>
  <testcase name="test191" classname="org.mozilla.javascript.Token_ESTest" time="0.013"/>
  <testcase name="test200" classname="org.mozilla.javascript.Token_ESTest" time="0.002"/>
  <testcase name="test201" classname="org.mozilla.javascript.Token_ESTest" time="0.002"/>
  <system-out><![CDATA[]]></system-out>
  <system-err><![CDATA[Jan 10, 2019 12:12:51 PM org.evosuite.runtime.instrumentation.EvoClassLoader loadClass
INFO: Seeing class for first time: org.mozilla.javascript.Token_ESTest
Jan 10, 2019 12:12:51 PM org.evosuite.runtime.instrumentation.EvoClassLoader instrumentClass
INFO: Instrumenting class 'org.mozilla.javascript.Token_ESTest'.
Jan 10, 2019 12:12:52 PM org.evosuite.runtime.instrumentation.EvoClassLoader loadClass
INFO: Seeing class for first time: org.mozilla.javascript.Token_ESTest_scaffolding
Jan 10, 2019 12:12:52 PM org.evosuite.runtime.instrumentation.EvoClassLoader instrumentClass
INFO: Instrumenting class 'org.mozilla.javascript.Token_ESTest_scaffolding'.
Jan 10, 2019 12:12:52 PM org.evosuite.runtime.instrumentation.EvoClassLoader instrumentClass
INFO: Keeping class: org.mozilla.javascript.Token_ESTest_scaffolding
Jan 10, 2019 12:12:52 PM org.evosuite.runtime.instrumentation.EvoClassLoader instrumentClass
INFO: Keeping class: org.mozilla.javascript.Token_ESTest
Jan 10, 2019 8:12:53 PM org.evosuite.runtime.instrumentation.EvoClassLoader loadClass
INFO: Seeing class for first time: org.mozilla.javascript.Token$CommentType
Jan 10, 2019 8:12:53 PM org.evosuite.runtime.instrumentation.EvoClassLoader instrumentClass
INFO: Instrumenting class 'org.mozilla.javascript.Token$CommentType'.
Jan 10, 2019 8:12:53 PM org.evosuite.runtime.instrumentation.MethodCallReplacementClassAdapter visit
INFO: Adding mock interface to class org/mozilla/javascript/Token$CommentType
Jan 10, 2019 8:12:54 PM org.evosuite.runtime.instrumentation.CreateClassResetClassAdapter visitMethod
INFO: Found static initializer in class org/mozilla/javascript/Token$CommentType
Jan 10, 2019 8:12:54 PM org.evosuite.runtime.instrumentation.EvoClassLoader instrumentClass
INFO: Keeping class: org.mozilla.javascript.Token$CommentType
Jan 10, 2019 8:12:54 PM org.evosuite.runtime.instrumentation.EvoClassLoader loadClass
INFO: Seeing class for first time: org.mozilla.javascript.Token
Jan 10, 2019 8:12:54 PM org.evosuite.runtime.instrumentation.EvoClassLoader instrumentClass
INFO: Instrumenting class 'org.mozilla.javascript.Token'.
Jan 10, 2019 8:12:54 PM org.evosuite.runtime.instrumentation.MethodCallReplacementClassAdapter visit
INFO: Adding mock interface to class org/mozilla/javascript/Token
Jan 10, 2019 8:12:54 PM org.evosuite.runtime.instrumentation.CreateClassResetClassAdapter createEmptyStaticReset
INFO: Creating brand-new static initializer in class org/mozilla/javascript/Token
Jan 10, 2019 8:12:54 PM org.evosuite.runtime.instrumentation.CreateClassResetClassAdapter createEmptyStaticReset
INFO: Adding bytecode for initializing field printTrees
Jan 10, 2019 8:12:54 PM org.evosuite.runtime.instrumentation.CreateClassResetClassAdapter createEmptyStaticReset
INFO: Adding bytecode for initializing field printICode
Jan 10, 2019 8:12:54 PM org.evosuite.runtime.instrumentation.CreateClassResetClassAdapter createEmptyStaticReset
INFO: Adding bytecode for initializing field printNames
Jan 10, 2019 8:12:54 PM org.evosuite.runtime.instrumentation.CreateClassResetClassAdapter createEmptyStaticReset
INFO: Adding bytecode for initializing field ERROR
Jan 10, 2019 8:12:54 PM org.evosuite.runtime.instrumentation.CreateClassResetClassAdapter createEmptyStaticReset
INFO: Adding bytecode for initializing field EOF
Jan 10, 2019 8:12:54 PM org.evosuite.runtime.instrumentation.CreateClassResetClassAdapter createEmptyStaticReset
INFO: Adding bytecode for initializing field EOL
Jan 10, 2019 8:12:54 PM org.evosuite.runtime.instrumentation.CreateClassResetClassAdapter createEmptyStaticReset
INFO: Adding bytecode for initializing field FIRST_BYTECODE_TOKEN
Jan 10, 2019 8:12:54 PM org.evosuite.runtime.instrumentation.CreateClassResetClassAdapter createEmptyStaticReset
INFO: Adding bytecode for initializing field ENTERWITH
Jan 10, 2019 8:12:54 PM org.evosuite.runtime.instrumentation.CreateClassResetClassAdapter createEmptyStaticReset
INFO: Adding bytecode for initializing field LEAVEWITH
Jan 10, 2019 8:12:54 PM org.evosuite.runtime.instrumentation.CreateClassResetClassAdapter createEmptyStaticReset
INFO: Adding bytecode for initializing field RETURN
Jan 10, 2019 8:12:54 PM org.evosuite.runtime.instrumentation.CreateClassResetClassAdapter createEmptyStaticReset
INFO: Adding bytecode for initializing field GOTO
Jan 10, 2019 8:12:54 PM org.evosuite.runtime.instrumentation.CreateClassResetClassAdapter createEmptyStaticReset
INFO: Adding bytecode for initializing field IFEQ
Jan 10, 2019 8:12:54 PM org.evosuite.runtime.instrumentation.CreateClassResetClassAdapter createEmptyStaticReset
INFO: Adding bytecode for initializing field IFNE
Jan 10, 2019 8:12:54 PM org.evosuite.runtime.instrumentation.CreateClassResetClassAdapter createEmptyStaticReset
INFO: Adding bytecode for initializing field SETNAME
Jan 10, 2019 8:12:54 PM org.evosuite.runtime.instrumentation.CreateClassResetClassAdapter createEmptyStaticReset
INFO: Adding bytecode for initializing field BITOR
Jan 10, 2019 8:12:54 PM org.evosuite.runtime.instrumentation.CreateClassResetClassAdapter createEmptyStaticReset
INFO: Adding bytecode for initializing field BITXOR
Jan 10, 2019 8:12:54 PM org.evosuite.runtime.instrumentation.CreateClassResetClassAdapter createEmptyStaticReset
INFO: Adding bytecode for initializing field BITAND
Jan 10, 2019 8:12:54 PM org.evosuite.runtime.instrumentation.CreateClassResetClassAdapter createEmptyStaticReset
INFO: Adding bytecode for initializing field EQ
Jan 10, 2019 8:12:54 PM org.evosuite.runtime.instrumentation.CreateClassResetClassAdapter createEmptyStaticReset
INFO: Adding bytecode for initializing field NE
Jan 10, 2019 8:12:54 PM org.evosuite.runtime.instrumentation.CreateClassResetClassAdapter createEmptyStaticReset
INFO: Adding bytecode for initializing field LT
Jan 10, 2019 8:12:54 PM org.evosuite.runtime.instrumentation.CreateClassResetClassAdapter createEmptyStaticReset
INFO: Adding bytecode for initializing field LE
Jan 10, 2019 8:12:54 PM org.evosuite.runtime.instrumentation.CreateClassResetClassAdapter createEmptyStaticReset
INFO: Adding bytecode for initializing field GT
Jan 10, 2019 8:12:54 PM org.evosuite.runtime.instrumentation.CreateClassResetClassAdapter createEmptyStaticReset
INFO: Adding bytecode for initializing field GE
Jan 10, 2019 8:12:54 PM org.evosuite.runtime.instrumentation.CreateClassResetClassAdapter createEmptyStaticReset
INFO: Adding bytecode for initializing field LSH
Jan 10, 2019 8:12:54 PM org.evosuite.runtime.instrumentation.CreateClassResetClassAdapter createEmptyStaticReset
INFO: Adding bytecode for initializing field RSH
Jan 10, 2019 8:12:54 PM org.evosuite.runtime.instrumentation.CreateClassResetClassAdapter createEmptyStaticReset
INFO: Adding bytecode for initializing field URSH
Jan 10, 2019 8:12:54 PM org.evosuite.runtime.instrumentation.CreateClassResetClassAdapter createEmptyStaticReset
INFO: Adding bytecode for initializing field ADD
Jan 10, 2019 8:12:54 PM org.evosuite.runtime.instrumentation.CreateClassResetClassAdapter createEmptyStaticReset
INFO: Adding bytecode for initializing field SUB
Jan 10, 2019 8:12:54 PM org.evosuite.runtime.instrumentation.CreateClassResetClassAdapter createEmptyStaticReset
INFO: Adding bytecode for initializing field MUL
Jan 10, 2019 8:12:54 PM org.evosuite.runtime.instrumentation.CreateClassResetClassAdapter createEmptyStaticReset
INFO: Adding bytecode for initializing field DIV
Jan 10, 2019 8:12:54 PM org.evosuite.runtime.instrumentation.CreateClassResetClassAdapter createEmptyStaticReset
INFO: Adding bytecode for initializing field MOD
Jan 10, 2019 8:12:54 PM org.evosuite.runtime.instrumentation.CreateClassResetClassAdapter createEmptyStaticReset
INFO: Adding bytecode for initializing field NOT
Jan 10, 2019 8:12:54 PM org.evosuite.runtime.instrumentation.CreateClassResetClassAdapter createEmptyStaticReset
INFO: Adding bytecode for initializing field BITNOT
Jan 10, 2019 8:12:54 PM org.evosuite.runtime.instrumentation.CreateClassResetClassAdapter createEmptyStaticReset
INFO: Adding bytecode for initializing field POS
Jan 10, 2019 8:12:54 PM org.evosuite.runtime.instrumentation.CreateClassResetClassAdapter createEmptyStaticReset
INFO: Adding bytecode for initializing field NEG
Jan 10, 2019 8:12:54 PM org.evosuite.runtime.instrumentation.CreateClassResetClassAdapter createEmptyStaticReset
INFO: Adding bytecode for initializing field NEW
Jan 10, 2019 8:12:54 PM org.evosuite.runtime.instrumentation.CreateClassResetClassAdapter createEmptyStaticReset
INFO: Adding bytecode for initializing field DELPROP
Jan 10, 2019 8:12:54 PM org.evosuite.runtime.instrumentation.CreateClassResetClassAdapter createEmptyStaticReset
INFO: Adding bytecode for initializing field TYPEOF
Jan 10, 2019 8:12:54 PM org.evosuite.runtime.instrumentation.CreateClassResetClassAdapter createEmptyStaticReset
INFO: Adding bytecode for initializing field GETPROP
Jan 10, 2019 8:12:54 PM org.evosuite.runtime.instrumentation.CreateClassResetClassAdapter createEmptyStaticReset
INFO: Adding bytecode for initializing field GETPROPNOWARN
Jan 10, 2019 8:12:54 PM org.evosuite.runtime.instrumentation.CreateClassResetClassAdapter createEmptyStaticReset
INFO: Adding bytecode for initializing field SETPROP
Jan 10, 2019 8:12:54 PM org.evosuite.runtime.instrumentation.CreateClassResetClassAdapter createEmptyStaticReset
INFO: Adding bytecode for initializing field GETELEM
Jan 10, 2019 8:12:54 PM org.evosuite.runtime.instrumentation.CreateClassResetClassAdapter createEmptyStaticReset
INFO: Adding bytecode for initializing field SETELEM
Jan 10, 2019 8:12:54 PM org.evosuite.runtime.instrumentation.CreateClassResetClassAdapter createEmptyStaticReset
INFO: Adding bytecode for initializing field CALL
Jan 10, 2019 8:12:54 PM org.evosuite.runtime.instrumentation.CreateClassResetClassAdapter createEmptyStaticReset
INFO: Adding bytecode for initializing field NAME
Jan 10, 2019 8:12:54 PM org.evosuite.runtime.instrumentation.CreateClassResetClassAdapter createEmptyStaticReset
INFO: Adding bytecode for initializing field NUMBER
Jan 10, 2019 8:12:54 PM org.evosuite.runtime.instrumentation.CreateClassResetClassAdapter createEmptyStaticReset
INFO: Adding bytecode for initializing field STRING
Jan 10, 2019 8:12:54 PM org.evosuite.runtime.instrumentation.CreateClassResetClassAdapter createEmptyStaticReset
INFO: Adding bytecode for initializing field NULL
Jan 10, 2019 8:12:54 PM org.evosuite.runtime.instrumentation.CreateClassResetClassAdapter createEmptyStaticReset
INFO: Adding bytecode for initializing field THIS
Jan 10, 2019 8:12:54 PM org.evosuite.runtime.instrumentation.CreateClassResetClassAdapter createEmptyStaticReset
INFO: Adding bytecode for initializing field FALSE
Jan 10, 2019 8:12:54 PM org.evosuite.runtime.instrumentation.CreateClassResetClassAdapter createEmptyStaticReset
INFO: Adding bytecode for initializing field TRUE
Jan 10, 2019 8:12:54 PM org.evosuite.runtime.instrumentation.CreateClassResetClassAdapter createEmptyStaticReset
INFO: Adding bytecode for initializing field SHEQ
Jan 10, 2019 8:12:54 PM org.evosuite.runtime.instrumentation.CreateClassResetClassAdapter createEmptyStaticReset
INFO: Adding bytecode for initializing field SHNE
Jan 10, 2019 8:12:54 PM org.evosuite.runtime.instrumentation.CreateClassResetClassAdapter createEmptyStaticReset
INFO: Adding bytecode for initializing field REGEXP
Jan 10, 2019 8:12:54 PM org.evosuite.runtime.instrumentation.CreateClassResetClassAdapter createEmptyStaticReset
INFO: Adding bytecode for initializing field BINDNAME
Jan 10, 2019 8:12:54 PM org.evosuite.runtime.instrumentation.CreateClassResetClassAdapter createEmptyStaticReset
INFO: Adding bytecode for initializing field THROW
Jan 10, 2019 8:12:54 PM org.evosuite.runtime.instrumentation.CreateClassResetClassAdapter createEmptyStaticReset
INFO: Adding bytecode for initializing field RETHROW
Jan 10, 2019 8:12:54 PM org.evosuite.runtime.instrumentation.CreateClassResetClassAdapter createEmptyStaticReset
INFO: Adding bytecode for initializing field IN
Jan 10, 2019 8:12:54 PM org.evosuite.runtime.instrumentation.CreateClassResetClassAdapter createEmptyStaticReset
INFO: Adding bytecode for initializing field INSTANCEOF
Jan 10, 2019 8:12:54 PM org.evosuite.runtime.instrumentation.CreateClassResetClassAdapter createEmptyStaticReset
INFO: Adding bytecode for initializing field LOCAL_LOAD
Jan 10, 2019 8:12:54 PM org.evosuite.runtime.instrumentation.CreateClassResetClassAdapter createEmptyStaticReset
INFO: Adding bytecode for initializing field GETVAR
Jan 10, 2019 8:12:54 PM org.evosuite.runtime.instrumentation.CreateClassResetClassAdapter createEmptyStaticReset
INFO: Adding bytecode for initializing field SETVAR
Jan 10, 2019 8:12:54 PM org.evosuite.runtime.instrumentation.CreateClassResetClassAdapter createEmptyStaticReset
INFO: Adding bytecode for initializing field CATCH_SCOPE
Jan 10, 2019 8:12:54 PM org.evosuite.runtime.instrumentation.CreateClassResetClassAdapter createEmptyStaticReset
INFO: Adding bytecode for initializing field ENUM_INIT_KEYS
Jan 10, 2019 8:12:54 PM org.evosuite.runtime.instrumentation.CreateClassResetClassAdapter createEmptyStaticReset
INFO: Adding bytecode for initializing field ENUM_INIT_VALUES
Jan 10, 2019 8:12:54 PM org.evosuite.runtime.instrumentation.CreateClassResetClassAdapter createEmptyStaticReset
INFO: Adding bytecode for initializing field ENUM_INIT_ARRAY
Jan 10, 2019 8:12:54 PM org.evosuite.runtime.instrumentation.CreateClassResetClassAdapter createEmptyStaticReset
INFO: Adding bytecode for initializing field ENUM_INIT_VALUES_IN_ORDER
Jan 10, 2019 8:12:54 PM org.evosuite.runtime.instrumentation.CreateClassResetClassAdapter createEmptyStaticReset
INFO: Adding bytecode for initializing field ENUM_NEXT
Jan 10, 2019 8:12:54 PM org.evosuite.runtime.instrumentation.CreateClassResetClassAdapter createEmptyStaticReset
INFO: Adding bytecode for initializing field ENUM_ID
Jan 10, 2019 8:12:54 PM org.evosuite.runtime.instrumentation.CreateClassResetClassAdapter createEmptyStaticReset
INFO: Adding bytecode for initializing field THISFN
Jan 10, 2019 8:12:54 PM org.evosuite.runtime.instrumentation.CreateClassResetClassAdapter createEmptyStaticReset
INFO: Adding bytecode for initializing field RETURN_RESULT
Jan 10, 2019 8:12:54 PM org.evosuite.runtime.instrumentation.CreateClassResetClassAdapter createEmptyStaticReset
INFO: Adding bytecode for initializing field ARRAYLIT
Jan 10, 2019 8:12:54 PM org.evosuite.runtime.instrumentation.CreateClassResetClassAdapter createEmptyStaticReset
INFO: Adding bytecode for initializing field OBJECTLIT
Jan 10, 2019 8:12:54 PM org.evosuite.runtime.instrumentation.CreateClassResetClassAdapter createEmptyStaticReset
INFO: Adding bytecode for initializing field GET_REF
Jan 10, 2019 8:12:54 PM org.evosuite.runtime.instrumentation.CreateClassResetClassAdapter createEmptyStaticReset
INFO: Adding bytecode for initializing field SET_REF
Jan 10, 2019 8:12:54 PM org.evosuite.runtime.instrumentation.CreateClassResetClassAdapter createEmptyStaticReset
INFO: Adding bytecode for initializing field DEL_REF
Jan 10, 2019 8:12:54 PM org.evosuite.runtime.instrumentation.CreateClassResetClassAdapter createEmptyStaticReset
INFO: Adding bytecode for initializing field REF_CALL
Jan 10, 2019 8:12:54 PM org.evosuite.runtime.instrumentation.CreateClassResetClassAdapter createEmptyStaticReset
INFO: Adding bytecode for initializing field REF_SPECIAL
Jan 10, 2019 8:12:54 PM org.evosuite.runtime.instrumentation.CreateClassResetClassAdapter createEmptyStaticReset
INFO: Adding bytecode for initializing field YIELD
Jan 10, 2019 8:12:54 PM org.evosuite.runtime.instrumentation.CreateClassResetClassAdapter createEmptyStaticReset
INFO: Adding bytecode for initializing field STRICT_SETNAME
Jan 10, 2019 8:12:54 PM org.evosuite.runtime.instrumentation.CreateClassResetClassAdapter createEmptyStaticReset
INFO: Adding bytecode for initializing field DEFAULTNAMESPACE
Jan 10, 2019 8:12:54 PM org.evosuite.runtime.instrumentation.CreateClassResetClassAdapter createEmptyStaticReset
INFO: Adding bytecode for initializing field ESCXMLATTR
Jan 10, 2019 8:12:54 PM org.evosuite.runtime.instrumentation.CreateClassResetClassAdapter createEmptyStaticReset
INFO: Adding bytecode for initializing field ESCXMLTEXT
Jan 10, 2019 8:12:54 PM org.evosuite.runtime.instrumentation.CreateClassResetClassAdapter createEmptyStaticReset
INFO: Adding bytecode for initializing field REF_MEMBER
Jan 10, 2019 8:12:54 PM org.evosuite.runtime.instrumentation.CreateClassResetClassAdapter createEmptyStaticReset
INFO: Adding bytecode for initializing field REF_NS_MEMBER
Jan 10, 2019 8:12:54 PM org.evosuite.runtime.instrumentation.CreateClassResetClassAdapter createEmptyStaticReset
INFO: Adding bytecode for initializing field REF_NAME
Jan 10, 2019 8:12:54 PM org.evosuite.runtime.instrumentation.CreateClassResetClassAdapter createEmptyStaticReset
INFO: Adding bytecode for initializing field REF_NS_NAME
Jan 10, 2019 8:12:54 PM org.evosuite.runtime.instrumentation.CreateClassResetClassAdapter createEmptyStaticReset
INFO: Adding bytecode for initializing field LAST_BYTECODE_TOKEN
Jan 10, 2019 8:12:54 PM org.evosuite.runtime.instrumentation.CreateClassResetClassAdapter createEmptyStaticReset
INFO: Adding bytecode for initializing field TRY
Jan 10, 2019 8:12:54 PM org.evosuite.runtime.instrumentation.CreateClassResetClassAdapter createEmptyStaticReset
INFO: Adding bytecode for initializing field SEMI
Jan 10, 2019 8:12:54 PM org.evosuite.runtime.instrumentation.CreateClassResetClassAdapter createEmptyStaticReset
INFO: Adding bytecode for initializing field LB
Jan 10, 2019 8:12:54 PM org.evosuite.runtime.instrumentation.CreateClassResetClassAdapter createEmptyStaticReset
INFO: Adding bytecode for initializing field RB
Jan 10, 2019 8:12:54 PM org.evosuite.runtime.instrumentation.CreateClassResetClassAdapter createEmptyStaticReset
INFO: Adding bytecode for initializing field LC
Jan 10, 2019 8:12:54 PM org.evosuite.runtime.instrumentation.CreateClassResetClassAdapter createEmptyStaticReset
INFO: Adding bytecode for initializing field RC
Jan 10, 2019 8:12:54 PM org.evosuite.runtime.instrumentation.CreateClassResetClassAdapter createEmptyStaticReset
INFO: Adding bytecode for initializing field LP
Jan 10, 2019 8:12:54 PM org.evosuite.runtime.instrumentation.CreateClassResetClassAdapter createEmptyStaticReset
INFO: Adding bytecode for initializing field RP
Jan 10, 2019 8:12:54 PM org.evosuite.runtime.instrumentation.CreateClassResetClassAdapter createEmptyStaticReset
INFO: Adding bytecode for initializing field COMMA
Jan 10, 2019 8:12:54 PM org.evosuite.runtime.instrumentation.CreateClassResetClassAdapter createEmptyStaticReset
INFO: Adding bytecode for initializing field ASSIGN
Jan 10, 2019 8:12:54 PM org.evosuite.runtime.instrumentation.CreateClassResetClassAdapter createEmptyStaticReset
INFO: Adding bytecode for initializing field ASSIGN_BITOR
Jan 10, 2019 8:12:54 PM org.evosuite.runtime.instrumentation.CreateClassResetClassAdapter createEmptyStaticReset
INFO: Adding bytecode for initializing field ASSIGN_BITXOR
Jan 10, 2019 8:12:54 PM org.evosuite.runtime.instrumentation.CreateClassResetClassAdapter createEmptyStaticReset
INFO: Adding bytecode for initializing field ASSIGN_BITAND
Jan 10, 2019 8:12:54 PM org.evosuite.runtime.instrumentation.CreateClassResetClassAdapter createEmptyStaticReset
INFO: Adding bytecode for initializing field ASSIGN_LSH
Jan 10, 2019 8:12:54 PM org.evosuite.runtime.instrumentation.CreateClassResetClassAdapter createEmptyStaticReset
INFO: Adding bytecode for initializing field ASSIGN_RSH
Jan 10, 2019 8:12:54 PM org.evosuite.runtime.instrumentation.CreateClassResetClassAdapter createEmptyStaticReset
INFO: Adding bytecode for initializing field ASSIGN_URSH
Jan 10, 2019 8:12:54 PM org.evosuite.runtime.instrumentation.CreateClassResetClassAdapter createEmptyStaticReset
INFO: Adding bytecode for initializing field ASSIGN_ADD
Jan 10, 2019 8:12:54 PM org.evosuite.runtime.instrumentation.CreateClassResetClassAdapter createEmptyStaticReset
INFO: Adding bytecode for initializing field ASSIGN_SUB
Jan 10, 2019 8:12:54 PM org.evosuite.runtime.instrumentation.CreateClassResetClassAdapter createEmptyStaticReset
INFO: Adding bytecode for initializing field ASSIGN_MUL
Jan 10, 2019 8:12:54 PM org.evosuite.runtime.instrumentation.CreateClassResetClassAdapter createEmptyStaticReset
INFO: Adding bytecode for initializing field ASSIGN_DIV
Jan 10, 2019 8:12:54 PM org.evosuite.runtime.instrumentation.CreateClassResetClassAdapter createEmptyStaticReset
INFO: Adding bytecode for initializing field ASSIGN_MOD
Jan 10, 2019 8:12:54 PM org.evosuite.runtime.instrumentation.CreateClassResetClassAdapter createEmptyStaticReset
INFO: Adding bytecode for initializing field FIRST_ASSIGN
Jan 10, 2019 8:12:54 PM org.evosuite.runtime.instrumentation.CreateClassResetClassAdapter createEmptyStaticReset
INFO: Adding bytecode for initializing field LAST_ASSIGN
Jan 10, 2019 8:12:54 PM org.evosuite.runtime.instrumentation.CreateClassResetClassAdapter createEmptyStaticReset
INFO: Adding bytecode for initializing field HOOK
Jan 10, 2019 8:12:54 PM org.evosuite.runtime.instrumentation.CreateClassResetClassAdapter createEmptyStaticReset
INFO: Adding bytecode for initializing field COLON
Jan 10, 2019 8:12:54 PM org.evosuite.runtime.instrumentation.CreateClassResetClassAdapter createEmptyStaticReset
INFO: Adding bytecode for initializing field OR
Jan 10, 2019 8:12:54 PM org.evosuite.runtime.instrumentation.CreateClassResetClassAdapter createEmptyStaticReset
INFO: Adding bytecode for initializing field AND
Jan 10, 2019 8:12:54 PM org.evosuite.runtime.instrumentation.CreateClassResetClassAdapter createEmptyStaticReset
INFO: Adding bytecode for initializing field INC
Jan 10, 2019 8:12:54 PM org.evosuite.runtime.instrumentation.CreateClassResetClassAdapter createEmptyStaticReset
INFO: Adding bytecode for initializing field DEC
Jan 10, 2019 8:12:54 PM org.evosuite.runtime.instrumentation.CreateClassResetClassAdapter createEmptyStaticReset
INFO: Adding bytecode for initializing field DOT
Jan 10, 2019 8:12:54 PM org.evosuite.runtime.instrumentation.CreateClassResetClassAdapter createEmptyStaticReset
INFO: Adding bytecode for initializing field FUNCTION
Jan 10, 2019 8:12:54 PM org.evosuite.runtime.instrumentation.CreateClassResetClassAdapter createEmptyStaticReset
INFO: Adding bytecode for initializing field EXPORT
Jan 10, 2019 8:12:54 PM org.evosuite.runtime.instrumentation.CreateClassResetClassAdapter createEmptyStaticReset
INFO: Adding bytecode for initializing field IMPORT
Jan 10, 2019 8:12:54 PM org.evosuite.runtime.instrumentation.CreateClassResetClassAdapter createEmptyStaticReset
INFO: Adding bytecode for initializing field IF
Jan 10, 2019 8:12:54 PM org.evosuite.runtime.instrumentation.CreateClassResetClassAdapter createEmptyStaticReset
INFO: Adding bytecode for initializing field ELSE
Jan 10, 2019 8:12:54 PM org.evosuite.runtime.instrumentation.CreateClassResetClassAdapter createEmptyStaticReset
INFO: Adding bytecode for initializing field SWITCH
Jan 10, 2019 8:12:54 PM org.evosuite.runtime.instrumentation.CreateClassResetClassAdapter createEmptyStaticReset
INFO: Adding bytecode for initializing field CASE
Jan 10, 2019 8:12:54 PM org.evosuite.runtime.instrumentation.CreateClassResetClassAdapter createEmptyStaticReset
INFO: Adding bytecode for initializing field DEFAULT
Jan 10, 2019 8:12:54 PM org.evosuite.runtime.instrumentation.CreateClassResetClassAdapter createEmptyStaticReset
INFO: Adding bytecode for initializing field WHILE
Jan 10, 2019 8:12:54 PM org.evosuite.runtime.instrumentation.CreateClassResetClassAdapter createEmptyStaticReset
INFO: Adding bytecode for initializing field DO
Jan 10, 2019 8:12:54 PM org.evosuite.runtime.instrumentation.CreateClassResetClassAdapter createEmptyStaticReset
INFO: Adding bytecode for initializing field FOR
Jan 10, 2019 8:12:54 PM org.evosuite.runtime.instrumentation.CreateClassResetClassAdapter createEmptyStaticReset
INFO: Adding bytecode for initializing field BREAK
Jan 10, 2019 8:12:54 PM org.evosuite.runtime.instrumentation.CreateClassResetClassAdapter createEmptyStaticReset
INFO: Adding bytecode for initializing field CONTINUE
Jan 10, 2019 8:12:54 PM org.evosuite.runtime.instrumentation.CreateClassResetClassAdapter createEmptyStaticReset
INFO: Adding bytecode for initializing field VAR
Jan 10, 2019 8:12:54 PM org.evosuite.runtime.instrumentation.CreateClassResetClassAdapter createEmptyStaticReset
INFO: Adding bytecode for initializing field WITH
Jan 10, 2019 8:12:54 PM org.evosuite.runtime.instrumentation.CreateClassResetClassAdapter createEmptyStaticReset
INFO: Adding bytecode for initializing field CATCH
Jan 10, 2019 8:12:54 PM org.evosuite.runtime.instrumentation.CreateClassResetClassAdapter createEmptyStaticReset
INFO: Adding bytecode for initializing field FINALLY
Jan 10, 2019 8:12:54 PM org.evosuite.runtime.instrumentation.CreateClassResetClassAdapter createEmptyStaticReset
INFO: Adding bytecode for initializing field VOID
Jan 10, 2019 8:12:54 PM org.evosuite.runtime.instrumentation.CreateClassResetClassAdapter createEmptyStaticReset
INFO: Adding bytecode for initializing field RESERVED
Jan 10, 2019 8:12:54 PM org.evosuite.runtime.instrumentation.CreateClassResetClassAdapter createEmptyStaticReset
INFO: Adding bytecode for initializing field EMPTY
Jan 10, 2019 8:12:54 PM org.evosuite.runtime.instrumentation.CreateClassResetClassAdapter createEmptyStaticReset
INFO: Adding bytecode for initializing field BLOCK
Jan 10, 2019 8:12:54 PM org.evosuite.runtime.instrumentation.CreateClassResetClassAdapter createEmptyStaticReset
INFO: Adding bytecode for initializing field LABEL
Jan 10, 2019 8:12:54 PM org.evosuite.runtime.instrumentation.CreateClassResetClassAdapter createEmptyStaticReset
INFO: Adding bytecode for initializing field TARGET
Jan 10, 2019 8:12:54 PM org.evosuite.runtime.instrumentation.CreateClassResetClassAdapter createEmptyStaticReset
INFO: Adding bytecode for initializing field LOOP
Jan 10, 2019 8:12:54 PM org.evosuite.runtime.instrumentation.CreateClassResetClassAdapter createEmptyStaticReset
INFO: Adding bytecode for initializing field EXPR_VOID
Jan 10, 2019 8:12:54 PM org.evosuite.runtime.instrumentation.CreateClassResetClassAdapter createEmptyStaticReset
INFO: Adding bytecode for initializing field EXPR_RESULT
Jan 10, 2019 8:12:54 PM org.evosuite.runtime.instrumentation.CreateClassResetClassAdapter createEmptyStaticReset
INFO: Adding bytecode for initializing field JSR
Jan 10, 2019 8:12:54 PM org.evosuite.runtime.instrumentation.CreateClassResetClassAdapter createEmptyStaticReset
INFO: Adding bytecode for initializing field SCRIPT
Jan 10, 2019 8:12:54 PM org.evosuite.runtime.instrumentation.CreateClassResetClassAdapter createEmptyStaticReset
INFO: Adding bytecode for initializing field TYPEOFNAME
Jan 10, 2019 8:12:54 PM org.evosuite.runtime.instrumentation.CreateClassResetClassAdapter createEmptyStaticReset
INFO: Adding bytecode for initializing field USE_STACK
Jan 10, 2019 8:12:54 PM org.evosuite.runtime.instrumentation.CreateClassResetClassAdapter createEmptyStaticReset
INFO: Adding bytecode for initializing field SETPROP_OP
Jan 10, 2019 8:12:54 PM org.evosuite.runtime.instrumentation.CreateClassResetClassAdapter createEmptyStaticReset
INFO: Adding bytecode for initializing field SETELEM_OP
Jan 10, 2019 8:12:54 PM org.evosuite.runtime.instrumentation.CreateClassResetClassAdapter createEmptyStaticReset
INFO: Adding bytecode for initializing field LOCAL_BLOCK
Jan 10, 2019 8:12:54 PM org.evosuite.runtime.instrumentation.CreateClassResetClassAdapter createEmptyStaticReset
INFO: Adding bytecode for initializing field SET_REF_OP
Jan 10, 2019 8:12:54 PM org.evosuite.runtime.instrumentation.CreateClassResetClassAdapter createEmptyStaticReset
INFO: Adding bytecode for initializing field DOTDOT
Jan 10, 2019 8:12:54 PM org.evosuite.runtime.instrumentation.CreateClassResetClassAdapter createEmptyStaticReset
INFO: Adding bytecode for initializing field COLONCOLON
Jan 10, 2019 8:12:54 PM org.evosuite.runtime.instrumentation.CreateClassResetClassAdapter createEmptyStaticReset
INFO: Adding bytecode for initializing field XML
Jan 10, 2019 8:12:54 PM org.evosuite.runtime.instrumentation.CreateClassResetClassAdapter createEmptyStaticReset
INFO: Adding bytecode for initializing field DOTQUERY
Jan 10, 2019 8:12:54 PM org.evosuite.runtime.instrumentation.CreateClassResetClassAdapter createEmptyStaticReset
INFO: Adding bytecode for initializing field XMLATTR
Jan 10, 2019 8:12:54 PM org.evosuite.runtime.instrumentation.CreateClassResetClassAdapter createEmptyStaticReset
INFO: Adding bytecode for initializing field XMLEND
Jan 10, 2019 8:12:54 PM org.evosuite.runtime.instrumentation.CreateClassResetClassAdapter createEmptyStaticReset
INFO: Adding bytecode for initializing field TO_OBJECT
Jan 10, 2019 8:12:54 PM org.evosuite.runtime.instrumentation.CreateClassResetClassAdapter createEmptyStaticReset
INFO: Adding bytecode for initializing field TO_DOUBLE
Jan 10, 2019 8:12:54 PM org.evosuite.runtime.instrumentation.CreateClassResetClassAdapter createEmptyStaticReset
INFO: Adding bytecode for initializing field GET
Jan 10, 2019 8:12:54 PM org.evosuite.runtime.instrumentation.CreateClassResetClassAdapter createEmptyStaticReset
INFO: Adding bytecode for initializing field SET
Jan 10, 2019 8:12:54 PM org.evosuite.runtime.instrumentation.CreateClassResetClassAdapter createEmptyStaticReset
INFO: Adding bytecode for initializing field LET
Jan 10, 2019 8:12:54 PM org.evosuite.runtime.instrumentation.CreateClassResetClassAdapter createEmptyStaticReset
INFO: Adding bytecode for initializing field CONST
Jan 10, 2019 8:12:54 PM org.evosuite.runtime.instrumentation.CreateClassResetClassAdapter createEmptyStaticReset
INFO: Adding bytecode for initializing field SETCONST
Jan 10, 2019 8:12:54 PM org.evosuite.runtime.instrumentation.CreateClassResetClassAdapter createEmptyStaticReset
INFO: Adding bytecode for initializing field SETCONSTVAR
Jan 10, 2019 8:12:54 PM org.evosuite.runtime.instrumentation.CreateClassResetClassAdapter createEmptyStaticReset
INFO: Adding bytecode for initializing field ARRAYCOMP
Jan 10, 2019 8:12:54 PM org.evosuite.runtime.instrumentation.CreateClassResetClassAdapter createEmptyStaticReset
INFO: Adding bytecode for initializing field LETEXPR
Jan 10, 2019 8:12:54 PM org.evosuite.runtime.instrumentation.CreateClassResetClassAdapter createEmptyStaticReset
INFO: Adding bytecode for initializing field WITHEXPR
Jan 10, 2019 8:12:54 PM org.evosuite.runtime.instrumentation.CreateClassResetClassAdapter createEmptyStaticReset
INFO: Adding bytecode for initializing field DEBUGGER
Jan 10, 2019 8:12:54 PM org.evosuite.runtime.instrumentation.CreateClassResetClassAdapter createEmptyStaticReset
INFO: Adding bytecode for initializing field COMMENT
Jan 10, 2019 8:12:54 PM org.evosuite.runtime.instrumentation.CreateClassResetClassAdapter createEmptyStaticReset
INFO: Adding bytecode for initializing field GENEXPR
Jan 10, 2019 8:12:54 PM org.evosuite.runtime.instrumentation.CreateClassResetClassAdapter createEmptyStaticReset
INFO: Adding bytecode for initializing field METHOD
Jan 10, 2019 8:12:54 PM org.evosuite.runtime.instrumentation.CreateClassResetClassAdapter createEmptyStaticReset
INFO: Adding bytecode for initializing field ARROW
Jan 10, 2019 8:12:54 PM org.evosuite.runtime.instrumentation.CreateClassResetClassAdapter createEmptyStaticReset
INFO: Adding bytecode for initializing field LAST_TOKEN
Jan 10, 2019 8:12:54 PM org.evosuite.runtime.instrumentation.EvoClassLoader instrumentClass
INFO: Keeping class: org.mozilla.javascript.Token
Jan 10, 2019 8:12:55 PM org.evosuite.runtime.thread.ThreadStopper killAndJoinClientThreads
INFO: Found new thread
Jan 10, 2019 8:12:55 PM org.evosuite.runtime.thread.ThreadStopper killAndJoinClientThreads
INFO: Found new thread
Jan 10, 2019 8:12:55 PM org.evosuite.runtime.thread.ThreadStopper killAndJoinClientThreads
INFO: Found new thread
Jan 10, 2019 8:12:55 PM org.evosuite.runtime.thread.ThreadStopper killAndJoinClientThreads
INFO: Found new thread
Jan 10, 2019 8:12:55 PM org.evosuite.runtime.thread.ThreadStopper killAndJoinClientThreads
INFO: Found new thread
Jan 10, 2019 8:12:55 PM org.evosuite.runtime.thread.ThreadStopper killAndJoinClientThreads
INFO: Found new thread
Jan 10, 2019 8:12:55 PM org.evosuite.runtime.thread.ThreadStopper killAndJoinClientThreads
INFO: Found new thread
Jan 10, 2019 8:12:55 PM org.evosuite.runtime.thread.ThreadStopper killAndJoinClientThreads
INFO: Found new thread
Jan 10, 2019 8:12:55 PM org.evosuite.runtime.thread.ThreadStopper killAndJoinClientThreads
INFO: Found new thread
Jan 10, 2019 8:12:55 PM org.evosuite.runtime.thread.ThreadStopper killAndJoinClientThreads
INFO: Found new thread
Jan 10, 2019 8:12:55 PM org.evosuite.runtime.thread.ThreadStopper killAndJoinClientThreads
INFO: Found new thread
Jan 10, 2019 8:12:55 PM org.evosuite.runtime.thread.ThreadStopper killAndJoinClientThreads
INFO: Found new thread
Jan 10, 2019 8:12:55 PM org.evosuite.runtime.thread.ThreadStopper killAndJoinClientThreads
INFO: Found new thread
Jan 10, 2019 8:12:55 PM org.evosuite.runtime.thread.ThreadStopper killAndJoinClientThreads
INFO: Found new thread
Jan 10, 2019 8:12:55 PM org.evosuite.runtime.thread.ThreadStopper killAndJoinClientThreads
INFO: Found new thread
Jan 10, 2019 8:12:55 PM org.evosuite.runtime.thread.ThreadStopper killAndJoinClientThreads
INFO: Found new thread
Jan 10, 2019 8:12:55 PM org.evosuite.runtime.thread.ThreadStopper killAndJoinClientThreads
INFO: Found new thread
Jan 10, 2019 8:12:55 PM org.evosuite.runtime.thread.ThreadStopper killAndJoinClientThreads
INFO: Found new thread
Jan 10, 2019 8:12:55 PM org.evosuite.runtime.thread.ThreadStopper killAndJoinClientThreads
INFO: Found new thread
Jan 10, 2019 8:12:55 PM org.evosuite.runtime.thread.ThreadStopper killAndJoinClientThreads
INFO: Found new thread
Jan 10, 2019 8:12:55 PM org.evosuite.runtime.thread.ThreadStopper killAndJoinClientThreads
INFO: Found new thread
Jan 10, 2019 8:12:55 PM org.evosuite.runtime.thread.ThreadStopper killAndJoinClientThreads
INFO: Found new thread
Jan 10, 2019 8:12:55 PM org.evosuite.runtime.thread.ThreadStopper killAndJoinClientThreads
INFO: Found new thread
Jan 10, 2019 8:12:55 PM org.evosuite.runtime.thread.ThreadStopper killAndJoinClientThreads
INFO: Found new thread
Jan 10, 2019 8:12:55 PM org.evosuite.runtime.thread.ThreadStopper killAndJoinClientThreads
INFO: Found new thread
Jan 10, 2019 8:12:55 PM org.evosuite.runtime.thread.ThreadStopper killAndJoinClientThreads
INFO: Found new thread
Jan 10, 2019 8:12:55 PM org.evosuite.runtime.thread.ThreadStopper killAndJoinClientThreads
INFO: Found new thread
Jan 10, 2019 8:12:55 PM org.evosuite.runtime.thread.ThreadStopper killAndJoinClientThreads
INFO: Found new thread
Jan 10, 2019 8:12:55 PM org.evosuite.runtime.thread.ThreadStopper killAndJoinClientThreads
INFO: Found new thread
Jan 10, 2019 8:12:55 PM org.evosuite.runtime.thread.ThreadStopper killAndJoinClientThreads
INFO: Found new thread
Jan 10, 2019 8:12:55 PM org.evosuite.runtime.thread.ThreadStopper killAndJoinClientThreads
INFO: Found new thread
Jan 10, 2019 8:12:55 PM org.evosuite.runtime.thread.ThreadStopper killAndJoinClientThreads
INFO: Found new thread
Jan 10, 2019 8:12:55 PM org.evosuite.runtime.thread.ThreadStopper killAndJoinClientThreads
INFO: Found new thread
Jan 10, 2019 8:12:55 PM org.evosuite.runtime.thread.ThreadStopper killAndJoinClientThreads
INFO: Found new thread
Jan 10, 2019 8:12:55 PM org.evosuite.runtime.thread.ThreadStopper killAndJoinClientThreads
INFO: Found new thread
Jan 10, 2019 8:12:55 PM org.evosuite.runtime.thread.ThreadStopper killAndJoinClientThreads
INFO: Found new thread
Jan 10, 2019 8:12:55 PM org.evosuite.runtime.thread.ThreadStopper killAndJoinClientThreads
INFO: Found new thread
Jan 10, 2019 8:12:55 PM org.evosuite.runtime.thread.ThreadStopper killAndJoinClientThreads
INFO: Found new thread
Jan 10, 2019 8:12:55 PM org.evosuite.runtime.thread.ThreadStopper killAndJoinClientThreads
INFO: Found new thread
Jan 10, 2019 8:12:55 PM org.evosuite.runtime.thread.ThreadStopper killAndJoinClientThreads
INFO: Found new thread
Jan 10, 2019 8:12:55 PM org.evosuite.runtime.thread.ThreadStopper killAndJoinClientThreads
INFO: Found new thread
Jan 10, 2019 8:12:55 PM org.evosuite.runtime.thread.ThreadStopper killAndJoinClientThreads
INFO: Found new thread
Jan 10, 2019 8:12:55 PM org.evosuite.runtime.thread.ThreadStopper killAndJoinClientThreads
INFO: Found new thread
Jan 10, 2019 8:12:55 PM org.evosuite.runtime.thread.ThreadStopper killAndJoinClientThreads
INFO: Found new thread
Jan 10, 2019 8:12:55 PM org.evosuite.runtime.thread.ThreadStopper killAndJoinClientThreads
INFO: Found new thread
Jan 10, 2019 8:12:55 PM org.evosuite.runtime.thread.ThreadStopper killAndJoinClientThreads
INFO: Found new thread
Jan 10, 2019 8:12:55 PM org.evosuite.runtime.thread.ThreadStopper killAndJoinClientThreads
INFO: Found new thread
Jan 10, 2019 8:12:55 PM org.evosuite.runtime.thread.ThreadStopper killAndJoinClientThreads
INFO: Found new thread
Jan 10, 2019 8:12:55 PM org.evosuite.runtime.thread.ThreadStopper killAndJoinClientThreads
INFO: Found new thread
Jan 10, 2019 8:12:55 PM org.evosuite.runtime.thread.ThreadStopper killAndJoinClientThreads
INFO: Found new thread
Jan 10, 2019 8:12:55 PM org.evosuite.runtime.thread.ThreadStopper killAndJoinClientThreads
INFO: Found new thread
Jan 10, 2019 8:12:55 PM org.evosuite.runtime.thread.ThreadStopper killAndJoinClientThreads
INFO: Found new thread
Jan 10, 2019 8:12:55 PM org.evosuite.runtime.thread.ThreadStopper killAndJoinClientThreads
INFO: Found new thread
Jan 10, 2019 8:12:55 PM org.evosuite.runtime.thread.ThreadStopper killAndJoinClientThreads
INFO: Found new thread
Jan 10, 2019 8:12:55 PM org.evosuite.runtime.thread.ThreadStopper killAndJoinClientThreads
INFO: Found new thread
Jan 10, 2019 8:12:55 PM org.evosuite.runtime.thread.ThreadStopper killAndJoinClientThreads
INFO: Found new thread
Jan 10, 2019 8:12:55 PM org.evosuite.runtime.thread.ThreadStopper killAndJoinClientThreads
INFO: Found new thread
Jan 10, 2019 8:12:55 PM org.evosuite.runtime.thread.ThreadStopper killAndJoinClientThreads
INFO: Found new thread
Jan 10, 2019 8:12:55 PM org.evosuite.runtime.thread.ThreadStopper killAndJoinClientThreads
INFO: Found new thread
Jan 10, 2019 8:12:56 PM org.evosuite.runtime.thread.ThreadStopper killAndJoinClientThreads
INFO: Found new thread
Jan 10, 2019 8:12:56 PM org.evosuite.runtime.thread.ThreadStopper killAndJoinClientThreads
INFO: Found new thread
Jan 10, 2019 8:12:56 PM org.evosuite.runtime.thread.ThreadStopper killAndJoinClientThreads
INFO: Found new thread
Jan 10, 2019 8:12:56 PM org.evosuite.runtime.thread.ThreadStopper killAndJoinClientThreads
INFO: Found new thread
Jan 10, 2019 8:12:56 PM org.evosuite.runtime.thread.ThreadStopper killAndJoinClientThreads
INFO: Found new thread
Jan 10, 2019 8:12:56 PM org.evosuite.runtime.thread.ThreadStopper killAndJoinClientThreads
INFO: Found new thread
Jan 10, 2019 8:12:56 PM org.evosuite.runtime.thread.ThreadStopper killAndJoinClientThreads
INFO: Found new thread
Jan 10, 2019 8:12:56 PM org.evosuite.runtime.thread.ThreadStopper killAndJoinClientThreads
INFO: Found new thread
Jan 10, 2019 8:12:56 PM org.evosuite.runtime.thread.ThreadStopper killAndJoinClientThreads
INFO: Found new thread
Jan 10, 2019 8:12:56 PM org.evosuite.runtime.thread.ThreadStopper killAndJoinClientThreads
INFO: Found new thread
Jan 10, 2019 8:12:56 PM org.evosuite.runtime.thread.ThreadStopper killAndJoinClientThreads
INFO: Found new thread
Jan 10, 2019 8:12:56 PM org.evosuite.runtime.thread.ThreadStopper killAndJoinClientThreads
INFO: Found new thread
Jan 10, 2019 8:12:56 PM org.evosuite.runtime.thread.ThreadStopper killAndJoinClientThreads
INFO: Found new thread
Jan 10, 2019 8:12:56 PM org.evosuite.runtime.thread.ThreadStopper killAndJoinClientThreads
INFO: Found new thread
Jan 10, 2019 8:12:56 PM org.evosuite.runtime.thread.ThreadStopper killAndJoinClientThreads
INFO: Found new thread
Jan 10, 2019 8:12:56 PM org.evosuite.runtime.thread.ThreadStopper killAndJoinClientThreads
INFO: Found new thread
Jan 10, 2019 8:12:56 PM org.evosuite.runtime.thread.ThreadStopper killAndJoinClientThreads
INFO: Found new thread
Jan 10, 2019 8:12:56 PM org.evosuite.runtime.thread.ThreadStopper killAndJoinClientThreads
INFO: Found new thread
Jan 10, 2019 8:12:56 PM org.evosuite.runtime.thread.ThreadStopper killAndJoinClientThreads
INFO: Found new thread
Jan 10, 2019 8:12:56 PM org.evosuite.runtime.thread.ThreadStopper killAndJoinClientThreads
INFO: Found new thread
Jan 10, 2019 8:12:56 PM org.evosuite.runtime.thread.ThreadStopper killAndJoinClientThreads
INFO: Found new thread
Jan 10, 2019 8:12:56 PM org.evosuite.runtime.thread.ThreadStopper killAndJoinClientThreads
INFO: Found new thread
Jan 10, 2019 8:12:56 PM org.evosuite.runtime.thread.ThreadStopper killAndJoinClientThreads
INFO: Found new thread
Jan 10, 2019 8:12:56 PM org.evosuite.runtime.thread.ThreadStopper killAndJoinClientThreads
INFO: Found new thread
Jan 10, 2019 8:12:56 PM org.evosuite.runtime.thread.ThreadStopper killAndJoinClientThreads
INFO: Found new thread
Jan 10, 2019 8:12:56 PM org.evosuite.runtime.thread.ThreadStopper killAndJoinClientThreads
INFO: Found new thread
Jan 10, 2019 8:12:56 PM org.evosuite.runtime.thread.ThreadStopper killAndJoinClientThreads
INFO: Found new thread
Jan 10, 2019 8:12:56 PM org.evosuite.runtime.thread.ThreadStopper killAndJoinClientThreads
INFO: Found new thread
Jan 10, 2019 8:12:56 PM org.evosuite.runtime.thread.ThreadStopper killAndJoinClientThreads
INFO: Found new thread
Jan 10, 2019 8:12:56 PM org.evosuite.runtime.thread.ThreadStopper killAndJoinClientThreads
INFO: Found new thread
Jan 10, 2019 8:12:56 PM org.evosuite.runtime.thread.ThreadStopper killAndJoinClientThreads
INFO: Found new thread
Jan 10, 2019 8:12:56 PM org.evosuite.runtime.thread.ThreadStopper killAndJoinClientThreads
INFO: Found new thread
Jan 10, 2019 8:12:56 PM org.evosuite.runtime.thread.ThreadStopper killAndJoinClientThreads
INFO: Found new thread
Jan 10, 2019 8:12:56 PM org.evosuite.runtime.thread.ThreadStopper killAndJoinClientThreads
INFO: Found new thread
Jan 10, 2019 8:12:56 PM org.evosuite.runtime.thread.ThreadStopper killAndJoinClientThreads
INFO: Found new thread
Jan 10, 2019 8:12:56 PM org.evosuite.runtime.thread.ThreadStopper killAndJoinClientThreads
INFO: Found new thread
Jan 10, 2019 8:12:56 PM org.evosuite.runtime.thread.ThreadStopper killAndJoinClientThreads
INFO: Found new thread
Jan 10, 2019 8:12:56 PM org.evosuite.runtime.thread.ThreadStopper killAndJoinClientThreads
INFO: Found new thread
Jan 10, 2019 8:12:56 PM org.evosuite.runtime.thread.ThreadStopper killAndJoinClientThreads
INFO: Found new thread
Jan 10, 2019 8:12:56 PM org.evosuite.runtime.thread.ThreadStopper killAndJoinClientThreads
INFO: Found new thread
Jan 10, 2019 8:12:56 PM org.evosuite.runtime.thread.ThreadStopper killAndJoinClientThreads
INFO: Found new thread
Jan 10, 2019 8:12:56 PM org.evosuite.runtime.thread.ThreadStopper killAndJoinClientThreads
INFO: Found new thread
Jan 10, 2019 8:12:56 PM org.evosuite.runtime.thread.ThreadStopper killAndJoinClientThreads
INFO: Found new thread
Jan 10, 2019 8:12:56 PM org.evosuite.runtime.thread.ThreadStopper killAndJoinClientThreads
INFO: Found new thread
Jan 10, 2019 8:12:56 PM org.evosuite.runtime.thread.ThreadStopper killAndJoinClientThreads
INFO: Found new thread
Jan 10, 2019 8:12:56 PM org.evosuite.runtime.thread.ThreadStopper killAndJoinClientThreads
INFO: Found new thread
Jan 10, 2019 8:12:56 PM org.evosuite.runtime.thread.ThreadStopper killAndJoinClientThreads
INFO: Found new thread
Jan 10, 2019 8:12:56 PM org.evosuite.runtime.thread.ThreadStopper killAndJoinClientThreads
INFO: Found new thread
Jan 10, 2019 8:12:56 PM org.evosuite.runtime.thread.ThreadStopper killAndJoinClientThreads
INFO: Found new thread
Jan 10, 2019 8:12:56 PM org.evosuite.runtime.thread.ThreadStopper killAndJoinClientThreads
INFO: Found new thread
Jan 10, 2019 8:12:56 PM org.evosuite.runtime.thread.ThreadStopper killAndJoinClientThreads
INFO: Found new thread
Jan 10, 2019 8:12:56 PM org.evosuite.runtime.thread.ThreadStopper killAndJoinClientThreads
INFO: Found new thread
Jan 10, 2019 8:12:56 PM org.evosuite.runtime.thread.ThreadStopper killAndJoinClientThreads
INFO: Found new thread
Jan 10, 2019 8:12:56 PM org.evosuite.runtime.thread.ThreadStopper killAndJoinClientThreads
INFO: Found new thread
Jan 10, 2019 8:12:56 PM org.evosuite.runtime.thread.ThreadStopper killAndJoinClientThreads
INFO: Found new thread
Jan 10, 2019 8:12:56 PM org.evosuite.runtime.thread.ThreadStopper killAndJoinClientThreads
INFO: Found new thread
Jan 10, 2019 8:12:56 PM org.evosuite.runtime.thread.ThreadStopper killAndJoinClientThreads
INFO: Found new thread
Jan 10, 2019 8:12:56 PM org.evosuite.runtime.thread.ThreadStopper killAndJoinClientThreads
INFO: Found new thread
Jan 10, 2019 8:12:56 PM org.evosuite.runtime.thread.ThreadStopper killAndJoinClientThreads
INFO: Found new thread
Jan 10, 2019 8:12:56 PM org.evosuite.runtime.thread.ThreadStopper killAndJoinClientThreads
INFO: Found new thread
Jan 10, 2019 8:12:56 PM org.evosuite.runtime.thread.ThreadStopper killAndJoinClientThreads
INFO: Found new thread
Jan 10, 2019 8:12:56 PM org.evosuite.runtime.thread.ThreadStopper killAndJoinClientThreads
INFO: Found new thread
Jan 10, 2019 8:12:56 PM org.evosuite.runtime.thread.ThreadStopper killAndJoinClientThreads
INFO: Found new thread
Jan 10, 2019 8:12:56 PM org.evosuite.runtime.thread.ThreadStopper killAndJoinClientThreads
INFO: Found new thread
Jan 10, 2019 8:12:56 PM org.evosuite.runtime.thread.ThreadStopper killAndJoinClientThreads
INFO: Found new thread
Jan 10, 2019 8:12:56 PM org.evosuite.runtime.thread.ThreadStopper killAndJoinClientThreads
INFO: Found new thread
Jan 10, 2019 8:12:56 PM org.evosuite.runtime.thread.ThreadStopper killAndJoinClientThreads
INFO: Found new thread
Jan 10, 2019 8:12:56 PM org.evosuite.runtime.thread.ThreadStopper killAndJoinClientThreads
INFO: Found new thread
Jan 10, 2019 8:12:56 PM org.evosuite.runtime.thread.ThreadStopper killAndJoinClientThreads
INFO: Found new thread
Jan 10, 2019 8:12:56 PM org.evosuite.runtime.thread.ThreadStopper killAndJoinClientThreads
INFO: Found new thread
Jan 10, 2019 8:12:56 PM org.evosuite.runtime.thread.ThreadStopper killAndJoinClientThreads
INFO: Found new thread
Jan 10, 2019 8:12:56 PM org.evosuite.runtime.thread.ThreadStopper killAndJoinClientThreads
INFO: Found new thread
Jan 10, 2019 8:12:56 PM org.evosuite.runtime.thread.ThreadStopper killAndJoinClientThreads
INFO: Found new thread
Jan 10, 2019 8:12:56 PM org.evosuite.runtime.thread.ThreadStopper killAndJoinClientThreads
INFO: Found new thread
Jan 10, 2019 8:12:56 PM org.evosuite.runtime.thread.ThreadStopper killAndJoinClientThreads
INFO: Found new thread
Jan 10, 2019 8:12:56 PM org.evosuite.runtime.thread.ThreadStopper killAndJoinClientThreads
INFO: Found new thread
Jan 10, 2019 8:12:56 PM org.evosuite.runtime.thread.ThreadStopper killAndJoinClientThreads
INFO: Found new thread
Jan 10, 2019 8:12:56 PM org.evosuite.runtime.thread.ThreadStopper killAndJoinClientThreads
INFO: Found new thread
Jan 10, 2019 8:12:56 PM org.evosuite.runtime.thread.ThreadStopper killAndJoinClientThreads
INFO: Found new thread
Jan 10, 2019 8:12:56 PM org.evosuite.runtime.thread.ThreadStopper killAndJoinClientThreads
INFO: Found new thread
Jan 10, 2019 8:12:56 PM org.evosuite.runtime.thread.ThreadStopper killAndJoinClientThreads
INFO: Found new thread
Jan 10, 2019 8:12:56 PM org.evosuite.runtime.thread.ThreadStopper killAndJoinClientThreads
INFO: Found new thread
Jan 10, 2019 8:12:57 PM org.evosuite.runtime.thread.ThreadStopper killAndJoinClientThreads
INFO: Found new thread
Jan 10, 2019 8:12:57 PM org.evosuite.runtime.thread.ThreadStopper killAndJoinClientThreads
INFO: Found new thread
Jan 10, 2019 8:12:57 PM org.evosuite.runtime.thread.ThreadStopper killAndJoinClientThreads
INFO: Found new thread
Jan 10, 2019 8:12:57 PM org.evosuite.runtime.thread.ThreadStopper killAndJoinClientThreads
INFO: Found new thread
Jan 10, 2019 8:12:57 PM org.evosuite.runtime.thread.ThreadStopper killAndJoinClientThreads
INFO: Found new thread
Jan 10, 2019 8:12:57 PM org.evosuite.runtime.thread.ThreadStopper killAndJoinClientThreads
INFO: Found new thread
Jan 10, 2019 8:12:57 PM org.evosuite.runtime.thread.ThreadStopper killAndJoinClientThreads
INFO: Found new thread
Jan 10, 2019 8:12:57 PM org.evosuite.runtime.thread.ThreadStopper killAndJoinClientThreads
INFO: Found new thread
Jan 10, 2019 8:12:57 PM org.evosuite.runtime.thread.ThreadStopper killAndJoinClientThreads
INFO: Found new thread
Jan 10, 2019 8:12:57 PM org.evosuite.runtime.thread.ThreadStopper killAndJoinClientThreads
INFO: Found new thread
Jan 10, 2019 8:12:57 PM org.evosuite.runtime.thread.ThreadStopper killAndJoinClientThreads
INFO: Found new thread
Jan 10, 2019 8:12:57 PM org.evosuite.runtime.thread.ThreadStopper killAndJoinClientThreads
INFO: Found new thread
Jan 10, 2019 8:12:57 PM org.evosuite.runtime.thread.ThreadStopper killAndJoinClientThreads
INFO: Found new thread
Jan 10, 2019 8:12:57 PM org.evosuite.runtime.thread.ThreadStopper killAndJoinClientThreads
INFO: Found new thread
Jan 10, 2019 8:12:57 PM org.evosuite.runtime.thread.ThreadStopper killAndJoinClientThreads
INFO: Found new thread
Jan 10, 2019 8:12:57 PM org.evosuite.runtime.thread.ThreadStopper killAndJoinClientThreads
INFO: Found new thread
Jan 10, 2019 8:12:57 PM org.evosuite.runtime.thread.ThreadStopper killAndJoinClientThreads
INFO: Found new thread
Jan 10, 2019 8:12:57 PM org.evosuite.runtime.thread.ThreadStopper killAndJoinClientThreads
INFO: Found new thread
Jan 10, 2019 8:12:57 PM org.evosuite.runtime.thread.ThreadStopper killAndJoinClientThreads
INFO: Found new thread
Jan 10, 2019 8:12:57 PM org.evosuite.runtime.thread.ThreadStopper killAndJoinClientThreads
INFO: Found new thread
Jan 10, 2019 8:12:57 PM org.evosuite.runtime.thread.ThreadStopper killAndJoinClientThreads
INFO: Found new thread
Jan 10, 2019 8:12:57 PM org.evosuite.runtime.thread.ThreadStopper killAndJoinClientThreads
INFO: Found new thread
Jan 10, 2019 8:12:57 PM org.evosuite.runtime.thread.ThreadStopper killAndJoinClientThreads
INFO: Found new thread
Jan 10, 2019 8:12:57 PM org.evosuite.runtime.thread.ThreadStopper killAndJoinClientThreads
INFO: Found new thread
Jan 10, 2019 8:12:57 PM org.evosuite.runtime.thread.ThreadStopper killAndJoinClientThreads
INFO: Found new thread
]]></system-err>
</testsuite>
