<?xml version="1.0" encoding="UTF-8"?>
<testsuite name="org.mozilla.javascript.v8dtoa.DiyFp_ESTest" tests="8" skipped="0" failures="0" errors="0" timestamp="2019-01-10T19:44:36" hostname="swami-VirtualBox" time="0.198">
  <properties/>
  <testcase name="test3" classname="org.mozilla.javascript.v8dtoa.DiyFp_ESTest" time="0.023"/>
  <testcase name="test2" classname="org.mozilla.javascript.v8dtoa.DiyFp_ESTest" time="0.015"/>
  <testcase name="test5" classname="org.mozilla.javascript.v8dtoa.DiyFp_ESTest" time="0.041"/>
  <testcase name="test4" classname="org.mozilla.javascript.v8dtoa.DiyFp_ESTest" time="0.013"/>
  <testcase name="test7" classname="org.mozilla.javascript.v8dtoa.DiyFp_ESTest" time="0.004"/>
  <testcase name="test6" classname="org.mozilla.javascript.v8dtoa.DiyFp_ESTest" time="0.021"/>
  <testcase name="test1" classname="org.mozilla.javascript.v8dtoa.DiyFp_ESTest" time="0.026"/>
  <testcase name="test0" classname="org.mozilla.javascript.v8dtoa.DiyFp_ESTest" time="0.022"/>
  <system-out><![CDATA[]]></system-out>
  <system-err><![CDATA[Jan 10, 2019 11:44:33 AM org.evosuite.runtime.instrumentation.EvoClassLoader loadClass
INFO: Seeing class for first time: org.mozilla.javascript.v8dtoa.DiyFp_ESTest
Jan 10, 2019 11:44:33 AM org.evosuite.runtime.instrumentation.EvoClassLoader instrumentClass
INFO: Instrumenting class 'org.mozilla.javascript.v8dtoa.DiyFp_ESTest'.
Jan 10, 2019 11:44:34 AM org.evosuite.runtime.instrumentation.EvoClassLoader loadClass
INFO: Seeing class for first time: org.mozilla.javascript.v8dtoa.DiyFp_ESTest_scaffolding
Jan 10, 2019 11:44:34 AM org.evosuite.runtime.instrumentation.EvoClassLoader instrumentClass
INFO: Instrumenting class 'org.mozilla.javascript.v8dtoa.DiyFp_ESTest_scaffolding'.
Jan 10, 2019 11:44:34 AM org.evosuite.runtime.instrumentation.EvoClassLoader instrumentClass
INFO: Keeping class: org.mozilla.javascript.v8dtoa.DiyFp_ESTest_scaffolding
Jan 10, 2019 11:44:34 AM org.evosuite.runtime.instrumentation.EvoClassLoader instrumentClass
INFO: Keeping class: org.mozilla.javascript.v8dtoa.DiyFp_ESTest
Jan 10, 2019 7:44:35 PM org.evosuite.runtime.instrumentation.EvoClassLoader loadClass
INFO: Seeing class for first time: org.mozilla.javascript.v8dtoa.DiyFp
Jan 10, 2019 7:44:35 PM org.evosuite.runtime.instrumentation.EvoClassLoader instrumentClass
INFO: Instrumenting class 'org.mozilla.javascript.v8dtoa.DiyFp'.
Jan 10, 2019 7:44:35 PM org.evosuite.runtime.instrumentation.MethodCallReplacementClassAdapter visit
INFO: Adding mock interface to class org/mozilla/javascript/v8dtoa/DiyFp
Jan 10, 2019 7:44:36 PM org.evosuite.runtime.instrumentation.CreateClassResetClassAdapter visitMethod
INFO: Found static initializer in class org/mozilla/javascript/v8dtoa/DiyFp
Jan 10, 2019 7:44:36 PM org.evosuite.runtime.instrumentation.EvoClassLoader instrumentClass
INFO: Keeping class: org.mozilla.javascript.v8dtoa.DiyFp
Jan 10, 2019 7:44:36 PM org.evosuite.runtime.thread.ThreadStopper killAndJoinClientThreads
INFO: Found new thread
Jan 10, 2019 7:44:36 PM org.evosuite.runtime.thread.ThreadStopper killAndJoinClientThreads
INFO: Found new thread
Jan 10, 2019 7:44:36 PM org.evosuite.runtime.thread.ThreadStopper killAndJoinClientThreads
INFO: Found new thread
Jan 10, 2019 7:44:36 PM org.evosuite.runtime.thread.ThreadStopper killAndJoinClientThreads
INFO: Found new thread
Jan 10, 2019 7:44:36 PM org.evosuite.runtime.thread.ThreadStopper killAndJoinClientThreads
INFO: Found new thread
Jan 10, 2019 7:44:36 PM org.evosuite.runtime.thread.ThreadStopper killAndJoinClientThreads
INFO: Found new thread
Jan 10, 2019 7:44:36 PM org.evosuite.runtime.thread.ThreadStopper killAndJoinClientThreads
INFO: Found new thread
Jan 10, 2019 7:44:36 PM org.evosuite.runtime.thread.ThreadStopper killAndJoinClientThreads
INFO: Found new thread
]]></system-err>
</testsuite>
