<?xml version="1.0" encoding="UTF-8"?>
<testsuite name="org.mozilla.javascript.ConsString_ESTest" tests="4" skipped="0" failures="0" errors="0" timestamp="2019-01-10T20:11:10" hostname="swami-VirtualBox" time="0.124">
  <properties/>
  <testcase name="test2" classname="org.mozilla.javascript.ConsString_ESTest" time="0.057"/>
  <testcase name="test3" classname="org.mozilla.javascript.ConsString_ESTest" time="0.034"/>
  <testcase name="test0" classname="org.mozilla.javascript.ConsString_ESTest" time="0.005"/>
  <testcase name="test1" classname="org.mozilla.javascript.ConsString_ESTest" time="0.006"/>
  <system-out><![CDATA[]]></system-out>
  <system-err><![CDATA[Jan 10, 2019 12:11:08 PM org.evosuite.runtime.instrumentation.EvoClassLoader loadClass
INFO: Seeing class for first time: org.mozilla.javascript.ConsString_ESTest
Jan 10, 2019 12:11:08 PM org.evosuite.runtime.instrumentation.EvoClassLoader instrumentClass
INFO: Instrumenting class 'org.mozilla.javascript.ConsString_ESTest'.
Jan 10, 2019 12:11:08 PM org.evosuite.runtime.instrumentation.EvoClassLoader loadClass
INFO: Seeing class for first time: org.mozilla.javascript.ConsString_ESTest_scaffolding
Jan 10, 2019 12:11:08 PM org.evosuite.runtime.instrumentation.EvoClassLoader instrumentClass
INFO: Instrumenting class 'org.mozilla.javascript.ConsString_ESTest_scaffolding'.
Jan 10, 2019 12:11:08 PM org.evosuite.runtime.instrumentation.EvoClassLoader instrumentClass
INFO: Keeping class: org.mozilla.javascript.ConsString_ESTest_scaffolding
Jan 10, 2019 12:11:08 PM org.evosuite.runtime.instrumentation.EvoClassLoader instrumentClass
INFO: Keeping class: org.mozilla.javascript.ConsString_ESTest
Jan 10, 2019 8:11:09 PM org.evosuite.runtime.instrumentation.EvoClassLoader loadClass
INFO: Seeing class for first time: org.mozilla.javascript.ConsString
Jan 10, 2019 8:11:09 PM org.evosuite.runtime.instrumentation.EvoClassLoader instrumentClass
INFO: Instrumenting class 'org.mozilla.javascript.ConsString'.
Jan 10, 2019 8:11:09 PM org.evosuite.runtime.instrumentation.MethodCallReplacementClassAdapter visit
INFO: Adding mock interface to class org/mozilla/javascript/ConsString
Jan 10, 2019 8:11:10 PM org.evosuite.runtime.instrumentation.CreateClassResetClassAdapter createEmptyStaticReset
INFO: Creating brand-new static initializer in class org/mozilla/javascript/ConsString
Jan 10, 2019 8:11:10 PM org.evosuite.runtime.instrumentation.EvoClassLoader instrumentClass
INFO: Keeping class: org.mozilla.javascript.ConsString
Jan 10, 2019 8:11:10 PM org.evosuite.runtime.thread.ThreadStopper killAndJoinClientThreads
INFO: Found new thread
Jan 10, 2019 8:11:10 PM org.evosuite.runtime.thread.ThreadStopper killAndJoinClientThreads
INFO: Found new thread
Jan 10, 2019 8:11:10 PM org.evosuite.runtime.thread.ThreadStopper killAndJoinClientThreads
INFO: Found new thread
Jan 10, 2019 8:11:10 PM org.evosuite.runtime.thread.ThreadStopper killAndJoinClientThreads
INFO: Found new thread
]]></system-err>
</testsuite>
