<?xml version="1.0" encoding="UTF-8"?>
<testsuite name="org.mozilla.javascript.v8dtoa.CachedPowers_ESTest" tests="3" skipped="0" failures="0" errors="0" timestamp="2019-01-10T19:44:23" hostname="swami-VirtualBox" time="0.121">
  <properties/>
  <testcase name="test2" classname="org.mozilla.javascript.v8dtoa.CachedPowers_ESTest" time="0.083"/>
  <testcase name="test0" classname="org.mozilla.javascript.v8dtoa.CachedPowers_ESTest" time="0.02"/>
  <testcase name="test1" classname="org.mozilla.javascript.v8dtoa.CachedPowers_ESTest" time="0.016"/>
  <system-out><![CDATA[]]></system-out>
  <system-err><![CDATA[Jan 10, 2019 11:44:21 AM org.evosuite.runtime.instrumentation.EvoClassLoader loadClass
INFO: Seeing class for first time: org.mozilla.javascript.v8dtoa.CachedPowers_ESTest
Jan 10, 2019 11:44:21 AM org.evosuite.runtime.instrumentation.EvoClassLoader instrumentClass
INFO: Instrumenting class 'org.mozilla.javascript.v8dtoa.CachedPowers_ESTest'.
Jan 10, 2019 11:44:21 AM org.evosuite.runtime.instrumentation.EvoClassLoader loadClass
INFO: Seeing class for first time: org.mozilla.javascript.v8dtoa.CachedPowers_ESTest_scaffolding
Jan 10, 2019 11:44:21 AM org.evosuite.runtime.instrumentation.EvoClassLoader instrumentClass
INFO: Instrumenting class 'org.mozilla.javascript.v8dtoa.CachedPowers_ESTest_scaffolding'.
Jan 10, 2019 11:44:21 AM org.evosuite.runtime.instrumentation.EvoClassLoader instrumentClass
INFO: Keeping class: org.mozilla.javascript.v8dtoa.CachedPowers_ESTest_scaffolding
Jan 10, 2019 11:44:21 AM org.evosuite.runtime.instrumentation.EvoClassLoader instrumentClass
INFO: Keeping class: org.mozilla.javascript.v8dtoa.CachedPowers_ESTest
Jan 10, 2019 7:44:22 PM org.evosuite.runtime.instrumentation.EvoClassLoader loadClass
INFO: Seeing class for first time: org.mozilla.javascript.v8dtoa.CachedPowers$CachedPower
Jan 10, 2019 7:44:22 PM org.evosuite.runtime.instrumentation.EvoClassLoader instrumentClass
INFO: Instrumenting class 'org.mozilla.javascript.v8dtoa.CachedPowers$CachedPower'.
Jan 10, 2019 7:44:22 PM org.evosuite.runtime.instrumentation.MethodCallReplacementClassAdapter visit
INFO: Adding mock interface to class org/mozilla/javascript/v8dtoa/CachedPowers$CachedPower
Jan 10, 2019 7:44:23 PM org.evosuite.runtime.instrumentation.CreateClassResetClassAdapter createEmptyStaticReset
INFO: Creating brand-new static initializer in class org/mozilla/javascript/v8dtoa/CachedPowers$CachedPower
Jan 10, 2019 7:44:23 PM org.evosuite.runtime.instrumentation.EvoClassLoader instrumentClass
INFO: Keeping class: org.mozilla.javascript.v8dtoa.CachedPowers$CachedPower
Jan 10, 2019 7:44:23 PM org.evosuite.runtime.instrumentation.EvoClassLoader loadClass
INFO: Seeing class for first time: org.mozilla.javascript.v8dtoa.CachedPowers
Jan 10, 2019 7:44:23 PM org.evosuite.runtime.instrumentation.EvoClassLoader instrumentClass
INFO: Instrumenting class 'org.mozilla.javascript.v8dtoa.CachedPowers'.
Jan 10, 2019 7:44:23 PM org.evosuite.runtime.instrumentation.MethodCallReplacementClassAdapter visit
INFO: Adding mock interface to class org/mozilla/javascript/v8dtoa/CachedPowers
Jan 10, 2019 7:44:23 PM org.evosuite.runtime.instrumentation.CreateClassResetClassAdapter visitMethod
INFO: Found static initializer in class org/mozilla/javascript/v8dtoa/CachedPowers
Jan 10, 2019 7:44:23 PM org.evosuite.runtime.instrumentation.EvoClassLoader instrumentClass
INFO: Keeping class: org.mozilla.javascript.v8dtoa.CachedPowers
Jan 10, 2019 7:44:23 PM org.evosuite.runtime.instrumentation.EvoClassLoader loadClass
INFO: Seeing class for first time: org.mozilla.javascript.v8dtoa.DiyFp
Jan 10, 2019 7:44:23 PM org.evosuite.runtime.instrumentation.EvoClassLoader instrumentClass
INFO: Instrumenting class 'org.mozilla.javascript.v8dtoa.DiyFp'.
Jan 10, 2019 7:44:23 PM org.evosuite.runtime.instrumentation.MethodCallReplacementClassAdapter visit
INFO: Adding mock interface to class org/mozilla/javascript/v8dtoa/DiyFp
Jan 10, 2019 7:44:23 PM org.evosuite.runtime.instrumentation.CreateClassResetClassAdapter visitMethod
INFO: Found static initializer in class org/mozilla/javascript/v8dtoa/DiyFp
Jan 10, 2019 7:44:23 PM org.evosuite.runtime.instrumentation.EvoClassLoader instrumentClass
INFO: Keeping class: org.mozilla.javascript.v8dtoa.DiyFp
Jan 10, 2019 7:44:23 PM org.evosuite.runtime.thread.ThreadStopper killAndJoinClientThreads
INFO: Found new thread
Jan 10, 2019 7:44:23 PM org.evosuite.runtime.thread.ThreadStopper killAndJoinClientThreads
INFO: Found new thread
Jan 10, 2019 7:44:23 PM org.evosuite.runtime.thread.ThreadStopper killAndJoinClientThreads
INFO: Found new thread
]]></system-err>
</testsuite>
