<?xml version="1.0" encoding="UTF-8"?>
<testsuite name="org.mozilla.classfile.FieldOrMethodRef_ESTest" tests="5" skipped="0" failures="0" errors="0" timestamp="2019-01-10T20:21:25" hostname="swami-VirtualBox" time="0.15">
  <properties/>
  <testcase name="test3" classname="org.mozilla.classfile.FieldOrMethodRef_ESTest" time="0.093"/>
  <testcase name="test2" classname="org.mozilla.classfile.FieldOrMethodRef_ESTest" time="0.005"/>
  <testcase name="test4" classname="org.mozilla.classfile.FieldOrMethodRef_ESTest" time="0.018"/>
  <testcase name="test1" classname="org.mozilla.classfile.FieldOrMethodRef_ESTest" time="0.005"/>
  <testcase name="test0" classname="org.mozilla.classfile.FieldOrMethodRef_ESTest" time="0.027"/>
  <system-out><![CDATA[]]></system-out>
  <system-err><![CDATA[Jan 10, 2019 12:21:22 PM org.evosuite.runtime.instrumentation.EvoClassLoader loadClass
INFO: Seeing class for first time: org.mozilla.classfile.FieldOrMethodRef_ESTest
Jan 10, 2019 12:21:22 PM org.evosuite.runtime.instrumentation.EvoClassLoader instrumentClass
INFO: Instrumenting class 'org.mozilla.classfile.FieldOrMethodRef_ESTest'.
Jan 10, 2019 12:21:23 PM org.evosuite.runtime.instrumentation.EvoClassLoader loadClass
INFO: Seeing class for first time: org.mozilla.classfile.FieldOrMethodRef_ESTest_scaffolding
Jan 10, 2019 12:21:23 PM org.evosuite.runtime.instrumentation.EvoClassLoader instrumentClass
INFO: Instrumenting class 'org.mozilla.classfile.FieldOrMethodRef_ESTest_scaffolding'.
Jan 10, 2019 12:21:23 PM org.evosuite.runtime.instrumentation.EvoClassLoader instrumentClass
INFO: Keeping class: org.mozilla.classfile.FieldOrMethodRef_ESTest_scaffolding
Jan 10, 2019 12:21:23 PM org.evosuite.runtime.instrumentation.EvoClassLoader instrumentClass
INFO: Keeping class: org.mozilla.classfile.FieldOrMethodRef_ESTest
Jan 10, 2019 8:21:24 PM org.evosuite.runtime.instrumentation.EvoClassLoader loadClass
INFO: Seeing class for first time: org.mozilla.classfile.FieldOrMethodRef
Jan 10, 2019 8:21:24 PM org.evosuite.runtime.instrumentation.EvoClassLoader instrumentClass
INFO: Instrumenting class 'org.mozilla.classfile.FieldOrMethodRef'.
Jan 10, 2019 8:21:24 PM org.evosuite.runtime.instrumentation.MethodCallReplacementClassAdapter visit
INFO: Adding mock interface to class org/mozilla/classfile/FieldOrMethodRef
Jan 10, 2019 8:21:25 PM org.evosuite.runtime.instrumentation.CreateClassResetClassAdapter createEmptyStaticReset
INFO: Creating brand-new static initializer in class org/mozilla/classfile/FieldOrMethodRef
Jan 10, 2019 8:21:25 PM org.evosuite.runtime.instrumentation.EvoClassLoader instrumentClass
INFO: Keeping class: org.mozilla.classfile.FieldOrMethodRef
Jan 10, 2019 8:21:25 PM org.evosuite.runtime.thread.ThreadStopper killAndJoinClientThreads
INFO: Found new thread
Jan 10, 2019 8:21:25 PM org.evosuite.runtime.thread.ThreadStopper killAndJoinClientThreads
INFO: Found new thread
Jan 10, 2019 8:21:25 PM org.evosuite.runtime.thread.ThreadStopper killAndJoinClientThreads
INFO: Found new thread
Jan 10, 2019 8:21:25 PM org.evosuite.runtime.thread.ThreadStopper killAndJoinClientThreads
INFO: Found new thread
Jan 10, 2019 8:21:25 PM org.evosuite.runtime.thread.ThreadStopper killAndJoinClientThreads
INFO: Found new thread
]]></system-err>
</testsuite>
