<?xml version="1.0" encoding="UTF-8"?>
<testsuite name="org.mozilla.javascript.tests.WriteReadOnlyPropertyTest" tests="2" skipped="0" failures="0" errors="0" timestamp="2019-01-10T05:24:57" hostname="swami-VirtualBox" time="1.187">
  <properties/>
  <testcase name="testWriteReadOnly_accepted" classname="org.mozilla.javascript.tests.WriteReadOnlyPropertyTest" time="1.133"/>
  <testcase name="testWriteReadOnly_throws" classname="org.mozilla.javascript.tests.WriteReadOnlyPropertyTest" time="0.053"/>
  <system-out><![CDATA[]]></system-out>
  <system-err><![CDATA[]]></system-err>
</testsuite>
