<?xml version="1.0" encoding="UTF-8"?>
<testsuite name="org.mozilla.javascript.tests.ParserTest" tests="83" skipped="0" failures="0" errors="0" timestamp="2019-01-10T05:15:54" hostname="swami-VirtualBox" time="1.033">
  <properties/>
  <testcase name="testLinenoCommentsWithJSDoc" classname="org.mozilla.javascript.tests.ParserTest" time="0.248"/>
  <testcase name="testParseUnicodeReservedKeywords1" classname="org.mozilla.javascript.tests.ParserTest" time="0.01"/>
  <testcase name="testParseUnicodeReservedKeywords2" classname="org.mozilla.javascript.tests.ParserTest" time="0.001"/>
  <testcase name="testParseUnicodeReservedKeywords3" classname="org.mozilla.javascript.tests.ParserTest" time="0.001"/>
  <testcase name="testLinenoMultilineBitTest" classname="org.mozilla.javascript.tests.ParserTest" time="0.338"/>
  <testcase name="testTryWithoutCatchLocation" classname="org.mozilla.javascript.tests.ParserTest" time="0.015"/>
  <testcase name="testParseCommentsAsReader2" classname="org.mozilla.javascript.tests.ParserTest" time="0.053"/>
  <testcase name="testParseObjectLiteral1" classname="org.mozilla.javascript.tests.ParserTest" time="0.021"/>
  <testcase name="testParseObjectLiteral2" classname="org.mozilla.javascript.tests.ParserTest" time="0.032"/>
  <testcase name="testParseObjectLiteral3" classname="org.mozilla.javascript.tests.ParserTest" time="0.001"/>
  <testcase name="testLinenoGetElem" classname="org.mozilla.javascript.tests.ParserTest" time="0.001"/>
  <testcase name="testLinenoGetProp" classname="org.mozilla.javascript.tests.ParserTest" time="0.015"/>
  <testcase name="testTryWithoutFinallyLocation" classname="org.mozilla.javascript.tests.ParserTest" time="0.009"/>
  <testcase name="testLinenoFor" classname="org.mozilla.javascript.tests.ParserTest" time="0.0"/>
  <testcase name="testLinenoTry" classname="org.mozilla.javascript.tests.ParserTest" time="0.001"/>
  <testcase name="testJSDocAttachment10" classname="org.mozilla.javascript.tests.ParserTest" time="0.001"/>
  <testcase name="testJSDocAttachment11" classname="org.mozilla.javascript.tests.ParserTest" time="0.0"/>
  <testcase name="testJSDocAttachment12" classname="org.mozilla.javascript.tests.ParserTest" time="0.0"/>
  <testcase name="testJSDocAttachment13" classname="org.mozilla.javascript.tests.ParserTest" time="0.0"/>
  <testcase name="testJSDocAttachment14" classname="org.mozilla.javascript.tests.ParserTest" time="0.001"/>
  <testcase name="testJSDocAttachment15" classname="org.mozilla.javascript.tests.ParserTest" time="0.001"/>
  <testcase name="testJSDocAttachment16" classname="org.mozilla.javascript.tests.ParserTest" time="0.01"/>
  <testcase name="testJSDocAttachment17" classname="org.mozilla.javascript.tests.ParserTest" time="0.001"/>
  <testcase name="testJSDocAttachment18" classname="org.mozilla.javascript.tests.ParserTest" time="0.001"/>
  <testcase name="testLinenoLiteral" classname="org.mozilla.javascript.tests.ParserTest" time="0.002"/>
  <testcase name="testParseCommentsAsReader" classname="org.mozilla.javascript.tests.ParserTest" time="0.001"/>
  <testcase name="testInOperatorInForLoop1" classname="org.mozilla.javascript.tests.ParserTest" time="0.001"/>
  <testcase name="testInOperatorInForLoop2" classname="org.mozilla.javascript.tests.ParserTest" time="0.001"/>
  <testcase name="testInOperatorInForLoop3" classname="org.mozilla.javascript.tests.ParserTest" time="0.013"/>
  <testcase name="testLinenoVarDecl" classname="org.mozilla.javascript.tests.ParserTest" time="0.0"/>
  <testcase name="testReportError" classname="org.mozilla.javascript.tests.ParserTest" time="0.001"/>
  <testcase name="testParsingWithoutJSDoc" classname="org.mozilla.javascript.tests.ParserTest" time="0.0"/>
  <testcase name="testAutoSemiColonBetweenNames" classname="org.mozilla.javascript.tests.ParserTest" time="0.0"/>
  <testcase name="testObjectLitLocation" classname="org.mozilla.javascript.tests.ParserTest" time="0.0"/>
  <testcase name="testParseErrorRecovery" classname="org.mozilla.javascript.tests.ParserTest" time="0.0"/>
  <testcase name="testLineComment5" classname="org.mozilla.javascript.tests.ParserTest" time="0.0"/>
  <testcase name="testLineComment6" classname="org.mozilla.javascript.tests.ParserTest" time="0.004"/>
  <testcase name="testJSDocAttachment1" classname="org.mozilla.javascript.tests.ParserTest" time="0.0"/>
  <testcase name="testJSDocAttachment2" classname="org.mozilla.javascript.tests.ParserTest" time="0.0"/>
  <testcase name="testJSDocAttachment3" classname="org.mozilla.javascript.tests.ParserTest" time="0.0"/>
  <testcase name="testJSDocAttachment4" classname="org.mozilla.javascript.tests.ParserTest" time="0.0"/>
  <testcase name="testJSDocAttachment5" classname="org.mozilla.javascript.tests.ParserTest" time="0.0"/>
  <testcase name="testJSDocAttachment6" classname="org.mozilla.javascript.tests.ParserTest" time="0.0"/>
  <testcase name="testJSDocAttachment7" classname="org.mozilla.javascript.tests.ParserTest" time="0.0"/>
  <testcase name="testJSDocAttachment8" classname="org.mozilla.javascript.tests.ParserTest" time="0.0"/>
  <testcase name="testJSDocAttachment9" classname="org.mozilla.javascript.tests.ParserTest" time="0.001"/>
  <testcase name="testLinenoComment" classname="org.mozilla.javascript.tests.ParserTest" time="0.0"/>
  <testcase name="testLinenoCompare" classname="org.mozilla.javascript.tests.ParserTest" time="0.002"/>
  <testcase name="testLinenoCall" classname="org.mozilla.javascript.tests.ParserTest" time="0.0"/>
  <testcase name="testLinenoName" classname="org.mozilla.javascript.tests.ParserTest" time="0.0"/>
  <testcase name="testLinenoComment2" classname="org.mozilla.javascript.tests.ParserTest" time="0.0"/>
  <testcase name="testLinenoComment3" classname="org.mozilla.javascript.tests.ParserTest" time="0.006"/>
  <testcase name="testLinenoComment4" classname="org.mozilla.javascript.tests.ParserTest" time="0.0"/>
  <testcase name="testLinenoComment7" classname="org.mozilla.javascript.tests.ParserTest" time="0.001"/>
  <testcase name="testLinenoComment8" classname="org.mozilla.javascript.tests.ParserTest" time="0.0"/>
  <testcase name="testLinenoComma" classname="org.mozilla.javascript.tests.ParserTest" time="0.0"/>
  <testcase name="testLinenoInfix" classname="org.mozilla.javascript.tests.ParserTest" time="0.001"/>
  <testcase name="testLinenoLabel" classname="org.mozilla.javascript.tests.ParserTest" time="0.001"/>
  <testcase name="testLinenoAssign" classname="org.mozilla.javascript.tests.ParserTest" time="0.0"/>
  <testcase name="testLinenoMultilineEq" classname="org.mozilla.javascript.tests.ParserTest" time="0.001"/>
  <testcase name="testRegexpLocation" classname="org.mozilla.javascript.tests.ParserTest" time="0.0"/>
  <testcase name="testParseUnicodeFormatStringLiteral" classname="org.mozilla.javascript.tests.ParserTest" time="0.0"/>
  <testcase name="testLinenoPlusEq" classname="org.mozilla.javascript.tests.ParserTest" time="0.001"/>
  <testcase name="testLinenoPrefix" classname="org.mozilla.javascript.tests.ParserTest" time="0.002"/>
  <testcase name="testLinenoReturn" classname="org.mozilla.javascript.tests.ParserTest" time="0.001"/>
  <testcase name="testIdentifierIsReservedWordMessage" classname="org.mozilla.javascript.tests.ParserTest" time="0.0"/>
  <testcase name="testLinenoSwitch" classname="org.mozilla.javascript.tests.ParserTest" time="0.001"/>
  <testcase name="testLinenoConditional" classname="org.mozilla.javascript.tests.ParserTest" time="0.001"/>
  <testcase name="testParseAutoSemiColonBeforeNewlineAndComments" classname="org.mozilla.javascript.tests.ParserTest" time="0.011"/>
  <testcase name="testParseErrorRecovery2" classname="org.mozilla.javascript.tests.ParserTest" time="0.001"/>
  <testcase name="testParseErrorRecovery3" classname="org.mozilla.javascript.tests.ParserTest" time="0.0"/>
  <testcase name="testParseUnicodeFormatName" classname="org.mozilla.javascript.tests.ParserTest" time="0.002"/>
  <testcase name="testObjectLitGetterAndSetter" classname="org.mozilla.javascript.tests.ParserTest" time="0.001"/>
  <testcase name="testLinenoFunctionParams" classname="org.mozilla.javascript.tests.ParserTest" time="0.001"/>
  <testcase name="testAutoSemiBeforeComment1" classname="org.mozilla.javascript.tests.ParserTest" time="0.0"/>
  <testcase name="testAutoSemiBeforeComment2" classname="org.mozilla.javascript.tests.ParserTest" time="0.0"/>
  <testcase name="testAutoSemiBeforeComment3" classname="org.mozilla.javascript.tests.ParserTest" time="0.003"/>
  <testcase name="testParseKeywordPropertyAccess" classname="org.mozilla.javascript.tests.ParserTest" time="0.001"/>
  <testcase name="testLinenoEq" classname="org.mozilla.javascript.tests.ParserTest" time="0.004"/>
  <testcase name="testLinenoIf" classname="org.mozilla.javascript.tests.ParserTest" time="0.002"/>
  <testcase name="testLinenoFunctionCall" classname="org.mozilla.javascript.tests.ParserTest" time="0.001"/>
  <testcase name="testNestedOr" classname="org.mozilla.javascript.tests.ParserTest" time="0.0"/>
  <testcase name="testLinenoDeclaration" classname="org.mozilla.javascript.tests.ParserTest" time="0.0"/>
  <system-out><![CDATA[]]></system-out>
  <system-err><![CDATA[]]></system-err>
</testsuite>
