<?xml version="1.0" encoding="UTF-8"?>
<testsuite name="org.mozilla.javascript.tests.commonjs.module.RequireTest" tests="5" skipped="0" failures="0" errors="0" timestamp="2019-01-10T05:18:50" hostname="swami-VirtualBox" time="1.214">
  <properties/>
  <testcase name="testSandboxed" classname="org.mozilla.javascript.tests.commonjs.module.RequireTest" time="0.819"/>
  <testcase name="testSetMainForAlreadyLoadedModule" classname="org.mozilla.javascript.tests.commonjs.module.RequireTest" time="0.123"/>
  <testcase name="testRelativeId" classname="org.mozilla.javascript.tests.commonjs.module.RequireTest" time="0.119"/>
  <testcase name="testNonSandboxed" classname="org.mozilla.javascript.tests.commonjs.module.RequireTest" time="0.082"/>
  <testcase name="testVariousUsageErrors" classname="org.mozilla.javascript.tests.commonjs.module.RequireTest" time="0.059"/>
  <system-out><![CDATA[]]></system-out>
  <system-err><![CDATA[]]></system-err>
</testsuite>
