<?xml version="1.0" encoding="UTF-8"?>
<testsuite name="org.mozilla.javascript.tests.InitializationTest" tests="5" skipped="0" failures="0" errors="0" timestamp="2019-01-10T05:19:03" hostname="swami-VirtualBox" time="0.638">
  <properties/>
  <testcase name="testStandardES6" classname="org.mozilla.javascript.tests.InitializationTest" time="0.573"/>
  <testcase name="testStandardSealedES6" classname="org.mozilla.javascript.tests.InitializationTest" time="0.015"/>
  <testcase name="testStandardSealed" classname="org.mozilla.javascript.tests.InitializationTest" time="0.016"/>
  <testcase name="testSafeStandard" classname="org.mozilla.javascript.tests.InitializationTest" time="0.004"/>
  <testcase name="testStandard" classname="org.mozilla.javascript.tests.InitializationTest" time="0.003"/>
  <system-out><![CDATA[]]></system-out>
  <system-err><![CDATA[]]></system-err>
</testsuite>
