<?xml version="1.0" encoding="UTF-8"?>
<testsuite name="org.mozilla.javascript.tests.Issue176Test" tests="1" skipped="0" failures="0" errors="0" timestamp="2019-01-10T05:17:31" hostname="swami-VirtualBox" time="0.753">
  <properties/>
  <testcase name="testThrowing" classname="org.mozilla.javascript.tests.Issue176Test" time="0.753"/>
  <system-out><![CDATA[]]></system-out>
  <system-err><![CDATA[]]></system-err>
</testsuite>
