<?xml version="1.0" encoding="UTF-8"?>
<testsuite name="org.mozilla.javascript.tests.Bug688023Test" tests="7" skipped="0" failures="0" errors="0" timestamp="2019-01-10T05:25:15" hostname="swami-VirtualBox" time="0.647">
  <properties/>
  <testcase name="toSourceIfElseStatement" classname="org.mozilla.javascript.tests.Bug688023Test" time="0.586"/>
  <testcase name="toSourceForLoop" classname="org.mozilla.javascript.tests.Bug688023Test" time="0.0"/>
  <testcase name="toSourceIfElseIfElseStatement" classname="org.mozilla.javascript.tests.Bug688023Test" time="0.037"/>
  <testcase name="toSourceWhileLoop" classname="org.mozilla.javascript.tests.Bug688023Test" time="0.001"/>
  <testcase name="toSourceIfStatement" classname="org.mozilla.javascript.tests.Bug688023Test" time="0.014"/>
  <testcase name="toSourceWithStatement" classname="org.mozilla.javascript.tests.Bug688023Test" time="0.0"/>
  <testcase name="toSourceForInLoop" classname="org.mozilla.javascript.tests.Bug688023Test" time="0.001"/>
  <system-out><![CDATA[]]></system-out>
  <system-err><![CDATA[]]></system-err>
</testsuite>
