<?xml version="1.0" encoding="UTF-8"?>
<testsuite name="org.mozilla.javascript.tests.ExternalArrayTest" tests="6" skipped="0" failures="0" errors="0" timestamp="2019-01-10T05:24:43" hostname="swami-VirtualBox" time="2.188">
  <properties/>
  <testcase name="testIntArrayThenRemove" classname="org.mozilla.javascript.tests.ExternalArrayTest" time="1.857"/>
  <testcase name="testNativeIntArray" classname="org.mozilla.javascript.tests.ExternalArrayTest" time="0.078"/>
  <testcase name="testNativeDoubleArray" classname="org.mozilla.javascript.tests.ExternalArrayTest" time="0.055"/>
  <testcase name="testNativeShortArray" classname="org.mozilla.javascript.tests.ExternalArrayTest" time="0.045"/>
  <testcase name="testRegularArray" classname="org.mozilla.javascript.tests.ExternalArrayTest" time="0.063"/>
  <testcase name="testIntArray" classname="org.mozilla.javascript.tests.ExternalArrayTest" time="0.02"/>
  <system-out><![CDATA[]]></system-out>
  <system-err><![CDATA[]]></system-err>
</testsuite>
