<?xml version="1.0" encoding="UTF-8"?>
<testsuite name="org.mozilla.javascript.tests.GlobalParseXTest" tests="2" skipped="0" failures="0" errors="0" timestamp="2019-01-10T05:17:36" hostname="swami-VirtualBox" time="1.158">
  <properties/>
  <testcase name="testParseFloatAndIntWhiteSpaces" classname="org.mozilla.javascript.tests.GlobalParseXTest" time="0.95"/>
  <testcase name="testParseFloatTrailingNoise" classname="org.mozilla.javascript.tests.GlobalParseXTest" time="0.207"/>
  <system-out><![CDATA[]]></system-out>
  <system-err><![CDATA[]]></system-err>
</testsuite>
