<?xml version="1.0" encoding="UTF-8"?>
<testsuite name="org.mozilla.javascript.tests.harmony.DataViewAccessorsTest" tests="3" skipped="0" failures="0" errors="0" timestamp="2019-01-10T05:18:43" hostname="swami-VirtualBox" time="2.707">
  <properties/>
  <testcase name="rhinoTestNoOpt" classname="org.mozilla.javascript.tests.harmony.DataViewAccessorsTest" time="1.365"/>
  <testcase name="rhinoTestOpt0" classname="org.mozilla.javascript.tests.harmony.DataViewAccessorsTest" time="0.772"/>
  <testcase name="rhinoTestOpt9" classname="org.mozilla.javascript.tests.harmony.DataViewAccessorsTest" time="0.57"/>
  <system-out><![CDATA[]]></system-out>
  <system-err><![CDATA[]]></system-err>
</testsuite>
