<?xml version="1.0" encoding="UTF-8"?>
<testsuite name="org.mozilla.javascript.tests.MemberBoxCallTest" tests="1" skipped="0" failures="0" errors="0" timestamp="2019-01-10T05:25:23" hostname="swami-VirtualBox" time="1.147">
  <properties/>
  <testcase name="testPrototypeProperty" classname="org.mozilla.javascript.tests.MemberBoxCallTest" time="1.147"/>
  <system-out><![CDATA[]]></system-out>
  <system-err><![CDATA[]]></system-err>
</testsuite>
