<?xml version="1.0" encoding="UTF-8"?>
<testsuite name="org.mozilla.javascript.tests.harmony.ArrayFindIndexTest" tests="3" skipped="0" failures="0" errors="0" timestamp="2019-01-10T05:18:10" hostname="swami-VirtualBox" time="1.496">
  <properties/>
  <testcase name="rhinoTestNoOpt" classname="org.mozilla.javascript.tests.harmony.ArrayFindIndexTest" time="0.898"/>
  <testcase name="rhinoTestOpt0" classname="org.mozilla.javascript.tests.harmony.ArrayFindIndexTest" time="0.394"/>
  <testcase name="rhinoTestOpt9" classname="org.mozilla.javascript.tests.harmony.ArrayFindIndexTest" time="0.196"/>
  <system-out><![CDATA[]]></system-out>
  <system-err><![CDATA[]]></system-err>
</testsuite>
