<?xml version="1.0" encoding="UTF-8"?>
<testsuite name="org.mozilla.javascript.tests.ErrorPropertiesTest" tests="4" skipped="0" failures="0" errors="0" timestamp="2019-01-10T05:26:30" hostname="swami-VirtualBox" time="1.96">
  <properties/>
  <testcase name="fileName" classname="org.mozilla.javascript.tests.ErrorPropertiesTest" time="1.365"/>
  <testcase name="defaultStack" classname="org.mozilla.javascript.tests.ErrorPropertiesTest" time="0.217"/>
  <testcase name="mozillaStack" classname="org.mozilla.javascript.tests.ErrorPropertiesTest" time="0.166"/>
  <testcase name="lineNumber" classname="org.mozilla.javascript.tests.ErrorPropertiesTest" time="0.164"/>
  <system-out><![CDATA[]]></system-out>
  <system-err><![CDATA[]]></system-err>
</testsuite>
