<?xml version="1.0" encoding="UTF-8"?>
<testsuite name="org.mozilla.javascript.tests.RedefinePropertyTest" tests="3" skipped="0" failures="0" errors="0" timestamp="2019-01-10T05:27:01" hostname="swami-VirtualBox" time="2.123">
  <properties/>
  <testcase name="rhinoTestNoOpt" classname="org.mozilla.javascript.tests.RedefinePropertyTest" time="1.398"/>
  <testcase name="rhinoTestOpt0" classname="org.mozilla.javascript.tests.RedefinePropertyTest" time="0.407"/>
  <testcase name="rhinoTestOpt9" classname="org.mozilla.javascript.tests.RedefinePropertyTest" time="0.243"/>
  <system-out><![CDATA[]]></system-out>
  <system-err><![CDATA[]]></system-err>
</testsuite>
