<?xml version="1.0" encoding="UTF-8"?>
<testsuite name="org.mozilla.javascript.tests.ArrayConcatTest" tests="1" skipped="0" failures="0" errors="0" timestamp="2019-01-10T05:16:49" hostname="swami-VirtualBox" time="0.829">
  <properties/>
  <testcase name="testArrayConcat" classname="org.mozilla.javascript.tests.ArrayConcatTest" time="0.829"/>
  <system-out><![CDATA[]]></system-out>
  <system-err><![CDATA[]]></system-err>
</testsuite>
