<?xml version="1.0" encoding="UTF-8"?>
<testsuite name="org.mozilla.javascript.tests.DecompileTest" tests="1" skipped="0" failures="0" errors="0" timestamp="2019-01-10T05:25:01" hostname="swami-VirtualBox" time="0.916">
  <properties/>
  <testcase name="newObject0Arg" classname="org.mozilla.javascript.tests.DecompileTest" time="0.916"/>
  <system-out><![CDATA[]]></system-out>
  <system-err><![CDATA[]]></system-err>
</testsuite>
