<?xml version="1.0" encoding="UTF-8"?>
<testsuite name="org.mozilla.javascript.tests.es5.ObjectKeysTest" tests="1" skipped="0" failures="0" errors="0" timestamp="2019-01-10T05:26:35" hostname="swami-VirtualBox" time="1.071">
  <properties/>
  <testcase name="shouldReturnOnlyEnumerablePropertiesOfArg" classname="org.mozilla.javascript.tests.es5.ObjectKeysTest" time="1.071"/>
  <system-out><![CDATA[]]></system-out>
  <system-err><![CDATA[]]></system-err>
</testsuite>
