<?xml version="1.0" encoding="UTF-8"?>
<testsuite name="org.mozilla.javascript.tests.PrimitiveTypeScopeResolutionTest" tests="4" skipped="0" failures="0" errors="0" timestamp="2019-01-10T05:27:15" hostname="swami-VirtualBox" time="1.588">
  <properties/>
  <testcase name="elementAccess" classname="org.mozilla.javascript.tests.PrimitiveTypeScopeResolutionTest" time="1.315"/>
  <testcase name="functionCall" classname="org.mozilla.javascript.tests.PrimitiveTypeScopeResolutionTest" time="0.133"/>
  <testcase name="functionObjectPrimitiveToObject" classname="org.mozilla.javascript.tests.PrimitiveTypeScopeResolutionTest" time="0.069"/>
  <testcase name="propertyAccess" classname="org.mozilla.javascript.tests.PrimitiveTypeScopeResolutionTest" time="0.049"/>
  <system-out><![CDATA[]]></system-out>
  <system-err><![CDATA[]]></system-err>
</testsuite>
