<?xml version="1.0" encoding="UTF-8"?>
<testsuite name="org.mozilla.javascript.tests.Bug491621Test" tests="7" skipped="0" failures="0" errors="0" timestamp="2019-01-10T05:17:09" hostname="swami-VirtualBox" time="0.375">
  <properties/>
  <testcase name="testOctLiteralToSource" classname="org.mozilla.javascript.tests.Bug491621Test" time="0.322"/>
  <testcase name="testLetDeclarationToSource" classname="org.mozilla.javascript.tests.Bug491621Test" time="0.019"/>
  <testcase name="testHexOctDecLiteralToSource" classname="org.mozilla.javascript.tests.Bug491621Test" time="0.0"/>
  <testcase name="testVarDeclarationToSource" classname="org.mozilla.javascript.tests.Bug491621Test" time="0.01"/>
  <testcase name="testConstDeclarationToSource" classname="org.mozilla.javascript.tests.Bug491621Test" time="0.0"/>
  <testcase name="testEmptySwitchToSource" classname="org.mozilla.javascript.tests.Bug491621Test" time="0.0"/>
  <testcase name="testHexLiteralToSource" classname="org.mozilla.javascript.tests.Bug491621Test" time="0.0"/>
  <system-out><![CDATA[]]></system-out>
  <system-err><![CDATA[]]></system-err>
</testsuite>
