<?xml version="1.0" encoding="UTF-8"?>
<testsuite name="org.mozilla.javascript.tests.harmony.NumberIsTest" tests="3" skipped="0" failures="0" errors="0" timestamp="2019-01-10T05:18:02" hostname="swami-VirtualBox" time="1.227">
  <properties/>
  <testcase name="rhinoTestNoOpt" classname="org.mozilla.javascript.tests.harmony.NumberIsTest" time="0.779"/>
  <testcase name="rhinoTestOpt0" classname="org.mozilla.javascript.tests.harmony.NumberIsTest" time="0.297"/>
  <testcase name="rhinoTestOpt9" classname="org.mozilla.javascript.tests.harmony.NumberIsTest" time="0.136"/>
  <system-out><![CDATA[]]></system-out>
  <system-err><![CDATA[]]></system-err>
</testsuite>
