<?xml version="1.0" encoding="UTF-8"?>
<testsuite name="org.mozilla.javascript.tests.ArrowFnPositionBugTest" tests="4" skipped="0" failures="0" errors="0" timestamp="2019-01-10T05:16:26" hostname="swami-VirtualBox" time="0.347">
  <properties/>
  <testcase name="testArrowFnPositionInCall" classname="org.mozilla.javascript.tests.ArrowFnPositionBugTest" time="0.332"/>
  <testcase name="testArrowFnPositionInAssignment" classname="org.mozilla.javascript.tests.ArrowFnPositionBugTest" time="0.003"/>
  <testcase name="testArrowFnWithArgsPosition" classname="org.mozilla.javascript.tests.ArrowFnPositionBugTest" time="0.001"/>
  <testcase name="testArrowFnReturnPosition" classname="org.mozilla.javascript.tests.ArrowFnPositionBugTest" time="0.001"/>
  <system-out><![CDATA[]]></system-out>
  <system-err><![CDATA[]]></system-err>
</testsuite>
