<?xml version="1.0" encoding="UTF-8"?>
<testsuite name="org.mozilla.javascript.tests.Bug714204Test" tests="5" skipped="0" failures="0" errors="0" timestamp="2019-01-10T05:26:08" hostname="swami-VirtualBox" time="1.149">
  <properties/>
  <testcase name="test_args_this" classname="org.mozilla.javascript.tests.Bug714204Test" time="0.834"/>
  <testcase name="test_const_this" classname="org.mozilla.javascript.tests.Bug714204Test" time="0.088"/>
  <testcase name="test_let_this" classname="org.mozilla.javascript.tests.Bug714204Test" time="0.004"/>
  <testcase name="test_var_this" classname="org.mozilla.javascript.tests.Bug714204Test" time="0.001"/>
  <testcase name="test_assign_this" classname="org.mozilla.javascript.tests.Bug714204Test" time="0.208"/>
  <system-out><![CDATA[]]></system-out>
  <system-err><![CDATA[]]></system-err>
</testsuite>
