<?xml version="1.0" encoding="UTF-8"?>
<testsuite name="org.mozilla.javascript.tests.DynamicScopeTest" tests="1" skipped="0" failures="0" errors="0" timestamp="2019-01-10T05:17:16" hostname="swami-VirtualBox" time="0.568">
  <properties/>
  <testcase name="testInitStandardObjectsSealed" classname="org.mozilla.javascript.tests.DynamicScopeTest" time="0.568"/>
  <system-out><![CDATA[]]></system-out>
  <system-err><![CDATA[]]></system-err>
</testsuite>
