<?xml version="1.0" encoding="UTF-8"?>
<testsuite name="org.mozilla.javascript.tests.Bug783797Test" tests="27" skipped="0" failures="0" errors="0" timestamp="2019-01-10T05:16:13" hostname="swami-VirtualBox" time="3.087">
  <properties/>
  <testcase name="test_getElemCall" classname="org.mozilla.javascript.tests.Bug783797Test" time="0.849"/>
  <testcase name="test_getElem" classname="org.mozilla.javascript.tests.Bug783797Test" time="0.092"/>
  <testcase name="test_getProp" classname="org.mozilla.javascript.tests.Bug783797Test" time="0.072"/>
  <testcase name="test_Parent" classname="org.mozilla.javascript.tests.Bug783797Test" time="0.062"/>
  <testcase name="test_ThisStringPrototype" classname="org.mozilla.javascript.tests.Bug783797Test" time="0.055"/>
  <testcase name="test_StringLiteralProto" classname="org.mozilla.javascript.tests.Bug783797Test" time="0.064"/>
  <testcase name="test_setElemIncDec" classname="org.mozilla.javascript.tests.Bug783797Test" time="0.087"/>
  <testcase name="test_ReturnThisNestedCall" classname="org.mozilla.javascript.tests.Bug783797Test" time="0.174"/>
  <testcase name="test_getPropNoWarn1" classname="org.mozilla.javascript.tests.Bug783797Test" time="0.091"/>
  <testcase name="test_getPropNoWarn2" classname="org.mozilla.javascript.tests.Bug783797Test" time="0.053"/>
  <testcase name="test_setElemOp1" classname="org.mozilla.javascript.tests.Bug783797Test" time="0.088"/>
  <testcase name="test_setElemOp2" classname="org.mozilla.javascript.tests.Bug783797Test" time="0.111"/>
  <testcase name="test_setElem" classname="org.mozilla.javascript.tests.Bug783797Test" time="0.091"/>
  <testcase name="test_setProp" classname="org.mozilla.javascript.tests.Bug783797Test" time="0.083"/>
  <testcase name="test_ReturnThisNested" classname="org.mozilla.javascript.tests.Bug783797Test" time="0.07"/>
  <testcase name="test_NameStringPrototypeNested" classname="org.mozilla.javascript.tests.Bug783797Test" time="0.06"/>
  <testcase name="test_getPropCall" classname="org.mozilla.javascript.tests.Bug783797Test" time="0.073"/>
  <testcase name="test_setPropOp1" classname="org.mozilla.javascript.tests.Bug783797Test" time="0.133"/>
  <testcase name="test_setPropOp2" classname="org.mozilla.javascript.tests.Bug783797Test" time="0.058"/>
  <testcase name="test_ThisProtoNested" classname="org.mozilla.javascript.tests.Bug783797Test" time="0.066"/>
  <testcase name="test_ThisProto" classname="org.mozilla.javascript.tests.Bug783797Test" time="0.051"/>
  <testcase name="test_setPropIncDec" classname="org.mozilla.javascript.tests.Bug783797Test" time="0.143"/>
  <testcase name="test_Enum1" classname="org.mozilla.javascript.tests.Bug783797Test" time="0.073"/>
  <testcase name="test_Enum2" classname="org.mozilla.javascript.tests.Bug783797Test" time="0.046"/>
  <testcase name="test_NameStringPrototype" classname="org.mozilla.javascript.tests.Bug783797Test" time="0.035"/>
  <testcase name="test_ReturnThis" classname="org.mozilla.javascript.tests.Bug783797Test" time="0.063"/>
  <testcase name="test_StringLiteralProtoNested" classname="org.mozilla.javascript.tests.Bug783797Test" time="0.054"/>
  <system-out><![CDATA[]]></system-out>
  <system-err><![CDATA[]]></system-err>
</testsuite>
