<?xml version="1.0" encoding="UTF-8"?>
<testsuite name="org.mozilla.javascript.tests.StackTraceExtensionTest" tests="3" skipped="0" failures="0" errors="0" timestamp="2019-01-10T05:26:24" hostname="swami-VirtualBox" time="2.66">
  <properties/>
  <testcase name="testStackTraceInt" classname="org.mozilla.javascript.tests.StackTraceExtensionTest" time="1.695"/>
  <testcase name="testStackTrace0" classname="org.mozilla.javascript.tests.StackTraceExtensionTest" time="0.73"/>
  <testcase name="testStackTrace9" classname="org.mozilla.javascript.tests.StackTraceExtensionTest" time="0.212"/>
  <system-out><![CDATA[]]></system-out>
  <system-err><![CDATA[]]></system-err>
</testsuite>
