<?xml version="1.0" encoding="UTF-8"?>
<testsuite name="org.mozilla.javascript.tests.NativeArrayTest" tests="15" skipped="0" failures="0" errors="0" timestamp="2019-01-10T05:16:19" hostname="swami-VirtualBox" time="0.268">
  <properties/>
  <testcase name="getIndexIdsShouldBeAZeroForSimpleSingletonArray" classname="org.mozilla.javascript.tests.NativeArrayTest" time="0.224"/>
  <testcase name="getShouldReturnIndexProperties" classname="org.mozilla.javascript.tests.NativeArrayTest" time="0.002"/>
  <testcase name="getIndexIdsShouldNotIncludeIdsGreaterThanOrEqualTo2ToThe32" classname="org.mozilla.javascript.tests.NativeArrayTest" time="0.002"/>
  <testcase name="deleteShouldRemoveIndexProperties" classname="org.mozilla.javascript.tests.NativeArrayTest" time="0.0"/>
  <testcase name="getIndexIdsShouldWorkWhenIndicesSetAsString" classname="org.mozilla.javascript.tests.NativeArrayTest" time="0.001"/>
  <testcase name="deleteShouldRemoveNormalProperties" classname="org.mozilla.javascript.tests.NativeArrayTest" time="0.0"/>
  <testcase name="getIndexIdsShouldBeEmptyForEmptyArray" classname="org.mozilla.javascript.tests.NativeArrayTest" time="0.001"/>
  <testcase name="hasShouldBeFalseForANewArray" classname="org.mozilla.javascript.tests.NativeArrayTest" time="0.0"/>
  <testcase name="getIndexIdsShouldIncludeIdsLessThan2ToThe32" classname="org.mozilla.javascript.tests.NativeArrayTest" time="0.005"/>
  <testcase name="getIndexIdsShouldNotReturnNonNumericIds" classname="org.mozilla.javascript.tests.NativeArrayTest" time="0.0"/>
  <testcase name="getIndexIdsShouldNotIncludeNegativeIds" classname="org.mozilla.javascript.tests.NativeArrayTest" time="0.001"/>
  <testcase name="putShouldAddIndexProperties" classname="org.mozilla.javascript.tests.NativeArrayTest" time="0.011"/>
  <testcase name="getShouldReturnNormalProperties" classname="org.mozilla.javascript.tests.NativeArrayTest" time="0.002"/>
  <testcase name="putShouldAddNormalProperties" classname="org.mozilla.javascript.tests.NativeArrayTest" time="0.0"/>
  <testcase name="getIdsShouldIncludeBothIndexAndNormalProperties" classname="org.mozilla.javascript.tests.NativeArrayTest" time="0.001"/>
  <system-out><![CDATA[]]></system-out>
  <system-err><![CDATA[]]></system-err>
</testsuite>
