<?xml version="1.0" encoding="UTF-8"?>
<testsuite name="org.mozilla.javascript.tests.IncDecTest" tests="3" skipped="0" failures="0" errors="0" timestamp="2019-01-10T05:19:07" hostname="swami-VirtualBox" time="1.322">
  <properties/>
  <testcase name="rhinoTestNoOpt" classname="org.mozilla.javascript.tests.IncDecTest" time="0.863"/>
  <testcase name="rhinoTestOpt0" classname="org.mozilla.javascript.tests.IncDecTest" time="0.305"/>
  <testcase name="rhinoTestOpt9" classname="org.mozilla.javascript.tests.IncDecTest" time="0.126"/>
  <system-out><![CDATA[]]></system-out>
  <system-err><![CDATA[]]></system-err>
</testsuite>
