<?xml version="1.0" encoding="UTF-8"?>
<testsuite name="org.mozilla.javascript.tests.harmony.ForOfTest" tests="3" skipped="0" failures="0" errors="0" timestamp="2019-01-10T05:18:38" hostname="swami-VirtualBox" time="1.379">
  <properties/>
  <testcase name="rhinoTestNoOpt" classname="org.mozilla.javascript.tests.harmony.ForOfTest" time="0.883"/>
  <testcase name="rhinoTestOpt0" classname="org.mozilla.javascript.tests.harmony.ForOfTest" time="0.315"/>
  <testcase name="rhinoTestOpt9" classname="org.mozilla.javascript.tests.harmony.ForOfTest" time="0.163"/>
  <system-out><![CDATA[]]></system-out>
  <system-err><![CDATA[]]></system-err>
</testsuite>
