<?xml version="1.0" encoding="UTF-8"?>
<testsuite name="org.mozilla.javascript.tests.TypeOfTest" tests="3" skipped="0" failures="0" errors="0" timestamp="2019-01-10T05:16:44" hostname="swami-VirtualBox" time="0.705">
  <properties/>
  <testcase name="testCustomizeTypeOf" classname="org.mozilla.javascript.tests.TypeOfTest" time="0.605"/>
  <testcase name="test0" classname="org.mozilla.javascript.tests.TypeOfTest" time="0.012"/>
  <testcase name="testBug453360" classname="org.mozilla.javascript.tests.TypeOfTest" time="0.073"/>
  <system-out><![CDATA[]]></system-out>
  <system-err><![CDATA[]]></system-err>
</testsuite>
