<?xml version="1.0" encoding="UTF-8"?>
<testsuite name="org.mozilla.javascript.tests.OverloadTest" tests="3" skipped="0" failures="0" errors="0" timestamp="2019-01-10T05:24:52" hostname="swami-VirtualBox" time="1.492">
  <properties/>
  <testcase name="testJSFunctionToInterface" classname="org.mozilla.javascript.tests.OverloadTest" time="1.255"/>
  <testcase name="testJSObjectToMap" classname="org.mozilla.javascript.tests.OverloadTest" time="0.138"/>
  <testcase name="testJSArrayToCollection" classname="org.mozilla.javascript.tests.OverloadTest" time="0.069"/>
  <system-out><![CDATA[]]></system-out>
  <system-err><![CDATA[]]></system-err>
</testsuite>
