<?xml version="1.0" encoding="UTF-8"?>
<testsuite name="org.mozilla.javascript.tests.commonjs.module.RequireJarTest" tests="5" skipped="0" failures="0" errors="0" timestamp="2019-01-10T05:18:53" hostname="swami-VirtualBox" time="1.289">
  <properties/>
  <testcase name="testSandboxed" classname="org.mozilla.javascript.tests.commonjs.module.RequireJarTest" time="0.869"/>
  <testcase name="testSetMainForAlreadyLoadedModule" classname="org.mozilla.javascript.tests.commonjs.module.RequireJarTest" time="0.136"/>
  <testcase name="testRelativeId" classname="org.mozilla.javascript.tests.commonjs.module.RequireJarTest" time="0.125"/>
  <testcase name="testNonSandboxed" classname="org.mozilla.javascript.tests.commonjs.module.RequireJarTest" time="0.057"/>
  <testcase name="testVariousUsageErrors" classname="org.mozilla.javascript.tests.commonjs.module.RequireJarTest" time="0.069"/>
  <system-out><![CDATA[]]></system-out>
  <system-err><![CDATA[]]></system-err>
</testsuite>
