<?xml version="1.0" encoding="UTF-8"?>
<testsuite name="org.mozilla.javascript.tests.Bug448816Test" tests="7" skipped="0" failures="0" errors="0" timestamp="2019-01-10T05:16:42" hostname="swami-VirtualBox" time="0.757">
  <properties/>
  <testcase name="testBasicAccess" classname="org.mozilla.javascript.tests.Bug448816Test" time="0.648"/>
  <testcase name="testValueIterator" classname="org.mozilla.javascript.tests.Bug448816Test" time="0.009"/>
  <testcase name="testEqual" classname="org.mozilla.javascript.tests.Bug448816Test" time="0.009"/>
  <testcase name="testKeyIterator" classname="org.mozilla.javascript.tests.Bug448816Test" time="0.015"/>
  <testcase name="testRemoval" classname="org.mozilla.javascript.tests.Bug448816Test" time="0.005"/>
  <testcase name="testCollections" classname="org.mozilla.javascript.tests.Bug448816Test" time="0.015"/>
  <testcase name="testEntryIterator" classname="org.mozilla.javascript.tests.Bug448816Test" time="0.003"/>
  <system-out><![CDATA[]]></system-out>
  <system-err><![CDATA[]]></system-err>
</testsuite>
