<?xml version="1.0" encoding="UTF-8"?>
<testsuite name="org.mozilla.javascript.tests.SortingTest" tests="10" skipped="0" failures="0" errors="0" timestamp="2019-01-10T05:17:28" hostname="swami-VirtualBox" time="1.511">
  <properties/>
  <testcase name="testBenchReverseHybrid" classname="org.mozilla.javascript.tests.SortingTest" time="0.153"/>
  <testcase name="testBenchSequentialInsertion" classname="org.mozilla.javascript.tests.SortingTest" time="0.011"/>
  <testcase name="testBenchRandomHybrid" classname="org.mozilla.javascript.tests.SortingTest" time="0.099"/>
  <testcase name="testBenchReverseJavaUtil" classname="org.mozilla.javascript.tests.SortingTest" time="0.013"/>
  <testcase name="testHybridSort" classname="org.mozilla.javascript.tests.SortingTest" time="0.054"/>
  <testcase name="testBenchSequentialJavaUtil" classname="org.mozilla.javascript.tests.SortingTest" time="0.004"/>
  <testcase name="testMedian" classname="org.mozilla.javascript.tests.SortingTest" time="0.0"/>
  <testcase name="testBenchSequentialHybrid" classname="org.mozilla.javascript.tests.SortingTest" time="0.074"/>
  <testcase name="testInsertionSort" classname="org.mozilla.javascript.tests.SortingTest" time="0.988"/>
  <testcase name="testBenchRandomJavaUtil" classname="org.mozilla.javascript.tests.SortingTest" time="0.096"/>
  <system-out><![CDATA[]]></system-out>
  <system-err><![CDATA[]]></system-err>
</testsuite>
