<?xml version="1.0" encoding="UTF-8"?>
<testsuite name="org.mozilla.javascript.tests.harmony.ExternalArrayTest" tests="3" skipped="0" failures="0" errors="0" timestamp="2019-01-10T05:18:22" hostname="swami-VirtualBox" time="1.823">
  <properties/>
  <testcase name="rhinoTestNoOpt" classname="org.mozilla.javascript.tests.harmony.ExternalArrayTest" time="1.112"/>
  <testcase name="rhinoTestOpt0" classname="org.mozilla.javascript.tests.harmony.ExternalArrayTest" time="0.448"/>
  <testcase name="rhinoTestOpt9" classname="org.mozilla.javascript.tests.harmony.ExternalArrayTest" time="0.228"/>
  <system-out><![CDATA[]]></system-out>
  <system-err><![CDATA[]]></system-err>
</testsuite>
