<?xml version="1.0" encoding="UTF-8"?>
<testsuite name="org.mozilla.javascript.tests.harmony.StringNormalizeTest" tests="3" skipped="0" failures="0" errors="0" timestamp="2019-01-10T05:18:17" hostname="swami-VirtualBox" time="1.413">
  <properties/>
  <testcase name="rhinoTestNoOpt" classname="org.mozilla.javascript.tests.harmony.StringNormalizeTest" time="0.895"/>
  <testcase name="rhinoTestOpt0" classname="org.mozilla.javascript.tests.harmony.StringNormalizeTest" time="0.324"/>
  <testcase name="rhinoTestOpt9" classname="org.mozilla.javascript.tests.harmony.StringNormalizeTest" time="0.169"/>
  <system-out><![CDATA[]]></system-out>
  <system-err><![CDATA[]]></system-err>
</testsuite>
