<?xml version="1.0" encoding="UTF-8"?>
<testsuite name="org.mozilla.javascript.tests.JavaAcessibilityTest" tests="5" skipped="0" failures="0" errors="0" timestamp="2019-01-10T05:26:00" hostname="swami-VirtualBox" time="1.0">
  <properties/>
  <testcase name="testAccessingJavaBeanProperty" classname="org.mozilla.javascript.tests.JavaAcessibilityTest" time="0.578"/>
  <testcase name="testOverloadFunctionRegression" classname="org.mozilla.javascript.tests.JavaAcessibilityTest" time="0.1"/>
  <testcase name="testAccessingMethods" classname="org.mozilla.javascript.tests.JavaAcessibilityTest" time="0.101"/>
  <testcase name="testAccessingFields" classname="org.mozilla.javascript.tests.JavaAcessibilityTest" time="0.173"/>
  <testcase name="testAccessingConstructors" classname="org.mozilla.javascript.tests.JavaAcessibilityTest" time="0.006"/>
  <system-out><![CDATA[]]></system-out>
  <system-err><![CDATA[]]></system-err>
</testsuite>
