<?xml version="1.0" encoding="UTF-8"?>
<testsuite name="org.mozilla.javascript.tests.harmony.StringEndsWithTest" tests="3" skipped="0" failures="0" errors="0" timestamp="2019-01-10T05:17:42" hostname="swami-VirtualBox" time="1.777">
  <properties/>
  <testcase name="rhinoTestNoOpt" classname="org.mozilla.javascript.tests.harmony.StringEndsWithTest" time="1.008"/>
  <testcase name="rhinoTestOpt0" classname="org.mozilla.javascript.tests.harmony.StringEndsWithTest" time="0.482"/>
  <testcase name="rhinoTestOpt9" classname="org.mozilla.javascript.tests.harmony.StringEndsWithTest" time="0.283"/>
  <system-out><![CDATA[]]></system-out>
  <system-err><![CDATA[]]></system-err>
</testsuite>
