<?xml version="1.0" encoding="UTF-8"?>
<testsuite name="org.mozilla.javascript.tests.Issue385Test" tests="5" skipped="0" failures="0" errors="0" timestamp="2019-01-10T05:16:34" hostname="swami-VirtualBox" time="0.575">
  <properties/>
  <testcase name="test_obj_destruct_simple" classname="org.mozilla.javascript.tests.Issue385Test" time="0.537"/>
  <testcase name="test_obj_destruct_complex" classname="org.mozilla.javascript.tests.Issue385Test" time="0.008"/>
  <testcase name="test_obj_destruct_simple_short" classname="org.mozilla.javascript.tests.Issue385Test" time="0.002"/>
  <testcase name="test_arr_destruct_complex" classname="org.mozilla.javascript.tests.Issue385Test" time="0.002"/>
  <testcase name="test_arr_destruct_simple" classname="org.mozilla.javascript.tests.Issue385Test" time="0.012"/>
  <system-out><![CDATA[]]></system-out>
  <system-err><![CDATA[]]></system-err>
</testsuite>
