<?xml version="1.0" encoding="UTF-8"?>
<testsuite name="org.mozilla.javascript.tests.Bug466207Test" tests="6" skipped="0" failures="0" errors="0" timestamp="2019-01-10T05:17:34" hostname="swami-VirtualBox" time="0.753">
  <properties/>
  <testcase name="testToArray" classname="org.mozilla.javascript.tests.Bug466207Test" time="0.659"/>
  <testcase name="testIndexedAccess" classname="org.mozilla.javascript.tests.Bug466207Test" time="0.02"/>
  <testcase name="testEqual" classname="org.mozilla.javascript.tests.Bug466207Test" time="0.019"/>
  <testcase name="testContains" classname="org.mozilla.javascript.tests.Bug466207Test" time="0.013"/>
  <testcase name="testIndexOf" classname="org.mozilla.javascript.tests.Bug466207Test" time="0.005"/>
  <testcase name="testIterator" classname="org.mozilla.javascript.tests.Bug466207Test" time="0.005"/>
  <system-out><![CDATA[]]></system-out>
  <system-err><![CDATA[]]></system-err>
</testsuite>
