<?xml version="1.0" encoding="UTF-8"?>
<testsuite name="org.mozilla.javascript.tests.harmony.V8SymbolTest" tests="3" skipped="0" failures="0" errors="0" timestamp="2019-01-10T05:18:05" hostname="swami-VirtualBox" time="3.914">
  <properties/>
  <testcase name="rhinoTestNoOpt" classname="org.mozilla.javascript.tests.harmony.V8SymbolTest" time="2.221"/>
  <testcase name="rhinoTestOpt0" classname="org.mozilla.javascript.tests.harmony.V8SymbolTest" time="1.021"/>
  <testcase name="rhinoTestOpt9" classname="org.mozilla.javascript.tests.harmony.V8SymbolTest" time="0.671"/>
  <system-out><![CDATA[]]></system-out>
  <system-err><![CDATA[]]></system-err>
</testsuite>
