<?xml version="1.0" encoding="UTF-8"?>
<testsuite name="org.mozilla.javascript.tests.DefineClassTest" tests="2" skipped="0" failures="0" errors="0" timestamp="2019-01-10T05:27:06" hostname="swami-VirtualBox" time="1.329">
  <properties/>
  <testcase name="testTraditionalHostObject" classname="org.mozilla.javascript.tests.DefineClassTest" time="1.191"/>
  <testcase name="testAnnotatedHostObject" classname="org.mozilla.javascript.tests.DefineClassTest" time="0.119"/>
  <system-out><![CDATA[]]></system-out>
  <system-err><![CDATA[]]></system-err>
</testsuite>
