<?xml version="1.0" encoding="UTF-8"?>
<testsuite name="org.mozilla.javascript.tests.GeneratedMethodNameTest" tests="5" skipped="0" failures="0" errors="0" timestamp="2019-01-10T05:26:19" hostname="swami-VirtualBox" time="1.399">
  <properties/>
  <testcase name="testScriptName" classname="org.mozilla.javascript.tests.GeneratedMethodNameTest" time="1.211"/>
  <testcase name="testAnonymousFunction" classname="org.mozilla.javascript.tests.GeneratedMethodNameTest" time="0.068"/>
  <testcase name="testStandardFunction" classname="org.mozilla.javascript.tests.GeneratedMethodNameTest" time="0.01"/>
  <testcase name="testFunctionDollar" classname="org.mozilla.javascript.tests.GeneratedMethodNameTest" time="0.053"/>
  <testcase name="testConstructor" classname="org.mozilla.javascript.tests.GeneratedMethodNameTest" time="0.006"/>
  <system-out><![CDATA[]]></system-out>
  <system-err><![CDATA[]]></system-err>
</testsuite>
