<?xml version="1.0" encoding="UTF-8"?>
<testsuite name="org.mozilla.javascript.tests.harmony.TypedArraysTest" tests="3" skipped="0" failures="0" errors="0" timestamp="2019-01-10T05:17:45" hostname="swami-VirtualBox" time="2.719">
  <properties/>
  <testcase name="rhinoTestNoOpt" classname="org.mozilla.javascript.tests.harmony.TypedArraysTest" time="1.672"/>
  <testcase name="rhinoTestOpt0" classname="org.mozilla.javascript.tests.harmony.TypedArraysTest" time="0.631"/>
  <testcase name="rhinoTestOpt9" classname="org.mozilla.javascript.tests.harmony.TypedArraysTest" time="0.415"/>
  <system-out><![CDATA[]]></system-out>
  <system-err><![CDATA[]]></system-err>
</testsuite>
