<?xml version="1.0" encoding="UTF-8"?>
<testsuite name="org.mozilla.javascript.tests.backwardcompat.BackwardUseStrict" tests="6" skipped="0" failures="0" errors="0" timestamp="2019-01-10T05:16:52" hostname="swami-VirtualBox" time="1.399">
  <properties/>
  <testcase name="testStrictIgnored0" classname="org.mozilla.javascript.tests.backwardcompat.BackwardUseStrict" time="1.039"/>
  <testcase name="testStrictIgnored1" classname="org.mozilla.javascript.tests.backwardcompat.BackwardUseStrict" time="0.18"/>
  <testcase name="testStrictIgnored9" classname="org.mozilla.javascript.tests.backwardcompat.BackwardUseStrict" time="0.121"/>
  <testcase name="testStrictHonored0" classname="org.mozilla.javascript.tests.backwardcompat.BackwardUseStrict" time="0.022"/>
  <testcase name="testStrictHonored1" classname="org.mozilla.javascript.tests.backwardcompat.BackwardUseStrict" time="0.008"/>
  <testcase name="testStrictHonored9" classname="org.mozilla.javascript.tests.backwardcompat.BackwardUseStrict" time="0.007"/>
  <system-out><![CDATA[]]></system-out>
  <system-err><![CDATA[]]></system-err>
</testsuite>
