<?xml version="1.0" encoding="UTF-8"?>
<testsuite name="org.mozilla.javascript.tests.es5.Test262RegExpTest" tests="10" skipped="0" failures="0" errors="0" timestamp="2019-01-10T05:26:44" hostname="swami-VirtualBox" time="1.616">
  <properties/>
  <testcase name="testS15_10_2_9_A1_T4" classname="org.mozilla.javascript.tests.es5.Test262RegExpTest" time="1.133"/>
  <testcase name="testS15_10_2_15_A1_T4" classname="org.mozilla.javascript.tests.es5.Test262RegExpTest" time="0.016"/>
  <testcase name="testS15_10_2_15_A1_T5" classname="org.mozilla.javascript.tests.es5.Test262RegExpTest" time="0.084"/>
  <testcase name="testS15_10_2_15_A1_T6" classname="org.mozilla.javascript.tests.es5.Test262RegExpTest" time="0.029"/>
  <testcase name="testS15_10_2_15_A1_T7" classname="org.mozilla.javascript.tests.es5.Test262RegExpTest" time="0.048"/>
  <testcase name="testS15_10_2_15_A1_T8" classname="org.mozilla.javascript.tests.es5.Test262RegExpTest" time="0.026"/>
  <testcase name="testS15_10_2_11_A1_T2" classname="org.mozilla.javascript.tests.es5.Test262RegExpTest" time="0.139"/>
  <testcase name="testS15_10_2_11_A1_T3" classname="org.mozilla.javascript.tests.es5.Test262RegExpTest" time="0.022"/>
  <testcase name="testS15_10_4_1_T2_Undefined" classname="org.mozilla.javascript.tests.es5.Test262RegExpTest" time="0.003"/>
  <testcase name="testS15_10_4_1_T1" classname="org.mozilla.javascript.tests.es5.Test262RegExpTest" time="0.016"/>
  <system-out><![CDATA[]]></system-out>
  <system-err><![CDATA[]]></system-err>
</testsuite>
