<?xml version="1.0" encoding="UTF-8"?>
<testsuite name="org.mozilla.javascript.tests.Bug687669Test" tests="2" skipped="0" failures="0" errors="0" timestamp="2019-01-10T05:16:23" hostname="swami-VirtualBox" time="0.675">
  <properties/>
  <testcase name="testEval" classname="org.mozilla.javascript.tests.Bug687669Test" time="0.656"/>
  <testcase name="testToSource" classname="org.mozilla.javascript.tests.Bug687669Test" time="0.008"/>
  <system-out><![CDATA[]]></system-out>
  <system-err><![CDATA[]]></system-err>
</testsuite>
