<?xml version="1.0" encoding="UTF-8"?>
<testsuite name="org.mozilla.javascript.tests.CustomSetterAcceptNullScriptableTest" tests="1" skipped="0" failures="0" errors="0" timestamp="2019-01-10T05:24:33" hostname="swami-VirtualBox" time="1.118">
  <properties/>
  <testcase name="testSetNullForScriptableSetter" classname="org.mozilla.javascript.tests.CustomSetterAcceptNullScriptableTest" time="1.118"/>
  <system-out><![CDATA[]]></system-out>
  <system-err><![CDATA[]]></system-err>
</testsuite>
