<?xml version="1.0" encoding="UTF-8"?>
<testsuite name="org.mozilla.javascript.tests.Bug492525Test" tests="1" skipped="0" failures="0" errors="0" timestamp="2019-01-10T05:16:11" hostname="swami-VirtualBox" time="0.267">
  <properties/>
  <testcase name="getAllIdsShouldIncludeArrayIndices" classname="org.mozilla.javascript.tests.Bug492525Test" time="0.267"/>
  <system-out><![CDATA[]]></system-out>
  <system-err><![CDATA[]]></system-err>
</testsuite>
