<?xml version="1.0" encoding="UTF-8"?>
<testsuite name="org.mozilla.javascript.tests.harmony.ArrayFindTest" tests="3" skipped="0" failures="0" errors="0" timestamp="2019-01-10T05:18:13" hostname="swami-VirtualBox" time="1.546">
  <properties/>
  <testcase name="rhinoTestNoOpt" classname="org.mozilla.javascript.tests.harmony.ArrayFindTest" time="0.917"/>
  <testcase name="rhinoTestOpt0" classname="org.mozilla.javascript.tests.harmony.ArrayFindTest" time="0.413"/>
  <testcase name="rhinoTestOpt9" classname="org.mozilla.javascript.tests.harmony.ArrayFindTest" time="0.197"/>
  <system-out><![CDATA[]]></system-out>
  <system-err><![CDATA[]]></system-err>
</testsuite>
