<?xml version="1.0" encoding="UTF-8"?>
<testsuite name="org.mozilla.javascript.tests.json.JsonParserTest" tests="37" skipped="0" failures="0" errors="0" timestamp="2019-01-10T05:25:06" hostname="swami-VirtualBox" time="0.832">
  <properties/>
  <testcase name="shouldFailToParseIllegalUnicodeEscapeSeq2" classname="org.mozilla.javascript.tests.json.JsonParserTest" time="0.622"/>
  <testcase name="shouldFailToParseIllegalUnicodeEscapeSeq3" classname="org.mozilla.javascript.tests.json.JsonParserTest" time="0.02"/>
  <testcase name="shouldFailToParseStringTruncatedUnicode" classname="org.mozilla.javascript.tests.json.JsonParserTest" time="0.002"/>
  <testcase name="shouldParseJsonObject" classname="org.mozilla.javascript.tests.json.JsonParserTest" time="0.001"/>
  <testcase name="shouldParseJsonString" classname="org.mozilla.javascript.tests.json.JsonParserTest" time="0.001"/>
  <testcase name="shouldParseEmptyJsonArray" classname="org.mozilla.javascript.tests.json.JsonParserTest" time="0.002"/>
  <testcase name="shouldFailToParseEmptyJavaString" classname="org.mozilla.javascript.tests.json.JsonParserTest" time="0.0"/>
  <testcase name="shouldFailToParseMoreThanOneToplevelValue" classname="org.mozilla.javascript.tests.json.JsonParserTest" time="0.001"/>
  <testcase name="shouldParseHeterogeneousJsonArray" classname="org.mozilla.javascript.tests.json.JsonParserTest" time="0.02"/>
  <testcase name="shouldParseJsonBoolean" classname="org.mozilla.javascript.tests.json.JsonParserTest" time="0.0"/>
  <testcase name="shouldAllowTrailingWhitespace" classname="org.mozilla.javascript.tests.json.JsonParserTest" time="0.001"/>
  <testcase name="shouldThrowParseExceptionWhenIncompleteArray" classname="org.mozilla.javascript.tests.json.JsonParserTest" time="0.0"/>
  <testcase name="shouldFailToParseNumbersWithDecimalExponent" classname="org.mozilla.javascript.tests.json.JsonParserTest" time="0.002"/>
  <testcase name="shouldFailToParseIllegalUnicodeEscapeSeq" classname="org.mozilla.javascript.tests.json.JsonParserTest" time="0.003"/>
  <testcase name="shouldFailToParseJsonObjectsWithInvalidFormat" classname="org.mozilla.javascript.tests.json.JsonParserTest" time="0.001"/>
  <testcase name="shouldFailToParseStringIllegalStringChars" classname="org.mozilla.javascript.tests.json.JsonParserTest" time="0.003"/>
  <testcase name="shouldParseJsonNull" classname="org.mozilla.javascript.tests.json.JsonParserTest" time="0.0"/>
  <testcase name="shouldFailToParseNumbersBeginningWithZero" classname="org.mozilla.javascript.tests.json.JsonParserTest" time="0.0"/>
  <testcase name="shouldFailToParseIllegalNumber" classname="org.mozilla.javascript.tests.json.JsonParserTest" time="0.0"/>
  <testcase name="shouldThrowParseExceptionWhenIncompleteObject" classname="org.mozilla.javascript.tests.json.JsonParserTest" time="0.001"/>
  <testcase name="shouldFailToParseTrailingCommaInArray1" classname="org.mozilla.javascript.tests.json.JsonParserTest" time="0.001"/>
  <testcase name="shouldFailToParseTrailingCommaInArray2" classname="org.mozilla.javascript.tests.json.JsonParserTest" time="0.001"/>
  <testcase name="shouldFailToParseTrailingCommaInArray3" classname="org.mozilla.javascript.tests.json.JsonParserTest" time="0.0"/>
  <testcase name="shouldFailToParseStringControlChars1" classname="org.mozilla.javascript.tests.json.JsonParserTest" time="0.001"/>
  <testcase name="shouldFailToParseStringControlChars2" classname="org.mozilla.javascript.tests.json.JsonParserTest" time="0.0"/>
  <testcase name="shouldFailToParseTrailingCommaInObject1" classname="org.mozilla.javascript.tests.json.JsonParserTest" time="0.001"/>
  <testcase name="shouldFailToParseTrailingCommaInObject2" classname="org.mozilla.javascript.tests.json.JsonParserTest" time="0.001"/>
  <testcase name="shouldFailToParseTrailingCommaInObject3" classname="org.mozilla.javascript.tests.json.JsonParserTest" time="0.001"/>
  <testcase name="shouldParseEmptyArray" classname="org.mozilla.javascript.tests.json.JsonParserTest" time="0.001"/>
  <testcase name="shouldFailToParseSingleDoubleQuote" classname="org.mozilla.javascript.tests.json.JsonParserTest" time="0.0"/>
  <testcase name="shouldParseJsonNumbers" classname="org.mozilla.javascript.tests.json.JsonParserTest" time="0.011"/>
  <testcase name="shouldParseEmptyObject" classname="org.mozilla.javascript.tests.json.JsonParserTest" time="0.001"/>
  <testcase name="shouldFailToParseIllegalWhitespaceChars" classname="org.mozilla.javascript.tests.json.JsonParserTest" time="0.001"/>
  <testcase name="shouldFailToParseDoubleNegativeNumbers" classname="org.mozilla.javascript.tests.json.JsonParserTest" time="0.0"/>
  <testcase name="shouldFailToParseArrayWithInvalidElements" classname="org.mozilla.javascript.tests.json.JsonParserTest" time="0.001"/>
  <testcase name="shouldFailToParseJavaNull" classname="org.mozilla.javascript.tests.json.JsonParserTest" time="0.0"/>
  <testcase name="shouldFailToParseStringContainingSingleBackslash" classname="org.mozilla.javascript.tests.json.JsonParserTest" time="0.001"/>
  <system-out><![CDATA[]]></system-out>
  <system-err><![CDATA[]]></system-err>
</testsuite>
