<?xml version="1.0" encoding="UTF-8"?>
<testsuite name="org.mozilla.javascript.tests.Bug637811Test" tests="1" skipped="0" failures="0" errors="0" timestamp="2019-01-10T05:25:55" hostname="swami-VirtualBox" time="0.906">
  <properties/>
  <testcase name="test" classname="org.mozilla.javascript.tests.Bug637811Test" time="0.906"/>
  <system-out><![CDATA[]]></system-out>
  <system-err><![CDATA[]]></system-err>
</testsuite>
