<?xml version="1.0" encoding="UTF-8"?>
<testsuite name="org.mozilla.javascript.tests.ContinuationsApiTest" tests="9" skipped="0" failures="0" errors="0" timestamp="2019-01-10T05:25:32" hostname="swami-VirtualBox" time="1.874">
  <properties/>
  <testcase name="testScriptWithNestedContinuations" classname="org.mozilla.javascript.tests.ContinuationsApiTest" time="1.08"/>
  <testcase name="testConsStringSerialization" classname="org.mozilla.javascript.tests.ContinuationsApiTest" time="0.013"/>
  <testcase name="testScriptWithMultipleContinuations" classname="org.mozilla.javascript.tests.ContinuationsApiTest" time="0.023"/>
  <testcase name="testSerializationWithContinuations" classname="org.mozilla.javascript.tests.ContinuationsApiTest" time="0.394"/>
  <testcase name="testContinuationsPrototypesAndSerialization" classname="org.mozilla.javascript.tests.ContinuationsApiTest" time="0.204"/>
  <testcase name="testErrorOnEvalCall" classname="org.mozilla.javascript.tests.ContinuationsApiTest" time="0.014"/>
  <testcase name="testFunctionWithContinuations" classname="org.mozilla.javascript.tests.ContinuationsApiTest" time="0.003"/>
  <testcase name="testScriptWithContinuations" classname="org.mozilla.javascript.tests.ContinuationsApiTest" time="0.002"/>
  <testcase name="testContinuationsInlineFunctionsSerialization" classname="org.mozilla.javascript.tests.ContinuationsApiTest" time="0.047"/>
  <system-out><![CDATA[]]></system-out>
  <system-err><![CDATA[]]></system-err>
</testsuite>
