<?xml version="1.0" encoding="UTF-8"?>
<testsuite name="org.mozilla.javascript.tests.ApplyOnPrimitiveNumberTest" tests="1" skipped="0" failures="0" errors="0" timestamp="2019-01-10T05:15:38" hostname="swami-VirtualBox" time="1.208">
  <properties/>
  <testcase name="testIt" classname="org.mozilla.javascript.tests.ApplyOnPrimitiveNumberTest" time="1.208"/>
  <system-out><![CDATA[]]></system-out>
  <system-err><![CDATA[]]></system-err>
</testsuite>
