<?xml version="1.0" encoding="UTF-8"?>
<testsuite name="org.mozilla.javascript.tests.Bug496585Test" tests="1" skipped="0" failures="0" errors="0" timestamp="2019-01-10T05:19:16" hostname="swami-VirtualBox" time="0.69">
  <properties/>
  <testcase name="callOverloadedFunction" classname="org.mozilla.javascript.tests.Bug496585Test" time="0.69"/>
  <system-out><![CDATA[]]></system-out>
  <system-err><![CDATA[]]></system-err>
</testsuite>
