<?xml version="1.0" encoding="UTF-8"?>
<testsuite name="org.mozilla.javascript.tests.es6.SymbolTest" tests="3" skipped="0" failures="0" errors="0" timestamp="2019-01-10T05:19:19" hostname="swami-VirtualBox" time="4.181">
  <properties/>
  <testcase name="rhinoTestNoOpt" classname="org.mozilla.javascript.tests.es6.SymbolTest" time="2.261"/>
  <testcase name="rhinoTestOpt0" classname="org.mozilla.javascript.tests.es6.SymbolTest" time="1.056"/>
  <testcase name="rhinoTestOpt9" classname="org.mozilla.javascript.tests.es6.SymbolTest" time="0.863"/>
  <system-out><![CDATA[]]></system-out>
  <system-err><![CDATA[]]></system-err>
</testsuite>
