<?xml version="1.0" encoding="UTF-8"?>
<testsuite name="org.mozilla.javascript.tests.DefineFunctionPropertiesTest" tests="2" skipped="0" failures="0" errors="0" timestamp="2019-01-10T05:19:12" hostname="swami-VirtualBox" time="0.615">
  <properties/>
  <testcase name="testPrivateData" classname="org.mozilla.javascript.tests.DefineFunctionPropertiesTest" time="0.598"/>
  <testcase name="testSimpleFunction" classname="org.mozilla.javascript.tests.DefineFunctionPropertiesTest" time="0.007"/>
  <system-out><![CDATA[]]></system-out>
  <system-err><![CDATA[]]></system-err>
</testsuite>
