<?xml version="1.0" encoding="UTF-8"?>
<testsuite name="org.mozilla.javascript.tests.UndefinedOrNullThisInFunctionCallOrApplyTest" tests="6" skipped="2" failures="0" errors="0" timestamp="2019-01-10T05:24:48" hostname="swami-VirtualBox" time="1.379">
  <properties/>
  <testcase name="whenVersionLtEq17ThenPassGlobalThisObjForCallJS" classname="org.mozilla.javascript.tests.UndefinedOrNullThisInFunctionCallOrApplyTest" time="1.076"/>
  <testcase name="whenVersionGt17ThenPassNullAsThisObjJavaFunc" classname="org.mozilla.javascript.tests.UndefinedOrNullThisInFunctionCallOrApplyTest" time="0.005">
    <skipped/>
  </testcase>
  <testcase name="whenVersionLtEq17ThenPassGlobalThisObjJavaFunc" classname="org.mozilla.javascript.tests.UndefinedOrNullThisInFunctionCallOrApplyTest" time="0.001">
    <skipped/>
  </testcase>
  <testcase name="whenVersionGt17ThenPassNullAsThisObjForCallJS" classname="org.mozilla.javascript.tests.UndefinedOrNullThisInFunctionCallOrApplyTest" time="0.113"/>
  <testcase name="whenVersionGt17ThenPassNullAsThisObjForApplyJS" classname="org.mozilla.javascript.tests.UndefinedOrNullThisInFunctionCallOrApplyTest" time="0.06"/>
  <testcase name="whenVersionLtEq17ThenPassGlobalThisObjForApplyJS" classname="org.mozilla.javascript.tests.UndefinedOrNullThisInFunctionCallOrApplyTest" time="0.074"/>
  <system-out><![CDATA[]]></system-out>
  <system-err><![CDATA[]]></system-err>
</testsuite>
