<?xml version="1.0" encoding="UTF-8"?>
<testsuite name="org.mozilla.javascript.tests.harmony.ParseIntFloatTest" tests="3" skipped="0" failures="0" errors="0" timestamp="2019-01-10T05:18:35" hostname="swami-VirtualBox" time="1.514">
  <properties/>
  <testcase name="rhinoTestNoOpt" classname="org.mozilla.javascript.tests.harmony.ParseIntFloatTest" time="0.923"/>
  <testcase name="rhinoTestOpt0" classname="org.mozilla.javascript.tests.harmony.ParseIntFloatTest" time="0.367"/>
  <testcase name="rhinoTestOpt9" classname="org.mozilla.javascript.tests.harmony.ParseIntFloatTest" time="0.211"/>
  <system-out><![CDATA[]]></system-out>
  <system-err><![CDATA[]]></system-err>
</testsuite>
