<?xml version="1.0" encoding="UTF-8"?>
<testsuite name="org.mozilla.javascript.tests.ClassShutterExceptionTest" tests="4" skipped="0" failures="0" errors="0" timestamp="2019-01-10T05:17:11" hostname="swami-VirtualBox" time="0.64">
  <properties/>
  <testcase name="testThrowingException" classname="org.mozilla.javascript.tests.ClassShutterExceptionTest" time="0.571"/>
  <testcase name="testClassShutterException" classname="org.mozilla.javascript.tests.ClassShutterExceptionTest" time="0.028"/>
  <testcase name="testThrowingEvaluatorException" classname="org.mozilla.javascript.tests.ClassShutterExceptionTest" time="0.008"/>
  <testcase name="testThrowingEcmaError" classname="org.mozilla.javascript.tests.ClassShutterExceptionTest" time="0.003"/>
  <system-out><![CDATA[]]></system-out>
  <system-err><![CDATA[]]></system-err>
</testsuite>
