<?xml version="1.0" encoding="UTF-8"?>
<testsuite name="org.mozilla.javascript.tests.harmony.ToSourceTest" tests="1" skipped="0" failures="0" errors="0" timestamp="2019-01-10T05:17:55" hostname="swami-VirtualBox" time="0.323">
  <properties/>
  <testcase name="testArrowFunctionToSource" classname="org.mozilla.javascript.tests.harmony.ToSourceTest" time="0.323"/>
  <system-out><![CDATA[]]></system-out>
  <system-err><![CDATA[]]></system-err>
</testsuite>
