<?xml version="1.0" encoding="UTF-8"?>
<testsuite name="org.mozilla.javascript.tests.JsTestsTest" tests="3" skipped="0" failures="0" errors="0" timestamp="2019-01-10T05:25:37" hostname="swami-VirtualBox" time="11.059">
  <properties/>
  <testcase name="testJsTestsInterpreted" classname="org.mozilla.javascript.tests.JsTestsTest" time="7.468"/>
  <testcase name="testJsTestsCompiled" classname="org.mozilla.javascript.tests.JsTestsTest" time="1.658"/>
  <testcase name="testJsTestsOptimized" classname="org.mozilla.javascript.tests.JsTestsTest" time="1.931"/>
  <system-out><![CDATA[]]></system-out>
  <system-err><![CDATA[]]></system-err>
</testsuite>
