<?xml version="1.0" encoding="UTF-8"?>
<testsuite name="org.mozilla.javascript.tests.java8.CallDefaultMethodTest" tests="3" skipped="0" failures="0" errors="0" timestamp="2019-01-10T05:15:43" hostname="swami-VirtualBox" time="2.424">
  <properties/>
  <testcase name="rhinoTestNoOpt" classname="org.mozilla.javascript.tests.java8.CallDefaultMethodTest" time="1.67"/>
  <testcase name="rhinoTestOpt0" classname="org.mozilla.javascript.tests.java8.CallDefaultMethodTest" time="0.475"/>
  <testcase name="rhinoTestOpt9" classname="org.mozilla.javascript.tests.java8.CallDefaultMethodTest" time="0.274"/>
  <system-out><![CDATA[]]></system-out>
  <system-err><![CDATA[]]></system-err>
</testsuite>
