<?xml version="1.0" encoding="UTF-8"?>
<testsuite name="org.mozilla.javascript.tests.TopLevelStrictModeTest" tests="3" skipped="0" failures="0" errors="0" timestamp="2019-01-10T05:17:04" hostname="swami-VirtualBox" time="1.267">
  <properties/>
  <testcase name="rhinoTestNoOpt" classname="org.mozilla.javascript.tests.TopLevelStrictModeTest" time="0.827"/>
  <testcase name="rhinoTestOpt0" classname="org.mozilla.javascript.tests.TopLevelStrictModeTest" time="0.293"/>
  <testcase name="rhinoTestOpt9" classname="org.mozilla.javascript.tests.TopLevelStrictModeTest" time="0.138"/>
  <system-out><![CDATA[]]></system-out>
  <system-err><![CDATA[]]></system-err>
</testsuite>
