<?xml version="1.0" encoding="UTF-8"?>
<testsuite name="org.mozilla.javascript.tests.Bug482203Test" tests="2" skipped="0" failures="0" errors="0" timestamp="2019-01-10T05:19:00" hostname="swami-VirtualBox" time="0.584">
  <properties/>
  <testcase name="testJsApi" classname="org.mozilla.javascript.tests.Bug482203Test" time="0.563"/>
  <testcase name="testJavaApi" classname="org.mozilla.javascript.tests.Bug482203Test" time="0.01"/>
  <system-out><![CDATA[]]></system-out>
  <system-err><![CDATA[]]></system-err>
</testsuite>
