<?xml version="1.0" encoding="UTF-8"?>
<testsuite name="org.mozilla.javascript.tests.Bug685403Test" tests="1" skipped="0" failures="0" errors="0" timestamp="2019-01-10T05:26:12" hostname="swami-VirtualBox" time="0.954">
  <properties/>
  <testcase name="test" classname="org.mozilla.javascript.tests.Bug685403Test" time="0.954"/>
  <system-out><![CDATA[]]></system-out>
  <system-err><![CDATA[]]></system-err>
</testsuite>
