<?xml version="1.0" encoding="UTF-8"?>
<testsuite name="org.mozilla.javascript.tests.SortingComparatorTest" tests="3" skipped="0" failures="0" errors="0" timestamp="2019-01-10T05:16:39" hostname="swami-VirtualBox" time="1.382">
  <properties/>
  <testcase name="rhinoTestNoOpt" classname="org.mozilla.javascript.tests.SortingComparatorTest" time="0.843"/>
  <testcase name="rhinoTestOpt0" classname="org.mozilla.javascript.tests.SortingComparatorTest" time="0.364"/>
  <testcase name="rhinoTestOpt9" classname="org.mozilla.javascript.tests.SortingComparatorTest" time="0.158"/>
  <system-out><![CDATA[]]></system-out>
  <system-err><![CDATA[]]></system-err>
</testsuite>
