<?xml version="1.0" encoding="UTF-8"?>
<testsuite name="org.mozilla.javascript.tests.Bug688018Test" tests="1" skipped="0" failures="0" errors="0" timestamp="2019-01-10T05:18:58" hostname="swami-VirtualBox" time="0.324">
  <properties/>
  <testcase name="testToSource" classname="org.mozilla.javascript.tests.Bug688018Test" time="0.324"/>
  <system-out><![CDATA[]]></system-out>
  <system-err><![CDATA[]]></system-err>
</testsuite>
