<?xml version="1.0" encoding="UTF-8"?>
<testsuite name="org.mozilla.javascript.tests.Bug412433Test" tests="1" skipped="0" failures="0" errors="0" timestamp="2019-01-10T05:15:34" hostname="swami-VirtualBox" time="1.277">
  <properties/>
  <testcase name="testMalformedJavascript2" classname="org.mozilla.javascript.tests.Bug412433Test" time="1.277"/>
  <system-out><![CDATA[]]></system-out>
  <system-err><![CDATA[]]></system-err>
</testsuite>
