<?xml version="1.0" encoding="UTF-8"?>
<testsuite name="org.mozilla.javascript.ScriptRuntime_ESTest" tests="162" skipped="0" failures="42" errors="0" timestamp="2019-01-10T10:44:59" hostname="swami-VirtualBox" time="8.575">
  <properties/>
  <testcase name="test011" classname="org.mozilla.javascript.ScriptRuntime_ESTest" time="0.352">
    <failure message="java.lang.AssertionError: Expecting exception: NullPointerException" type="java.lang.AssertionError">java.lang.AssertionError: Expecting exception: NullPointerException
	at org.junit.Assert.fail(Assert.java:88)
	at org.mozilla.javascript.ScriptRuntime_ESTest.test011(ScriptRuntime_ESTest.java:237)
	at sun.reflect.NativeMethodAccessorImpl.invoke0(Native Method)
	at sun.reflect.NativeMethodAccessorImpl.invoke(NativeMethodAccessorImpl.java:62)
	at sun.reflect.DelegatingMethodAccessorImpl.invoke(DelegatingMethodAccessorImpl.java:43)
	at java.lang.reflect.Method.invoke(Method.java:498)
	at org.junit.runners.model.FrameworkMethod$1.runReflectiveCall(FrameworkMethod.java:50)
	at org.junit.internal.runners.model.ReflectiveCallable.run(ReflectiveCallable.java:12)
	at org.junit.runners.model.FrameworkMethod.invokeExplosively(FrameworkMethod.java:47)
	at org.junit.internal.runners.statements.InvokeMethod.evaluate(InvokeMethod.java:17)
	at org.junit.internal.runners.statements.FailOnTimeout$CallableStatement.call(FailOnTimeout.java:298)
	at org.junit.internal.runners.statements.FailOnTimeout$CallableStatement.call(FailOnTimeout.java:292)
	at java.util.concurrent.FutureTask.run(FutureTask.java:266)
	at java.lang.Thread.run(Thread.java:748)
</failure>
  </testcase>
  <testcase name="test099" classname="org.mozilla.javascript.ScriptRuntime_ESTest" time="0.255"/>
  <testcase name="test132" classname="org.mozilla.javascript.ScriptRuntime_ESTest" time="0.119"/>
  <testcase name="test012" classname="org.mozilla.javascript.ScriptRuntime_ESTest" time="0.19">
    <failure message="java.lang.NullPointerException" type="java.lang.NullPointerException">java.lang.NullPointerException
	at org.mozilla.javascript.ScriptRuntime.getRegExpProxy(ScriptRuntime.java:4325)
	at org.mozilla.javascript.ScriptRuntime.checkRegExpProxy(ScriptRuntime.java:4336)
	at org.mozilla.javascript.ScriptRuntime_ESTest.test012(ScriptRuntime_ESTest.java:250)
	at sun.reflect.NativeMethodAccessorImpl.invoke0(Native Method)
	at sun.reflect.NativeMethodAccessorImpl.invoke(NativeMethodAccessorImpl.java:62)
	at sun.reflect.DelegatingMethodAccessorImpl.invoke(DelegatingMethodAccessorImpl.java:43)
	at java.lang.reflect.Method.invoke(Method.java:498)
	at org.junit.runners.model.FrameworkMethod$1.runReflectiveCall(FrameworkMethod.java:50)
	at org.junit.internal.runners.model.ReflectiveCallable.run(ReflectiveCallable.java:12)
	at org.junit.runners.model.FrameworkMethod.invokeExplosively(FrameworkMethod.java:47)
	at org.junit.internal.runners.statements.InvokeMethod.evaluate(InvokeMethod.java:17)
	at org.junit.internal.runners.statements.FailOnTimeout$CallableStatement.call(FailOnTimeout.java:298)
	at org.junit.internal.runners.statements.FailOnTimeout$CallableStatement.call(FailOnTimeout.java:292)
	at java.util.concurrent.FutureTask.run(FutureTask.java:266)
	at java.lang.Thread.run(Thread.java:748)
</failure>
  </testcase>
  <testcase name="test133" classname="org.mozilla.javascript.ScriptRuntime_ESTest" time="0.088"/>
  <testcase name="test097" classname="org.mozilla.javascript.ScriptRuntime_ESTest" time="0.045"/>
  <testcase name="test130" classname="org.mozilla.javascript.ScriptRuntime_ESTest" time="0.056"/>
  <testcase name="test010" classname="org.mozilla.javascript.ScriptRuntime_ESTest" time="0.081">
    <failure message="java.lang.NullPointerException" type="java.lang.NullPointerException">java.lang.NullPointerException
	at org.mozilla.javascript.ImporterTopLevel.initStandardObjects(ImporterTopLevel.java:73)
	at org.mozilla.javascript.ImporterTopLevel.&lt;init&gt;(ImporterTopLevel.java:54)
	at org.mozilla.javascript.ScriptRuntime_ESTest.test010(ScriptRuntime_ESTest.java:225)
	at sun.reflect.NativeMethodAccessorImpl.invoke0(Native Method)
	at sun.reflect.NativeMethodAccessorImpl.invoke(NativeMethodAccessorImpl.java:62)
	at sun.reflect.DelegatingMethodAccessorImpl.invoke(DelegatingMethodAccessorImpl.java:43)
	at java.lang.reflect.Method.invoke(Method.java:498)
	at org.junit.runners.model.FrameworkMethod$1.runReflectiveCall(FrameworkMethod.java:50)
	at org.junit.internal.runners.model.ReflectiveCallable.run(ReflectiveCallable.java:12)
	at org.junit.runners.model.FrameworkMethod.invokeExplosively(FrameworkMethod.java:47)
	at org.junit.internal.runners.statements.InvokeMethod.evaluate(InvokeMethod.java:17)
	at org.junit.internal.runners.statements.FailOnTimeout$CallableStatement.call(FailOnTimeout.java:298)
	at org.junit.internal.runners.statements.FailOnTimeout$CallableStatement.call(FailOnTimeout.java:292)
	at java.util.concurrent.FutureTask.run(FutureTask.java:266)
	at java.lang.Thread.run(Thread.java:748)
</failure>
  </testcase>
  <testcase name="test098" classname="org.mozilla.javascript.ScriptRuntime_ESTest" time="0.098"/>
  <testcase name="test131" classname="org.mozilla.javascript.ScriptRuntime_ESTest" time="0.135">
    <failure message="java.lang.AssertionError: Exception was not thrown in org.mozilla.javascript.DefaultErrorReporter but in org.mozilla.javascript.Context.reportRuntimeError(Context.java:1001): org.evosuite.runtime.mock.java.lang.MockThrowable: Invalid JavaScript value of type org.mozilla.javascript.EvaluatorException" type="java.lang.AssertionError">java.lang.AssertionError: Exception was not thrown in org.mozilla.javascript.DefaultErrorReporter but in org.mozilla.javascript.Context.reportRuntimeError(Context.java:1001): org.evosuite.runtime.mock.java.lang.MockThrowable: Invalid JavaScript value of type org.mozilla.javascript.EvaluatorException
	at org.evosuite.runtime.EvoAssertions.assertThrownBy(EvoAssertions.java:112)
	at org.evosuite.runtime.EvoAssertions.verifyException(EvoAssertions.java:49)
	at org.mozilla.javascript.ScriptRuntime_ESTest.test131(ScriptRuntime_ESTest.java:1810)
	at sun.reflect.NativeMethodAccessorImpl.invoke0(Native Method)
	at sun.reflect.NativeMethodAccessorImpl.invoke(NativeMethodAccessorImpl.java:62)
	at sun.reflect.DelegatingMethodAccessorImpl.invoke(DelegatingMethodAccessorImpl.java:43)
	at java.lang.reflect.Method.invoke(Method.java:498)
	at org.junit.runners.model.FrameworkMethod$1.runReflectiveCall(FrameworkMethod.java:50)
	at org.junit.internal.runners.model.ReflectiveCallable.run(ReflectiveCallable.java:12)
	at org.junit.runners.model.FrameworkMethod.invokeExplosively(FrameworkMethod.java:47)
	at org.junit.internal.runners.statements.InvokeMethod.evaluate(InvokeMethod.java:17)
	at org.junit.internal.runners.statements.FailOnTimeout$CallableStatement.call(FailOnTimeout.java:298)
	at org.junit.internal.runners.statements.FailOnTimeout$CallableStatement.call(FailOnTimeout.java:292)
	at java.util.concurrent.FutureTask.run(FutureTask.java:266)
	at java.lang.Thread.run(Thread.java:748)
</failure>
  </testcase>
  <testcase name="test095" classname="org.mozilla.javascript.ScriptRuntime_ESTest" time="0.06"/>
  <testcase name="test096" classname="org.mozilla.javascript.ScriptRuntime_ESTest" time="0.072"/>
  <testcase name="test093" classname="org.mozilla.javascript.ScriptRuntime_ESTest" time="0.061"/>
  <testcase name="test094" classname="org.mozilla.javascript.ScriptRuntime_ESTest" time="0.074"/>
  <testcase name="test091" classname="org.mozilla.javascript.ScriptRuntime_ESTest" time="0.101"/>
  <testcase name="test092" classname="org.mozilla.javascript.ScriptRuntime_ESTest" time="0.394"/>
  <testcase name="test090" classname="org.mozilla.javascript.ScriptRuntime_ESTest" time="0.065"/>
  <testcase name="test008" classname="org.mozilla.javascript.ScriptRuntime_ESTest" time="0.09">
    <failure message="org.evosuite.runtime.mock.java.lang.MockRuntimeException: No Context associated with current Thread" type="org.evosuite.runtime.mock.java.lang.MockRuntimeException">org.evosuite.runtime.mock.java.lang.MockRuntimeException: No Context associated with current Thread
	at org.mozilla.javascript.Context.getContext(Context.java:2481)
	at org.mozilla.javascript.ScriptRuntime_ESTest.test008(ScriptRuntime_ESTest.java:200)
	at sun.reflect.NativeMethodAccessorImpl.invoke0(Native Method)
	at sun.reflect.NativeMethodAccessorImpl.invoke(NativeMethodAccessorImpl.java:62)
	at sun.reflect.DelegatingMethodAccessorImpl.invoke(DelegatingMethodAccessorImpl.java:43)
	at java.lang.reflect.Method.invoke(Method.java:498)
	at org.junit.runners.model.FrameworkMethod$1.runReflectiveCall(FrameworkMethod.java:50)
	at org.junit.internal.runners.model.ReflectiveCallable.run(ReflectiveCallable.java:12)
	at org.junit.runners.model.FrameworkMethod.invokeExplosively(FrameworkMethod.java:47)
	at org.junit.internal.runners.statements.InvokeMethod.evaluate(InvokeMethod.java:17)
	at org.junit.internal.runners.statements.FailOnTimeout$CallableStatement.call(FailOnTimeout.java:298)
	at org.junit.internal.runners.statements.FailOnTimeout$CallableStatement.call(FailOnTimeout.java:292)
	at java.util.concurrent.FutureTask.run(FutureTask.java:266)
	at java.lang.Thread.run(Thread.java:748)
</failure>
  </testcase>
  <testcase name="test129" classname="org.mozilla.javascript.ScriptRuntime_ESTest" time="0.055"/>
  <testcase name="test009" classname="org.mozilla.javascript.ScriptRuntime_ESTest" time="0.112">
    <failure message="org.evosuite.runtime.mock.java.lang.MockRuntimeException: No Context associated with current Thread" type="org.evosuite.runtime.mock.java.lang.MockRuntimeException">org.evosuite.runtime.mock.java.lang.MockRuntimeException: No Context associated with current Thread
	at org.mozilla.javascript.Context.getContext(Context.java:2481)
	at org.mozilla.javascript.ScriptRuntime.getArrayElements(ScriptRuntime.java:4051)
	at org.mozilla.javascript.ScriptRuntime_ESTest.test009(ScriptRuntime_ESTest.java:218)
	at sun.reflect.NativeMethodAccessorImpl.invoke0(Native Method)
	at sun.reflect.NativeMethodAccessorImpl.invoke(NativeMethodAccessorImpl.java:62)
	at sun.reflect.DelegatingMethodAccessorImpl.invoke(DelegatingMethodAccessorImpl.java:43)
	at java.lang.reflect.Method.invoke(Method.java:498)
	at org.junit.runners.model.FrameworkMethod$1.runReflectiveCall(FrameworkMethod.java:50)
	at org.junit.internal.runners.model.ReflectiveCallable.run(ReflectiveCallable.java:12)
	at org.junit.runners.model.FrameworkMethod.invokeExplosively(FrameworkMethod.java:47)
	at org.junit.internal.runners.statements.InvokeMethod.evaluate(InvokeMethod.java:17)
	at org.junit.internal.runners.statements.FailOnTimeout$CallableStatement.call(FailOnTimeout.java:298)
	at org.junit.internal.runners.statements.FailOnTimeout$CallableStatement.call(FailOnTimeout.java:292)
	at java.util.concurrent.FutureTask.run(FutureTask.java:266)
	at java.lang.Thread.run(Thread.java:748)
</failure>
  </testcase>
  <testcase name="test006" classname="org.mozilla.javascript.ScriptRuntime_ESTest" time="0.076"/>
  <testcase name="test127" classname="org.mozilla.javascript.ScriptRuntime_ESTest" time="0.081"/>
  <testcase name="test007" classname="org.mozilla.javascript.ScriptRuntime_ESTest" time="0.097"/>
  <testcase name="test128" classname="org.mozilla.javascript.ScriptRuntime_ESTest" time="0.13"/>
  <testcase name="test004" classname="org.mozilla.javascript.ScriptRuntime_ESTest" time="0.119">
    <failure message="org.evosuite.runtime.mock.java.lang.MockRuntimeException: No Context associated with current Thread" type="org.evosuite.runtime.mock.java.lang.MockRuntimeException">org.evosuite.runtime.mock.java.lang.MockRuntimeException: No Context associated with current Thread
	at org.mozilla.javascript.Context.getContext(Context.java:2481)
	at org.mozilla.javascript.ScriptRuntime_ESTest.test004(ScriptRuntime_ESTest.java:137)
	at sun.reflect.NativeMethodAccessorImpl.invoke0(Native Method)
	at sun.reflect.NativeMethodAccessorImpl.invoke(NativeMethodAccessorImpl.java:62)
	at sun.reflect.DelegatingMethodAccessorImpl.invoke(DelegatingMethodAccessorImpl.java:43)
	at java.lang.reflect.Method.invoke(Method.java:498)
	at org.junit.runners.model.FrameworkMethod$1.runReflectiveCall(FrameworkMethod.java:50)
	at org.junit.internal.runners.model.ReflectiveCallable.run(ReflectiveCallable.java:12)
	at org.junit.runners.model.FrameworkMethod.invokeExplosively(FrameworkMethod.java:47)
	at org.junit.internal.runners.statements.InvokeMethod.evaluate(InvokeMethod.java:17)
	at org.junit.internal.runners.statements.FailOnTimeout$CallableStatement.call(FailOnTimeout.java:298)
	at org.junit.internal.runners.statements.FailOnTimeout$CallableStatement.call(FailOnTimeout.java:292)
	at java.util.concurrent.FutureTask.run(FutureTask.java:266)
	at java.lang.Thread.run(Thread.java:748)
</failure>
  </testcase>
  <testcase name="test125" classname="org.mozilla.javascript.ScriptRuntime_ESTest" time="0.047"/>
  <testcase name="test005" classname="org.mozilla.javascript.ScriptRuntime_ESTest" time="0.049"/>
  <testcase name="test126" classname="org.mozilla.javascript.ScriptRuntime_ESTest" time="0.08"/>
  <testcase name="test002" classname="org.mozilla.javascript.ScriptRuntime_ESTest" time="0.086"/>
  <testcase name="test123" classname="org.mozilla.javascript.ScriptRuntime_ESTest" time="0.101"/>
  <testcase name="test003" classname="org.mozilla.javascript.ScriptRuntime_ESTest" time="0.089"/>
  <testcase name="test124" classname="org.mozilla.javascript.ScriptRuntime_ESTest" time="0.072"/>
  <testcase name="test000" classname="org.mozilla.javascript.ScriptRuntime_ESTest" time="0.114">
    <failure message="org.evosuite.runtime.mock.java.lang.MockRuntimeException: No Context associated with current Thread" type="org.evosuite.runtime.mock.java.lang.MockRuntimeException">org.evosuite.runtime.mock.java.lang.MockRuntimeException: No Context associated with current Thread
	at org.mozilla.javascript.Context.getContext(Context.java:2481)
	at org.mozilla.javascript.ScriptRuntime_ESTest.test000(ScriptRuntime_ESTest.java:78)
	at sun.reflect.NativeMethodAccessorImpl.invoke0(Native Method)
	at sun.reflect.NativeMethodAccessorImpl.invoke(NativeMethodAccessorImpl.java:62)
	at sun.reflect.DelegatingMethodAccessorImpl.invoke(DelegatingMethodAccessorImpl.java:43)
	at java.lang.reflect.Method.invoke(Method.java:498)
	at org.junit.runners.model.FrameworkMethod$1.runReflectiveCall(FrameworkMethod.java:50)
	at org.junit.internal.runners.model.ReflectiveCallable.run(ReflectiveCallable.java:12)
	at org.junit.runners.model.FrameworkMethod.invokeExplosively(FrameworkMethod.java:47)
	at org.junit.internal.runners.statements.InvokeMethod.evaluate(InvokeMethod.java:17)
	at org.junit.internal.runners.statements.FailOnTimeout$CallableStatement.call(FailOnTimeout.java:298)
	at org.junit.internal.runners.statements.FailOnTimeout$CallableStatement.call(FailOnTimeout.java:292)
	at java.util.concurrent.FutureTask.run(FutureTask.java:266)
	at java.lang.Thread.run(Thread.java:748)
</failure>
  </testcase>
  <testcase name="test088" classname="org.mozilla.javascript.ScriptRuntime_ESTest" time="0.076"/>
  <testcase name="test121" classname="org.mozilla.javascript.ScriptRuntime_ESTest" time="0.099"/>
  <testcase name="test001" classname="org.mozilla.javascript.ScriptRuntime_ESTest" time="0.063">
    <failure message="org.evosuite.runtime.mock.java.lang.MockRuntimeException: No Context associated with current Thread" type="org.evosuite.runtime.mock.java.lang.MockRuntimeException">org.evosuite.runtime.mock.java.lang.MockRuntimeException: No Context associated with current Thread
	at org.mozilla.javascript.Context.getContext(Context.java:2481)
	at org.mozilla.javascript.ScriptRuntime_ESTest.test001(ScriptRuntime_ESTest.java:94)
	at sun.reflect.NativeMethodAccessorImpl.invoke0(Native Method)
	at sun.reflect.NativeMethodAccessorImpl.invoke(NativeMethodAccessorImpl.java:62)
	at sun.reflect.DelegatingMethodAccessorImpl.invoke(DelegatingMethodAccessorImpl.java:43)
	at java.lang.reflect.Method.invoke(Method.java:498)
	at org.junit.runners.model.FrameworkMethod$1.runReflectiveCall(FrameworkMethod.java:50)
	at org.junit.internal.runners.model.ReflectiveCallable.run(ReflectiveCallable.java:12)
	at org.junit.runners.model.FrameworkMethod.invokeExplosively(FrameworkMethod.java:47)
	at org.junit.internal.runners.statements.InvokeMethod.evaluate(InvokeMethod.java:17)
	at org.junit.internal.runners.statements.FailOnTimeout$CallableStatement.call(FailOnTimeout.java:298)
	at org.junit.internal.runners.statements.FailOnTimeout$CallableStatement.call(FailOnTimeout.java:292)
	at java.util.concurrent.FutureTask.run(FutureTask.java:266)
	at java.lang.Thread.run(Thread.java:748)
</failure>
  </testcase>
  <testcase name="test089" classname="org.mozilla.javascript.ScriptRuntime_ESTest" time="0.081"/>
  <testcase name="test122" classname="org.mozilla.javascript.ScriptRuntime_ESTest" time="0.08"/>
  <testcase name="test086" classname="org.mozilla.javascript.ScriptRuntime_ESTest" time="0.036"/>
  <testcase name="test087" classname="org.mozilla.javascript.ScriptRuntime_ESTest" time="0.009"/>
  <testcase name="test120" classname="org.mozilla.javascript.ScriptRuntime_ESTest" time="0.033"/>
  <testcase name="test084" classname="org.mozilla.javascript.ScriptRuntime_ESTest" time="0.021"/>
  <testcase name="test085" classname="org.mozilla.javascript.ScriptRuntime_ESTest" time="0.025"/>
  <testcase name="test082" classname="org.mozilla.javascript.ScriptRuntime_ESTest" time="0.073">
    <failure message="org.evosuite.runtime.mock.java.lang.MockRuntimeException: No Context associated with current Thread" type="org.evosuite.runtime.mock.java.lang.MockRuntimeException">org.evosuite.runtime.mock.java.lang.MockRuntimeException: No Context associated with current Thread
	at org.mozilla.javascript.Context.getContext(Context.java:2481)
	at org.mozilla.javascript.IdScriptableObject.newIdFunction(IdScriptableObject.java:888)
	at org.mozilla.javascript.IdScriptableObject.initPrototypeMethod(IdScriptableObject.java:791)
	at org.mozilla.javascript.IdScriptableObject.initPrototypeMethod(IdScriptableObject.java:784)
	at org.mozilla.javascript.BaseFunction.initPrototypeId(BaseFunction.java:234)
	at org.mozilla.javascript.IdScriptableObject$PrototypeValues.createPrecachedConstructor(IdScriptableObject.java:149)
	at org.mozilla.javascript.IdScriptableObject.exportAsJSClass(IdScriptableObject.java:754)
	at org.mozilla.javascript.BaseFunction.init(BaseFunction.java:26)
	at org.mozilla.javascript.ScriptRuntime.initSafeStandardObjects(ScriptRuntime.java:164)
	at org.mozilla.javascript.ScriptRuntime.initStandardObjects(ScriptRuntime.java:275)
	at org.mozilla.javascript.Context.initStandardObjects(Context.java:1186)
	at org.mozilla.javascript.Context.initStandardObjects(Context.java:1072)
	at org.mozilla.javascript.ScriptRuntime_ESTest.test082(ScriptRuntime_ESTest.java:1166)
	at sun.reflect.NativeMethodAccessorImpl.invoke0(Native Method)
	at sun.reflect.NativeMethodAccessorImpl.invoke(NativeMethodAccessorImpl.java:62)
	at sun.reflect.DelegatingMethodAccessorImpl.invoke(DelegatingMethodAccessorImpl.java:43)
	at java.lang.reflect.Method.invoke(Method.java:498)
	at org.junit.runners.model.FrameworkMethod$1.runReflectiveCall(FrameworkMethod.java:50)
	at org.junit.internal.runners.model.ReflectiveCallable.run(ReflectiveCallable.java:12)
	at org.junit.runners.model.FrameworkMethod.invokeExplosively(FrameworkMethod.java:47)
	at org.junit.internal.runners.statements.InvokeMethod.evaluate(InvokeMethod.java:17)
	at org.junit.internal.runners.statements.FailOnTimeout$CallableStatement.call(FailOnTimeout.java:298)
	at org.junit.internal.runners.statements.FailOnTimeout$CallableStatement.call(FailOnTimeout.java:292)
	at java.util.concurrent.FutureTask.run(FutureTask.java:266)
	at java.lang.Thread.run(Thread.java:748)
</failure>
  </testcase>
  <testcase name="test083" classname="org.mozilla.javascript.ScriptRuntime_ESTest" time="0.059">
    <failure message="org.evosuite.runtime.mock.java.lang.MockRuntimeException: No Context associated with current Thread" type="org.evosuite.runtime.mock.java.lang.MockRuntimeException">org.evosuite.runtime.mock.java.lang.MockRuntimeException: No Context associated with current Thread
	at org.mozilla.javascript.Context.getContext(Context.java:2481)
	at org.mozilla.javascript.ScriptRuntime_ESTest.test083(ScriptRuntime_ESTest.java:1183)
	at sun.reflect.NativeMethodAccessorImpl.invoke0(Native Method)
	at sun.reflect.NativeMethodAccessorImpl.invoke(NativeMethodAccessorImpl.java:62)
	at sun.reflect.DelegatingMethodAccessorImpl.invoke(DelegatingMethodAccessorImpl.java:43)
	at java.lang.reflect.Method.invoke(Method.java:498)
	at org.junit.runners.model.FrameworkMethod$1.runReflectiveCall(FrameworkMethod.java:50)
	at org.junit.internal.runners.model.ReflectiveCallable.run(ReflectiveCallable.java:12)
	at org.junit.runners.model.FrameworkMethod.invokeExplosively(FrameworkMethod.java:47)
	at org.junit.internal.runners.statements.InvokeMethod.evaluate(InvokeMethod.java:17)
	at org.junit.internal.runners.statements.FailOnTimeout$CallableStatement.call(FailOnTimeout.java:298)
	at org.junit.internal.runners.statements.FailOnTimeout$CallableStatement.call(FailOnTimeout.java:292)
	at java.util.concurrent.FutureTask.run(FutureTask.java:266)
	at java.lang.Thread.run(Thread.java:748)
</failure>
  </testcase>
  <testcase name="test080" classname="org.mozilla.javascript.ScriptRuntime_ESTest" time="0.027">
    <failure message="org.evosuite.runtime.mock.java.lang.MockRuntimeException: No Context associated with current Thread" type="org.evosuite.runtime.mock.java.lang.MockRuntimeException">org.evosuite.runtime.mock.java.lang.MockRuntimeException: No Context associated with current Thread
	at org.mozilla.javascript.Context.getContext(Context.java:2481)
	at org.mozilla.javascript.ScriptRuntime_ESTest.test080(ScriptRuntime_ESTest.java:1129)
	at sun.reflect.NativeMethodAccessorImpl.invoke0(Native Method)
	at sun.reflect.NativeMethodAccessorImpl.invoke(NativeMethodAccessorImpl.java:62)
	at sun.reflect.DelegatingMethodAccessorImpl.invoke(DelegatingMethodAccessorImpl.java:43)
	at java.lang.reflect.Method.invoke(Method.java:498)
	at org.junit.runners.model.FrameworkMethod$1.runReflectiveCall(FrameworkMethod.java:50)
	at org.junit.internal.runners.model.ReflectiveCallable.run(ReflectiveCallable.java:12)
	at org.junit.runners.model.FrameworkMethod.invokeExplosively(FrameworkMethod.java:47)
	at org.junit.internal.runners.statements.InvokeMethod.evaluate(InvokeMethod.java:17)
	at org.junit.internal.runners.statements.FailOnTimeout$CallableStatement.call(FailOnTimeout.java:298)
	at org.junit.internal.runners.statements.FailOnTimeout$CallableStatement.call(FailOnTimeout.java:292)
	at java.util.concurrent.FutureTask.run(FutureTask.java:266)
	at java.lang.Thread.run(Thread.java:748)
</failure>
  </testcase>
  <testcase name="test081" classname="org.mozilla.javascript.ScriptRuntime_ESTest" time="0.123">
    <failure message="java.lang.AssertionError: Exception was not thrown in org.mozilla.javascript.ScriptRuntime but in org.mozilla.javascript.Context.getContext(Context.java:2481): org.evosuite.runtime.mock.java.lang.MockThrowable: No Context associated with current Thread" type="java.lang.AssertionError">java.lang.AssertionError: Exception was not thrown in org.mozilla.javascript.ScriptRuntime but in org.mozilla.javascript.Context.getContext(Context.java:2481): org.evosuite.runtime.mock.java.lang.MockThrowable: No Context associated with current Thread
	at org.evosuite.runtime.EvoAssertions.assertThrownBy(EvoAssertions.java:112)
	at org.evosuite.runtime.EvoAssertions.verifyException(EvoAssertions.java:49)
	at org.mozilla.javascript.ScriptRuntime_ESTest.test081(ScriptRuntime_ESTest.java:1158)
	at sun.reflect.NativeMethodAccessorImpl.invoke0(Native Method)
	at sun.reflect.NativeMethodAccessorImpl.invoke(NativeMethodAccessorImpl.java:62)
	at sun.reflect.DelegatingMethodAccessorImpl.invoke(DelegatingMethodAccessorImpl.java:43)
	at java.lang.reflect.Method.invoke(Method.java:498)
	at org.junit.runners.model.FrameworkMethod$1.runReflectiveCall(FrameworkMethod.java:50)
	at org.junit.internal.runners.model.ReflectiveCallable.run(ReflectiveCallable.java:12)
	at org.junit.runners.model.FrameworkMethod.invokeExplosively(FrameworkMethod.java:47)
	at org.junit.internal.runners.statements.InvokeMethod.evaluate(InvokeMethod.java:17)
	at org.junit.internal.runners.statements.FailOnTimeout$CallableStatement.call(FailOnTimeout.java:298)
	at org.junit.internal.runners.statements.FailOnTimeout$CallableStatement.call(FailOnTimeout.java:292)
	at java.util.concurrent.FutureTask.run(FutureTask.java:266)
	at java.lang.Thread.run(Thread.java:748)
</failure>
  </testcase>
  <testcase name="test118" classname="org.mozilla.javascript.ScriptRuntime_ESTest" time="0.067">
    <failure message="java.lang.AssertionError: Exception was not thrown in org.mozilla.javascript.DefaultErrorReporter but in org.mozilla.javascript.Context.reportRuntimeError(Context.java:1001): org.evosuite.runtime.mock.java.lang.MockThrowable: XML runtime not available" type="java.lang.AssertionError">java.lang.AssertionError: Exception was not thrown in org.mozilla.javascript.DefaultErrorReporter but in org.mozilla.javascript.Context.reportRuntimeError(Context.java:1001): org.evosuite.runtime.mock.java.lang.MockThrowable: XML runtime not available
	at org.evosuite.runtime.EvoAssertions.assertThrownBy(EvoAssertions.java:112)
	at org.evosuite.runtime.EvoAssertions.verifyException(EvoAssertions.java:49)
	at org.mozilla.javascript.ScriptRuntime_ESTest.test118(ScriptRuntime_ESTest.java:1645)
	at sun.reflect.NativeMethodAccessorImpl.invoke0(Native Method)
	at sun.reflect.NativeMethodAccessorImpl.invoke(NativeMethodAccessorImpl.java:62)
	at sun.reflect.DelegatingMethodAccessorImpl.invoke(DelegatingMethodAccessorImpl.java:43)
	at java.lang.reflect.Method.invoke(Method.java:498)
	at org.junit.runners.model.FrameworkMethod$1.runReflectiveCall(FrameworkMethod.java:50)
	at org.junit.internal.runners.model.ReflectiveCallable.run(ReflectiveCallable.java:12)
	at org.junit.runners.model.FrameworkMethod.invokeExplosively(FrameworkMethod.java:47)
	at org.junit.internal.runners.statements.InvokeMethod.evaluate(InvokeMethod.java:17)
	at org.junit.internal.runners.statements.FailOnTimeout$CallableStatement.call(FailOnTimeout.java:298)
	at org.junit.internal.runners.statements.FailOnTimeout$CallableStatement.call(FailOnTimeout.java:292)
	at java.util.concurrent.FutureTask.run(FutureTask.java:266)
	at java.lang.Thread.run(Thread.java:748)
</failure>
  </testcase>
  <testcase name="test119" classname="org.mozilla.javascript.ScriptRuntime_ESTest" time="0.006"/>
  <testcase name="test116" classname="org.mozilla.javascript.ScriptRuntime_ESTest" time="0.04"/>
  <testcase name="test117" classname="org.mozilla.javascript.ScriptRuntime_ESTest" time="0.017"/>
  <testcase name="test114" classname="org.mozilla.javascript.ScriptRuntime_ESTest" time="0.074"/>
  <testcase name="test115" classname="org.mozilla.javascript.ScriptRuntime_ESTest" time="0.099">
    <failure message="java.lang.AssertionError: Exception was not thrown in org.mozilla.javascript.ScriptableObject but in org.mozilla.javascript.ScriptRuntime.typeErrorThrower(ScriptRuntime.java:52): java.lang.NullPointerException" type="java.lang.AssertionError">java.lang.AssertionError: Exception was not thrown in org.mozilla.javascript.ScriptableObject but in org.mozilla.javascript.ScriptRuntime.typeErrorThrower(ScriptRuntime.java:52): java.lang.NullPointerException
	at org.evosuite.runtime.EvoAssertions.assertThrownBy(EvoAssertions.java:112)
	at org.evosuite.runtime.EvoAssertions.verifyException(EvoAssertions.java:49)
	at org.mozilla.javascript.ScriptRuntime_ESTest.test115(ScriptRuntime_ESTest.java:1604)
	at sun.reflect.NativeMethodAccessorImpl.invoke0(Native Method)
	at sun.reflect.NativeMethodAccessorImpl.invoke(NativeMethodAccessorImpl.java:62)
	at sun.reflect.DelegatingMethodAccessorImpl.invoke(DelegatingMethodAccessorImpl.java:43)
	at java.lang.reflect.Method.invoke(Method.java:498)
	at org.junit.runners.model.FrameworkMethod$1.runReflectiveCall(FrameworkMethod.java:50)
	at org.junit.internal.runners.model.ReflectiveCallable.run(ReflectiveCallable.java:12)
	at org.junit.runners.model.FrameworkMethod.invokeExplosively(FrameworkMethod.java:47)
	at org.junit.internal.runners.statements.InvokeMethod.evaluate(InvokeMethod.java:17)
	at org.junit.internal.runners.statements.FailOnTimeout$CallableStatement.call(FailOnTimeout.java:298)
	at org.junit.internal.runners.statements.FailOnTimeout$CallableStatement.call(FailOnTimeout.java:292)
	at java.util.concurrent.FutureTask.run(FutureTask.java:266)
	at java.lang.Thread.run(Thread.java:748)
</failure>
  </testcase>
  <testcase name="test079" classname="org.mozilla.javascript.ScriptRuntime_ESTest" time="0.028"/>
  <testcase name="test112" classname="org.mozilla.javascript.ScriptRuntime_ESTest" time="0.005"/>
  <testcase name="test113" classname="org.mozilla.javascript.ScriptRuntime_ESTest" time="0.043"/>
  <testcase name="test077" classname="org.mozilla.javascript.ScriptRuntime_ESTest" time="0.053">
    <failure message="org.evosuite.runtime.mock.java.lang.MockRuntimeException: No Context associated with current Thread" type="org.evosuite.runtime.mock.java.lang.MockRuntimeException">org.evosuite.runtime.mock.java.lang.MockRuntimeException: No Context associated with current Thread
	at org.mozilla.javascript.Context.getContext(Context.java:2481)
	at org.mozilla.javascript.ScriptRuntime_ESTest.test077(ScriptRuntime_ESTest.java:1085)
	at sun.reflect.NativeMethodAccessorImpl.invoke0(Native Method)
	at sun.reflect.NativeMethodAccessorImpl.invoke(NativeMethodAccessorImpl.java:62)
	at sun.reflect.DelegatingMethodAccessorImpl.invoke(DelegatingMethodAccessorImpl.java:43)
	at java.lang.reflect.Method.invoke(Method.java:498)
	at org.junit.runners.model.FrameworkMethod$1.runReflectiveCall(FrameworkMethod.java:50)
	at org.junit.internal.runners.model.ReflectiveCallable.run(ReflectiveCallable.java:12)
	at org.junit.runners.model.FrameworkMethod.invokeExplosively(FrameworkMethod.java:47)
	at org.junit.internal.runners.statements.InvokeMethod.evaluate(InvokeMethod.java:17)
	at org.junit.internal.runners.statements.FailOnTimeout$CallableStatement.call(FailOnTimeout.java:298)
	at org.junit.internal.runners.statements.FailOnTimeout$CallableStatement.call(FailOnTimeout.java:292)
	at java.util.concurrent.FutureTask.run(FutureTask.java:266)
	at java.lang.Thread.run(Thread.java:748)
</failure>
  </testcase>
  <testcase name="test110" classname="org.mozilla.javascript.ScriptRuntime_ESTest" time="0.023"/>
  <testcase name="test078" classname="org.mozilla.javascript.ScriptRuntime_ESTest" time="0.004"/>
  <testcase name="test111" classname="org.mozilla.javascript.ScriptRuntime_ESTest" time="0.006"/>
  <testcase name="test075" classname="org.mozilla.javascript.ScriptRuntime_ESTest" time="0.005"/>
  <testcase name="test076" classname="org.mozilla.javascript.ScriptRuntime_ESTest" time="0.04">
    <failure message="org.evosuite.runtime.mock.java.lang.MockRuntimeException: No Context associated with current Thread" type="org.evosuite.runtime.mock.java.lang.MockRuntimeException">org.evosuite.runtime.mock.java.lang.MockRuntimeException: No Context associated with current Thread
	at org.mozilla.javascript.Context.getContext(Context.java:2481)
	at org.mozilla.javascript.ScriptRuntime_ESTest.test076(ScriptRuntime_ESTest.java:1069)
	at sun.reflect.NativeMethodAccessorImpl.invoke0(Native Method)
	at sun.reflect.NativeMethodAccessorImpl.invoke(NativeMethodAccessorImpl.java:62)
	at sun.reflect.DelegatingMethodAccessorImpl.invoke(DelegatingMethodAccessorImpl.java:43)
	at java.lang.reflect.Method.invoke(Method.java:498)
	at org.junit.runners.model.FrameworkMethod$1.runReflectiveCall(FrameworkMethod.java:50)
	at org.junit.internal.runners.model.ReflectiveCallable.run(ReflectiveCallable.java:12)
	at org.junit.runners.model.FrameworkMethod.invokeExplosively(FrameworkMethod.java:47)
	at org.junit.internal.runners.statements.InvokeMethod.evaluate(InvokeMethod.java:17)
	at org.junit.internal.runners.statements.FailOnTimeout$CallableStatement.call(FailOnTimeout.java:298)
	at org.junit.internal.runners.statements.FailOnTimeout$CallableStatement.call(FailOnTimeout.java:292)
	at java.util.concurrent.FutureTask.run(FutureTask.java:266)
	at java.lang.Thread.run(Thread.java:748)
</failure>
  </testcase>
  <testcase name="test073" classname="org.mozilla.javascript.ScriptRuntime_ESTest" time="0.031">
    <failure message="java.lang.AssertionError: Expecting exception: NullPointerException" type="java.lang.AssertionError">java.lang.AssertionError: Expecting exception: NullPointerException
	at org.junit.Assert.fail(Assert.java:88)
	at org.mozilla.javascript.ScriptRuntime_ESTest.test073(ScriptRuntime_ESTest.java:1020)
	at sun.reflect.NativeMethodAccessorImpl.invoke0(Native Method)
	at sun.reflect.NativeMethodAccessorImpl.invoke(NativeMethodAccessorImpl.java:62)
	at sun.reflect.DelegatingMethodAccessorImpl.invoke(DelegatingMethodAccessorImpl.java:43)
	at java.lang.reflect.Method.invoke(Method.java:498)
	at org.junit.runners.model.FrameworkMethod$1.runReflectiveCall(FrameworkMethod.java:50)
	at org.junit.internal.runners.model.ReflectiveCallable.run(ReflectiveCallable.java:12)
	at org.junit.runners.model.FrameworkMethod.invokeExplosively(FrameworkMethod.java:47)
	at org.junit.internal.runners.statements.InvokeMethod.evaluate(InvokeMethod.java:17)
	at org.junit.internal.runners.statements.FailOnTimeout$CallableStatement.call(FailOnTimeout.java:298)
	at org.junit.internal.runners.statements.FailOnTimeout$CallableStatement.call(FailOnTimeout.java:292)
	at java.util.concurrent.FutureTask.run(FutureTask.java:266)
	at java.lang.Thread.run(Thread.java:748)
</failure>
  </testcase>
  <testcase name="test074" classname="org.mozilla.javascript.ScriptRuntime_ESTest" time="0.047">
    <failure message="org.evosuite.runtime.mock.java.lang.MockRuntimeException: No Context associated with current Thread" type="org.evosuite.runtime.mock.java.lang.MockRuntimeException">org.evosuite.runtime.mock.java.lang.MockRuntimeException: No Context associated with current Thread
	at org.mozilla.javascript.Context.getContext(Context.java:2481)
	at org.mozilla.javascript.NativeJavaPackage.getPkgProperty(NativeJavaPackage.java:123)
	at org.mozilla.javascript.NativeJavaPackage.get(NativeJavaPackage.java:84)
	at org.mozilla.javascript.ScriptableObject.getProperty(ScriptableObject.java:2313)
	at org.mozilla.javascript.ScriptableObject.getClassPrototype(ScriptableObject.java:2201)
	at org.mozilla.javascript.TopLevel.getBuiltinPrototype(TopLevel.java:196)
	at org.mozilla.javascript.ScriptRuntime.setBuiltinProtoAndParent(ScriptRuntime.java:3914)
	at org.mozilla.javascript.Context.newObject(Context.java:1638)
	at org.mozilla.javascript.ScriptRuntime.newObjectLiteral(ScriptRuntime.java:4017)
	at org.mozilla.javascript.ScriptRuntime.newObjectLiteral(ScriptRuntime.java:4009)
	at org.mozilla.javascript.ScriptRuntime_ESTest.test074(ScriptRuntime_ESTest.java:1037)
	at sun.reflect.NativeMethodAccessorImpl.invoke0(Native Method)
	at sun.reflect.NativeMethodAccessorImpl.invoke(NativeMethodAccessorImpl.java:62)
	at sun.reflect.DelegatingMethodAccessorImpl.invoke(DelegatingMethodAccessorImpl.java:43)
	at java.lang.reflect.Method.invoke(Method.java:498)
	at org.junit.runners.model.FrameworkMethod$1.runReflectiveCall(FrameworkMethod.java:50)
	at org.junit.internal.runners.model.ReflectiveCallable.run(ReflectiveCallable.java:12)
	at org.junit.runners.model.FrameworkMethod.invokeExplosively(FrameworkMethod.java:47)
	at org.junit.internal.runners.statements.InvokeMethod.evaluate(InvokeMethod.java:17)
	at org.junit.internal.runners.statements.FailOnTimeout$CallableStatement.call(FailOnTimeout.java:298)
	at org.junit.internal.runners.statements.FailOnTimeout$CallableStatement.call(FailOnTimeout.java:292)
	at java.util.concurrent.FutureTask.run(FutureTask.java:266)
	at java.lang.Thread.run(Thread.java:748)
</failure>
  </testcase>
  <testcase name="test071" classname="org.mozilla.javascript.ScriptRuntime_ESTest" time="0.024"/>
  <testcase name="test072" classname="org.mozilla.javascript.ScriptRuntime_ESTest" time="0.015"/>
  <testcase name="test070" classname="org.mozilla.javascript.ScriptRuntime_ESTest" time="0.044">
    <failure message="java.lang.AssertionError: Exception was not thrown in org.mozilla.javascript.DefaultErrorReporter but in org.mozilla.javascript.Context.reportRuntimeError(Context.java:1001): org.evosuite.runtime.mock.java.lang.MockThrowable: illegal radix 1." type="java.lang.AssertionError">java.lang.AssertionError: Exception was not thrown in org.mozilla.javascript.DefaultErrorReporter but in org.mozilla.javascript.Context.reportRuntimeError(Context.java:1001): org.evosuite.runtime.mock.java.lang.MockThrowable: illegal radix 1.
	at org.evosuite.runtime.EvoAssertions.assertThrownBy(EvoAssertions.java:112)
	at org.evosuite.runtime.EvoAssertions.verifyException(EvoAssertions.java:49)
	at org.mozilla.javascript.ScriptRuntime_ESTest.test070(ScriptRuntime_ESTest.java:970)
	at sun.reflect.NativeMethodAccessorImpl.invoke0(Native Method)
	at sun.reflect.NativeMethodAccessorImpl.invoke(NativeMethodAccessorImpl.java:62)
	at sun.reflect.DelegatingMethodAccessorImpl.invoke(DelegatingMethodAccessorImpl.java:43)
	at java.lang.reflect.Method.invoke(Method.java:498)
	at org.junit.runners.model.FrameworkMethod$1.runReflectiveCall(FrameworkMethod.java:50)
	at org.junit.internal.runners.model.ReflectiveCallable.run(ReflectiveCallable.java:12)
	at org.junit.runners.model.FrameworkMethod.invokeExplosively(FrameworkMethod.java:47)
	at org.junit.internal.runners.statements.InvokeMethod.evaluate(InvokeMethod.java:17)
	at org.junit.internal.runners.statements.FailOnTimeout$CallableStatement.call(FailOnTimeout.java:298)
	at org.junit.internal.runners.statements.FailOnTimeout$CallableStatement.call(FailOnTimeout.java:292)
	at java.util.concurrent.FutureTask.run(FutureTask.java:266)
	at java.lang.Thread.run(Thread.java:748)
</failure>
  </testcase>
  <testcase name="test109" classname="org.mozilla.javascript.ScriptRuntime_ESTest" time="0.027"/>
  <testcase name="test107" classname="org.mozilla.javascript.ScriptRuntime_ESTest" time="0.029"/>
  <testcase name="test108" classname="org.mozilla.javascript.ScriptRuntime_ESTest" time="0.012"/>
  <testcase name="test105" classname="org.mozilla.javascript.ScriptRuntime_ESTest" time="0.01"/>
  <testcase name="test106" classname="org.mozilla.javascript.ScriptRuntime_ESTest" time="0.023"/>
  <testcase name="test103" classname="org.mozilla.javascript.ScriptRuntime_ESTest" time="0.021"/>
  <testcase name="test104" classname="org.mozilla.javascript.ScriptRuntime_ESTest" time="0.036">
    <failure message="org.evosuite.runtime.mock.java.lang.MockRuntimeException: No Context associated with current Thread" type="org.evosuite.runtime.mock.java.lang.MockRuntimeException">org.evosuite.runtime.mock.java.lang.MockRuntimeException: No Context associated with current Thread
	at org.mozilla.javascript.Context.getContext(Context.java:2481)
	at org.mozilla.javascript.ScriptRuntime_ESTest.test104(ScriptRuntime_ESTest.java:1407)
	at sun.reflect.NativeMethodAccessorImpl.invoke0(Native Method)
	at sun.reflect.NativeMethodAccessorImpl.invoke(NativeMethodAccessorImpl.java:62)
	at sun.reflect.DelegatingMethodAccessorImpl.invoke(DelegatingMethodAccessorImpl.java:43)
	at java.lang.reflect.Method.invoke(Method.java:498)
	at org.junit.runners.model.FrameworkMethod$1.runReflectiveCall(FrameworkMethod.java:50)
	at org.junit.internal.runners.model.ReflectiveCallable.run(ReflectiveCallable.java:12)
	at org.junit.runners.model.FrameworkMethod.invokeExplosively(FrameworkMethod.java:47)
	at org.junit.internal.runners.statements.InvokeMethod.evaluate(InvokeMethod.java:17)
	at org.junit.internal.runners.statements.FailOnTimeout$CallableStatement.call(FailOnTimeout.java:298)
	at org.junit.internal.runners.statements.FailOnTimeout$CallableStatement.call(FailOnTimeout.java:292)
	at java.util.concurrent.FutureTask.run(FutureTask.java:266)
	at java.lang.Thread.run(Thread.java:748)
</failure>
  </testcase>
  <testcase name="test068" classname="org.mozilla.javascript.ScriptRuntime_ESTest" time="0.049"/>
  <testcase name="test101" classname="org.mozilla.javascript.ScriptRuntime_ESTest" time="0.019">
    <failure message="org.evosuite.runtime.mock.java.lang.MockRuntimeException: No Context associated with current Thread" type="org.evosuite.runtime.mock.java.lang.MockRuntimeException">org.evosuite.runtime.mock.java.lang.MockRuntimeException: No Context associated with current Thread
	at org.mozilla.javascript.Context.getContext(Context.java:2481)
	at org.mozilla.javascript.ScriptRuntime_ESTest.test101(ScriptRuntime_ESTest.java:1353)
	at sun.reflect.NativeMethodAccessorImpl.invoke0(Native Method)
	at sun.reflect.NativeMethodAccessorImpl.invoke(NativeMethodAccessorImpl.java:62)
	at sun.reflect.DelegatingMethodAccessorImpl.invoke(DelegatingMethodAccessorImpl.java:43)
	at java.lang.reflect.Method.invoke(Method.java:498)
	at org.junit.runners.model.FrameworkMethod$1.runReflectiveCall(FrameworkMethod.java:50)
	at org.junit.internal.runners.model.ReflectiveCallable.run(ReflectiveCallable.java:12)
	at org.junit.runners.model.FrameworkMethod.invokeExplosively(FrameworkMethod.java:47)
	at org.junit.internal.runners.statements.InvokeMethod.evaluate(InvokeMethod.java:17)
	at org.junit.internal.runners.statements.FailOnTimeout$CallableStatement.call(FailOnTimeout.java:298)
	at org.junit.internal.runners.statements.FailOnTimeout$CallableStatement.call(FailOnTimeout.java:292)
	at java.util.concurrent.FutureTask.run(FutureTask.java:266)
	at java.lang.Thread.run(Thread.java:748)
</failure>
  </testcase>
  <testcase name="test069" classname="org.mozilla.javascript.ScriptRuntime_ESTest" time="0.035"/>
  <testcase name="test102" classname="org.mozilla.javascript.ScriptRuntime_ESTest" time="0.017"/>
  <testcase name="test066" classname="org.mozilla.javascript.ScriptRuntime_ESTest" time="0.031">
    <failure message="org.evosuite.runtime.mock.java.lang.MockRuntimeException: No Context associated with current Thread" type="org.evosuite.runtime.mock.java.lang.MockRuntimeException">org.evosuite.runtime.mock.java.lang.MockRuntimeException: No Context associated with current Thread
	at org.mozilla.javascript.Context.getContext(Context.java:2481)
	at org.mozilla.javascript.IdScriptableObject.newIdFunction(IdScriptableObject.java:888)
	at org.mozilla.javascript.IdScriptableObject.initPrototypeMethod(IdScriptableObject.java:791)
	at org.mozilla.javascript.IdScriptableObject.initPrototypeMethod(IdScriptableObject.java:784)
	at org.mozilla.javascript.BaseFunction.initPrototypeId(BaseFunction.java:234)
	at org.mozilla.javascript.IdScriptableObject$PrototypeValues.createPrecachedConstructor(IdScriptableObject.java:149)
	at org.mozilla.javascript.IdScriptableObject.exportAsJSClass(IdScriptableObject.java:754)
	at org.mozilla.javascript.BaseFunction.init(BaseFunction.java:26)
	at org.mozilla.javascript.ScriptRuntime.initSafeStandardObjects(ScriptRuntime.java:164)
	at org.mozilla.javascript.ScriptRuntime.initStandardObjects(ScriptRuntime.java:275)
	at org.mozilla.javascript.Context.initStandardObjects(Context.java:1186)
	at org.mozilla.javascript.Context.initStandardObjects(Context.java:1072)
	at org.mozilla.javascript.ScriptRuntime_ESTest.test066(ScriptRuntime_ESTest.java:922)
	at sun.reflect.NativeMethodAccessorImpl.invoke0(Native Method)
	at sun.reflect.NativeMethodAccessorImpl.invoke(NativeMethodAccessorImpl.java:62)
	at sun.reflect.DelegatingMethodAccessorImpl.invoke(DelegatingMethodAccessorImpl.java:43)
	at java.lang.reflect.Method.invoke(Method.java:498)
	at org.junit.runners.model.FrameworkMethod$1.runReflectiveCall(FrameworkMethod.java:50)
	at org.junit.internal.runners.model.ReflectiveCallable.run(ReflectiveCallable.java:12)
	at org.junit.runners.model.FrameworkMethod.invokeExplosively(FrameworkMethod.java:47)
	at org.junit.internal.runners.statements.InvokeMethod.evaluate(InvokeMethod.java:17)
	at org.junit.internal.runners.statements.FailOnTimeout$CallableStatement.call(FailOnTimeout.java:298)
	at org.junit.internal.runners.statements.FailOnTimeout$CallableStatement.call(FailOnTimeout.java:292)
	at java.util.concurrent.FutureTask.run(FutureTask.java:266)
	at java.lang.Thread.run(Thread.java:748)
</failure>
  </testcase>
  <testcase name="test067" classname="org.mozilla.javascript.ScriptRuntime_ESTest" time="0.036"/>
  <testcase name="test100" classname="org.mozilla.javascript.ScriptRuntime_ESTest" time="0.049">
    <failure message="org.evosuite.runtime.mock.java.lang.MockRuntimeException: No Context associated with current Thread" type="org.evosuite.runtime.mock.java.lang.MockRuntimeException">org.evosuite.runtime.mock.java.lang.MockRuntimeException: No Context associated with current Thread
	at org.mozilla.javascript.Context.getContext(Context.java:2481)
	at org.mozilla.javascript.ScriptRuntime_ESTest.test100(ScriptRuntime_ESTest.java:1345)
	at sun.reflect.NativeMethodAccessorImpl.invoke0(Native Method)
	at sun.reflect.NativeMethodAccessorImpl.invoke(NativeMethodAccessorImpl.java:62)
	at sun.reflect.DelegatingMethodAccessorImpl.invoke(DelegatingMethodAccessorImpl.java:43)
	at java.lang.reflect.Method.invoke(Method.java:498)
	at org.junit.runners.model.FrameworkMethod$1.runReflectiveCall(FrameworkMethod.java:50)
	at org.junit.internal.runners.model.ReflectiveCallable.run(ReflectiveCallable.java:12)
	at org.junit.runners.model.FrameworkMethod.invokeExplosively(FrameworkMethod.java:47)
	at org.junit.internal.runners.statements.InvokeMethod.evaluate(InvokeMethod.java:17)
	at org.junit.internal.runners.statements.FailOnTimeout$CallableStatement.call(FailOnTimeout.java:298)
	at org.junit.internal.runners.statements.FailOnTimeout$CallableStatement.call(FailOnTimeout.java:292)
	at java.util.concurrent.FutureTask.run(FutureTask.java:266)
	at java.lang.Thread.run(Thread.java:748)
</failure>
  </testcase>
  <testcase name="test064" classname="org.mozilla.javascript.ScriptRuntime_ESTest" time="0.006"/>
  <testcase name="test065" classname="org.mozilla.javascript.ScriptRuntime_ESTest" time="0.012"/>
  <testcase name="test062" classname="org.mozilla.javascript.ScriptRuntime_ESTest" time="0.011"/>
  <testcase name="test063" classname="org.mozilla.javascript.ScriptRuntime_ESTest" time="0.056"/>
  <testcase name="test060" classname="org.mozilla.javascript.ScriptRuntime_ESTest" time="0.021"/>
  <testcase name="test061" classname="org.mozilla.javascript.ScriptRuntime_ESTest" time="0.009"/>
  <testcase name="test059" classname="org.mozilla.javascript.ScriptRuntime_ESTest" time="0.014"/>
  <testcase name="test057" classname="org.mozilla.javascript.ScriptRuntime_ESTest" time="0.069"/>
  <testcase name="test058" classname="org.mozilla.javascript.ScriptRuntime_ESTest" time="0.06">
    <failure message="org.evosuite.runtime.mock.java.lang.MockRuntimeException: No Context associated with current Thread" type="org.evosuite.runtime.mock.java.lang.MockRuntimeException">org.evosuite.runtime.mock.java.lang.MockRuntimeException: No Context associated with current Thread
	at org.mozilla.javascript.Context.getContext(Context.java:2481)
	at org.mozilla.javascript.ScriptRuntime_ESTest.test058(ScriptRuntime_ESTest.java:807)
	at sun.reflect.NativeMethodAccessorImpl.invoke0(Native Method)
	at sun.reflect.NativeMethodAccessorImpl.invoke(NativeMethodAccessorImpl.java:62)
	at sun.reflect.DelegatingMethodAccessorImpl.invoke(DelegatingMethodAccessorImpl.java:43)
	at java.lang.reflect.Method.invoke(Method.java:498)
	at org.junit.runners.model.FrameworkMethod$1.runReflectiveCall(FrameworkMethod.java:50)
	at org.junit.internal.runners.model.ReflectiveCallable.run(ReflectiveCallable.java:12)
	at org.junit.runners.model.FrameworkMethod.invokeExplosively(FrameworkMethod.java:47)
	at org.junit.internal.runners.statements.InvokeMethod.evaluate(InvokeMethod.java:17)
	at org.junit.internal.runners.statements.FailOnTimeout$CallableStatement.call(FailOnTimeout.java:298)
	at org.junit.internal.runners.statements.FailOnTimeout$CallableStatement.call(FailOnTimeout.java:292)
	at java.util.concurrent.FutureTask.run(FutureTask.java:266)
	at java.lang.Thread.run(Thread.java:748)
</failure>
  </testcase>
  <testcase name="test055" classname="org.mozilla.javascript.ScriptRuntime_ESTest" time="0.012"/>
  <testcase name="test056" classname="org.mozilla.javascript.ScriptRuntime_ESTest" time="0.025"/>
  <testcase name="test053" classname="org.mozilla.javascript.ScriptRuntime_ESTest" time="0.028">
    <failure message="java.lang.NullPointerException" type="java.lang.NullPointerException">java.lang.NullPointerException
	at org.mozilla.javascript.ScriptRuntime.getTopCallScope(ScriptRuntime.java:3476)
	at org.mozilla.javascript.ScriptRuntime.setObjectIndex(ScriptRuntime.java:1748)
	at org.mozilla.javascript.ScriptRuntime_ESTest.test053(ScriptRuntime_ESTest.java:738)
	at sun.reflect.NativeMethodAccessorImpl.invoke0(Native Method)
	at sun.reflect.NativeMethodAccessorImpl.invoke(NativeMethodAccessorImpl.java:62)
	at sun.reflect.DelegatingMethodAccessorImpl.invoke(DelegatingMethodAccessorImpl.java:43)
	at java.lang.reflect.Method.invoke(Method.java:498)
	at org.junit.runners.model.FrameworkMethod$1.runReflectiveCall(FrameworkMethod.java:50)
	at org.junit.internal.runners.model.ReflectiveCallable.run(ReflectiveCallable.java:12)
	at org.junit.runners.model.FrameworkMethod.invokeExplosively(FrameworkMethod.java:47)
	at org.junit.internal.runners.statements.InvokeMethod.evaluate(InvokeMethod.java:17)
	at org.junit.internal.runners.statements.FailOnTimeout$CallableStatement.call(FailOnTimeout.java:298)
	at org.junit.internal.runners.statements.FailOnTimeout$CallableStatement.call(FailOnTimeout.java:292)
	at java.util.concurrent.FutureTask.run(FutureTask.java:266)
	at java.lang.Thread.run(Thread.java:748)
</failure>
  </testcase>
  <testcase name="test054" classname="org.mozilla.javascript.ScriptRuntime_ESTest" time="0.036">
    <failure message="org.evosuite.runtime.mock.java.lang.MockRuntimeException: No Context associated with current Thread" type="org.evosuite.runtime.mock.java.lang.MockRuntimeException">org.evosuite.runtime.mock.java.lang.MockRuntimeException: No Context associated with current Thread
	at org.mozilla.javascript.Context.getContext(Context.java:2481)
	at org.mozilla.javascript.IdScriptableObject.newIdFunction(IdScriptableObject.java:888)
	at org.mozilla.javascript.IdScriptableObject.initPrototypeMethod(IdScriptableObject.java:791)
	at org.mozilla.javascript.IdScriptableObject.initPrototypeMethod(IdScriptableObject.java:784)
	at org.mozilla.javascript.BaseFunction.initPrototypeId(BaseFunction.java:234)
	at org.mozilla.javascript.IdScriptableObject$PrototypeValues.createPrecachedConstructor(IdScriptableObject.java:149)
	at org.mozilla.javascript.IdScriptableObject.exportAsJSClass(IdScriptableObject.java:754)
	at org.mozilla.javascript.BaseFunction.init(BaseFunction.java:26)
	at org.mozilla.javascript.ScriptRuntime.initSafeStandardObjects(ScriptRuntime.java:164)
	at org.mozilla.javascript.ScriptRuntime.initStandardObjects(ScriptRuntime.java:275)
	at org.mozilla.javascript.Context.initStandardObjects(Context.java:1186)
	at org.mozilla.javascript.ImporterTopLevel.initStandardObjects(ImporterTopLevel.java:73)
	at org.mozilla.javascript.ImporterTopLevel.&lt;init&gt;(ImporterTopLevel.java:54)
	at org.mozilla.javascript.ImporterTopLevel.&lt;init&gt;(ImporterTopLevel.java:49)
	at org.mozilla.javascript.ScriptRuntime.getGlobal(ScriptRuntime.java:3466)
	at org.mozilla.javascript.ScriptRuntime_ESTest.test054(ScriptRuntime_ESTest.java:753)
	at sun.reflect.NativeMethodAccessorImpl.invoke0(Native Method)
	at sun.reflect.NativeMethodAccessorImpl.invoke(NativeMethodAccessorImpl.java:62)
	at sun.reflect.DelegatingMethodAccessorImpl.invoke(DelegatingMethodAccessorImpl.java:43)
	at java.lang.reflect.Method.invoke(Method.java:498)
	at org.junit.runners.model.FrameworkMethod$1.runReflectiveCall(FrameworkMethod.java:50)
	at org.junit.internal.runners.model.ReflectiveCallable.run(ReflectiveCallable.java:12)
	at org.junit.runners.model.FrameworkMethod.invokeExplosively(FrameworkMethod.java:47)
	at org.junit.internal.runners.statements.InvokeMethod.evaluate(InvokeMethod.java:17)
	at org.junit.internal.runners.statements.FailOnTimeout$CallableStatement.call(FailOnTimeout.java:298)
	at org.junit.internal.runners.statements.FailOnTimeout$CallableStatement.call(FailOnTimeout.java:292)
	at java.util.concurrent.FutureTask.run(FutureTask.java:266)
	at java.lang.Thread.run(Thread.java:748)
</failure>
  </testcase>
  <testcase name="test051" classname="org.mozilla.javascript.ScriptRuntime_ESTest" time="0.018"/>
  <testcase name="test052" classname="org.mozilla.javascript.ScriptRuntime_ESTest" time="0.047">
    <failure message="org.evosuite.runtime.mock.java.lang.MockRuntimeException: No Context associated with current Thread" type="org.evosuite.runtime.mock.java.lang.MockRuntimeException">org.evosuite.runtime.mock.java.lang.MockRuntimeException: No Context associated with current Thread
	at org.mozilla.javascript.Context.getContext(Context.java:2481)
	at org.mozilla.javascript.ScriptRuntime_ESTest.test052(ScriptRuntime_ESTest.java:715)
	at sun.reflect.NativeMethodAccessorImpl.invoke0(Native Method)
	at sun.reflect.NativeMethodAccessorImpl.invoke(NativeMethodAccessorImpl.java:62)
	at sun.reflect.DelegatingMethodAccessorImpl.invoke(DelegatingMethodAccessorImpl.java:43)
	at java.lang.reflect.Method.invoke(Method.java:498)
	at org.junit.runners.model.FrameworkMethod$1.runReflectiveCall(FrameworkMethod.java:50)
	at org.junit.internal.runners.model.ReflectiveCallable.run(ReflectiveCallable.java:12)
	at org.junit.runners.model.FrameworkMethod.invokeExplosively(FrameworkMethod.java:47)
	at org.junit.internal.runners.statements.InvokeMethod.evaluate(InvokeMethod.java:17)
	at org.junit.internal.runners.statements.FailOnTimeout$CallableStatement.call(FailOnTimeout.java:298)
	at org.junit.internal.runners.statements.FailOnTimeout$CallableStatement.call(FailOnTimeout.java:292)
	at java.util.concurrent.FutureTask.run(FutureTask.java:266)
	at java.lang.Thread.run(Thread.java:748)
</failure>
  </testcase>
  <testcase name="test050" classname="org.mozilla.javascript.ScriptRuntime_ESTest" time="0.006"/>
  <testcase name="test048" classname="org.mozilla.javascript.ScriptRuntime_ESTest" time="0.018"/>
  <testcase name="test049" classname="org.mozilla.javascript.ScriptRuntime_ESTest" time="0.062">
    <failure message="org.evosuite.runtime.mock.java.lang.MockRuntimeException: No Context associated with current Thread" type="org.evosuite.runtime.mock.java.lang.MockRuntimeException">org.evosuite.runtime.mock.java.lang.MockRuntimeException: No Context associated with current Thread
	at org.mozilla.javascript.Context.getContext(Context.java:2481)
	at org.mozilla.javascript.ScriptRuntime_ESTest.test049(ScriptRuntime_ESTest.java:680)
	at sun.reflect.NativeMethodAccessorImpl.invoke0(Native Method)
	at sun.reflect.NativeMethodAccessorImpl.invoke(NativeMethodAccessorImpl.java:62)
	at sun.reflect.DelegatingMethodAccessorImpl.invoke(DelegatingMethodAccessorImpl.java:43)
	at java.lang.reflect.Method.invoke(Method.java:498)
	at org.junit.runners.model.FrameworkMethod$1.runReflectiveCall(FrameworkMethod.java:50)
	at org.junit.internal.runners.model.ReflectiveCallable.run(ReflectiveCallable.java:12)
	at org.junit.runners.model.FrameworkMethod.invokeExplosively(FrameworkMethod.java:47)
	at org.junit.internal.runners.statements.InvokeMethod.evaluate(InvokeMethod.java:17)
	at org.junit.internal.runners.statements.FailOnTimeout$CallableStatement.call(FailOnTimeout.java:298)
	at org.junit.internal.runners.statements.FailOnTimeout$CallableStatement.call(FailOnTimeout.java:292)
	at java.util.concurrent.FutureTask.run(FutureTask.java:266)
	at java.lang.Thread.run(Thread.java:748)
</failure>
  </testcase>
  <testcase name="test046" classname="org.mozilla.javascript.ScriptRuntime_ESTest" time="0.012"/>
  <testcase name="test047" classname="org.mozilla.javascript.ScriptRuntime_ESTest" time="0.021"/>
  <testcase name="test044" classname="org.mozilla.javascript.ScriptRuntime_ESTest" time="0.006"/>
  <testcase name="test045" classname="org.mozilla.javascript.ScriptRuntime_ESTest" time="0.027">
    <failure message="java.lang.NullPointerException" type="java.lang.NullPointerException">java.lang.NullPointerException
	at org.mozilla.javascript.ScriptRuntime.getTopCallScope(ScriptRuntime.java:3476)
	at org.mozilla.javascript.ScriptRuntime.specialRef(ScriptRuntime.java:1857)
	at org.mozilla.javascript.ScriptRuntime_ESTest.test045(ScriptRuntime_ESTest.java:637)
	at sun.reflect.NativeMethodAccessorImpl.invoke0(Native Method)
	at sun.reflect.NativeMethodAccessorImpl.invoke(NativeMethodAccessorImpl.java:62)
	at sun.reflect.DelegatingMethodAccessorImpl.invoke(DelegatingMethodAccessorImpl.java:43)
	at java.lang.reflect.Method.invoke(Method.java:498)
	at org.junit.runners.model.FrameworkMethod$1.runReflectiveCall(FrameworkMethod.java:50)
	at org.junit.internal.runners.model.ReflectiveCallable.run(ReflectiveCallable.java:12)
	at org.junit.runners.model.FrameworkMethod.invokeExplosively(FrameworkMethod.java:47)
	at org.junit.internal.runners.statements.InvokeMethod.evaluate(InvokeMethod.java:17)
	at org.junit.internal.runners.statements.FailOnTimeout$CallableStatement.call(FailOnTimeout.java:298)
	at org.junit.internal.runners.statements.FailOnTimeout$CallableStatement.call(FailOnTimeout.java:292)
	at java.util.concurrent.FutureTask.run(FutureTask.java:266)
	at java.lang.Thread.run(Thread.java:748)
</failure>
  </testcase>
  <testcase name="test042" classname="org.mozilla.javascript.ScriptRuntime_ESTest" time="0.037"/>
  <testcase name="test043" classname="org.mozilla.javascript.ScriptRuntime_ESTest" time="0.026">
    <failure message="org.evosuite.runtime.mock.java.lang.MockRuntimeException: No Context associated with current Thread" type="org.evosuite.runtime.mock.java.lang.MockRuntimeException">org.evosuite.runtime.mock.java.lang.MockRuntimeException: No Context associated with current Thread
	at org.mozilla.javascript.Context.getContext(Context.java:2481)
	at org.mozilla.javascript.ScriptRuntime_ESTest.test043(ScriptRuntime_ESTest.java:608)
	at sun.reflect.NativeMethodAccessorImpl.invoke0(Native Method)
	at sun.reflect.NativeMethodAccessorImpl.invoke(NativeMethodAccessorImpl.java:62)
	at sun.reflect.DelegatingMethodAccessorImpl.invoke(DelegatingMethodAccessorImpl.java:43)
	at java.lang.reflect.Method.invoke(Method.java:498)
	at org.junit.runners.model.FrameworkMethod$1.runReflectiveCall(FrameworkMethod.java:50)
	at org.junit.internal.runners.model.ReflectiveCallable.run(ReflectiveCallable.java:12)
	at org.junit.runners.model.FrameworkMethod.invokeExplosively(FrameworkMethod.java:47)
	at org.junit.internal.runners.statements.InvokeMethod.evaluate(InvokeMethod.java:17)
	at org.junit.internal.runners.statements.FailOnTimeout$CallableStatement.call(FailOnTimeout.java:298)
	at org.junit.internal.runners.statements.FailOnTimeout$CallableStatement.call(FailOnTimeout.java:292)
	at java.util.concurrent.FutureTask.run(FutureTask.java:266)
	at java.lang.Thread.run(Thread.java:748)
</failure>
  </testcase>
  <testcase name="test040" classname="org.mozilla.javascript.ScriptRuntime_ESTest" time="0.044">
    <failure message="java.lang.NullPointerException" type="java.lang.NullPointerException">java.lang.NullPointerException
	at org.mozilla.javascript.ScriptRuntime_ESTest.test040(ScriptRuntime_ESTest.java:567)
	at sun.reflect.NativeMethodAccessorImpl.invoke0(Native Method)
	at sun.reflect.NativeMethodAccessorImpl.invoke(NativeMethodAccessorImpl.java:62)
	at sun.reflect.DelegatingMethodAccessorImpl.invoke(DelegatingMethodAccessorImpl.java:43)
	at java.lang.reflect.Method.invoke(Method.java:498)
	at org.junit.runners.model.FrameworkMethod$1.runReflectiveCall(FrameworkMethod.java:50)
	at org.junit.internal.runners.model.ReflectiveCallable.run(ReflectiveCallable.java:12)
	at org.junit.runners.model.FrameworkMethod.invokeExplosively(FrameworkMethod.java:47)
	at org.junit.internal.runners.statements.InvokeMethod.evaluate(InvokeMethod.java:17)
	at org.junit.internal.runners.statements.FailOnTimeout$CallableStatement.call(FailOnTimeout.java:298)
	at org.junit.internal.runners.statements.FailOnTimeout$CallableStatement.call(FailOnTimeout.java:292)
	at java.util.concurrent.FutureTask.run(FutureTask.java:266)
	at java.lang.Thread.run(Thread.java:748)
</failure>
  </testcase>
  <testcase name="test161" classname="org.mozilla.javascript.ScriptRuntime_ESTest" time="0.021"/>
  <testcase name="test041" classname="org.mozilla.javascript.ScriptRuntime_ESTest" time="0.011"/>
  <testcase name="test160" classname="org.mozilla.javascript.ScriptRuntime_ESTest" time="0.046"/>
  <testcase name="test039" classname="org.mozilla.javascript.ScriptRuntime_ESTest" time="0.042"/>
  <testcase name="test037" classname="org.mozilla.javascript.ScriptRuntime_ESTest" time="0.01"/>
  <testcase name="test158" classname="org.mozilla.javascript.ScriptRuntime_ESTest" time="0.009"/>
  <testcase name="test038" classname="org.mozilla.javascript.ScriptRuntime_ESTest" time="0.029"/>
  <testcase name="test159" classname="org.mozilla.javascript.ScriptRuntime_ESTest" time="0.02"/>
  <testcase name="test035" classname="org.mozilla.javascript.ScriptRuntime_ESTest" time="0.032">
    <failure message="java.lang.AssertionError: Exception was not thrown in org.mozilla.javascript.DefaultErrorReporter but in org.mozilla.javascript.Context.reportRuntimeError(Context.java:1001): org.evosuite.runtime.mock.java.lang.MockThrowable: Constructor for &quot;&quot; not found." type="java.lang.AssertionError">java.lang.AssertionError: Exception was not thrown in org.mozilla.javascript.DefaultErrorReporter but in org.mozilla.javascript.Context.reportRuntimeError(Context.java:1001): org.evosuite.runtime.mock.java.lang.MockThrowable: Constructor for &quot;&quot; not found.
	at org.evosuite.runtime.EvoAssertions.assertThrownBy(EvoAssertions.java:112)
	at org.evosuite.runtime.EvoAssertions.verifyException(EvoAssertions.java:49)
	at org.mozilla.javascript.ScriptRuntime_ESTest.test035(ScriptRuntime_ESTest.java:513)
	at sun.reflect.NativeMethodAccessorImpl.invoke0(Native Method)
	at sun.reflect.NativeMethodAccessorImpl.invoke(NativeMethodAccessorImpl.java:62)
	at sun.reflect.DelegatingMethodAccessorImpl.invoke(DelegatingMethodAccessorImpl.java:43)
	at java.lang.reflect.Method.invoke(Method.java:498)
	at org.junit.runners.model.FrameworkMethod$1.runReflectiveCall(FrameworkMethod.java:50)
	at org.junit.internal.runners.model.ReflectiveCallable.run(ReflectiveCallable.java:12)
	at org.junit.runners.model.FrameworkMethod.invokeExplosively(FrameworkMethod.java:47)
	at org.junit.internal.runners.statements.InvokeMethod.evaluate(InvokeMethod.java:17)
	at org.junit.internal.runners.statements.FailOnTimeout$CallableStatement.call(FailOnTimeout.java:298)
	at org.junit.internal.runners.statements.FailOnTimeout$CallableStatement.call(FailOnTimeout.java:292)
	at java.util.concurrent.FutureTask.run(FutureTask.java:266)
	at java.lang.Thread.run(Thread.java:748)
</failure>
  </testcase>
  <testcase name="test156" classname="org.mozilla.javascript.ScriptRuntime_ESTest" time="0.013"/>
  <testcase name="test036" classname="org.mozilla.javascript.ScriptRuntime_ESTest" time="0.004"/>
  <testcase name="test157" classname="org.mozilla.javascript.ScriptRuntime_ESTest" time="0.03"/>
  <testcase name="test033" classname="org.mozilla.javascript.ScriptRuntime_ESTest" time="0.005"/>
  <testcase name="test154" classname="org.mozilla.javascript.ScriptRuntime_ESTest" time="0.021"/>
  <testcase name="test034" classname="org.mozilla.javascript.ScriptRuntime_ESTest" time="0.037">
    <failure message="org.evosuite.runtime.mock.java.lang.MockRuntimeException: No Context associated with current Thread" type="org.evosuite.runtime.mock.java.lang.MockRuntimeException">org.evosuite.runtime.mock.java.lang.MockRuntimeException: No Context associated with current Thread
	at org.mozilla.javascript.Context.getContext(Context.java:2481)
	at org.mozilla.javascript.ScriptRuntime_ESTest.test034(ScriptRuntime_ESTest.java:485)
	at sun.reflect.NativeMethodAccessorImpl.invoke0(Native Method)
	at sun.reflect.NativeMethodAccessorImpl.invoke(NativeMethodAccessorImpl.java:62)
	at sun.reflect.DelegatingMethodAccessorImpl.invoke(DelegatingMethodAccessorImpl.java:43)
	at java.lang.reflect.Method.invoke(Method.java:498)
	at org.junit.runners.model.FrameworkMethod$1.runReflectiveCall(FrameworkMethod.java:50)
	at org.junit.internal.runners.model.ReflectiveCallable.run(ReflectiveCallable.java:12)
	at org.junit.runners.model.FrameworkMethod.invokeExplosively(FrameworkMethod.java:47)
	at org.junit.internal.runners.statements.InvokeMethod.evaluate(InvokeMethod.java:17)
	at org.junit.internal.runners.statements.FailOnTimeout$CallableStatement.call(FailOnTimeout.java:298)
	at org.junit.internal.runners.statements.FailOnTimeout$CallableStatement.call(FailOnTimeout.java:292)
	at java.util.concurrent.FutureTask.run(FutureTask.java:266)
	at java.lang.Thread.run(Thread.java:748)
</failure>
  </testcase>
  <testcase name="test155" classname="org.mozilla.javascript.ScriptRuntime_ESTest" time="0.064"/>
  <testcase name="test031" classname="org.mozilla.javascript.ScriptRuntime_ESTest" time="0.024">
    <failure message="java.lang.NullPointerException" type="java.lang.NullPointerException">java.lang.NullPointerException
	at org.mozilla.javascript.ImporterTopLevel.initStandardObjects(ImporterTopLevel.java:73)
	at org.mozilla.javascript.ImporterTopLevel.&lt;init&gt;(ImporterTopLevel.java:54)
	at org.mozilla.javascript.ImporterTopLevel.&lt;init&gt;(ImporterTopLevel.java:49)
	at org.mozilla.javascript.ScriptRuntime_ESTest.test031(ScriptRuntime_ESTest.java:454)
	at sun.reflect.NativeMethodAccessorImpl.invoke0(Native Method)
	at sun.reflect.NativeMethodAccessorImpl.invoke(NativeMethodAccessorImpl.java:62)
	at sun.reflect.DelegatingMethodAccessorImpl.invoke(DelegatingMethodAccessorImpl.java:43)
	at java.lang.reflect.Method.invoke(Method.java:498)
	at org.junit.runners.model.FrameworkMethod$1.runReflectiveCall(FrameworkMethod.java:50)
	at org.junit.internal.runners.model.ReflectiveCallable.run(ReflectiveCallable.java:12)
	at org.junit.runners.model.FrameworkMethod.invokeExplosively(FrameworkMethod.java:47)
	at org.junit.internal.runners.statements.InvokeMethod.evaluate(InvokeMethod.java:17)
	at org.junit.internal.runners.statements.FailOnTimeout$CallableStatement.call(FailOnTimeout.java:298)
	at org.junit.internal.runners.statements.FailOnTimeout$CallableStatement.call(FailOnTimeout.java:292)
	at java.util.concurrent.FutureTask.run(FutureTask.java:266)
	at java.lang.Thread.run(Thread.java:748)
</failure>
  </testcase>
  <testcase name="test152" classname="org.mozilla.javascript.ScriptRuntime_ESTest" time="0.056"/>
  <testcase name="test032" classname="org.mozilla.javascript.ScriptRuntime_ESTest" time="0.004"/>
  <testcase name="test153" classname="org.mozilla.javascript.ScriptRuntime_ESTest" time="0.005"/>
  <testcase name="test150" classname="org.mozilla.javascript.ScriptRuntime_ESTest" time="0.047"/>
  <testcase name="test030" classname="org.mozilla.javascript.ScriptRuntime_ESTest" time="0.021"/>
  <testcase name="test151" classname="org.mozilla.javascript.ScriptRuntime_ESTest" time="0.05"/>
  <testcase name="test028" classname="org.mozilla.javascript.ScriptRuntime_ESTest" time="0.027"/>
  <testcase name="test149" classname="org.mozilla.javascript.ScriptRuntime_ESTest" time="0.013"/>
  <testcase name="test029" classname="org.mozilla.javascript.ScriptRuntime_ESTest" time="0.02"/>
  <testcase name="test026" classname="org.mozilla.javascript.ScriptRuntime_ESTest" time="0.02"/>
  <testcase name="test147" classname="org.mozilla.javascript.ScriptRuntime_ESTest" time="0.004"/>
  <testcase name="test027" classname="org.mozilla.javascript.ScriptRuntime_ESTest" time="0.043"/>
  <testcase name="test148" classname="org.mozilla.javascript.ScriptRuntime_ESTest" time="0.043"/>
  <testcase name="test024" classname="org.mozilla.javascript.ScriptRuntime_ESTest" time="0.021"/>
  <testcase name="test145" classname="org.mozilla.javascript.ScriptRuntime_ESTest" time="0.011"/>
  <testcase name="test025" classname="org.mozilla.javascript.ScriptRuntime_ESTest" time="0.026"/>
  <testcase name="test146" classname="org.mozilla.javascript.ScriptRuntime_ESTest" time="0.005"/>
  <testcase name="test022" classname="org.mozilla.javascript.ScriptRuntime_ESTest" time="0.052">
    <failure message="java.lang.AssertionError: Exception was not thrown in org.mozilla.javascript.ScriptableObject but in org.mozilla.javascript.ScriptRuntime.typeErrorThrower(ScriptRuntime.java:52): java.lang.NullPointerException" type="java.lang.AssertionError">java.lang.AssertionError: Exception was not thrown in org.mozilla.javascript.ScriptableObject but in org.mozilla.javascript.ScriptRuntime.typeErrorThrower(ScriptRuntime.java:52): java.lang.NullPointerException
	at org.evosuite.runtime.EvoAssertions.assertThrownBy(EvoAssertions.java:112)
	at org.evosuite.runtime.EvoAssertions.verifyException(EvoAssertions.java:49)
	at org.mozilla.javascript.ScriptRuntime_ESTest.test022(ScriptRuntime_ESTest.java:375)
	at sun.reflect.NativeMethodAccessorImpl.invoke0(Native Method)
	at sun.reflect.NativeMethodAccessorImpl.invoke(NativeMethodAccessorImpl.java:62)
	at sun.reflect.DelegatingMethodAccessorImpl.invoke(DelegatingMethodAccessorImpl.java:43)
	at java.lang.reflect.Method.invoke(Method.java:498)
	at org.junit.runners.model.FrameworkMethod$1.runReflectiveCall(FrameworkMethod.java:50)
	at org.junit.internal.runners.model.ReflectiveCallable.run(ReflectiveCallable.java:12)
	at org.junit.runners.model.FrameworkMethod.invokeExplosively(FrameworkMethod.java:47)
	at org.junit.internal.runners.statements.InvokeMethod.evaluate(InvokeMethod.java:17)
	at org.junit.internal.runners.statements.FailOnTimeout$CallableStatement.call(FailOnTimeout.java:298)
	at org.junit.internal.runners.statements.FailOnTimeout$CallableStatement.call(FailOnTimeout.java:292)
	at java.util.concurrent.FutureTask.run(FutureTask.java:266)
	at java.lang.Thread.run(Thread.java:748)
</failure>
  </testcase>
  <testcase name="test143" classname="org.mozilla.javascript.ScriptRuntime_ESTest" time="0.017"/>
  <testcase name="test023" classname="org.mozilla.javascript.ScriptRuntime_ESTest" time="0.023">
    <failure message="java.lang.AssertionError: Expecting exception: NullPointerException" type="java.lang.AssertionError">java.lang.AssertionError: Expecting exception: NullPointerException
	at org.junit.Assert.fail(Assert.java:88)
	at org.mozilla.javascript.ScriptRuntime_ESTest.test023(ScriptRuntime_ESTest.java:385)
	at sun.reflect.NativeMethodAccessorImpl.invoke0(Native Method)
	at sun.reflect.NativeMethodAccessorImpl.invoke(NativeMethodAccessorImpl.java:62)
	at sun.reflect.DelegatingMethodAccessorImpl.invoke(DelegatingMethodAccessorImpl.java:43)
	at java.lang.reflect.Method.invoke(Method.java:498)
	at org.junit.runners.model.FrameworkMethod$1.runReflectiveCall(FrameworkMethod.java:50)
	at org.junit.internal.runners.model.ReflectiveCallable.run(ReflectiveCallable.java:12)
	at org.junit.runners.model.FrameworkMethod.invokeExplosively(FrameworkMethod.java:47)
	at org.junit.internal.runners.statements.InvokeMethod.evaluate(InvokeMethod.java:17)
	at org.junit.internal.runners.statements.FailOnTimeout$CallableStatement.call(FailOnTimeout.java:298)
	at org.junit.internal.runners.statements.FailOnTimeout$CallableStatement.call(FailOnTimeout.java:292)
	at java.util.concurrent.FutureTask.run(FutureTask.java:266)
	at java.lang.Thread.run(Thread.java:748)
</failure>
  </testcase>
  <testcase name="test144" classname="org.mozilla.javascript.ScriptRuntime_ESTest" time="0.023"/>
  <testcase name="test020" classname="org.mozilla.javascript.ScriptRuntime_ESTest" time="0.012">
    <failure message="org.evosuite.runtime.mock.java.lang.MockRuntimeException: No Context associated with current Thread" type="org.evosuite.runtime.mock.java.lang.MockRuntimeException">org.evosuite.runtime.mock.java.lang.MockRuntimeException: No Context associated with current Thread
	at org.mozilla.javascript.Context.getContext(Context.java:2481)
	at org.mozilla.javascript.ScriptRuntime.toObject(ScriptRuntime.java:1055)
	at org.mozilla.javascript.ScriptRuntime_ESTest.test020(ScriptRuntime_ESTest.java:343)
	at sun.reflect.NativeMethodAccessorImpl.invoke0(Native Method)
	at sun.reflect.NativeMethodAccessorImpl.invoke(NativeMethodAccessorImpl.java:62)
	at sun.reflect.DelegatingMethodAccessorImpl.invoke(DelegatingMethodAccessorImpl.java:43)
	at java.lang.reflect.Method.invoke(Method.java:498)
	at org.junit.runners.model.FrameworkMethod$1.runReflectiveCall(FrameworkMethod.java:50)
	at org.junit.internal.runners.model.ReflectiveCallable.run(ReflectiveCallable.java:12)
	at org.junit.runners.model.FrameworkMethod.invokeExplosively(FrameworkMethod.java:47)
	at org.junit.internal.runners.statements.InvokeMethod.evaluate(InvokeMethod.java:17)
	at org.junit.internal.runners.statements.FailOnTimeout$CallableStatement.call(FailOnTimeout.java:298)
	at org.junit.internal.runners.statements.FailOnTimeout$CallableStatement.call(FailOnTimeout.java:292)
	at java.util.concurrent.FutureTask.run(FutureTask.java:266)
	at java.lang.Thread.run(Thread.java:748)
</failure>
  </testcase>
  <testcase name="test141" classname="org.mozilla.javascript.ScriptRuntime_ESTest" time="0.023"/>
  <testcase name="test021" classname="org.mozilla.javascript.ScriptRuntime_ESTest" time="0.019">
    <failure message="org.evosuite.runtime.mock.java.lang.MockRuntimeException: No Context associated with current Thread" type="org.evosuite.runtime.mock.java.lang.MockRuntimeException">org.evosuite.runtime.mock.java.lang.MockRuntimeException: No Context associated with current Thread
	at org.mozilla.javascript.Context.getContext(Context.java:2481)
	at org.mozilla.javascript.ScriptRuntime_ESTest.test021(ScriptRuntime_ESTest.java:349)
	at sun.reflect.NativeMethodAccessorImpl.invoke0(Native Method)
	at sun.reflect.NativeMethodAccessorImpl.invoke(NativeMethodAccessorImpl.java:62)
	at sun.reflect.DelegatingMethodAccessorImpl.invoke(DelegatingMethodAccessorImpl.java:43)
	at java.lang.reflect.Method.invoke(Method.java:498)
	at org.junit.runners.model.FrameworkMethod$1.runReflectiveCall(FrameworkMethod.java:50)
	at org.junit.internal.runners.model.ReflectiveCallable.run(ReflectiveCallable.java:12)
	at org.junit.runners.model.FrameworkMethod.invokeExplosively(FrameworkMethod.java:47)
	at org.junit.internal.runners.statements.InvokeMethod.evaluate(InvokeMethod.java:17)
	at org.junit.internal.runners.statements.FailOnTimeout$CallableStatement.call(FailOnTimeout.java:298)
	at org.junit.internal.runners.statements.FailOnTimeout$CallableStatement.call(FailOnTimeout.java:292)
	at java.util.concurrent.FutureTask.run(FutureTask.java:266)
	at java.lang.Thread.run(Thread.java:748)
</failure>
  </testcase>
  <testcase name="test142" classname="org.mozilla.javascript.ScriptRuntime_ESTest" time="0.004"/>
  <testcase name="test140" classname="org.mozilla.javascript.ScriptRuntime_ESTest" time="0.043"/>
  <testcase name="test019" classname="org.mozilla.javascript.ScriptRuntime_ESTest" time="0.011"/>
  <testcase name="test017" classname="org.mozilla.javascript.ScriptRuntime_ESTest" time="0.004"/>
  <testcase name="test138" classname="org.mozilla.javascript.ScriptRuntime_ESTest" time="0.021"/>
  <testcase name="test018" classname="org.mozilla.javascript.ScriptRuntime_ESTest" time="0.007">
    <failure message="java.lang.AssertionError: Exception was not thrown in org.mozilla.javascript.ClassCache but in org.mozilla.javascript.Context.getContext(Context.java:2481): org.evosuite.runtime.mock.java.lang.MockThrowable: No Context associated with current Thread" type="java.lang.AssertionError">java.lang.AssertionError: Exception was not thrown in org.mozilla.javascript.ClassCache but in org.mozilla.javascript.Context.getContext(Context.java:2481): org.evosuite.runtime.mock.java.lang.MockThrowable: No Context associated with current Thread
	at org.evosuite.runtime.EvoAssertions.assertThrownBy(EvoAssertions.java:112)
	at org.evosuite.runtime.EvoAssertions.verifyException(EvoAssertions.java:49)
	at org.mozilla.javascript.ScriptRuntime_ESTest.test018(ScriptRuntime_ESTest.java:327)
	at sun.reflect.NativeMethodAccessorImpl.invoke0(Native Method)
	at sun.reflect.NativeMethodAccessorImpl.invoke(NativeMethodAccessorImpl.java:62)
	at sun.reflect.DelegatingMethodAccessorImpl.invoke(DelegatingMethodAccessorImpl.java:43)
	at java.lang.reflect.Method.invoke(Method.java:498)
	at org.junit.runners.model.FrameworkMethod$1.runReflectiveCall(FrameworkMethod.java:50)
	at org.junit.internal.runners.model.ReflectiveCallable.run(ReflectiveCallable.java:12)
	at org.junit.runners.model.FrameworkMethod.invokeExplosively(FrameworkMethod.java:47)
	at org.junit.internal.runners.statements.InvokeMethod.evaluate(InvokeMethod.java:17)
	at org.junit.internal.runners.statements.FailOnTimeout$CallableStatement.call(FailOnTimeout.java:298)
	at org.junit.internal.runners.statements.FailOnTimeout$CallableStatement.call(FailOnTimeout.java:292)
	at java.util.concurrent.FutureTask.run(FutureTask.java:266)
	at java.lang.Thread.run(Thread.java:748)
</failure>
  </testcase>
  <testcase name="test139" classname="org.mozilla.javascript.ScriptRuntime_ESTest" time="0.022"/>
  <testcase name="test015" classname="org.mozilla.javascript.ScriptRuntime_ESTest" time="0.015">
    <failure message="org.evosuite.runtime.mock.java.lang.MockRuntimeException: No Context associated with current Thread" type="org.evosuite.runtime.mock.java.lang.MockRuntimeException">org.evosuite.runtime.mock.java.lang.MockRuntimeException: No Context associated with current Thread
	at org.mozilla.javascript.Context.getContext(Context.java:2481)
	at org.mozilla.javascript.ScriptRuntime_ESTest.test015(ScriptRuntime_ESTest.java:291)
	at sun.reflect.NativeMethodAccessorImpl.invoke0(Native Method)
	at sun.reflect.NativeMethodAccessorImpl.invoke(NativeMethodAccessorImpl.java:62)
	at sun.reflect.DelegatingMethodAccessorImpl.invoke(DelegatingMethodAccessorImpl.java:43)
	at java.lang.reflect.Method.invoke(Method.java:498)
	at org.junit.runners.model.FrameworkMethod$1.runReflectiveCall(FrameworkMethod.java:50)
	at org.junit.internal.runners.model.ReflectiveCallable.run(ReflectiveCallable.java:12)
	at org.junit.runners.model.FrameworkMethod.invokeExplosively(FrameworkMethod.java:47)
	at org.junit.internal.runners.statements.InvokeMethod.evaluate(InvokeMethod.java:17)
	at org.junit.internal.runners.statements.FailOnTimeout$CallableStatement.call(FailOnTimeout.java:298)
	at org.junit.internal.runners.statements.FailOnTimeout$CallableStatement.call(FailOnTimeout.java:292)
	at java.util.concurrent.FutureTask.run(FutureTask.java:266)
	at java.lang.Thread.run(Thread.java:748)
</failure>
  </testcase>
  <testcase name="test136" classname="org.mozilla.javascript.ScriptRuntime_ESTest" time="0.007"/>
  <testcase name="test016" classname="org.mozilla.javascript.ScriptRuntime_ESTest" time="0.031"/>
  <testcase name="test137" classname="org.mozilla.javascript.ScriptRuntime_ESTest" time="0.016"/>
  <testcase name="test013" classname="org.mozilla.javascript.ScriptRuntime_ESTest" time="0.023"/>
  <testcase name="test134" classname="org.mozilla.javascript.ScriptRuntime_ESTest" time="0.006"/>
  <testcase name="test014" classname="org.mozilla.javascript.ScriptRuntime_ESTest" time="0.041">
    <failure message="org.evosuite.runtime.mock.java.lang.MockRuntimeException: No Context associated with current Thread" type="org.evosuite.runtime.mock.java.lang.MockRuntimeException">org.evosuite.runtime.mock.java.lang.MockRuntimeException: No Context associated with current Thread
	at org.mozilla.javascript.Context.getContext(Context.java:2481)
	at org.mozilla.javascript.ScriptRuntime_ESTest.test014(ScriptRuntime_ESTest.java:274)
	at sun.reflect.NativeMethodAccessorImpl.invoke0(Native Method)
	at sun.reflect.NativeMethodAccessorImpl.invoke(NativeMethodAccessorImpl.java:62)
	at sun.reflect.DelegatingMethodAccessorImpl.invoke(DelegatingMethodAccessorImpl.java:43)
	at java.lang.reflect.Method.invoke(Method.java:498)
	at org.junit.runners.model.FrameworkMethod$1.runReflectiveCall(FrameworkMethod.java:50)
	at org.junit.internal.runners.model.ReflectiveCallable.run(ReflectiveCallable.java:12)
	at org.junit.runners.model.FrameworkMethod.invokeExplosively(FrameworkMethod.java:47)
	at org.junit.internal.runners.statements.InvokeMethod.evaluate(InvokeMethod.java:17)
	at org.junit.internal.runners.statements.FailOnTimeout$CallableStatement.call(FailOnTimeout.java:298)
	at org.junit.internal.runners.statements.FailOnTimeout$CallableStatement.call(FailOnTimeout.java:292)
	at java.util.concurrent.FutureTask.run(FutureTask.java:266)
	at java.lang.Thread.run(Thread.java:748)
</failure>
  </testcase>
  <testcase name="test135" classname="org.mozilla.javascript.ScriptRuntime_ESTest" time="0.004"/>
  <system-out><![CDATA[]]></system-out>
  <system-err><![CDATA[Jan 10, 2019 2:44:48 AM org.evosuite.runtime.instrumentation.EvoClassLoader loadClass
INFO: Seeing class for first time: org.mozilla.javascript.ScriptRuntime_ESTest
Jan 10, 2019 2:44:48 AM org.evosuite.runtime.instrumentation.EvoClassLoader instrumentClass
INFO: Instrumenting class 'org.mozilla.javascript.ScriptRuntime_ESTest'.
Jan 10, 2019 2:44:49 AM org.evosuite.runtime.instrumentation.EvoClassLoader loadClass
INFO: Seeing class for first time: org.mozilla.javascript.ScriptRuntime_ESTest_scaffolding
Jan 10, 2019 2:44:49 AM org.evosuite.runtime.instrumentation.EvoClassLoader instrumentClass
INFO: Instrumenting class 'org.mozilla.javascript.ScriptRuntime_ESTest_scaffolding'.
Jan 10, 2019 2:44:49 AM org.evosuite.runtime.instrumentation.EvoClassLoader instrumentClass
INFO: Keeping class: org.mozilla.javascript.ScriptRuntime_ESTest_scaffolding
Jan 10, 2019 2:44:49 AM org.evosuite.runtime.instrumentation.EvoClassLoader instrumentClass
INFO: Keeping class: org.mozilla.javascript.ScriptRuntime_ESTest
Jan 10, 2019 2:44:49 AM org.evosuite.runtime.instrumentation.EvoClassLoader loadClass
INFO: Seeing class for first time: org.mozilla.javascript.Scriptable
Jan 10, 2019 2:44:49 AM org.evosuite.runtime.instrumentation.EvoClassLoader instrumentClass
INFO: Instrumenting class 'org.mozilla.javascript.Scriptable'.
Jan 10, 2019 2:44:49 AM org.evosuite.runtime.instrumentation.EvoClassLoader instrumentClass
INFO: Keeping class: org.mozilla.javascript.Scriptable
Jan 10, 2019 2:44:49 AM org.evosuite.runtime.instrumentation.EvoClassLoader loadClass
INFO: Seeing class for first time: org.mozilla.javascript.Callable
Jan 10, 2019 2:44:49 AM org.evosuite.runtime.instrumentation.EvoClassLoader instrumentClass
INFO: Instrumenting class 'org.mozilla.javascript.Callable'.
Jan 10, 2019 2:44:49 AM org.evosuite.runtime.instrumentation.EvoClassLoader instrumentClass
INFO: Keeping class: org.mozilla.javascript.Callable
Jan 10, 2019 2:44:49 AM org.evosuite.runtime.instrumentation.EvoClassLoader loadClass
INFO: Seeing class for first time: org.mozilla.javascript.EvaluatorException
Jan 10, 2019 2:44:49 AM org.evosuite.runtime.instrumentation.EvoClassLoader instrumentClass
INFO: Instrumenting class 'org.mozilla.javascript.EvaluatorException'.
Jan 10, 2019 2:44:49 AM org.evosuite.runtime.instrumentation.MethodCallReplacementClassAdapter visit
INFO: Adding mock interface to class org/mozilla/javascript/EvaluatorException
Jan 10, 2019 2:44:50 AM org.evosuite.runtime.instrumentation.CreateClassResetClassAdapter createEmptyStaticReset
INFO: Creating brand-new static initializer in class org/mozilla/javascript/EvaluatorException
Jan 10, 2019 2:44:50 AM org.evosuite.runtime.instrumentation.EvoClassLoader loadClass
INFO: Seeing class for first time: org.mozilla.javascript.RhinoException
Jan 10, 2019 2:44:50 AM org.evosuite.runtime.instrumentation.EvoClassLoader instrumentClass
INFO: Instrumenting class 'org.mozilla.javascript.RhinoException'.
Jan 10, 2019 2:44:50 AM org.evosuite.runtime.instrumentation.MethodCallReplacementClassAdapter visit
INFO: Adding mock interface to class org/mozilla/javascript/RhinoException
Jan 10, 2019 2:44:50 AM org.evosuite.runtime.instrumentation.CreateClassResetClassAdapter visitMethod
INFO: Found static initializer in class org/mozilla/javascript/RhinoException
Jan 10, 2019 2:44:50 AM org.evosuite.runtime.instrumentation.EvoClassLoader instrumentClass
INFO: Keeping class: org.mozilla.javascript.RhinoException
Jan 10, 2019 2:44:50 AM org.evosuite.runtime.instrumentation.EvoClassLoader instrumentClass
INFO: Keeping class: org.mozilla.javascript.EvaluatorException
Jan 10, 2019 2:44:50 AM org.evosuite.runtime.instrumentation.EvoClassLoader loadClass
INFO: Seeing class for first time: org.mozilla.javascript.NativeFunction
Jan 10, 2019 2:44:50 AM org.evosuite.runtime.instrumentation.EvoClassLoader instrumentClass
INFO: Instrumenting class 'org.mozilla.javascript.NativeFunction'.
Jan 10, 2019 2:44:50 AM org.evosuite.runtime.instrumentation.MethodCallReplacementClassAdapter visit
INFO: Adding mock interface to class org/mozilla/javascript/NativeFunction
Jan 10, 2019 2:44:50 AM org.evosuite.runtime.instrumentation.CreateClassResetClassAdapter createEmptyStaticReset
INFO: Creating brand-new static initializer in class org/mozilla/javascript/NativeFunction
Jan 10, 2019 2:44:50 AM org.evosuite.runtime.instrumentation.EvoClassLoader loadClass
INFO: Seeing class for first time: org.mozilla.javascript.BaseFunction
Jan 10, 2019 2:44:50 AM org.evosuite.runtime.instrumentation.EvoClassLoader instrumentClass
INFO: Instrumenting class 'org.mozilla.javascript.BaseFunction'.
Jan 10, 2019 2:44:50 AM org.evosuite.runtime.instrumentation.MethodCallReplacementClassAdapter visit
INFO: Adding mock interface to class org/mozilla/javascript/BaseFunction
Jan 10, 2019 2:44:50 AM org.evosuite.runtime.instrumentation.CreateClassResetClassAdapter visitMethod
INFO: Found static initializer in class org/mozilla/javascript/BaseFunction
Jan 10, 2019 2:44:50 AM org.evosuite.runtime.instrumentation.EvoClassLoader loadClass
INFO: Seeing class for first time: org.mozilla.javascript.Function
Jan 10, 2019 2:44:50 AM org.evosuite.runtime.instrumentation.EvoClassLoader instrumentClass
INFO: Instrumenting class 'org.mozilla.javascript.Function'.
Jan 10, 2019 2:44:50 AM org.evosuite.runtime.instrumentation.EvoClassLoader instrumentClass
INFO: Keeping class: org.mozilla.javascript.Function
Jan 10, 2019 2:44:50 AM org.evosuite.runtime.instrumentation.EvoClassLoader loadClass
INFO: Seeing class for first time: org.mozilla.javascript.IdScriptableObject
Jan 10, 2019 2:44:50 AM org.evosuite.runtime.instrumentation.EvoClassLoader instrumentClass
INFO: Instrumenting class 'org.mozilla.javascript.IdScriptableObject'.
Jan 10, 2019 2:44:50 AM org.evosuite.runtime.instrumentation.MethodCallReplacementClassAdapter visit
INFO: Adding mock interface to class org/mozilla/javascript/IdScriptableObject
Jan 10, 2019 2:44:50 AM org.evosuite.runtime.instrumentation.CreateClassResetClassAdapter createEmptyStaticReset
INFO: Creating brand-new static initializer in class org/mozilla/javascript/IdScriptableObject
Jan 10, 2019 2:44:50 AM org.evosuite.runtime.instrumentation.EvoClassLoader loadClass
INFO: Seeing class for first time: org.mozilla.javascript.IdFunctionCall
Jan 10, 2019 2:44:50 AM org.evosuite.runtime.instrumentation.EvoClassLoader instrumentClass
INFO: Instrumenting class 'org.mozilla.javascript.IdFunctionCall'.
Jan 10, 2019 2:44:50 AM org.evosuite.runtime.instrumentation.EvoClassLoader instrumentClass
INFO: Keeping class: org.mozilla.javascript.IdFunctionCall
Jan 10, 2019 2:44:50 AM org.evosuite.runtime.instrumentation.EvoClassLoader loadClass
INFO: Seeing class for first time: org.mozilla.javascript.ScriptableObject
Jan 10, 2019 2:44:50 AM org.evosuite.runtime.instrumentation.EvoClassLoader instrumentClass
INFO: Instrumenting class 'org.mozilla.javascript.ScriptableObject'.
Jan 10, 2019 2:44:50 AM org.evosuite.runtime.instrumentation.MethodCallReplacementClassAdapter visit
INFO: Adding mock interface to class org/mozilla/javascript/ScriptableObject
Jan 10, 2019 2:44:50 AM org.evosuite.runtime.instrumentation.CreateClassResetClassAdapter visitMethod
INFO: Found static initializer in class org/mozilla/javascript/ScriptableObject
Jan 10, 2019 2:44:50 AM org.evosuite.runtime.instrumentation.EvoClassLoader loadClass
INFO: Seeing class for first time: org.mozilla.javascript.SymbolScriptable
Jan 10, 2019 2:44:50 AM org.evosuite.runtime.instrumentation.EvoClassLoader instrumentClass
INFO: Instrumenting class 'org.mozilla.javascript.SymbolScriptable'.
Jan 10, 2019 2:44:50 AM org.evosuite.runtime.instrumentation.EvoClassLoader instrumentClass
INFO: Keeping class: org.mozilla.javascript.SymbolScriptable
Jan 10, 2019 2:44:50 AM org.evosuite.runtime.instrumentation.EvoClassLoader loadClass
INFO: Seeing class for first time: org.mozilla.javascript.debug.DebuggableObject
Jan 10, 2019 2:44:50 AM org.evosuite.runtime.instrumentation.EvoClassLoader instrumentClass
INFO: Instrumenting class 'org.mozilla.javascript.debug.DebuggableObject'.
Jan 10, 2019 2:44:50 AM org.evosuite.runtime.instrumentation.EvoClassLoader createPackageDefinition
INFO: Defined package (3): package org.mozilla.javascript.debug, -203100262
Jan 10, 2019 2:44:50 AM org.evosuite.runtime.instrumentation.EvoClassLoader instrumentClass
INFO: Keeping class: org.mozilla.javascript.debug.DebuggableObject
Jan 10, 2019 2:44:50 AM org.evosuite.runtime.instrumentation.EvoClassLoader loadClass
INFO: Seeing class for first time: org.mozilla.javascript.ConstProperties
Jan 10, 2019 2:44:50 AM org.evosuite.runtime.instrumentation.EvoClassLoader instrumentClass
INFO: Instrumenting class 'org.mozilla.javascript.ConstProperties'.
Jan 10, 2019 2:44:50 AM org.evosuite.runtime.instrumentation.EvoClassLoader instrumentClass
INFO: Keeping class: org.mozilla.javascript.ConstProperties
Jan 10, 2019 2:44:50 AM org.evosuite.runtime.instrumentation.EvoClassLoader instrumentClass
INFO: Keeping class: org.mozilla.javascript.ScriptableObject
Jan 10, 2019 2:44:50 AM org.evosuite.runtime.instrumentation.EvoClassLoader instrumentClass
INFO: Keeping class: org.mozilla.javascript.IdScriptableObject
Jan 10, 2019 2:44:50 AM org.evosuite.runtime.instrumentation.EvoClassLoader instrumentClass
INFO: Keeping class: org.mozilla.javascript.BaseFunction
Jan 10, 2019 2:44:50 AM org.evosuite.runtime.instrumentation.EvoClassLoader instrumentClass
INFO: Keeping class: org.mozilla.javascript.NativeFunction
Jan 10, 2019 2:44:50 AM org.evosuite.runtime.instrumentation.EvoClassLoader loadClass
INFO: Seeing class for first time: org.mozilla.javascript.InterpretedFunction
Jan 10, 2019 2:44:50 AM org.evosuite.runtime.instrumentation.EvoClassLoader instrumentClass
INFO: Instrumenting class 'org.mozilla.javascript.InterpretedFunction'.
Jan 10, 2019 2:44:50 AM org.evosuite.runtime.instrumentation.MethodCallReplacementClassAdapter visit
INFO: Adding mock interface to class org/mozilla/javascript/InterpretedFunction
Jan 10, 2019 2:44:50 AM org.evosuite.runtime.instrumentation.CreateClassResetClassAdapter createEmptyStaticReset
INFO: Creating brand-new static initializer in class org/mozilla/javascript/InterpretedFunction
Jan 10, 2019 2:44:50 AM org.evosuite.runtime.instrumentation.EvoClassLoader loadClass
INFO: Seeing class for first time: org.mozilla.javascript.Script
Jan 10, 2019 2:44:50 AM org.evosuite.runtime.instrumentation.EvoClassLoader instrumentClass
INFO: Instrumenting class 'org.mozilla.javascript.Script'.
Jan 10, 2019 2:44:50 AM org.evosuite.runtime.instrumentation.EvoClassLoader instrumentClass
INFO: Keeping class: org.mozilla.javascript.Script
Jan 10, 2019 2:44:50 AM org.evosuite.runtime.instrumentation.EvoClassLoader instrumentClass
INFO: Keeping class: org.mozilla.javascript.InterpretedFunction
Jan 10, 2019 2:44:50 AM org.evosuite.runtime.instrumentation.EvoClassLoader loadClass
INFO: Seeing class for first time: org.mozilla.javascript.Symbol
Jan 10, 2019 2:44:50 AM org.evosuite.runtime.instrumentation.EvoClassLoader instrumentClass
INFO: Instrumenting class 'org.mozilla.javascript.Symbol'.
Jan 10, 2019 2:44:50 AM org.evosuite.runtime.instrumentation.EvoClassLoader instrumentClass
INFO: Keeping class: org.mozilla.javascript.Symbol
Jan 10, 2019 10:44:51 AM org.evosuite.runtime.instrumentation.EvoClassLoader loadClass
INFO: Seeing class for first time: org.mozilla.javascript.NativeBoolean
Jan 10, 2019 10:44:51 AM org.evosuite.runtime.instrumentation.EvoClassLoader instrumentClass
INFO: Instrumenting class 'org.mozilla.javascript.NativeBoolean'.
Jan 10, 2019 10:44:51 AM org.evosuite.runtime.instrumentation.MethodCallReplacementClassAdapter visit
INFO: Adding mock interface to class org/mozilla/javascript/NativeBoolean
Jan 10, 2019 10:44:51 AM org.evosuite.runtime.instrumentation.CreateClassResetClassAdapter visitMethod
INFO: Found static initializer in class org/mozilla/javascript/NativeBoolean
Jan 10, 2019 10:44:51 AM org.evosuite.runtime.instrumentation.EvoClassLoader instrumentClass
INFO: Keeping class: org.mozilla.javascript.NativeBoolean
Jan 10, 2019 10:44:51 AM org.evosuite.runtime.instrumentation.EvoClassLoader loadClass
INFO: Seeing class for first time: org.mozilla.javascript.SlotMapContainer
Jan 10, 2019 10:44:51 AM org.evosuite.runtime.instrumentation.EvoClassLoader instrumentClass
INFO: Instrumenting class 'org.mozilla.javascript.SlotMapContainer'.
Jan 10, 2019 10:44:51 AM org.evosuite.runtime.instrumentation.MethodCallReplacementClassAdapter visit
INFO: Adding mock interface to class org/mozilla/javascript/SlotMapContainer
Jan 10, 2019 10:44:51 AM org.evosuite.runtime.instrumentation.CreateClassResetClassAdapter createEmptyStaticReset
INFO: Creating brand-new static initializer in class org/mozilla/javascript/SlotMapContainer
Jan 10, 2019 10:44:51 AM org.evosuite.runtime.instrumentation.CreateClassResetClassAdapter createEmptyStaticReset
INFO: Adding bytecode for initializing field LARGE_HASH_SIZE
Jan 10, 2019 10:44:51 AM org.evosuite.runtime.instrumentation.EvoClassLoader loadClass
INFO: Seeing class for first time: org.mozilla.javascript.SlotMap
Jan 10, 2019 10:44:51 AM org.evosuite.runtime.instrumentation.EvoClassLoader instrumentClass
INFO: Instrumenting class 'org.mozilla.javascript.SlotMap'.
Jan 10, 2019 10:44:51 AM org.evosuite.runtime.instrumentation.EvoClassLoader instrumentClass
INFO: Keeping class: org.mozilla.javascript.SlotMap
Jan 10, 2019 10:44:51 AM org.evosuite.runtime.instrumentation.EvoClassLoader instrumentClass
INFO: Keeping class: org.mozilla.javascript.SlotMapContainer
Jan 10, 2019 10:44:51 AM org.evosuite.runtime.instrumentation.EvoClassLoader loadClass
INFO: Seeing class for first time: org.mozilla.javascript.ThreadSafeSlotMapContainer
Jan 10, 2019 10:44:51 AM org.evosuite.runtime.instrumentation.EvoClassLoader instrumentClass
INFO: Instrumenting class 'org.mozilla.javascript.ThreadSafeSlotMapContainer'.
Jan 10, 2019 10:44:51 AM org.evosuite.runtime.instrumentation.MethodCallReplacementClassAdapter visit
INFO: Adding mock interface to class org/mozilla/javascript/ThreadSafeSlotMapContainer
Jan 10, 2019 10:44:51 AM org.evosuite.runtime.instrumentation.CreateClassResetClassAdapter visitMethod
INFO: Found static initializer in class org/mozilla/javascript/ThreadSafeSlotMapContainer
Jan 10, 2019 10:44:51 AM org.evosuite.runtime.instrumentation.EvoClassLoader instrumentClass
INFO: Keeping class: org.mozilla.javascript.ThreadSafeSlotMapContainer
Jan 10, 2019 10:44:51 AM org.evosuite.runtime.instrumentation.EvoClassLoader loadClass
INFO: Seeing class for first time: org.mozilla.javascript.EcmaError
Jan 10, 2019 10:44:51 AM org.evosuite.runtime.instrumentation.EvoClassLoader instrumentClass
INFO: Instrumenting class 'org.mozilla.javascript.EcmaError'.
Jan 10, 2019 10:44:51 AM org.evosuite.runtime.instrumentation.MethodCallReplacementClassAdapter visit
INFO: Adding mock interface to class org/mozilla/javascript/EcmaError
Jan 10, 2019 10:44:51 AM org.evosuite.runtime.instrumentation.CreateClassResetClassAdapter createEmptyStaticReset
INFO: Creating brand-new static initializer in class org/mozilla/javascript/EcmaError
Jan 10, 2019 10:44:51 AM org.evosuite.runtime.instrumentation.EvoClassLoader instrumentClass
INFO: Keeping class: org.mozilla.javascript.EcmaError
Jan 10, 2019 10:44:51 AM org.evosuite.runtime.instrumentation.EvoClassLoader loadClass
INFO: Seeing class for first time: org.mozilla.javascript.NativeObject
Jan 10, 2019 10:44:51 AM org.evosuite.runtime.instrumentation.EvoClassLoader instrumentClass
INFO: Instrumenting class 'org.mozilla.javascript.NativeObject'.
Jan 10, 2019 10:44:51 AM org.evosuite.runtime.instrumentation.MethodCallReplacementClassAdapter visit
INFO: Adding mock interface to class org/mozilla/javascript/NativeObject
Jan 10, 2019 10:44:51 AM org.evosuite.runtime.instrumentation.CreateClassResetClassAdapter visitMethod
INFO: Found static initializer in class org/mozilla/javascript/NativeObject
Jan 10, 2019 10:44:51 AM org.evosuite.runtime.instrumentation.EvoClassLoader instrumentClass
INFO: Keeping class: org.mozilla.javascript.NativeObject
Jan 10, 2019 10:44:51 AM org.evosuite.runtime.instrumentation.EvoClassLoader loadClass
INFO: Seeing class for first time: org.mozilla.javascript.FunctionObject
Jan 10, 2019 10:44:51 AM org.evosuite.runtime.instrumentation.EvoClassLoader instrumentClass
INFO: Instrumenting class 'org.mozilla.javascript.FunctionObject'.
Jan 10, 2019 10:44:51 AM org.evosuite.runtime.instrumentation.MethodCallReplacementClassAdapter visit
INFO: Adding mock interface to class org/mozilla/javascript/FunctionObject
Jan 10, 2019 10:44:51 AM org.evosuite.runtime.instrumentation.CreateClassResetClassAdapter createEmptyStaticReset
INFO: Creating brand-new static initializer in class org/mozilla/javascript/FunctionObject
Jan 10, 2019 10:44:51 AM org.evosuite.runtime.instrumentation.CreateClassResetClassAdapter createEmptyStaticReset
INFO: Adding bytecode for initializing field VARARGS_METHOD
Jan 10, 2019 10:44:51 AM org.evosuite.runtime.instrumentation.CreateClassResetClassAdapter createEmptyStaticReset
INFO: Adding bytecode for initializing field VARARGS_CTOR
Jan 10, 2019 10:44:51 AM org.evosuite.runtime.instrumentation.CreateClassResetClassAdapter createEmptyStaticReset
INFO: Adding bytecode for initializing field sawSecurityException
Jan 10, 2019 10:44:51 AM org.evosuite.runtime.instrumentation.CreateClassResetClassAdapter createEmptyStaticReset
INFO: Adding bytecode for initializing field JAVA_UNSUPPORTED_TYPE
Jan 10, 2019 10:44:51 AM org.evosuite.runtime.instrumentation.CreateClassResetClassAdapter createEmptyStaticReset
INFO: Adding bytecode for initializing field JAVA_STRING_TYPE
Jan 10, 2019 10:44:51 AM org.evosuite.runtime.instrumentation.CreateClassResetClassAdapter createEmptyStaticReset
INFO: Adding bytecode for initializing field JAVA_INT_TYPE
Jan 10, 2019 10:44:51 AM org.evosuite.runtime.instrumentation.CreateClassResetClassAdapter createEmptyStaticReset
INFO: Adding bytecode for initializing field JAVA_BOOLEAN_TYPE
Jan 10, 2019 10:44:51 AM org.evosuite.runtime.instrumentation.CreateClassResetClassAdapter createEmptyStaticReset
INFO: Adding bytecode for initializing field JAVA_DOUBLE_TYPE
Jan 10, 2019 10:44:51 AM org.evosuite.runtime.instrumentation.CreateClassResetClassAdapter createEmptyStaticReset
INFO: Adding bytecode for initializing field JAVA_SCRIPTABLE_TYPE
Jan 10, 2019 10:44:51 AM org.evosuite.runtime.instrumentation.CreateClassResetClassAdapter createEmptyStaticReset
INFO: Adding bytecode for initializing field JAVA_OBJECT_TYPE
Jan 10, 2019 10:44:51 AM org.evosuite.runtime.instrumentation.EvoClassLoader instrumentClass
INFO: Keeping class: org.mozilla.javascript.FunctionObject
Jan 10, 2019 10:44:51 AM org.evosuite.runtime.instrumentation.EvoClassLoader loadClass
INFO: Seeing class for first time: org.mozilla.javascript.JavaScriptException
Jan 10, 2019 10:44:51 AM org.evosuite.runtime.instrumentation.EvoClassLoader instrumentClass
INFO: Instrumenting class 'org.mozilla.javascript.JavaScriptException'.
Jan 10, 2019 10:44:51 AM org.evosuite.runtime.instrumentation.MethodCallReplacementClassAdapter visit
INFO: Adding mock interface to class org/mozilla/javascript/JavaScriptException
Jan 10, 2019 10:44:51 AM org.evosuite.runtime.instrumentation.CreateClassResetClassAdapter createEmptyStaticReset
INFO: Creating brand-new static initializer in class org/mozilla/javascript/JavaScriptException
Jan 10, 2019 10:44:51 AM org.evosuite.runtime.instrumentation.EvoClassLoader instrumentClass
INFO: Keeping class: org.mozilla.javascript.JavaScriptException
Jan 10, 2019 10:44:51 AM org.evosuite.runtime.instrumentation.EvoClassLoader loadClass
INFO: Seeing class for first time: org.mozilla.javascript.IdFunctionObject
Jan 10, 2019 10:44:51 AM org.evosuite.runtime.instrumentation.EvoClassLoader instrumentClass
INFO: Instrumenting class 'org.mozilla.javascript.IdFunctionObject'.
Jan 10, 2019 10:44:51 AM org.evosuite.runtime.instrumentation.MethodCallReplacementClassAdapter visit
INFO: Adding mock interface to class org/mozilla/javascript/IdFunctionObject
Jan 10, 2019 10:44:51 AM org.evosuite.runtime.instrumentation.CreateClassResetClassAdapter createEmptyStaticReset
INFO: Creating brand-new static initializer in class org/mozilla/javascript/IdFunctionObject
Jan 10, 2019 10:44:51 AM org.evosuite.runtime.instrumentation.EvoClassLoader instrumentClass
INFO: Keeping class: org.mozilla.javascript.IdFunctionObject
Jan 10, 2019 10:44:51 AM org.evosuite.runtime.instrumentation.EvoClassLoader loadClass
INFO: Seeing class for first time: org.mozilla.javascript.IdFunctionObjectES6
Jan 10, 2019 10:44:51 AM org.evosuite.runtime.instrumentation.EvoClassLoader instrumentClass
INFO: Instrumenting class 'org.mozilla.javascript.IdFunctionObjectES6'.
Jan 10, 2019 10:44:51 AM org.evosuite.runtime.instrumentation.MethodCallReplacementClassAdapter visit
INFO: Adding mock interface to class org/mozilla/javascript/IdFunctionObjectES6
Jan 10, 2019 10:44:51 AM org.evosuite.runtime.instrumentation.CreateClassResetClassAdapter createEmptyStaticReset
INFO: Creating brand-new static initializer in class org/mozilla/javascript/IdFunctionObjectES6
Jan 10, 2019 10:44:51 AM org.evosuite.runtime.instrumentation.CreateClassResetClassAdapter createEmptyStaticReset
INFO: Adding bytecode for initializing field Id_length
Jan 10, 2019 10:44:51 AM org.evosuite.runtime.instrumentation.CreateClassResetClassAdapter createEmptyStaticReset
INFO: Adding bytecode for initializing field Id_name
Jan 10, 2019 10:44:51 AM org.evosuite.runtime.instrumentation.EvoClassLoader instrumentClass
INFO: Keeping class: org.mozilla.javascript.IdFunctionObjectES6
Jan 10, 2019 10:44:51 AM org.evosuite.runtime.instrumentation.EvoClassLoader loadClass
INFO: Seeing class for first time: org.mozilla.javascript.Context
Jan 10, 2019 10:44:51 AM org.evosuite.runtime.instrumentation.EvoClassLoader instrumentClass
INFO: Instrumenting class 'org.mozilla.javascript.Context'.
Jan 10, 2019 10:44:51 AM org.evosuite.runtime.instrumentation.MethodCallReplacementClassAdapter visit
INFO: Adding mock interface to class org/mozilla/javascript/Context
Jan 10, 2019 10:44:51 AM org.evosuite.runtime.instrumentation.CreateClassResetClassAdapter visitMethod
INFO: Found static initializer in class org/mozilla/javascript/Context
Jan 10, 2019 10:44:52 AM org.evosuite.runtime.instrumentation.EvoClassLoader instrumentClass
INFO: Keeping class: org.mozilla.javascript.Context
Jan 10, 2019 10:44:52 AM org.evosuite.runtime.instrumentation.EvoClassLoader loadClass
INFO: Seeing class for first time: org.mozilla.javascript.ExternalArrayData
Jan 10, 2019 10:44:52 AM org.evosuite.runtime.instrumentation.EvoClassLoader instrumentClass
INFO: Instrumenting class 'org.mozilla.javascript.ExternalArrayData'.
Jan 10, 2019 10:44:52 AM org.evosuite.runtime.instrumentation.EvoClassLoader instrumentClass
INFO: Keeping class: org.mozilla.javascript.ExternalArrayData
Jan 10, 2019 10:44:52 AM org.evosuite.runtime.instrumentation.EvoClassLoader loadClass
INFO: Seeing class for first time: org.mozilla.javascript.ScriptableObject$KeyComparator
Jan 10, 2019 10:44:52 AM org.evosuite.runtime.instrumentation.EvoClassLoader instrumentClass
INFO: Instrumenting class 'org.mozilla.javascript.ScriptableObject$KeyComparator'.
Jan 10, 2019 10:44:52 AM org.evosuite.runtime.instrumentation.MethodCallReplacementClassAdapter visit
INFO: Adding mock interface to class org/mozilla/javascript/ScriptableObject$KeyComparator
Jan 10, 2019 10:44:52 AM org.evosuite.runtime.instrumentation.CreateClassResetClassAdapter createEmptyStaticReset
INFO: Creating brand-new static initializer in class org/mozilla/javascript/ScriptableObject$KeyComparator
Jan 10, 2019 10:44:52 AM org.evosuite.runtime.instrumentation.EvoClassLoader instrumentClass
INFO: Keeping class: org.mozilla.javascript.ScriptableObject$KeyComparator
Jan 10, 2019 10:44:52 AM org.evosuite.runtime.instrumentation.EvoClassLoader loadClass
INFO: Seeing class for first time: org.mozilla.javascript.ast.ObjectLiteral
Jan 10, 2019 10:44:52 AM org.evosuite.runtime.instrumentation.EvoClassLoader instrumentClass
INFO: Instrumenting class 'org.mozilla.javascript.ast.ObjectLiteral'.
Jan 10, 2019 10:44:52 AM org.evosuite.runtime.instrumentation.MethodCallReplacementClassAdapter visit
INFO: Adding mock interface to class org/mozilla/javascript/ast/ObjectLiteral
Jan 10, 2019 10:44:52 AM org.evosuite.runtime.instrumentation.CreateClassResetClassAdapter visitMethod
INFO: Found static initializer in class org/mozilla/javascript/ast/ObjectLiteral
Jan 10, 2019 10:44:52 AM org.evosuite.runtime.instrumentation.EvoClassLoader createPackageDefinition
INFO: Defined package (3): package org.mozilla.javascript.ast, 473528713
Jan 10, 2019 10:44:52 AM org.evosuite.runtime.instrumentation.EvoClassLoader loadClass
INFO: Seeing class for first time: org.mozilla.javascript.ast.DestructuringForm
Jan 10, 2019 10:44:52 AM org.evosuite.runtime.instrumentation.EvoClassLoader instrumentClass
INFO: Instrumenting class 'org.mozilla.javascript.ast.DestructuringForm'.
Jan 10, 2019 10:44:52 AM org.evosuite.runtime.instrumentation.EvoClassLoader instrumentClass
INFO: Keeping class: org.mozilla.javascript.ast.DestructuringForm
Jan 10, 2019 10:44:52 AM org.evosuite.runtime.instrumentation.EvoClassLoader loadClass
INFO: Seeing class for first time: org.mozilla.javascript.ast.AstNode
Jan 10, 2019 10:44:52 AM org.evosuite.runtime.instrumentation.EvoClassLoader instrumentClass
INFO: Instrumenting class 'org.mozilla.javascript.ast.AstNode'.
Jan 10, 2019 10:44:52 AM org.evosuite.runtime.instrumentation.MethodCallReplacementClassAdapter visit
INFO: Adding mock interface to class org/mozilla/javascript/ast/AstNode
Jan 10, 2019 10:44:52 AM org.evosuite.runtime.instrumentation.CreateClassResetClassAdapter visitMethod
INFO: Found static initializer in class org/mozilla/javascript/ast/AstNode
Jan 10, 2019 10:44:52 AM org.evosuite.runtime.instrumentation.EvoClassLoader loadClass
INFO: Seeing class for first time: org.mozilla.javascript.Node
Jan 10, 2019 10:44:52 AM org.evosuite.runtime.instrumentation.EvoClassLoader instrumentClass
INFO: Instrumenting class 'org.mozilla.javascript.Node'.
Jan 10, 2019 10:44:52 AM org.evosuite.runtime.instrumentation.MethodCallReplacementClassAdapter visit
INFO: Adding mock interface to class org/mozilla/javascript/Node
Jan 10, 2019 10:44:52 AM org.evosuite.runtime.instrumentation.CreateClassResetClassAdapter visitMethod
INFO: Found static initializer in class org/mozilla/javascript/Node
Jan 10, 2019 10:44:52 AM org.evosuite.runtime.instrumentation.EvoClassLoader instrumentClass
INFO: Keeping class: org.mozilla.javascript.Node
Jan 10, 2019 10:44:52 AM org.evosuite.runtime.instrumentation.EvoClassLoader instrumentClass
INFO: Keeping class: org.mozilla.javascript.ast.AstNode
Jan 10, 2019 10:44:52 AM org.evosuite.runtime.instrumentation.EvoClassLoader instrumentClass
INFO: Keeping class: org.mozilla.javascript.ast.ObjectLiteral
Jan 10, 2019 10:44:52 AM org.evosuite.runtime.instrumentation.EvoClassLoader loadClass
INFO: Seeing class for first time: org.mozilla.javascript.ast.NumberLiteral
Jan 10, 2019 10:44:52 AM org.evosuite.runtime.instrumentation.EvoClassLoader instrumentClass
INFO: Instrumenting class 'org.mozilla.javascript.ast.NumberLiteral'.
Jan 10, 2019 10:44:52 AM org.evosuite.runtime.instrumentation.MethodCallReplacementClassAdapter visit
INFO: Adding mock interface to class org/mozilla/javascript/ast/NumberLiteral
Jan 10, 2019 10:44:52 AM org.evosuite.runtime.instrumentation.CreateClassResetClassAdapter createEmptyStaticReset
INFO: Creating brand-new static initializer in class org/mozilla/javascript/ast/NumberLiteral
Jan 10, 2019 10:44:52 AM org.evosuite.runtime.instrumentation.EvoClassLoader instrumentClass
INFO: Keeping class: org.mozilla.javascript.ast.NumberLiteral
Jan 10, 2019 10:44:52 AM org.evosuite.runtime.instrumentation.EvoClassLoader loadClass
INFO: Seeing class for first time: org.mozilla.javascript.ast.Jump
Jan 10, 2019 10:44:52 AM org.evosuite.runtime.instrumentation.EvoClassLoader instrumentClass
INFO: Instrumenting class 'org.mozilla.javascript.ast.Jump'.
Jan 10, 2019 10:44:52 AM org.evosuite.runtime.instrumentation.MethodCallReplacementClassAdapter visit
INFO: Adding mock interface to class org/mozilla/javascript/ast/Jump
Jan 10, 2019 10:44:52 AM org.evosuite.runtime.instrumentation.CreateClassResetClassAdapter createEmptyStaticReset
INFO: Creating brand-new static initializer in class org/mozilla/javascript/ast/Jump
Jan 10, 2019 10:44:52 AM org.evosuite.runtime.instrumentation.EvoClassLoader instrumentClass
INFO: Keeping class: org.mozilla.javascript.ast.Jump
Jan 10, 2019 10:44:52 AM org.evosuite.runtime.instrumentation.EvoClassLoader loadClass
INFO: Seeing class for first time: org.mozilla.javascript.ast.Name
Jan 10, 2019 10:44:52 AM org.evosuite.runtime.instrumentation.EvoClassLoader instrumentClass
INFO: Instrumenting class 'org.mozilla.javascript.ast.Name'.
Jan 10, 2019 10:44:52 AM org.evosuite.runtime.instrumentation.MethodCallReplacementClassAdapter visit
INFO: Adding mock interface to class org/mozilla/javascript/ast/Name
Jan 10, 2019 10:44:52 AM org.evosuite.runtime.instrumentation.CreateClassResetClassAdapter createEmptyStaticReset
INFO: Creating brand-new static initializer in class org/mozilla/javascript/ast/Name
Jan 10, 2019 10:44:52 AM org.evosuite.runtime.instrumentation.EvoClassLoader instrumentClass
INFO: Keeping class: org.mozilla.javascript.ast.Name
Jan 10, 2019 10:44:52 AM org.evosuite.runtime.instrumentation.EvoClassLoader loadClass
INFO: Seeing class for first time: org.mozilla.javascript.ast.NodeVisitor
Jan 10, 2019 10:44:52 AM org.evosuite.runtime.instrumentation.EvoClassLoader instrumentClass
INFO: Instrumenting class 'org.mozilla.javascript.ast.NodeVisitor'.
Jan 10, 2019 10:44:52 AM org.evosuite.runtime.instrumentation.EvoClassLoader instrumentClass
INFO: Keeping class: org.mozilla.javascript.ast.NodeVisitor
Jan 10, 2019 10:44:52 AM org.evosuite.runtime.instrumentation.EvoClassLoader loadClass
INFO: Seeing class for first time: org.mozilla.javascript.optimizer.BodyCodegen$FinallyReturnPoint
Jan 10, 2019 10:44:52 AM org.evosuite.runtime.instrumentation.EvoClassLoader instrumentClass
INFO: Instrumenting class 'org.mozilla.javascript.optimizer.BodyCodegen$FinallyReturnPoint'.
Jan 10, 2019 10:44:52 AM org.evosuite.runtime.instrumentation.MethodCallReplacementClassAdapter visit
INFO: Adding mock interface to class org/mozilla/javascript/optimizer/BodyCodegen$FinallyReturnPoint
Jan 10, 2019 10:44:52 AM org.evosuite.runtime.instrumentation.CreateClassResetClassAdapter createEmptyStaticReset
INFO: Creating brand-new static initializer in class org/mozilla/javascript/optimizer/BodyCodegen$FinallyReturnPoint
Jan 10, 2019 10:44:52 AM org.evosuite.runtime.instrumentation.EvoClassLoader createPackageDefinition
INFO: Defined package (3): package org.mozilla.javascript.optimizer, 204039932
Jan 10, 2019 10:44:52 AM org.evosuite.runtime.instrumentation.EvoClassLoader instrumentClass
INFO: Keeping class: org.mozilla.javascript.optimizer.BodyCodegen$FinallyReturnPoint
Jan 10, 2019 10:44:52 AM org.evosuite.runtime.instrumentation.EvoClassLoader loadClass
INFO: Seeing class for first time: org.mozilla.javascript.ast.Assignment
Jan 10, 2019 10:44:52 AM org.evosuite.runtime.instrumentation.EvoClassLoader instrumentClass
INFO: Instrumenting class 'org.mozilla.javascript.ast.Assignment'.
Jan 10, 2019 10:44:52 AM org.evosuite.runtime.instrumentation.MethodCallReplacementClassAdapter visit
INFO: Adding mock interface to class org/mozilla/javascript/ast/Assignment
Jan 10, 2019 10:44:52 AM org.evosuite.runtime.instrumentation.CreateClassResetClassAdapter createEmptyStaticReset
INFO: Creating brand-new static initializer in class org/mozilla/javascript/ast/Assignment
Jan 10, 2019 10:44:52 AM org.evosuite.runtime.instrumentation.EvoClassLoader loadClass
INFO: Seeing class for first time: org.mozilla.javascript.ast.InfixExpression
Jan 10, 2019 10:44:52 AM org.evosuite.runtime.instrumentation.EvoClassLoader instrumentClass
INFO: Instrumenting class 'org.mozilla.javascript.ast.InfixExpression'.
Jan 10, 2019 10:44:52 AM org.evosuite.runtime.instrumentation.MethodCallReplacementClassAdapter visit
INFO: Adding mock interface to class org/mozilla/javascript/ast/InfixExpression
Jan 10, 2019 10:44:52 AM org.evosuite.runtime.instrumentation.CreateClassResetClassAdapter createEmptyStaticReset
INFO: Creating brand-new static initializer in class org/mozilla/javascript/ast/InfixExpression
Jan 10, 2019 10:44:52 AM org.evosuite.runtime.instrumentation.EvoClassLoader instrumentClass
INFO: Keeping class: org.mozilla.javascript.ast.InfixExpression
Jan 10, 2019 10:44:52 AM org.evosuite.runtime.instrumentation.EvoClassLoader instrumentClass
INFO: Keeping class: org.mozilla.javascript.ast.Assignment
Jan 10, 2019 10:44:52 AM org.evosuite.runtime.instrumentation.EvoClassLoader loadClass
INFO: Seeing class for first time: org.mozilla.javascript.ast.ForLoop
Jan 10, 2019 10:44:52 AM org.evosuite.runtime.instrumentation.EvoClassLoader instrumentClass
INFO: Instrumenting class 'org.mozilla.javascript.ast.ForLoop'.
Jan 10, 2019 10:44:52 AM org.evosuite.runtime.instrumentation.MethodCallReplacementClassAdapter visit
INFO: Adding mock interface to class org/mozilla/javascript/ast/ForLoop
Jan 10, 2019 10:44:52 AM org.evosuite.runtime.instrumentation.CreateClassResetClassAdapter createEmptyStaticReset
INFO: Creating brand-new static initializer in class org/mozilla/javascript/ast/ForLoop
Jan 10, 2019 10:44:52 AM org.evosuite.runtime.instrumentation.EvoClassLoader loadClass
INFO: Seeing class for first time: org.mozilla.javascript.ast.Loop
Jan 10, 2019 10:44:52 AM org.evosuite.runtime.instrumentation.EvoClassLoader instrumentClass
INFO: Instrumenting class 'org.mozilla.javascript.ast.Loop'.
Jan 10, 2019 10:44:52 AM org.evosuite.runtime.instrumentation.MethodCallReplacementClassAdapter visit
INFO: Adding mock interface to class org/mozilla/javascript/ast/Loop
Jan 10, 2019 10:44:52 AM org.evosuite.runtime.instrumentation.CreateClassResetClassAdapter createEmptyStaticReset
INFO: Creating brand-new static initializer in class org/mozilla/javascript/ast/Loop
Jan 10, 2019 10:44:52 AM org.evosuite.runtime.instrumentation.EvoClassLoader loadClass
INFO: Seeing class for first time: org.mozilla.javascript.ast.Scope
Jan 10, 2019 10:44:52 AM org.evosuite.runtime.instrumentation.EvoClassLoader instrumentClass
INFO: Instrumenting class 'org.mozilla.javascript.ast.Scope'.
Jan 10, 2019 10:44:52 AM org.evosuite.runtime.instrumentation.MethodCallReplacementClassAdapter visit
INFO: Adding mock interface to class org/mozilla/javascript/ast/Scope
Jan 10, 2019 10:44:52 AM org.evosuite.runtime.instrumentation.CreateClassResetClassAdapter createEmptyStaticReset
INFO: Creating brand-new static initializer in class org/mozilla/javascript/ast/Scope
Jan 10, 2019 10:44:52 AM org.evosuite.runtime.instrumentation.EvoClassLoader instrumentClass
INFO: Keeping class: org.mozilla.javascript.ast.Scope
Jan 10, 2019 10:44:52 AM org.evosuite.runtime.instrumentation.EvoClassLoader instrumentClass
INFO: Keeping class: org.mozilla.javascript.ast.Loop
Jan 10, 2019 10:44:52 AM org.evosuite.runtime.instrumentation.EvoClassLoader instrumentClass
INFO: Keeping class: org.mozilla.javascript.ast.ForLoop
Jan 10, 2019 10:44:52 AM org.evosuite.runtime.instrumentation.EvoClassLoader loadClass
INFO: Seeing class for first time: org.mozilla.javascript.ast.ScriptNode
Jan 10, 2019 10:44:52 AM org.evosuite.runtime.instrumentation.EvoClassLoader instrumentClass
INFO: Instrumenting class 'org.mozilla.javascript.ast.ScriptNode'.
Jan 10, 2019 10:44:52 AM org.evosuite.runtime.instrumentation.MethodCallReplacementClassAdapter visit
INFO: Adding mock interface to class org/mozilla/javascript/ast/ScriptNode
Jan 10, 2019 10:44:52 AM org.evosuite.runtime.instrumentation.CreateClassResetClassAdapter createEmptyStaticReset
INFO: Creating brand-new static initializer in class org/mozilla/javascript/ast/ScriptNode
Jan 10, 2019 10:44:52 AM org.evosuite.runtime.instrumentation.EvoClassLoader instrumentClass
INFO: Keeping class: org.mozilla.javascript.ast.ScriptNode
Jan 10, 2019 10:44:52 AM org.evosuite.runtime.instrumentation.EvoClassLoader loadClass
INFO: Seeing class for first time: org.mozilla.javascript.typedarrays.NativeFloat32Array
Jan 10, 2019 10:44:52 AM org.evosuite.runtime.instrumentation.EvoClassLoader instrumentClass
INFO: Instrumenting class 'org.mozilla.javascript.typedarrays.NativeFloat32Array'.
Jan 10, 2019 10:44:52 AM org.evosuite.runtime.instrumentation.MethodCallReplacementClassAdapter visit
INFO: Adding mock interface to class org/mozilla/javascript/typedarrays/NativeFloat32Array
Jan 10, 2019 10:44:52 AM org.evosuite.runtime.instrumentation.CreateClassResetClassAdapter createEmptyStaticReset
INFO: Creating brand-new static initializer in class org/mozilla/javascript/typedarrays/NativeFloat32Array
Jan 10, 2019 10:44:52 AM org.evosuite.runtime.instrumentation.CreateClassResetClassAdapter createEmptyStaticReset
INFO: Adding bytecode for initializing field CLASS_NAME
Jan 10, 2019 10:44:52 AM org.evosuite.runtime.instrumentation.CreateClassResetClassAdapter createEmptyStaticReset
INFO: Adding bytecode for initializing field BYTES_PER_ELEMENT
Jan 10, 2019 10:44:52 AM org.evosuite.runtime.instrumentation.EvoClassLoader createPackageDefinition
INFO: Defined package (3): package org.mozilla.javascript.typedarrays, 1270333995
Jan 10, 2019 10:44:52 AM org.evosuite.runtime.instrumentation.EvoClassLoader loadClass
INFO: Seeing class for first time: org.mozilla.javascript.typedarrays.NativeTypedArrayView
Jan 10, 2019 10:44:52 AM org.evosuite.runtime.instrumentation.EvoClassLoader instrumentClass
INFO: Instrumenting class 'org.mozilla.javascript.typedarrays.NativeTypedArrayView'.
Jan 10, 2019 10:44:52 AM org.evosuite.runtime.instrumentation.MethodCallReplacementClassAdapter visit
INFO: Adding mock interface to class org/mozilla/javascript/typedarrays/NativeTypedArrayView
Jan 10, 2019 10:44:52 AM org.evosuite.runtime.instrumentation.CreateClassResetClassAdapter createEmptyStaticReset
INFO: Creating brand-new static initializer in class org/mozilla/javascript/typedarrays/NativeTypedArrayView
Jan 10, 2019 10:44:52 AM org.evosuite.runtime.instrumentation.CreateClassResetClassAdapter createEmptyStaticReset
INFO: Adding bytecode for initializing field Id_constructor
Jan 10, 2019 10:44:52 AM org.evosuite.runtime.instrumentation.CreateClassResetClassAdapter createEmptyStaticReset
INFO: Adding bytecode for initializing field Id_get
Jan 10, 2019 10:44:52 AM org.evosuite.runtime.instrumentation.CreateClassResetClassAdapter createEmptyStaticReset
INFO: Adding bytecode for initializing field Id_set
Jan 10, 2019 10:44:52 AM org.evosuite.runtime.instrumentation.CreateClassResetClassAdapter createEmptyStaticReset
INFO: Adding bytecode for initializing field Id_subarray
Jan 10, 2019 10:44:52 AM org.evosuite.runtime.instrumentation.CreateClassResetClassAdapter createEmptyStaticReset
INFO: Adding bytecode for initializing field SymbolId_iterator
Jan 10, 2019 10:44:52 AM org.evosuite.runtime.instrumentation.CreateClassResetClassAdapter createEmptyStaticReset
INFO: Adding bytecode for initializing field MAX_PROTOTYPE_ID
Jan 10, 2019 10:44:52 AM org.evosuite.runtime.instrumentation.CreateClassResetClassAdapter createEmptyStaticReset
INFO: Adding bytecode for initializing field Id_length
Jan 10, 2019 10:44:52 AM org.evosuite.runtime.instrumentation.CreateClassResetClassAdapter createEmptyStaticReset
INFO: Adding bytecode for initializing field Id_BYTES_PER_ELEMENT
Jan 10, 2019 10:44:52 AM org.evosuite.runtime.instrumentation.CreateClassResetClassAdapter createEmptyStaticReset
INFO: Adding bytecode for initializing field MAX_INSTANCE_ID
Jan 10, 2019 10:44:52 AM org.evosuite.runtime.instrumentation.EvoClassLoader loadClass
INFO: Seeing class for first time: org.mozilla.javascript.typedarrays.NativeArrayBufferView
Jan 10, 2019 10:44:52 AM org.evosuite.runtime.instrumentation.EvoClassLoader instrumentClass
INFO: Instrumenting class 'org.mozilla.javascript.typedarrays.NativeArrayBufferView'.
Jan 10, 2019 10:44:52 AM org.evosuite.runtime.instrumentation.MethodCallReplacementClassAdapter visit
INFO: Adding mock interface to class org/mozilla/javascript/typedarrays/NativeArrayBufferView
Jan 10, 2019 10:44:52 AM org.evosuite.runtime.instrumentation.CreateClassResetClassAdapter createEmptyStaticReset
INFO: Creating brand-new static initializer in class org/mozilla/javascript/typedarrays/NativeArrayBufferView
Jan 10, 2019 10:44:52 AM org.evosuite.runtime.instrumentation.CreateClassResetClassAdapter createEmptyStaticReset
INFO: Adding bytecode for initializing field Id_buffer
Jan 10, 2019 10:44:52 AM org.evosuite.runtime.instrumentation.CreateClassResetClassAdapter createEmptyStaticReset
INFO: Adding bytecode for initializing field Id_byteOffset
Jan 10, 2019 10:44:52 AM org.evosuite.runtime.instrumentation.CreateClassResetClassAdapter createEmptyStaticReset
INFO: Adding bytecode for initializing field Id_byteLength
Jan 10, 2019 10:44:52 AM org.evosuite.runtime.instrumentation.CreateClassResetClassAdapter createEmptyStaticReset
INFO: Adding bytecode for initializing field MAX_INSTANCE_ID
Jan 10, 2019 10:44:52 AM org.evosuite.runtime.instrumentation.EvoClassLoader instrumentClass
INFO: Keeping class: org.mozilla.javascript.typedarrays.NativeArrayBufferView
Jan 10, 2019 10:44:52 AM org.evosuite.runtime.instrumentation.EvoClassLoader instrumentClass
INFO: Keeping class: org.mozilla.javascript.typedarrays.NativeTypedArrayView
Jan 10, 2019 10:44:52 AM org.evosuite.runtime.instrumentation.EvoClassLoader instrumentClass
INFO: Keeping class: org.mozilla.javascript.typedarrays.NativeFloat32Array
Jan 10, 2019 10:44:52 AM org.evosuite.runtime.instrumentation.EvoClassLoader loadClass
INFO: Seeing class for first time: org.mozilla.javascript.DefaultErrorReporter
Jan 10, 2019 10:44:52 AM org.evosuite.runtime.instrumentation.EvoClassLoader instrumentClass
INFO: Instrumenting class 'org.mozilla.javascript.DefaultErrorReporter'.
Jan 10, 2019 10:44:52 AM org.evosuite.runtime.instrumentation.MethodCallReplacementClassAdapter visit
INFO: Adding mock interface to class org/mozilla/javascript/DefaultErrorReporter
Jan 10, 2019 10:44:52 AM org.evosuite.runtime.instrumentation.CreateClassResetClassAdapter visitMethod
INFO: Found static initializer in class org/mozilla/javascript/DefaultErrorReporter
Jan 10, 2019 10:44:52 AM org.evosuite.runtime.instrumentation.EvoClassLoader loadClass
INFO: Seeing class for first time: org.mozilla.javascript.ErrorReporter
Jan 10, 2019 10:44:52 AM org.evosuite.runtime.instrumentation.EvoClassLoader instrumentClass
INFO: Instrumenting class 'org.mozilla.javascript.ErrorReporter'.
Jan 10, 2019 10:44:52 AM org.evosuite.runtime.instrumentation.EvoClassLoader instrumentClass
INFO: Keeping class: org.mozilla.javascript.ErrorReporter
Jan 10, 2019 10:44:52 AM org.evosuite.runtime.instrumentation.EvoClassLoader instrumentClass
INFO: Keeping class: org.mozilla.javascript.DefaultErrorReporter
Jan 10, 2019 10:44:52 AM org.evosuite.runtime.instrumentation.EvoClassLoader loadClass
INFO: Seeing class for first time: org.mozilla.javascript.ast.XmlString
Jan 10, 2019 10:44:52 AM org.evosuite.runtime.instrumentation.EvoClassLoader instrumentClass
INFO: Instrumenting class 'org.mozilla.javascript.ast.XmlString'.
Jan 10, 2019 10:44:52 AM org.evosuite.runtime.instrumentation.MethodCallReplacementClassAdapter visit
INFO: Adding mock interface to class org/mozilla/javascript/ast/XmlString
Jan 10, 2019 10:44:52 AM org.evosuite.runtime.instrumentation.CreateClassResetClassAdapter createEmptyStaticReset
INFO: Creating brand-new static initializer in class org/mozilla/javascript/ast/XmlString
Jan 10, 2019 10:44:52 AM org.evosuite.runtime.instrumentation.EvoClassLoader loadClass
INFO: Seeing class for first time: org.mozilla.javascript.ast.XmlFragment
Jan 10, 2019 10:44:52 AM org.evosuite.runtime.instrumentation.EvoClassLoader instrumentClass
INFO: Instrumenting class 'org.mozilla.javascript.ast.XmlFragment'.
Jan 10, 2019 10:44:52 AM org.evosuite.runtime.instrumentation.MethodCallReplacementClassAdapter visit
INFO: Adding mock interface to class org/mozilla/javascript/ast/XmlFragment
Jan 10, 2019 10:44:52 AM org.evosuite.runtime.instrumentation.CreateClassResetClassAdapter createEmptyStaticReset
INFO: Creating brand-new static initializer in class org/mozilla/javascript/ast/XmlFragment
Jan 10, 2019 10:44:52 AM org.evosuite.runtime.instrumentation.EvoClassLoader instrumentClass
INFO: Keeping class: org.mozilla.javascript.ast.XmlFragment
Jan 10, 2019 10:44:52 AM org.evosuite.runtime.instrumentation.EvoClassLoader instrumentClass
INFO: Keeping class: org.mozilla.javascript.ast.XmlString
Jan 10, 2019 10:44:52 AM org.evosuite.runtime.instrumentation.EvoClassLoader loadClass
INFO: Seeing class for first time: org.mozilla.javascript.ast.GeneratorExpression
Jan 10, 2019 10:44:52 AM org.evosuite.runtime.instrumentation.EvoClassLoader instrumentClass
INFO: Instrumenting class 'org.mozilla.javascript.ast.GeneratorExpression'.
Jan 10, 2019 10:44:52 AM org.evosuite.runtime.instrumentation.MethodCallReplacementClassAdapter visit
INFO: Adding mock interface to class org/mozilla/javascript/ast/GeneratorExpression
Jan 10, 2019 10:44:52 AM org.evosuite.runtime.instrumentation.CreateClassResetClassAdapter createEmptyStaticReset
INFO: Creating brand-new static initializer in class org/mozilla/javascript/ast/GeneratorExpression
Jan 10, 2019 10:44:52 AM org.evosuite.runtime.instrumentation.EvoClassLoader instrumentClass
INFO: Keeping class: org.mozilla.javascript.ast.GeneratorExpression
Jan 10, 2019 10:44:52 AM org.evosuite.runtime.instrumentation.EvoClassLoader loadClass
INFO: Seeing class for first time: org.mozilla.javascript.DefiningClassLoader
Jan 10, 2019 10:44:52 AM org.evosuite.runtime.instrumentation.EvoClassLoader instrumentClass
INFO: Instrumenting class 'org.mozilla.javascript.DefiningClassLoader'.
Jan 10, 2019 10:44:52 AM org.evosuite.runtime.instrumentation.MethodCallReplacementClassAdapter visit
INFO: Adding mock interface to class org/mozilla/javascript/DefiningClassLoader
Jan 10, 2019 10:44:52 AM org.evosuite.runtime.instrumentation.CreateClassResetClassAdapter createEmptyStaticReset
INFO: Creating brand-new static initializer in class org/mozilla/javascript/DefiningClassLoader
Jan 10, 2019 10:44:52 AM org.evosuite.runtime.instrumentation.EvoClassLoader loadClass
INFO: Seeing class for first time: org.mozilla.javascript.GeneratedClassLoader
Jan 10, 2019 10:44:52 AM org.evosuite.runtime.instrumentation.EvoClassLoader instrumentClass
INFO: Instrumenting class 'org.mozilla.javascript.GeneratedClassLoader'.
Jan 10, 2019 10:44:52 AM org.evosuite.runtime.instrumentation.EvoClassLoader instrumentClass
INFO: Keeping class: org.mozilla.javascript.GeneratedClassLoader
Jan 10, 2019 10:44:52 AM org.evosuite.runtime.instrumentation.EvoClassLoader instrumentClass
INFO: Keeping class: org.mozilla.javascript.DefiningClassLoader
Jan 10, 2019 10:44:52 AM org.evosuite.runtime.instrumentation.EvoClassLoader loadClass
INFO: Seeing class for first time: org.mozilla.javascript.UniqueTag
Jan 10, 2019 10:44:52 AM org.evosuite.runtime.instrumentation.EvoClassLoader instrumentClass
INFO: Instrumenting class 'org.mozilla.javascript.UniqueTag'.
Jan 10, 2019 10:44:52 AM org.evosuite.runtime.instrumentation.MethodCallReplacementClassAdapter visit
INFO: Adding mock interface to class org/mozilla/javascript/UniqueTag
Jan 10, 2019 10:44:52 AM org.evosuite.runtime.instrumentation.CreateClassResetClassAdapter visitMethod
INFO: Found static initializer in class org/mozilla/javascript/UniqueTag
Jan 10, 2019 10:44:52 AM org.evosuite.runtime.instrumentation.EvoClassLoader instrumentClass
INFO: Keeping class: org.mozilla.javascript.UniqueTag
Jan 10, 2019 10:44:52 AM org.evosuite.runtime.instrumentation.EvoClassLoader loadClass
INFO: Seeing class for first time: org.mozilla.javascript.NativeError
Jan 10, 2019 10:44:52 AM org.evosuite.runtime.instrumentation.EvoClassLoader instrumentClass
INFO: Instrumenting class 'org.mozilla.javascript.NativeError'.
Jan 10, 2019 10:44:52 AM org.evosuite.runtime.instrumentation.MethodCallReplacementClassAdapter visit
INFO: Adding mock interface to class org/mozilla/javascript/NativeError
Jan 10, 2019 10:44:52 AM org.evosuite.runtime.instrumentation.CreateClassResetClassAdapter visitMethod
INFO: Found static initializer in class org/mozilla/javascript/NativeError
Jan 10, 2019 10:44:52 AM org.evosuite.runtime.instrumentation.EvoClassLoader instrumentClass
INFO: Keeping class: org.mozilla.javascript.NativeError
Jan 10, 2019 10:44:52 AM org.evosuite.runtime.instrumentation.EvoClassLoader loadClass
INFO: Seeing class for first time: org.mozilla.javascript.ast.ParenthesizedExpression
Jan 10, 2019 10:44:52 AM org.evosuite.runtime.instrumentation.EvoClassLoader instrumentClass
INFO: Instrumenting class 'org.mozilla.javascript.ast.ParenthesizedExpression'.
Jan 10, 2019 10:44:52 AM org.evosuite.runtime.instrumentation.MethodCallReplacementClassAdapter visit
INFO: Adding mock interface to class org/mozilla/javascript/ast/ParenthesizedExpression
Jan 10, 2019 10:44:52 AM org.evosuite.runtime.instrumentation.CreateClassResetClassAdapter createEmptyStaticReset
INFO: Creating brand-new static initializer in class org/mozilla/javascript/ast/ParenthesizedExpression
Jan 10, 2019 10:44:52 AM org.evosuite.runtime.instrumentation.EvoClassLoader instrumentClass
INFO: Keeping class: org.mozilla.javascript.ast.ParenthesizedExpression
Jan 10, 2019 10:44:52 AM org.evosuite.runtime.instrumentation.EvoClassLoader loadClass
INFO: Seeing class for first time: org.mozilla.javascript.NativeArray$2
Jan 10, 2019 10:44:52 AM org.evosuite.runtime.instrumentation.EvoClassLoader instrumentClass
INFO: Instrumenting class 'org.mozilla.javascript.NativeArray$2'.
Jan 10, 2019 10:44:52 AM org.evosuite.runtime.instrumentation.MethodCallReplacementClassAdapter visit
INFO: Adding mock interface to class org/mozilla/javascript/NativeArray$2
Jan 10, 2019 10:44:52 AM org.evosuite.runtime.instrumentation.EvoClassLoader instrumentClass
INFO: Keeping class: org.mozilla.javascript.NativeArray$2
Jan 10, 2019 10:44:52 AM org.evosuite.runtime.instrumentation.EvoClassLoader loadClass
INFO: Seeing class for first time: org.mozilla.javascript.debug.Debugger
Jan 10, 2019 10:44:52 AM org.evosuite.runtime.instrumentation.EvoClassLoader instrumentClass
INFO: Instrumenting class 'org.mozilla.javascript.debug.Debugger'.
Jan 10, 2019 10:44:52 AM org.evosuite.runtime.instrumentation.EvoClassLoader instrumentClass
INFO: Keeping class: org.mozilla.javascript.debug.Debugger
Jan 10, 2019 10:44:52 AM org.evosuite.runtime.instrumentation.EvoClassLoader loadClass
INFO: Seeing class for first time: org.mozilla.javascript.Context$ClassShutterSetter
Jan 10, 2019 10:44:52 AM org.evosuite.runtime.instrumentation.EvoClassLoader instrumentClass
INFO: Instrumenting class 'org.mozilla.javascript.Context$ClassShutterSetter'.
Jan 10, 2019 10:44:52 AM org.evosuite.runtime.instrumentation.EvoClassLoader instrumentClass
INFO: Keeping class: org.mozilla.javascript.Context$ClassShutterSetter
Jan 10, 2019 10:44:52 AM org.evosuite.runtime.instrumentation.EvoClassLoader loadClass
INFO: Seeing class for first time: org.mozilla.javascript.optimizer.OptTransformer
Jan 10, 2019 10:44:52 AM org.evosuite.runtime.instrumentation.EvoClassLoader instrumentClass
INFO: Instrumenting class 'org.mozilla.javascript.optimizer.OptTransformer'.
Jan 10, 2019 10:44:52 AM org.evosuite.runtime.instrumentation.MethodCallReplacementClassAdapter visit
INFO: Adding mock interface to class org/mozilla/javascript/optimizer/OptTransformer
Jan 10, 2019 10:44:52 AM org.evosuite.runtime.instrumentation.CreateClassResetClassAdapter createEmptyStaticReset
INFO: Creating brand-new static initializer in class org/mozilla/javascript/optimizer/OptTransformer
Jan 10, 2019 10:44:52 AM org.evosuite.runtime.instrumentation.EvoClassLoader loadClass
INFO: Seeing class for first time: org.mozilla.javascript.NodeTransformer
Jan 10, 2019 10:44:52 AM org.evosuite.runtime.instrumentation.EvoClassLoader instrumentClass
INFO: Instrumenting class 'org.mozilla.javascript.NodeTransformer'.
Jan 10, 2019 10:44:53 AM org.evosuite.runtime.instrumentation.MethodCallReplacementClassAdapter visit
INFO: Adding mock interface to class org/mozilla/javascript/NodeTransformer
Jan 10, 2019 10:44:53 AM org.evosuite.runtime.instrumentation.CreateClassResetClassAdapter createEmptyStaticReset
INFO: Creating brand-new static initializer in class org/mozilla/javascript/NodeTransformer
Jan 10, 2019 10:44:53 AM org.evosuite.runtime.instrumentation.EvoClassLoader instrumentClass
INFO: Keeping class: org.mozilla.javascript.NodeTransformer
Jan 10, 2019 10:44:53 AM org.evosuite.runtime.instrumentation.EvoClassLoader instrumentClass
INFO: Keeping class: org.mozilla.javascript.optimizer.OptTransformer
Jan 10, 2019 10:44:53 AM org.evosuite.runtime.instrumentation.EvoClassLoader loadClass
INFO: Seeing class for first time: org.mozilla.javascript.ast.FunctionNode
Jan 10, 2019 10:44:53 AM org.evosuite.runtime.instrumentation.EvoClassLoader instrumentClass
INFO: Instrumenting class 'org.mozilla.javascript.ast.FunctionNode'.
Jan 10, 2019 10:44:53 AM org.evosuite.runtime.instrumentation.MethodCallReplacementClassAdapter visit
INFO: Adding mock interface to class org/mozilla/javascript/ast/FunctionNode
Jan 10, 2019 10:44:53 AM org.evosuite.runtime.instrumentation.CreateClassResetClassAdapter visitMethod
INFO: Found static initializer in class org/mozilla/javascript/ast/FunctionNode
Jan 10, 2019 10:44:53 AM org.evosuite.runtime.instrumentation.EvoClassLoader instrumentClass
INFO: Keeping class: org.mozilla.javascript.ast.FunctionNode
Jan 10, 2019 10:44:53 AM org.evosuite.runtime.instrumentation.EvoClassLoader loadClass
INFO: Seeing class for first time: org.mozilla.classfile.ConstantPool
Jan 10, 2019 10:44:53 AM org.evosuite.runtime.instrumentation.EvoClassLoader instrumentClass
INFO: Instrumenting class 'org.mozilla.classfile.ConstantPool'.
Jan 10, 2019 10:44:53 AM org.evosuite.runtime.instrumentation.MethodCallReplacementClassAdapter visit
INFO: Adding mock interface to class org/mozilla/classfile/ConstantPool
Jan 10, 2019 10:44:53 AM org.evosuite.runtime.instrumentation.CreateClassResetClassAdapter createEmptyStaticReset
INFO: Creating brand-new static initializer in class org/mozilla/classfile/ConstantPool
Jan 10, 2019 10:44:53 AM org.evosuite.runtime.instrumentation.CreateClassResetClassAdapter createEmptyStaticReset
INFO: Adding bytecode for initializing field ConstantPoolSize
Jan 10, 2019 10:44:53 AM org.evosuite.runtime.instrumentation.CreateClassResetClassAdapter createEmptyStaticReset
INFO: Adding bytecode for initializing field CONSTANT_Class
Jan 10, 2019 10:44:53 AM org.evosuite.runtime.instrumentation.CreateClassResetClassAdapter createEmptyStaticReset
INFO: Adding bytecode for initializing field CONSTANT_Fieldref
Jan 10, 2019 10:44:53 AM org.evosuite.runtime.instrumentation.CreateClassResetClassAdapter createEmptyStaticReset
INFO: Adding bytecode for initializing field CONSTANT_Methodref
Jan 10, 2019 10:44:53 AM org.evosuite.runtime.instrumentation.CreateClassResetClassAdapter createEmptyStaticReset
INFO: Adding bytecode for initializing field CONSTANT_InterfaceMethodref
Jan 10, 2019 10:44:53 AM org.evosuite.runtime.instrumentation.CreateClassResetClassAdapter createEmptyStaticReset
INFO: Adding bytecode for initializing field CONSTANT_String
Jan 10, 2019 10:44:53 AM org.evosuite.runtime.instrumentation.CreateClassResetClassAdapter createEmptyStaticReset
INFO: Adding bytecode for initializing field CONSTANT_Integer
Jan 10, 2019 10:44:53 AM org.evosuite.runtime.instrumentation.CreateClassResetClassAdapter createEmptyStaticReset
INFO: Adding bytecode for initializing field CONSTANT_Float
Jan 10, 2019 10:44:53 AM org.evosuite.runtime.instrumentation.CreateClassResetClassAdapter createEmptyStaticReset
INFO: Adding bytecode for initializing field CONSTANT_Long
Jan 10, 2019 10:44:53 AM org.evosuite.runtime.instrumentation.CreateClassResetClassAdapter createEmptyStaticReset
INFO: Adding bytecode for initializing field CONSTANT_Double
Jan 10, 2019 10:44:53 AM org.evosuite.runtime.instrumentation.CreateClassResetClassAdapter createEmptyStaticReset
INFO: Adding bytecode for initializing field CONSTANT_NameAndType
Jan 10, 2019 10:44:53 AM org.evosuite.runtime.instrumentation.CreateClassResetClassAdapter createEmptyStaticReset
INFO: Adding bytecode for initializing field CONSTANT_Utf8
Jan 10, 2019 10:44:53 AM org.evosuite.runtime.instrumentation.CreateClassResetClassAdapter createEmptyStaticReset
INFO: Adding bytecode for initializing field CONSTANT_MethodType
Jan 10, 2019 10:44:53 AM org.evosuite.runtime.instrumentation.CreateClassResetClassAdapter createEmptyStaticReset
INFO: Adding bytecode for initializing field CONSTANT_MethodHandle
Jan 10, 2019 10:44:53 AM org.evosuite.runtime.instrumentation.CreateClassResetClassAdapter createEmptyStaticReset
INFO: Adding bytecode for initializing field CONSTANT_InvokeDynamic
Jan 10, 2019 10:44:53 AM org.evosuite.runtime.instrumentation.CreateClassResetClassAdapter createEmptyStaticReset
INFO: Adding bytecode for initializing field MAX_UTF_ENCODING_SIZE
Jan 10, 2019 10:44:53 AM org.evosuite.runtime.instrumentation.EvoClassLoader createPackageDefinition
INFO: Defined package (3): package org.mozilla.classfile, 2026480364
Jan 10, 2019 10:44:53 AM org.evosuite.runtime.instrumentation.EvoClassLoader instrumentClass
INFO: Keeping class: org.mozilla.classfile.ConstantPool
Jan 10, 2019 10:44:53 AM org.evosuite.runtime.instrumentation.EvoClassLoader loadClass
INFO: Seeing class for first time: org.mozilla.javascript.RegExpProxy
Jan 10, 2019 10:44:53 AM org.evosuite.runtime.instrumentation.EvoClassLoader instrumentClass
INFO: Instrumenting class 'org.mozilla.javascript.RegExpProxy'.
Jan 10, 2019 10:44:53 AM org.evosuite.runtime.instrumentation.EvoClassLoader instrumentClass
INFO: Keeping class: org.mozilla.javascript.RegExpProxy
Jan 10, 2019 10:44:53 AM org.evosuite.runtime.instrumentation.EvoClassLoader loadClass
INFO: Seeing class for first time: org.mozilla.javascript.Token
Jan 10, 2019 10:44:53 AM org.evosuite.runtime.instrumentation.EvoClassLoader instrumentClass
INFO: Instrumenting class 'org.mozilla.javascript.Token'.
Jan 10, 2019 10:44:53 AM org.evosuite.runtime.instrumentation.MethodCallReplacementClassAdapter visit
INFO: Adding mock interface to class org/mozilla/javascript/Token
Jan 10, 2019 10:44:53 AM org.evosuite.runtime.instrumentation.CreateClassResetClassAdapter createEmptyStaticReset
INFO: Creating brand-new static initializer in class org/mozilla/javascript/Token
Jan 10, 2019 10:44:53 AM org.evosuite.runtime.instrumentation.CreateClassResetClassAdapter createEmptyStaticReset
INFO: Adding bytecode for initializing field printTrees
Jan 10, 2019 10:44:53 AM org.evosuite.runtime.instrumentation.CreateClassResetClassAdapter createEmptyStaticReset
INFO: Adding bytecode for initializing field printICode
Jan 10, 2019 10:44:53 AM org.evosuite.runtime.instrumentation.CreateClassResetClassAdapter createEmptyStaticReset
INFO: Adding bytecode for initializing field printNames
Jan 10, 2019 10:44:53 AM org.evosuite.runtime.instrumentation.CreateClassResetClassAdapter createEmptyStaticReset
INFO: Adding bytecode for initializing field ERROR
Jan 10, 2019 10:44:53 AM org.evosuite.runtime.instrumentation.CreateClassResetClassAdapter createEmptyStaticReset
INFO: Adding bytecode for initializing field EOF
Jan 10, 2019 10:44:53 AM org.evosuite.runtime.instrumentation.CreateClassResetClassAdapter createEmptyStaticReset
INFO: Adding bytecode for initializing field EOL
Jan 10, 2019 10:44:53 AM org.evosuite.runtime.instrumentation.CreateClassResetClassAdapter createEmptyStaticReset
INFO: Adding bytecode for initializing field FIRST_BYTECODE_TOKEN
Jan 10, 2019 10:44:53 AM org.evosuite.runtime.instrumentation.CreateClassResetClassAdapter createEmptyStaticReset
INFO: Adding bytecode for initializing field ENTERWITH
Jan 10, 2019 10:44:53 AM org.evosuite.runtime.instrumentation.CreateClassResetClassAdapter createEmptyStaticReset
INFO: Adding bytecode for initializing field LEAVEWITH
Jan 10, 2019 10:44:53 AM org.evosuite.runtime.instrumentation.CreateClassResetClassAdapter createEmptyStaticReset
INFO: Adding bytecode for initializing field RETURN
Jan 10, 2019 10:44:53 AM org.evosuite.runtime.instrumentation.CreateClassResetClassAdapter createEmptyStaticReset
INFO: Adding bytecode for initializing field GOTO
Jan 10, 2019 10:44:53 AM org.evosuite.runtime.instrumentation.CreateClassResetClassAdapter createEmptyStaticReset
INFO: Adding bytecode for initializing field IFEQ
Jan 10, 2019 10:44:53 AM org.evosuite.runtime.instrumentation.CreateClassResetClassAdapter createEmptyStaticReset
INFO: Adding bytecode for initializing field IFNE
Jan 10, 2019 10:44:53 AM org.evosuite.runtime.instrumentation.CreateClassResetClassAdapter createEmptyStaticReset
INFO: Adding bytecode for initializing field SETNAME
Jan 10, 2019 10:44:53 AM org.evosuite.runtime.instrumentation.CreateClassResetClassAdapter createEmptyStaticReset
INFO: Adding bytecode for initializing field BITOR
Jan 10, 2019 10:44:53 AM org.evosuite.runtime.instrumentation.CreateClassResetClassAdapter createEmptyStaticReset
INFO: Adding bytecode for initializing field BITXOR
Jan 10, 2019 10:44:53 AM org.evosuite.runtime.instrumentation.CreateClassResetClassAdapter createEmptyStaticReset
INFO: Adding bytecode for initializing field BITAND
Jan 10, 2019 10:44:53 AM org.evosuite.runtime.instrumentation.CreateClassResetClassAdapter createEmptyStaticReset
INFO: Adding bytecode for initializing field EQ
Jan 10, 2019 10:44:53 AM org.evosuite.runtime.instrumentation.CreateClassResetClassAdapter createEmptyStaticReset
INFO: Adding bytecode for initializing field NE
Jan 10, 2019 10:44:53 AM org.evosuite.runtime.instrumentation.CreateClassResetClassAdapter createEmptyStaticReset
INFO: Adding bytecode for initializing field LT
Jan 10, 2019 10:44:53 AM org.evosuite.runtime.instrumentation.CreateClassResetClassAdapter createEmptyStaticReset
INFO: Adding bytecode for initializing field LE
Jan 10, 2019 10:44:53 AM org.evosuite.runtime.instrumentation.CreateClassResetClassAdapter createEmptyStaticReset
INFO: Adding bytecode for initializing field GT
Jan 10, 2019 10:44:53 AM org.evosuite.runtime.instrumentation.CreateClassResetClassAdapter createEmptyStaticReset
INFO: Adding bytecode for initializing field GE
Jan 10, 2019 10:44:53 AM org.evosuite.runtime.instrumentation.CreateClassResetClassAdapter createEmptyStaticReset
INFO: Adding bytecode for initializing field LSH
Jan 10, 2019 10:44:53 AM org.evosuite.runtime.instrumentation.CreateClassResetClassAdapter createEmptyStaticReset
INFO: Adding bytecode for initializing field RSH
Jan 10, 2019 10:44:53 AM org.evosuite.runtime.instrumentation.CreateClassResetClassAdapter createEmptyStaticReset
INFO: Adding bytecode for initializing field URSH
Jan 10, 2019 10:44:53 AM org.evosuite.runtime.instrumentation.CreateClassResetClassAdapter createEmptyStaticReset
INFO: Adding bytecode for initializing field ADD
Jan 10, 2019 10:44:53 AM org.evosuite.runtime.instrumentation.CreateClassResetClassAdapter createEmptyStaticReset
INFO: Adding bytecode for initializing field SUB
Jan 10, 2019 10:44:53 AM org.evosuite.runtime.instrumentation.CreateClassResetClassAdapter createEmptyStaticReset
INFO: Adding bytecode for initializing field MUL
Jan 10, 2019 10:44:53 AM org.evosuite.runtime.instrumentation.CreateClassResetClassAdapter createEmptyStaticReset
INFO: Adding bytecode for initializing field DIV
Jan 10, 2019 10:44:53 AM org.evosuite.runtime.instrumentation.CreateClassResetClassAdapter createEmptyStaticReset
INFO: Adding bytecode for initializing field MOD
Jan 10, 2019 10:44:53 AM org.evosuite.runtime.instrumentation.CreateClassResetClassAdapter createEmptyStaticReset
INFO: Adding bytecode for initializing field NOT
Jan 10, 2019 10:44:53 AM org.evosuite.runtime.instrumentation.CreateClassResetClassAdapter createEmptyStaticReset
INFO: Adding bytecode for initializing field BITNOT
Jan 10, 2019 10:44:53 AM org.evosuite.runtime.instrumentation.CreateClassResetClassAdapter createEmptyStaticReset
INFO: Adding bytecode for initializing field POS
Jan 10, 2019 10:44:53 AM org.evosuite.runtime.instrumentation.CreateClassResetClassAdapter createEmptyStaticReset
INFO: Adding bytecode for initializing field NEG
Jan 10, 2019 10:44:53 AM org.evosuite.runtime.instrumentation.CreateClassResetClassAdapter createEmptyStaticReset
INFO: Adding bytecode for initializing field NEW
Jan 10, 2019 10:44:53 AM org.evosuite.runtime.instrumentation.CreateClassResetClassAdapter createEmptyStaticReset
INFO: Adding bytecode for initializing field DELPROP
Jan 10, 2019 10:44:53 AM org.evosuite.runtime.instrumentation.CreateClassResetClassAdapter createEmptyStaticReset
INFO: Adding bytecode for initializing field TYPEOF
Jan 10, 2019 10:44:53 AM org.evosuite.runtime.instrumentation.CreateClassResetClassAdapter createEmptyStaticReset
INFO: Adding bytecode for initializing field GETPROP
Jan 10, 2019 10:44:53 AM org.evosuite.runtime.instrumentation.CreateClassResetClassAdapter createEmptyStaticReset
INFO: Adding bytecode for initializing field GETPROPNOWARN
Jan 10, 2019 10:44:53 AM org.evosuite.runtime.instrumentation.CreateClassResetClassAdapter createEmptyStaticReset
INFO: Adding bytecode for initializing field SETPROP
Jan 10, 2019 10:44:53 AM org.evosuite.runtime.instrumentation.CreateClassResetClassAdapter createEmptyStaticReset
INFO: Adding bytecode for initializing field GETELEM
Jan 10, 2019 10:44:53 AM org.evosuite.runtime.instrumentation.CreateClassResetClassAdapter createEmptyStaticReset
INFO: Adding bytecode for initializing field SETELEM
Jan 10, 2019 10:44:53 AM org.evosuite.runtime.instrumentation.CreateClassResetClassAdapter createEmptyStaticReset
INFO: Adding bytecode for initializing field CALL
Jan 10, 2019 10:44:53 AM org.evosuite.runtime.instrumentation.CreateClassResetClassAdapter createEmptyStaticReset
INFO: Adding bytecode for initializing field NAME
Jan 10, 2019 10:44:53 AM org.evosuite.runtime.instrumentation.CreateClassResetClassAdapter createEmptyStaticReset
INFO: Adding bytecode for initializing field NUMBER
Jan 10, 2019 10:44:53 AM org.evosuite.runtime.instrumentation.CreateClassResetClassAdapter createEmptyStaticReset
INFO: Adding bytecode for initializing field STRING
Jan 10, 2019 10:44:53 AM org.evosuite.runtime.instrumentation.CreateClassResetClassAdapter createEmptyStaticReset
INFO: Adding bytecode for initializing field NULL
Jan 10, 2019 10:44:53 AM org.evosuite.runtime.instrumentation.CreateClassResetClassAdapter createEmptyStaticReset
INFO: Adding bytecode for initializing field THIS
Jan 10, 2019 10:44:53 AM org.evosuite.runtime.instrumentation.CreateClassResetClassAdapter createEmptyStaticReset
INFO: Adding bytecode for initializing field FALSE
Jan 10, 2019 10:44:53 AM org.evosuite.runtime.instrumentation.CreateClassResetClassAdapter createEmptyStaticReset
INFO: Adding bytecode for initializing field TRUE
Jan 10, 2019 10:44:53 AM org.evosuite.runtime.instrumentation.CreateClassResetClassAdapter createEmptyStaticReset
INFO: Adding bytecode for initializing field SHEQ
Jan 10, 2019 10:44:53 AM org.evosuite.runtime.instrumentation.CreateClassResetClassAdapter createEmptyStaticReset
INFO: Adding bytecode for initializing field SHNE
Jan 10, 2019 10:44:53 AM org.evosuite.runtime.instrumentation.CreateClassResetClassAdapter createEmptyStaticReset
INFO: Adding bytecode for initializing field REGEXP
Jan 10, 2019 10:44:53 AM org.evosuite.runtime.instrumentation.CreateClassResetClassAdapter createEmptyStaticReset
INFO: Adding bytecode for initializing field BINDNAME
Jan 10, 2019 10:44:53 AM org.evosuite.runtime.instrumentation.CreateClassResetClassAdapter createEmptyStaticReset
INFO: Adding bytecode for initializing field THROW
Jan 10, 2019 10:44:53 AM org.evosuite.runtime.instrumentation.CreateClassResetClassAdapter createEmptyStaticReset
INFO: Adding bytecode for initializing field RETHROW
Jan 10, 2019 10:44:53 AM org.evosuite.runtime.instrumentation.CreateClassResetClassAdapter createEmptyStaticReset
INFO: Adding bytecode for initializing field IN
Jan 10, 2019 10:44:53 AM org.evosuite.runtime.instrumentation.CreateClassResetClassAdapter createEmptyStaticReset
INFO: Adding bytecode for initializing field INSTANCEOF
Jan 10, 2019 10:44:53 AM org.evosuite.runtime.instrumentation.CreateClassResetClassAdapter createEmptyStaticReset
INFO: Adding bytecode for initializing field LOCAL_LOAD
Jan 10, 2019 10:44:53 AM org.evosuite.runtime.instrumentation.CreateClassResetClassAdapter createEmptyStaticReset
INFO: Adding bytecode for initializing field GETVAR
Jan 10, 2019 10:44:53 AM org.evosuite.runtime.instrumentation.CreateClassResetClassAdapter createEmptyStaticReset
INFO: Adding bytecode for initializing field SETVAR
Jan 10, 2019 10:44:53 AM org.evosuite.runtime.instrumentation.CreateClassResetClassAdapter createEmptyStaticReset
INFO: Adding bytecode for initializing field CATCH_SCOPE
Jan 10, 2019 10:44:53 AM org.evosuite.runtime.instrumentation.CreateClassResetClassAdapter createEmptyStaticReset
INFO: Adding bytecode for initializing field ENUM_INIT_KEYS
Jan 10, 2019 10:44:53 AM org.evosuite.runtime.instrumentation.CreateClassResetClassAdapter createEmptyStaticReset
INFO: Adding bytecode for initializing field ENUM_INIT_VALUES
Jan 10, 2019 10:44:53 AM org.evosuite.runtime.instrumentation.CreateClassResetClassAdapter createEmptyStaticReset
INFO: Adding bytecode for initializing field ENUM_INIT_ARRAY
Jan 10, 2019 10:44:53 AM org.evosuite.runtime.instrumentation.CreateClassResetClassAdapter createEmptyStaticReset
INFO: Adding bytecode for initializing field ENUM_INIT_VALUES_IN_ORDER
Jan 10, 2019 10:44:53 AM org.evosuite.runtime.instrumentation.CreateClassResetClassAdapter createEmptyStaticReset
INFO: Adding bytecode for initializing field ENUM_NEXT
Jan 10, 2019 10:44:53 AM org.evosuite.runtime.instrumentation.CreateClassResetClassAdapter createEmptyStaticReset
INFO: Adding bytecode for initializing field ENUM_ID
Jan 10, 2019 10:44:53 AM org.evosuite.runtime.instrumentation.CreateClassResetClassAdapter createEmptyStaticReset
INFO: Adding bytecode for initializing field THISFN
Jan 10, 2019 10:44:53 AM org.evosuite.runtime.instrumentation.CreateClassResetClassAdapter createEmptyStaticReset
INFO: Adding bytecode for initializing field RETURN_RESULT
Jan 10, 2019 10:44:53 AM org.evosuite.runtime.instrumentation.CreateClassResetClassAdapter createEmptyStaticReset
INFO: Adding bytecode for initializing field ARRAYLIT
Jan 10, 2019 10:44:53 AM org.evosuite.runtime.instrumentation.CreateClassResetClassAdapter createEmptyStaticReset
INFO: Adding bytecode for initializing field OBJECTLIT
Jan 10, 2019 10:44:53 AM org.evosuite.runtime.instrumentation.CreateClassResetClassAdapter createEmptyStaticReset
INFO: Adding bytecode for initializing field GET_REF
Jan 10, 2019 10:44:53 AM org.evosuite.runtime.instrumentation.CreateClassResetClassAdapter createEmptyStaticReset
INFO: Adding bytecode for initializing field SET_REF
Jan 10, 2019 10:44:53 AM org.evosuite.runtime.instrumentation.CreateClassResetClassAdapter createEmptyStaticReset
INFO: Adding bytecode for initializing field DEL_REF
Jan 10, 2019 10:44:53 AM org.evosuite.runtime.instrumentation.CreateClassResetClassAdapter createEmptyStaticReset
INFO: Adding bytecode for initializing field REF_CALL
Jan 10, 2019 10:44:53 AM org.evosuite.runtime.instrumentation.CreateClassResetClassAdapter createEmptyStaticReset
INFO: Adding bytecode for initializing field REF_SPECIAL
Jan 10, 2019 10:44:53 AM org.evosuite.runtime.instrumentation.CreateClassResetClassAdapter createEmptyStaticReset
INFO: Adding bytecode for initializing field YIELD
Jan 10, 2019 10:44:53 AM org.evosuite.runtime.instrumentation.CreateClassResetClassAdapter createEmptyStaticReset
INFO: Adding bytecode for initializing field STRICT_SETNAME
Jan 10, 2019 10:44:53 AM org.evosuite.runtime.instrumentation.CreateClassResetClassAdapter createEmptyStaticReset
INFO: Adding bytecode for initializing field DEFAULTNAMESPACE
Jan 10, 2019 10:44:53 AM org.evosuite.runtime.instrumentation.CreateClassResetClassAdapter createEmptyStaticReset
INFO: Adding bytecode for initializing field ESCXMLATTR
Jan 10, 2019 10:44:53 AM org.evosuite.runtime.instrumentation.CreateClassResetClassAdapter createEmptyStaticReset
INFO: Adding bytecode for initializing field ESCXMLTEXT
Jan 10, 2019 10:44:53 AM org.evosuite.runtime.instrumentation.CreateClassResetClassAdapter createEmptyStaticReset
INFO: Adding bytecode for initializing field REF_MEMBER
Jan 10, 2019 10:44:53 AM org.evosuite.runtime.instrumentation.CreateClassResetClassAdapter createEmptyStaticReset
INFO: Adding bytecode for initializing field REF_NS_MEMBER
Jan 10, 2019 10:44:53 AM org.evosuite.runtime.instrumentation.CreateClassResetClassAdapter createEmptyStaticReset
INFO: Adding bytecode for initializing field REF_NAME
Jan 10, 2019 10:44:53 AM org.evosuite.runtime.instrumentation.CreateClassResetClassAdapter createEmptyStaticReset
INFO: Adding bytecode for initializing field REF_NS_NAME
Jan 10, 2019 10:44:53 AM org.evosuite.runtime.instrumentation.CreateClassResetClassAdapter createEmptyStaticReset
INFO: Adding bytecode for initializing field LAST_BYTECODE_TOKEN
Jan 10, 2019 10:44:53 AM org.evosuite.runtime.instrumentation.CreateClassResetClassAdapter createEmptyStaticReset
INFO: Adding bytecode for initializing field TRY
Jan 10, 2019 10:44:53 AM org.evosuite.runtime.instrumentation.CreateClassResetClassAdapter createEmptyStaticReset
INFO: Adding bytecode for initializing field SEMI
Jan 10, 2019 10:44:53 AM org.evosuite.runtime.instrumentation.CreateClassResetClassAdapter createEmptyStaticReset
INFO: Adding bytecode for initializing field LB
Jan 10, 2019 10:44:53 AM org.evosuite.runtime.instrumentation.CreateClassResetClassAdapter createEmptyStaticReset
INFO: Adding bytecode for initializing field RB
Jan 10, 2019 10:44:53 AM org.evosuite.runtime.instrumentation.CreateClassResetClassAdapter createEmptyStaticReset
INFO: Adding bytecode for initializing field LC
Jan 10, 2019 10:44:53 AM org.evosuite.runtime.instrumentation.CreateClassResetClassAdapter createEmptyStaticReset
INFO: Adding bytecode for initializing field RC
Jan 10, 2019 10:44:53 AM org.evosuite.runtime.instrumentation.CreateClassResetClassAdapter createEmptyStaticReset
INFO: Adding bytecode for initializing field LP
Jan 10, 2019 10:44:53 AM org.evosuite.runtime.instrumentation.CreateClassResetClassAdapter createEmptyStaticReset
INFO: Adding bytecode for initializing field RP
Jan 10, 2019 10:44:53 AM org.evosuite.runtime.instrumentation.CreateClassResetClassAdapter createEmptyStaticReset
INFO: Adding bytecode for initializing field COMMA
Jan 10, 2019 10:44:53 AM org.evosuite.runtime.instrumentation.CreateClassResetClassAdapter createEmptyStaticReset
INFO: Adding bytecode for initializing field ASSIGN
Jan 10, 2019 10:44:53 AM org.evosuite.runtime.instrumentation.CreateClassResetClassAdapter createEmptyStaticReset
INFO: Adding bytecode for initializing field ASSIGN_BITOR
Jan 10, 2019 10:44:53 AM org.evosuite.runtime.instrumentation.CreateClassResetClassAdapter createEmptyStaticReset
INFO: Adding bytecode for initializing field ASSIGN_BITXOR
Jan 10, 2019 10:44:53 AM org.evosuite.runtime.instrumentation.CreateClassResetClassAdapter createEmptyStaticReset
INFO: Adding bytecode for initializing field ASSIGN_BITAND
Jan 10, 2019 10:44:53 AM org.evosuite.runtime.instrumentation.CreateClassResetClassAdapter createEmptyStaticReset
INFO: Adding bytecode for initializing field ASSIGN_LSH
Jan 10, 2019 10:44:53 AM org.evosuite.runtime.instrumentation.CreateClassResetClassAdapter createEmptyStaticReset
INFO: Adding bytecode for initializing field ASSIGN_RSH
Jan 10, 2019 10:44:53 AM org.evosuite.runtime.instrumentation.CreateClassResetClassAdapter createEmptyStaticReset
INFO: Adding bytecode for initializing field ASSIGN_URSH
Jan 10, 2019 10:44:53 AM org.evosuite.runtime.instrumentation.CreateClassResetClassAdapter createEmptyStaticReset
INFO: Adding bytecode for initializing field ASSIGN_ADD
Jan 10, 2019 10:44:53 AM org.evosuite.runtime.instrumentation.CreateClassResetClassAdapter createEmptyStaticReset
INFO: Adding bytecode for initializing field ASSIGN_SUB
Jan 10, 2019 10:44:53 AM org.evosuite.runtime.instrumentation.CreateClassResetClassAdapter createEmptyStaticReset
INFO: Adding bytecode for initializing field ASSIGN_MUL
Jan 10, 2019 10:44:53 AM org.evosuite.runtime.instrumentation.CreateClassResetClassAdapter createEmptyStaticReset
INFO: Adding bytecode for initializing field ASSIGN_DIV
Jan 10, 2019 10:44:53 AM org.evosuite.runtime.instrumentation.CreateClassResetClassAdapter createEmptyStaticReset
INFO: Adding bytecode for initializing field ASSIGN_MOD
Jan 10, 2019 10:44:53 AM org.evosuite.runtime.instrumentation.CreateClassResetClassAdapter createEmptyStaticReset
INFO: Adding bytecode for initializing field FIRST_ASSIGN
Jan 10, 2019 10:44:53 AM org.evosuite.runtime.instrumentation.CreateClassResetClassAdapter createEmptyStaticReset
INFO: Adding bytecode for initializing field LAST_ASSIGN
Jan 10, 2019 10:44:53 AM org.evosuite.runtime.instrumentation.CreateClassResetClassAdapter createEmptyStaticReset
INFO: Adding bytecode for initializing field HOOK
Jan 10, 2019 10:44:53 AM org.evosuite.runtime.instrumentation.CreateClassResetClassAdapter createEmptyStaticReset
INFO: Adding bytecode for initializing field COLON
Jan 10, 2019 10:44:53 AM org.evosuite.runtime.instrumentation.CreateClassResetClassAdapter createEmptyStaticReset
INFO: Adding bytecode for initializing field OR
Jan 10, 2019 10:44:53 AM org.evosuite.runtime.instrumentation.CreateClassResetClassAdapter createEmptyStaticReset
INFO: Adding bytecode for initializing field AND
Jan 10, 2019 10:44:53 AM org.evosuite.runtime.instrumentation.CreateClassResetClassAdapter createEmptyStaticReset
INFO: Adding bytecode for initializing field INC
Jan 10, 2019 10:44:53 AM org.evosuite.runtime.instrumentation.CreateClassResetClassAdapter createEmptyStaticReset
INFO: Adding bytecode for initializing field DEC
Jan 10, 2019 10:44:53 AM org.evosuite.runtime.instrumentation.CreateClassResetClassAdapter createEmptyStaticReset
INFO: Adding bytecode for initializing field DOT
Jan 10, 2019 10:44:53 AM org.evosuite.runtime.instrumentation.CreateClassResetClassAdapter createEmptyStaticReset
INFO: Adding bytecode for initializing field FUNCTION
Jan 10, 2019 10:44:53 AM org.evosuite.runtime.instrumentation.CreateClassResetClassAdapter createEmptyStaticReset
INFO: Adding bytecode for initializing field EXPORT
Jan 10, 2019 10:44:53 AM org.evosuite.runtime.instrumentation.CreateClassResetClassAdapter createEmptyStaticReset
INFO: Adding bytecode for initializing field IMPORT
Jan 10, 2019 10:44:53 AM org.evosuite.runtime.instrumentation.CreateClassResetClassAdapter createEmptyStaticReset
INFO: Adding bytecode for initializing field IF
Jan 10, 2019 10:44:53 AM org.evosuite.runtime.instrumentation.CreateClassResetClassAdapter createEmptyStaticReset
INFO: Adding bytecode for initializing field ELSE
Jan 10, 2019 10:44:53 AM org.evosuite.runtime.instrumentation.CreateClassResetClassAdapter createEmptyStaticReset
INFO: Adding bytecode for initializing field SWITCH
Jan 10, 2019 10:44:53 AM org.evosuite.runtime.instrumentation.CreateClassResetClassAdapter createEmptyStaticReset
INFO: Adding bytecode for initializing field CASE
Jan 10, 2019 10:44:53 AM org.evosuite.runtime.instrumentation.CreateClassResetClassAdapter createEmptyStaticReset
INFO: Adding bytecode for initializing field DEFAULT
Jan 10, 2019 10:44:53 AM org.evosuite.runtime.instrumentation.CreateClassResetClassAdapter createEmptyStaticReset
INFO: Adding bytecode for initializing field WHILE
Jan 10, 2019 10:44:53 AM org.evosuite.runtime.instrumentation.CreateClassResetClassAdapter createEmptyStaticReset
INFO: Adding bytecode for initializing field DO
Jan 10, 2019 10:44:53 AM org.evosuite.runtime.instrumentation.CreateClassResetClassAdapter createEmptyStaticReset
INFO: Adding bytecode for initializing field FOR
Jan 10, 2019 10:44:53 AM org.evosuite.runtime.instrumentation.CreateClassResetClassAdapter createEmptyStaticReset
INFO: Adding bytecode for initializing field BREAK
Jan 10, 2019 10:44:53 AM org.evosuite.runtime.instrumentation.CreateClassResetClassAdapter createEmptyStaticReset
INFO: Adding bytecode for initializing field CONTINUE
Jan 10, 2019 10:44:53 AM org.evosuite.runtime.instrumentation.CreateClassResetClassAdapter createEmptyStaticReset
INFO: Adding bytecode for initializing field VAR
Jan 10, 2019 10:44:53 AM org.evosuite.runtime.instrumentation.CreateClassResetClassAdapter createEmptyStaticReset
INFO: Adding bytecode for initializing field WITH
Jan 10, 2019 10:44:53 AM org.evosuite.runtime.instrumentation.CreateClassResetClassAdapter createEmptyStaticReset
INFO: Adding bytecode for initializing field CATCH
Jan 10, 2019 10:44:53 AM org.evosuite.runtime.instrumentation.CreateClassResetClassAdapter createEmptyStaticReset
INFO: Adding bytecode for initializing field FINALLY
Jan 10, 2019 10:44:53 AM org.evosuite.runtime.instrumentation.CreateClassResetClassAdapter createEmptyStaticReset
INFO: Adding bytecode for initializing field VOID
Jan 10, 2019 10:44:53 AM org.evosuite.runtime.instrumentation.CreateClassResetClassAdapter createEmptyStaticReset
INFO: Adding bytecode for initializing field RESERVED
Jan 10, 2019 10:44:53 AM org.evosuite.runtime.instrumentation.CreateClassResetClassAdapter createEmptyStaticReset
INFO: Adding bytecode for initializing field EMPTY
Jan 10, 2019 10:44:53 AM org.evosuite.runtime.instrumentation.CreateClassResetClassAdapter createEmptyStaticReset
INFO: Adding bytecode for initializing field BLOCK
Jan 10, 2019 10:44:53 AM org.evosuite.runtime.instrumentation.CreateClassResetClassAdapter createEmptyStaticReset
INFO: Adding bytecode for initializing field LABEL
Jan 10, 2019 10:44:53 AM org.evosuite.runtime.instrumentation.CreateClassResetClassAdapter createEmptyStaticReset
INFO: Adding bytecode for initializing field TARGET
Jan 10, 2019 10:44:53 AM org.evosuite.runtime.instrumentation.CreateClassResetClassAdapter createEmptyStaticReset
INFO: Adding bytecode for initializing field LOOP
Jan 10, 2019 10:44:53 AM org.evosuite.runtime.instrumentation.CreateClassResetClassAdapter createEmptyStaticReset
INFO: Adding bytecode for initializing field EXPR_VOID
Jan 10, 2019 10:44:53 AM org.evosuite.runtime.instrumentation.CreateClassResetClassAdapter createEmptyStaticReset
INFO: Adding bytecode for initializing field EXPR_RESULT
Jan 10, 2019 10:44:53 AM org.evosuite.runtime.instrumentation.CreateClassResetClassAdapter createEmptyStaticReset
INFO: Adding bytecode for initializing field JSR
Jan 10, 2019 10:44:53 AM org.evosuite.runtime.instrumentation.CreateClassResetClassAdapter createEmptyStaticReset
INFO: Adding bytecode for initializing field SCRIPT
Jan 10, 2019 10:44:53 AM org.evosuite.runtime.instrumentation.CreateClassResetClassAdapter createEmptyStaticReset
INFO: Adding bytecode for initializing field TYPEOFNAME
Jan 10, 2019 10:44:53 AM org.evosuite.runtime.instrumentation.CreateClassResetClassAdapter createEmptyStaticReset
INFO: Adding bytecode for initializing field USE_STACK
Jan 10, 2019 10:44:53 AM org.evosuite.runtime.instrumentation.CreateClassResetClassAdapter createEmptyStaticReset
INFO: Adding bytecode for initializing field SETPROP_OP
Jan 10, 2019 10:44:53 AM org.evosuite.runtime.instrumentation.CreateClassResetClassAdapter createEmptyStaticReset
INFO: Adding bytecode for initializing field SETELEM_OP
Jan 10, 2019 10:44:53 AM org.evosuite.runtime.instrumentation.CreateClassResetClassAdapter createEmptyStaticReset
INFO: Adding bytecode for initializing field LOCAL_BLOCK
Jan 10, 2019 10:44:53 AM org.evosuite.runtime.instrumentation.CreateClassResetClassAdapter createEmptyStaticReset
INFO: Adding bytecode for initializing field SET_REF_OP
Jan 10, 2019 10:44:53 AM org.evosuite.runtime.instrumentation.CreateClassResetClassAdapter createEmptyStaticReset
INFO: Adding bytecode for initializing field DOTDOT
Jan 10, 2019 10:44:53 AM org.evosuite.runtime.instrumentation.CreateClassResetClassAdapter createEmptyStaticReset
INFO: Adding bytecode for initializing field COLONCOLON
Jan 10, 2019 10:44:53 AM org.evosuite.runtime.instrumentation.CreateClassResetClassAdapter createEmptyStaticReset
INFO: Adding bytecode for initializing field XML
Jan 10, 2019 10:44:53 AM org.evosuite.runtime.instrumentation.CreateClassResetClassAdapter createEmptyStaticReset
INFO: Adding bytecode for initializing field DOTQUERY
Jan 10, 2019 10:44:53 AM org.evosuite.runtime.instrumentation.CreateClassResetClassAdapter createEmptyStaticReset
INFO: Adding bytecode for initializing field XMLATTR
Jan 10, 2019 10:44:53 AM org.evosuite.runtime.instrumentation.CreateClassResetClassAdapter createEmptyStaticReset
INFO: Adding bytecode for initializing field XMLEND
Jan 10, 2019 10:44:53 AM org.evosuite.runtime.instrumentation.CreateClassResetClassAdapter createEmptyStaticReset
INFO: Adding bytecode for initializing field TO_OBJECT
Jan 10, 2019 10:44:53 AM org.evosuite.runtime.instrumentation.CreateClassResetClassAdapter createEmptyStaticReset
INFO: Adding bytecode for initializing field TO_DOUBLE
Jan 10, 2019 10:44:53 AM org.evosuite.runtime.instrumentation.CreateClassResetClassAdapter createEmptyStaticReset
INFO: Adding bytecode for initializing field GET
Jan 10, 2019 10:44:53 AM org.evosuite.runtime.instrumentation.CreateClassResetClassAdapter createEmptyStaticReset
INFO: Adding bytecode for initializing field SET
Jan 10, 2019 10:44:53 AM org.evosuite.runtime.instrumentation.CreateClassResetClassAdapter createEmptyStaticReset
INFO: Adding bytecode for initializing field LET
Jan 10, 2019 10:44:53 AM org.evosuite.runtime.instrumentation.CreateClassResetClassAdapter createEmptyStaticReset
INFO: Adding bytecode for initializing field CONST
Jan 10, 2019 10:44:53 AM org.evosuite.runtime.instrumentation.CreateClassResetClassAdapter createEmptyStaticReset
INFO: Adding bytecode for initializing field SETCONST
Jan 10, 2019 10:44:53 AM org.evosuite.runtime.instrumentation.CreateClassResetClassAdapter createEmptyStaticReset
INFO: Adding bytecode for initializing field SETCONSTVAR
Jan 10, 2019 10:44:53 AM org.evosuite.runtime.instrumentation.CreateClassResetClassAdapter createEmptyStaticReset
INFO: Adding bytecode for initializing field ARRAYCOMP
Jan 10, 2019 10:44:53 AM org.evosuite.runtime.instrumentation.CreateClassResetClassAdapter createEmptyStaticReset
INFO: Adding bytecode for initializing field LETEXPR
Jan 10, 2019 10:44:53 AM org.evosuite.runtime.instrumentation.CreateClassResetClassAdapter createEmptyStaticReset
INFO: Adding bytecode for initializing field WITHEXPR
Jan 10, 2019 10:44:53 AM org.evosuite.runtime.instrumentation.CreateClassResetClassAdapter createEmptyStaticReset
INFO: Adding bytecode for initializing field DEBUGGER
Jan 10, 2019 10:44:53 AM org.evosuite.runtime.instrumentation.CreateClassResetClassAdapter createEmptyStaticReset
INFO: Adding bytecode for initializing field COMMENT
Jan 10, 2019 10:44:53 AM org.evosuite.runtime.instrumentation.CreateClassResetClassAdapter createEmptyStaticReset
INFO: Adding bytecode for initializing field GENEXPR
Jan 10, 2019 10:44:53 AM org.evosuite.runtime.instrumentation.CreateClassResetClassAdapter createEmptyStaticReset
INFO: Adding bytecode for initializing field METHOD
Jan 10, 2019 10:44:53 AM org.evosuite.runtime.instrumentation.CreateClassResetClassAdapter createEmptyStaticReset
INFO: Adding bytecode for initializing field ARROW
Jan 10, 2019 10:44:53 AM org.evosuite.runtime.instrumentation.CreateClassResetClassAdapter createEmptyStaticReset
INFO: Adding bytecode for initializing field LAST_TOKEN
Jan 10, 2019 10:44:53 AM org.evosuite.runtime.instrumentation.EvoClassLoader instrumentClass
INFO: Keeping class: org.mozilla.javascript.Token
Jan 10, 2019 10:44:53 AM org.evosuite.runtime.instrumentation.EvoClassLoader loadClass
INFO: Seeing class for first time: org.mozilla.javascript.commonjs.module.provider.ModuleSourceProvider
Jan 10, 2019 10:44:53 AM org.evosuite.runtime.instrumentation.EvoClassLoader instrumentClass
INFO: Instrumenting class 'org.mozilla.javascript.commonjs.module.provider.ModuleSourceProvider'.
Jan 10, 2019 10:44:53 AM org.evosuite.runtime.instrumentation.EvoClassLoader createPackageDefinition
INFO: Defined package (3): package org.mozilla.javascript.commonjs.module.provider, 369829138
Jan 10, 2019 10:44:53 AM org.evosuite.runtime.instrumentation.EvoClassLoader instrumentClass
INFO: Keeping class: org.mozilla.javascript.commonjs.module.provider.ModuleSourceProvider
Jan 10, 2019 10:44:53 AM org.evosuite.runtime.instrumentation.EvoClassLoader loadClass
INFO: Seeing class for first time: org.mozilla.javascript.commonjs.module.provider.ModuleSource
Jan 10, 2019 10:44:53 AM org.evosuite.runtime.instrumentation.EvoClassLoader instrumentClass
INFO: Instrumenting class 'org.mozilla.javascript.commonjs.module.provider.ModuleSource'.
Jan 10, 2019 10:44:53 AM org.evosuite.runtime.instrumentation.MethodCallReplacementClassAdapter visit
INFO: Adding mock interface to class org/mozilla/javascript/commonjs/module/provider/ModuleSource
Jan 10, 2019 10:44:53 AM org.evosuite.runtime.instrumentation.CreateClassResetClassAdapter createEmptyStaticReset
INFO: Creating brand-new static initializer in class org/mozilla/javascript/commonjs/module/provider/ModuleSource
Jan 10, 2019 10:44:53 AM org.evosuite.runtime.instrumentation.EvoClassLoader instrumentClass
INFO: Keeping class: org.mozilla.javascript.commonjs.module.provider.ModuleSource
Jan 10, 2019 10:44:53 AM org.evosuite.runtime.instrumentation.EvoClassLoader loadClass
INFO: Seeing class for first time: org.mozilla.javascript.NativeWith
Jan 10, 2019 10:44:53 AM org.evosuite.runtime.instrumentation.EvoClassLoader instrumentClass
INFO: Instrumenting class 'org.mozilla.javascript.NativeWith'.
Jan 10, 2019 10:44:53 AM org.evosuite.runtime.instrumentation.MethodCallReplacementClassAdapter visit
INFO: Adding mock interface to class org/mozilla/javascript/NativeWith
Jan 10, 2019 10:44:53 AM org.evosuite.runtime.instrumentation.CreateClassResetClassAdapter visitMethod
INFO: Found static initializer in class org/mozilla/javascript/NativeWith
Jan 10, 2019 10:44:53 AM org.evosuite.runtime.instrumentation.EvoClassLoader instrumentClass
INFO: Keeping class: org.mozilla.javascript.NativeWith
Jan 10, 2019 10:44:53 AM org.evosuite.runtime.instrumentation.EvoClassLoader loadClass
INFO: Seeing class for first time: org.mozilla.javascript.EmbeddedSlotMap$Iter
Jan 10, 2019 10:44:53 AM org.evosuite.runtime.instrumentation.EvoClassLoader instrumentClass
INFO: Instrumenting class 'org.mozilla.javascript.EmbeddedSlotMap$Iter'.
Jan 10, 2019 10:44:53 AM org.evosuite.runtime.instrumentation.MethodCallReplacementClassAdapter visit
INFO: Adding mock interface to class org/mozilla/javascript/EmbeddedSlotMap$Iter
Jan 10, 2019 10:44:53 AM org.evosuite.runtime.instrumentation.CreateClassResetClassAdapter createEmptyStaticReset
INFO: Creating brand-new static initializer in class org/mozilla/javascript/EmbeddedSlotMap$Iter
Jan 10, 2019 10:44:53 AM org.evosuite.runtime.instrumentation.EvoClassLoader instrumentClass
INFO: Keeping class: org.mozilla.javascript.EmbeddedSlotMap$Iter
Jan 10, 2019 10:44:53 AM org.evosuite.runtime.instrumentation.EvoClassLoader loadClass
INFO: Seeing class for first time: org.mozilla.javascript.NativeJSON
Jan 10, 2019 10:44:53 AM org.evosuite.runtime.instrumentation.EvoClassLoader instrumentClass
INFO: Instrumenting class 'org.mozilla.javascript.NativeJSON'.
Jan 10, 2019 10:44:53 AM org.evosuite.runtime.instrumentation.MethodCallReplacementClassAdapter visit
INFO: Adding mock interface to class org/mozilla/javascript/NativeJSON
Jan 10, 2019 10:44:53 AM org.evosuite.runtime.instrumentation.CreateClassResetClassAdapter visitMethod
INFO: Found static initializer in class org/mozilla/javascript/NativeJSON
Jan 10, 2019 10:44:53 AM org.evosuite.runtime.instrumentation.EvoClassLoader instrumentClass
INFO: Keeping class: org.mozilla.javascript.NativeJSON
Jan 10, 2019 10:44:53 AM org.evosuite.runtime.instrumentation.EvoClassLoader loadClass
INFO: Seeing class for first time: org.mozilla.javascript.json.JsonParser$ParseException
Jan 10, 2019 10:44:53 AM org.evosuite.runtime.instrumentation.EvoClassLoader instrumentClass
INFO: Instrumenting class 'org.mozilla.javascript.json.JsonParser$ParseException'.
Jan 10, 2019 10:44:53 AM org.evosuite.runtime.instrumentation.MethodCallReplacementClassAdapter visit
INFO: Adding mock interface to class org/mozilla/javascript/json/JsonParser$ParseException
Jan 10, 2019 10:44:53 AM org.evosuite.runtime.instrumentation.CreateClassResetClassAdapter createEmptyStaticReset
INFO: Creating brand-new static initializer in class org/mozilla/javascript/json/JsonParser$ParseException
Jan 10, 2019 10:44:53 AM org.evosuite.runtime.instrumentation.EvoClassLoader createPackageDefinition
INFO: Defined package (3): package org.mozilla.javascript.json, 1794756289
Jan 10, 2019 10:44:53 AM org.evosuite.runtime.instrumentation.EvoClassLoader instrumentClass
INFO: Keeping class: org.mozilla.javascript.json.JsonParser$ParseException
Jan 10, 2019 10:44:53 AM org.evosuite.runtime.instrumentation.EvoClassLoader loadClass
INFO: Seeing class for first time: org.mozilla.javascript.NativeGenerator
Jan 10, 2019 10:44:53 AM org.evosuite.runtime.instrumentation.EvoClassLoader instrumentClass
INFO: Instrumenting class 'org.mozilla.javascript.NativeGenerator'.
Jan 10, 2019 10:44:53 AM org.evosuite.runtime.instrumentation.MethodCallReplacementClassAdapter visit
INFO: Adding mock interface to class org/mozilla/javascript/NativeGenerator
Jan 10, 2019 10:44:53 AM org.evosuite.runtime.instrumentation.CreateClassResetClassAdapter visitMethod
INFO: Found static initializer in class org/mozilla/javascript/NativeGenerator
Jan 10, 2019 10:44:53 AM org.evosuite.runtime.instrumentation.EvoClassLoader instrumentClass
INFO: Keeping class: org.mozilla.javascript.NativeGenerator
Jan 10, 2019 10:44:53 AM org.evosuite.runtime.instrumentation.EvoClassLoader loadClass
INFO: Seeing class for first time: org.mozilla.javascript.NativeGenerator$GeneratorClosedException
Jan 10, 2019 10:44:53 AM org.evosuite.runtime.instrumentation.EvoClassLoader instrumentClass
INFO: Instrumenting class 'org.mozilla.javascript.NativeGenerator$GeneratorClosedException'.
Jan 10, 2019 10:44:53 AM org.evosuite.runtime.instrumentation.MethodCallReplacementClassAdapter visit
INFO: Adding mock interface to class org/mozilla/javascript/NativeGenerator$GeneratorClosedException
Jan 10, 2019 10:44:53 AM org.evosuite.runtime.instrumentation.CreateClassResetClassAdapter createEmptyStaticReset
INFO: Creating brand-new static initializer in class org/mozilla/javascript/NativeGenerator$GeneratorClosedException
Jan 10, 2019 10:44:53 AM org.evosuite.runtime.instrumentation.EvoClassLoader instrumentClass
INFO: Keeping class: org.mozilla.javascript.NativeGenerator$GeneratorClosedException
Jan 10, 2019 10:44:53 AM org.evosuite.runtime.instrumentation.EvoClassLoader loadClass
INFO: Seeing class for first time: org.mozilla.javascript.tools.shell.ShellConsole$SimpleShellConsole
Jan 10, 2019 10:44:53 AM org.evosuite.runtime.instrumentation.EvoClassLoader instrumentClass
INFO: Instrumenting class 'org.mozilla.javascript.tools.shell.ShellConsole$SimpleShellConsole'.
Jan 10, 2019 10:44:53 AM org.evosuite.runtime.instrumentation.MethodCallReplacementClassAdapter visit
INFO: Adding mock interface to class org/mozilla/javascript/tools/shell/ShellConsole$SimpleShellConsole
Jan 10, 2019 10:44:53 AM org.evosuite.runtime.instrumentation.CreateClassResetClassAdapter createEmptyStaticReset
INFO: Creating brand-new static initializer in class org/mozilla/javascript/tools/shell/ShellConsole$SimpleShellConsole
Jan 10, 2019 10:44:53 AM org.evosuite.runtime.instrumentation.EvoClassLoader createPackageDefinition
INFO: Defined package (3): package org.mozilla.javascript.tools.shell, -969077660
Jan 10, 2019 10:44:53 AM org.evosuite.runtime.instrumentation.EvoClassLoader loadClass
INFO: Seeing class for first time: org.mozilla.javascript.tools.shell.ShellConsole
Jan 10, 2019 10:44:53 AM org.evosuite.runtime.instrumentation.EvoClassLoader instrumentClass
INFO: Instrumenting class 'org.mozilla.javascript.tools.shell.ShellConsole'.
Jan 10, 2019 10:44:53 AM org.evosuite.runtime.instrumentation.MethodCallReplacementClassAdapter visit
INFO: Adding mock interface to class org/mozilla/javascript/tools/shell/ShellConsole
Jan 10, 2019 10:44:53 AM org.evosuite.runtime.instrumentation.CreateClassResetClassAdapter visitMethod
INFO: Found static initializer in class org/mozilla/javascript/tools/shell/ShellConsole
Jan 10, 2019 10:44:53 AM org.evosuite.runtime.instrumentation.EvoClassLoader instrumentClass
INFO: Keeping class: org.mozilla.javascript.tools.shell.ShellConsole
Jan 10, 2019 10:44:53 AM org.evosuite.runtime.instrumentation.EvoClassLoader instrumentClass
INFO: Keeping class: org.mozilla.javascript.tools.shell.ShellConsole$SimpleShellConsole
Jan 10, 2019 10:44:53 AM org.evosuite.runtime.instrumentation.EvoClassLoader loadClass
INFO: Seeing class for first time: org.mozilla.javascript.tools.shell.ShellConsole$JLineShellConsoleV2
Jan 10, 2019 10:44:53 AM org.evosuite.runtime.instrumentation.EvoClassLoader instrumentClass
INFO: Instrumenting class 'org.mozilla.javascript.tools.shell.ShellConsole$JLineShellConsoleV2'.
Jan 10, 2019 10:44:53 AM org.evosuite.runtime.instrumentation.MethodCallReplacementClassAdapter visit
INFO: Adding mock interface to class org/mozilla/javascript/tools/shell/ShellConsole$JLineShellConsoleV2
Jan 10, 2019 10:44:53 AM org.evosuite.runtime.instrumentation.CreateClassResetClassAdapter createEmptyStaticReset
INFO: Creating brand-new static initializer in class org/mozilla/javascript/tools/shell/ShellConsole$JLineShellConsoleV2
Jan 10, 2019 10:44:53 AM org.evosuite.runtime.instrumentation.EvoClassLoader instrumentClass
INFO: Keeping class: org.mozilla.javascript.tools.shell.ShellConsole$JLineShellConsoleV2
Jan 10, 2019 10:44:53 AM org.evosuite.runtime.instrumentation.EvoClassLoader loadClass
INFO: Seeing class for first time: org.mozilla.javascript.tools.shell.ShellConsole$JLineShellConsoleV1
Jan 10, 2019 10:44:53 AM org.evosuite.runtime.instrumentation.EvoClassLoader instrumentClass
INFO: Instrumenting class 'org.mozilla.javascript.tools.shell.ShellConsole$JLineShellConsoleV1'.
Jan 10, 2019 10:44:53 AM org.evosuite.runtime.instrumentation.MethodCallReplacementClassAdapter visit
INFO: Adding mock interface to class org/mozilla/javascript/tools/shell/ShellConsole$JLineShellConsoleV1
Jan 10, 2019 10:44:53 AM org.evosuite.runtime.instrumentation.CreateClassResetClassAdapter createEmptyStaticReset
INFO: Creating brand-new static initializer in class org/mozilla/javascript/tools/shell/ShellConsole$JLineShellConsoleV1
Jan 10, 2019 10:44:53 AM org.evosuite.runtime.instrumentation.EvoClassLoader instrumentClass
INFO: Keeping class: org.mozilla.javascript.tools.shell.ShellConsole$JLineShellConsoleV1
Jan 10, 2019 10:44:53 AM org.evosuite.runtime.instrumentation.EvoClassLoader loadClass
INFO: Seeing class for first time: org.mozilla.javascript.ObjArray
Jan 10, 2019 10:44:53 AM org.evosuite.runtime.instrumentation.EvoClassLoader instrumentClass
INFO: Instrumenting class 'org.mozilla.javascript.ObjArray'.
Jan 10, 2019 10:44:53 AM org.evosuite.runtime.instrumentation.MethodCallReplacementClassAdapter visit
INFO: Adding mock interface to class org/mozilla/javascript/ObjArray
Jan 10, 2019 10:44:53 AM org.evosuite.runtime.instrumentation.CreateClassResetClassAdapter createEmptyStaticReset
INFO: Creating brand-new static initializer in class org/mozilla/javascript/ObjArray
Jan 10, 2019 10:44:53 AM org.evosuite.runtime.instrumentation.CreateClassResetClassAdapter createEmptyStaticReset
INFO: Adding bytecode for initializing field FIELDS_STORE_SIZE
Jan 10, 2019 10:44:53 AM org.evosuite.runtime.instrumentation.EvoClassLoader instrumentClass
INFO: Keeping class: org.mozilla.javascript.ObjArray
Jan 10, 2019 10:44:53 AM org.evosuite.runtime.instrumentation.EvoClassLoader loadClass
INFO: Seeing class for first time: org.mozilla.javascript.SymbolKey
Jan 10, 2019 10:44:53 AM org.evosuite.runtime.instrumentation.EvoClassLoader instrumentClass
INFO: Instrumenting class 'org.mozilla.javascript.SymbolKey'.
Jan 10, 2019 10:44:53 AM org.evosuite.runtime.instrumentation.MethodCallReplacementClassAdapter visit
INFO: Adding mock interface to class org/mozilla/javascript/SymbolKey
Jan 10, 2019 10:44:53 AM org.evosuite.runtime.instrumentation.CreateClassResetClassAdapter visitMethod
INFO: Found static initializer in class org/mozilla/javascript/SymbolKey
Jan 10, 2019 10:44:53 AM org.evosuite.runtime.instrumentation.EvoClassLoader instrumentClass
INFO: Keeping class: org.mozilla.javascript.SymbolKey
Jan 10, 2019 10:44:53 AM org.evosuite.runtime.instrumentation.EvoClassLoader loadClass
INFO: Seeing class for first time: org.mozilla.javascript.ast.XmlRef
Jan 10, 2019 10:44:53 AM org.evosuite.runtime.instrumentation.EvoClassLoader instrumentClass
INFO: Instrumenting class 'org.mozilla.javascript.ast.XmlRef'.
Jan 10, 2019 10:44:53 AM org.evosuite.runtime.instrumentation.MethodCallReplacementClassAdapter visit
INFO: Adding mock interface to class org/mozilla/javascript/ast/XmlRef
Jan 10, 2019 10:44:53 AM org.evosuite.runtime.instrumentation.CreateClassResetClassAdapter createEmptyStaticReset
INFO: Creating brand-new static initializer in class org/mozilla/javascript/ast/XmlRef
Jan 10, 2019 10:44:53 AM org.evosuite.runtime.instrumentation.EvoClassLoader instrumentClass
INFO: Keeping class: org.mozilla.javascript.ast.XmlRef
Jan 10, 2019 10:44:53 AM org.evosuite.runtime.instrumentation.EvoClassLoader loadClass
INFO: Seeing class for first time: org.mozilla.javascript.ES6Iterator
Jan 10, 2019 10:44:53 AM org.evosuite.runtime.instrumentation.EvoClassLoader instrumentClass
INFO: Instrumenting class 'org.mozilla.javascript.ES6Iterator'.
Jan 10, 2019 10:44:53 AM org.evosuite.runtime.instrumentation.MethodCallReplacementClassAdapter visit
INFO: Adding mock interface to class org/mozilla/javascript/ES6Iterator
Jan 10, 2019 10:44:53 AM org.evosuite.runtime.instrumentation.CreateClassResetClassAdapter createEmptyStaticReset
INFO: Creating brand-new static initializer in class org/mozilla/javascript/ES6Iterator
Jan 10, 2019 10:44:53 AM org.evosuite.runtime.instrumentation.CreateClassResetClassAdapter createEmptyStaticReset
INFO: Adding bytecode for initializing field Id_next
Jan 10, 2019 10:44:53 AM org.evosuite.runtime.instrumentation.CreateClassResetClassAdapter createEmptyStaticReset
INFO: Adding bytecode for initializing field Id_iterator
Jan 10, 2019 10:44:53 AM org.evosuite.runtime.instrumentation.CreateClassResetClassAdapter createEmptyStaticReset
INFO: Adding bytecode for initializing field Id_toStringTag
Jan 10, 2019 10:44:53 AM org.evosuite.runtime.instrumentation.CreateClassResetClassAdapter createEmptyStaticReset
INFO: Adding bytecode for initializing field MAX_PROTOTYPE_ID
Jan 10, 2019 10:44:53 AM org.evosuite.runtime.instrumentation.CreateClassResetClassAdapter createEmptyStaticReset
INFO: Adding bytecode for initializing field NEXT_METHOD
Jan 10, 2019 10:44:53 AM org.evosuite.runtime.instrumentation.CreateClassResetClassAdapter createEmptyStaticReset
INFO: Adding bytecode for initializing field DONE_PROPERTY
Jan 10, 2019 10:44:53 AM org.evosuite.runtime.instrumentation.CreateClassResetClassAdapter createEmptyStaticReset
INFO: Adding bytecode for initializing field VALUE_PROPERTY
Jan 10, 2019 10:44:53 AM org.evosuite.runtime.instrumentation.EvoClassLoader instrumentClass
INFO: Keeping class: org.mozilla.javascript.ES6Iterator
Jan 10, 2019 10:44:53 AM org.evosuite.runtime.instrumentation.EvoClassLoader loadClass
INFO: Seeing class for first time: org.mozilla.javascript.StackStyle
Jan 10, 2019 10:44:53 AM org.evosuite.runtime.instrumentation.EvoClassLoader instrumentClass
INFO: Instrumenting class 'org.mozilla.javascript.StackStyle'.
Jan 10, 2019 10:44:53 AM org.evosuite.runtime.instrumentation.MethodCallReplacementClassAdapter visit
INFO: Adding mock interface to class org/mozilla/javascript/StackStyle
Jan 10, 2019 10:44:53 AM org.evosuite.runtime.instrumentation.CreateClassResetClassAdapter visitMethod
INFO: Found static initializer in class org/mozilla/javascript/StackStyle
Jan 10, 2019 10:44:53 AM org.evosuite.runtime.instrumentation.EvoClassLoader instrumentClass
INFO: Keeping class: org.mozilla.javascript.StackStyle
Jan 10, 2019 10:44:53 AM org.evosuite.runtime.instrumentation.EvoClassLoader loadClass
INFO: Seeing class for first time: org.mozilla.javascript.ast.RegExpLiteral
Jan 10, 2019 10:44:53 AM org.evosuite.runtime.instrumentation.EvoClassLoader instrumentClass
INFO: Instrumenting class 'org.mozilla.javascript.ast.RegExpLiteral'.
Jan 10, 2019 10:44:53 AM org.evosuite.runtime.instrumentation.MethodCallReplacementClassAdapter visit
INFO: Adding mock interface to class org/mozilla/javascript/ast/RegExpLiteral
Jan 10, 2019 10:44:53 AM org.evosuite.runtime.instrumentation.CreateClassResetClassAdapter createEmptyStaticReset
INFO: Creating brand-new static initializer in class org/mozilla/javascript/ast/RegExpLiteral
Jan 10, 2019 10:44:53 AM org.evosuite.runtime.instrumentation.EvoClassLoader instrumentClass
INFO: Keeping class: org.mozilla.javascript.ast.RegExpLiteral
Jan 10, 2019 10:44:53 AM org.evosuite.runtime.instrumentation.EvoClassLoader loadClass
INFO: Seeing class for first time: org.mozilla.javascript.NativeError$ProtoProps
Jan 10, 2019 10:44:53 AM org.evosuite.runtime.instrumentation.EvoClassLoader instrumentClass
INFO: Instrumenting class 'org.mozilla.javascript.NativeError$ProtoProps'.
Jan 10, 2019 10:44:53 AM org.evosuite.runtime.instrumentation.MethodCallReplacementClassAdapter visit
INFO: Adding mock interface to class org/mozilla/javascript/NativeError$ProtoProps
Jan 10, 2019 10:44:53 AM org.evosuite.runtime.instrumentation.CreateClassResetClassAdapter visitMethod
INFO: Found static initializer in class org/mozilla/javascript/NativeError$ProtoProps
Jan 10, 2019 10:44:53 AM org.evosuite.runtime.instrumentation.EvoClassLoader instrumentClass
INFO: Keeping class: org.mozilla.javascript.NativeError$ProtoProps
Jan 10, 2019 10:44:53 AM org.evosuite.runtime.instrumentation.EvoClassLoader loadClass
INFO: Seeing class for first time: org.mozilla.javascript.v8dtoa.DoubleConversion
Jan 10, 2019 10:44:53 AM org.evosuite.runtime.instrumentation.EvoClassLoader instrumentClass
INFO: Instrumenting class 'org.mozilla.javascript.v8dtoa.DoubleConversion'.
Jan 10, 2019 10:44:53 AM org.evosuite.runtime.instrumentation.MethodCallReplacementClassAdapter visit
INFO: Adding mock interface to class org/mozilla/javascript/v8dtoa/DoubleConversion
Jan 10, 2019 10:44:53 AM org.evosuite.runtime.instrumentation.CreateClassResetClassAdapter createEmptyStaticReset
INFO: Creating brand-new static initializer in class org/mozilla/javascript/v8dtoa/DoubleConversion
Jan 10, 2019 10:44:53 AM org.evosuite.runtime.instrumentation.CreateClassResetClassAdapter createEmptyStaticReset
INFO: Adding bytecode for initializing field kSignMask
Jan 10, 2019 10:44:53 AM org.evosuite.runtime.instrumentation.CreateClassResetClassAdapter createEmptyStaticReset
INFO: Adding bytecode for initializing field kExponentMask
Jan 10, 2019 10:44:53 AM org.evosuite.runtime.instrumentation.CreateClassResetClassAdapter createEmptyStaticReset
INFO: Adding bytecode for initializing field kSignificandMask
Jan 10, 2019 10:44:53 AM org.evosuite.runtime.instrumentation.CreateClassResetClassAdapter createEmptyStaticReset
INFO: Adding bytecode for initializing field kHiddenBit
Jan 10, 2019 10:44:53 AM org.evosuite.runtime.instrumentation.CreateClassResetClassAdapter createEmptyStaticReset
INFO: Adding bytecode for initializing field kPhysicalSignificandSize
Jan 10, 2019 10:44:53 AM org.evosuite.runtime.instrumentation.CreateClassResetClassAdapter createEmptyStaticReset
INFO: Adding bytecode for initializing field kSignificandSize
Jan 10, 2019 10:44:53 AM org.evosuite.runtime.instrumentation.CreateClassResetClassAdapter createEmptyStaticReset
INFO: Adding bytecode for initializing field kExponentBias
Jan 10, 2019 10:44:53 AM org.evosuite.runtime.instrumentation.CreateClassResetClassAdapter createEmptyStaticReset
INFO: Adding bytecode for initializing field kDenormalExponent
Jan 10, 2019 10:44:53 AM org.evosuite.runtime.instrumentation.EvoClassLoader createPackageDefinition
INFO: Defined package (3): package org.mozilla.javascript.v8dtoa, -1527315587
Jan 10, 2019 10:44:53 AM org.evosuite.runtime.instrumentation.EvoClassLoader instrumentClass
INFO: Keeping class: org.mozilla.javascript.v8dtoa.DoubleConversion
Jan 10, 2019 10:44:53 AM org.evosuite.runtime.instrumentation.EvoClassLoader loadClass
INFO: Seeing class for first time: org.mozilla.javascript.NativeJavaPackage
Jan 10, 2019 10:44:53 AM org.evosuite.runtime.instrumentation.EvoClassLoader instrumentClass
INFO: Instrumenting class 'org.mozilla.javascript.NativeJavaPackage'.
Jan 10, 2019 10:44:53 AM org.evosuite.runtime.instrumentation.MethodCallReplacementClassAdapter visit
INFO: Adding mock interface to class org/mozilla/javascript/NativeJavaPackage
Jan 10, 2019 10:44:53 AM org.evosuite.runtime.instrumentation.CreateClassResetClassAdapter createEmptyStaticReset
INFO: Creating brand-new static initializer in class org/mozilla/javascript/NativeJavaPackage
Jan 10, 2019 10:44:53 AM org.evosuite.runtime.instrumentation.EvoClassLoader instrumentClass
INFO: Keeping class: org.mozilla.javascript.NativeJavaPackage
Jan 10, 2019 10:44:54 AM org.evosuite.runtime.instrumentation.EvoClassLoader loadClass
INFO: Seeing class for first time: org.mozilla.javascript.SpecialRef
Jan 10, 2019 10:44:54 AM org.evosuite.runtime.instrumentation.EvoClassLoader instrumentClass
INFO: Instrumenting class 'org.mozilla.javascript.SpecialRef'.
Jan 10, 2019 10:44:54 AM org.evosuite.runtime.instrumentation.MethodCallReplacementClassAdapter visit
INFO: Adding mock interface to class org/mozilla/javascript/SpecialRef
Jan 10, 2019 10:44:54 AM org.evosuite.runtime.instrumentation.CreateClassResetClassAdapter createEmptyStaticReset
INFO: Creating brand-new static initializer in class org/mozilla/javascript/SpecialRef
Jan 10, 2019 10:44:54 AM org.evosuite.runtime.instrumentation.CreateClassResetClassAdapter createEmptyStaticReset
INFO: Adding bytecode for initializing field SPECIAL_NONE
Jan 10, 2019 10:44:54 AM org.evosuite.runtime.instrumentation.CreateClassResetClassAdapter createEmptyStaticReset
INFO: Adding bytecode for initializing field SPECIAL_PROTO
Jan 10, 2019 10:44:54 AM org.evosuite.runtime.instrumentation.CreateClassResetClassAdapter createEmptyStaticReset
INFO: Adding bytecode for initializing field SPECIAL_PARENT
Jan 10, 2019 10:44:54 AM org.evosuite.runtime.instrumentation.EvoClassLoader loadClass
INFO: Seeing class for first time: org.mozilla.javascript.Ref
Jan 10, 2019 10:44:54 AM org.evosuite.runtime.instrumentation.EvoClassLoader instrumentClass
INFO: Instrumenting class 'org.mozilla.javascript.Ref'.
Jan 10, 2019 10:44:54 AM org.evosuite.runtime.instrumentation.MethodCallReplacementClassAdapter visit
INFO: Adding mock interface to class org/mozilla/javascript/Ref
Jan 10, 2019 10:44:54 AM org.evosuite.runtime.instrumentation.CreateClassResetClassAdapter createEmptyStaticReset
INFO: Creating brand-new static initializer in class org/mozilla/javascript/Ref
Jan 10, 2019 10:44:54 AM org.evosuite.runtime.instrumentation.EvoClassLoader instrumentClass
INFO: Keeping class: org.mozilla.javascript.Ref
Jan 10, 2019 10:44:54 AM org.evosuite.runtime.instrumentation.EvoClassLoader instrumentClass
INFO: Keeping class: org.mozilla.javascript.SpecialRef
Jan 10, 2019 10:44:54 AM org.evosuite.runtime.instrumentation.EvoClassLoader loadClass
INFO: Seeing class for first time: org.mozilla.javascript.ContextFactory$1GlobalSetterImpl
Jan 10, 2019 10:44:54 AM org.evosuite.runtime.instrumentation.EvoClassLoader instrumentClass
INFO: Instrumenting class 'org.mozilla.javascript.ContextFactory$1GlobalSetterImpl'.
Jan 10, 2019 10:44:54 AM org.evosuite.runtime.instrumentation.MethodCallReplacementClassAdapter visit
INFO: Adding mock interface to class org/mozilla/javascript/ContextFactory$1GlobalSetterImpl
Jan 10, 2019 10:44:54 AM org.evosuite.runtime.instrumentation.EvoClassLoader loadClass
INFO: Seeing class for first time: org.mozilla.javascript.ContextFactory$GlobalSetter
Jan 10, 2019 10:44:54 AM org.evosuite.runtime.instrumentation.EvoClassLoader instrumentClass
INFO: Instrumenting class 'org.mozilla.javascript.ContextFactory$GlobalSetter'.
Jan 10, 2019 10:44:54 AM org.evosuite.runtime.instrumentation.EvoClassLoader instrumentClass
INFO: Keeping class: org.mozilla.javascript.ContextFactory$GlobalSetter
Jan 10, 2019 10:44:54 AM org.evosuite.runtime.instrumentation.EvoClassLoader instrumentClass
INFO: Keeping class: org.mozilla.javascript.ContextFactory$1GlobalSetterImpl
Jan 10, 2019 10:44:54 AM org.evosuite.runtime.instrumentation.EvoClassLoader loadClass
INFO: Seeing class for first time: org.mozilla.javascript.NativeString
Jan 10, 2019 10:44:54 AM org.evosuite.runtime.instrumentation.EvoClassLoader instrumentClass
INFO: Instrumenting class 'org.mozilla.javascript.NativeString'.
Jan 10, 2019 10:44:54 AM org.evosuite.runtime.instrumentation.MethodCallReplacementClassAdapter visit
INFO: Adding mock interface to class org/mozilla/javascript/NativeString
Jan 10, 2019 10:44:54 AM org.evosuite.runtime.instrumentation.CreateClassResetClassAdapter visitMethod
INFO: Found static initializer in class org/mozilla/javascript/NativeString
Jan 10, 2019 10:44:54 AM org.evosuite.runtime.instrumentation.EvoClassLoader instrumentClass
INFO: Keeping class: org.mozilla.javascript.NativeString
Jan 10, 2019 10:44:54 AM org.evosuite.runtime.instrumentation.EvoClassLoader loadClass
INFO: Seeing class for first time: org.mozilla.javascript.optimizer.BodyCodegen
Jan 10, 2019 10:44:54 AM org.evosuite.runtime.instrumentation.EvoClassLoader instrumentClass
INFO: Instrumenting class 'org.mozilla.javascript.optimizer.BodyCodegen'.
Jan 10, 2019 10:44:54 AM org.evosuite.runtime.instrumentation.MethodCallReplacementClassAdapter visit
INFO: Adding mock interface to class org/mozilla/javascript/optimizer/BodyCodegen
Jan 10, 2019 10:44:54 AM org.evosuite.runtime.instrumentation.CreateClassResetClassAdapter visitMethod
INFO: Found static initializer in class org/mozilla/javascript/optimizer/BodyCodegen
Jan 10, 2019 10:44:54 AM org.evosuite.runtime.instrumentation.EvoClassLoader instrumentClass
INFO: Keeping class: org.mozilla.javascript.optimizer.BodyCodegen
Jan 10, 2019 10:44:54 AM org.evosuite.runtime.instrumentation.EvoClassLoader loadClass
INFO: Seeing class for first time: org.mozilla.javascript.typedarrays.NativeArrayBuffer
Jan 10, 2019 10:44:54 AM org.evosuite.runtime.instrumentation.EvoClassLoader instrumentClass
INFO: Instrumenting class 'org.mozilla.javascript.typedarrays.NativeArrayBuffer'.
Jan 10, 2019 10:44:54 AM org.evosuite.runtime.instrumentation.MethodCallReplacementClassAdapter visit
INFO: Adding mock interface to class org/mozilla/javascript/typedarrays/NativeArrayBuffer
Jan 10, 2019 10:44:54 AM org.evosuite.runtime.instrumentation.CreateClassResetClassAdapter visitMethod
INFO: Found static initializer in class org/mozilla/javascript/typedarrays/NativeArrayBuffer
Jan 10, 2019 10:44:54 AM org.evosuite.runtime.instrumentation.EvoClassLoader instrumentClass
INFO: Keeping class: org.mozilla.javascript.typedarrays.NativeArrayBuffer
Jan 10, 2019 10:44:54 AM org.evosuite.runtime.instrumentation.EvoClassLoader loadClass
INFO: Seeing class for first time: org.mozilla.javascript.WrappedException
Jan 10, 2019 10:44:54 AM org.evosuite.runtime.instrumentation.EvoClassLoader instrumentClass
INFO: Instrumenting class 'org.mozilla.javascript.WrappedException'.
Jan 10, 2019 10:44:54 AM org.evosuite.runtime.instrumentation.MethodCallReplacementClassAdapter visit
INFO: Adding mock interface to class org/mozilla/javascript/WrappedException
Jan 10, 2019 10:44:54 AM org.evosuite.runtime.instrumentation.CreateClassResetClassAdapter createEmptyStaticReset
INFO: Creating brand-new static initializer in class org/mozilla/javascript/WrappedException
Jan 10, 2019 10:44:54 AM org.evosuite.runtime.instrumentation.EvoClassLoader instrumentClass
INFO: Keeping class: org.mozilla.javascript.WrappedException
Jan 10, 2019 10:44:54 AM org.evosuite.runtime.instrumentation.EvoClassLoader loadClass
INFO: Seeing class for first time: org.mozilla.javascript.ContextFactory$Listener
Jan 10, 2019 10:44:54 AM org.evosuite.runtime.instrumentation.EvoClassLoader instrumentClass
INFO: Instrumenting class 'org.mozilla.javascript.ContextFactory$Listener'.
Jan 10, 2019 10:44:54 AM org.evosuite.runtime.instrumentation.EvoClassLoader instrumentClass
INFO: Keeping class: org.mozilla.javascript.ContextFactory$Listener
Jan 10, 2019 10:44:54 AM org.evosuite.runtime.instrumentation.EvoClassLoader loadClass
INFO: Seeing class for first time: org.mozilla.javascript.ContextAction
Jan 10, 2019 10:44:54 AM org.evosuite.runtime.instrumentation.EvoClassLoader instrumentClass
INFO: Instrumenting class 'org.mozilla.javascript.ContextAction'.
Jan 10, 2019 10:44:54 AM org.evosuite.runtime.instrumentation.EvoClassLoader instrumentClass
INFO: Keeping class: org.mozilla.javascript.ContextAction
Jan 10, 2019 10:44:54 AM org.evosuite.runtime.instrumentation.EvoClassLoader loadClass
INFO: Seeing class for first time: org.mozilla.javascript.NativeArray
Jan 10, 2019 10:44:54 AM org.evosuite.runtime.instrumentation.EvoClassLoader instrumentClass
INFO: Instrumenting class 'org.mozilla.javascript.NativeArray'.
Jan 10, 2019 10:44:54 AM org.evosuite.runtime.instrumentation.MethodCallReplacementClassAdapter visit
INFO: Adding mock interface to class org/mozilla/javascript/NativeArray
Jan 10, 2019 10:44:54 AM org.evosuite.runtime.instrumentation.CreateClassResetClassAdapter visitMethod
INFO: Found static initializer in class org/mozilla/javascript/NativeArray
Jan 10, 2019 10:44:54 AM org.evosuite.runtime.instrumentation.EvoClassLoader instrumentClass
INFO: Keeping class: org.mozilla.javascript.NativeArray
Jan 10, 2019 10:44:54 AM org.evosuite.runtime.instrumentation.EvoClassLoader loadClass
INFO: Seeing class for first time: org.mozilla.javascript.ScriptRuntime
Jan 10, 2019 10:44:54 AM org.evosuite.runtime.instrumentation.EvoClassLoader instrumentClass
INFO: Instrumenting class 'org.mozilla.javascript.ScriptRuntime'.
Jan 10, 2019 10:44:54 AM org.evosuite.runtime.instrumentation.MethodCallReplacementClassAdapter visit
INFO: Adding mock interface to class org/mozilla/javascript/ScriptRuntime
Jan 10, 2019 10:44:54 AM org.evosuite.runtime.instrumentation.CreateClassResetClassAdapter visitMethod
INFO: Found static initializer in class org/mozilla/javascript/ScriptRuntime
Jan 10, 2019 10:44:54 AM org.evosuite.runtime.instrumentation.EvoClassLoader instrumentClass
INFO: Keeping class: org.mozilla.javascript.ScriptRuntime
Jan 10, 2019 10:44:54 AM org.evosuite.runtime.instrumentation.EvoClassLoader loadClass
INFO: Seeing class for first time: org.mozilla.javascript.ScriptRuntime$MessageProvider
Jan 10, 2019 10:44:54 AM org.evosuite.runtime.instrumentation.EvoClassLoader instrumentClass
INFO: Instrumenting class 'org.mozilla.javascript.ScriptRuntime$MessageProvider'.
Jan 10, 2019 10:44:54 AM org.evosuite.runtime.instrumentation.EvoClassLoader instrumentClass
INFO: Keeping class: org.mozilla.javascript.ScriptRuntime$MessageProvider
Jan 10, 2019 10:44:54 AM org.evosuite.runtime.instrumentation.EvoClassLoader loadClass
INFO: Seeing class for first time: org.mozilla.javascript.NativeSymbol
Jan 10, 2019 10:44:54 AM org.evosuite.runtime.instrumentation.EvoClassLoader instrumentClass
INFO: Instrumenting class 'org.mozilla.javascript.NativeSymbol'.
Jan 10, 2019 10:44:54 AM org.evosuite.runtime.instrumentation.MethodCallReplacementClassAdapter visit
INFO: Adding mock interface to class org/mozilla/javascript/NativeSymbol
Jan 10, 2019 10:44:54 AM org.evosuite.runtime.instrumentation.CreateClassResetClassAdapter visitMethod
INFO: Found static initializer in class org/mozilla/javascript/NativeSymbol
Jan 10, 2019 10:44:54 AM org.evosuite.runtime.instrumentation.EvoClassLoader instrumentClass
INFO: Keeping class: org.mozilla.javascript.NativeSymbol
Jan 10, 2019 10:44:54 AM org.evosuite.runtime.instrumentation.EvoClassLoader loadClass
INFO: Seeing class for first time: org.mozilla.javascript.NativeNumber
Jan 10, 2019 10:44:54 AM org.evosuite.runtime.instrumentation.EvoClassLoader instrumentClass
INFO: Instrumenting class 'org.mozilla.javascript.NativeNumber'.
Jan 10, 2019 10:44:54 AM org.evosuite.runtime.instrumentation.MethodCallReplacementClassAdapter visit
INFO: Adding mock interface to class org/mozilla/javascript/NativeNumber
Jan 10, 2019 10:44:54 AM org.evosuite.runtime.instrumentation.CreateClassResetClassAdapter visitMethod
INFO: Found static initializer in class org/mozilla/javascript/NativeNumber
Jan 10, 2019 10:44:54 AM org.evosuite.runtime.instrumentation.EvoClassLoader instrumentClass
INFO: Keeping class: org.mozilla.javascript.NativeNumber
Jan 10, 2019 10:44:54 AM org.evosuite.runtime.instrumentation.EvoClassLoader loadClass
INFO: Seeing class for first time: org.mozilla.javascript.ScriptRuntime$1
Jan 10, 2019 10:44:54 AM org.evosuite.runtime.instrumentation.EvoClassLoader instrumentClass
INFO: Instrumenting class 'org.mozilla.javascript.ScriptRuntime$1'.
Jan 10, 2019 10:44:54 AM org.evosuite.runtime.instrumentation.MethodCallReplacementClassAdapter visit
INFO: Adding mock interface to class org/mozilla/javascript/ScriptRuntime$1
Jan 10, 2019 10:44:54 AM org.evosuite.runtime.instrumentation.EvoClassLoader instrumentClass
INFO: Keeping class: org.mozilla.javascript.ScriptRuntime$1
Jan 10, 2019 10:44:54 AM org.evosuite.runtime.instrumentation.EvoClassLoader loadClass
INFO: Seeing class for first time: org.mozilla.javascript.ImporterTopLevel
Jan 10, 2019 10:44:54 AM org.evosuite.runtime.instrumentation.EvoClassLoader instrumentClass
INFO: Instrumenting class 'org.mozilla.javascript.ImporterTopLevel'.
Jan 10, 2019 10:44:54 AM org.evosuite.runtime.instrumentation.MethodCallReplacementClassAdapter visit
INFO: Adding mock interface to class org/mozilla/javascript/ImporterTopLevel
Jan 10, 2019 10:44:54 AM org.evosuite.runtime.instrumentation.CreateClassResetClassAdapter visitMethod
INFO: Found static initializer in class org/mozilla/javascript/ImporterTopLevel
Jan 10, 2019 10:44:54 AM org.evosuite.runtime.instrumentation.EvoClassLoader loadClass
INFO: Seeing class for first time: org.mozilla.javascript.TopLevel
Jan 10, 2019 10:44:54 AM org.evosuite.runtime.instrumentation.EvoClassLoader instrumentClass
INFO: Instrumenting class 'org.mozilla.javascript.TopLevel'.
Jan 10, 2019 10:44:54 AM org.evosuite.runtime.instrumentation.MethodCallReplacementClassAdapter visit
INFO: Adding mock interface to class org/mozilla/javascript/TopLevel
Jan 10, 2019 10:44:54 AM org.evosuite.runtime.instrumentation.CreateClassResetClassAdapter visitMethod
INFO: Found static initializer in class org/mozilla/javascript/TopLevel
Jan 10, 2019 10:44:54 AM org.evosuite.runtime.instrumentation.EvoClassLoader instrumentClass
INFO: Keeping class: org.mozilla.javascript.TopLevel
Jan 10, 2019 10:44:54 AM org.evosuite.runtime.instrumentation.EvoClassLoader instrumentClass
INFO: Keeping class: org.mozilla.javascript.ImporterTopLevel
Jan 10, 2019 10:44:54 AM org.evosuite.runtime.instrumentation.EvoClassLoader loadClass
INFO: Seeing class for first time: org.mozilla.javascript.Kit
Jan 10, 2019 10:44:54 AM org.evosuite.runtime.instrumentation.EvoClassLoader instrumentClass
INFO: Instrumenting class 'org.mozilla.javascript.Kit'.
Jan 10, 2019 10:44:54 AM org.evosuite.runtime.instrumentation.MethodCallReplacementClassAdapter visit
INFO: Adding mock interface to class org/mozilla/javascript/Kit
Jan 10, 2019 10:44:54 AM org.evosuite.runtime.instrumentation.CreateClassResetClassAdapter visitMethod
INFO: Found static initializer in class org/mozilla/javascript/Kit
Jan 10, 2019 10:44:54 AM org.evosuite.runtime.instrumentation.EvoClassLoader instrumentClass
INFO: Keeping class: org.mozilla.javascript.Kit
Jan 10, 2019 10:44:54 AM org.evosuite.runtime.instrumentation.EvoClassLoader loadClass
INFO: Seeing class for first time: org.mozilla.javascript.ContextFactory
Jan 10, 2019 10:44:54 AM org.evosuite.runtime.instrumentation.EvoClassLoader instrumentClass
INFO: Instrumenting class 'org.mozilla.javascript.ContextFactory'.
Jan 10, 2019 10:44:54 AM org.evosuite.runtime.instrumentation.MethodCallReplacementClassAdapter visit
INFO: Adding mock interface to class org/mozilla/javascript/ContextFactory
Jan 10, 2019 10:44:54 AM org.evosuite.runtime.instrumentation.CreateClassResetClassAdapter visitMethod
INFO: Found static initializer in class org/mozilla/javascript/ContextFactory
Jan 10, 2019 10:44:54 AM org.evosuite.runtime.instrumentation.EvoClassLoader instrumentClass
INFO: Keeping class: org.mozilla.javascript.ContextFactory
Jan 10, 2019 10:44:54 AM org.evosuite.runtime.instrumentation.EvoClassLoader loadClass
INFO: Seeing class for first time: org.mozilla.javascript.ScriptRuntime$DefaultMessageProvider
Jan 10, 2019 10:44:54 AM org.evosuite.runtime.instrumentation.EvoClassLoader instrumentClass
INFO: Instrumenting class 'org.mozilla.javascript.ScriptRuntime$DefaultMessageProvider'.
Jan 10, 2019 10:44:54 AM org.evosuite.runtime.instrumentation.MethodCallReplacementClassAdapter visit
INFO: Adding mock interface to class org/mozilla/javascript/ScriptRuntime$DefaultMessageProvider
Jan 10, 2019 10:44:54 AM org.evosuite.runtime.instrumentation.CreateClassResetClassAdapter createEmptyStaticReset
INFO: Creating brand-new static initializer in class org/mozilla/javascript/ScriptRuntime$DefaultMessageProvider
Jan 10, 2019 10:44:54 AM org.evosuite.runtime.instrumentation.EvoClassLoader instrumentClass
INFO: Keeping class: org.mozilla.javascript.ScriptRuntime$DefaultMessageProvider
Jan 10, 2019 10:44:54 AM org.evosuite.runtime.instrumentation.EvoClassLoader loadClass
INFO: Seeing class for first time: org.mozilla.javascript.optimizer.Codegen
Jan 10, 2019 10:44:54 AM org.evosuite.runtime.instrumentation.EvoClassLoader instrumentClass
INFO: Instrumenting class 'org.mozilla.javascript.optimizer.Codegen'.
Jan 10, 2019 10:44:54 AM org.evosuite.runtime.instrumentation.MethodCallReplacementClassAdapter visit
INFO: Adding mock interface to class org/mozilla/javascript/optimizer/Codegen
Jan 10, 2019 10:44:54 AM org.evosuite.runtime.instrumentation.CreateClassResetClassAdapter visitMethod
INFO: Found static initializer in class org/mozilla/javascript/optimizer/Codegen
Jan 10, 2019 10:44:54 AM org.evosuite.runtime.instrumentation.EvoClassLoader loadClass
INFO: Seeing class for first time: org.mozilla.javascript.Evaluator
Jan 10, 2019 10:44:54 AM org.evosuite.runtime.instrumentation.EvoClassLoader instrumentClass
INFO: Instrumenting class 'org.mozilla.javascript.Evaluator'.
Jan 10, 2019 10:44:54 AM org.evosuite.runtime.instrumentation.EvoClassLoader instrumentClass
INFO: Keeping class: org.mozilla.javascript.Evaluator
Jan 10, 2019 10:44:54 AM org.evosuite.runtime.instrumentation.EvoClassLoader instrumentClass
INFO: Keeping class: org.mozilla.javascript.optimizer.Codegen
Jan 10, 2019 10:44:54 AM org.evosuite.runtime.instrumentation.EvoClassLoader loadClass
INFO: Seeing class for first time: org.mozilla.classfile.ClassFileWriter$ClassFileFormatException
Jan 10, 2019 10:44:54 AM org.evosuite.runtime.instrumentation.EvoClassLoader instrumentClass
INFO: Instrumenting class 'org.mozilla.classfile.ClassFileWriter$ClassFileFormatException'.
Jan 10, 2019 10:44:54 AM org.evosuite.runtime.instrumentation.MethodCallReplacementClassAdapter visit
INFO: Adding mock interface to class org/mozilla/classfile/ClassFileWriter$ClassFileFormatException
Jan 10, 2019 10:44:54 AM org.evosuite.runtime.instrumentation.CreateClassResetClassAdapter createEmptyStaticReset
INFO: Creating brand-new static initializer in class org/mozilla/classfile/ClassFileWriter$ClassFileFormatException
Jan 10, 2019 10:44:54 AM org.evosuite.runtime.instrumentation.EvoClassLoader instrumentClass
INFO: Keeping class: org.mozilla.classfile.ClassFileWriter$ClassFileFormatException
Jan 10, 2019 10:44:54 AM org.evosuite.runtime.instrumentation.EvoClassLoader loadClass
INFO: Seeing class for first time: org.mozilla.javascript.Interpreter
Jan 10, 2019 10:44:54 AM org.evosuite.runtime.instrumentation.EvoClassLoader instrumentClass
INFO: Instrumenting class 'org.mozilla.javascript.Interpreter'.
Jan 10, 2019 10:44:54 AM org.evosuite.runtime.instrumentation.MethodCallReplacementClassAdapter visit
INFO: Adding mock interface to class org/mozilla/javascript/Interpreter
Jan 10, 2019 10:44:54 AM org.evosuite.runtime.instrumentation.CreateClassResetClassAdapter visitMethod
INFO: Found static initializer in class org/mozilla/javascript/Interpreter
Jan 10, 2019 10:44:54 AM org.evosuite.runtime.instrumentation.EvoClassLoader loadClass
INFO: Seeing class for first time: org.mozilla.javascript.Icode
Jan 10, 2019 10:44:54 AM org.evosuite.runtime.instrumentation.EvoClassLoader instrumentClass
INFO: Instrumenting class 'org.mozilla.javascript.Icode'.
Jan 10, 2019 10:44:54 AM org.evosuite.runtime.instrumentation.MethodCallReplacementClassAdapter visit
INFO: Adding mock interface to class org/mozilla/javascript/Icode
Jan 10, 2019 10:44:54 AM org.evosuite.runtime.instrumentation.CreateClassResetClassAdapter createEmptyStaticReset
INFO: Creating brand-new static initializer in class org/mozilla/javascript/Icode
Jan 10, 2019 10:44:54 AM org.evosuite.runtime.instrumentation.CreateClassResetClassAdapter createEmptyStaticReset
INFO: Adding bytecode for initializing field Icode_DELNAME
Jan 10, 2019 10:44:54 AM org.evosuite.runtime.instrumentation.CreateClassResetClassAdapter createEmptyStaticReset
INFO: Adding bytecode for initializing field Icode_DUP
Jan 10, 2019 10:44:54 AM org.evosuite.runtime.instrumentation.CreateClassResetClassAdapter createEmptyStaticReset
INFO: Adding bytecode for initializing field Icode_DUP2
Jan 10, 2019 10:44:54 AM org.evosuite.runtime.instrumentation.CreateClassResetClassAdapter createEmptyStaticReset
INFO: Adding bytecode for initializing field Icode_SWAP
Jan 10, 2019 10:44:54 AM org.evosuite.runtime.instrumentation.CreateClassResetClassAdapter createEmptyStaticReset
INFO: Adding bytecode for initializing field Icode_POP
Jan 10, 2019 10:44:54 AM org.evosuite.runtime.instrumentation.CreateClassResetClassAdapter createEmptyStaticReset
INFO: Adding bytecode for initializing field Icode_POP_RESULT
Jan 10, 2019 10:44:54 AM org.evosuite.runtime.instrumentation.CreateClassResetClassAdapter createEmptyStaticReset
INFO: Adding bytecode for initializing field Icode_IFEQ_POP
Jan 10, 2019 10:44:54 AM org.evosuite.runtime.instrumentation.CreateClassResetClassAdapter createEmptyStaticReset
INFO: Adding bytecode for initializing field Icode_VAR_INC_DEC
Jan 10, 2019 10:44:54 AM org.evosuite.runtime.instrumentation.CreateClassResetClassAdapter createEmptyStaticReset
INFO: Adding bytecode for initializing field Icode_NAME_INC_DEC
Jan 10, 2019 10:44:54 AM org.evosuite.runtime.instrumentation.CreateClassResetClassAdapter createEmptyStaticReset
INFO: Adding bytecode for initializing field Icode_PROP_INC_DEC
Jan 10, 2019 10:44:54 AM org.evosuite.runtime.instrumentation.CreateClassResetClassAdapter createEmptyStaticReset
INFO: Adding bytecode for initializing field Icode_ELEM_INC_DEC
Jan 10, 2019 10:44:54 AM org.evosuite.runtime.instrumentation.CreateClassResetClassAdapter createEmptyStaticReset
INFO: Adding bytecode for initializing field Icode_REF_INC_DEC
Jan 10, 2019 10:44:55 AM org.evosuite.runtime.instrumentation.CreateClassResetClassAdapter createEmptyStaticReset
INFO: Adding bytecode for initializing field Icode_SCOPE_LOAD
Jan 10, 2019 10:44:55 AM org.evosuite.runtime.instrumentation.CreateClassResetClassAdapter createEmptyStaticReset
INFO: Adding bytecode for initializing field Icode_SCOPE_SAVE
Jan 10, 2019 10:44:55 AM org.evosuite.runtime.instrumentation.CreateClassResetClassAdapter createEmptyStaticReset
INFO: Adding bytecode for initializing field Icode_TYPEOFNAME
Jan 10, 2019 10:44:55 AM org.evosuite.runtime.instrumentation.CreateClassResetClassAdapter createEmptyStaticReset
INFO: Adding bytecode for initializing field Icode_NAME_AND_THIS
Jan 10, 2019 10:44:55 AM org.evosuite.runtime.instrumentation.CreateClassResetClassAdapter createEmptyStaticReset
INFO: Adding bytecode for initializing field Icode_PROP_AND_THIS
Jan 10, 2019 10:44:55 AM org.evosuite.runtime.instrumentation.CreateClassResetClassAdapter createEmptyStaticReset
INFO: Adding bytecode for initializing field Icode_ELEM_AND_THIS
Jan 10, 2019 10:44:55 AM org.evosuite.runtime.instrumentation.CreateClassResetClassAdapter createEmptyStaticReset
INFO: Adding bytecode for initializing field Icode_VALUE_AND_THIS
Jan 10, 2019 10:44:55 AM org.evosuite.runtime.instrumentation.CreateClassResetClassAdapter createEmptyStaticReset
INFO: Adding bytecode for initializing field Icode_CLOSURE_EXPR
Jan 10, 2019 10:44:55 AM org.evosuite.runtime.instrumentation.CreateClassResetClassAdapter createEmptyStaticReset
INFO: Adding bytecode for initializing field Icode_CLOSURE_STMT
Jan 10, 2019 10:44:55 AM org.evosuite.runtime.instrumentation.CreateClassResetClassAdapter createEmptyStaticReset
INFO: Adding bytecode for initializing field Icode_CALLSPECIAL
Jan 10, 2019 10:44:55 AM org.evosuite.runtime.instrumentation.CreateClassResetClassAdapter createEmptyStaticReset
INFO: Adding bytecode for initializing field Icode_RETUNDEF
Jan 10, 2019 10:44:55 AM org.evosuite.runtime.instrumentation.CreateClassResetClassAdapter createEmptyStaticReset
INFO: Adding bytecode for initializing field Icode_GOSUB
Jan 10, 2019 10:44:55 AM org.evosuite.runtime.instrumentation.CreateClassResetClassAdapter createEmptyStaticReset
INFO: Adding bytecode for initializing field Icode_STARTSUB
Jan 10, 2019 10:44:55 AM org.evosuite.runtime.instrumentation.CreateClassResetClassAdapter createEmptyStaticReset
INFO: Adding bytecode for initializing field Icode_RETSUB
Jan 10, 2019 10:44:55 AM org.evosuite.runtime.instrumentation.CreateClassResetClassAdapter createEmptyStaticReset
INFO: Adding bytecode for initializing field Icode_LINE
Jan 10, 2019 10:44:55 AM org.evosuite.runtime.instrumentation.CreateClassResetClassAdapter createEmptyStaticReset
INFO: Adding bytecode for initializing field Icode_SHORTNUMBER
Jan 10, 2019 10:44:55 AM org.evosuite.runtime.instrumentation.CreateClassResetClassAdapter createEmptyStaticReset
INFO: Adding bytecode for initializing field Icode_INTNUMBER
Jan 10, 2019 10:44:55 AM org.evosuite.runtime.instrumentation.CreateClassResetClassAdapter createEmptyStaticReset
INFO: Adding bytecode for initializing field Icode_LITERAL_NEW
Jan 10, 2019 10:44:55 AM org.evosuite.runtime.instrumentation.CreateClassResetClassAdapter createEmptyStaticReset
INFO: Adding bytecode for initializing field Icode_LITERAL_SET
Jan 10, 2019 10:44:55 AM org.evosuite.runtime.instrumentation.CreateClassResetClassAdapter createEmptyStaticReset
INFO: Adding bytecode for initializing field Icode_SPARE_ARRAYLIT
Jan 10, 2019 10:44:55 AM org.evosuite.runtime.instrumentation.CreateClassResetClassAdapter createEmptyStaticReset
INFO: Adding bytecode for initializing field Icode_REG_IND_C0
Jan 10, 2019 10:44:55 AM org.evosuite.runtime.instrumentation.CreateClassResetClassAdapter createEmptyStaticReset
INFO: Adding bytecode for initializing field Icode_REG_IND_C1
Jan 10, 2019 10:44:55 AM org.evosuite.runtime.instrumentation.CreateClassResetClassAdapter createEmptyStaticReset
INFO: Adding bytecode for initializing field Icode_REG_IND_C2
Jan 10, 2019 10:44:55 AM org.evosuite.runtime.instrumentation.CreateClassResetClassAdapter createEmptyStaticReset
INFO: Adding bytecode for initializing field Icode_REG_IND_C3
Jan 10, 2019 10:44:55 AM org.evosuite.runtime.instrumentation.CreateClassResetClassAdapter createEmptyStaticReset
INFO: Adding bytecode for initializing field Icode_REG_IND_C4
Jan 10, 2019 10:44:55 AM org.evosuite.runtime.instrumentation.CreateClassResetClassAdapter createEmptyStaticReset
INFO: Adding bytecode for initializing field Icode_REG_IND_C5
Jan 10, 2019 10:44:55 AM org.evosuite.runtime.instrumentation.CreateClassResetClassAdapter createEmptyStaticReset
INFO: Adding bytecode for initializing field Icode_REG_IND1
Jan 10, 2019 10:44:55 AM org.evosuite.runtime.instrumentation.CreateClassResetClassAdapter createEmptyStaticReset
INFO: Adding bytecode for initializing field Icode_REG_IND2
Jan 10, 2019 10:44:55 AM org.evosuite.runtime.instrumentation.CreateClassResetClassAdapter createEmptyStaticReset
INFO: Adding bytecode for initializing field Icode_REG_IND4
Jan 10, 2019 10:44:55 AM org.evosuite.runtime.instrumentation.CreateClassResetClassAdapter createEmptyStaticReset
INFO: Adding bytecode for initializing field Icode_REG_STR_C0
Jan 10, 2019 10:44:55 AM org.evosuite.runtime.instrumentation.CreateClassResetClassAdapter createEmptyStaticReset
INFO: Adding bytecode for initializing field Icode_REG_STR_C1
Jan 10, 2019 10:44:55 AM org.evosuite.runtime.instrumentation.CreateClassResetClassAdapter createEmptyStaticReset
INFO: Adding bytecode for initializing field Icode_REG_STR_C2
Jan 10, 2019 10:44:55 AM org.evosuite.runtime.instrumentation.CreateClassResetClassAdapter createEmptyStaticReset
INFO: Adding bytecode for initializing field Icode_REG_STR_C3
Jan 10, 2019 10:44:55 AM org.evosuite.runtime.instrumentation.CreateClassResetClassAdapter createEmptyStaticReset
INFO: Adding bytecode for initializing field Icode_REG_STR1
Jan 10, 2019 10:44:55 AM org.evosuite.runtime.instrumentation.CreateClassResetClassAdapter createEmptyStaticReset
INFO: Adding bytecode for initializing field Icode_REG_STR2
Jan 10, 2019 10:44:55 AM org.evosuite.runtime.instrumentation.CreateClassResetClassAdapter createEmptyStaticReset
INFO: Adding bytecode for initializing field Icode_REG_STR4
Jan 10, 2019 10:44:55 AM org.evosuite.runtime.instrumentation.CreateClassResetClassAdapter createEmptyStaticReset
INFO: Adding bytecode for initializing field Icode_GETVAR1
Jan 10, 2019 10:44:55 AM org.evosuite.runtime.instrumentation.CreateClassResetClassAdapter createEmptyStaticReset
INFO: Adding bytecode for initializing field Icode_SETVAR1
Jan 10, 2019 10:44:55 AM org.evosuite.runtime.instrumentation.CreateClassResetClassAdapter createEmptyStaticReset
INFO: Adding bytecode for initializing field Icode_UNDEF
Jan 10, 2019 10:44:55 AM org.evosuite.runtime.instrumentation.CreateClassResetClassAdapter createEmptyStaticReset
INFO: Adding bytecode for initializing field Icode_ZERO
Jan 10, 2019 10:44:55 AM org.evosuite.runtime.instrumentation.CreateClassResetClassAdapter createEmptyStaticReset
INFO: Adding bytecode for initializing field Icode_ONE
Jan 10, 2019 10:44:55 AM org.evosuite.runtime.instrumentation.CreateClassResetClassAdapter createEmptyStaticReset
INFO: Adding bytecode for initializing field Icode_ENTERDQ
Jan 10, 2019 10:44:55 AM org.evosuite.runtime.instrumentation.CreateClassResetClassAdapter createEmptyStaticReset
INFO: Adding bytecode for initializing field Icode_LEAVEDQ
Jan 10, 2019 10:44:55 AM org.evosuite.runtime.instrumentation.CreateClassResetClassAdapter createEmptyStaticReset
INFO: Adding bytecode for initializing field Icode_TAIL_CALL
Jan 10, 2019 10:44:55 AM org.evosuite.runtime.instrumentation.CreateClassResetClassAdapter createEmptyStaticReset
INFO: Adding bytecode for initializing field Icode_LOCAL_CLEAR
Jan 10, 2019 10:44:55 AM org.evosuite.runtime.instrumentation.CreateClassResetClassAdapter createEmptyStaticReset
INFO: Adding bytecode for initializing field Icode_LITERAL_GETTER
Jan 10, 2019 10:44:55 AM org.evosuite.runtime.instrumentation.CreateClassResetClassAdapter createEmptyStaticReset
INFO: Adding bytecode for initializing field Icode_LITERAL_SETTER
Jan 10, 2019 10:44:55 AM org.evosuite.runtime.instrumentation.CreateClassResetClassAdapter createEmptyStaticReset
INFO: Adding bytecode for initializing field Icode_SETCONST
Jan 10, 2019 10:44:55 AM org.evosuite.runtime.instrumentation.CreateClassResetClassAdapter createEmptyStaticReset
INFO: Adding bytecode for initializing field Icode_SETCONSTVAR
Jan 10, 2019 10:44:55 AM org.evosuite.runtime.instrumentation.CreateClassResetClassAdapter createEmptyStaticReset
INFO: Adding bytecode for initializing field Icode_SETCONSTVAR1
Jan 10, 2019 10:44:55 AM org.evosuite.runtime.instrumentation.CreateClassResetClassAdapter createEmptyStaticReset
INFO: Adding bytecode for initializing field Icode_GENERATOR
Jan 10, 2019 10:44:55 AM org.evosuite.runtime.instrumentation.CreateClassResetClassAdapter createEmptyStaticReset
INFO: Adding bytecode for initializing field Icode_GENERATOR_END
Jan 10, 2019 10:44:55 AM org.evosuite.runtime.instrumentation.CreateClassResetClassAdapter createEmptyStaticReset
INFO: Adding bytecode for initializing field Icode_DEBUGGER
Jan 10, 2019 10:44:55 AM org.evosuite.runtime.instrumentation.CreateClassResetClassAdapter createEmptyStaticReset
INFO: Adding bytecode for initializing field MIN_ICODE
Jan 10, 2019 10:44:55 AM org.evosuite.runtime.instrumentation.EvoClassLoader instrumentClass
INFO: Keeping class: org.mozilla.javascript.Icode
Jan 10, 2019 10:44:55 AM org.evosuite.runtime.instrumentation.EvoClassLoader instrumentClass
INFO: Keeping class: org.mozilla.javascript.Interpreter
Jan 10, 2019 10:44:55 AM org.evosuite.runtime.instrumentation.EvoClassLoader loadClass
INFO: Seeing class for first time: org.mozilla.javascript.NativeContinuation
Jan 10, 2019 10:44:55 AM org.evosuite.runtime.instrumentation.EvoClassLoader instrumentClass
INFO: Instrumenting class 'org.mozilla.javascript.NativeContinuation'.
Jan 10, 2019 10:44:55 AM org.evosuite.runtime.instrumentation.MethodCallReplacementClassAdapter visit
INFO: Adding mock interface to class org/mozilla/javascript/NativeContinuation
Jan 10, 2019 10:44:55 AM org.evosuite.runtime.instrumentation.CreateClassResetClassAdapter visitMethod
INFO: Found static initializer in class org/mozilla/javascript/NativeContinuation
Jan 10, 2019 10:44:55 AM org.evosuite.runtime.instrumentation.EvoClassLoader instrumentClass
INFO: Keeping class: org.mozilla.javascript.NativeContinuation
Jan 10, 2019 10:44:55 AM org.evosuite.runtime.instrumentation.EvoClassLoader loadClass
INFO: Seeing class for first time: org.mozilla.javascript.debug.DebuggableScript
Jan 10, 2019 10:44:55 AM org.evosuite.runtime.instrumentation.EvoClassLoader instrumentClass
INFO: Instrumenting class 'org.mozilla.javascript.debug.DebuggableScript'.
Jan 10, 2019 10:44:55 AM org.evosuite.runtime.instrumentation.EvoClassLoader instrumentClass
INFO: Keeping class: org.mozilla.javascript.debug.DebuggableScript
Jan 10, 2019 10:44:55 AM org.evosuite.runtime.instrumentation.EvoClassLoader loadClass
INFO: Seeing class for first time: org.mozilla.javascript.VMBridge
Jan 10, 2019 10:44:55 AM org.evosuite.runtime.instrumentation.EvoClassLoader instrumentClass
INFO: Instrumenting class 'org.mozilla.javascript.VMBridge'.
Jan 10, 2019 10:44:55 AM org.evosuite.runtime.instrumentation.MethodCallReplacementClassAdapter visit
INFO: Adding mock interface to class org/mozilla/javascript/VMBridge
Jan 10, 2019 10:44:55 AM org.evosuite.runtime.instrumentation.CreateClassResetClassAdapter visitMethod
INFO: Found static initializer in class org/mozilla/javascript/VMBridge
Jan 10, 2019 10:44:55 AM org.evosuite.runtime.instrumentation.EvoClassLoader instrumentClass
INFO: Keeping class: org.mozilla.javascript.VMBridge
Jan 10, 2019 10:44:55 AM org.evosuite.runtime.instrumentation.EvoClassLoader loadClass
INFO: Seeing class for first time: org.mozilla.javascript.VMBridge_custom
Jan 10, 2019 10:44:55 AM org.evosuite.runtime.instrumentation.EvoClassLoader instrumentClass
INFO: Instrumenting class 'org.mozilla.javascript.VMBridge_custom'.
Jan 10, 2019 10:44:55 AM org.evosuite.runtime.instrumentation.EvoClassLoader instrumentClass
INFO: Error while loading class: java.lang.ClassNotFoundException: Class 'org/mozilla/javascript/VMBridge_custom.class' should be in target project, but could not be found!
Jan 10, 2019 10:44:55 AM org.evosuite.runtime.instrumentation.EvoClassLoader loadClass
INFO: Seeing class for first time: org.mozilla.javascript.jdk18.VMBridge_jdk18
Jan 10, 2019 10:44:55 AM org.evosuite.runtime.instrumentation.EvoClassLoader instrumentClass
INFO: Instrumenting class 'org.mozilla.javascript.jdk18.VMBridge_jdk18'.
Jan 10, 2019 10:44:55 AM org.evosuite.runtime.instrumentation.MethodCallReplacementClassAdapter visit
INFO: Adding mock interface to class org/mozilla/javascript/jdk18/VMBridge_jdk18
Jan 10, 2019 10:44:55 AM org.evosuite.runtime.instrumentation.CreateClassResetClassAdapter createEmptyStaticReset
INFO: Creating brand-new static initializer in class org/mozilla/javascript/jdk18/VMBridge_jdk18
Jan 10, 2019 10:44:55 AM org.evosuite.runtime.instrumentation.EvoClassLoader createPackageDefinition
INFO: Defined package (3): package org.mozilla.javascript.jdk18, -197582433
Jan 10, 2019 10:44:55 AM org.evosuite.runtime.instrumentation.EvoClassLoader loadClass
INFO: Seeing class for first time: org.mozilla.javascript.jdk15.VMBridge_jdk15
Jan 10, 2019 10:44:55 AM org.evosuite.runtime.instrumentation.EvoClassLoader instrumentClass
INFO: Instrumenting class 'org.mozilla.javascript.jdk15.VMBridge_jdk15'.
Jan 10, 2019 10:44:55 AM org.evosuite.runtime.instrumentation.MethodCallReplacementClassAdapter visit
INFO: Adding mock interface to class org/mozilla/javascript/jdk15/VMBridge_jdk15
Jan 10, 2019 10:44:55 AM org.evosuite.runtime.instrumentation.CreateClassResetClassAdapter createEmptyStaticReset
INFO: Creating brand-new static initializer in class org/mozilla/javascript/jdk15/VMBridge_jdk15
Jan 10, 2019 10:44:55 AM org.evosuite.runtime.instrumentation.EvoClassLoader createPackageDefinition
INFO: Defined package (3): package org.mozilla.javascript.jdk15, -197582436
Jan 10, 2019 10:44:55 AM org.evosuite.runtime.instrumentation.EvoClassLoader instrumentClass
INFO: Keeping class: org.mozilla.javascript.jdk15.VMBridge_jdk15
Jan 10, 2019 10:44:55 AM org.evosuite.runtime.instrumentation.EvoClassLoader instrumentClass
INFO: Keeping class: org.mozilla.javascript.jdk18.VMBridge_jdk18
Jan 10, 2019 10:44:55 AM org.evosuite.runtime.instrumentation.EvoClassLoader loadClass
INFO: Seeing class for first time: org.mozilla.javascript.EmbeddedSlotMap
Jan 10, 2019 10:44:55 AM org.evosuite.runtime.instrumentation.EvoClassLoader instrumentClass
INFO: Instrumenting class 'org.mozilla.javascript.EmbeddedSlotMap'.
Jan 10, 2019 10:44:55 AM org.evosuite.runtime.instrumentation.MethodCallReplacementClassAdapter visit
INFO: Adding mock interface to class org/mozilla/javascript/EmbeddedSlotMap
Jan 10, 2019 10:44:55 AM org.evosuite.runtime.instrumentation.CreateClassResetClassAdapter createEmptyStaticReset
INFO: Creating brand-new static initializer in class org/mozilla/javascript/EmbeddedSlotMap
Jan 10, 2019 10:44:55 AM org.evosuite.runtime.instrumentation.CreateClassResetClassAdapter createEmptyStaticReset
INFO: Adding bytecode for initializing field INITIAL_SLOT_SIZE
Jan 10, 2019 10:44:55 AM org.evosuite.runtime.instrumentation.EvoClassLoader instrumentClass
INFO: Keeping class: org.mozilla.javascript.EmbeddedSlotMap
Jan 10, 2019 10:44:55 AM org.evosuite.runtime.instrumentation.EvoClassLoader loadClass
INFO: Seeing class for first time: org.mozilla.javascript.ScriptableObject$Slot
Jan 10, 2019 10:44:55 AM org.evosuite.runtime.instrumentation.EvoClassLoader instrumentClass
INFO: Instrumenting class 'org.mozilla.javascript.ScriptableObject$Slot'.
Jan 10, 2019 10:44:55 AM org.evosuite.runtime.instrumentation.MethodCallReplacementClassAdapter visit
INFO: Adding mock interface to class org/mozilla/javascript/ScriptableObject$Slot
Jan 10, 2019 10:44:55 AM org.evosuite.runtime.instrumentation.CreateClassResetClassAdapter createEmptyStaticReset
INFO: Creating brand-new static initializer in class org/mozilla/javascript/ScriptableObject$Slot
Jan 10, 2019 10:44:55 AM org.evosuite.runtime.instrumentation.EvoClassLoader instrumentClass
INFO: Keeping class: org.mozilla.javascript.ScriptableObject$Slot
Jan 10, 2019 10:44:55 AM org.evosuite.runtime.instrumentation.EvoClassLoader loadClass
INFO: Seeing class for first time: org.mozilla.javascript.ScriptableObject$GetterSlot
Jan 10, 2019 10:44:55 AM org.evosuite.runtime.instrumentation.EvoClassLoader instrumentClass
INFO: Instrumenting class 'org.mozilla.javascript.ScriptableObject$GetterSlot'.
Jan 10, 2019 10:44:55 AM org.evosuite.runtime.instrumentation.MethodCallReplacementClassAdapter visit
INFO: Adding mock interface to class org/mozilla/javascript/ScriptableObject$GetterSlot
Jan 10, 2019 10:44:55 AM org.evosuite.runtime.instrumentation.CreateClassResetClassAdapter createEmptyStaticReset
INFO: Creating brand-new static initializer in class org/mozilla/javascript/ScriptableObject$GetterSlot
Jan 10, 2019 10:44:55 AM org.evosuite.runtime.instrumentation.EvoClassLoader instrumentClass
INFO: Keeping class: org.mozilla.javascript.ScriptableObject$GetterSlot
Jan 10, 2019 10:44:55 AM org.evosuite.runtime.instrumentation.EvoClassLoader loadClass
INFO: Seeing class for first time: org.mozilla.javascript.SecurityUtilities$1
Jan 10, 2019 10:44:55 AM org.evosuite.runtime.instrumentation.EvoClassLoader instrumentClass
INFO: Instrumenting class 'org.mozilla.javascript.SecurityUtilities$1'.
Jan 10, 2019 10:44:55 AM org.evosuite.runtime.instrumentation.MethodCallReplacementClassAdapter visit
INFO: Adding mock interface to class org/mozilla/javascript/SecurityUtilities$1
Jan 10, 2019 10:44:55 AM org.evosuite.runtime.instrumentation.EvoClassLoader instrumentClass
INFO: Keeping class: org.mozilla.javascript.SecurityUtilities$1
Jan 10, 2019 10:44:55 AM org.evosuite.runtime.instrumentation.EvoClassLoader loadClass
INFO: Seeing class for first time: org.mozilla.javascript.SecurityUtilities$2
Jan 10, 2019 10:44:55 AM org.evosuite.runtime.instrumentation.EvoClassLoader instrumentClass
INFO: Instrumenting class 'org.mozilla.javascript.SecurityUtilities$2'.
Jan 10, 2019 10:44:55 AM org.evosuite.runtime.instrumentation.MethodCallReplacementClassAdapter visit
INFO: Adding mock interface to class org/mozilla/javascript/SecurityUtilities$2
Jan 10, 2019 10:44:55 AM org.evosuite.runtime.instrumentation.EvoClassLoader instrumentClass
INFO: Keeping class: org.mozilla.javascript.SecurityUtilities$2
Jan 10, 2019 10:44:55 AM org.evosuite.runtime.instrumentation.EvoClassLoader loadClass
INFO: Seeing class for first time: org.mozilla.javascript.NativeCallSite
Jan 10, 2019 10:44:55 AM org.evosuite.runtime.instrumentation.EvoClassLoader instrumentClass
INFO: Instrumenting class 'org.mozilla.javascript.NativeCallSite'.
Jan 10, 2019 10:44:55 AM org.evosuite.runtime.instrumentation.MethodCallReplacementClassAdapter visit
INFO: Adding mock interface to class org/mozilla/javascript/NativeCallSite
Jan 10, 2019 10:44:55 AM org.evosuite.runtime.instrumentation.CreateClassResetClassAdapter createEmptyStaticReset
INFO: Creating brand-new static initializer in class org/mozilla/javascript/NativeCallSite
Jan 10, 2019 10:44:55 AM org.evosuite.runtime.instrumentation.CreateClassResetClassAdapter createEmptyStaticReset
INFO: Adding bytecode for initializing field CALLSITE_TAG
Jan 10, 2019 10:44:55 AM org.evosuite.runtime.instrumentation.CreateClassResetClassAdapter createEmptyStaticReset
INFO: Adding bytecode for initializing field Id_constructor
Jan 10, 2019 10:44:55 AM org.evosuite.runtime.instrumentation.CreateClassResetClassAdapter createEmptyStaticReset
INFO: Adding bytecode for initializing field Id_getThis
Jan 10, 2019 10:44:55 AM org.evosuite.runtime.instrumentation.CreateClassResetClassAdapter createEmptyStaticReset
INFO: Adding bytecode for initializing field Id_getTypeName
Jan 10, 2019 10:44:55 AM org.evosuite.runtime.instrumentation.CreateClassResetClassAdapter createEmptyStaticReset
INFO: Adding bytecode for initializing field Id_getFunction
Jan 10, 2019 10:44:55 AM org.evosuite.runtime.instrumentation.CreateClassResetClassAdapter createEmptyStaticReset
INFO: Adding bytecode for initializing field Id_getFunctionName
Jan 10, 2019 10:44:55 AM org.evosuite.runtime.instrumentation.CreateClassResetClassAdapter createEmptyStaticReset
INFO: Adding bytecode for initializing field Id_getMethodName
Jan 10, 2019 10:44:55 AM org.evosuite.runtime.instrumentation.CreateClassResetClassAdapter createEmptyStaticReset
INFO: Adding bytecode for initializing field Id_getFileName
Jan 10, 2019 10:44:55 AM org.evosuite.runtime.instrumentation.CreateClassResetClassAdapter createEmptyStaticReset
INFO: Adding bytecode for initializing field Id_getLineNumber
Jan 10, 2019 10:44:55 AM org.evosuite.runtime.instrumentation.CreateClassResetClassAdapter createEmptyStaticReset
INFO: Adding bytecode for initializing field Id_getColumnNumber
Jan 10, 2019 10:44:55 AM org.evosuite.runtime.instrumentation.CreateClassResetClassAdapter createEmptyStaticReset
INFO: Adding bytecode for initializing field Id_getEvalOrigin
Jan 10, 2019 10:44:55 AM org.evosuite.runtime.instrumentation.CreateClassResetClassAdapter createEmptyStaticReset
INFO: Adding bytecode for initializing field Id_isToplevel
Jan 10, 2019 10:44:55 AM org.evosuite.runtime.instrumentation.CreateClassResetClassAdapter createEmptyStaticReset
INFO: Adding bytecode for initializing field Id_isEval
Jan 10, 2019 10:44:55 AM org.evosuite.runtime.instrumentation.CreateClassResetClassAdapter createEmptyStaticReset
INFO: Adding bytecode for initializing field Id_isNative
Jan 10, 2019 10:44:55 AM org.evosuite.runtime.instrumentation.CreateClassResetClassAdapter createEmptyStaticReset
INFO: Adding bytecode for initializing field Id_isConstructor
Jan 10, 2019 10:44:55 AM org.evosuite.runtime.instrumentation.CreateClassResetClassAdapter createEmptyStaticReset
INFO: Adding bytecode for initializing field Id_toString
Jan 10, 2019 10:44:55 AM org.evosuite.runtime.instrumentation.CreateClassResetClassAdapter createEmptyStaticReset
INFO: Adding bytecode for initializing field MAX_PROTOTYPE_ID
Jan 10, 2019 10:44:55 AM org.evosuite.runtime.instrumentation.EvoClassLoader instrumentClass
INFO: Keeping class: org.mozilla.javascript.NativeCallSite
Jan 10, 2019 10:44:55 AM org.evosuite.runtime.instrumentation.EvoClassLoader loadClass
INFO: Seeing class for first time: org.mozilla.javascript.Parser$ConditionData
Jan 10, 2019 10:44:55 AM org.evosuite.runtime.instrumentation.EvoClassLoader instrumentClass
INFO: Instrumenting class 'org.mozilla.javascript.Parser$ConditionData'.
Jan 10, 2019 10:44:55 AM org.evosuite.runtime.instrumentation.MethodCallReplacementClassAdapter visit
INFO: Adding mock interface to class org/mozilla/javascript/Parser$ConditionData
Jan 10, 2019 10:44:55 AM org.evosuite.runtime.instrumentation.CreateClassResetClassAdapter createEmptyStaticReset
INFO: Creating brand-new static initializer in class org/mozilla/javascript/Parser$ConditionData
Jan 10, 2019 10:44:55 AM org.evosuite.runtime.instrumentation.EvoClassLoader instrumentClass
INFO: Keeping class: org.mozilla.javascript.Parser$ConditionData
Jan 10, 2019 10:44:55 AM org.evosuite.runtime.instrumentation.EvoClassLoader loadClass
INFO: Seeing class for first time: org.mozilla.javascript.ast.ErrorCollector
Jan 10, 2019 10:44:55 AM org.evosuite.runtime.instrumentation.EvoClassLoader instrumentClass
INFO: Instrumenting class 'org.mozilla.javascript.ast.ErrorCollector'.
Jan 10, 2019 10:44:55 AM org.evosuite.runtime.instrumentation.MethodCallReplacementClassAdapter visit
INFO: Adding mock interface to class org/mozilla/javascript/ast/ErrorCollector
Jan 10, 2019 10:44:55 AM org.evosuite.runtime.instrumentation.CreateClassResetClassAdapter createEmptyStaticReset
INFO: Creating brand-new static initializer in class org/mozilla/javascript/ast/ErrorCollector
Jan 10, 2019 10:44:55 AM org.evosuite.runtime.instrumentation.EvoClassLoader loadClass
INFO: Seeing class for first time: org.mozilla.javascript.ast.IdeErrorReporter
Jan 10, 2019 10:44:55 AM org.evosuite.runtime.instrumentation.EvoClassLoader instrumentClass
INFO: Instrumenting class 'org.mozilla.javascript.ast.IdeErrorReporter'.
Jan 10, 2019 10:44:55 AM org.evosuite.runtime.instrumentation.EvoClassLoader instrumentClass
INFO: Keeping class: org.mozilla.javascript.ast.IdeErrorReporter
Jan 10, 2019 10:44:55 AM org.evosuite.runtime.instrumentation.EvoClassLoader instrumentClass
INFO: Keeping class: org.mozilla.javascript.ast.ErrorCollector
Jan 10, 2019 10:44:55 AM org.evosuite.runtime.instrumentation.EvoClassLoader loadClass
INFO: Seeing class for first time: org.mozilla.javascript.NativeMath
Jan 10, 2019 10:44:55 AM org.evosuite.runtime.instrumentation.EvoClassLoader instrumentClass
INFO: Instrumenting class 'org.mozilla.javascript.NativeMath'.
Jan 10, 2019 10:44:55 AM org.evosuite.runtime.instrumentation.MethodCallReplacementClassAdapter visit
INFO: Adding mock interface to class org/mozilla/javascript/NativeMath
Jan 10, 2019 10:44:55 AM org.evosuite.runtime.instrumentation.CreateClassResetClassAdapter visitMethod
INFO: Found static initializer in class org/mozilla/javascript/NativeMath
Jan 10, 2019 10:44:55 AM org.evosuite.runtime.instrumentation.EvoClassLoader instrumentClass
INFO: Keeping class: org.mozilla.javascript.NativeMath
Jan 10, 2019 10:44:55 AM org.evosuite.runtime.instrumentation.EvoClassLoader loadClass
INFO: Seeing class for first time: org.mozilla.javascript.Interpreter$CallFrame
Jan 10, 2019 10:44:55 AM org.evosuite.runtime.instrumentation.EvoClassLoader instrumentClass
INFO: Instrumenting class 'org.mozilla.javascript.Interpreter$CallFrame'.
Jan 10, 2019 10:44:55 AM org.evosuite.runtime.instrumentation.MethodCallReplacementClassAdapter visit
INFO: Adding mock interface to class org/mozilla/javascript/Interpreter$CallFrame
Jan 10, 2019 10:44:55 AM org.evosuite.runtime.instrumentation.CreateClassResetClassAdapter createEmptyStaticReset
INFO: Creating brand-new static initializer in class org/mozilla/javascript/Interpreter$CallFrame
Jan 10, 2019 10:44:55 AM org.evosuite.runtime.instrumentation.EvoClassLoader instrumentClass
INFO: Keeping class: org.mozilla.javascript.Interpreter$CallFrame
Jan 10, 2019 10:44:55 AM org.evosuite.runtime.instrumentation.EvoClassLoader loadClass
INFO: Seeing class for first time: org.mozilla.javascript.typedarrays.Conversions
Jan 10, 2019 10:44:55 AM org.evosuite.runtime.instrumentation.EvoClassLoader instrumentClass
INFO: Instrumenting class 'org.mozilla.javascript.typedarrays.Conversions'.
Jan 10, 2019 10:44:55 AM org.evosuite.runtime.instrumentation.MethodCallReplacementClassAdapter visit
INFO: Adding mock interface to class org/mozilla/javascript/typedarrays/Conversions
Jan 10, 2019 10:44:55 AM org.evosuite.runtime.instrumentation.CreateClassResetClassAdapter createEmptyStaticReset
INFO: Creating brand-new static initializer in class org/mozilla/javascript/typedarrays/Conversions
Jan 10, 2019 10:44:55 AM org.evosuite.runtime.instrumentation.CreateClassResetClassAdapter createEmptyStaticReset
INFO: Adding bytecode for initializing field EIGHT_BIT
Jan 10, 2019 10:44:55 AM org.evosuite.runtime.instrumentation.CreateClassResetClassAdapter createEmptyStaticReset
INFO: Adding bytecode for initializing field SIXTEEN_BIT
Jan 10, 2019 10:44:55 AM org.evosuite.runtime.instrumentation.CreateClassResetClassAdapter createEmptyStaticReset
INFO: Adding bytecode for initializing field THIRTYTWO_BIT
Jan 10, 2019 10:44:55 AM org.evosuite.runtime.instrumentation.EvoClassLoader instrumentClass
INFO: Keeping class: org.mozilla.javascript.typedarrays.Conversions
Jan 10, 2019 10:44:55 AM org.evosuite.runtime.instrumentation.EvoClassLoader loadClass
INFO: Seeing class for first time: org.mozilla.javascript.NativeJavaObject
Jan 10, 2019 10:44:55 AM org.evosuite.runtime.instrumentation.EvoClassLoader instrumentClass
INFO: Instrumenting class 'org.mozilla.javascript.NativeJavaObject'.
Jan 10, 2019 10:44:55 AM org.evosuite.runtime.instrumentation.MethodCallReplacementClassAdapter visit
INFO: Adding mock interface to class org/mozilla/javascript/NativeJavaObject
Jan 10, 2019 10:44:55 AM org.evosuite.runtime.instrumentation.CreateClassResetClassAdapter visitMethod
INFO: Found static initializer in class org/mozilla/javascript/NativeJavaObject
Jan 10, 2019 10:44:55 AM org.evosuite.runtime.instrumentation.EvoClassLoader loadClass
INFO: Seeing class for first time: org.mozilla.javascript.Wrapper
Jan 10, 2019 10:44:55 AM org.evosuite.runtime.instrumentation.EvoClassLoader instrumentClass
INFO: Instrumenting class 'org.mozilla.javascript.Wrapper'.
Jan 10, 2019 10:44:55 AM org.evosuite.runtime.instrumentation.EvoClassLoader instrumentClass
INFO: Keeping class: org.mozilla.javascript.Wrapper
Jan 10, 2019 10:44:55 AM org.evosuite.runtime.instrumentation.EvoClassLoader instrumentClass
INFO: Keeping class: org.mozilla.javascript.NativeJavaObject
Jan 10, 2019 10:44:55 AM org.evosuite.runtime.instrumentation.EvoClassLoader loadClass
INFO: Seeing class for first time: org.mozilla.javascript.JavaAdapter
Jan 10, 2019 10:44:55 AM org.evosuite.runtime.instrumentation.EvoClassLoader instrumentClass
INFO: Instrumenting class 'org.mozilla.javascript.JavaAdapter'.
Jan 10, 2019 10:44:55 AM org.evosuite.runtime.instrumentation.MethodCallReplacementClassAdapter visit
INFO: Adding mock interface to class org/mozilla/javascript/JavaAdapter
Jan 10, 2019 10:44:55 AM org.evosuite.runtime.instrumentation.CreateClassResetClassAdapter visitMethod
INFO: Found static initializer in class org/mozilla/javascript/JavaAdapter
Jan 10, 2019 10:44:55 AM org.evosuite.runtime.instrumentation.EvoClassLoader instrumentClass
INFO: Keeping class: org.mozilla.javascript.JavaAdapter
Jan 10, 2019 10:44:55 AM org.evosuite.runtime.instrumentation.EvoClassLoader loadClass
INFO: Seeing class for first time: org.mozilla.javascript.ObjToIntMap
Jan 10, 2019 10:44:55 AM org.evosuite.runtime.instrumentation.EvoClassLoader instrumentClass
INFO: Instrumenting class 'org.mozilla.javascript.ObjToIntMap'.
Jan 10, 2019 10:44:55 AM org.evosuite.runtime.instrumentation.MethodCallReplacementClassAdapter visit
INFO: Adding mock interface to class org/mozilla/javascript/ObjToIntMap
Jan 10, 2019 10:44:55 AM org.evosuite.runtime.instrumentation.CreateClassResetClassAdapter visitMethod
INFO: Found static initializer in class org/mozilla/javascript/ObjToIntMap
Jan 10, 2019 10:44:55 AM org.evosuite.runtime.instrumentation.EvoClassLoader instrumentClass
INFO: Keeping class: org.mozilla.javascript.ObjToIntMap
Jan 10, 2019 10:44:55 AM org.evosuite.runtime.instrumentation.EvoClassLoader loadClass
INFO: Seeing class for first time: org.mozilla.javascript.ContinuationPending
Jan 10, 2019 10:44:55 AM org.evosuite.runtime.instrumentation.EvoClassLoader instrumentClass
INFO: Instrumenting class 'org.mozilla.javascript.ContinuationPending'.
Jan 10, 2019 10:44:55 AM org.evosuite.runtime.instrumentation.MethodCallReplacementClassAdapter visit
INFO: Adding mock interface to class org/mozilla/javascript/ContinuationPending
Jan 10, 2019 10:44:55 AM org.evosuite.runtime.instrumentation.CreateClassResetClassAdapter createEmptyStaticReset
INFO: Creating brand-new static initializer in class org/mozilla/javascript/ContinuationPending
Jan 10, 2019 10:44:55 AM org.evosuite.runtime.instrumentation.EvoClassLoader instrumentClass
INFO: Keeping class: org.mozilla.javascript.ContinuationPending
Jan 10, 2019 10:44:55 AM org.evosuite.runtime.instrumentation.EvoClassLoader loadClass
INFO: Seeing class for first time: org.mozilla.javascript.LazilyLoadedCtor$1
Jan 10, 2019 10:44:55 AM org.evosuite.runtime.instrumentation.EvoClassLoader instrumentClass
INFO: Instrumenting class 'org.mozilla.javascript.LazilyLoadedCtor$1'.
Jan 10, 2019 10:44:55 AM org.evosuite.runtime.instrumentation.MethodCallReplacementClassAdapter visit
INFO: Adding mock interface to class org/mozilla/javascript/LazilyLoadedCtor$1
Jan 10, 2019 10:44:55 AM org.evosuite.runtime.instrumentation.EvoClassLoader instrumentClass
INFO: Keeping class: org.mozilla.javascript.LazilyLoadedCtor$1
Jan 10, 2019 10:44:55 AM org.evosuite.runtime.instrumentation.EvoClassLoader loadClass
INFO: Seeing class for first time: org.mozilla.javascript.annotations.JSGetter
Jan 10, 2019 10:44:55 AM org.evosuite.runtime.instrumentation.EvoClassLoader instrumentClass
INFO: Instrumenting class 'org.mozilla.javascript.annotations.JSGetter'.
Jan 10, 2019 10:44:55 AM org.evosuite.runtime.instrumentation.EvoClassLoader createPackageDefinition
INFO: Defined package (3): package org.mozilla.javascript.annotations, -195722453
Jan 10, 2019 10:44:55 AM org.evosuite.runtime.instrumentation.EvoClassLoader instrumentClass
INFO: Keeping class: org.mozilla.javascript.annotations.JSGetter
Jan 10, 2019 10:44:55 AM org.evosuite.runtime.instrumentation.EvoClassLoader loadClass
INFO: Seeing class for first time: org.mozilla.javascript.ast.LabeledStatement
Jan 10, 2019 10:44:55 AM org.evosuite.runtime.instrumentation.EvoClassLoader instrumentClass
INFO: Instrumenting class 'org.mozilla.javascript.ast.LabeledStatement'.
Jan 10, 2019 10:44:55 AM org.evosuite.runtime.instrumentation.MethodCallReplacementClassAdapter visit
INFO: Adding mock interface to class org/mozilla/javascript/ast/LabeledStatement
Jan 10, 2019 10:44:55 AM org.evosuite.runtime.instrumentation.CreateClassResetClassAdapter createEmptyStaticReset
INFO: Creating brand-new static initializer in class org/mozilla/javascript/ast/LabeledStatement
Jan 10, 2019 10:44:55 AM org.evosuite.runtime.instrumentation.EvoClassLoader instrumentClass
INFO: Keeping class: org.mozilla.javascript.ast.LabeledStatement
Jan 10, 2019 10:44:55 AM org.evosuite.runtime.instrumentation.EvoClassLoader loadClass
INFO: Seeing class for first time: org.mozilla.javascript.InterfaceAdapter
Jan 10, 2019 10:44:55 AM org.evosuite.runtime.instrumentation.EvoClassLoader instrumentClass
INFO: Instrumenting class 'org.mozilla.javascript.InterfaceAdapter'.
Jan 10, 2019 10:44:55 AM org.evosuite.runtime.instrumentation.MethodCallReplacementClassAdapter visit
INFO: Adding mock interface to class org/mozilla/javascript/InterfaceAdapter
Jan 10, 2019 10:44:55 AM org.evosuite.runtime.instrumentation.CreateClassResetClassAdapter createEmptyStaticReset
INFO: Creating brand-new static initializer in class org/mozilla/javascript/InterfaceAdapter
Jan 10, 2019 10:44:55 AM org.evosuite.runtime.instrumentation.EvoClassLoader instrumentClass
INFO: Keeping class: org.mozilla.javascript.InterfaceAdapter
Jan 10, 2019 10:44:55 AM org.evosuite.runtime.instrumentation.EvoClassLoader loadClass
INFO: Seeing class for first time: org.mozilla.javascript.ast.ArrayLiteral
Jan 10, 2019 10:44:55 AM org.evosuite.runtime.instrumentation.EvoClassLoader instrumentClass
INFO: Instrumenting class 'org.mozilla.javascript.ast.ArrayLiteral'.
Jan 10, 2019 10:44:55 AM org.evosuite.runtime.instrumentation.MethodCallReplacementClassAdapter visit
INFO: Adding mock interface to class org/mozilla/javascript/ast/ArrayLiteral
Jan 10, 2019 10:44:55 AM org.evosuite.runtime.instrumentation.CreateClassResetClassAdapter visitMethod
INFO: Found static initializer in class org/mozilla/javascript/ast/ArrayLiteral
Jan 10, 2019 10:44:55 AM org.evosuite.runtime.instrumentation.EvoClassLoader instrumentClass
INFO: Keeping class: org.mozilla.javascript.ast.ArrayLiteral
Jan 10, 2019 10:44:55 AM org.evosuite.runtime.instrumentation.EvoClassLoader loadClass
INFO: Seeing class for first time: org.mozilla.javascript.regexp.REProgState
Jan 10, 2019 10:44:55 AM org.evosuite.runtime.instrumentation.EvoClassLoader instrumentClass
INFO: Instrumenting class 'org.mozilla.javascript.regexp.REProgState'.
Jan 10, 2019 10:44:55 AM org.evosuite.runtime.instrumentation.MethodCallReplacementClassAdapter visit
INFO: Adding mock interface to class org/mozilla/javascript/regexp/REProgState
Jan 10, 2019 10:44:55 AM org.evosuite.runtime.instrumentation.CreateClassResetClassAdapter createEmptyStaticReset
INFO: Creating brand-new static initializer in class org/mozilla/javascript/regexp/REProgState
Jan 10, 2019 10:44:55 AM org.evosuite.runtime.instrumentation.EvoClassLoader createPackageDefinition
INFO: Defined package (3): package org.mozilla.javascript.regexp, -1600198494
Jan 10, 2019 10:44:55 AM org.evosuite.runtime.instrumentation.EvoClassLoader instrumentClass
INFO: Keeping class: org.mozilla.javascript.regexp.REProgState
Jan 10, 2019 10:44:55 AM org.evosuite.runtime.instrumentation.EvoClassLoader loadClass
INFO: Seeing class for first time: org.mozilla.javascript.ast.BreakStatement
Jan 10, 2019 10:44:55 AM org.evosuite.runtime.instrumentation.EvoClassLoader instrumentClass
INFO: Instrumenting class 'org.mozilla.javascript.ast.BreakStatement'.
Jan 10, 2019 10:44:55 AM org.evosuite.runtime.instrumentation.MethodCallReplacementClassAdapter visit
INFO: Adding mock interface to class org/mozilla/javascript/ast/BreakStatement
Jan 10, 2019 10:44:55 AM org.evosuite.runtime.instrumentation.CreateClassResetClassAdapter createEmptyStaticReset
INFO: Creating brand-new static initializer in class org/mozilla/javascript/ast/BreakStatement
Jan 10, 2019 10:44:55 AM org.evosuite.runtime.instrumentation.EvoClassLoader instrumentClass
INFO: Keeping class: org.mozilla.javascript.ast.BreakStatement
Jan 10, 2019 10:44:55 AM org.evosuite.runtime.instrumentation.EvoClassLoader loadClass
INFO: Seeing class for first time: org.mozilla.javascript.NativeIterator$WrappedJavaIterator
Jan 10, 2019 10:44:55 AM org.evosuite.runtime.instrumentation.EvoClassLoader instrumentClass
INFO: Instrumenting class 'org.mozilla.javascript.NativeIterator$WrappedJavaIterator'.
Jan 10, 2019 10:44:55 AM org.evosuite.runtime.instrumentation.MethodCallReplacementClassAdapter visit
INFO: Adding mock interface to class org/mozilla/javascript/NativeIterator$WrappedJavaIterator
Jan 10, 2019 10:44:55 AM org.evosuite.runtime.instrumentation.CreateClassResetClassAdapter createEmptyStaticReset
INFO: Creating brand-new static initializer in class org/mozilla/javascript/NativeIterator$WrappedJavaIterator
Jan 10, 2019 10:44:55 AM org.evosuite.runtime.instrumentation.EvoClassLoader instrumentClass
INFO: Keeping class: org.mozilla.javascript.NativeIterator$WrappedJavaIterator
Jan 10, 2019 10:44:55 AM org.evosuite.runtime.instrumentation.EvoClassLoader loadClass
INFO: Seeing class for first time: org.mozilla.javascript.ast.Comment
Jan 10, 2019 10:44:55 AM org.evosuite.runtime.instrumentation.EvoClassLoader instrumentClass
INFO: Instrumenting class 'org.mozilla.javascript.ast.Comment'.
Jan 10, 2019 10:44:55 AM org.evosuite.runtime.instrumentation.MethodCallReplacementClassAdapter visit
INFO: Adding mock interface to class org/mozilla/javascript/ast/Comment
Jan 10, 2019 10:44:55 AM org.evosuite.runtime.instrumentation.CreateClassResetClassAdapter createEmptyStaticReset
INFO: Creating brand-new static initializer in class org/mozilla/javascript/ast/Comment
Jan 10, 2019 10:44:55 AM org.evosuite.runtime.instrumentation.EvoClassLoader instrumentClass
INFO: Keeping class: org.mozilla.javascript.ast.Comment
Jan 10, 2019 10:44:55 AM org.evosuite.runtime.instrumentation.EvoClassLoader loadClass
INFO: Seeing class for first time: org.mozilla.javascript.NativeArray$StringLikeComparator
Jan 10, 2019 10:44:55 AM org.evosuite.runtime.instrumentation.EvoClassLoader instrumentClass
INFO: Instrumenting class 'org.mozilla.javascript.NativeArray$StringLikeComparator'.
Jan 10, 2019 10:44:55 AM org.evosuite.runtime.instrumentation.MethodCallReplacementClassAdapter visit
INFO: Adding mock interface to class org/mozilla/javascript/NativeArray$StringLikeComparator
Jan 10, 2019 10:44:55 AM org.evosuite.runtime.instrumentation.CreateClassResetClassAdapter createEmptyStaticReset
INFO: Creating brand-new static initializer in class org/mozilla/javascript/NativeArray$StringLikeComparator
Jan 10, 2019 10:44:55 AM org.evosuite.runtime.instrumentation.EvoClassLoader instrumentClass
INFO: Keeping class: org.mozilla.javascript.NativeArray$StringLikeComparator
Jan 10, 2019 10:44:55 AM org.evosuite.runtime.instrumentation.EvoClassLoader loadClass
INFO: Seeing class for first time: org.mozilla.javascript.ClassShutter
Jan 10, 2019 10:44:55 AM org.evosuite.runtime.instrumentation.EvoClassLoader instrumentClass
INFO: Instrumenting class 'org.mozilla.javascript.ClassShutter'.
Jan 10, 2019 10:44:55 AM org.evosuite.runtime.instrumentation.EvoClassLoader instrumentClass
INFO: Keeping class: org.mozilla.javascript.ClassShutter
Jan 10, 2019 10:44:55 AM org.evosuite.runtime.instrumentation.EvoClassLoader loadClass
INFO: Seeing class for first time: org.mozilla.javascript.ast.Symbol
Jan 10, 2019 10:44:55 AM org.evosuite.runtime.instrumentation.EvoClassLoader instrumentClass
INFO: Instrumenting class 'org.mozilla.javascript.ast.Symbol'.
Jan 10, 2019 10:44:55 AM org.evosuite.runtime.instrumentation.MethodCallReplacementClassAdapter visit
INFO: Adding mock interface to class org/mozilla/javascript/ast/Symbol
Jan 10, 2019 10:44:55 AM org.evosuite.runtime.instrumentation.CreateClassResetClassAdapter createEmptyStaticReset
INFO: Creating brand-new static initializer in class org/mozilla/javascript/ast/Symbol
Jan 10, 2019 10:44:55 AM org.evosuite.runtime.instrumentation.EvoClassLoader instrumentClass
INFO: Keeping class: org.mozilla.javascript.ast.Symbol
Jan 10, 2019 10:44:55 AM org.evosuite.runtime.instrumentation.EvoClassLoader loadClass
INFO: Seeing class for first time: org.mozilla.javascript.typedarrays.NativeUint8Array
Jan 10, 2019 10:44:55 AM org.evosuite.runtime.instrumentation.EvoClassLoader instrumentClass
INFO: Instrumenting class 'org.mozilla.javascript.typedarrays.NativeUint8Array'.
Jan 10, 2019 10:44:55 AM org.evosuite.runtime.instrumentation.MethodCallReplacementClassAdapter visit
INFO: Adding mock interface to class org/mozilla/javascript/typedarrays/NativeUint8Array
Jan 10, 2019 10:44:55 AM org.evosuite.runtime.instrumentation.CreateClassResetClassAdapter createEmptyStaticReset
INFO: Creating brand-new static initializer in class org/mozilla/javascript/typedarrays/NativeUint8Array
Jan 10, 2019 10:44:55 AM org.evosuite.runtime.instrumentation.CreateClassResetClassAdapter createEmptyStaticReset
INFO: Adding bytecode for initializing field CLASS_NAME
Jan 10, 2019 10:44:55 AM org.evosuite.runtime.instrumentation.EvoClassLoader instrumentClass
INFO: Keeping class: org.mozilla.javascript.typedarrays.NativeUint8Array
Jan 10, 2019 10:44:55 AM org.evosuite.runtime.instrumentation.EvoClassLoader loadClass
INFO: Seeing class for first time: org.mozilla.javascript.ast.Yield
Jan 10, 2019 10:44:55 AM org.evosuite.runtime.instrumentation.EvoClassLoader instrumentClass
INFO: Instrumenting class 'org.mozilla.javascript.ast.Yield'.
Jan 10, 2019 10:44:55 AM org.evosuite.runtime.instrumentation.MethodCallReplacementClassAdapter visit
INFO: Adding mock interface to class org/mozilla/javascript/ast/Yield
Jan 10, 2019 10:44:55 AM org.evosuite.runtime.instrumentation.CreateClassResetClassAdapter createEmptyStaticReset
INFO: Creating brand-new static initializer in class org/mozilla/javascript/ast/Yield
Jan 10, 2019 10:44:55 AM org.evosuite.runtime.instrumentation.EvoClassLoader instrumentClass
INFO: Keeping class: org.mozilla.javascript.ast.Yield
Jan 10, 2019 10:44:55 AM org.evosuite.runtime.instrumentation.EvoClassLoader loadClass
INFO: Seeing class for first time: org.mozilla.classfile.FieldOrMethodRef
Jan 10, 2019 10:44:55 AM org.evosuite.runtime.instrumentation.EvoClassLoader instrumentClass
INFO: Instrumenting class 'org.mozilla.classfile.FieldOrMethodRef'.
Jan 10, 2019 10:44:55 AM org.evosuite.runtime.instrumentation.MethodCallReplacementClassAdapter visit
INFO: Adding mock interface to class org/mozilla/classfile/FieldOrMethodRef
Jan 10, 2019 10:44:55 AM org.evosuite.runtime.instrumentation.CreateClassResetClassAdapter createEmptyStaticReset
INFO: Creating brand-new static initializer in class org/mozilla/classfile/FieldOrMethodRef
Jan 10, 2019 10:44:55 AM org.evosuite.runtime.instrumentation.EvoClassLoader instrumentClass
INFO: Keeping class: org.mozilla.classfile.FieldOrMethodRef
Jan 10, 2019 10:44:55 AM org.evosuite.runtime.instrumentation.EvoClassLoader loadClass
INFO: Seeing class for first time: org.mozilla.javascript.v8dtoa.CachedPowers$CachedPower
Jan 10, 2019 10:44:55 AM org.evosuite.runtime.instrumentation.EvoClassLoader instrumentClass
INFO: Instrumenting class 'org.mozilla.javascript.v8dtoa.CachedPowers$CachedPower'.
Jan 10, 2019 10:44:55 AM org.evosuite.runtime.instrumentation.MethodCallReplacementClassAdapter visit
INFO: Adding mock interface to class org/mozilla/javascript/v8dtoa/CachedPowers$CachedPower
Jan 10, 2019 10:44:55 AM org.evosuite.runtime.instrumentation.CreateClassResetClassAdapter createEmptyStaticReset
INFO: Creating brand-new static initializer in class org/mozilla/javascript/v8dtoa/CachedPowers$CachedPower
Jan 10, 2019 10:44:55 AM org.evosuite.runtime.instrumentation.EvoClassLoader instrumentClass
INFO: Keeping class: org.mozilla.javascript.v8dtoa.CachedPowers$CachedPower
Jan 10, 2019 10:44:55 AM org.evosuite.runtime.instrumentation.EvoClassLoader loadClass
INFO: Seeing class for first time: org.mozilla.javascript.TopLevel$Builtins
Jan 10, 2019 10:44:55 AM org.evosuite.runtime.instrumentation.EvoClassLoader instrumentClass
INFO: Instrumenting class 'org.mozilla.javascript.TopLevel$Builtins'.
Jan 10, 2019 10:44:55 AM org.evosuite.runtime.instrumentation.MethodCallReplacementClassAdapter visit
INFO: Adding mock interface to class org/mozilla/javascript/TopLevel$Builtins
Jan 10, 2019 10:44:55 AM org.evosuite.runtime.instrumentation.CreateClassResetClassAdapter visitMethod
INFO: Found static initializer in class org/mozilla/javascript/TopLevel$Builtins
Jan 10, 2019 10:44:55 AM org.evosuite.runtime.instrumentation.EvoClassLoader instrumentClass
INFO: Keeping class: org.mozilla.javascript.TopLevel$Builtins
Jan 10, 2019 10:44:55 AM org.evosuite.runtime.instrumentation.EvoClassLoader loadClass
INFO: Seeing class for first time: org.mozilla.javascript.TopLevel$NativeErrors
Jan 10, 2019 10:44:55 AM org.evosuite.runtime.instrumentation.EvoClassLoader instrumentClass
INFO: Instrumenting class 'org.mozilla.javascript.TopLevel$NativeErrors'.
Jan 10, 2019 10:44:55 AM org.evosuite.runtime.instrumentation.MethodCallReplacementClassAdapter visit
INFO: Adding mock interface to class org/mozilla/javascript/TopLevel$NativeErrors
Jan 10, 2019 10:44:55 AM org.evosuite.runtime.instrumentation.CreateClassResetClassAdapter visitMethod
INFO: Found static initializer in class org/mozilla/javascript/TopLevel$NativeErrors
Jan 10, 2019 10:44:55 AM org.evosuite.runtime.instrumentation.EvoClassLoader instrumentClass
INFO: Keeping class: org.mozilla.javascript.TopLevel$NativeErrors
Jan 10, 2019 10:44:55 AM org.evosuite.runtime.instrumentation.EvoClassLoader loadClass
INFO: Seeing class for first time: org.mozilla.javascript.ClassCache
Jan 10, 2019 10:44:55 AM org.evosuite.runtime.instrumentation.EvoClassLoader instrumentClass
INFO: Instrumenting class 'org.mozilla.javascript.ClassCache'.
Jan 10, 2019 10:44:55 AM org.evosuite.runtime.instrumentation.MethodCallReplacementClassAdapter visit
INFO: Adding mock interface to class org/mozilla/javascript/ClassCache
Jan 10, 2019 10:44:55 AM org.evosuite.runtime.instrumentation.CreateClassResetClassAdapter visitMethod
INFO: Found static initializer in class org/mozilla/javascript/ClassCache
Jan 10, 2019 10:44:55 AM org.evosuite.runtime.instrumentation.EvoClassLoader instrumentClass
INFO: Keeping class: org.mozilla.javascript.ClassCache
Jan 10, 2019 10:44:55 AM org.evosuite.runtime.instrumentation.EvoClassLoader loadClass
INFO: Seeing class for first time: org.mozilla.javascript.Arguments
Jan 10, 2019 10:44:55 AM org.evosuite.runtime.instrumentation.EvoClassLoader instrumentClass
INFO: Instrumenting class 'org.mozilla.javascript.Arguments'.
Jan 10, 2019 10:44:55 AM org.evosuite.runtime.instrumentation.MethodCallReplacementClassAdapter visit
INFO: Adding mock interface to class org/mozilla/javascript/Arguments
Jan 10, 2019 10:44:55 AM org.evosuite.runtime.instrumentation.CreateClassResetClassAdapter visitMethod
INFO: Found static initializer in class org/mozilla/javascript/Arguments
Jan 10, 2019 10:44:55 AM org.evosuite.runtime.instrumentation.EvoClassLoader instrumentClass
INFO: Keeping class: org.mozilla.javascript.Arguments
Jan 10, 2019 10:44:55 AM org.evosuite.runtime.instrumentation.EvoClassLoader loadClass
INFO: Seeing class for first time: org.mozilla.javascript.Arguments$1
Jan 10, 2019 10:44:55 AM org.evosuite.runtime.instrumentation.EvoClassLoader instrumentClass
INFO: Instrumenting class 'org.mozilla.javascript.Arguments$1'.
Jan 10, 2019 10:44:55 AM org.evosuite.runtime.instrumentation.MethodCallReplacementClassAdapter visit
INFO: Adding mock interface to class org/mozilla/javascript/Arguments$1
Jan 10, 2019 10:44:55 AM org.evosuite.runtime.instrumentation.EvoClassLoader instrumentClass
INFO: Keeping class: org.mozilla.javascript.Arguments$1
Jan 10, 2019 10:44:55 AM org.evosuite.runtime.instrumentation.EvoClassLoader loadClass
INFO: Seeing class for first time: org.mozilla.javascript.commonjs.module.Require
Jan 10, 2019 10:44:55 AM org.evosuite.runtime.instrumentation.EvoClassLoader instrumentClass
INFO: Instrumenting class 'org.mozilla.javascript.commonjs.module.Require'.
Jan 10, 2019 10:44:55 AM org.evosuite.runtime.instrumentation.MethodCallReplacementClassAdapter visit
INFO: Adding mock interface to class org/mozilla/javascript/commonjs/module/Require
Jan 10, 2019 10:44:55 AM org.evosuite.runtime.instrumentation.CreateClassResetClassAdapter visitMethod
INFO: Found static initializer in class org/mozilla/javascript/commonjs/module/Require
Jan 10, 2019 10:44:55 AM org.evosuite.runtime.instrumentation.EvoClassLoader createPackageDefinition
INFO: Defined package (3): package org.mozilla.javascript.commonjs.module, -451418707
Jan 10, 2019 10:44:55 AM org.evosuite.runtime.instrumentation.EvoClassLoader instrumentClass
INFO: Keeping class: org.mozilla.javascript.commonjs.module.Require
Jan 10, 2019 10:44:55 AM org.evosuite.runtime.instrumentation.EvoClassLoader loadClass
INFO: Seeing class for first time: org.mozilla.javascript.ast.CatchClause
Jan 10, 2019 10:44:55 AM org.evosuite.runtime.instrumentation.EvoClassLoader instrumentClass
INFO: Instrumenting class 'org.mozilla.javascript.ast.CatchClause'.
Jan 10, 2019 10:44:55 AM org.evosuite.runtime.instrumentation.MethodCallReplacementClassAdapter visit
INFO: Adding mock interface to class org/mozilla/javascript/ast/CatchClause
Jan 10, 2019 10:44:55 AM org.evosuite.runtime.instrumentation.CreateClassResetClassAdapter createEmptyStaticReset
INFO: Creating brand-new static initializer in class org/mozilla/javascript/ast/CatchClause
Jan 10, 2019 10:44:55 AM org.evosuite.runtime.instrumentation.EvoClassLoader instrumentClass
INFO: Keeping class: org.mozilla.javascript.ast.CatchClause
Jan 10, 2019 10:44:55 AM org.evosuite.runtime.instrumentation.EvoClassLoader loadClass
INFO: Seeing class for first time: org.mozilla.javascript.ast.XmlMemberGet
Jan 10, 2019 10:44:56 AM org.evosuite.runtime.instrumentation.EvoClassLoader instrumentClass
INFO: Instrumenting class 'org.mozilla.javascript.ast.XmlMemberGet'.
Jan 10, 2019 10:44:56 AM org.evosuite.runtime.instrumentation.MethodCallReplacementClassAdapter visit
INFO: Adding mock interface to class org/mozilla/javascript/ast/XmlMemberGet
Jan 10, 2019 10:44:56 AM org.evosuite.runtime.instrumentation.CreateClassResetClassAdapter createEmptyStaticReset
INFO: Creating brand-new static initializer in class org/mozilla/javascript/ast/XmlMemberGet
Jan 10, 2019 10:44:56 AM org.evosuite.runtime.instrumentation.EvoClassLoader instrumentClass
INFO: Keeping class: org.mozilla.javascript.ast.XmlMemberGet
Jan 10, 2019 10:44:56 AM org.evosuite.runtime.instrumentation.EvoClassLoader loadClass
INFO: Seeing class for first time: org.mozilla.javascript.typedarrays.NativeUint16Array
Jan 10, 2019 10:44:56 AM org.evosuite.runtime.instrumentation.EvoClassLoader instrumentClass
INFO: Instrumenting class 'org.mozilla.javascript.typedarrays.NativeUint16Array'.
Jan 10, 2019 10:44:56 AM org.evosuite.runtime.instrumentation.MethodCallReplacementClassAdapter visit
INFO: Adding mock interface to class org/mozilla/javascript/typedarrays/NativeUint16Array
Jan 10, 2019 10:44:56 AM org.evosuite.runtime.instrumentation.CreateClassResetClassAdapter createEmptyStaticReset
INFO: Creating brand-new static initializer in class org/mozilla/javascript/typedarrays/NativeUint16Array
Jan 10, 2019 10:44:56 AM org.evosuite.runtime.instrumentation.CreateClassResetClassAdapter createEmptyStaticReset
INFO: Adding bytecode for initializing field CLASS_NAME
Jan 10, 2019 10:44:56 AM org.evosuite.runtime.instrumentation.CreateClassResetClassAdapter createEmptyStaticReset
INFO: Adding bytecode for initializing field BYTES_PER_ELEMENT
Jan 10, 2019 10:44:56 AM org.evosuite.runtime.instrumentation.EvoClassLoader instrumentClass
INFO: Keeping class: org.mozilla.javascript.typedarrays.NativeUint16Array
Jan 10, 2019 10:44:56 AM org.evosuite.runtime.instrumentation.EvoClassLoader loadClass
INFO: Seeing class for first time: org.mozilla.javascript.regexp.REGlobalData
Jan 10, 2019 10:44:56 AM org.evosuite.runtime.instrumentation.EvoClassLoader instrumentClass
INFO: Instrumenting class 'org.mozilla.javascript.regexp.REGlobalData'.
Jan 10, 2019 10:44:56 AM org.evosuite.runtime.instrumentation.MethodCallReplacementClassAdapter visit
INFO: Adding mock interface to class org/mozilla/javascript/regexp/REGlobalData
Jan 10, 2019 10:44:56 AM org.evosuite.runtime.instrumentation.CreateClassResetClassAdapter createEmptyStaticReset
INFO: Creating brand-new static initializer in class org/mozilla/javascript/regexp/REGlobalData
Jan 10, 2019 10:44:56 AM org.evosuite.runtime.instrumentation.EvoClassLoader instrumentClass
INFO: Keeping class: org.mozilla.javascript.regexp.REGlobalData
Jan 10, 2019 10:44:56 AM org.evosuite.runtime.instrumentation.EvoClassLoader loadClass
INFO: Seeing class for first time: org.mozilla.javascript.regexp.RECompiled
Jan 10, 2019 10:44:56 AM org.evosuite.runtime.instrumentation.EvoClassLoader instrumentClass
INFO: Instrumenting class 'org.mozilla.javascript.regexp.RECompiled'.
Jan 10, 2019 10:44:56 AM org.evosuite.runtime.instrumentation.MethodCallReplacementClassAdapter visit
INFO: Adding mock interface to class org/mozilla/javascript/regexp/RECompiled
Jan 10, 2019 10:44:56 AM org.evosuite.runtime.instrumentation.CreateClassResetClassAdapter createEmptyStaticReset
INFO: Creating brand-new static initializer in class org/mozilla/javascript/regexp/RECompiled
Jan 10, 2019 10:44:56 AM org.evosuite.runtime.instrumentation.EvoClassLoader instrumentClass
INFO: Keeping class: org.mozilla.javascript.regexp.RECompiled
Jan 10, 2019 10:44:56 AM org.evosuite.runtime.instrumentation.EvoClassLoader loadClass
INFO: Seeing class for first time: org.mozilla.javascript.LazilyLoadedCtor
Jan 10, 2019 10:44:56 AM org.evosuite.runtime.instrumentation.EvoClassLoader instrumentClass
INFO: Instrumenting class 'org.mozilla.javascript.LazilyLoadedCtor'.
Jan 10, 2019 10:44:56 AM org.evosuite.runtime.instrumentation.MethodCallReplacementClassAdapter visit
INFO: Adding mock interface to class org/mozilla/javascript/LazilyLoadedCtor
Jan 10, 2019 10:44:56 AM org.evosuite.runtime.instrumentation.CreateClassResetClassAdapter createEmptyStaticReset
INFO: Creating brand-new static initializer in class org/mozilla/javascript/LazilyLoadedCtor
Jan 10, 2019 10:44:56 AM org.evosuite.runtime.instrumentation.CreateClassResetClassAdapter createEmptyStaticReset
INFO: Adding bytecode for initializing field STATE_BEFORE_INIT
Jan 10, 2019 10:44:56 AM org.evosuite.runtime.instrumentation.CreateClassResetClassAdapter createEmptyStaticReset
INFO: Adding bytecode for initializing field STATE_INITIALIZING
Jan 10, 2019 10:44:56 AM org.evosuite.runtime.instrumentation.CreateClassResetClassAdapter createEmptyStaticReset
INFO: Adding bytecode for initializing field STATE_WITH_VALUE
Jan 10, 2019 10:44:56 AM org.evosuite.runtime.instrumentation.EvoClassLoader instrumentClass
INFO: Keeping class: org.mozilla.javascript.LazilyLoadedCtor
Jan 10, 2019 10:44:56 AM org.evosuite.runtime.instrumentation.EvoClassLoader loadClass
INFO: Seeing class for first time: org.mozilla.javascript.annotations.JSConstructor
Jan 10, 2019 10:44:56 AM org.evosuite.runtime.instrumentation.EvoClassLoader instrumentClass
INFO: Instrumenting class 'org.mozilla.javascript.annotations.JSConstructor'.
Jan 10, 2019 10:44:56 AM org.evosuite.runtime.instrumentation.EvoClassLoader instrumentClass
INFO: Keeping class: org.mozilla.javascript.annotations.JSConstructor
Jan 10, 2019 10:44:56 AM org.evosuite.runtime.instrumentation.EvoClassLoader loadClass
INFO: Seeing class for first time: org.mozilla.javascript.typedarrays.NativeInt32Array
Jan 10, 2019 10:44:56 AM org.evosuite.runtime.instrumentation.EvoClassLoader instrumentClass
INFO: Instrumenting class 'org.mozilla.javascript.typedarrays.NativeInt32Array'.
Jan 10, 2019 10:44:56 AM org.evosuite.runtime.instrumentation.MethodCallReplacementClassAdapter visit
INFO: Adding mock interface to class org/mozilla/javascript/typedarrays/NativeInt32Array
Jan 10, 2019 10:44:56 AM org.evosuite.runtime.instrumentation.CreateClassResetClassAdapter createEmptyStaticReset
INFO: Creating brand-new static initializer in class org/mozilla/javascript/typedarrays/NativeInt32Array
Jan 10, 2019 10:44:56 AM org.evosuite.runtime.instrumentation.CreateClassResetClassAdapter createEmptyStaticReset
INFO: Adding bytecode for initializing field CLASS_NAME
Jan 10, 2019 10:44:56 AM org.evosuite.runtime.instrumentation.CreateClassResetClassAdapter createEmptyStaticReset
INFO: Adding bytecode for initializing field BYTES_PER_ELEMENT
Jan 10, 2019 10:44:56 AM org.evosuite.runtime.instrumentation.EvoClassLoader instrumentClass
INFO: Keeping class: org.mozilla.javascript.typedarrays.NativeInt32Array
Jan 10, 2019 10:44:56 AM org.evosuite.runtime.instrumentation.EvoClassLoader loadClass
INFO: Seeing class for first time: org.mozilla.javascript.ast.ArrayComprehensionLoop
Jan 10, 2019 10:44:56 AM org.evosuite.runtime.instrumentation.EvoClassLoader instrumentClass
INFO: Instrumenting class 'org.mozilla.javascript.ast.ArrayComprehensionLoop'.
Jan 10, 2019 10:44:56 AM org.evosuite.runtime.instrumentation.MethodCallReplacementClassAdapter visit
INFO: Adding mock interface to class org/mozilla/javascript/ast/ArrayComprehensionLoop
Jan 10, 2019 10:44:56 AM org.evosuite.runtime.instrumentation.CreateClassResetClassAdapter createEmptyStaticReset
INFO: Creating brand-new static initializer in class org/mozilla/javascript/ast/ArrayComprehensionLoop
Jan 10, 2019 10:44:56 AM org.evosuite.runtime.instrumentation.EvoClassLoader loadClass
INFO: Seeing class for first time: org.mozilla.javascript.ast.ForInLoop
Jan 10, 2019 10:44:56 AM org.evosuite.runtime.instrumentation.EvoClassLoader instrumentClass
INFO: Instrumenting class 'org.mozilla.javascript.ast.ForInLoop'.
Jan 10, 2019 10:44:56 AM org.evosuite.runtime.instrumentation.MethodCallReplacementClassAdapter visit
INFO: Adding mock interface to class org/mozilla/javascript/ast/ForInLoop
Jan 10, 2019 10:44:56 AM org.evosuite.runtime.instrumentation.CreateClassResetClassAdapter createEmptyStaticReset
INFO: Creating brand-new static initializer in class org/mozilla/javascript/ast/ForInLoop
Jan 10, 2019 10:44:56 AM org.evosuite.runtime.instrumentation.EvoClassLoader instrumentClass
INFO: Keeping class: org.mozilla.javascript.ast.ForInLoop
Jan 10, 2019 10:44:56 AM org.evosuite.runtime.instrumentation.EvoClassLoader instrumentClass
INFO: Keeping class: org.mozilla.javascript.ast.ArrayComprehensionLoop
Jan 10, 2019 10:44:56 AM org.evosuite.runtime.instrumentation.EvoClassLoader loadClass
INFO: Seeing class for first time: org.mozilla.javascript.optimizer.BodyCodegen$ExceptionManager
Jan 10, 2019 10:44:56 AM org.evosuite.runtime.instrumentation.EvoClassLoader instrumentClass
INFO: Instrumenting class 'org.mozilla.javascript.optimizer.BodyCodegen$ExceptionManager'.
Jan 10, 2019 10:44:56 AM org.evosuite.runtime.instrumentation.MethodCallReplacementClassAdapter visit
INFO: Adding mock interface to class org/mozilla/javascript/optimizer/BodyCodegen$ExceptionManager
Jan 10, 2019 10:44:56 AM org.evosuite.runtime.instrumentation.CreateClassResetClassAdapter createEmptyStaticReset
INFO: Creating brand-new static initializer in class org/mozilla/javascript/optimizer/BodyCodegen$ExceptionManager
Jan 10, 2019 10:44:56 AM org.evosuite.runtime.instrumentation.EvoClassLoader instrumentClass
INFO: Keeping class: org.mozilla.javascript.optimizer.BodyCodegen$ExceptionManager
Jan 10, 2019 10:44:56 AM org.evosuite.runtime.instrumentation.EvoClassLoader loadClass
INFO: Seeing class for first time: org.mozilla.javascript.NativeJavaArray
Jan 10, 2019 10:44:56 AM org.evosuite.runtime.instrumentation.EvoClassLoader instrumentClass
INFO: Instrumenting class 'org.mozilla.javascript.NativeJavaArray'.
Jan 10, 2019 10:44:56 AM org.evosuite.runtime.instrumentation.MethodCallReplacementClassAdapter visit
INFO: Adding mock interface to class org/mozilla/javascript/NativeJavaArray
Jan 10, 2019 10:44:56 AM org.evosuite.runtime.instrumentation.CreateClassResetClassAdapter createEmptyStaticReset
INFO: Creating brand-new static initializer in class org/mozilla/javascript/NativeJavaArray
Jan 10, 2019 10:44:56 AM org.evosuite.runtime.instrumentation.EvoClassLoader instrumentClass
INFO: Keeping class: org.mozilla.javascript.NativeJavaArray
Jan 10, 2019 10:44:56 AM org.evosuite.runtime.instrumentation.EvoClassLoader loadClass
INFO: Seeing class for first time: org.mozilla.javascript.ast.SwitchCase
Jan 10, 2019 10:44:56 AM org.evosuite.runtime.instrumentation.EvoClassLoader instrumentClass
INFO: Instrumenting class 'org.mozilla.javascript.ast.SwitchCase'.
Jan 10, 2019 10:44:56 AM org.evosuite.runtime.instrumentation.MethodCallReplacementClassAdapter visit
INFO: Adding mock interface to class org/mozilla/javascript/ast/SwitchCase
Jan 10, 2019 10:44:56 AM org.evosuite.runtime.instrumentation.CreateClassResetClassAdapter createEmptyStaticReset
INFO: Creating brand-new static initializer in class org/mozilla/javascript/ast/SwitchCase
Jan 10, 2019 10:44:56 AM org.evosuite.runtime.instrumentation.EvoClassLoader instrumentClass
INFO: Keeping class: org.mozilla.javascript.ast.SwitchCase
Jan 10, 2019 10:44:56 AM org.evosuite.runtime.instrumentation.EvoClassLoader loadClass
INFO: Seeing class for first time: org.mozilla.javascript.v8dtoa.FastDtoa
Jan 10, 2019 10:44:56 AM org.evosuite.runtime.instrumentation.EvoClassLoader instrumentClass
INFO: Instrumenting class 'org.mozilla.javascript.v8dtoa.FastDtoa'.
Jan 10, 2019 10:44:56 AM org.evosuite.runtime.instrumentation.MethodCallReplacementClassAdapter visit
INFO: Adding mock interface to class org/mozilla/javascript/v8dtoa/FastDtoa
Jan 10, 2019 10:44:56 AM org.evosuite.runtime.instrumentation.CreateClassResetClassAdapter visitMethod
INFO: Found static initializer in class org/mozilla/javascript/v8dtoa/FastDtoa
Jan 10, 2019 10:44:56 AM org.evosuite.runtime.instrumentation.EvoClassLoader instrumentClass
INFO: Keeping class: org.mozilla.javascript.v8dtoa.FastDtoa
Jan 10, 2019 10:44:56 AM org.evosuite.runtime.instrumentation.EvoClassLoader loadClass
INFO: Seeing class for first time: org.mozilla.javascript.optimizer.BodyCodegen$ExceptionManager$ExceptionInfo
Jan 10, 2019 10:44:56 AM org.evosuite.runtime.instrumentation.EvoClassLoader instrumentClass
INFO: Instrumenting class 'org.mozilla.javascript.optimizer.BodyCodegen$ExceptionManager$ExceptionInfo'.
Jan 10, 2019 10:44:56 AM org.evosuite.runtime.instrumentation.MethodCallReplacementClassAdapter visit
INFO: Adding mock interface to class org/mozilla/javascript/optimizer/BodyCodegen$ExceptionManager$ExceptionInfo
Jan 10, 2019 10:44:56 AM org.evosuite.runtime.instrumentation.CreateClassResetClassAdapter createEmptyStaticReset
INFO: Creating brand-new static initializer in class org/mozilla/javascript/optimizer/BodyCodegen$ExceptionManager$ExceptionInfo
Jan 10, 2019 10:44:56 AM org.evosuite.runtime.instrumentation.EvoClassLoader instrumentClass
INFO: Keeping class: org.mozilla.javascript.optimizer.BodyCodegen$ExceptionManager$ExceptionInfo
Jan 10, 2019 10:44:56 AM org.evosuite.runtime.instrumentation.EvoClassLoader loadClass
INFO: Seeing class for first time: org.mozilla.javascript.regexp.GlobData
Jan 10, 2019 10:44:56 AM org.evosuite.runtime.instrumentation.EvoClassLoader instrumentClass
INFO: Instrumenting class 'org.mozilla.javascript.regexp.GlobData'.
Jan 10, 2019 10:44:56 AM org.evosuite.runtime.instrumentation.MethodCallReplacementClassAdapter visit
INFO: Adding mock interface to class org/mozilla/javascript/regexp/GlobData
Jan 10, 2019 10:44:56 AM org.evosuite.runtime.instrumentation.CreateClassResetClassAdapter createEmptyStaticReset
INFO: Creating brand-new static initializer in class org/mozilla/javascript/regexp/GlobData
Jan 10, 2019 10:44:56 AM org.evosuite.runtime.instrumentation.EvoClassLoader instrumentClass
INFO: Keeping class: org.mozilla.javascript.regexp.GlobData
Jan 10, 2019 10:44:56 AM org.evosuite.runtime.instrumentation.EvoClassLoader loadClass
INFO: Seeing class for first time: org.mozilla.javascript.EmbeddedSlotMap$1
Jan 10, 2019 10:44:56 AM org.evosuite.runtime.instrumentation.EvoClassLoader instrumentClass
INFO: Instrumenting class 'org.mozilla.javascript.EmbeddedSlotMap$1'.
Jan 10, 2019 10:44:56 AM org.evosuite.runtime.instrumentation.MethodCallReplacementClassAdapter visit
INFO: Adding mock interface to class org/mozilla/javascript/EmbeddedSlotMap$1
Jan 10, 2019 10:44:56 AM org.evosuite.runtime.instrumentation.EvoClassLoader instrumentClass
INFO: Keeping class: org.mozilla.javascript.EmbeddedSlotMap$1
Jan 10, 2019 10:44:56 AM org.evosuite.runtime.instrumentation.EvoClassLoader loadClass
INFO: Seeing class for first time: org.mozilla.javascript.ScriptableObject$SlotAccess
Jan 10, 2019 10:44:56 AM org.evosuite.runtime.instrumentation.EvoClassLoader instrumentClass
INFO: Instrumenting class 'org.mozilla.javascript.ScriptableObject$SlotAccess'.
Jan 10, 2019 10:44:56 AM org.evosuite.runtime.instrumentation.MethodCallReplacementClassAdapter visit
INFO: Adding mock interface to class org/mozilla/javascript/ScriptableObject$SlotAccess
Jan 10, 2019 10:44:56 AM org.evosuite.runtime.instrumentation.CreateClassResetClassAdapter visitMethod
INFO: Found static initializer in class org/mozilla/javascript/ScriptableObject$SlotAccess
Jan 10, 2019 10:44:56 AM org.evosuite.runtime.instrumentation.EvoClassLoader instrumentClass
INFO: Keeping class: org.mozilla.javascript.ScriptableObject$SlotAccess
Jan 10, 2019 10:44:56 AM org.evosuite.runtime.instrumentation.EvoClassLoader loadClass
INFO: Seeing class for first time: org.mozilla.javascript.regexp.RECharSet
Jan 10, 2019 10:44:56 AM org.evosuite.runtime.instrumentation.EvoClassLoader instrumentClass
INFO: Instrumenting class 'org.mozilla.javascript.regexp.RECharSet'.
Jan 10, 2019 10:44:56 AM org.evosuite.runtime.instrumentation.MethodCallReplacementClassAdapter visit
INFO: Adding mock interface to class org/mozilla/javascript/regexp/RECharSet
Jan 10, 2019 10:44:56 AM org.evosuite.runtime.instrumentation.CreateClassResetClassAdapter createEmptyStaticReset
INFO: Creating brand-new static initializer in class org/mozilla/javascript/regexp/RECharSet
Jan 10, 2019 10:44:56 AM org.evosuite.runtime.instrumentation.EvoClassLoader instrumentClass
INFO: Keeping class: org.mozilla.javascript.regexp.RECharSet
Jan 10, 2019 10:44:56 AM org.evosuite.runtime.instrumentation.EvoClassLoader loadClass
INFO: Seeing class for first time: org.mozilla.classfile.ClassFileWriter$StackMapTable
Jan 10, 2019 10:44:56 AM org.evosuite.runtime.instrumentation.EvoClassLoader instrumentClass
INFO: Instrumenting class 'org.mozilla.classfile.ClassFileWriter$StackMapTable'.
Jan 10, 2019 10:44:56 AM org.evosuite.runtime.instrumentation.MethodCallReplacementClassAdapter visit
INFO: Adding mock interface to class org/mozilla/classfile/ClassFileWriter$StackMapTable
Jan 10, 2019 10:44:56 AM org.evosuite.runtime.instrumentation.CreateClassResetClassAdapter createEmptyStaticReset
INFO: Creating brand-new static initializer in class org/mozilla/classfile/ClassFileWriter$StackMapTable
Jan 10, 2019 10:44:56 AM org.evosuite.runtime.instrumentation.CreateClassResetClassAdapter createEmptyStaticReset
INFO: Adding bytecode for initializing field DEBUGSTACKMAP
Jan 10, 2019 10:44:56 AM org.evosuite.runtime.instrumentation.EvoClassLoader instrumentClass
INFO: Keeping class: org.mozilla.classfile.ClassFileWriter$StackMapTable
Jan 10, 2019 10:44:56 AM org.evosuite.runtime.instrumentation.EvoClassLoader loadClass
INFO: Seeing class for first time: org.mozilla.javascript.ast.Block
Jan 10, 2019 10:44:56 AM org.evosuite.runtime.instrumentation.EvoClassLoader instrumentClass
INFO: Instrumenting class 'org.mozilla.javascript.ast.Block'.
Jan 10, 2019 10:44:56 AM org.evosuite.runtime.instrumentation.MethodCallReplacementClassAdapter visit
INFO: Adding mock interface to class org/mozilla/javascript/ast/Block
Jan 10, 2019 10:44:56 AM org.evosuite.runtime.instrumentation.CreateClassResetClassAdapter createEmptyStaticReset
INFO: Creating brand-new static initializer in class org/mozilla/javascript/ast/Block
Jan 10, 2019 10:44:56 AM org.evosuite.runtime.instrumentation.EvoClassLoader instrumentClass
INFO: Keeping class: org.mozilla.javascript.ast.Block
Jan 10, 2019 10:44:56 AM org.evosuite.runtime.instrumentation.EvoClassLoader loadClass
INFO: Seeing class for first time: org.mozilla.javascript.ast.VariableInitializer
Jan 10, 2019 10:44:56 AM org.evosuite.runtime.instrumentation.EvoClassLoader instrumentClass
INFO: Instrumenting class 'org.mozilla.javascript.ast.VariableInitializer'.
Jan 10, 2019 10:44:56 AM org.evosuite.runtime.instrumentation.MethodCallReplacementClassAdapter visit
INFO: Adding mock interface to class org/mozilla/javascript/ast/VariableInitializer
Jan 10, 2019 10:44:56 AM org.evosuite.runtime.instrumentation.CreateClassResetClassAdapter createEmptyStaticReset
INFO: Creating brand-new static initializer in class org/mozilla/javascript/ast/VariableInitializer
Jan 10, 2019 10:44:56 AM org.evosuite.runtime.instrumentation.EvoClassLoader instrumentClass
INFO: Keeping class: org.mozilla.javascript.ast.VariableInitializer
Jan 10, 2019 10:44:56 AM org.evosuite.runtime.instrumentation.EvoClassLoader loadClass
INFO: Seeing class for first time: org.mozilla.javascript.ast.VariableDeclaration
Jan 10, 2019 10:44:56 AM org.evosuite.runtime.instrumentation.EvoClassLoader instrumentClass
INFO: Instrumenting class 'org.mozilla.javascript.ast.VariableDeclaration'.
Jan 10, 2019 10:44:56 AM org.evosuite.runtime.instrumentation.MethodCallReplacementClassAdapter visit
INFO: Adding mock interface to class org/mozilla/javascript/ast/VariableDeclaration
Jan 10, 2019 10:44:56 AM org.evosuite.runtime.instrumentation.CreateClassResetClassAdapter createEmptyStaticReset
INFO: Creating brand-new static initializer in class org/mozilla/javascript/ast/VariableDeclaration
Jan 10, 2019 10:44:56 AM org.evosuite.runtime.instrumentation.EvoClassLoader instrumentClass
INFO: Keeping class: org.mozilla.javascript.ast.VariableDeclaration
Jan 10, 2019 10:44:56 AM org.evosuite.runtime.instrumentation.EvoClassLoader loadClass
INFO: Seeing class for first time: org.mozilla.javascript.Decompiler
Jan 10, 2019 10:44:56 AM org.evosuite.runtime.instrumentation.EvoClassLoader instrumentClass
INFO: Instrumenting class 'org.mozilla.javascript.Decompiler'.
Jan 10, 2019 10:44:56 AM org.evosuite.runtime.instrumentation.MethodCallReplacementClassAdapter visit
INFO: Adding mock interface to class org/mozilla/javascript/Decompiler
Jan 10, 2019 10:44:56 AM org.evosuite.runtime.instrumentation.CreateClassResetClassAdapter createEmptyStaticReset
INFO: Creating brand-new static initializer in class org/mozilla/javascript/Decompiler
Jan 10, 2019 10:44:56 AM org.evosuite.runtime.instrumentation.CreateClassResetClassAdapter createEmptyStaticReset
INFO: Adding bytecode for initializing field ONLY_BODY_FLAG
Jan 10, 2019 10:44:56 AM org.evosuite.runtime.instrumentation.CreateClassResetClassAdapter createEmptyStaticReset
INFO: Adding bytecode for initializing field TO_SOURCE_FLAG
Jan 10, 2019 10:44:56 AM org.evosuite.runtime.instrumentation.CreateClassResetClassAdapter createEmptyStaticReset
INFO: Adding bytecode for initializing field INITIAL_INDENT_PROP
Jan 10, 2019 10:44:56 AM org.evosuite.runtime.instrumentation.CreateClassResetClassAdapter createEmptyStaticReset
INFO: Adding bytecode for initializing field INDENT_GAP_PROP
Jan 10, 2019 10:44:56 AM org.evosuite.runtime.instrumentation.CreateClassResetClassAdapter createEmptyStaticReset
INFO: Adding bytecode for initializing field CASE_GAP_PROP
Jan 10, 2019 10:44:56 AM org.evosuite.runtime.instrumentation.CreateClassResetClassAdapter createEmptyStaticReset
INFO: Adding bytecode for initializing field FUNCTION_END
Jan 10, 2019 10:44:56 AM org.evosuite.runtime.instrumentation.CreateClassResetClassAdapter createEmptyStaticReset
INFO: Adding bytecode for initializing field printSource
Jan 10, 2019 10:44:56 AM org.evosuite.runtime.instrumentation.EvoClassLoader instrumentClass
INFO: Keeping class: org.mozilla.javascript.Decompiler
Jan 10, 2019 10:44:56 AM org.evosuite.runtime.instrumentation.EvoClassLoader loadClass
INFO: Seeing class for first time: org.mozilla.javascript.commonjs.module.ModuleScriptProvider
Jan 10, 2019 10:44:56 AM org.evosuite.runtime.instrumentation.EvoClassLoader instrumentClass
INFO: Instrumenting class 'org.mozilla.javascript.commonjs.module.ModuleScriptProvider'.
Jan 10, 2019 10:44:56 AM org.evosuite.runtime.instrumentation.EvoClassLoader instrumentClass
INFO: Keeping class: org.mozilla.javascript.commonjs.module.ModuleScriptProvider
Jan 10, 2019 10:44:56 AM org.evosuite.runtime.instrumentation.EvoClassLoader loadClass
INFO: Seeing class for first time: org.mozilla.javascript.regexp.RegExpImpl
Jan 10, 2019 10:44:56 AM org.evosuite.runtime.instrumentation.EvoClassLoader instrumentClass
INFO: Instrumenting class 'org.mozilla.javascript.regexp.RegExpImpl'.
Jan 10, 2019 10:44:56 AM org.evosuite.runtime.instrumentation.MethodCallReplacementClassAdapter visit
INFO: Adding mock interface to class org/mozilla/javascript/regexp/RegExpImpl
Jan 10, 2019 10:44:56 AM org.evosuite.runtime.instrumentation.CreateClassResetClassAdapter createEmptyStaticReset
INFO: Creating brand-new static initializer in class org/mozilla/javascript/regexp/RegExpImpl
Jan 10, 2019 10:44:56 AM org.evosuite.runtime.instrumentation.EvoClassLoader instrumentClass
INFO: Keeping class: org.mozilla.javascript.regexp.RegExpImpl
Jan 10, 2019 10:44:56 AM org.evosuite.runtime.instrumentation.EvoClassLoader loadClass
INFO: Seeing class for first time: org.mozilla.javascript.ast.ThrowStatement
Jan 10, 2019 10:44:56 AM org.evosuite.runtime.instrumentation.EvoClassLoader instrumentClass
INFO: Instrumenting class 'org.mozilla.javascript.ast.ThrowStatement'.
Jan 10, 2019 10:44:56 AM org.evosuite.runtime.instrumentation.MethodCallReplacementClassAdapter visit
INFO: Adding mock interface to class org/mozilla/javascript/ast/ThrowStatement
Jan 10, 2019 10:44:56 AM org.evosuite.runtime.instrumentation.CreateClassResetClassAdapter createEmptyStaticReset
INFO: Creating brand-new static initializer in class org/mozilla/javascript/ast/ThrowStatement
Jan 10, 2019 10:44:56 AM org.evosuite.runtime.instrumentation.EvoClassLoader instrumentClass
INFO: Keeping class: org.mozilla.javascript.ast.ThrowStatement
Jan 10, 2019 10:44:56 AM org.evosuite.runtime.instrumentation.EvoClassLoader loadClass
INFO: Seeing class for first time: org.mozilla.javascript.NativeCall
Jan 10, 2019 10:44:56 AM org.evosuite.runtime.instrumentation.EvoClassLoader instrumentClass
INFO: Instrumenting class 'org.mozilla.javascript.NativeCall'.
Jan 10, 2019 10:44:56 AM org.evosuite.runtime.instrumentation.MethodCallReplacementClassAdapter visit
INFO: Adding mock interface to class org/mozilla/javascript/NativeCall
Jan 10, 2019 10:44:56 AM org.evosuite.runtime.instrumentation.CreateClassResetClassAdapter visitMethod
INFO: Found static initializer in class org/mozilla/javascript/NativeCall
Jan 10, 2019 10:44:56 AM org.evosuite.runtime.instrumentation.EvoClassLoader instrumentClass
INFO: Keeping class: org.mozilla.javascript.NativeCall
Jan 10, 2019 10:44:56 AM org.evosuite.runtime.instrumentation.EvoClassLoader loadClass
INFO: Seeing class for first time: org.mozilla.javascript.InterpreterData
Jan 10, 2019 10:44:56 AM org.evosuite.runtime.instrumentation.EvoClassLoader instrumentClass
INFO: Instrumenting class 'org.mozilla.javascript.InterpreterData'.
Jan 10, 2019 10:44:56 AM org.evosuite.runtime.instrumentation.MethodCallReplacementClassAdapter visit
INFO: Adding mock interface to class org/mozilla/javascript/InterpreterData
Jan 10, 2019 10:44:56 AM org.evosuite.runtime.instrumentation.CreateClassResetClassAdapter createEmptyStaticReset
INFO: Creating brand-new static initializer in class org/mozilla/javascript/InterpreterData
Jan 10, 2019 10:44:56 AM org.evosuite.runtime.instrumentation.CreateClassResetClassAdapter createEmptyStaticReset
INFO: Adding bytecode for initializing field INITIAL_MAX_ICODE_LENGTH
Jan 10, 2019 10:44:56 AM org.evosuite.runtime.instrumentation.CreateClassResetClassAdapter createEmptyStaticReset
INFO: Adding bytecode for initializing field INITIAL_STRINGTABLE_SIZE
Jan 10, 2019 10:44:56 AM org.evosuite.runtime.instrumentation.CreateClassResetClassAdapter createEmptyStaticReset
INFO: Adding bytecode for initializing field INITIAL_NUMBERTABLE_SIZE
Jan 10, 2019 10:44:56 AM org.evosuite.runtime.instrumentation.EvoClassLoader instrumentClass
INFO: Keeping class: org.mozilla.javascript.InterpreterData
Jan 10, 2019 10:44:56 AM org.evosuite.runtime.instrumentation.EvoClassLoader loadClass
INFO: Seeing class for first time: org.mozilla.javascript.regexp.NativeRegExp
Jan 10, 2019 10:44:56 AM org.evosuite.runtime.instrumentation.EvoClassLoader instrumentClass
INFO: Instrumenting class 'org.mozilla.javascript.regexp.NativeRegExp'.
Jan 10, 2019 10:44:56 AM org.evosuite.runtime.instrumentation.MethodCallReplacementClassAdapter visit
INFO: Adding mock interface to class org/mozilla/javascript/regexp/NativeRegExp
Jan 10, 2019 10:44:56 AM org.evosuite.runtime.instrumentation.CreateClassResetClassAdapter visitMethod
INFO: Found static initializer in class org/mozilla/javascript/regexp/NativeRegExp
Jan 10, 2019 10:44:56 AM org.evosuite.runtime.instrumentation.EvoClassLoader instrumentClass
INFO: Keeping class: org.mozilla.javascript.regexp.NativeRegExp
Jan 10, 2019 10:44:56 AM org.evosuite.runtime.instrumentation.EvoClassLoader loadClass
INFO: Seeing class for first time: org.mozilla.javascript.regexp.NativeRegExpCtor
Jan 10, 2019 10:44:56 AM org.evosuite.runtime.instrumentation.EvoClassLoader instrumentClass
INFO: Instrumenting class 'org.mozilla.javascript.regexp.NativeRegExpCtor'.
Jan 10, 2019 10:44:56 AM org.evosuite.runtime.instrumentation.MethodCallReplacementClassAdapter visit
INFO: Adding mock interface to class org/mozilla/javascript/regexp/NativeRegExpCtor
Jan 10, 2019 10:44:56 AM org.evosuite.runtime.instrumentation.CreateClassResetClassAdapter createEmptyStaticReset
INFO: Creating brand-new static initializer in class org/mozilla/javascript/regexp/NativeRegExpCtor
Jan 10, 2019 10:44:56 AM org.evosuite.runtime.instrumentation.CreateClassResetClassAdapter createEmptyStaticReset
INFO: Adding bytecode for initializing field Id_multiline
Jan 10, 2019 10:44:56 AM org.evosuite.runtime.instrumentation.CreateClassResetClassAdapter createEmptyStaticReset
INFO: Adding bytecode for initializing field Id_STAR
Jan 10, 2019 10:44:56 AM org.evosuite.runtime.instrumentation.CreateClassResetClassAdapter createEmptyStaticReset
INFO: Adding bytecode for initializing field Id_input
Jan 10, 2019 10:44:56 AM org.evosuite.runtime.instrumentation.CreateClassResetClassAdapter createEmptyStaticReset
INFO: Adding bytecode for initializing field Id_UNDERSCORE
Jan 10, 2019 10:44:56 AM org.evosuite.runtime.instrumentation.CreateClassResetClassAdapter createEmptyStaticReset
INFO: Adding bytecode for initializing field Id_lastMatch
Jan 10, 2019 10:44:56 AM org.evosuite.runtime.instrumentation.CreateClassResetClassAdapter createEmptyStaticReset
INFO: Adding bytecode for initializing field Id_AMPERSAND
Jan 10, 2019 10:44:56 AM org.evosuite.runtime.instrumentation.CreateClassResetClassAdapter createEmptyStaticReset
INFO: Adding bytecode for initializing field Id_lastParen
Jan 10, 2019 10:44:56 AM org.evosuite.runtime.instrumentation.CreateClassResetClassAdapter createEmptyStaticReset
INFO: Adding bytecode for initializing field Id_PLUS
Jan 10, 2019 10:44:56 AM org.evosuite.runtime.instrumentation.CreateClassResetClassAdapter createEmptyStaticReset
INFO: Adding bytecode for initializing field Id_leftContext
Jan 10, 2019 10:44:56 AM org.evosuite.runtime.instrumentation.CreateClassResetClassAdapter createEmptyStaticReset
INFO: Adding bytecode for initializing field Id_BACK_QUOTE
Jan 10, 2019 10:44:56 AM org.evosuite.runtime.instrumentation.CreateClassResetClassAdapter createEmptyStaticReset
INFO: Adding bytecode for initializing field Id_rightContext
Jan 10, 2019 10:44:56 AM org.evosuite.runtime.instrumentation.CreateClassResetClassAdapter createEmptyStaticReset
INFO: Adding bytecode for initializing field Id_QUOTE
Jan 10, 2019 10:44:56 AM org.evosuite.runtime.instrumentation.CreateClassResetClassAdapter createEmptyStaticReset
INFO: Adding bytecode for initializing field DOLLAR_ID_BASE
Jan 10, 2019 10:44:56 AM org.evosuite.runtime.instrumentation.CreateClassResetClassAdapter createEmptyStaticReset
INFO: Adding bytecode for initializing field Id_DOLLAR_1
Jan 10, 2019 10:44:56 AM org.evosuite.runtime.instrumentation.CreateClassResetClassAdapter createEmptyStaticReset
INFO: Adding bytecode for initializing field Id_DOLLAR_2
Jan 10, 2019 10:44:56 AM org.evosuite.runtime.instrumentation.CreateClassResetClassAdapter createEmptyStaticReset
INFO: Adding bytecode for initializing field Id_DOLLAR_3
Jan 10, 2019 10:44:56 AM org.evosuite.runtime.instrumentation.CreateClassResetClassAdapter createEmptyStaticReset
INFO: Adding bytecode for initializing field Id_DOLLAR_4
Jan 10, 2019 10:44:56 AM org.evosuite.runtime.instrumentation.CreateClassResetClassAdapter createEmptyStaticReset
INFO: Adding bytecode for initializing field Id_DOLLAR_5
Jan 10, 2019 10:44:56 AM org.evosuite.runtime.instrumentation.CreateClassResetClassAdapter createEmptyStaticReset
INFO: Adding bytecode for initializing field Id_DOLLAR_6
Jan 10, 2019 10:44:56 AM org.evosuite.runtime.instrumentation.CreateClassResetClassAdapter createEmptyStaticReset
INFO: Adding bytecode for initializing field Id_DOLLAR_7
Jan 10, 2019 10:44:56 AM org.evosuite.runtime.instrumentation.CreateClassResetClassAdapter createEmptyStaticReset
INFO: Adding bytecode for initializing field Id_DOLLAR_8
Jan 10, 2019 10:44:56 AM org.evosuite.runtime.instrumentation.CreateClassResetClassAdapter createEmptyStaticReset
INFO: Adding bytecode for initializing field Id_DOLLAR_9
Jan 10, 2019 10:44:56 AM org.evosuite.runtime.instrumentation.CreateClassResetClassAdapter createEmptyStaticReset
INFO: Adding bytecode for initializing field MAX_INSTANCE_ID
Jan 10, 2019 10:44:56 AM org.evosuite.runtime.instrumentation.EvoClassLoader instrumentClass
INFO: Keeping class: org.mozilla.javascript.regexp.NativeRegExpCtor
Jan 10, 2019 10:44:56 AM org.evosuite.runtime.instrumentation.EvoClassLoader loadClass
INFO: Seeing class for first time: org.mozilla.javascript.xml.XMLLib
Jan 10, 2019 10:44:56 AM org.evosuite.runtime.instrumentation.EvoClassLoader instrumentClass
INFO: Instrumenting class 'org.mozilla.javascript.xml.XMLLib'.
Jan 10, 2019 10:44:56 AM org.evosuite.runtime.instrumentation.MethodCallReplacementClassAdapter visit
INFO: Adding mock interface to class org/mozilla/javascript/xml/XMLLib
Jan 10, 2019 10:44:56 AM org.evosuite.runtime.instrumentation.CreateClassResetClassAdapter visitMethod
INFO: Found static initializer in class org/mozilla/javascript/xml/XMLLib
Jan 10, 2019 10:44:56 AM org.evosuite.runtime.instrumentation.EvoClassLoader createPackageDefinition
INFO: Defined package (3): package org.mozilla.javascript.xml, 473550622
Jan 10, 2019 10:44:56 AM org.evosuite.runtime.instrumentation.EvoClassLoader instrumentClass
INFO: Keeping class: org.mozilla.javascript.xml.XMLLib
Jan 10, 2019 10:44:56 AM org.evosuite.runtime.instrumentation.EvoClassLoader loadClass
INFO: Seeing class for first time: org.mozilla.javascript.Node$PropListItem
Jan 10, 2019 10:44:56 AM org.evosuite.runtime.instrumentation.EvoClassLoader instrumentClass
INFO: Instrumenting class 'org.mozilla.javascript.Node$PropListItem'.
Jan 10, 2019 10:44:56 AM org.evosuite.runtime.instrumentation.MethodCallReplacementClassAdapter visit
INFO: Adding mock interface to class org/mozilla/javascript/Node$PropListItem
Jan 10, 2019 10:44:56 AM org.evosuite.runtime.instrumentation.CreateClassResetClassAdapter createEmptyStaticReset
INFO: Creating brand-new static initializer in class org/mozilla/javascript/Node$PropListItem
Jan 10, 2019 10:44:56 AM org.evosuite.runtime.instrumentation.EvoClassLoader instrumentClass
INFO: Keeping class: org.mozilla.javascript.Node$PropListItem
Jan 10, 2019 10:44:56 AM org.evosuite.runtime.instrumentation.EvoClassLoader loadClass
INFO: Seeing class for first time: org.mozilla.javascript.regexp.CompilerState
Jan 10, 2019 10:44:56 AM org.evosuite.runtime.instrumentation.EvoClassLoader instrumentClass
INFO: Instrumenting class 'org.mozilla.javascript.regexp.CompilerState'.
Jan 10, 2019 10:44:56 AM org.evosuite.runtime.instrumentation.MethodCallReplacementClassAdapter visit
INFO: Adding mock interface to class org/mozilla/javascript/regexp/CompilerState
Jan 10, 2019 10:44:56 AM org.evosuite.runtime.instrumentation.CreateClassResetClassAdapter createEmptyStaticReset
INFO: Creating brand-new static initializer in class org/mozilla/javascript/regexp/CompilerState
Jan 10, 2019 10:44:56 AM org.evosuite.runtime.instrumentation.EvoClassLoader instrumentClass
INFO: Keeping class: org.mozilla.javascript.regexp.CompilerState
Jan 10, 2019 10:44:56 AM org.evosuite.runtime.instrumentation.EvoClassLoader loadClass
INFO: Seeing class for first time: org.mozilla.javascript.TokenStream
Jan 10, 2019 10:44:56 AM org.evosuite.runtime.instrumentation.EvoClassLoader instrumentClass
INFO: Instrumenting class 'org.mozilla.javascript.TokenStream'.
Jan 10, 2019 10:44:56 AM org.evosuite.runtime.instrumentation.MethodCallReplacementClassAdapter visit
INFO: Adding mock interface to class org/mozilla/javascript/TokenStream
Jan 10, 2019 10:44:56 AM org.evosuite.runtime.instrumentation.CreateClassResetClassAdapter visitMethod
INFO: Found static initializer in class org/mozilla/javascript/TokenStream
Jan 10, 2019 10:44:56 AM org.evosuite.runtime.instrumentation.EvoClassLoader instrumentClass
INFO: Keeping class: org.mozilla.javascript.TokenStream
Jan 10, 2019 10:44:56 AM org.evosuite.runtime.instrumentation.EvoClassLoader loadClass
INFO: Seeing class for first time: org.mozilla.javascript.NativeJavaTopPackage
Jan 10, 2019 10:44:56 AM org.evosuite.runtime.instrumentation.EvoClassLoader instrumentClass
INFO: Instrumenting class 'org.mozilla.javascript.NativeJavaTopPackage'.
Jan 10, 2019 10:44:56 AM org.evosuite.runtime.instrumentation.MethodCallReplacementClassAdapter visit
INFO: Adding mock interface to class org/mozilla/javascript/NativeJavaTopPackage
Jan 10, 2019 10:44:56 AM org.evosuite.runtime.instrumentation.CreateClassResetClassAdapter visitMethod
INFO: Found static initializer in class org/mozilla/javascript/NativeJavaTopPackage
Jan 10, 2019 10:44:56 AM org.evosuite.runtime.instrumentation.EvoClassLoader instrumentClass
INFO: Keeping class: org.mozilla.javascript.NativeJavaTopPackage
Jan 10, 2019 10:44:56 AM org.evosuite.runtime.instrumentation.EvoClassLoader loadClass
INFO: Seeing class for first time: org.mozilla.javascript.Parser$ParserException
Jan 10, 2019 10:44:56 AM org.evosuite.runtime.instrumentation.EvoClassLoader instrumentClass
INFO: Instrumenting class 'org.mozilla.javascript.Parser$ParserException'.
Jan 10, 2019 10:44:56 AM org.evosuite.runtime.instrumentation.MethodCallReplacementClassAdapter visit
INFO: Adding mock interface to class org/mozilla/javascript/Parser$ParserException
Jan 10, 2019 10:44:56 AM org.evosuite.runtime.instrumentation.CreateClassResetClassAdapter createEmptyStaticReset
INFO: Creating brand-new static initializer in class org/mozilla/javascript/Parser$ParserException
Jan 10, 2019 10:44:56 AM org.evosuite.runtime.instrumentation.EvoClassLoader instrumentClass
INFO: Keeping class: org.mozilla.javascript.Parser$ParserException
Jan 10, 2019 10:44:56 AM org.evosuite.runtime.instrumentation.EvoClassLoader loadClass
INFO: Seeing class for first time: org.mozilla.javascript.ArrowFunction
Jan 10, 2019 10:44:56 AM org.evosuite.runtime.instrumentation.EvoClassLoader instrumentClass
INFO: Instrumenting class 'org.mozilla.javascript.ArrowFunction'.
Jan 10, 2019 10:44:56 AM org.evosuite.runtime.instrumentation.MethodCallReplacementClassAdapter visit
INFO: Adding mock interface to class org/mozilla/javascript/ArrowFunction
Jan 10, 2019 10:44:56 AM org.evosuite.runtime.instrumentation.CreateClassResetClassAdapter createEmptyStaticReset
INFO: Creating brand-new static initializer in class org/mozilla/javascript/ArrowFunction
Jan 10, 2019 10:44:56 AM org.evosuite.runtime.instrumentation.EvoClassLoader instrumentClass
INFO: Keeping class: org.mozilla.javascript.ArrowFunction
Jan 10, 2019 10:44:56 AM org.evosuite.runtime.instrumentation.EvoClassLoader loadClass
INFO: Seeing class for first time: org.mozilla.javascript.ast.XmlDotQuery
Jan 10, 2019 10:44:56 AM org.evosuite.runtime.instrumentation.EvoClassLoader instrumentClass
INFO: Instrumenting class 'org.mozilla.javascript.ast.XmlDotQuery'.
Jan 10, 2019 10:44:56 AM org.evosuite.runtime.instrumentation.MethodCallReplacementClassAdapter visit
INFO: Adding mock interface to class org/mozilla/javascript/ast/XmlDotQuery
Jan 10, 2019 10:44:56 AM org.evosuite.runtime.instrumentation.CreateClassResetClassAdapter createEmptyStaticReset
INFO: Creating brand-new static initializer in class org/mozilla/javascript/ast/XmlDotQuery
Jan 10, 2019 10:44:56 AM org.evosuite.runtime.instrumentation.EvoClassLoader instrumentClass
INFO: Keeping class: org.mozilla.javascript.ast.XmlDotQuery
Jan 10, 2019 10:44:56 AM org.evosuite.runtime.instrumentation.EvoClassLoader loadClass
INFO: Seeing class for first time: org.mozilla.javascript.RefCallable
Jan 10, 2019 10:44:56 AM org.evosuite.runtime.instrumentation.EvoClassLoader instrumentClass
INFO: Instrumenting class 'org.mozilla.javascript.RefCallable'.
Jan 10, 2019 10:44:56 AM org.evosuite.runtime.instrumentation.EvoClassLoader instrumentClass
INFO: Keeping class: org.mozilla.javascript.RefCallable
Jan 10, 2019 10:44:56 AM org.evosuite.runtime.instrumentation.EvoClassLoader loadClass
INFO: Seeing class for first time: org.mozilla.javascript.ObjToIntMap$Iterator
Jan 10, 2019 10:44:56 AM org.evosuite.runtime.instrumentation.EvoClassLoader instrumentClass
INFO: Instrumenting class 'org.mozilla.javascript.ObjToIntMap$Iterator'.
Jan 10, 2019 10:44:56 AM org.evosuite.runtime.instrumentation.MethodCallReplacementClassAdapter visit
INFO: Adding mock interface to class org/mozilla/javascript/ObjToIntMap$Iterator
Jan 10, 2019 10:44:56 AM org.evosuite.runtime.instrumentation.CreateClassResetClassAdapter createEmptyStaticReset
INFO: Creating brand-new static initializer in class org/mozilla/javascript/ObjToIntMap$Iterator
Jan 10, 2019 10:44:56 AM org.evosuite.runtime.instrumentation.EvoClassLoader instrumentClass
INFO: Keeping class: org.mozilla.javascript.ObjToIntMap$Iterator
Jan 10, 2019 10:44:56 AM org.evosuite.runtime.instrumentation.EvoClassLoader loadClass
INFO: Seeing class for first time: org.mozilla.javascript.ast.DoLoop
Jan 10, 2019 10:44:56 AM org.evosuite.runtime.instrumentation.EvoClassLoader instrumentClass
INFO: Instrumenting class 'org.mozilla.javascript.ast.DoLoop'.
Jan 10, 2019 10:44:56 AM org.evosuite.runtime.instrumentation.MethodCallReplacementClassAdapter visit
INFO: Adding mock interface to class org/mozilla/javascript/ast/DoLoop
Jan 10, 2019 10:44:56 AM org.evosuite.runtime.instrumentation.CreateClassResetClassAdapter createEmptyStaticReset
INFO: Creating brand-new static initializer in class org/mozilla/javascript/ast/DoLoop
Jan 10, 2019 10:44:56 AM org.evosuite.runtime.instrumentation.EvoClassLoader instrumentClass
INFO: Keeping class: org.mozilla.javascript.ast.DoLoop
Jan 10, 2019 10:44:56 AM org.evosuite.runtime.instrumentation.EvoClassLoader loadClass
INFO: Seeing class for first time: org.mozilla.javascript.DToA
Jan 10, 2019 10:44:56 AM org.evosuite.runtime.instrumentation.EvoClassLoader instrumentClass
INFO: Instrumenting class 'org.mozilla.javascript.DToA'.
Jan 10, 2019 10:44:56 AM org.evosuite.runtime.instrumentation.MethodCallReplacementClassAdapter visit
INFO: Adding mock interface to class org/mozilla/javascript/DToA
Jan 10, 2019 10:44:56 AM org.evosuite.runtime.instrumentation.CreateClassResetClassAdapter visitMethod
INFO: Found static initializer in class org/mozilla/javascript/DToA
Jan 10, 2019 10:44:56 AM org.evosuite.runtime.instrumentation.EvoClassLoader instrumentClass
INFO: Keeping class: org.mozilla.javascript.DToA
Jan 10, 2019 10:44:56 AM org.evosuite.runtime.instrumentation.EvoClassLoader loadClass
INFO: Seeing class for first time: org.mozilla.javascript.NativeGlobal
Jan 10, 2019 10:44:56 AM org.evosuite.runtime.instrumentation.EvoClassLoader instrumentClass
INFO: Instrumenting class 'org.mozilla.javascript.NativeGlobal'.
Jan 10, 2019 10:44:56 AM org.evosuite.runtime.instrumentation.MethodCallReplacementClassAdapter visit
INFO: Adding mock interface to class org/mozilla/javascript/NativeGlobal
Jan 10, 2019 10:44:56 AM org.evosuite.runtime.instrumentation.CreateClassResetClassAdapter visitMethod
INFO: Found static initializer in class org/mozilla/javascript/NativeGlobal
Jan 10, 2019 10:44:56 AM org.evosuite.runtime.instrumentation.EvoClassLoader instrumentClass
INFO: Keeping class: org.mozilla.javascript.NativeGlobal
Jan 10, 2019 10:44:56 AM org.evosuite.runtime.instrumentation.EvoClassLoader loadClass
INFO: Seeing class for first time: org.mozilla.javascript.v8dtoa.DoubleHelper
Jan 10, 2019 10:44:56 AM org.evosuite.runtime.instrumentation.EvoClassLoader instrumentClass
INFO: Instrumenting class 'org.mozilla.javascript.v8dtoa.DoubleHelper'.
Jan 10, 2019 10:44:56 AM org.evosuite.runtime.instrumentation.MethodCallReplacementClassAdapter visit
INFO: Adding mock interface to class org/mozilla/javascript/v8dtoa/DoubleHelper
Jan 10, 2019 10:44:56 AM org.evosuite.runtime.instrumentation.CreateClassResetClassAdapter visitMethod
INFO: Found static initializer in class org/mozilla/javascript/v8dtoa/DoubleHelper
Jan 10, 2019 10:44:56 AM org.evosuite.runtime.instrumentation.EvoClassLoader instrumentClass
INFO: Keeping class: org.mozilla.javascript.v8dtoa.DoubleHelper
Jan 10, 2019 10:44:56 AM org.evosuite.runtime.instrumentation.EvoClassLoader loadClass
INFO: Seeing class for first time: org.mozilla.javascript.ast.AstRoot
Jan 10, 2019 10:44:56 AM org.evosuite.runtime.instrumentation.EvoClassLoader instrumentClass
INFO: Instrumenting class 'org.mozilla.javascript.ast.AstRoot'.
Jan 10, 2019 10:44:56 AM org.evosuite.runtime.instrumentation.MethodCallReplacementClassAdapter visit
INFO: Adding mock interface to class org/mozilla/javascript/ast/AstRoot
Jan 10, 2019 10:44:56 AM org.evosuite.runtime.instrumentation.CreateClassResetClassAdapter createEmptyStaticReset
INFO: Creating brand-new static initializer in class org/mozilla/javascript/ast/AstRoot
Jan 10, 2019 10:44:56 AM org.evosuite.runtime.instrumentation.EvoClassLoader instrumentClass
INFO: Keeping class: org.mozilla.javascript.ast.AstRoot
Jan 10, 2019 10:44:56 AM org.evosuite.runtime.instrumentation.EvoClassLoader loadClass
INFO: Seeing class for first time: org.mozilla.javascript.ContextListener
Jan 10, 2019 10:44:56 AM org.evosuite.runtime.instrumentation.EvoClassLoader instrumentClass
INFO: Instrumenting class 'org.mozilla.javascript.ContextListener'.
Jan 10, 2019 10:44:56 AM org.evosuite.runtime.instrumentation.EvoClassLoader instrumentClass
INFO: Keeping class: org.mozilla.javascript.ContextListener
Jan 10, 2019 10:44:56 AM org.evosuite.runtime.instrumentation.EvoClassLoader loadClass
INFO: Seeing class for first time: org.mozilla.javascript.ScriptStackElement
Jan 10, 2019 10:44:56 AM org.evosuite.runtime.instrumentation.EvoClassLoader instrumentClass
INFO: Instrumenting class 'org.mozilla.javascript.ScriptStackElement'.
Jan 10, 2019 10:44:56 AM org.evosuite.runtime.instrumentation.MethodCallReplacementClassAdapter visit
INFO: Adding mock interface to class org/mozilla/javascript/ScriptStackElement
Jan 10, 2019 10:44:56 AM org.evosuite.runtime.instrumentation.CreateClassResetClassAdapter createEmptyStaticReset
INFO: Creating brand-new static initializer in class org/mozilla/javascript/ScriptStackElement
Jan 10, 2019 10:44:56 AM org.evosuite.runtime.instrumentation.EvoClassLoader instrumentClass
INFO: Keeping class: org.mozilla.javascript.ScriptStackElement
Jan 10, 2019 10:44:56 AM org.evosuite.runtime.instrumentation.EvoClassLoader loadClass
INFO: Seeing class for first time: org.mozilla.javascript.ast.WhileLoop
Jan 10, 2019 10:44:56 AM org.evosuite.runtime.instrumentation.EvoClassLoader instrumentClass
INFO: Instrumenting class 'org.mozilla.javascript.ast.WhileLoop'.
Jan 10, 2019 10:44:56 AM org.evosuite.runtime.instrumentation.MethodCallReplacementClassAdapter visit
INFO: Adding mock interface to class org/mozilla/javascript/ast/WhileLoop
Jan 10, 2019 10:44:56 AM org.evosuite.runtime.instrumentation.CreateClassResetClassAdapter createEmptyStaticReset
INFO: Creating brand-new static initializer in class org/mozilla/javascript/ast/WhileLoop
Jan 10, 2019 10:44:56 AM org.evosuite.runtime.instrumentation.EvoClassLoader instrumentClass
INFO: Keeping class: org.mozilla.javascript.ast.WhileLoop
Jan 10, 2019 10:44:56 AM org.evosuite.runtime.instrumentation.EvoClassLoader loadClass
INFO: Seeing class for first time: org.mozilla.javascript.NativeDate
Jan 10, 2019 10:44:56 AM org.evosuite.runtime.instrumentation.EvoClassLoader instrumentClass
INFO: Instrumenting class 'org.mozilla.javascript.NativeDate'.
Jan 10, 2019 10:44:56 AM org.evosuite.runtime.instrumentation.MethodCallReplacementClassAdapter visit
INFO: Adding mock interface to class org/mozilla/javascript/NativeDate
Jan 10, 2019 10:44:56 AM org.evosuite.runtime.instrumentation.CreateClassResetClassAdapter visitMethod
INFO: Found static initializer in class org/mozilla/javascript/NativeDate
Jan 10, 2019 10:44:57 AM org.evosuite.runtime.instrumentation.EvoClassLoader instrumentClass
INFO: Keeping class: org.mozilla.javascript.NativeDate
Jan 10, 2019 10:44:57 AM org.evosuite.runtime.instrumentation.EvoClassLoader loadClass
INFO: Seeing class for first time: org.mozilla.javascript.ast.EmptyStatement
Jan 10, 2019 10:44:57 AM org.evosuite.runtime.instrumentation.EvoClassLoader instrumentClass
INFO: Instrumenting class 'org.mozilla.javascript.ast.EmptyStatement'.
Jan 10, 2019 10:44:57 AM org.evosuite.runtime.instrumentation.MethodCallReplacementClassAdapter visit
INFO: Adding mock interface to class org/mozilla/javascript/ast/EmptyStatement
Jan 10, 2019 10:44:57 AM org.evosuite.runtime.instrumentation.CreateClassResetClassAdapter createEmptyStaticReset
INFO: Creating brand-new static initializer in class org/mozilla/javascript/ast/EmptyStatement
Jan 10, 2019 10:44:57 AM org.evosuite.runtime.instrumentation.EvoClassLoader instrumentClass
INFO: Keeping class: org.mozilla.javascript.ast.EmptyStatement
Jan 10, 2019 10:44:57 AM org.evosuite.runtime.instrumentation.EvoClassLoader loadClass
INFO: Seeing class for first time: org.mozilla.javascript.BoundFunction
Jan 10, 2019 10:44:57 AM org.evosuite.runtime.instrumentation.EvoClassLoader instrumentClass
INFO: Instrumenting class 'org.mozilla.javascript.BoundFunction'.
Jan 10, 2019 10:44:57 AM org.evosuite.runtime.instrumentation.MethodCallReplacementClassAdapter visit
INFO: Adding mock interface to class org/mozilla/javascript/BoundFunction
Jan 10, 2019 10:44:57 AM org.evosuite.runtime.instrumentation.CreateClassResetClassAdapter createEmptyStaticReset
INFO: Creating brand-new static initializer in class org/mozilla/javascript/BoundFunction
Jan 10, 2019 10:44:57 AM org.evosuite.runtime.instrumentation.EvoClassLoader instrumentClass
INFO: Keeping class: org.mozilla.javascript.BoundFunction
Jan 10, 2019 10:44:57 AM org.evosuite.runtime.instrumentation.EvoClassLoader loadClass
INFO: Seeing class for first time: org.mozilla.javascript.ast.PropertyGet
Jan 10, 2019 10:44:57 AM org.evosuite.runtime.instrumentation.EvoClassLoader instrumentClass
INFO: Instrumenting class 'org.mozilla.javascript.ast.PropertyGet'.
Jan 10, 2019 10:44:57 AM org.evosuite.runtime.instrumentation.MethodCallReplacementClassAdapter visit
INFO: Adding mock interface to class org/mozilla/javascript/ast/PropertyGet
Jan 10, 2019 10:44:57 AM org.evosuite.runtime.instrumentation.CreateClassResetClassAdapter createEmptyStaticReset
INFO: Creating brand-new static initializer in class org/mozilla/javascript/ast/PropertyGet
Jan 10, 2019 10:44:57 AM org.evosuite.runtime.instrumentation.EvoClassLoader instrumentClass
INFO: Keeping class: org.mozilla.javascript.ast.PropertyGet
Jan 10, 2019 10:44:57 AM org.evosuite.runtime.instrumentation.EvoClassLoader loadClass
INFO: Seeing class for first time: org.mozilla.javascript.regexp.REBackTrackData
Jan 10, 2019 10:44:57 AM org.evosuite.runtime.instrumentation.EvoClassLoader instrumentClass
INFO: Instrumenting class 'org.mozilla.javascript.regexp.REBackTrackData'.
Jan 10, 2019 10:44:57 AM org.evosuite.runtime.instrumentation.MethodCallReplacementClassAdapter visit
INFO: Adding mock interface to class org/mozilla/javascript/regexp/REBackTrackData
Jan 10, 2019 10:44:57 AM org.evosuite.runtime.instrumentation.CreateClassResetClassAdapter createEmptyStaticReset
INFO: Creating brand-new static initializer in class org/mozilla/javascript/regexp/REBackTrackData
Jan 10, 2019 10:44:57 AM org.evosuite.runtime.instrumentation.EvoClassLoader instrumentClass
INFO: Keeping class: org.mozilla.javascript.regexp.REBackTrackData
Jan 10, 2019 10:44:57 AM org.evosuite.runtime.instrumentation.EvoClassLoader loadClass
INFO: Seeing class for first time: org.mozilla.javascript.ast.XmlPropRef
Jan 10, 2019 10:44:57 AM org.evosuite.runtime.instrumentation.EvoClassLoader instrumentClass
INFO: Instrumenting class 'org.mozilla.javascript.ast.XmlPropRef'.
Jan 10, 2019 10:44:57 AM org.evosuite.runtime.instrumentation.MethodCallReplacementClassAdapter visit
INFO: Adding mock interface to class org/mozilla/javascript/ast/XmlPropRef
Jan 10, 2019 10:44:57 AM org.evosuite.runtime.instrumentation.CreateClassResetClassAdapter createEmptyStaticReset
INFO: Creating brand-new static initializer in class org/mozilla/javascript/ast/XmlPropRef
Jan 10, 2019 10:44:57 AM org.evosuite.runtime.instrumentation.EvoClassLoader instrumentClass
INFO: Keeping class: org.mozilla.javascript.ast.XmlPropRef
Jan 10, 2019 10:44:57 AM org.evosuite.runtime.instrumentation.EvoClassLoader loadClass
INFO: Seeing class for first time: org.mozilla.javascript.tools.shell.Environment
Jan 10, 2019 10:44:57 AM org.evosuite.runtime.instrumentation.EvoClassLoader instrumentClass
INFO: Instrumenting class 'org.mozilla.javascript.tools.shell.Environment'.
Jan 10, 2019 10:44:57 AM org.evosuite.runtime.instrumentation.MethodCallReplacementClassAdapter visit
INFO: Adding mock interface to class org/mozilla/javascript/tools/shell/Environment
Jan 10, 2019 10:44:57 AM org.evosuite.runtime.instrumentation.CreateClassResetClassAdapter createEmptyStaticReset
INFO: Creating brand-new static initializer in class org/mozilla/javascript/tools/shell/Environment
Jan 10, 2019 10:44:57 AM org.evosuite.runtime.instrumentation.EvoClassLoader instrumentClass
INFO: Keeping class: org.mozilla.javascript.tools.shell.Environment
Jan 10, 2019 10:44:57 AM org.evosuite.runtime.instrumentation.EvoClassLoader loadClass
INFO: Seeing class for first time: org.mozilla.javascript.Undefined$1
Jan 10, 2019 10:44:57 AM org.evosuite.runtime.instrumentation.EvoClassLoader instrumentClass
INFO: Instrumenting class 'org.mozilla.javascript.Undefined$1'.
Jan 10, 2019 10:44:57 AM org.evosuite.runtime.instrumentation.MethodCallReplacementClassAdapter visit
INFO: Adding mock interface to class org/mozilla/javascript/Undefined$1
Jan 10, 2019 10:44:57 AM org.evosuite.runtime.instrumentation.EvoClassLoader instrumentClass
INFO: Keeping class: org.mozilla.javascript.Undefined$1
Jan 10, 2019 10:44:57 AM org.evosuite.runtime.instrumentation.EvoClassLoader loadClass
INFO: Seeing class for first time: org.mozilla.javascript.IdScriptableObject$PrototypeValues
Jan 10, 2019 10:44:57 AM org.evosuite.runtime.instrumentation.EvoClassLoader instrumentClass
INFO: Instrumenting class 'org.mozilla.javascript.IdScriptableObject$PrototypeValues'.
Jan 10, 2019 10:44:57 AM org.evosuite.runtime.instrumentation.MethodCallReplacementClassAdapter visit
INFO: Adding mock interface to class org/mozilla/javascript/IdScriptableObject$PrototypeValues
Jan 10, 2019 10:44:57 AM org.evosuite.runtime.instrumentation.CreateClassResetClassAdapter createEmptyStaticReset
INFO: Creating brand-new static initializer in class org/mozilla/javascript/IdScriptableObject$PrototypeValues
Jan 10, 2019 10:44:57 AM org.evosuite.runtime.instrumentation.CreateClassResetClassAdapter createEmptyStaticReset
INFO: Adding bytecode for initializing field NAME_SLOT
Jan 10, 2019 10:44:57 AM org.evosuite.runtime.instrumentation.CreateClassResetClassAdapter createEmptyStaticReset
INFO: Adding bytecode for initializing field SLOT_SPAN
Jan 10, 2019 10:44:57 AM org.evosuite.runtime.instrumentation.EvoClassLoader instrumentClass
INFO: Keeping class: org.mozilla.javascript.IdScriptableObject$PrototypeValues
Jan 10, 2019 10:44:57 AM org.evosuite.runtime.instrumentation.EvoClassLoader loadClass
INFO: Seeing class for first time: org.mozilla.javascript.ast.GeneratorExpressionLoop
Jan 10, 2019 10:44:57 AM org.evosuite.runtime.instrumentation.EvoClassLoader instrumentClass
INFO: Instrumenting class 'org.mozilla.javascript.ast.GeneratorExpressionLoop'.
Jan 10, 2019 10:44:57 AM org.evosuite.runtime.instrumentation.MethodCallReplacementClassAdapter visit
INFO: Adding mock interface to class org/mozilla/javascript/ast/GeneratorExpressionLoop
Jan 10, 2019 10:44:57 AM org.evosuite.runtime.instrumentation.CreateClassResetClassAdapter createEmptyStaticReset
INFO: Creating brand-new static initializer in class org/mozilla/javascript/ast/GeneratorExpressionLoop
Jan 10, 2019 10:44:57 AM org.evosuite.runtime.instrumentation.EvoClassLoader instrumentClass
INFO: Keeping class: org.mozilla.javascript.ast.GeneratorExpressionLoop
Jan 10, 2019 10:44:57 AM org.evosuite.runtime.instrumentation.EvoClassLoader loadClass
INFO: Seeing class for first time: org.mozilla.javascript.tools.shell.ShellConsole$ConsoleInputStream
Jan 10, 2019 10:44:57 AM org.evosuite.runtime.instrumentation.EvoClassLoader instrumentClass
INFO: Instrumenting class 'org.mozilla.javascript.tools.shell.ShellConsole$ConsoleInputStream'.
Jan 10, 2019 10:44:57 AM org.evosuite.runtime.instrumentation.MethodCallReplacementClassAdapter visit
INFO: Adding mock interface to class org/mozilla/javascript/tools/shell/ShellConsole$ConsoleInputStream
Jan 10, 2019 10:44:57 AM org.evosuite.runtime.instrumentation.CreateClassResetClassAdapter visitMethod
INFO: Found static initializer in class org/mozilla/javascript/tools/shell/ShellConsole$ConsoleInputStream
Jan 10, 2019 10:44:57 AM org.evosuite.runtime.instrumentation.EvoClassLoader instrumentClass
INFO: Keeping class: org.mozilla.javascript.tools.shell.ShellConsole$ConsoleInputStream
Jan 10, 2019 10:44:57 AM org.evosuite.runtime.instrumentation.EvoClassLoader loadClass
INFO: Seeing class for first time: org.mozilla.javascript.typedarrays.NativeFloat64Array
Jan 10, 2019 10:44:57 AM org.evosuite.runtime.instrumentation.EvoClassLoader instrumentClass
INFO: Instrumenting class 'org.mozilla.javascript.typedarrays.NativeFloat64Array'.
Jan 10, 2019 10:44:57 AM org.evosuite.runtime.instrumentation.MethodCallReplacementClassAdapter visit
INFO: Adding mock interface to class org/mozilla/javascript/typedarrays/NativeFloat64Array
Jan 10, 2019 10:44:57 AM org.evosuite.runtime.instrumentation.CreateClassResetClassAdapter createEmptyStaticReset
INFO: Creating brand-new static initializer in class org/mozilla/javascript/typedarrays/NativeFloat64Array
Jan 10, 2019 10:44:57 AM org.evosuite.runtime.instrumentation.CreateClassResetClassAdapter createEmptyStaticReset
INFO: Adding bytecode for initializing field CLASS_NAME
Jan 10, 2019 10:44:57 AM org.evosuite.runtime.instrumentation.CreateClassResetClassAdapter createEmptyStaticReset
INFO: Adding bytecode for initializing field BYTES_PER_ELEMENT
Jan 10, 2019 10:44:57 AM org.evosuite.runtime.instrumentation.EvoClassLoader instrumentClass
INFO: Keeping class: org.mozilla.javascript.typedarrays.NativeFloat64Array
Jan 10, 2019 10:44:57 AM org.evosuite.runtime.instrumentation.EvoClassLoader loadClass
INFO: Seeing class for first time: org.mozilla.javascript.Undefined
Jan 10, 2019 10:44:57 AM org.evosuite.runtime.instrumentation.EvoClassLoader instrumentClass
INFO: Instrumenting class 'org.mozilla.javascript.Undefined'.
Jan 10, 2019 10:44:57 AM org.evosuite.runtime.instrumentation.MethodCallReplacementClassAdapter visit
INFO: Adding mock interface to class org/mozilla/javascript/Undefined
Jan 10, 2019 10:44:57 AM org.evosuite.runtime.instrumentation.CreateClassResetClassAdapter visitMethod
INFO: Found static initializer in class org/mozilla/javascript/Undefined
Jan 10, 2019 10:44:57 AM org.evosuite.runtime.instrumentation.EvoClassLoader instrumentClass
INFO: Keeping class: org.mozilla.javascript.Undefined
Jan 10, 2019 10:44:57 AM org.evosuite.runtime.instrumentation.EvoClassLoader loadClass
INFO: Seeing class for first time: org.mozilla.javascript.serialize.ScriptableInputStream
Jan 10, 2019 10:44:57 AM org.evosuite.runtime.instrumentation.EvoClassLoader instrumentClass
INFO: Instrumenting class 'org.mozilla.javascript.serialize.ScriptableInputStream'.
Jan 10, 2019 10:44:57 AM org.evosuite.runtime.instrumentation.MethodCallReplacementClassAdapter visit
INFO: Adding mock interface to class org/mozilla/javascript/serialize/ScriptableInputStream
Jan 10, 2019 10:44:57 AM org.evosuite.runtime.instrumentation.CreateClassResetClassAdapter createEmptyStaticReset
INFO: Creating brand-new static initializer in class org/mozilla/javascript/serialize/ScriptableInputStream
Jan 10, 2019 10:44:57 AM org.evosuite.runtime.instrumentation.EvoClassLoader createPackageDefinition
INFO: Defined package (3): package org.mozilla.javascript.serialize, 2082063527
Jan 10, 2019 10:44:57 AM org.evosuite.runtime.instrumentation.EvoClassLoader instrumentClass
INFO: Keeping class: org.mozilla.javascript.serialize.ScriptableInputStream
Jan 10, 2019 10:44:57 AM org.evosuite.runtime.instrumentation.EvoClassLoader loadClass
INFO: Seeing class for first time: org.mozilla.javascript.ast.ObjectProperty
Jan 10, 2019 10:44:57 AM org.evosuite.runtime.instrumentation.EvoClassLoader instrumentClass
INFO: Instrumenting class 'org.mozilla.javascript.ast.ObjectProperty'.
Jan 10, 2019 10:44:57 AM org.evosuite.runtime.instrumentation.MethodCallReplacementClassAdapter visit
INFO: Adding mock interface to class org/mozilla/javascript/ast/ObjectProperty
Jan 10, 2019 10:44:57 AM org.evosuite.runtime.instrumentation.CreateClassResetClassAdapter createEmptyStaticReset
INFO: Creating brand-new static initializer in class org/mozilla/javascript/ast/ObjectProperty
Jan 10, 2019 10:44:57 AM org.evosuite.runtime.instrumentation.EvoClassLoader instrumentClass
INFO: Keeping class: org.mozilla.javascript.ast.ObjectProperty
Jan 10, 2019 10:44:57 AM org.evosuite.runtime.instrumentation.EvoClassLoader loadClass
INFO: Seeing class for first time: org.mozilla.javascript.ScriptRuntime$NoSuchMethodShim
Jan 10, 2019 10:44:57 AM org.evosuite.runtime.instrumentation.EvoClassLoader instrumentClass
INFO: Instrumenting class 'org.mozilla.javascript.ScriptRuntime$NoSuchMethodShim'.
Jan 10, 2019 10:44:57 AM org.evosuite.runtime.instrumentation.MethodCallReplacementClassAdapter visit
INFO: Adding mock interface to class org/mozilla/javascript/ScriptRuntime$NoSuchMethodShim
Jan 10, 2019 10:44:57 AM org.evosuite.runtime.instrumentation.CreateClassResetClassAdapter createEmptyStaticReset
INFO: Creating brand-new static initializer in class org/mozilla/javascript/ScriptRuntime$NoSuchMethodShim
Jan 10, 2019 10:44:57 AM org.evosuite.runtime.instrumentation.EvoClassLoader instrumentClass
INFO: Keeping class: org.mozilla.javascript.ScriptRuntime$NoSuchMethodShim
Jan 10, 2019 10:44:57 AM org.evosuite.runtime.instrumentation.EvoClassLoader loadClass
INFO: Seeing class for first time: org.mozilla.javascript.ast.SwitchStatement
Jan 10, 2019 10:44:57 AM org.evosuite.runtime.instrumentation.EvoClassLoader instrumentClass
INFO: Instrumenting class 'org.mozilla.javascript.ast.SwitchStatement'.
Jan 10, 2019 10:44:57 AM org.evosuite.runtime.instrumentation.MethodCallReplacementClassAdapter visit
INFO: Adding mock interface to class org/mozilla/javascript/ast/SwitchStatement
Jan 10, 2019 10:44:57 AM org.evosuite.runtime.instrumentation.CreateClassResetClassAdapter visitMethod
INFO: Found static initializer in class org/mozilla/javascript/ast/SwitchStatement
Jan 10, 2019 10:44:57 AM org.evosuite.runtime.instrumentation.EvoClassLoader instrumentClass
INFO: Keeping class: org.mozilla.javascript.ast.SwitchStatement
Jan 10, 2019 10:44:57 AM org.evosuite.runtime.instrumentation.EvoClassLoader loadClass
INFO: Seeing class for first time: org.mozilla.javascript.ast.LetNode
Jan 10, 2019 10:44:57 AM org.evosuite.runtime.instrumentation.EvoClassLoader instrumentClass
INFO: Instrumenting class 'org.mozilla.javascript.ast.LetNode'.
Jan 10, 2019 10:44:57 AM org.evosuite.runtime.instrumentation.MethodCallReplacementClassAdapter visit
INFO: Adding mock interface to class org/mozilla/javascript/ast/LetNode
Jan 10, 2019 10:44:57 AM org.evosuite.runtime.instrumentation.CreateClassResetClassAdapter createEmptyStaticReset
INFO: Creating brand-new static initializer in class org/mozilla/javascript/ast/LetNode
Jan 10, 2019 10:44:57 AM org.evosuite.runtime.instrumentation.EvoClassLoader instrumentClass
INFO: Keeping class: org.mozilla.javascript.ast.LetNode
Jan 10, 2019 10:44:57 AM org.evosuite.runtime.instrumentation.EvoClassLoader loadClass
INFO: Seeing class for first time: org.mozilla.classfile.ClassFileWriter$MHandle
Jan 10, 2019 10:44:57 AM org.evosuite.runtime.instrumentation.EvoClassLoader instrumentClass
INFO: Instrumenting class 'org.mozilla.classfile.ClassFileWriter$MHandle'.
Jan 10, 2019 10:44:57 AM org.evosuite.runtime.instrumentation.MethodCallReplacementClassAdapter visit
INFO: Adding mock interface to class org/mozilla/classfile/ClassFileWriter$MHandle
Jan 10, 2019 10:44:57 AM org.evosuite.runtime.instrumentation.CreateClassResetClassAdapter createEmptyStaticReset
INFO: Creating brand-new static initializer in class org/mozilla/classfile/ClassFileWriter$MHandle
Jan 10, 2019 10:44:57 AM org.evosuite.runtime.instrumentation.EvoClassLoader instrumentClass
INFO: Keeping class: org.mozilla.classfile.ClassFileWriter$MHandle
Jan 10, 2019 10:44:57 AM org.evosuite.runtime.instrumentation.EvoClassLoader loadClass
INFO: Seeing class for first time: org.mozilla.javascript.annotations.JSStaticFunction
Jan 10, 2019 10:44:57 AM org.evosuite.runtime.instrumentation.EvoClassLoader instrumentClass
INFO: Instrumenting class 'org.mozilla.javascript.annotations.JSStaticFunction'.
Jan 10, 2019 10:44:57 AM org.evosuite.runtime.instrumentation.EvoClassLoader instrumentClass
INFO: Keeping class: org.mozilla.javascript.annotations.JSStaticFunction
Jan 10, 2019 10:44:57 AM org.evosuite.runtime.instrumentation.EvoClassLoader loadClass
INFO: Seeing class for first time: org.mozilla.javascript.typedarrays.NativeTypedArrayIterator
Jan 10, 2019 10:44:57 AM org.evosuite.runtime.instrumentation.EvoClassLoader instrumentClass
INFO: Instrumenting class 'org.mozilla.javascript.typedarrays.NativeTypedArrayIterator'.
Jan 10, 2019 10:44:57 AM org.evosuite.runtime.instrumentation.MethodCallReplacementClassAdapter visit
INFO: Adding mock interface to class org/mozilla/javascript/typedarrays/NativeTypedArrayIterator
Jan 10, 2019 10:44:57 AM org.evosuite.runtime.instrumentation.CreateClassResetClassAdapter createEmptyStaticReset
INFO: Creating brand-new static initializer in class org/mozilla/javascript/typedarrays/NativeTypedArrayIterator
Jan 10, 2019 10:44:57 AM org.evosuite.runtime.instrumentation.EvoClassLoader instrumentClass
INFO: Keeping class: org.mozilla.javascript.typedarrays.NativeTypedArrayIterator
Jan 10, 2019 10:44:57 AM org.evosuite.runtime.instrumentation.EvoClassLoader loadClass
INFO: Seeing class for first time: org.mozilla.javascript.JavaMembers
Jan 10, 2019 10:44:57 AM org.evosuite.runtime.instrumentation.EvoClassLoader instrumentClass
INFO: Instrumenting class 'org.mozilla.javascript.JavaMembers'.
Jan 10, 2019 10:44:57 AM org.evosuite.runtime.instrumentation.MethodCallReplacementClassAdapter visit
INFO: Adding mock interface to class org/mozilla/javascript/JavaMembers
Jan 10, 2019 10:44:57 AM org.evosuite.runtime.instrumentation.CreateClassResetClassAdapter createEmptyStaticReset
INFO: Creating brand-new static initializer in class org/mozilla/javascript/JavaMembers
Jan 10, 2019 10:44:57 AM org.evosuite.runtime.instrumentation.EvoClassLoader instrumentClass
INFO: Keeping class: org.mozilla.javascript.JavaMembers
Jan 10, 2019 10:44:57 AM org.evosuite.runtime.instrumentation.EvoClassLoader loadClass
INFO: Seeing class for first time: org.mozilla.javascript.NativeJavaMethod
Jan 10, 2019 10:44:57 AM org.evosuite.runtime.instrumentation.EvoClassLoader instrumentClass
INFO: Instrumenting class 'org.mozilla.javascript.NativeJavaMethod'.
Jan 10, 2019 10:44:57 AM org.evosuite.runtime.instrumentation.MethodCallReplacementClassAdapter visit
INFO: Adding mock interface to class org/mozilla/javascript/NativeJavaMethod
Jan 10, 2019 10:44:57 AM org.evosuite.runtime.instrumentation.CreateClassResetClassAdapter createEmptyStaticReset
INFO: Creating brand-new static initializer in class org/mozilla/javascript/NativeJavaMethod
Jan 10, 2019 10:44:57 AM org.evosuite.runtime.instrumentation.CreateClassResetClassAdapter createEmptyStaticReset
INFO: Adding bytecode for initializing field PREFERENCE_EQUAL
Jan 10, 2019 10:44:57 AM org.evosuite.runtime.instrumentation.CreateClassResetClassAdapter createEmptyStaticReset
INFO: Adding bytecode for initializing field PREFERENCE_FIRST_ARG
Jan 10, 2019 10:44:57 AM org.evosuite.runtime.instrumentation.CreateClassResetClassAdapter createEmptyStaticReset
INFO: Adding bytecode for initializing field PREFERENCE_SECOND_ARG
Jan 10, 2019 10:44:57 AM org.evosuite.runtime.instrumentation.CreateClassResetClassAdapter createEmptyStaticReset
INFO: Adding bytecode for initializing field PREFERENCE_AMBIGUOUS
Jan 10, 2019 10:44:57 AM org.evosuite.runtime.instrumentation.CreateClassResetClassAdapter createEmptyStaticReset
INFO: Adding bytecode for initializing field debug
Jan 10, 2019 10:44:57 AM org.evosuite.runtime.instrumentation.EvoClassLoader instrumentClass
INFO: Keeping class: org.mozilla.javascript.NativeJavaMethod
Jan 10, 2019 10:44:57 AM org.evosuite.runtime.instrumentation.EvoClassLoader loadClass
INFO: Seeing class for first time: org.mozilla.javascript.NativeJSON$StringifyState
Jan 10, 2019 10:44:57 AM org.evosuite.runtime.instrumentation.EvoClassLoader instrumentClass
INFO: Instrumenting class 'org.mozilla.javascript.NativeJSON$StringifyState'.
Jan 10, 2019 10:44:57 AM org.evosuite.runtime.instrumentation.MethodCallReplacementClassAdapter visit
INFO: Adding mock interface to class org/mozilla/javascript/NativeJSON$StringifyState
Jan 10, 2019 10:44:57 AM org.evosuite.runtime.instrumentation.CreateClassResetClassAdapter createEmptyStaticReset
INFO: Creating brand-new static initializer in class org/mozilla/javascript/NativeJSON$StringifyState
Jan 10, 2019 10:44:57 AM org.evosuite.runtime.instrumentation.EvoClassLoader instrumentClass
INFO: Keeping class: org.mozilla.javascript.NativeJSON$StringifyState
Jan 10, 2019 10:44:57 AM org.evosuite.runtime.instrumentation.EvoClassLoader loadClass
INFO: Seeing class for first time: org.mozilla.javascript.annotations.JSFunction
Jan 10, 2019 10:44:57 AM org.evosuite.runtime.instrumentation.EvoClassLoader instrumentClass
INFO: Instrumenting class 'org.mozilla.javascript.annotations.JSFunction'.
Jan 10, 2019 10:44:57 AM org.evosuite.runtime.instrumentation.EvoClassLoader instrumentClass
INFO: Keeping class: org.mozilla.javascript.annotations.JSFunction
Jan 10, 2019 10:44:57 AM org.evosuite.runtime.instrumentation.EvoClassLoader loadClass
INFO: Seeing class for first time: org.mozilla.javascript.ast.ConditionalExpression
Jan 10, 2019 10:44:57 AM org.evosuite.runtime.instrumentation.EvoClassLoader instrumentClass
INFO: Instrumenting class 'org.mozilla.javascript.ast.ConditionalExpression'.
Jan 10, 2019 10:44:57 AM org.evosuite.runtime.instrumentation.MethodCallReplacementClassAdapter visit
INFO: Adding mock interface to class org/mozilla/javascript/ast/ConditionalExpression
Jan 10, 2019 10:44:57 AM org.evosuite.runtime.instrumentation.CreateClassResetClassAdapter createEmptyStaticReset
INFO: Creating brand-new static initializer in class org/mozilla/javascript/ast/ConditionalExpression
Jan 10, 2019 10:44:57 AM org.evosuite.runtime.instrumentation.EvoClassLoader instrumentClass
INFO: Keeping class: org.mozilla.javascript.ast.ConditionalExpression
Jan 10, 2019 10:44:57 AM org.evosuite.runtime.instrumentation.EvoClassLoader loadClass
INFO: Seeing class for first time: org.mozilla.javascript.typedarrays.NativeInt8Array
Jan 10, 2019 10:44:57 AM org.evosuite.runtime.instrumentation.EvoClassLoader instrumentClass
INFO: Instrumenting class 'org.mozilla.javascript.typedarrays.NativeInt8Array'.
Jan 10, 2019 10:44:57 AM org.evosuite.runtime.instrumentation.MethodCallReplacementClassAdapter visit
INFO: Adding mock interface to class org/mozilla/javascript/typedarrays/NativeInt8Array
Jan 10, 2019 10:44:57 AM org.evosuite.runtime.instrumentation.CreateClassResetClassAdapter createEmptyStaticReset
INFO: Creating brand-new static initializer in class org/mozilla/javascript/typedarrays/NativeInt8Array
Jan 10, 2019 10:44:57 AM org.evosuite.runtime.instrumentation.CreateClassResetClassAdapter createEmptyStaticReset
INFO: Adding bytecode for initializing field CLASS_NAME
Jan 10, 2019 10:44:57 AM org.evosuite.runtime.instrumentation.EvoClassLoader instrumentClass
INFO: Keeping class: org.mozilla.javascript.typedarrays.NativeInt8Array
Jan 10, 2019 10:44:57 AM org.evosuite.runtime.instrumentation.EvoClassLoader loadClass
INFO: Seeing class for first time: org.mozilla.javascript.v8dtoa.FastDtoaBuilder
Jan 10, 2019 10:44:57 AM org.evosuite.runtime.instrumentation.EvoClassLoader instrumentClass
INFO: Instrumenting class 'org.mozilla.javascript.v8dtoa.FastDtoaBuilder'.
Jan 10, 2019 10:44:57 AM org.evosuite.runtime.instrumentation.MethodCallReplacementClassAdapter visit
INFO: Adding mock interface to class org/mozilla/javascript/v8dtoa/FastDtoaBuilder
Jan 10, 2019 10:44:57 AM org.evosuite.runtime.instrumentation.CreateClassResetClassAdapter visitMethod
INFO: Found static initializer in class org/mozilla/javascript/v8dtoa/FastDtoaBuilder
Jan 10, 2019 10:44:57 AM org.evosuite.runtime.instrumentation.EvoClassLoader instrumentClass
INFO: Keeping class: org.mozilla.javascript.v8dtoa.FastDtoaBuilder
Jan 10, 2019 10:44:57 AM org.evosuite.runtime.instrumentation.EvoClassLoader loadClass
INFO: Seeing class for first time: org.mozilla.javascript.ContextFactory$1
Jan 10, 2019 10:44:57 AM org.evosuite.runtime.instrumentation.EvoClassLoader instrumentClass
INFO: Instrumenting class 'org.mozilla.javascript.ContextFactory$1'.
Jan 10, 2019 10:44:57 AM org.evosuite.runtime.instrumentation.MethodCallReplacementClassAdapter visit
INFO: Adding mock interface to class org/mozilla/javascript/ContextFactory$1
Jan 10, 2019 10:44:57 AM org.evosuite.runtime.instrumentation.EvoClassLoader instrumentClass
INFO: Keeping class: org.mozilla.javascript.ContextFactory$1
Jan 10, 2019 10:44:57 AM org.evosuite.runtime.instrumentation.EvoClassLoader loadClass
INFO: Seeing class for first time: org.mozilla.javascript.tools.shell.Global
Jan 10, 2019 10:44:57 AM org.evosuite.runtime.instrumentation.EvoClassLoader instrumentClass
INFO: Instrumenting class 'org.mozilla.javascript.tools.shell.Global'.
Jan 10, 2019 10:44:57 AM org.evosuite.runtime.instrumentation.MethodCallReplacementClassAdapter visit
INFO: Adding mock interface to class org/mozilla/javascript/tools/shell/Global
Jan 10, 2019 10:44:57 AM org.evosuite.runtime.instrumentation.CreateClassResetClassAdapter createEmptyStaticReset
INFO: Creating brand-new static initializer in class org/mozilla/javascript/tools/shell/Global
Jan 10, 2019 10:44:57 AM org.evosuite.runtime.instrumentation.EvoClassLoader instrumentClass
INFO: Keeping class: org.mozilla.javascript.tools.shell.Global
Jan 10, 2019 10:44:57 AM org.evosuite.runtime.instrumentation.EvoClassLoader loadClass
INFO: Seeing class for first time: org.mozilla.javascript.v8dtoa.CachedPowers
Jan 10, 2019 10:44:57 AM org.evosuite.runtime.instrumentation.EvoClassLoader instrumentClass
INFO: Instrumenting class 'org.mozilla.javascript.v8dtoa.CachedPowers'.
Jan 10, 2019 10:44:57 AM org.evosuite.runtime.instrumentation.MethodCallReplacementClassAdapter visit
INFO: Adding mock interface to class org/mozilla/javascript/v8dtoa/CachedPowers
Jan 10, 2019 10:44:57 AM org.evosuite.runtime.instrumentation.CreateClassResetClassAdapter visitMethod
INFO: Found static initializer in class org/mozilla/javascript/v8dtoa/CachedPowers
Jan 10, 2019 10:44:57 AM org.evosuite.runtime.instrumentation.EvoClassLoader instrumentClass
INFO: Keeping class: org.mozilla.javascript.v8dtoa.CachedPowers
Jan 10, 2019 10:44:57 AM org.evosuite.runtime.instrumentation.EvoClassLoader loadClass
INFO: Seeing class for first time: org.mozilla.classfile.ExceptionTableEntry
Jan 10, 2019 10:44:57 AM org.evosuite.runtime.instrumentation.EvoClassLoader instrumentClass
INFO: Instrumenting class 'org.mozilla.classfile.ExceptionTableEntry'.
Jan 10, 2019 10:44:57 AM org.evosuite.runtime.instrumentation.MethodCallReplacementClassAdapter visit
INFO: Adding mock interface to class org/mozilla/classfile/ExceptionTableEntry
Jan 10, 2019 10:44:57 AM org.evosuite.runtime.instrumentation.CreateClassResetClassAdapter createEmptyStaticReset
INFO: Creating brand-new static initializer in class org/mozilla/classfile/ExceptionTableEntry
Jan 10, 2019 10:44:57 AM org.evosuite.runtime.instrumentation.EvoClassLoader instrumentClass
INFO: Keeping class: org.mozilla.classfile.ExceptionTableEntry
Jan 10, 2019 10:44:57 AM org.evosuite.runtime.instrumentation.EvoClassLoader loadClass
INFO: Seeing class for first time: org.mozilla.javascript.Context$2
Jan 10, 2019 10:44:57 AM org.evosuite.runtime.instrumentation.EvoClassLoader instrumentClass
INFO: Instrumenting class 'org.mozilla.javascript.Context$2'.
Jan 10, 2019 10:44:57 AM org.evosuite.runtime.instrumentation.MethodCallReplacementClassAdapter visit
INFO: Adding mock interface to class org/mozilla/javascript/Context$2
Jan 10, 2019 10:44:57 AM org.evosuite.runtime.instrumentation.EvoClassLoader instrumentClass
INFO: Keeping class: org.mozilla.javascript.Context$2
Jan 10, 2019 10:44:57 AM org.evosuite.runtime.instrumentation.EvoClassLoader loadClass
INFO: Seeing class for first time: org.mozilla.classfile.ClassFileWriter$BootstrapEntry
Jan 10, 2019 10:44:57 AM org.evosuite.runtime.instrumentation.EvoClassLoader instrumentClass
INFO: Instrumenting class 'org.mozilla.classfile.ClassFileWriter$BootstrapEntry'.
Jan 10, 2019 10:44:57 AM org.evosuite.runtime.instrumentation.MethodCallReplacementClassAdapter visit
INFO: Adding mock interface to class org/mozilla/classfile/ClassFileWriter$BootstrapEntry
Jan 10, 2019 10:44:57 AM org.evosuite.runtime.instrumentation.CreateClassResetClassAdapter createEmptyStaticReset
INFO: Creating brand-new static initializer in class org/mozilla/classfile/ClassFileWriter$BootstrapEntry
Jan 10, 2019 10:44:57 AM org.evosuite.runtime.instrumentation.EvoClassLoader instrumentClass
INFO: Keeping class: org.mozilla.classfile.ClassFileWriter$BootstrapEntry
Jan 10, 2019 10:44:57 AM org.evosuite.runtime.instrumentation.EvoClassLoader loadClass
INFO: Seeing class for first time: org.mozilla.javascript.optimizer.OptFunctionNode
Jan 10, 2019 10:44:57 AM org.evosuite.runtime.instrumentation.EvoClassLoader instrumentClass
INFO: Instrumenting class 'org.mozilla.javascript.optimizer.OptFunctionNode'.
Jan 10, 2019 10:44:57 AM org.evosuite.runtime.instrumentation.MethodCallReplacementClassAdapter visit
INFO: Adding mock interface to class org/mozilla/javascript/optimizer/OptFunctionNode
Jan 10, 2019 10:44:57 AM org.evosuite.runtime.instrumentation.CreateClassResetClassAdapter createEmptyStaticReset
INFO: Creating brand-new static initializer in class org/mozilla/javascript/optimizer/OptFunctionNode
Jan 10, 2019 10:44:57 AM org.evosuite.runtime.instrumentation.EvoClassLoader instrumentClass
INFO: Keeping class: org.mozilla.javascript.optimizer.OptFunctionNode
Jan 10, 2019 10:44:57 AM org.evosuite.runtime.instrumentation.EvoClassLoader loadClass
INFO: Seeing class for first time: org.mozilla.javascript.JavaMembers$MethodSignature
Jan 10, 2019 10:44:57 AM org.evosuite.runtime.instrumentation.EvoClassLoader instrumentClass
INFO: Instrumenting class 'org.mozilla.javascript.JavaMembers$MethodSignature'.
Jan 10, 2019 10:44:57 AM org.evosuite.runtime.instrumentation.MethodCallReplacementClassAdapter visit
INFO: Adding mock interface to class org/mozilla/javascript/JavaMembers$MethodSignature
Jan 10, 2019 10:44:57 AM org.evosuite.runtime.instrumentation.CreateClassResetClassAdapter createEmptyStaticReset
INFO: Creating brand-new static initializer in class org/mozilla/javascript/JavaMembers$MethodSignature
Jan 10, 2019 10:44:57 AM org.evosuite.runtime.instrumentation.EvoClassLoader instrumentClass
INFO: Keeping class: org.mozilla.javascript.JavaMembers$MethodSignature
Jan 10, 2019 10:44:57 AM org.evosuite.runtime.instrumentation.EvoClassLoader loadClass
INFO: Seeing class for first time: org.mozilla.javascript.NativeJavaClass
Jan 10, 2019 10:44:57 AM org.evosuite.runtime.instrumentation.EvoClassLoader instrumentClass
INFO: Instrumenting class 'org.mozilla.javascript.NativeJavaClass'.
Jan 10, 2019 10:44:57 AM org.evosuite.runtime.instrumentation.MethodCallReplacementClassAdapter visit
INFO: Adding mock interface to class org/mozilla/javascript/NativeJavaClass
Jan 10, 2019 10:44:57 AM org.evosuite.runtime.instrumentation.CreateClassResetClassAdapter createEmptyStaticReset
INFO: Creating brand-new static initializer in class org/mozilla/javascript/NativeJavaClass
Jan 10, 2019 10:44:57 AM org.evosuite.runtime.instrumentation.CreateClassResetClassAdapter createEmptyStaticReset
INFO: Adding bytecode for initializing field javaClassPropertyName
Jan 10, 2019 10:44:57 AM org.evosuite.runtime.instrumentation.EvoClassLoader instrumentClass
INFO: Keeping class: org.mozilla.javascript.NativeJavaClass
Jan 10, 2019 10:44:57 AM org.evosuite.runtime.instrumentation.EvoClassLoader loadClass
INFO: Seeing class for first time: org.mozilla.javascript.UintMap
Jan 10, 2019 10:44:57 AM org.evosuite.runtime.instrumentation.EvoClassLoader instrumentClass
INFO: Instrumenting class 'org.mozilla.javascript.UintMap'.
Jan 10, 2019 10:44:57 AM org.evosuite.runtime.instrumentation.MethodCallReplacementClassAdapter visit
INFO: Adding mock interface to class org/mozilla/javascript/UintMap
Jan 10, 2019 10:44:57 AM org.evosuite.runtime.instrumentation.CreateClassResetClassAdapter createEmptyStaticReset
INFO: Creating brand-new static initializer in class org/mozilla/javascript/UintMap
Jan 10, 2019 10:44:57 AM org.evosuite.runtime.instrumentation.CreateClassResetClassAdapter createEmptyStaticReset
INFO: Adding bytecode for initializing field A
Jan 10, 2019 10:44:57 AM org.evosuite.runtime.instrumentation.CreateClassResetClassAdapter createEmptyStaticReset
INFO: Adding bytecode for initializing field EMPTY
Jan 10, 2019 10:44:57 AM org.evosuite.runtime.instrumentation.CreateClassResetClassAdapter createEmptyStaticReset
INFO: Adding bytecode for initializing field DELETED
Jan 10, 2019 10:44:57 AM org.evosuite.runtime.instrumentation.CreateClassResetClassAdapter createEmptyStaticReset
INFO: Adding bytecode for initializing field check
Jan 10, 2019 10:44:57 AM org.evosuite.runtime.instrumentation.EvoClassLoader instrumentClass
INFO: Keeping class: org.mozilla.javascript.UintMap
Jan 10, 2019 10:44:57 AM org.evosuite.runtime.instrumentation.EvoClassLoader loadClass
INFO: Seeing class for first time: org.mozilla.javascript.annotations.JSSetter
Jan 10, 2019 10:44:57 AM org.evosuite.runtime.instrumentation.EvoClassLoader instrumentClass
INFO: Instrumenting class 'org.mozilla.javascript.annotations.JSSetter'.
Jan 10, 2019 10:44:57 AM org.evosuite.runtime.instrumentation.EvoClassLoader instrumentClass
INFO: Keeping class: org.mozilla.javascript.annotations.JSSetter
Jan 10, 2019 10:44:57 AM org.evosuite.runtime.instrumentation.EvoClassLoader loadClass
INFO: Seeing class for first time: org.mozilla.javascript.ast.WithStatement
Jan 10, 2019 10:44:57 AM org.evosuite.runtime.instrumentation.EvoClassLoader instrumentClass
INFO: Instrumenting class 'org.mozilla.javascript.ast.WithStatement'.
Jan 10, 2019 10:44:57 AM org.evosuite.runtime.instrumentation.MethodCallReplacementClassAdapter visit
INFO: Adding mock interface to class org/mozilla/javascript/ast/WithStatement
Jan 10, 2019 10:44:57 AM org.evosuite.runtime.instrumentation.CreateClassResetClassAdapter createEmptyStaticReset
INFO: Creating brand-new static initializer in class org/mozilla/javascript/ast/WithStatement
Jan 10, 2019 10:44:57 AM org.evosuite.runtime.instrumentation.EvoClassLoader instrumentClass
INFO: Keeping class: org.mozilla.javascript.ast.WithStatement
Jan 10, 2019 10:44:57 AM org.evosuite.runtime.instrumentation.EvoClassLoader loadClass
INFO: Seeing class for first time: org.mozilla.javascript.debug.DebugFrame
Jan 10, 2019 10:44:57 AM org.evosuite.runtime.instrumentation.EvoClassLoader instrumentClass
INFO: Instrumenting class 'org.mozilla.javascript.debug.DebugFrame'.
Jan 10, 2019 10:44:57 AM org.evosuite.runtime.instrumentation.EvoClassLoader instrumentClass
INFO: Keeping class: org.mozilla.javascript.debug.DebugFrame
Jan 10, 2019 10:44:57 AM org.evosuite.runtime.instrumentation.EvoClassLoader loadClass
INFO: Seeing class for first time: org.mozilla.javascript.IRFactory
Jan 10, 2019 10:44:57 AM org.evosuite.runtime.instrumentation.EvoClassLoader instrumentClass
INFO: Instrumenting class 'org.mozilla.javascript.IRFactory'.
Jan 10, 2019 10:44:57 AM org.evosuite.runtime.instrumentation.MethodCallReplacementClassAdapter visit
INFO: Adding mock interface to class org/mozilla/javascript/IRFactory
Jan 10, 2019 10:44:57 AM org.evosuite.runtime.instrumentation.CreateClassResetClassAdapter createEmptyStaticReset
INFO: Creating brand-new static initializer in class org/mozilla/javascript/IRFactory
Jan 10, 2019 10:44:57 AM org.evosuite.runtime.instrumentation.CreateClassResetClassAdapter createEmptyStaticReset
INFO: Adding bytecode for initializing field LOOP_DO_WHILE
Jan 10, 2019 10:44:57 AM org.evosuite.runtime.instrumentation.CreateClassResetClassAdapter createEmptyStaticReset
INFO: Adding bytecode for initializing field LOOP_WHILE
Jan 10, 2019 10:44:57 AM org.evosuite.runtime.instrumentation.CreateClassResetClassAdapter createEmptyStaticReset
INFO: Adding bytecode for initializing field LOOP_FOR
Jan 10, 2019 10:44:57 AM org.evosuite.runtime.instrumentation.CreateClassResetClassAdapter createEmptyStaticReset
INFO: Adding bytecode for initializing field ALWAYS_TRUE_BOOLEAN
Jan 10, 2019 10:44:57 AM org.evosuite.runtime.instrumentation.CreateClassResetClassAdapter createEmptyStaticReset
INFO: Adding bytecode for initializing field ALWAYS_FALSE_BOOLEAN
Jan 10, 2019 10:44:57 AM org.evosuite.runtime.instrumentation.EvoClassLoader loadClass
INFO: Seeing class for first time: org.mozilla.javascript.Parser
Jan 10, 2019 10:44:57 AM org.evosuite.runtime.instrumentation.EvoClassLoader instrumentClass
INFO: Instrumenting class 'org.mozilla.javascript.Parser'.
Jan 10, 2019 10:44:57 AM org.evosuite.runtime.instrumentation.MethodCallReplacementClassAdapter visit
INFO: Adding mock interface to class org/mozilla/javascript/Parser
Jan 10, 2019 10:44:58 AM org.evosuite.runtime.instrumentation.CreateClassResetClassAdapter createEmptyStaticReset
INFO: Creating brand-new static initializer in class org/mozilla/javascript/Parser
Jan 10, 2019 10:44:58 AM org.evosuite.runtime.instrumentation.CreateClassResetClassAdapter createEmptyStaticReset
INFO: Adding bytecode for initializing field ARGC_LIMIT
Jan 10, 2019 10:44:58 AM org.evosuite.runtime.instrumentation.CreateClassResetClassAdapter createEmptyStaticReset
INFO: Adding bytecode for initializing field CLEAR_TI_MASK
Jan 10, 2019 10:44:58 AM org.evosuite.runtime.instrumentation.CreateClassResetClassAdapter createEmptyStaticReset
INFO: Adding bytecode for initializing field TI_AFTER_EOL
Jan 10, 2019 10:44:58 AM org.evosuite.runtime.instrumentation.CreateClassResetClassAdapter createEmptyStaticReset
INFO: Adding bytecode for initializing field TI_CHECK_LABEL
Jan 10, 2019 10:44:58 AM org.evosuite.runtime.instrumentation.CreateClassResetClassAdapter createEmptyStaticReset
INFO: Adding bytecode for initializing field PROP_ENTRY
Jan 10, 2019 10:44:58 AM org.evosuite.runtime.instrumentation.CreateClassResetClassAdapter createEmptyStaticReset
INFO: Adding bytecode for initializing field GET_ENTRY
Jan 10, 2019 10:44:58 AM org.evosuite.runtime.instrumentation.CreateClassResetClassAdapter createEmptyStaticReset
INFO: Adding bytecode for initializing field SET_ENTRY
Jan 10, 2019 10:44:58 AM org.evosuite.runtime.instrumentation.CreateClassResetClassAdapter createEmptyStaticReset
INFO: Adding bytecode for initializing field METHOD_ENTRY
Jan 10, 2019 10:44:58 AM org.evosuite.runtime.instrumentation.EvoClassLoader instrumentClass
INFO: Keeping class: org.mozilla.javascript.Parser
Jan 10, 2019 10:44:58 AM org.evosuite.runtime.instrumentation.EvoClassLoader instrumentClass
INFO: Keeping class: org.mozilla.javascript.IRFactory
Jan 10, 2019 10:44:58 AM org.evosuite.runtime.instrumentation.EvoClassLoader loadClass
INFO: Seeing class for first time: org.mozilla.javascript.ast.ExpressionStatement
Jan 10, 2019 10:44:58 AM org.evosuite.runtime.instrumentation.EvoClassLoader instrumentClass
INFO: Instrumenting class 'org.mozilla.javascript.ast.ExpressionStatement'.
Jan 10, 2019 10:44:58 AM org.evosuite.runtime.instrumentation.MethodCallReplacementClassAdapter visit
INFO: Adding mock interface to class org/mozilla/javascript/ast/ExpressionStatement
Jan 10, 2019 10:44:58 AM org.evosuite.runtime.instrumentation.CreateClassResetClassAdapter createEmptyStaticReset
INFO: Creating brand-new static initializer in class org/mozilla/javascript/ast/ExpressionStatement
Jan 10, 2019 10:44:58 AM org.evosuite.runtime.instrumentation.EvoClassLoader instrumentClass
INFO: Keeping class: org.mozilla.javascript.ast.ExpressionStatement
Jan 10, 2019 10:44:58 AM org.evosuite.runtime.instrumentation.EvoClassLoader loadClass
INFO: Seeing class for first time: org.mozilla.javascript.ast.ReturnStatement
Jan 10, 2019 10:44:58 AM org.evosuite.runtime.instrumentation.EvoClassLoader instrumentClass
INFO: Instrumenting class 'org.mozilla.javascript.ast.ReturnStatement'.
Jan 10, 2019 10:44:58 AM org.evosuite.runtime.instrumentation.MethodCallReplacementClassAdapter visit
INFO: Adding mock interface to class org/mozilla/javascript/ast/ReturnStatement
Jan 10, 2019 10:44:58 AM org.evosuite.runtime.instrumentation.CreateClassResetClassAdapter createEmptyStaticReset
INFO: Creating brand-new static initializer in class org/mozilla/javascript/ast/ReturnStatement
Jan 10, 2019 10:44:58 AM org.evosuite.runtime.instrumentation.EvoClassLoader instrumentClass
INFO: Keeping class: org.mozilla.javascript.ast.ReturnStatement
Jan 10, 2019 10:44:58 AM org.evosuite.runtime.instrumentation.EvoClassLoader loadClass
INFO: Seeing class for first time: org.mozilla.javascript.ast.ErrorNode
Jan 10, 2019 10:44:58 AM org.evosuite.runtime.instrumentation.EvoClassLoader instrumentClass
INFO: Instrumenting class 'org.mozilla.javascript.ast.ErrorNode'.
Jan 10, 2019 10:44:58 AM org.evosuite.runtime.instrumentation.MethodCallReplacementClassAdapter visit
INFO: Adding mock interface to class org/mozilla/javascript/ast/ErrorNode
Jan 10, 2019 10:44:58 AM org.evosuite.runtime.instrumentation.CreateClassResetClassAdapter createEmptyStaticReset
INFO: Creating brand-new static initializer in class org/mozilla/javascript/ast/ErrorNode
Jan 10, 2019 10:44:58 AM org.evosuite.runtime.instrumentation.EvoClassLoader instrumentClass
INFO: Keeping class: org.mozilla.javascript.ast.ErrorNode
Jan 10, 2019 10:44:58 AM org.evosuite.runtime.instrumentation.EvoClassLoader loadClass
INFO: Seeing class for first time: org.mozilla.javascript.ast.ElementGet
Jan 10, 2019 10:44:58 AM org.evosuite.runtime.instrumentation.EvoClassLoader instrumentClass
INFO: Instrumenting class 'org.mozilla.javascript.ast.ElementGet'.
Jan 10, 2019 10:44:58 AM org.evosuite.runtime.instrumentation.MethodCallReplacementClassAdapter visit
INFO: Adding mock interface to class org/mozilla/javascript/ast/ElementGet
Jan 10, 2019 10:44:58 AM org.evosuite.runtime.instrumentation.CreateClassResetClassAdapter createEmptyStaticReset
INFO: Creating brand-new static initializer in class org/mozilla/javascript/ast/ElementGet
Jan 10, 2019 10:44:58 AM org.evosuite.runtime.instrumentation.EvoClassLoader instrumentClass
INFO: Keeping class: org.mozilla.javascript.ast.ElementGet
Jan 10, 2019 10:44:58 AM org.evosuite.runtime.instrumentation.EvoClassLoader loadClass
INFO: Seeing class for first time: org.mozilla.javascript.ast.FunctionCall
Jan 10, 2019 10:44:58 AM org.evosuite.runtime.instrumentation.EvoClassLoader instrumentClass
INFO: Instrumenting class 'org.mozilla.javascript.ast.FunctionCall'.
Jan 10, 2019 10:44:58 AM org.evosuite.runtime.instrumentation.MethodCallReplacementClassAdapter visit
INFO: Adding mock interface to class org/mozilla/javascript/ast/FunctionCall
Jan 10, 2019 10:44:58 AM org.evosuite.runtime.instrumentation.CreateClassResetClassAdapter visitMethod
INFO: Found static initializer in class org/mozilla/javascript/ast/FunctionCall
Jan 10, 2019 10:44:58 AM org.evosuite.runtime.instrumentation.EvoClassLoader instrumentClass
INFO: Keeping class: org.mozilla.javascript.ast.FunctionCall
Jan 10, 2019 10:44:58 AM org.evosuite.runtime.instrumentation.EvoClassLoader loadClass
INFO: Seeing class for first time: org.mozilla.javascript.ast.NewExpression
Jan 10, 2019 10:44:58 AM org.evosuite.runtime.instrumentation.EvoClassLoader instrumentClass
INFO: Instrumenting class 'org.mozilla.javascript.ast.NewExpression'.
Jan 10, 2019 10:44:58 AM org.evosuite.runtime.instrumentation.MethodCallReplacementClassAdapter visit
INFO: Adding mock interface to class org/mozilla/javascript/ast/NewExpression
Jan 10, 2019 10:44:58 AM org.evosuite.runtime.instrumentation.CreateClassResetClassAdapter createEmptyStaticReset
INFO: Creating brand-new static initializer in class org/mozilla/javascript/ast/NewExpression
Jan 10, 2019 10:44:58 AM org.evosuite.runtime.instrumentation.EvoClassLoader instrumentClass
INFO: Keeping class: org.mozilla.javascript.ast.NewExpression
Jan 10, 2019 10:44:58 AM org.evosuite.runtime.instrumentation.EvoClassLoader loadClass
INFO: Seeing class for first time: org.mozilla.javascript.ast.IfStatement
Jan 10, 2019 10:44:58 AM org.evosuite.runtime.instrumentation.EvoClassLoader instrumentClass
INFO: Instrumenting class 'org.mozilla.javascript.ast.IfStatement'.
Jan 10, 2019 10:44:58 AM org.evosuite.runtime.instrumentation.MethodCallReplacementClassAdapter visit
INFO: Adding mock interface to class org/mozilla/javascript/ast/IfStatement
Jan 10, 2019 10:44:58 AM org.evosuite.runtime.instrumentation.CreateClassResetClassAdapter createEmptyStaticReset
INFO: Creating brand-new static initializer in class org/mozilla/javascript/ast/IfStatement
Jan 10, 2019 10:44:58 AM org.evosuite.runtime.instrumentation.EvoClassLoader instrumentClass
INFO: Keeping class: org.mozilla.javascript.ast.IfStatement
Jan 10, 2019 10:44:58 AM org.evosuite.runtime.instrumentation.EvoClassLoader loadClass
INFO: Seeing class for first time: org.mozilla.javascript.ast.TryStatement
Jan 10, 2019 10:44:58 AM org.evosuite.runtime.instrumentation.EvoClassLoader instrumentClass
INFO: Instrumenting class 'org.mozilla.javascript.ast.TryStatement'.
Jan 10, 2019 10:44:58 AM org.evosuite.runtime.instrumentation.MethodCallReplacementClassAdapter visit
INFO: Adding mock interface to class org/mozilla/javascript/ast/TryStatement
Jan 10, 2019 10:44:58 AM org.evosuite.runtime.instrumentation.CreateClassResetClassAdapter visitMethod
INFO: Found static initializer in class org/mozilla/javascript/ast/TryStatement
Jan 10, 2019 10:44:58 AM org.evosuite.runtime.instrumentation.EvoClassLoader instrumentClass
INFO: Keeping class: org.mozilla.javascript.ast.TryStatement
Jan 10, 2019 10:44:58 AM org.evosuite.runtime.instrumentation.EvoClassLoader loadClass
INFO: Seeing class for first time: org.mozilla.javascript.ast.ContinueStatement
Jan 10, 2019 10:44:58 AM org.evosuite.runtime.instrumentation.EvoClassLoader instrumentClass
INFO: Instrumenting class 'org.mozilla.javascript.ast.ContinueStatement'.
Jan 10, 2019 10:44:58 AM org.evosuite.runtime.instrumentation.MethodCallReplacementClassAdapter visit
INFO: Adding mock interface to class org/mozilla/javascript/ast/ContinueStatement
Jan 10, 2019 10:44:58 AM org.evosuite.runtime.instrumentation.CreateClassResetClassAdapter createEmptyStaticReset
INFO: Creating brand-new static initializer in class org/mozilla/javascript/ast/ContinueStatement
Jan 10, 2019 10:44:58 AM org.evosuite.runtime.instrumentation.EvoClassLoader instrumentClass
INFO: Keeping class: org.mozilla.javascript.ast.ContinueStatement
Jan 10, 2019 10:44:58 AM org.evosuite.runtime.instrumentation.EvoClassLoader loadClass
INFO: Seeing class for first time: org.mozilla.javascript.ast.KeywordLiteral
Jan 10, 2019 10:44:58 AM org.evosuite.runtime.instrumentation.EvoClassLoader instrumentClass
INFO: Instrumenting class 'org.mozilla.javascript.ast.KeywordLiteral'.
Jan 10, 2019 10:44:58 AM org.evosuite.runtime.instrumentation.MethodCallReplacementClassAdapter visit
INFO: Adding mock interface to class org/mozilla/javascript/ast/KeywordLiteral
Jan 10, 2019 10:44:58 AM org.evosuite.runtime.instrumentation.CreateClassResetClassAdapter createEmptyStaticReset
INFO: Creating brand-new static initializer in class org/mozilla/javascript/ast/KeywordLiteral
Jan 10, 2019 10:44:58 AM org.evosuite.runtime.instrumentation.EvoClassLoader instrumentClass
INFO: Keeping class: org.mozilla.javascript.ast.KeywordLiteral
Jan 10, 2019 10:44:58 AM org.evosuite.runtime.instrumentation.EvoClassLoader loadClass
INFO: Seeing class for first time: org.mozilla.javascript.ast.EmptyExpression
Jan 10, 2019 10:44:58 AM org.evosuite.runtime.instrumentation.EvoClassLoader instrumentClass
INFO: Instrumenting class 'org.mozilla.javascript.ast.EmptyExpression'.
Jan 10, 2019 10:44:58 AM org.evosuite.runtime.instrumentation.MethodCallReplacementClassAdapter visit
INFO: Adding mock interface to class org/mozilla/javascript/ast/EmptyExpression
Jan 10, 2019 10:44:58 AM org.evosuite.runtime.instrumentation.CreateClassResetClassAdapter createEmptyStaticReset
INFO: Creating brand-new static initializer in class org/mozilla/javascript/ast/EmptyExpression
Jan 10, 2019 10:44:58 AM org.evosuite.runtime.instrumentation.EvoClassLoader instrumentClass
INFO: Keeping class: org.mozilla.javascript.ast.EmptyExpression
Jan 10, 2019 10:44:58 AM org.evosuite.runtime.instrumentation.EvoClassLoader loadClass
INFO: Seeing class for first time: org.mozilla.javascript.ast.Label
Jan 10, 2019 10:44:58 AM org.evosuite.runtime.instrumentation.EvoClassLoader instrumentClass
INFO: Instrumenting class 'org.mozilla.javascript.ast.Label'.
Jan 10, 2019 10:44:58 AM org.evosuite.runtime.instrumentation.MethodCallReplacementClassAdapter visit
INFO: Adding mock interface to class org/mozilla/javascript/ast/Label
Jan 10, 2019 10:44:58 AM org.evosuite.runtime.instrumentation.CreateClassResetClassAdapter createEmptyStaticReset
INFO: Creating brand-new static initializer in class org/mozilla/javascript/ast/Label
Jan 10, 2019 10:44:58 AM org.evosuite.runtime.instrumentation.EvoClassLoader instrumentClass
INFO: Keeping class: org.mozilla.javascript.ast.Label
Jan 10, 2019 10:44:58 AM org.evosuite.runtime.instrumentation.EvoClassLoader loadClass
INFO: Seeing class for first time: org.mozilla.javascript.ast.UnaryExpression
Jan 10, 2019 10:44:58 AM org.evosuite.runtime.instrumentation.EvoClassLoader instrumentClass
INFO: Instrumenting class 'org.mozilla.javascript.ast.UnaryExpression'.
Jan 10, 2019 10:44:58 AM org.evosuite.runtime.instrumentation.MethodCallReplacementClassAdapter visit
INFO: Adding mock interface to class org/mozilla/javascript/ast/UnaryExpression
Jan 10, 2019 10:44:58 AM org.evosuite.runtime.instrumentation.CreateClassResetClassAdapter createEmptyStaticReset
INFO: Creating brand-new static initializer in class org/mozilla/javascript/ast/UnaryExpression
Jan 10, 2019 10:44:58 AM org.evosuite.runtime.instrumentation.EvoClassLoader instrumentClass
INFO: Keeping class: org.mozilla.javascript.ast.UnaryExpression
Jan 10, 2019 10:44:58 AM org.evosuite.runtime.instrumentation.EvoClassLoader loadClass
INFO: Seeing class for first time: org.mozilla.javascript.ast.XmlExpression
Jan 10, 2019 10:44:58 AM org.evosuite.runtime.instrumentation.EvoClassLoader instrumentClass
INFO: Instrumenting class 'org.mozilla.javascript.ast.XmlExpression'.
Jan 10, 2019 10:44:58 AM org.evosuite.runtime.instrumentation.MethodCallReplacementClassAdapter visit
INFO: Adding mock interface to class org/mozilla/javascript/ast/XmlExpression
Jan 10, 2019 10:44:58 AM org.evosuite.runtime.instrumentation.CreateClassResetClassAdapter createEmptyStaticReset
INFO: Creating brand-new static initializer in class org/mozilla/javascript/ast/XmlExpression
Jan 10, 2019 10:44:58 AM org.evosuite.runtime.instrumentation.EvoClassLoader instrumentClass
INFO: Keeping class: org.mozilla.javascript.ast.XmlExpression
Jan 10, 2019 10:44:58 AM org.evosuite.runtime.instrumentation.EvoClassLoader loadClass
INFO: Seeing class for first time: org.mozilla.javascript.ast.XmlLiteral
Jan 10, 2019 10:44:58 AM org.evosuite.runtime.instrumentation.EvoClassLoader instrumentClass
INFO: Instrumenting class 'org.mozilla.javascript.ast.XmlLiteral'.
Jan 10, 2019 10:44:58 AM org.evosuite.runtime.instrumentation.MethodCallReplacementClassAdapter visit
INFO: Adding mock interface to class org/mozilla/javascript/ast/XmlLiteral
Jan 10, 2019 10:44:58 AM org.evosuite.runtime.instrumentation.CreateClassResetClassAdapter createEmptyStaticReset
INFO: Creating brand-new static initializer in class org/mozilla/javascript/ast/XmlLiteral
Jan 10, 2019 10:44:58 AM org.evosuite.runtime.instrumentation.EvoClassLoader instrumentClass
INFO: Keeping class: org.mozilla.javascript.ast.XmlLiteral
Jan 10, 2019 10:44:58 AM org.evosuite.runtime.instrumentation.EvoClassLoader loadClass
INFO: Seeing class for first time: org.mozilla.javascript.ast.StringLiteral
Jan 10, 2019 10:44:58 AM org.evosuite.runtime.instrumentation.EvoClassLoader instrumentClass
INFO: Instrumenting class 'org.mozilla.javascript.ast.StringLiteral'.
Jan 10, 2019 10:44:58 AM org.evosuite.runtime.instrumentation.MethodCallReplacementClassAdapter visit
INFO: Adding mock interface to class org/mozilla/javascript/ast/StringLiteral
Jan 10, 2019 10:44:58 AM org.evosuite.runtime.instrumentation.CreateClassResetClassAdapter createEmptyStaticReset
INFO: Creating brand-new static initializer in class org/mozilla/javascript/ast/StringLiteral
Jan 10, 2019 10:44:58 AM org.evosuite.runtime.instrumentation.EvoClassLoader instrumentClass
INFO: Keeping class: org.mozilla.javascript.ast.StringLiteral
Jan 10, 2019 10:44:58 AM org.evosuite.runtime.instrumentation.EvoClassLoader loadClass
INFO: Seeing class for first time: org.mozilla.javascript.ast.XmlElemRef
Jan 10, 2019 10:44:58 AM org.evosuite.runtime.instrumentation.EvoClassLoader instrumentClass
INFO: Instrumenting class 'org.mozilla.javascript.ast.XmlElemRef'.
Jan 10, 2019 10:44:58 AM org.evosuite.runtime.instrumentation.MethodCallReplacementClassAdapter visit
INFO: Adding mock interface to class org/mozilla/javascript/ast/XmlElemRef
Jan 10, 2019 10:44:58 AM org.evosuite.runtime.instrumentation.CreateClassResetClassAdapter createEmptyStaticReset
INFO: Creating brand-new static initializer in class org/mozilla/javascript/ast/XmlElemRef
Jan 10, 2019 10:44:58 AM org.evosuite.runtime.instrumentation.EvoClassLoader instrumentClass
INFO: Keeping class: org.mozilla.javascript.ast.XmlElemRef
Jan 10, 2019 10:44:58 AM org.evosuite.runtime.instrumentation.EvoClassLoader loadClass
INFO: Seeing class for first time: org.mozilla.javascript.ast.ArrayComprehension
Jan 10, 2019 10:44:58 AM org.evosuite.runtime.instrumentation.EvoClassLoader instrumentClass
INFO: Instrumenting class 'org.mozilla.javascript.ast.ArrayComprehension'.
Jan 10, 2019 10:44:58 AM org.evosuite.runtime.instrumentation.MethodCallReplacementClassAdapter visit
INFO: Adding mock interface to class org/mozilla/javascript/ast/ArrayComprehension
Jan 10, 2019 10:44:58 AM org.evosuite.runtime.instrumentation.CreateClassResetClassAdapter createEmptyStaticReset
INFO: Creating brand-new static initializer in class org/mozilla/javascript/ast/ArrayComprehension
Jan 10, 2019 10:44:58 AM org.evosuite.runtime.instrumentation.EvoClassLoader instrumentClass
INFO: Keeping class: org.mozilla.javascript.ast.ArrayComprehension
Jan 10, 2019 10:44:58 AM org.evosuite.runtime.instrumentation.EvoClassLoader loadClass
INFO: Seeing class for first time: org.mozilla.javascript.Node$NodeIterator
Jan 10, 2019 10:44:58 AM org.evosuite.runtime.instrumentation.EvoClassLoader instrumentClass
INFO: Instrumenting class 'org.mozilla.javascript.Node$NodeIterator'.
Jan 10, 2019 10:44:58 AM org.evosuite.runtime.instrumentation.MethodCallReplacementClassAdapter visit
INFO: Adding mock interface to class org/mozilla/javascript/Node$NodeIterator
Jan 10, 2019 10:44:58 AM org.evosuite.runtime.instrumentation.CreateClassResetClassAdapter createEmptyStaticReset
INFO: Creating brand-new static initializer in class org/mozilla/javascript/Node$NodeIterator
Jan 10, 2019 10:44:58 AM org.evosuite.runtime.instrumentation.EvoClassLoader instrumentClass
INFO: Keeping class: org.mozilla.javascript.Node$NodeIterator
Jan 10, 2019 10:44:58 AM org.evosuite.runtime.instrumentation.EvoClassLoader loadClass
INFO: Seeing class for first time: org.mozilla.javascript.regexp.SubString
Jan 10, 2019 10:44:58 AM org.evosuite.runtime.instrumentation.EvoClassLoader instrumentClass
INFO: Instrumenting class 'org.mozilla.javascript.regexp.SubString'.
Jan 10, 2019 10:44:58 AM org.evosuite.runtime.instrumentation.MethodCallReplacementClassAdapter visit
INFO: Adding mock interface to class org/mozilla/javascript/regexp/SubString
Jan 10, 2019 10:44:58 AM org.evosuite.runtime.instrumentation.CreateClassResetClassAdapter createEmptyStaticReset
INFO: Creating brand-new static initializer in class org/mozilla/javascript/regexp/SubString
Jan 10, 2019 10:44:58 AM org.evosuite.runtime.instrumentation.EvoClassLoader instrumentClass
INFO: Keeping class: org.mozilla.javascript.regexp.SubString
Jan 10, 2019 10:44:58 AM org.evosuite.runtime.instrumentation.EvoClassLoader loadClass
INFO: Seeing class for first time: org.mozilla.javascript.NativeStringIterator
Jan 10, 2019 10:44:58 AM org.evosuite.runtime.instrumentation.EvoClassLoader instrumentClass
INFO: Instrumenting class 'org.mozilla.javascript.NativeStringIterator'.
Jan 10, 2019 10:44:58 AM org.evosuite.runtime.instrumentation.MethodCallReplacementClassAdapter visit
INFO: Adding mock interface to class org/mozilla/javascript/NativeStringIterator
Jan 10, 2019 10:44:58 AM org.evosuite.runtime.instrumentation.CreateClassResetClassAdapter createEmptyStaticReset
INFO: Creating brand-new static initializer in class org/mozilla/javascript/NativeStringIterator
Jan 10, 2019 10:44:58 AM org.evosuite.runtime.instrumentation.CreateClassResetClassAdapter createEmptyStaticReset
INFO: Adding bytecode for initializing field ITERATOR_TAG
Jan 10, 2019 10:44:58 AM org.evosuite.runtime.instrumentation.EvoClassLoader instrumentClass
INFO: Keeping class: org.mozilla.javascript.NativeStringIterator
Jan 10, 2019 10:44:58 AM org.evosuite.runtime.instrumentation.EvoClassLoader loadClass
INFO: Seeing class for first time: org.mozilla.javascript.typedarrays.NativeInt16Array
Jan 10, 2019 10:44:58 AM org.evosuite.runtime.instrumentation.EvoClassLoader instrumentClass
INFO: Instrumenting class 'org.mozilla.javascript.typedarrays.NativeInt16Array'.
Jan 10, 2019 10:44:58 AM org.evosuite.runtime.instrumentation.MethodCallReplacementClassAdapter visit
INFO: Adding mock interface to class org/mozilla/javascript/typedarrays/NativeInt16Array
Jan 10, 2019 10:44:58 AM org.evosuite.runtime.instrumentation.CreateClassResetClassAdapter createEmptyStaticReset
INFO: Creating brand-new static initializer in class org/mozilla/javascript/typedarrays/NativeInt16Array
Jan 10, 2019 10:44:58 AM org.evosuite.runtime.instrumentation.CreateClassResetClassAdapter createEmptyStaticReset
INFO: Adding bytecode for initializing field CLASS_NAME
Jan 10, 2019 10:44:58 AM org.evosuite.runtime.instrumentation.CreateClassResetClassAdapter createEmptyStaticReset
INFO: Adding bytecode for initializing field BYTES_PER_ELEMENT
Jan 10, 2019 10:44:58 AM org.evosuite.runtime.instrumentation.EvoClassLoader instrumentClass
INFO: Keeping class: org.mozilla.javascript.typedarrays.NativeInt16Array
Jan 10, 2019 10:44:58 AM org.evosuite.runtime.instrumentation.EvoClassLoader loadClass
INFO: Seeing class for first time: org.mozilla.javascript.Token$CommentType
Jan 10, 2019 10:44:58 AM org.evosuite.runtime.instrumentation.EvoClassLoader instrumentClass
INFO: Instrumenting class 'org.mozilla.javascript.Token$CommentType'.
Jan 10, 2019 10:44:58 AM org.evosuite.runtime.instrumentation.MethodCallReplacementClassAdapter visit
INFO: Adding mock interface to class org/mozilla/javascript/Token$CommentType
Jan 10, 2019 10:44:58 AM org.evosuite.runtime.instrumentation.CreateClassResetClassAdapter visitMethod
INFO: Found static initializer in class org/mozilla/javascript/Token$CommentType
Jan 10, 2019 10:44:58 AM org.evosuite.runtime.instrumentation.EvoClassLoader instrumentClass
INFO: Keeping class: org.mozilla.javascript.Token$CommentType
Jan 10, 2019 10:44:58 AM org.evosuite.runtime.instrumentation.EvoClassLoader loadClass
INFO: Seeing class for first time: org.mozilla.javascript.typedarrays.NativeUint8ClampedArray
Jan 10, 2019 10:44:58 AM org.evosuite.runtime.instrumentation.EvoClassLoader instrumentClass
INFO: Instrumenting class 'org.mozilla.javascript.typedarrays.NativeUint8ClampedArray'.
Jan 10, 2019 10:44:58 AM org.evosuite.runtime.instrumentation.MethodCallReplacementClassAdapter visit
INFO: Adding mock interface to class org/mozilla/javascript/typedarrays/NativeUint8ClampedArray
Jan 10, 2019 10:44:58 AM org.evosuite.runtime.instrumentation.CreateClassResetClassAdapter createEmptyStaticReset
INFO: Creating brand-new static initializer in class org/mozilla/javascript/typedarrays/NativeUint8ClampedArray
Jan 10, 2019 10:44:58 AM org.evosuite.runtime.instrumentation.CreateClassResetClassAdapter createEmptyStaticReset
INFO: Adding bytecode for initializing field CLASS_NAME
Jan 10, 2019 10:44:58 AM org.evosuite.runtime.instrumentation.EvoClassLoader instrumentClass
INFO: Keeping class: org.mozilla.javascript.typedarrays.NativeUint8ClampedArray
Jan 10, 2019 10:44:58 AM org.evosuite.runtime.instrumentation.EvoClassLoader loadClass
INFO: Seeing class for first time: org.mozilla.javascript.typedarrays.ByteIo
Jan 10, 2019 10:44:58 AM org.evosuite.runtime.instrumentation.EvoClassLoader instrumentClass
INFO: Instrumenting class 'org.mozilla.javascript.typedarrays.ByteIo'.
Jan 10, 2019 10:44:58 AM org.evosuite.runtime.instrumentation.MethodCallReplacementClassAdapter visit
INFO: Adding mock interface to class org/mozilla/javascript/typedarrays/ByteIo
Jan 10, 2019 10:44:58 AM org.evosuite.runtime.instrumentation.CreateClassResetClassAdapter createEmptyStaticReset
INFO: Creating brand-new static initializer in class org/mozilla/javascript/typedarrays/ByteIo
Jan 10, 2019 10:44:58 AM org.evosuite.runtime.instrumentation.EvoClassLoader instrumentClass
INFO: Keeping class: org.mozilla.javascript.typedarrays.ByteIo
Jan 10, 2019 10:44:58 AM org.evosuite.runtime.instrumentation.EvoClassLoader loadClass
INFO: Seeing class for first time: org.mozilla.classfile.ClassFileMethod
Jan 10, 2019 10:44:58 AM org.evosuite.runtime.instrumentation.EvoClassLoader instrumentClass
INFO: Instrumenting class 'org.mozilla.classfile.ClassFileMethod'.
Jan 10, 2019 10:44:58 AM org.evosuite.runtime.instrumentation.MethodCallReplacementClassAdapter visit
INFO: Adding mock interface to class org/mozilla/classfile/ClassFileMethod
Jan 10, 2019 10:44:58 AM org.evosuite.runtime.instrumentation.CreateClassResetClassAdapter createEmptyStaticReset
INFO: Creating brand-new static initializer in class org/mozilla/classfile/ClassFileMethod
Jan 10, 2019 10:44:58 AM org.evosuite.runtime.instrumentation.EvoClassLoader instrumentClass
INFO: Keeping class: org.mozilla.classfile.ClassFileMethod
Jan 10, 2019 10:44:58 AM org.evosuite.runtime.instrumentation.EvoClassLoader loadClass
INFO: Seeing class for first time: org.mozilla.classfile.TypeInfo
Jan 10, 2019 10:44:58 AM org.evosuite.runtime.instrumentation.EvoClassLoader instrumentClass
INFO: Instrumenting class 'org.mozilla.classfile.TypeInfo'.
Jan 10, 2019 10:44:58 AM org.evosuite.runtime.instrumentation.MethodCallReplacementClassAdapter visit
INFO: Adding mock interface to class org/mozilla/classfile/TypeInfo
Jan 10, 2019 10:44:58 AM org.evosuite.runtime.instrumentation.CreateClassResetClassAdapter createEmptyStaticReset
INFO: Creating brand-new static initializer in class org/mozilla/classfile/TypeInfo
Jan 10, 2019 10:44:58 AM org.evosuite.runtime.instrumentation.CreateClassResetClassAdapter createEmptyStaticReset
INFO: Adding bytecode for initializing field TOP
Jan 10, 2019 10:44:58 AM org.evosuite.runtime.instrumentation.CreateClassResetClassAdapter createEmptyStaticReset
INFO: Adding bytecode for initializing field INTEGER
Jan 10, 2019 10:44:58 AM org.evosuite.runtime.instrumentation.CreateClassResetClassAdapter createEmptyStaticReset
INFO: Adding bytecode for initializing field FLOAT
Jan 10, 2019 10:44:58 AM org.evosuite.runtime.instrumentation.CreateClassResetClassAdapter createEmptyStaticReset
INFO: Adding bytecode for initializing field DOUBLE
Jan 10, 2019 10:44:58 AM org.evosuite.runtime.instrumentation.CreateClassResetClassAdapter createEmptyStaticReset
INFO: Adding bytecode for initializing field LONG
Jan 10, 2019 10:44:58 AM org.evosuite.runtime.instrumentation.CreateClassResetClassAdapter createEmptyStaticReset
INFO: Adding bytecode for initializing field NULL
Jan 10, 2019 10:44:58 AM org.evosuite.runtime.instrumentation.CreateClassResetClassAdapter createEmptyStaticReset
INFO: Adding bytecode for initializing field UNINITIALIZED_THIS
Jan 10, 2019 10:44:58 AM org.evosuite.runtime.instrumentation.CreateClassResetClassAdapter createEmptyStaticReset
INFO: Adding bytecode for initializing field OBJECT_TAG
Jan 10, 2019 10:44:58 AM org.evosuite.runtime.instrumentation.CreateClassResetClassAdapter createEmptyStaticReset
INFO: Adding bytecode for initializing field UNINITIALIZED_VAR_TAG
Jan 10, 2019 10:44:58 AM org.evosuite.runtime.instrumentation.EvoClassLoader instrumentClass
INFO: Keeping class: org.mozilla.classfile.TypeInfo
Jan 10, 2019 10:44:58 AM org.evosuite.runtime.instrumentation.EvoClassLoader loadClass
INFO: Seeing class for first time: org.mozilla.javascript.Synchronizer
Jan 10, 2019 10:44:58 AM org.evosuite.runtime.instrumentation.EvoClassLoader instrumentClass
INFO: Instrumenting class 'org.mozilla.javascript.Synchronizer'.
Jan 10, 2019 10:44:58 AM org.evosuite.runtime.instrumentation.MethodCallReplacementClassAdapter visit
INFO: Adding mock interface to class org/mozilla/javascript/Synchronizer
Jan 10, 2019 10:44:58 AM org.evosuite.runtime.instrumentation.CreateClassResetClassAdapter createEmptyStaticReset
INFO: Creating brand-new static initializer in class org/mozilla/javascript/Synchronizer
Jan 10, 2019 10:44:58 AM org.evosuite.runtime.instrumentation.EvoClassLoader loadClass
INFO: Seeing class for first time: org.mozilla.javascript.Delegator
Jan 10, 2019 10:44:58 AM org.evosuite.runtime.instrumentation.EvoClassLoader instrumentClass
INFO: Instrumenting class 'org.mozilla.javascript.Delegator'.
Jan 10, 2019 10:44:58 AM org.evosuite.runtime.instrumentation.MethodCallReplacementClassAdapter visit
INFO: Adding mock interface to class org/mozilla/javascript/Delegator
Jan 10, 2019 10:44:58 AM org.evosuite.runtime.instrumentation.CreateClassResetClassAdapter createEmptyStaticReset
INFO: Creating brand-new static initializer in class org/mozilla/javascript/Delegator
Jan 10, 2019 10:44:58 AM org.evosuite.runtime.instrumentation.EvoClassLoader instrumentClass
INFO: Keeping class: org.mozilla.javascript.Delegator
Jan 10, 2019 10:44:58 AM org.evosuite.runtime.instrumentation.EvoClassLoader instrumentClass
INFO: Keeping class: org.mozilla.javascript.Synchronizer
Jan 10, 2019 10:44:58 AM org.evosuite.runtime.instrumentation.EvoClassLoader loadClass
INFO: Seeing class for first time: org.mozilla.javascript.NativeArray$ElementComparator
Jan 10, 2019 10:44:58 AM org.evosuite.runtime.instrumentation.EvoClassLoader instrumentClass
INFO: Instrumenting class 'org.mozilla.javascript.NativeArray$ElementComparator'.
Jan 10, 2019 10:44:58 AM org.evosuite.runtime.instrumentation.MethodCallReplacementClassAdapter visit
INFO: Adding mock interface to class org/mozilla/javascript/NativeArray$ElementComparator
Jan 10, 2019 10:44:58 AM org.evosuite.runtime.instrumentation.CreateClassResetClassAdapter createEmptyStaticReset
INFO: Creating brand-new static initializer in class org/mozilla/javascript/NativeArray$ElementComparator
Jan 10, 2019 10:44:58 AM org.evosuite.runtime.instrumentation.EvoClassLoader instrumentClass
INFO: Keeping class: org.mozilla.javascript.NativeArray$ElementComparator
Jan 10, 2019 10:44:58 AM org.evosuite.runtime.instrumentation.EvoClassLoader loadClass
INFO: Seeing class for first time: org.mozilla.javascript.regexp.RENode
Jan 10, 2019 10:44:58 AM org.evosuite.runtime.instrumentation.EvoClassLoader instrumentClass
INFO: Instrumenting class 'org.mozilla.javascript.regexp.RENode'.
Jan 10, 2019 10:44:58 AM org.evosuite.runtime.instrumentation.MethodCallReplacementClassAdapter visit
INFO: Adding mock interface to class org/mozilla/javascript/regexp/RENode
Jan 10, 2019 10:44:58 AM org.evosuite.runtime.instrumentation.CreateClassResetClassAdapter createEmptyStaticReset
INFO: Creating brand-new static initializer in class org/mozilla/javascript/regexp/RENode
Jan 10, 2019 10:44:58 AM org.evosuite.runtime.instrumentation.EvoClassLoader instrumentClass
INFO: Keeping class: org.mozilla.javascript.regexp.RENode
Jan 10, 2019 10:44:58 AM org.evosuite.runtime.instrumentation.EvoClassLoader loadClass
INFO: Seeing class for first time: org.mozilla.javascript.commonjs.module.ModuleScript
Jan 10, 2019 10:44:58 AM org.evosuite.runtime.instrumentation.EvoClassLoader instrumentClass
INFO: Instrumenting class 'org.mozilla.javascript.commonjs.module.ModuleScript'.
Jan 10, 2019 10:44:58 AM org.evosuite.runtime.instrumentation.MethodCallReplacementClassAdapter visit
INFO: Adding mock interface to class org/mozilla/javascript/commonjs/module/ModuleScript
Jan 10, 2019 10:44:58 AM org.evosuite.runtime.instrumentation.CreateClassResetClassAdapter createEmptyStaticReset
INFO: Creating brand-new static initializer in class org/mozilla/javascript/commonjs/module/ModuleScript
Jan 10, 2019 10:44:58 AM org.evosuite.runtime.instrumentation.EvoClassLoader instrumentClass
INFO: Keeping class: org.mozilla.javascript.commonjs.module.ModuleScript
Jan 10, 2019 10:44:58 AM org.evosuite.runtime.instrumentation.EvoClassLoader loadClass
INFO: Seeing class for first time: org.mozilla.classfile.ClassFileWriter
Jan 10, 2019 10:44:58 AM org.evosuite.runtime.instrumentation.EvoClassLoader instrumentClass
INFO: Instrumenting class 'org.mozilla.classfile.ClassFileWriter'.
Jan 10, 2019 10:44:58 AM org.evosuite.runtime.instrumentation.MethodCallReplacementClassAdapter visit
INFO: Adding mock interface to class org/mozilla/classfile/ClassFileWriter
Jan 10, 2019 10:44:58 AM org.evosuite.runtime.instrumentation.CreateClassResetClassAdapter visitMethod
INFO: Found static initializer in class org/mozilla/classfile/ClassFileWriter
Jan 10, 2019 10:44:58 AM org.evosuite.runtime.instrumentation.EvoClassLoader instrumentClass
INFO: Keeping class: org.mozilla.classfile.ClassFileWriter
Jan 10, 2019 10:44:58 AM org.evosuite.runtime.instrumentation.EvoClassLoader loadClass
INFO: Seeing class for first time: org.mozilla.javascript.NativeArrayIterator
Jan 10, 2019 10:44:58 AM org.evosuite.runtime.instrumentation.EvoClassLoader instrumentClass
INFO: Instrumenting class 'org.mozilla.javascript.NativeArrayIterator'.
Jan 10, 2019 10:44:58 AM org.evosuite.runtime.instrumentation.MethodCallReplacementClassAdapter visit
INFO: Adding mock interface to class org/mozilla/javascript/NativeArrayIterator
Jan 10, 2019 10:44:58 AM org.evosuite.runtime.instrumentation.CreateClassResetClassAdapter createEmptyStaticReset
INFO: Creating brand-new static initializer in class org/mozilla/javascript/NativeArrayIterator
Jan 10, 2019 10:44:58 AM org.evosuite.runtime.instrumentation.CreateClassResetClassAdapter createEmptyStaticReset
INFO: Adding bytecode for initializing field ITERATOR_TAG
Jan 10, 2019 10:44:58 AM org.evosuite.runtime.instrumentation.EvoClassLoader instrumentClass
INFO: Keeping class: org.mozilla.javascript.NativeArrayIterator
Jan 10, 2019 10:44:58 AM org.evosuite.runtime.instrumentation.EvoClassLoader loadClass
INFO: Seeing class for first time: org.mozilla.javascript.NativeIterator$StopIteration
Jan 10, 2019 10:44:58 AM org.evosuite.runtime.instrumentation.EvoClassLoader instrumentClass
INFO: Instrumenting class 'org.mozilla.javascript.NativeIterator$StopIteration'.
Jan 10, 2019 10:44:58 AM org.evosuite.runtime.instrumentation.MethodCallReplacementClassAdapter visit
INFO: Adding mock interface to class org/mozilla/javascript/NativeIterator$StopIteration
Jan 10, 2019 10:44:58 AM org.evosuite.runtime.instrumentation.CreateClassResetClassAdapter createEmptyStaticReset
INFO: Creating brand-new static initializer in class org/mozilla/javascript/NativeIterator$StopIteration
Jan 10, 2019 10:44:58 AM org.evosuite.runtime.instrumentation.EvoClassLoader instrumentClass
INFO: Keeping class: org.mozilla.javascript.NativeIterator$StopIteration
Jan 10, 2019 10:44:58 AM org.evosuite.runtime.instrumentation.EvoClassLoader loadClass
INFO: Seeing class for first time: org.mozilla.javascript.MemberBox
Jan 10, 2019 10:44:58 AM org.evosuite.runtime.instrumentation.EvoClassLoader instrumentClass
INFO: Instrumenting class 'org.mozilla.javascript.MemberBox'.
Jan 10, 2019 10:44:58 AM org.evosuite.runtime.instrumentation.MethodCallReplacementClassAdapter visit
INFO: Adding mock interface to class org/mozilla/javascript/MemberBox
Jan 10, 2019 10:44:58 AM org.evosuite.runtime.instrumentation.CreateClassResetClassAdapter visitMethod
INFO: Found static initializer in class org/mozilla/javascript/MemberBox
Jan 10, 2019 10:44:58 AM org.evosuite.runtime.instrumentation.EvoClassLoader instrumentClass
INFO: Keeping class: org.mozilla.javascript.MemberBox
Jan 10, 2019 10:44:58 AM org.evosuite.runtime.instrumentation.EvoClassLoader loadClass
INFO: Seeing class for first time: org.mozilla.javascript.xml.XMLObject
Jan 10, 2019 10:44:58 AM org.evosuite.runtime.instrumentation.EvoClassLoader instrumentClass
INFO: Instrumenting class 'org.mozilla.javascript.xml.XMLObject'.
Jan 10, 2019 10:44:58 AM org.evosuite.runtime.instrumentation.MethodCallReplacementClassAdapter visit
INFO: Adding mock interface to class org/mozilla/javascript/xml/XMLObject
Jan 10, 2019 10:44:58 AM org.evosuite.runtime.instrumentation.CreateClassResetClassAdapter createEmptyStaticReset
INFO: Creating brand-new static initializer in class org/mozilla/javascript/xml/XMLObject
Jan 10, 2019 10:44:58 AM org.evosuite.runtime.instrumentation.EvoClassLoader instrumentClass
INFO: Keeping class: org.mozilla.javascript.xml.XMLObject
Jan 10, 2019 10:44:58 AM org.evosuite.runtime.instrumentation.EvoClassLoader loadClass
INFO: Seeing class for first time: org.mozilla.javascript.Interpreter$GeneratorState
Jan 10, 2019 10:44:58 AM org.evosuite.runtime.instrumentation.EvoClassLoader instrumentClass
INFO: Instrumenting class 'org.mozilla.javascript.Interpreter$GeneratorState'.
Jan 10, 2019 10:44:58 AM org.evosuite.runtime.instrumentation.MethodCallReplacementClassAdapter visit
INFO: Adding mock interface to class org/mozilla/javascript/Interpreter$GeneratorState
Jan 10, 2019 10:44:58 AM org.evosuite.runtime.instrumentation.CreateClassResetClassAdapter createEmptyStaticReset
INFO: Creating brand-new static initializer in class org/mozilla/javascript/Interpreter$GeneratorState
Jan 10, 2019 10:44:58 AM org.evosuite.runtime.instrumentation.EvoClassLoader instrumentClass
INFO: Keeping class: org.mozilla.javascript.Interpreter$GeneratorState
Jan 10, 2019 10:44:58 AM org.evosuite.runtime.instrumentation.EvoClassLoader loadClass
INFO: Seeing class for first time: org.mozilla.javascript.ScriptRuntime$IdEnumeration
Jan 10, 2019 10:44:58 AM org.evosuite.runtime.instrumentation.EvoClassLoader instrumentClass
INFO: Instrumenting class 'org.mozilla.javascript.ScriptRuntime$IdEnumeration'.
Jan 10, 2019 10:44:58 AM org.evosuite.runtime.instrumentation.MethodCallReplacementClassAdapter visit
INFO: Adding mock interface to class org/mozilla/javascript/ScriptRuntime$IdEnumeration
Jan 10, 2019 10:44:58 AM org.evosuite.runtime.instrumentation.CreateClassResetClassAdapter createEmptyStaticReset
INFO: Creating brand-new static initializer in class org/mozilla/javascript/ScriptRuntime$IdEnumeration
Jan 10, 2019 10:44:58 AM org.evosuite.runtime.instrumentation.EvoClassLoader instrumentClass
INFO: Keeping class: org.mozilla.javascript.ScriptRuntime$IdEnumeration
Jan 10, 2019 10:44:58 AM org.evosuite.runtime.instrumentation.EvoClassLoader loadClass
INFO: Seeing class for first time: org.mozilla.javascript.ConsString
Jan 10, 2019 10:44:58 AM org.evosuite.runtime.instrumentation.EvoClassLoader instrumentClass
INFO: Instrumenting class 'org.mozilla.javascript.ConsString'.
Jan 10, 2019 10:44:58 AM org.evosuite.runtime.instrumentation.MethodCallReplacementClassAdapter visit
INFO: Adding mock interface to class org/mozilla/javascript/ConsString
Jan 10, 2019 10:44:58 AM org.evosuite.runtime.instrumentation.CreateClassResetClassAdapter createEmptyStaticReset
INFO: Creating brand-new static initializer in class org/mozilla/javascript/ConsString
Jan 10, 2019 10:44:58 AM org.evosuite.runtime.instrumentation.EvoClassLoader instrumentClass
INFO: Keeping class: org.mozilla.javascript.ConsString
Jan 10, 2019 10:44:58 AM org.evosuite.runtime.instrumentation.EvoClassLoader loadClass
INFO: Seeing class for first time: org.mozilla.classfile.SuperBlock
Jan 10, 2019 10:44:58 AM org.evosuite.runtime.instrumentation.EvoClassLoader instrumentClass
INFO: Instrumenting class 'org.mozilla.classfile.SuperBlock'.
Jan 10, 2019 10:44:58 AM org.evosuite.runtime.instrumentation.MethodCallReplacementClassAdapter visit
INFO: Adding mock interface to class org/mozilla/classfile/SuperBlock
Jan 10, 2019 10:44:58 AM org.evosuite.runtime.instrumentation.CreateClassResetClassAdapter createEmptyStaticReset
INFO: Creating brand-new static initializer in class org/mozilla/classfile/SuperBlock
Jan 10, 2019 10:44:58 AM org.evosuite.runtime.instrumentation.EvoClassLoader instrumentClass
INFO: Keeping class: org.mozilla.classfile.SuperBlock
Jan 10, 2019 10:44:58 AM org.evosuite.runtime.instrumentation.EvoClassLoader loadClass
INFO: Seeing class for first time: org.mozilla.javascript.typedarrays.NativeUint32Array
Jan 10, 2019 10:44:58 AM org.evosuite.runtime.instrumentation.EvoClassLoader instrumentClass
INFO: Instrumenting class 'org.mozilla.javascript.typedarrays.NativeUint32Array'.
Jan 10, 2019 10:44:58 AM org.evosuite.runtime.instrumentation.MethodCallReplacementClassAdapter visit
INFO: Adding mock interface to class org/mozilla/javascript/typedarrays/NativeUint32Array
Jan 10, 2019 10:44:58 AM org.evosuite.runtime.instrumentation.CreateClassResetClassAdapter createEmptyStaticReset
INFO: Creating brand-new static initializer in class org/mozilla/javascript/typedarrays/NativeUint32Array
Jan 10, 2019 10:44:58 AM org.evosuite.runtime.instrumentation.CreateClassResetClassAdapter createEmptyStaticReset
INFO: Adding bytecode for initializing field CLASS_NAME
Jan 10, 2019 10:44:58 AM org.evosuite.runtime.instrumentation.CreateClassResetClassAdapter createEmptyStaticReset
INFO: Adding bytecode for initializing field BYTES_PER_ELEMENT
Jan 10, 2019 10:44:58 AM org.evosuite.runtime.instrumentation.EvoClassLoader instrumentClass
INFO: Keeping class: org.mozilla.javascript.typedarrays.NativeUint32Array
Jan 10, 2019 10:44:58 AM org.evosuite.runtime.instrumentation.EvoClassLoader loadClass
INFO: Seeing class for first time: org.mozilla.javascript.BeanProperty
Jan 10, 2019 10:44:58 AM org.evosuite.runtime.instrumentation.EvoClassLoader instrumentClass
INFO: Instrumenting class 'org.mozilla.javascript.BeanProperty'.
Jan 10, 2019 10:44:58 AM org.evosuite.runtime.instrumentation.MethodCallReplacementClassAdapter visit
INFO: Adding mock interface to class org/mozilla/javascript/BeanProperty
Jan 10, 2019 10:44:59 AM org.evosuite.runtime.instrumentation.CreateClassResetClassAdapter createEmptyStaticReset
INFO: Creating brand-new static initializer in class org/mozilla/javascript/BeanProperty
Jan 10, 2019 10:44:59 AM org.evosuite.runtime.instrumentation.EvoClassLoader instrumentClass
INFO: Keeping class: org.mozilla.javascript.BeanProperty
Jan 10, 2019 10:44:59 AM org.evosuite.runtime.instrumentation.EvoClassLoader loadClass
INFO: Seeing class for first time: org.mozilla.javascript.xml.XMLLib$Factory
Jan 10, 2019 10:44:59 AM org.evosuite.runtime.instrumentation.EvoClassLoader instrumentClass
INFO: Instrumenting class 'org.mozilla.javascript.xml.XMLLib$Factory'.
Jan 10, 2019 10:44:59 AM org.evosuite.runtime.instrumentation.MethodCallReplacementClassAdapter visit
INFO: Adding mock interface to class org/mozilla/javascript/xml/XMLLib$Factory
Jan 10, 2019 10:44:59 AM org.evosuite.runtime.instrumentation.CreateClassResetClassAdapter createEmptyStaticReset
INFO: Creating brand-new static initializer in class org/mozilla/javascript/xml/XMLLib$Factory
Jan 10, 2019 10:44:59 AM org.evosuite.runtime.instrumentation.EvoClassLoader instrumentClass
INFO: Keeping class: org.mozilla.javascript.xml.XMLLib$Factory
Jan 10, 2019 10:44:59 AM org.evosuite.runtime.instrumentation.EvoClassLoader loadClass
INFO: Seeing class for first time: org.mozilla.javascript.xml.XMLLib$Factory$1
Jan 10, 2019 10:44:59 AM org.evosuite.runtime.instrumentation.EvoClassLoader instrumentClass
INFO: Instrumenting class 'org.mozilla.javascript.xml.XMLLib$Factory$1'.
Jan 10, 2019 10:44:59 AM org.evosuite.runtime.instrumentation.MethodCallReplacementClassAdapter visit
INFO: Adding mock interface to class org/mozilla/javascript/xml/XMLLib$Factory$1
Jan 10, 2019 10:44:59 AM org.evosuite.runtime.instrumentation.EvoClassLoader instrumentClass
INFO: Keeping class: org.mozilla.javascript.xml.XMLLib$Factory$1
Jan 10, 2019 10:44:59 AM org.evosuite.runtime.instrumentation.EvoClassLoader loadClass
INFO: Seeing class for first time: org.mozilla.javascript.NativeScript
Jan 10, 2019 10:44:59 AM org.evosuite.runtime.instrumentation.EvoClassLoader instrumentClass
INFO: Instrumenting class 'org.mozilla.javascript.NativeScript'.
Jan 10, 2019 10:44:59 AM org.evosuite.runtime.instrumentation.MethodCallReplacementClassAdapter visit
INFO: Adding mock interface to class org/mozilla/javascript/NativeScript
Jan 10, 2019 10:44:59 AM org.evosuite.runtime.instrumentation.CreateClassResetClassAdapter visitMethod
INFO: Found static initializer in class org/mozilla/javascript/NativeScript
Jan 10, 2019 10:44:59 AM org.evosuite.runtime.instrumentation.EvoClassLoader instrumentClass
INFO: Keeping class: org.mozilla.javascript.NativeScript
Jan 10, 2019 10:44:59 AM org.evosuite.runtime.instrumentation.EvoClassLoader loadClass
INFO: Seeing class for first time: org.mozilla.javascript.SecurityController
Jan 10, 2019 10:44:59 AM org.evosuite.runtime.instrumentation.EvoClassLoader instrumentClass
INFO: Instrumenting class 'org.mozilla.javascript.SecurityController'.
Jan 10, 2019 10:44:59 AM org.evosuite.runtime.instrumentation.MethodCallReplacementClassAdapter visit
INFO: Adding mock interface to class org/mozilla/javascript/SecurityController
Jan 10, 2019 10:44:59 AM org.evosuite.runtime.instrumentation.CreateClassResetClassAdapter createEmptyStaticReset
INFO: Creating brand-new static initializer in class org/mozilla/javascript/SecurityController
Jan 10, 2019 10:44:59 AM org.evosuite.runtime.instrumentation.CreateClassResetClassAdapter createEmptyStaticReset
INFO: Adding bytecode for initializing field global
Jan 10, 2019 10:44:59 AM org.evosuite.runtime.instrumentation.EvoClassLoader instrumentClass
INFO: Keeping class: org.mozilla.javascript.SecurityController
Jan 10, 2019 10:44:59 AM org.evosuite.runtime.instrumentation.EvoClassLoader loadClass
INFO: Seeing class for first time: org.mozilla.javascript.tools.shell.QuitAction
Jan 10, 2019 10:44:59 AM org.evosuite.runtime.instrumentation.EvoClassLoader instrumentClass
INFO: Instrumenting class 'org.mozilla.javascript.tools.shell.QuitAction'.
Jan 10, 2019 10:44:59 AM org.evosuite.runtime.instrumentation.EvoClassLoader instrumentClass
INFO: Keeping class: org.mozilla.javascript.tools.shell.QuitAction
Jan 10, 2019 10:44:59 AM org.evosuite.runtime.instrumentation.EvoClassLoader loadClass
INFO: Seeing class for first time: org.mozilla.javascript.WrapFactory
Jan 10, 2019 10:44:59 AM org.evosuite.runtime.instrumentation.EvoClassLoader instrumentClass
INFO: Instrumenting class 'org.mozilla.javascript.WrapFactory'.
Jan 10, 2019 10:44:59 AM org.evosuite.runtime.instrumentation.MethodCallReplacementClassAdapter visit
INFO: Adding mock interface to class org/mozilla/javascript/WrapFactory
Jan 10, 2019 10:44:59 AM org.evosuite.runtime.instrumentation.CreateClassResetClassAdapter createEmptyStaticReset
INFO: Creating brand-new static initializer in class org/mozilla/javascript/WrapFactory
Jan 10, 2019 10:44:59 AM org.evosuite.runtime.instrumentation.EvoClassLoader instrumentClass
INFO: Keeping class: org.mozilla.javascript.WrapFactory
Jan 10, 2019 10:44:59 AM org.evosuite.runtime.instrumentation.EvoClassLoader loadClass
INFO: Seeing class for first time: org.mozilla.javascript.NativeIterator
Jan 10, 2019 10:44:59 AM org.evosuite.runtime.instrumentation.EvoClassLoader instrumentClass
INFO: Instrumenting class 'org.mozilla.javascript.NativeIterator'.
Jan 10, 2019 10:44:59 AM org.evosuite.runtime.instrumentation.MethodCallReplacementClassAdapter visit
INFO: Adding mock interface to class org/mozilla/javascript/NativeIterator
Jan 10, 2019 10:44:59 AM org.evosuite.runtime.instrumentation.CreateClassResetClassAdapter visitMethod
INFO: Found static initializer in class org/mozilla/javascript/NativeIterator
Jan 10, 2019 10:44:59 AM org.evosuite.runtime.instrumentation.EvoClassLoader instrumentClass
INFO: Keeping class: org.mozilla.javascript.NativeIterator
Jan 10, 2019 10:44:59 AM org.evosuite.runtime.instrumentation.EvoClassLoader loadClass
INFO: Seeing class for first time: org.mozilla.javascript.v8dtoa.DiyFp
Jan 10, 2019 10:44:59 AM org.evosuite.runtime.instrumentation.EvoClassLoader instrumentClass
INFO: Instrumenting class 'org.mozilla.javascript.v8dtoa.DiyFp'.
Jan 10, 2019 10:44:59 AM org.evosuite.runtime.instrumentation.MethodCallReplacementClassAdapter visit
INFO: Adding mock interface to class org/mozilla/javascript/v8dtoa/DiyFp
Jan 10, 2019 10:44:59 AM org.evosuite.runtime.instrumentation.CreateClassResetClassAdapter visitMethod
INFO: Found static initializer in class org/mozilla/javascript/v8dtoa/DiyFp
Jan 10, 2019 10:44:59 AM org.evosuite.runtime.instrumentation.EvoClassLoader instrumentClass
INFO: Keeping class: org.mozilla.javascript.v8dtoa.DiyFp
Jan 10, 2019 10:44:59 AM org.evosuite.runtime.instrumentation.EvoClassLoader loadClass
INFO: Seeing class for first time: org.mozilla.javascript.CompilerEnvirons
Jan 10, 2019 10:44:59 AM org.evosuite.runtime.instrumentation.EvoClassLoader instrumentClass
INFO: Instrumenting class 'org.mozilla.javascript.CompilerEnvirons'.
Jan 10, 2019 10:44:59 AM org.evosuite.runtime.instrumentation.MethodCallReplacementClassAdapter visit
INFO: Adding mock interface to class org/mozilla/javascript/CompilerEnvirons
Jan 10, 2019 10:44:59 AM org.evosuite.runtime.instrumentation.CreateClassResetClassAdapter createEmptyStaticReset
INFO: Creating brand-new static initializer in class org/mozilla/javascript/CompilerEnvirons
Jan 10, 2019 10:44:59 AM org.evosuite.runtime.instrumentation.EvoClassLoader instrumentClass
INFO: Keeping class: org.mozilla.javascript.CompilerEnvirons
Jan 10, 2019 10:44:59 AM org.evosuite.runtime.instrumentation.EvoClassLoader loadClass
INFO: Seeing class for first time: org.mozilla.javascript.SecurityUtilities
Jan 10, 2019 10:44:59 AM org.evosuite.runtime.instrumentation.EvoClassLoader instrumentClass
INFO: Instrumenting class 'org.mozilla.javascript.SecurityUtilities'.
Jan 10, 2019 10:44:59 AM org.evosuite.runtime.instrumentation.MethodCallReplacementClassAdapter visit
INFO: Adding mock interface to class org/mozilla/javascript/SecurityUtilities
Jan 10, 2019 10:44:59 AM org.evosuite.runtime.instrumentation.CreateClassResetClassAdapter createEmptyStaticReset
INFO: Creating brand-new static initializer in class org/mozilla/javascript/SecurityUtilities
Jan 10, 2019 10:44:59 AM org.evosuite.runtime.instrumentation.EvoClassLoader instrumentClass
INFO: Keeping class: org.mozilla.javascript.SecurityUtilities
Jan 10, 2019 10:44:59 AM org.evosuite.runtime.instrumentation.EvoClassLoader loadClass
INFO: Seeing class for first time: org.mozilla.classfile.ClassFileField
Jan 10, 2019 10:44:59 AM org.evosuite.runtime.instrumentation.EvoClassLoader instrumentClass
INFO: Instrumenting class 'org.mozilla.classfile.ClassFileField'.
Jan 10, 2019 10:44:59 AM org.evosuite.runtime.instrumentation.MethodCallReplacementClassAdapter visit
INFO: Adding mock interface to class org/mozilla/classfile/ClassFileField
Jan 10, 2019 10:44:59 AM org.evosuite.runtime.instrumentation.CreateClassResetClassAdapter createEmptyStaticReset
INFO: Creating brand-new static initializer in class org/mozilla/classfile/ClassFileField
Jan 10, 2019 10:44:59 AM org.evosuite.runtime.instrumentation.EvoClassLoader instrumentClass
INFO: Keeping class: org.mozilla.classfile.ClassFileField
Jan 10, 2019 10:44:59 AM org.evosuite.runtime.thread.ThreadStopper killAndJoinClientThreads
INFO: Found new thread
Jan 10, 2019 10:44:59 AM org.evosuite.runtime.instrumentation.EvoClassLoader loadClass
INFO: Seeing class for first time: org.mozilla.javascript.VMBridge_custom
Jan 10, 2019 10:44:59 AM org.evosuite.runtime.instrumentation.EvoClassLoader instrumentClass
INFO: Instrumenting class 'org.mozilla.javascript.VMBridge_custom'.
Jan 10, 2019 10:44:59 AM org.evosuite.runtime.instrumentation.EvoClassLoader instrumentClass
INFO: Error while loading class: java.lang.ClassNotFoundException: Class 'org/mozilla/javascript/VMBridge_custom.class' should be in target project, but could not be found!
Jan 10, 2019 10:44:59 AM org.evosuite.runtime.thread.ThreadStopper killAndJoinClientThreads
INFO: Found new thread
Jan 10, 2019 10:44:59 AM org.evosuite.runtime.instrumentation.EvoClassLoader loadClass
INFO: Seeing class for first time: org.mozilla.javascript.VMBridge_custom
Jan 10, 2019 10:44:59 AM org.evosuite.runtime.instrumentation.EvoClassLoader instrumentClass
INFO: Instrumenting class 'org.mozilla.javascript.VMBridge_custom'.
Jan 10, 2019 10:44:59 AM org.evosuite.runtime.instrumentation.EvoClassLoader instrumentClass
INFO: Error while loading class: java.lang.ClassNotFoundException: Class 'org/mozilla/javascript/VMBridge_custom.class' should be in target project, but could not be found!
Jan 10, 2019 10:44:59 AM org.evosuite.runtime.thread.ThreadStopper killAndJoinClientThreads
INFO: Found new thread
Jan 10, 2019 10:44:59 AM org.evosuite.runtime.instrumentation.EvoClassLoader loadClass
INFO: Seeing class for first time: org.mozilla.javascript.VMBridge_custom
Jan 10, 2019 10:44:59 AM org.evosuite.runtime.instrumentation.EvoClassLoader instrumentClass
INFO: Instrumenting class 'org.mozilla.javascript.VMBridge_custom'.
Jan 10, 2019 10:44:59 AM org.evosuite.runtime.instrumentation.EvoClassLoader instrumentClass
INFO: Error while loading class: java.lang.ClassNotFoundException: Class 'org/mozilla/javascript/VMBridge_custom.class' should be in target project, but could not be found!
Jan 10, 2019 10:45:00 AM org.evosuite.runtime.thread.ThreadStopper killAndJoinClientThreads
INFO: Found new thread
Jan 10, 2019 10:45:00 AM org.evosuite.runtime.instrumentation.EvoClassLoader loadClass
INFO: Seeing class for first time: org.mozilla.javascript.VMBridge_custom
Jan 10, 2019 10:45:00 AM org.evosuite.runtime.instrumentation.EvoClassLoader instrumentClass
INFO: Instrumenting class 'org.mozilla.javascript.VMBridge_custom'.
Jan 10, 2019 10:45:00 AM org.evosuite.runtime.instrumentation.EvoClassLoader instrumentClass
INFO: Error while loading class: java.lang.ClassNotFoundException: Class 'org/mozilla/javascript/VMBridge_custom.class' should be in target project, but could not be found!
Jan 10, 2019 10:45:00 AM org.evosuite.runtime.thread.ThreadStopper killAndJoinClientThreads
INFO: Found new thread
Jan 10, 2019 10:45:00 AM org.evosuite.runtime.instrumentation.EvoClassLoader loadClass
INFO: Seeing class for first time: org.mozilla.javascript.VMBridge_custom
Jan 10, 2019 10:45:00 AM org.evosuite.runtime.instrumentation.EvoClassLoader instrumentClass
INFO: Instrumenting class 'org.mozilla.javascript.VMBridge_custom'.
Jan 10, 2019 10:45:00 AM org.evosuite.runtime.instrumentation.EvoClassLoader instrumentClass
INFO: Error while loading class: java.lang.ClassNotFoundException: Class 'org/mozilla/javascript/VMBridge_custom.class' should be in target project, but could not be found!
Jan 10, 2019 10:45:00 AM org.evosuite.runtime.thread.ThreadStopper killAndJoinClientThreads
INFO: Found new thread
Jan 10, 2019 10:45:00 AM org.evosuite.runtime.instrumentation.EvoClassLoader loadClass
INFO: Seeing class for first time: org.mozilla.javascript.VMBridge_custom
Jan 10, 2019 10:45:00 AM org.evosuite.runtime.instrumentation.EvoClassLoader instrumentClass
INFO: Instrumenting class 'org.mozilla.javascript.VMBridge_custom'.
Jan 10, 2019 10:45:00 AM org.evosuite.runtime.instrumentation.EvoClassLoader instrumentClass
INFO: Error while loading class: java.lang.ClassNotFoundException: Class 'org/mozilla/javascript/VMBridge_custom.class' should be in target project, but could not be found!
Jan 10, 2019 10:45:00 AM org.evosuite.runtime.thread.ThreadStopper killAndJoinClientThreads
INFO: Found new thread
Jan 10, 2019 10:45:00 AM org.evosuite.runtime.instrumentation.EvoClassLoader loadClass
INFO: Seeing class for first time: org.mozilla.javascript.VMBridge_custom
Jan 10, 2019 10:45:00 AM org.evosuite.runtime.instrumentation.EvoClassLoader instrumentClass
INFO: Instrumenting class 'org.mozilla.javascript.VMBridge_custom'.
Jan 10, 2019 10:45:00 AM org.evosuite.runtime.instrumentation.EvoClassLoader instrumentClass
INFO: Error while loading class: java.lang.ClassNotFoundException: Class 'org/mozilla/javascript/VMBridge_custom.class' should be in target project, but could not be found!
Jan 10, 2019 10:45:00 AM org.evosuite.runtime.thread.ThreadStopper killAndJoinClientThreads
INFO: Found new thread
Jan 10, 2019 10:45:00 AM org.evosuite.runtime.instrumentation.EvoClassLoader loadClass
INFO: Seeing class for first time: org.mozilla.javascript.VMBridge_custom
Jan 10, 2019 10:45:00 AM org.evosuite.runtime.instrumentation.EvoClassLoader instrumentClass
INFO: Instrumenting class 'org.mozilla.javascript.VMBridge_custom'.
Jan 10, 2019 10:45:00 AM org.evosuite.runtime.instrumentation.EvoClassLoader instrumentClass
INFO: Error while loading class: java.lang.ClassNotFoundException: Class 'org/mozilla/javascript/VMBridge_custom.class' should be in target project, but could not be found!
Jan 10, 2019 10:45:00 AM org.evosuite.runtime.thread.ThreadStopper killAndJoinClientThreads
INFO: Found new thread
Jan 10, 2019 10:45:00 AM org.evosuite.runtime.instrumentation.EvoClassLoader loadClass
INFO: Seeing class for first time: org.mozilla.javascript.VMBridge_custom
Jan 10, 2019 10:45:00 AM org.evosuite.runtime.instrumentation.EvoClassLoader instrumentClass
INFO: Instrumenting class 'org.mozilla.javascript.VMBridge_custom'.
Jan 10, 2019 10:45:00 AM org.evosuite.runtime.instrumentation.EvoClassLoader instrumentClass
INFO: Error while loading class: java.lang.ClassNotFoundException: Class 'org/mozilla/javascript/VMBridge_custom.class' should be in target project, but could not be found!
Jan 10, 2019 10:45:00 AM org.evosuite.runtime.instrumentation.EvoClassLoader loadClass
INFO: Seeing class for first time: org.mozilla.javascript.resources.Messages
Jan 10, 2019 10:45:00 AM org.evosuite.runtime.instrumentation.EvoClassLoader instrumentClass
INFO: Instrumenting class 'org.mozilla.javascript.resources.Messages'.
Jan 10, 2019 10:45:00 AM org.evosuite.runtime.instrumentation.EvoClassLoader instrumentClass
INFO: Error while loading class: java.lang.ClassNotFoundException: Class 'org/mozilla/javascript/resources/Messages.class' should be in target project, but could not be found!
Jan 10, 2019 10:45:00 AM org.evosuite.runtime.instrumentation.EvoClassLoader loadClass
INFO: Seeing class for first time: org.mozilla.javascript.resources.Messages_en
Jan 10, 2019 10:45:00 AM org.evosuite.runtime.instrumentation.EvoClassLoader instrumentClass
INFO: Instrumenting class 'org.mozilla.javascript.resources.Messages_en'.
Jan 10, 2019 10:45:00 AM org.evosuite.runtime.instrumentation.EvoClassLoader instrumentClass
INFO: Error while loading class: java.lang.ClassNotFoundException: Class 'org/mozilla/javascript/resources/Messages_en.class' should be in target project, but could not be found!
Jan 10, 2019 10:45:00 AM org.evosuite.runtime.thread.ThreadStopper killAndJoinClientThreads
INFO: Found new thread
Jan 10, 2019 10:45:00 AM org.evosuite.runtime.instrumentation.EvoClassLoader loadClass
INFO: Seeing class for first time: org.mozilla.javascript.VMBridge_custom
Jan 10, 2019 10:45:00 AM org.evosuite.runtime.instrumentation.EvoClassLoader instrumentClass
INFO: Instrumenting class 'org.mozilla.javascript.VMBridge_custom'.
Jan 10, 2019 10:45:00 AM org.evosuite.runtime.instrumentation.EvoClassLoader instrumentClass
INFO: Error while loading class: java.lang.ClassNotFoundException: Class 'org/mozilla/javascript/VMBridge_custom.class' should be in target project, but could not be found!
Jan 10, 2019 10:45:00 AM org.evosuite.runtime.thread.ThreadStopper killAndJoinClientThreads
INFO: Found new thread
Jan 10, 2019 10:45:00 AM org.evosuite.runtime.instrumentation.EvoClassLoader loadClass
INFO: Seeing class for first time: org.mozilla.javascript.VMBridge_custom
Jan 10, 2019 10:45:00 AM org.evosuite.runtime.instrumentation.EvoClassLoader instrumentClass
INFO: Instrumenting class 'org.mozilla.javascript.VMBridge_custom'.
Jan 10, 2019 10:45:00 AM org.evosuite.runtime.instrumentation.EvoClassLoader instrumentClass
INFO: Error while loading class: java.lang.ClassNotFoundException: Class 'org/mozilla/javascript/VMBridge_custom.class' should be in target project, but could not be found!
Jan 10, 2019 10:45:00 AM org.evosuite.runtime.thread.ThreadStopper killAndJoinClientThreads
INFO: Found new thread
Jan 10, 2019 10:45:00 AM org.evosuite.runtime.instrumentation.EvoClassLoader loadClass
INFO: Seeing class for first time: org.mozilla.javascript.VMBridge_custom
Jan 10, 2019 10:45:00 AM org.evosuite.runtime.instrumentation.EvoClassLoader instrumentClass
INFO: Instrumenting class 'org.mozilla.javascript.VMBridge_custom'.
Jan 10, 2019 10:45:00 AM org.evosuite.runtime.instrumentation.EvoClassLoader instrumentClass
INFO: Error while loading class: java.lang.ClassNotFoundException: Class 'org/mozilla/javascript/VMBridge_custom.class' should be in target project, but could not be found!
Jan 10, 2019 10:45:01 AM org.evosuite.runtime.thread.ThreadStopper killAndJoinClientThreads
INFO: Found new thread
Jan 10, 2019 10:45:01 AM org.evosuite.runtime.instrumentation.EvoClassLoader loadClass
INFO: Seeing class for first time: org.mozilla.javascript.VMBridge_custom
Jan 10, 2019 10:45:01 AM org.evosuite.runtime.instrumentation.EvoClassLoader instrumentClass
INFO: Instrumenting class 'org.mozilla.javascript.VMBridge_custom'.
Jan 10, 2019 10:45:01 AM org.evosuite.runtime.instrumentation.EvoClassLoader instrumentClass
INFO: Error while loading class: java.lang.ClassNotFoundException: Class 'org/mozilla/javascript/VMBridge_custom.class' should be in target project, but could not be found!
Jan 10, 2019 10:45:01 AM org.evosuite.runtime.thread.ThreadStopper killAndJoinClientThreads
INFO: Found new thread
Jan 10, 2019 10:45:01 AM org.evosuite.runtime.instrumentation.EvoClassLoader loadClass
INFO: Seeing class for first time: org.mozilla.javascript.VMBridge_custom
Jan 10, 2019 10:45:01 AM org.evosuite.runtime.instrumentation.EvoClassLoader instrumentClass
INFO: Instrumenting class 'org.mozilla.javascript.VMBridge_custom'.
Jan 10, 2019 10:45:01 AM org.evosuite.runtime.instrumentation.EvoClassLoader instrumentClass
INFO: Error while loading class: java.lang.ClassNotFoundException: Class 'org/mozilla/javascript/VMBridge_custom.class' should be in target project, but could not be found!
Jan 10, 2019 10:45:01 AM org.evosuite.runtime.thread.ThreadStopper killAndJoinClientThreads
INFO: Found new thread
Jan 10, 2019 10:45:01 AM org.evosuite.runtime.instrumentation.EvoClassLoader loadClass
INFO: Seeing class for first time: org.mozilla.javascript.VMBridge_custom
Jan 10, 2019 10:45:01 AM org.evosuite.runtime.instrumentation.EvoClassLoader instrumentClass
INFO: Instrumenting class 'org.mozilla.javascript.VMBridge_custom'.
Jan 10, 2019 10:45:01 AM org.evosuite.runtime.instrumentation.EvoClassLoader instrumentClass
INFO: Error while loading class: java.lang.ClassNotFoundException: Class 'org/mozilla/javascript/VMBridge_custom.class' should be in target project, but could not be found!
Jan 10, 2019 10:45:01 AM org.evosuite.runtime.thread.ThreadStopper killAndJoinClientThreads
INFO: Found new thread
Jan 10, 2019 10:45:01 AM org.evosuite.runtime.instrumentation.EvoClassLoader loadClass
INFO: Seeing class for first time: org.mozilla.javascript.VMBridge_custom
Jan 10, 2019 10:45:01 AM org.evosuite.runtime.instrumentation.EvoClassLoader instrumentClass
INFO: Instrumenting class 'org.mozilla.javascript.VMBridge_custom'.
Jan 10, 2019 10:45:01 AM org.evosuite.runtime.instrumentation.EvoClassLoader instrumentClass
INFO: Error while loading class: java.lang.ClassNotFoundException: Class 'org/mozilla/javascript/VMBridge_custom.class' should be in target project, but could not be found!
Jan 10, 2019 10:45:01 AM org.evosuite.runtime.thread.ThreadStopper killAndJoinClientThreads
INFO: Found new thread
Jan 10, 2019 10:45:01 AM org.evosuite.runtime.instrumentation.EvoClassLoader loadClass
INFO: Seeing class for first time: org.mozilla.javascript.VMBridge_custom
Jan 10, 2019 10:45:01 AM org.evosuite.runtime.instrumentation.EvoClassLoader instrumentClass
INFO: Instrumenting class 'org.mozilla.javascript.VMBridge_custom'.
Jan 10, 2019 10:45:01 AM org.evosuite.runtime.instrumentation.EvoClassLoader instrumentClass
INFO: Error while loading class: java.lang.ClassNotFoundException: Class 'org/mozilla/javascript/VMBridge_custom.class' should be in target project, but could not be found!
Jan 10, 2019 10:45:01 AM org.evosuite.runtime.thread.ThreadStopper killAndJoinClientThreads
INFO: Found new thread
Jan 10, 2019 10:45:01 AM org.evosuite.runtime.instrumentation.EvoClassLoader loadClass
INFO: Seeing class for first time: org.mozilla.javascript.VMBridge_custom
Jan 10, 2019 10:45:01 AM org.evosuite.runtime.instrumentation.EvoClassLoader instrumentClass
INFO: Instrumenting class 'org.mozilla.javascript.VMBridge_custom'.
Jan 10, 2019 10:45:01 AM org.evosuite.runtime.instrumentation.EvoClassLoader instrumentClass
INFO: Error while loading class: java.lang.ClassNotFoundException: Class 'org/mozilla/javascript/VMBridge_custom.class' should be in target project, but could not be found!
Jan 10, 2019 10:45:01 AM org.evosuite.runtime.thread.ThreadStopper killAndJoinClientThreads
INFO: Found new thread
Jan 10, 2019 10:45:01 AM org.evosuite.runtime.instrumentation.EvoClassLoader loadClass
INFO: Seeing class for first time: org.mozilla.javascript.VMBridge_custom
Jan 10, 2019 10:45:01 AM org.evosuite.runtime.instrumentation.EvoClassLoader instrumentClass
INFO: Instrumenting class 'org.mozilla.javascript.VMBridge_custom'.
Jan 10, 2019 10:45:01 AM org.evosuite.runtime.instrumentation.EvoClassLoader instrumentClass
INFO: Error while loading class: java.lang.ClassNotFoundException: Class 'org/mozilla/javascript/VMBridge_custom.class' should be in target project, but could not be found!
Jan 10, 2019 10:45:01 AM org.evosuite.runtime.thread.ThreadStopper killAndJoinClientThreads
INFO: Found new thread
Jan 10, 2019 10:45:01 AM org.evosuite.runtime.instrumentation.EvoClassLoader loadClass
INFO: Seeing class for first time: org.mozilla.javascript.VMBridge_custom
Jan 10, 2019 10:45:01 AM org.evosuite.runtime.instrumentation.EvoClassLoader instrumentClass
INFO: Instrumenting class 'org.mozilla.javascript.VMBridge_custom'.
Jan 10, 2019 10:45:01 AM org.evosuite.runtime.instrumentation.EvoClassLoader instrumentClass
INFO: Error while loading class: java.lang.ClassNotFoundException: Class 'org/mozilla/javascript/VMBridge_custom.class' should be in target project, but could not be found!
Jan 10, 2019 10:45:02 AM org.evosuite.runtime.thread.ThreadStopper killAndJoinClientThreads
INFO: Found new thread
Jan 10, 2019 10:45:02 AM org.evosuite.runtime.instrumentation.EvoClassLoader loadClass
INFO: Seeing class for first time: org.mozilla.javascript.VMBridge_custom
Jan 10, 2019 10:45:02 AM org.evosuite.runtime.instrumentation.EvoClassLoader instrumentClass
INFO: Instrumenting class 'org.mozilla.javascript.VMBridge_custom'.
Jan 10, 2019 10:45:02 AM org.evosuite.runtime.instrumentation.EvoClassLoader instrumentClass
INFO: Error while loading class: java.lang.ClassNotFoundException: Class 'org/mozilla/javascript/VMBridge_custom.class' should be in target project, but could not be found!
Jan 10, 2019 10:45:02 AM org.evosuite.runtime.thread.ThreadStopper killAndJoinClientThreads
INFO: Found new thread
Jan 10, 2019 10:45:02 AM org.evosuite.runtime.instrumentation.EvoClassLoader loadClass
INFO: Seeing class for first time: org.mozilla.javascript.VMBridge_custom
Jan 10, 2019 10:45:02 AM org.evosuite.runtime.instrumentation.EvoClassLoader instrumentClass
INFO: Instrumenting class 'org.mozilla.javascript.VMBridge_custom'.
Jan 10, 2019 10:45:02 AM org.evosuite.runtime.instrumentation.EvoClassLoader instrumentClass
INFO: Error while loading class: java.lang.ClassNotFoundException: Class 'org/mozilla/javascript/VMBridge_custom.class' should be in target project, but could not be found!
Jan 10, 2019 10:45:02 AM org.evosuite.runtime.thread.ThreadStopper killAndJoinClientThreads
INFO: Found new thread
Jan 10, 2019 10:45:02 AM org.evosuite.runtime.instrumentation.EvoClassLoader loadClass
INFO: Seeing class for first time: org.mozilla.javascript.VMBridge_custom
Jan 10, 2019 10:45:02 AM org.evosuite.runtime.instrumentation.EvoClassLoader instrumentClass
INFO: Instrumenting class 'org.mozilla.javascript.VMBridge_custom'.
Jan 10, 2019 10:45:02 AM org.evosuite.runtime.instrumentation.EvoClassLoader instrumentClass
INFO: Error while loading class: java.lang.ClassNotFoundException: Class 'org/mozilla/javascript/VMBridge_custom.class' should be in target project, but could not be found!
Jan 10, 2019 10:45:02 AM org.evosuite.runtime.thread.ThreadStopper killAndJoinClientThreads
INFO: Found new thread
Jan 10, 2019 10:45:02 AM org.evosuite.runtime.instrumentation.EvoClassLoader loadClass
INFO: Seeing class for first time: org.mozilla.javascript.VMBridge_custom
Jan 10, 2019 10:45:02 AM org.evosuite.runtime.instrumentation.EvoClassLoader instrumentClass
INFO: Instrumenting class 'org.mozilla.javascript.VMBridge_custom'.
Jan 10, 2019 10:45:02 AM org.evosuite.runtime.instrumentation.EvoClassLoader instrumentClass
INFO: Error while loading class: java.lang.ClassNotFoundException: Class 'org/mozilla/javascript/VMBridge_custom.class' should be in target project, but could not be found!
Jan 10, 2019 10:45:02 AM org.evosuite.runtime.thread.ThreadStopper killAndJoinClientThreads
INFO: Found new thread
Jan 10, 2019 10:45:02 AM org.evosuite.runtime.instrumentation.EvoClassLoader loadClass
INFO: Seeing class for first time: org.mozilla.javascript.VMBridge_custom
Jan 10, 2019 10:45:02 AM org.evosuite.runtime.instrumentation.EvoClassLoader instrumentClass
INFO: Instrumenting class 'org.mozilla.javascript.VMBridge_custom'.
Jan 10, 2019 10:45:02 AM org.evosuite.runtime.instrumentation.EvoClassLoader instrumentClass
INFO: Error while loading class: java.lang.ClassNotFoundException: Class 'org/mozilla/javascript/VMBridge_custom.class' should be in target project, but could not be found!
Jan 10, 2019 10:45:02 AM org.evosuite.runtime.thread.ThreadStopper killAndJoinClientThreads
INFO: Found new thread
Jan 10, 2019 10:45:02 AM org.evosuite.runtime.instrumentation.EvoClassLoader loadClass
INFO: Seeing class for first time: org.mozilla.javascript.VMBridge_custom
Jan 10, 2019 10:45:02 AM org.evosuite.runtime.instrumentation.EvoClassLoader instrumentClass
INFO: Instrumenting class 'org.mozilla.javascript.VMBridge_custom'.
Jan 10, 2019 10:45:02 AM org.evosuite.runtime.instrumentation.EvoClassLoader instrumentClass
INFO: Error while loading class: java.lang.ClassNotFoundException: Class 'org/mozilla/javascript/VMBridge_custom.class' should be in target project, but could not be found!
Jan 10, 2019 10:45:02 AM org.evosuite.runtime.thread.ThreadStopper killAndJoinClientThreads
INFO: Found new thread
Jan 10, 2019 10:45:02 AM org.evosuite.runtime.instrumentation.EvoClassLoader loadClass
INFO: Seeing class for first time: org.mozilla.javascript.VMBridge_custom
Jan 10, 2019 10:45:02 AM org.evosuite.runtime.instrumentation.EvoClassLoader instrumentClass
INFO: Instrumenting class 'org.mozilla.javascript.VMBridge_custom'.
Jan 10, 2019 10:45:02 AM org.evosuite.runtime.instrumentation.EvoClassLoader instrumentClass
INFO: Error while loading class: java.lang.ClassNotFoundException: Class 'org/mozilla/javascript/VMBridge_custom.class' should be in target project, but could not be found!
Jan 10, 2019 10:45:02 AM org.evosuite.runtime.thread.ThreadStopper killAndJoinClientThreads
INFO: Found new thread
Jan 10, 2019 10:45:02 AM org.evosuite.runtime.instrumentation.EvoClassLoader loadClass
INFO: Seeing class for first time: org.mozilla.javascript.VMBridge_custom
Jan 10, 2019 10:45:02 AM org.evosuite.runtime.instrumentation.EvoClassLoader instrumentClass
INFO: Instrumenting class 'org.mozilla.javascript.VMBridge_custom'.
Jan 10, 2019 10:45:02 AM org.evosuite.runtime.instrumentation.EvoClassLoader instrumentClass
INFO: Error while loading class: java.lang.ClassNotFoundException: Class 'org/mozilla/javascript/VMBridge_custom.class' should be in target project, but could not be found!
Jan 10, 2019 10:45:02 AM org.evosuite.runtime.thread.ThreadStopper killAndJoinClientThreads
INFO: Found new thread
Jan 10, 2019 10:45:02 AM org.evosuite.runtime.instrumentation.EvoClassLoader loadClass
INFO: Seeing class for first time: org.mozilla.javascript.VMBridge_custom
Jan 10, 2019 10:45:02 AM org.evosuite.runtime.instrumentation.EvoClassLoader instrumentClass
INFO: Instrumenting class 'org.mozilla.javascript.VMBridge_custom'.
Jan 10, 2019 10:45:02 AM org.evosuite.runtime.instrumentation.EvoClassLoader instrumentClass
INFO: Error while loading class: java.lang.ClassNotFoundException: Class 'org/mozilla/javascript/VMBridge_custom.class' should be in target project, but could not be found!
Jan 10, 2019 10:45:02 AM org.evosuite.runtime.thread.ThreadStopper killAndJoinClientThreads
INFO: Found new thread
Jan 10, 2019 10:45:02 AM org.evosuite.runtime.instrumentation.EvoClassLoader loadClass
INFO: Seeing class for first time: org.mozilla.javascript.VMBridge_custom
Jan 10, 2019 10:45:02 AM org.evosuite.runtime.instrumentation.EvoClassLoader instrumentClass
INFO: Instrumenting class 'org.mozilla.javascript.VMBridge_custom'.
Jan 10, 2019 10:45:02 AM org.evosuite.runtime.instrumentation.EvoClassLoader instrumentClass
INFO: Error while loading class: java.lang.ClassNotFoundException: Class 'org/mozilla/javascript/VMBridge_custom.class' should be in target project, but could not be found!
Jan 10, 2019 10:45:03 AM org.evosuite.runtime.thread.ThreadStopper killAndJoinClientThreads
INFO: Found new thread
Jan 10, 2019 10:45:03 AM org.evosuite.runtime.instrumentation.EvoClassLoader loadClass
INFO: Seeing class for first time: org.mozilla.javascript.VMBridge_custom
Jan 10, 2019 10:45:03 AM org.evosuite.runtime.instrumentation.EvoClassLoader instrumentClass
INFO: Instrumenting class 'org.mozilla.javascript.VMBridge_custom'.
Jan 10, 2019 10:45:03 AM org.evosuite.runtime.instrumentation.EvoClassLoader instrumentClass
INFO: Error while loading class: java.lang.ClassNotFoundException: Class 'org/mozilla/javascript/VMBridge_custom.class' should be in target project, but could not be found!
Jan 10, 2019 10:45:03 AM org.evosuite.runtime.thread.ThreadStopper killAndJoinClientThreads
INFO: Found new thread
Jan 10, 2019 10:45:03 AM org.evosuite.runtime.instrumentation.EvoClassLoader loadClass
INFO: Seeing class for first time: org.mozilla.javascript.VMBridge_custom
Jan 10, 2019 10:45:03 AM org.evosuite.runtime.instrumentation.EvoClassLoader instrumentClass
INFO: Instrumenting class 'org.mozilla.javascript.VMBridge_custom'.
Jan 10, 2019 10:45:03 AM org.evosuite.runtime.instrumentation.EvoClassLoader instrumentClass
INFO: Error while loading class: java.lang.ClassNotFoundException: Class 'org/mozilla/javascript/VMBridge_custom.class' should be in target project, but could not be found!
Jan 10, 2019 10:45:03 AM org.evosuite.runtime.thread.ThreadStopper killAndJoinClientThreads
INFO: Found new thread
Jan 10, 2019 10:45:03 AM org.evosuite.runtime.instrumentation.EvoClassLoader loadClass
INFO: Seeing class for first time: org.mozilla.javascript.VMBridge_custom
Jan 10, 2019 10:45:03 AM org.evosuite.runtime.instrumentation.EvoClassLoader instrumentClass
INFO: Instrumenting class 'org.mozilla.javascript.VMBridge_custom'.
Jan 10, 2019 10:45:03 AM org.evosuite.runtime.instrumentation.EvoClassLoader instrumentClass
INFO: Error while loading class: java.lang.ClassNotFoundException: Class 'org/mozilla/javascript/VMBridge_custom.class' should be in target project, but could not be found!
Jan 10, 2019 10:45:03 AM org.evosuite.runtime.thread.ThreadStopper killAndJoinClientThreads
INFO: Found new thread
Jan 10, 2019 10:45:03 AM org.evosuite.runtime.instrumentation.EvoClassLoader loadClass
INFO: Seeing class for first time: org.mozilla.javascript.VMBridge_custom
Jan 10, 2019 10:45:03 AM org.evosuite.runtime.instrumentation.EvoClassLoader instrumentClass
INFO: Instrumenting class 'org.mozilla.javascript.VMBridge_custom'.
Jan 10, 2019 10:45:03 AM org.evosuite.runtime.instrumentation.EvoClassLoader instrumentClass
INFO: Error while loading class: java.lang.ClassNotFoundException: Class 'org/mozilla/javascript/VMBridge_custom.class' should be in target project, but could not be found!
Jan 10, 2019 10:45:03 AM org.evosuite.runtime.thread.ThreadStopper killAndJoinClientThreads
INFO: Found new thread
Jan 10, 2019 10:45:03 AM org.evosuite.runtime.instrumentation.EvoClassLoader loadClass
INFO: Seeing class for first time: org.mozilla.javascript.VMBridge_custom
Jan 10, 2019 10:45:03 AM org.evosuite.runtime.instrumentation.EvoClassLoader instrumentClass
INFO: Instrumenting class 'org.mozilla.javascript.VMBridge_custom'.
Jan 10, 2019 10:45:03 AM org.evosuite.runtime.instrumentation.EvoClassLoader instrumentClass
INFO: Error while loading class: java.lang.ClassNotFoundException: Class 'org/mozilla/javascript/VMBridge_custom.class' should be in target project, but could not be found!
Jan 10, 2019 10:45:03 AM org.evosuite.runtime.thread.ThreadStopper killAndJoinClientThreads
INFO: Found new thread
Jan 10, 2019 10:45:03 AM org.evosuite.runtime.instrumentation.EvoClassLoader loadClass
INFO: Seeing class for first time: org.mozilla.javascript.VMBridge_custom
Jan 10, 2019 10:45:03 AM org.evosuite.runtime.instrumentation.EvoClassLoader instrumentClass
INFO: Instrumenting class 'org.mozilla.javascript.VMBridge_custom'.
Jan 10, 2019 10:45:03 AM org.evosuite.runtime.instrumentation.EvoClassLoader instrumentClass
INFO: Error while loading class: java.lang.ClassNotFoundException: Class 'org/mozilla/javascript/VMBridge_custom.class' should be in target project, but could not be found!
Jan 10, 2019 10:45:03 AM org.evosuite.runtime.thread.ThreadStopper killAndJoinClientThreads
INFO: Found new thread
Jan 10, 2019 10:45:03 AM org.evosuite.runtime.instrumentation.EvoClassLoader loadClass
INFO: Seeing class for first time: org.mozilla.javascript.VMBridge_custom
Jan 10, 2019 10:45:03 AM org.evosuite.runtime.instrumentation.EvoClassLoader instrumentClass
INFO: Instrumenting class 'org.mozilla.javascript.VMBridge_custom'.
Jan 10, 2019 10:45:03 AM org.evosuite.runtime.instrumentation.EvoClassLoader instrumentClass
INFO: Error while loading class: java.lang.ClassNotFoundException: Class 'org/mozilla/javascript/VMBridge_custom.class' should be in target project, but could not be found!
Jan 10, 2019 10:45:03 AM org.evosuite.runtime.thread.ThreadStopper killAndJoinClientThreads
INFO: Found new thread
Jan 10, 2019 10:45:03 AM org.evosuite.runtime.instrumentation.EvoClassLoader loadClass
INFO: Seeing class for first time: org.mozilla.javascript.VMBridge_custom
Jan 10, 2019 10:45:03 AM org.evosuite.runtime.instrumentation.EvoClassLoader instrumentClass
INFO: Instrumenting class 'org.mozilla.javascript.VMBridge_custom'.
Jan 10, 2019 10:45:03 AM org.evosuite.runtime.instrumentation.EvoClassLoader instrumentClass
INFO: Error while loading class: java.lang.ClassNotFoundException: Class 'org/mozilla/javascript/VMBridge_custom.class' should be in target project, but could not be found!
Jan 10, 2019 10:45:03 AM org.evosuite.runtime.thread.ThreadStopper killAndJoinClientThreads
INFO: Found new thread
Jan 10, 2019 10:45:03 AM org.evosuite.runtime.instrumentation.EvoClassLoader loadClass
INFO: Seeing class for first time: org.mozilla.javascript.VMBridge_custom
Jan 10, 2019 10:45:03 AM org.evosuite.runtime.instrumentation.EvoClassLoader instrumentClass
INFO: Instrumenting class 'org.mozilla.javascript.VMBridge_custom'.
Jan 10, 2019 10:45:03 AM org.evosuite.runtime.instrumentation.EvoClassLoader instrumentClass
INFO: Error while loading class: java.lang.ClassNotFoundException: Class 'org/mozilla/javascript/VMBridge_custom.class' should be in target project, but could not be found!
Jan 10, 2019 10:45:03 AM org.evosuite.runtime.thread.ThreadStopper killAndJoinClientThreads
INFO: Found new thread
Jan 10, 2019 10:45:03 AM org.evosuite.runtime.instrumentation.EvoClassLoader loadClass
INFO: Seeing class for first time: org.mozilla.javascript.VMBridge_custom
Jan 10, 2019 10:45:03 AM org.evosuite.runtime.instrumentation.EvoClassLoader instrumentClass
INFO: Instrumenting class 'org.mozilla.javascript.VMBridge_custom'.
Jan 10, 2019 10:45:03 AM org.evosuite.runtime.instrumentation.EvoClassLoader instrumentClass
INFO: Error while loading class: java.lang.ClassNotFoundException: Class 'org/mozilla/javascript/VMBridge_custom.class' should be in target project, but could not be found!
Jan 10, 2019 10:45:03 AM org.evosuite.runtime.instrumentation.EvoClassLoader loadClass
INFO: Seeing class for first time: org.mozilla.javascript.VMBridge_custom
Jan 10, 2019 10:45:03 AM org.evosuite.runtime.instrumentation.EvoClassLoader instrumentClass
INFO: Instrumenting class 'org.mozilla.javascript.VMBridge_custom'.
Jan 10, 2019 10:45:03 AM org.evosuite.runtime.instrumentation.EvoClassLoader instrumentClass
INFO: Error while loading class: java.lang.ClassNotFoundException: Class 'org/mozilla/javascript/VMBridge_custom.class' should be in target project, but could not be found!
Jan 10, 2019 10:45:03 AM org.evosuite.runtime.thread.ThreadStopper killAndJoinClientThreads
INFO: Found new thread
Jan 10, 2019 10:45:03 AM org.evosuite.runtime.instrumentation.EvoClassLoader loadClass
INFO: Seeing class for first time: org.mozilla.javascript.VMBridge_custom
Jan 10, 2019 10:45:03 AM org.evosuite.runtime.instrumentation.EvoClassLoader instrumentClass
INFO: Instrumenting class 'org.mozilla.javascript.VMBridge_custom'.
Jan 10, 2019 10:45:03 AM org.evosuite.runtime.instrumentation.EvoClassLoader instrumentClass
INFO: Error while loading class: java.lang.ClassNotFoundException: Class 'org/mozilla/javascript/VMBridge_custom.class' should be in target project, but could not be found!
Jan 10, 2019 10:45:03 AM org.evosuite.runtime.thread.ThreadStopper killAndJoinClientThreads
INFO: Found new thread
Jan 10, 2019 10:45:03 AM org.evosuite.runtime.instrumentation.EvoClassLoader loadClass
INFO: Seeing class for first time: org.mozilla.javascript.VMBridge_custom
Jan 10, 2019 10:45:03 AM org.evosuite.runtime.instrumentation.EvoClassLoader instrumentClass
INFO: Instrumenting class 'org.mozilla.javascript.VMBridge_custom'.
Jan 10, 2019 10:45:03 AM org.evosuite.runtime.instrumentation.EvoClassLoader instrumentClass
INFO: Error while loading class: java.lang.ClassNotFoundException: Class 'org/mozilla/javascript/VMBridge_custom.class' should be in target project, but could not be found!
Jan 10, 2019 10:45:03 AM org.evosuite.runtime.thread.ThreadStopper killAndJoinClientThreads
INFO: Found new thread
Jan 10, 2019 10:45:03 AM org.evosuite.runtime.instrumentation.EvoClassLoader loadClass
INFO: Seeing class for first time: org.mozilla.javascript.VMBridge_custom
Jan 10, 2019 10:45:03 AM org.evosuite.runtime.instrumentation.EvoClassLoader instrumentClass
INFO: Instrumenting class 'org.mozilla.javascript.VMBridge_custom'.
Jan 10, 2019 10:45:03 AM org.evosuite.runtime.instrumentation.EvoClassLoader instrumentClass
INFO: Error while loading class: java.lang.ClassNotFoundException: Class 'org/mozilla/javascript/VMBridge_custom.class' should be in target project, but could not be found!
Jan 10, 2019 10:45:03 AM org.evosuite.runtime.instrumentation.EvoClassLoader loadClass
INFO: Seeing class for first time: org.mozilla.javascript.VMBridge_custom
Jan 10, 2019 10:45:03 AM org.evosuite.runtime.instrumentation.EvoClassLoader instrumentClass
INFO: Instrumenting class 'org.mozilla.javascript.VMBridge_custom'.
Jan 10, 2019 10:45:03 AM org.evosuite.runtime.instrumentation.EvoClassLoader instrumentClass
INFO: Error while loading class: java.lang.ClassNotFoundException: Class 'org/mozilla/javascript/VMBridge_custom.class' should be in target project, but could not be found!
Jan 10, 2019 10:45:04 AM org.evosuite.runtime.thread.ThreadStopper killAndJoinClientThreads
INFO: Found new thread
Jan 10, 2019 10:45:04 AM org.evosuite.runtime.instrumentation.EvoClassLoader loadClass
INFO: Seeing class for first time: org.mozilla.javascript.VMBridge_custom
Jan 10, 2019 10:45:04 AM org.evosuite.runtime.instrumentation.EvoClassLoader instrumentClass
INFO: Instrumenting class 'org.mozilla.javascript.VMBridge_custom'.
Jan 10, 2019 10:45:04 AM org.evosuite.runtime.instrumentation.EvoClassLoader instrumentClass
INFO: Error while loading class: java.lang.ClassNotFoundException: Class 'org/mozilla/javascript/VMBridge_custom.class' should be in target project, but could not be found!
Jan 10, 2019 10:45:04 AM org.evosuite.runtime.thread.ThreadStopper killAndJoinClientThreads
INFO: Found new thread
Jan 10, 2019 10:45:04 AM org.evosuite.runtime.instrumentation.EvoClassLoader loadClass
INFO: Seeing class for first time: org.mozilla.javascript.VMBridge_custom
Jan 10, 2019 10:45:04 AM org.evosuite.runtime.instrumentation.EvoClassLoader instrumentClass
INFO: Instrumenting class 'org.mozilla.javascript.VMBridge_custom'.
Jan 10, 2019 10:45:04 AM org.evosuite.runtime.instrumentation.EvoClassLoader instrumentClass
INFO: Error while loading class: java.lang.ClassNotFoundException: Class 'org/mozilla/javascript/VMBridge_custom.class' should be in target project, but could not be found!
Jan 10, 2019 10:45:04 AM org.evosuite.runtime.thread.ThreadStopper killAndJoinClientThreads
INFO: Found new thread
Jan 10, 2019 10:45:04 AM org.evosuite.runtime.instrumentation.EvoClassLoader loadClass
INFO: Seeing class for first time: org.mozilla.javascript.VMBridge_custom
Jan 10, 2019 10:45:04 AM org.evosuite.runtime.instrumentation.EvoClassLoader instrumentClass
INFO: Instrumenting class 'org.mozilla.javascript.VMBridge_custom'.
Jan 10, 2019 10:45:04 AM org.evosuite.runtime.instrumentation.EvoClassLoader instrumentClass
INFO: Error while loading class: java.lang.ClassNotFoundException: Class 'org/mozilla/javascript/VMBridge_custom.class' should be in target project, but could not be found!
Jan 10, 2019 10:45:04 AM org.evosuite.runtime.instrumentation.EvoClassLoader loadClass
INFO: Seeing class for first time: org.mozilla.javascript.VMBridge_custom
Jan 10, 2019 10:45:04 AM org.evosuite.runtime.instrumentation.EvoClassLoader instrumentClass
INFO: Instrumenting class 'org.mozilla.javascript.VMBridge_custom'.
Jan 10, 2019 10:45:04 AM org.evosuite.runtime.instrumentation.EvoClassLoader instrumentClass
INFO: Error while loading class: java.lang.ClassNotFoundException: Class 'org/mozilla/javascript/VMBridge_custom.class' should be in target project, but could not be found!
Jan 10, 2019 10:45:04 AM org.evosuite.runtime.thread.ThreadStopper killAndJoinClientThreads
INFO: Found new thread
Jan 10, 2019 10:45:04 AM org.evosuite.runtime.instrumentation.EvoClassLoader loadClass
INFO: Seeing class for first time: org.mozilla.javascript.VMBridge_custom
Jan 10, 2019 10:45:04 AM org.evosuite.runtime.instrumentation.EvoClassLoader instrumentClass
INFO: Instrumenting class 'org.mozilla.javascript.VMBridge_custom'.
Jan 10, 2019 10:45:04 AM org.evosuite.runtime.instrumentation.EvoClassLoader instrumentClass
INFO: Error while loading class: java.lang.ClassNotFoundException: Class 'org/mozilla/javascript/VMBridge_custom.class' should be in target project, but could not be found!
Jan 10, 2019 10:45:04 AM org.evosuite.runtime.thread.ThreadStopper killAndJoinClientThreads
INFO: Found new thread
Jan 10, 2019 10:45:04 AM org.evosuite.runtime.instrumentation.EvoClassLoader loadClass
INFO: Seeing class for first time: org.mozilla.javascript.VMBridge_custom
Jan 10, 2019 10:45:04 AM org.evosuite.runtime.instrumentation.EvoClassLoader instrumentClass
INFO: Instrumenting class 'org.mozilla.javascript.VMBridge_custom'.
Jan 10, 2019 10:45:04 AM org.evosuite.runtime.instrumentation.EvoClassLoader instrumentClass
INFO: Error while loading class: java.lang.ClassNotFoundException: Class 'org/mozilla/javascript/VMBridge_custom.class' should be in target project, but could not be found!
Jan 10, 2019 10:45:04 AM org.evosuite.runtime.thread.ThreadStopper killAndJoinClientThreads
INFO: Found new thread
Jan 10, 2019 10:45:04 AM org.evosuite.runtime.instrumentation.EvoClassLoader loadClass
INFO: Seeing class for first time: org.mozilla.javascript.VMBridge_custom
Jan 10, 2019 10:45:04 AM org.evosuite.runtime.instrumentation.EvoClassLoader instrumentClass
INFO: Instrumenting class 'org.mozilla.javascript.VMBridge_custom'.
Jan 10, 2019 10:45:04 AM org.evosuite.runtime.instrumentation.EvoClassLoader instrumentClass
INFO: Error while loading class: java.lang.ClassNotFoundException: Class 'org/mozilla/javascript/VMBridge_custom.class' should be in target project, but could not be found!
Jan 10, 2019 10:45:04 AM org.evosuite.runtime.thread.ThreadStopper killAndJoinClientThreads
INFO: Found new thread
Jan 10, 2019 10:45:04 AM org.evosuite.runtime.instrumentation.EvoClassLoader loadClass
INFO: Seeing class for first time: org.mozilla.javascript.VMBridge_custom
Jan 10, 2019 10:45:04 AM org.evosuite.runtime.instrumentation.EvoClassLoader instrumentClass
INFO: Instrumenting class 'org.mozilla.javascript.VMBridge_custom'.
Jan 10, 2019 10:45:04 AM org.evosuite.runtime.instrumentation.EvoClassLoader instrumentClass
INFO: Error while loading class: java.lang.ClassNotFoundException: Class 'org/mozilla/javascript/VMBridge_custom.class' should be in target project, but could not be found!
Jan 10, 2019 10:45:04 AM org.evosuite.runtime.instrumentation.EvoClassLoader loadClass
INFO: Seeing class for first time: org.mozilla.javascript.VMBridge_custom
Jan 10, 2019 10:45:04 AM org.evosuite.runtime.instrumentation.EvoClassLoader instrumentClass
INFO: Instrumenting class 'org.mozilla.javascript.VMBridge_custom'.
Jan 10, 2019 10:45:04 AM org.evosuite.runtime.instrumentation.EvoClassLoader instrumentClass
INFO: Error while loading class: java.lang.ClassNotFoundException: Class 'org/mozilla/javascript/VMBridge_custom.class' should be in target project, but could not be found!
Jan 10, 2019 10:45:04 AM org.evosuite.runtime.thread.ThreadStopper killAndJoinClientThreads
INFO: Found new thread
Jan 10, 2019 10:45:04 AM org.evosuite.runtime.instrumentation.EvoClassLoader loadClass
INFO: Seeing class for first time: org.mozilla.javascript.VMBridge_custom
Jan 10, 2019 10:45:04 AM org.evosuite.runtime.instrumentation.EvoClassLoader instrumentClass
INFO: Instrumenting class 'org.mozilla.javascript.VMBridge_custom'.
Jan 10, 2019 10:45:04 AM org.evosuite.runtime.instrumentation.EvoClassLoader instrumentClass
INFO: Error while loading class: java.lang.ClassNotFoundException: Class 'org/mozilla/javascript/VMBridge_custom.class' should be in target project, but could not be found!
Jan 10, 2019 10:45:04 AM org.evosuite.runtime.thread.ThreadStopper killAndJoinClientThreads
INFO: Found new thread
Jan 10, 2019 10:45:04 AM org.evosuite.runtime.instrumentation.EvoClassLoader loadClass
INFO: Seeing class for first time: org.mozilla.javascript.VMBridge_custom
Jan 10, 2019 10:45:04 AM org.evosuite.runtime.instrumentation.EvoClassLoader instrumentClass
INFO: Instrumenting class 'org.mozilla.javascript.VMBridge_custom'.
Jan 10, 2019 10:45:04 AM org.evosuite.runtime.instrumentation.EvoClassLoader instrumentClass
INFO: Error while loading class: java.lang.ClassNotFoundException: Class 'org/mozilla/javascript/VMBridge_custom.class' should be in target project, but could not be found!
Jan 10, 2019 10:45:04 AM org.evosuite.runtime.thread.ThreadStopper killAndJoinClientThreads
INFO: Found new thread
Jan 10, 2019 10:45:04 AM org.evosuite.runtime.instrumentation.EvoClassLoader loadClass
INFO: Seeing class for first time: org.mozilla.javascript.VMBridge_custom
Jan 10, 2019 10:45:04 AM org.evosuite.runtime.instrumentation.EvoClassLoader instrumentClass
INFO: Instrumenting class 'org.mozilla.javascript.VMBridge_custom'.
Jan 10, 2019 10:45:04 AM org.evosuite.runtime.instrumentation.EvoClassLoader instrumentClass
INFO: Error while loading class: java.lang.ClassNotFoundException: Class 'org/mozilla/javascript/VMBridge_custom.class' should be in target project, but could not be found!
Jan 10, 2019 10:45:04 AM org.evosuite.runtime.instrumentation.EvoClassLoader loadClass
INFO: Seeing class for first time: org.mozilla.javascript.VMBridge_custom
Jan 10, 2019 10:45:04 AM org.evosuite.runtime.instrumentation.EvoClassLoader instrumentClass
INFO: Instrumenting class 'org.mozilla.javascript.VMBridge_custom'.
Jan 10, 2019 10:45:04 AM org.evosuite.runtime.instrumentation.EvoClassLoader instrumentClass
INFO: Error while loading class: java.lang.ClassNotFoundException: Class 'org/mozilla/javascript/VMBridge_custom.class' should be in target project, but could not be found!
Jan 10, 2019 10:45:04 AM org.evosuite.runtime.instrumentation.EvoClassLoader loadClass
INFO: Seeing class for first time: org.mozilla.javascript.VMBridge_custom
Jan 10, 2019 10:45:04 AM org.evosuite.runtime.instrumentation.EvoClassLoader instrumentClass
INFO: Instrumenting class 'org.mozilla.javascript.VMBridge_custom'.
Jan 10, 2019 10:45:04 AM org.evosuite.runtime.instrumentation.EvoClassLoader instrumentClass
INFO: Error while loading class: java.lang.ClassNotFoundException: Class 'org/mozilla/javascript/VMBridge_custom.class' should be in target project, but could not be found!
Jan 10, 2019 10:45:04 AM org.evosuite.runtime.instrumentation.EvoClassLoader loadClass
INFO: Seeing class for first time: org.mozilla.javascript.VMBridge_custom
Jan 10, 2019 10:45:04 AM org.evosuite.runtime.instrumentation.EvoClassLoader instrumentClass
INFO: Instrumenting class 'org.mozilla.javascript.VMBridge_custom'.
Jan 10, 2019 10:45:04 AM org.evosuite.runtime.instrumentation.EvoClassLoader instrumentClass
INFO: Error while loading class: java.lang.ClassNotFoundException: Class 'org/mozilla/javascript/VMBridge_custom.class' should be in target project, but could not be found!
Jan 10, 2019 10:45:04 AM org.evosuite.runtime.thread.ThreadStopper killAndJoinClientThreads
INFO: Found new thread
Jan 10, 2019 10:45:04 AM org.evosuite.runtime.instrumentation.EvoClassLoader loadClass
INFO: Seeing class for first time: org.mozilla.javascript.VMBridge_custom
Jan 10, 2019 10:45:04 AM org.evosuite.runtime.instrumentation.EvoClassLoader instrumentClass
INFO: Instrumenting class 'org.mozilla.javascript.VMBridge_custom'.
Jan 10, 2019 10:45:04 AM org.evosuite.runtime.instrumentation.EvoClassLoader instrumentClass
INFO: Error while loading class: java.lang.ClassNotFoundException: Class 'org/mozilla/javascript/VMBridge_custom.class' should be in target project, but could not be found!
Jan 10, 2019 10:45:04 AM org.evosuite.runtime.thread.ThreadStopper killAndJoinClientThreads
INFO: Found new thread
Jan 10, 2019 10:45:04 AM org.evosuite.runtime.instrumentation.EvoClassLoader loadClass
INFO: Seeing class for first time: org.mozilla.javascript.VMBridge_custom
Jan 10, 2019 10:45:04 AM org.evosuite.runtime.instrumentation.EvoClassLoader instrumentClass
INFO: Instrumenting class 'org.mozilla.javascript.VMBridge_custom'.
Jan 10, 2019 10:45:04 AM org.evosuite.runtime.instrumentation.EvoClassLoader instrumentClass
INFO: Error while loading class: java.lang.ClassNotFoundException: Class 'org/mozilla/javascript/VMBridge_custom.class' should be in target project, but could not be found!
Jan 10, 2019 10:45:04 AM org.evosuite.runtime.thread.ThreadStopper killAndJoinClientThreads
INFO: Found new thread
Jan 10, 2019 10:45:04 AM org.evosuite.runtime.instrumentation.EvoClassLoader loadClass
INFO: Seeing class for first time: org.mozilla.javascript.VMBridge_custom
Jan 10, 2019 10:45:04 AM org.evosuite.runtime.instrumentation.EvoClassLoader instrumentClass
INFO: Instrumenting class 'org.mozilla.javascript.VMBridge_custom'.
Jan 10, 2019 10:45:04 AM org.evosuite.runtime.instrumentation.EvoClassLoader instrumentClass
INFO: Error while loading class: java.lang.ClassNotFoundException: Class 'org/mozilla/javascript/VMBridge_custom.class' should be in target project, but could not be found!
Jan 10, 2019 10:45:04 AM org.evosuite.runtime.instrumentation.EvoClassLoader loadClass
INFO: Seeing class for first time: org.mozilla.javascript.VMBridge_custom
Jan 10, 2019 10:45:04 AM org.evosuite.runtime.instrumentation.EvoClassLoader instrumentClass
INFO: Instrumenting class 'org.mozilla.javascript.VMBridge_custom'.
Jan 10, 2019 10:45:04 AM org.evosuite.runtime.instrumentation.EvoClassLoader instrumentClass
INFO: Error while loading class: java.lang.ClassNotFoundException: Class 'org/mozilla/javascript/VMBridge_custom.class' should be in target project, but could not be found!
org.mozilla.javascript.Kit.codeBug(Kit.java:417)
<evosuite>.<evosuite>(<evosuite>)
<evosuite>.<evosuite>(<evosuite>)
<evosuite>.<evosuite>(<evosuite>)
<evosuite>.<evosuite>(<evosuite>)
<evosuite>.<evosuite>(<evosuite>)
Jan 10, 2019 10:45:04 AM org.evosuite.runtime.thread.ThreadStopper killAndJoinClientThreads
INFO: Found new thread
Jan 10, 2019 10:45:04 AM org.evosuite.runtime.instrumentation.EvoClassLoader loadClass
INFO: Seeing class for first time: org.mozilla.javascript.VMBridge_custom
Jan 10, 2019 10:45:04 AM org.evosuite.runtime.instrumentation.EvoClassLoader instrumentClass
INFO: Instrumenting class 'org.mozilla.javascript.VMBridge_custom'.
Jan 10, 2019 10:45:04 AM org.evosuite.runtime.instrumentation.EvoClassLoader instrumentClass
INFO: Error while loading class: java.lang.ClassNotFoundException: Class 'org/mozilla/javascript/VMBridge_custom.class' should be in target project, but could not be found!
Jan 10, 2019 10:45:04 AM org.evosuite.runtime.thread.ThreadStopper killAndJoinClientThreads
INFO: Found new thread
Jan 10, 2019 10:45:04 AM org.evosuite.runtime.instrumentation.EvoClassLoader loadClass
INFO: Seeing class for first time: org.mozilla.javascript.VMBridge_custom
Jan 10, 2019 10:45:04 AM org.evosuite.runtime.instrumentation.EvoClassLoader instrumentClass
INFO: Instrumenting class 'org.mozilla.javascript.VMBridge_custom'.
Jan 10, 2019 10:45:04 AM org.evosuite.runtime.instrumentation.EvoClassLoader instrumentClass
INFO: Error while loading class: java.lang.ClassNotFoundException: Class 'org/mozilla/javascript/VMBridge_custom.class' should be in target project, but could not be found!
Jan 10, 2019 10:45:04 AM org.evosuite.runtime.thread.ThreadStopper killAndJoinClientThreads
INFO: Found new thread
Jan 10, 2019 10:45:04 AM org.evosuite.runtime.instrumentation.EvoClassLoader loadClass
INFO: Seeing class for first time: org.mozilla.javascript.VMBridge_custom
Jan 10, 2019 10:45:04 AM org.evosuite.runtime.instrumentation.EvoClassLoader instrumentClass
INFO: Instrumenting class 'org.mozilla.javascript.VMBridge_custom'.
Jan 10, 2019 10:45:04 AM org.evosuite.runtime.instrumentation.EvoClassLoader instrumentClass
INFO: Error while loading class: java.lang.ClassNotFoundException: Class 'org/mozilla/javascript/VMBridge_custom.class' should be in target project, but could not be found!
Jan 10, 2019 10:45:05 AM org.evosuite.runtime.thread.ThreadStopper killAndJoinClientThreads
INFO: Found new thread
Jan 10, 2019 10:45:05 AM org.evosuite.runtime.instrumentation.EvoClassLoader loadClass
INFO: Seeing class for first time: org.mozilla.javascript.VMBridge_custom
Jan 10, 2019 10:45:05 AM org.evosuite.runtime.instrumentation.EvoClassLoader instrumentClass
INFO: Instrumenting class 'org.mozilla.javascript.VMBridge_custom'.
Jan 10, 2019 10:45:05 AM org.evosuite.runtime.instrumentation.EvoClassLoader instrumentClass
INFO: Error while loading class: java.lang.ClassNotFoundException: Class 'org/mozilla/javascript/VMBridge_custom.class' should be in target project, but could not be found!
Jan 10, 2019 10:45:05 AM org.evosuite.runtime.instrumentation.EvoClassLoader loadClass
INFO: Seeing class for first time: org.mozilla.javascript.VMBridge_custom
Jan 10, 2019 10:45:05 AM org.evosuite.runtime.instrumentation.EvoClassLoader instrumentClass
INFO: Instrumenting class 'org.mozilla.javascript.VMBridge_custom'.
Jan 10, 2019 10:45:05 AM org.evosuite.runtime.instrumentation.EvoClassLoader instrumentClass
INFO: Error while loading class: java.lang.ClassNotFoundException: Class 'org/mozilla/javascript/VMBridge_custom.class' should be in target project, but could not be found!
Jan 10, 2019 10:45:05 AM org.evosuite.runtime.thread.ThreadStopper killAndJoinClientThreads
INFO: Found new thread
Jan 10, 2019 10:45:05 AM org.evosuite.runtime.instrumentation.EvoClassLoader loadClass
INFO: Seeing class for first time: org.mozilla.javascript.VMBridge_custom
Jan 10, 2019 10:45:05 AM org.evosuite.runtime.instrumentation.EvoClassLoader instrumentClass
INFO: Instrumenting class 'org.mozilla.javascript.VMBridge_custom'.
Jan 10, 2019 10:45:05 AM org.evosuite.runtime.instrumentation.EvoClassLoader instrumentClass
INFO: Error while loading class: java.lang.ClassNotFoundException: Class 'org/mozilla/javascript/VMBridge_custom.class' should be in target project, but could not be found!
Jan 10, 2019 10:45:05 AM org.evosuite.runtime.thread.ThreadStopper killAndJoinClientThreads
INFO: Found new thread
Jan 10, 2019 10:45:05 AM org.evosuite.runtime.instrumentation.EvoClassLoader loadClass
INFO: Seeing class for first time: org.mozilla.javascript.VMBridge_custom
Jan 10, 2019 10:45:05 AM org.evosuite.runtime.instrumentation.EvoClassLoader instrumentClass
INFO: Instrumenting class 'org.mozilla.javascript.VMBridge_custom'.
Jan 10, 2019 10:45:05 AM org.evosuite.runtime.instrumentation.EvoClassLoader instrumentClass
INFO: Error while loading class: java.lang.ClassNotFoundException: Class 'org/mozilla/javascript/VMBridge_custom.class' should be in target project, but could not be found!
Jan 10, 2019 10:45:05 AM org.evosuite.runtime.thread.ThreadStopper killAndJoinClientThreads
INFO: Found new thread
Jan 10, 2019 10:45:05 AM org.evosuite.runtime.instrumentation.EvoClassLoader loadClass
INFO: Seeing class for first time: org.mozilla.javascript.VMBridge_custom
Jan 10, 2019 10:45:05 AM org.evosuite.runtime.instrumentation.EvoClassLoader instrumentClass
INFO: Instrumenting class 'org.mozilla.javascript.VMBridge_custom'.
Jan 10, 2019 10:45:05 AM org.evosuite.runtime.instrumentation.EvoClassLoader instrumentClass
INFO: Error while loading class: java.lang.ClassNotFoundException: Class 'org/mozilla/javascript/VMBridge_custom.class' should be in target project, but could not be found!
Jan 10, 2019 10:45:05 AM org.evosuite.runtime.thread.ThreadStopper killAndJoinClientThreads
INFO: Found new thread
Jan 10, 2019 10:45:05 AM org.evosuite.runtime.instrumentation.EvoClassLoader loadClass
INFO: Seeing class for first time: org.mozilla.javascript.VMBridge_custom
Jan 10, 2019 10:45:05 AM org.evosuite.runtime.instrumentation.EvoClassLoader instrumentClass
INFO: Instrumenting class 'org.mozilla.javascript.VMBridge_custom'.
Jan 10, 2019 10:45:05 AM org.evosuite.runtime.instrumentation.EvoClassLoader instrumentClass
INFO: Error while loading class: java.lang.ClassNotFoundException: Class 'org/mozilla/javascript/VMBridge_custom.class' should be in target project, but could not be found!
Jan 10, 2019 10:45:05 AM org.evosuite.runtime.thread.ThreadStopper killAndJoinClientThreads
INFO: Found new thread
Jan 10, 2019 10:45:05 AM org.evosuite.runtime.instrumentation.EvoClassLoader loadClass
INFO: Seeing class for first time: org.mozilla.javascript.VMBridge_custom
Jan 10, 2019 10:45:05 AM org.evosuite.runtime.instrumentation.EvoClassLoader instrumentClass
INFO: Instrumenting class 'org.mozilla.javascript.VMBridge_custom'.
Jan 10, 2019 10:45:05 AM org.evosuite.runtime.instrumentation.EvoClassLoader instrumentClass
INFO: Error while loading class: java.lang.ClassNotFoundException: Class 'org/mozilla/javascript/VMBridge_custom.class' should be in target project, but could not be found!
Jan 10, 2019 10:45:05 AM org.evosuite.runtime.thread.ThreadStopper killAndJoinClientThreads
INFO: Found new thread
Jan 10, 2019 10:45:05 AM org.evosuite.runtime.instrumentation.EvoClassLoader loadClass
INFO: Seeing class for first time: org.mozilla.javascript.VMBridge_custom
Jan 10, 2019 10:45:05 AM org.evosuite.runtime.instrumentation.EvoClassLoader instrumentClass
INFO: Instrumenting class 'org.mozilla.javascript.VMBridge_custom'.
Jan 10, 2019 10:45:05 AM org.evosuite.runtime.instrumentation.EvoClassLoader instrumentClass
INFO: Error while loading class: java.lang.ClassNotFoundException: Class 'org/mozilla/javascript/VMBridge_custom.class' should be in target project, but could not be found!
Jan 10, 2019 10:45:05 AM org.evosuite.runtime.thread.ThreadStopper killAndJoinClientThreads
INFO: Found new thread
Jan 10, 2019 10:45:05 AM org.evosuite.runtime.instrumentation.EvoClassLoader loadClass
INFO: Seeing class for first time: org.mozilla.javascript.VMBridge_custom
Jan 10, 2019 10:45:05 AM org.evosuite.runtime.instrumentation.EvoClassLoader instrumentClass
INFO: Instrumenting class 'org.mozilla.javascript.VMBridge_custom'.
Jan 10, 2019 10:45:05 AM org.evosuite.runtime.instrumentation.EvoClassLoader instrumentClass
INFO: Error while loading class: java.lang.ClassNotFoundException: Class 'org/mozilla/javascript/VMBridge_custom.class' should be in target project, but could not be found!
Jan 10, 2019 10:45:05 AM org.evosuite.runtime.thread.ThreadStopper killAndJoinClientThreads
INFO: Found new thread
Jan 10, 2019 10:45:05 AM org.evosuite.runtime.instrumentation.EvoClassLoader loadClass
INFO: Seeing class for first time: org.mozilla.javascript.VMBridge_custom
Jan 10, 2019 10:45:05 AM org.evosuite.runtime.instrumentation.EvoClassLoader instrumentClass
INFO: Instrumenting class 'org.mozilla.javascript.VMBridge_custom'.
Jan 10, 2019 10:45:05 AM org.evosuite.runtime.instrumentation.EvoClassLoader instrumentClass
INFO: Error while loading class: java.lang.ClassNotFoundException: Class 'org/mozilla/javascript/VMBridge_custom.class' should be in target project, but could not be found!
Jan 10, 2019 10:45:05 AM org.evosuite.runtime.thread.ThreadStopper killAndJoinClientThreads
INFO: Found new thread
Jan 10, 2019 10:45:05 AM org.evosuite.runtime.instrumentation.EvoClassLoader loadClass
INFO: Seeing class for first time: org.mozilla.javascript.VMBridge_custom
Jan 10, 2019 10:45:05 AM org.evosuite.runtime.instrumentation.EvoClassLoader instrumentClass
INFO: Instrumenting class 'org.mozilla.javascript.VMBridge_custom'.
Jan 10, 2019 10:45:05 AM org.evosuite.runtime.instrumentation.EvoClassLoader instrumentClass
INFO: Error while loading class: java.lang.ClassNotFoundException: Class 'org/mozilla/javascript/VMBridge_custom.class' should be in target project, but could not be found!
Jan 10, 2019 10:45:05 AM org.evosuite.runtime.thread.ThreadStopper killAndJoinClientThreads
INFO: Found new thread
Jan 10, 2019 10:45:05 AM org.evosuite.runtime.instrumentation.EvoClassLoader loadClass
INFO: Seeing class for first time: org.mozilla.javascript.VMBridge_custom
Jan 10, 2019 10:45:05 AM org.evosuite.runtime.instrumentation.EvoClassLoader instrumentClass
INFO: Instrumenting class 'org.mozilla.javascript.VMBridge_custom'.
Jan 10, 2019 10:45:05 AM org.evosuite.runtime.instrumentation.EvoClassLoader instrumentClass
INFO: Error while loading class: java.lang.ClassNotFoundException: Class 'org/mozilla/javascript/VMBridge_custom.class' should be in target project, but could not be found!
Jan 10, 2019 10:45:05 AM org.evosuite.runtime.thread.ThreadStopper killAndJoinClientThreads
INFO: Found new thread
Jan 10, 2019 10:45:05 AM org.evosuite.runtime.instrumentation.EvoClassLoader loadClass
INFO: Seeing class for first time: org.mozilla.javascript.VMBridge_custom
Jan 10, 2019 10:45:05 AM org.evosuite.runtime.instrumentation.EvoClassLoader instrumentClass
INFO: Instrumenting class 'org.mozilla.javascript.VMBridge_custom'.
Jan 10, 2019 10:45:05 AM org.evosuite.runtime.instrumentation.EvoClassLoader instrumentClass
INFO: Error while loading class: java.lang.ClassNotFoundException: Class 'org/mozilla/javascript/VMBridge_custom.class' should be in target project, but could not be found!
Jan 10, 2019 10:45:05 AM org.evosuite.runtime.thread.ThreadStopper killAndJoinClientThreads
INFO: Found new thread
Jan 10, 2019 10:45:05 AM org.evosuite.runtime.instrumentation.EvoClassLoader loadClass
INFO: Seeing class for first time: org.mozilla.javascript.VMBridge_custom
Jan 10, 2019 10:45:05 AM org.evosuite.runtime.instrumentation.EvoClassLoader instrumentClass
INFO: Instrumenting class 'org.mozilla.javascript.VMBridge_custom'.
Jan 10, 2019 10:45:05 AM org.evosuite.runtime.instrumentation.EvoClassLoader instrumentClass
INFO: Error while loading class: java.lang.ClassNotFoundException: Class 'org/mozilla/javascript/VMBridge_custom.class' should be in target project, but could not be found!
Jan 10, 2019 10:45:05 AM org.evosuite.runtime.instrumentation.EvoClassLoader loadClass
INFO: Seeing class for first time: org.mozilla.javascript.VMBridge_custom
Jan 10, 2019 10:45:05 AM org.evosuite.runtime.instrumentation.EvoClassLoader instrumentClass
INFO: Instrumenting class 'org.mozilla.javascript.VMBridge_custom'.
Jan 10, 2019 10:45:05 AM org.evosuite.runtime.instrumentation.EvoClassLoader instrumentClass
INFO: Error while loading class: java.lang.ClassNotFoundException: Class 'org/mozilla/javascript/VMBridge_custom.class' should be in target project, but could not be found!
Jan 10, 2019 10:45:05 AM org.evosuite.runtime.instrumentation.EvoClassLoader loadClass
INFO: Seeing class for first time: org.mozilla.javascript.VMBridge_custom
Jan 10, 2019 10:45:05 AM org.evosuite.runtime.instrumentation.EvoClassLoader instrumentClass
INFO: Instrumenting class 'org.mozilla.javascript.VMBridge_custom'.
Jan 10, 2019 10:45:05 AM org.evosuite.runtime.instrumentation.EvoClassLoader instrumentClass
INFO: Error while loading class: java.lang.ClassNotFoundException: Class 'org/mozilla/javascript/VMBridge_custom.class' should be in target project, but could not be found!
Jan 10, 2019 10:45:05 AM org.evosuite.runtime.instrumentation.EvoClassLoader loadClass
INFO: Seeing class for first time: org.mozilla.javascript.VMBridge_custom
Jan 10, 2019 10:45:05 AM org.evosuite.runtime.instrumentation.EvoClassLoader instrumentClass
INFO: Instrumenting class 'org.mozilla.javascript.VMBridge_custom'.
Jan 10, 2019 10:45:05 AM org.evosuite.runtime.instrumentation.EvoClassLoader instrumentClass
INFO: Error while loading class: java.lang.ClassNotFoundException: Class 'org/mozilla/javascript/VMBridge_custom.class' should be in target project, but could not be found!
Jan 10, 2019 10:45:05 AM org.evosuite.runtime.thread.ThreadStopper killAndJoinClientThreads
INFO: Found new thread
Jan 10, 2019 10:45:05 AM org.evosuite.runtime.instrumentation.EvoClassLoader loadClass
INFO: Seeing class for first time: org.mozilla.javascript.VMBridge_custom
Jan 10, 2019 10:45:05 AM org.evosuite.runtime.instrumentation.EvoClassLoader instrumentClass
INFO: Instrumenting class 'org.mozilla.javascript.VMBridge_custom'.
Jan 10, 2019 10:45:05 AM org.evosuite.runtime.instrumentation.EvoClassLoader instrumentClass
INFO: Error while loading class: java.lang.ClassNotFoundException: Class 'org/mozilla/javascript/VMBridge_custom.class' should be in target project, but could not be found!
Jan 10, 2019 10:45:05 AM org.evosuite.runtime.instrumentation.EvoClassLoader loadClass
INFO: Seeing class for first time: org.mozilla.javascript.VMBridge_custom
Jan 10, 2019 10:45:05 AM org.evosuite.runtime.instrumentation.EvoClassLoader instrumentClass
INFO: Instrumenting class 'org.mozilla.javascript.VMBridge_custom'.
Jan 10, 2019 10:45:05 AM org.evosuite.runtime.instrumentation.EvoClassLoader instrumentClass
INFO: Error while loading class: java.lang.ClassNotFoundException: Class 'org/mozilla/javascript/VMBridge_custom.class' should be in target project, but could not be found!
Jan 10, 2019 10:45:05 AM org.evosuite.runtime.instrumentation.EvoClassLoader loadClass
INFO: Seeing class for first time: org.mozilla.javascript.VMBridge_custom
Jan 10, 2019 10:45:05 AM org.evosuite.runtime.instrumentation.EvoClassLoader instrumentClass
INFO: Instrumenting class 'org.mozilla.javascript.VMBridge_custom'.
Jan 10, 2019 10:45:05 AM org.evosuite.runtime.instrumentation.EvoClassLoader instrumentClass
INFO: Error while loading class: java.lang.ClassNotFoundException: Class 'org/mozilla/javascript/VMBridge_custom.class' should be in target project, but could not be found!
Jan 10, 2019 10:45:05 AM org.evosuite.runtime.instrumentation.EvoClassLoader loadClass
INFO: Seeing class for first time: org.mozilla.javascript.VMBridge_custom
Jan 10, 2019 10:45:05 AM org.evosuite.runtime.instrumentation.EvoClassLoader instrumentClass
INFO: Instrumenting class 'org.mozilla.javascript.VMBridge_custom'.
Jan 10, 2019 10:45:05 AM org.evosuite.runtime.instrumentation.EvoClassLoader instrumentClass
INFO: Error while loading class: java.lang.ClassNotFoundException: Class 'org/mozilla/javascript/VMBridge_custom.class' should be in target project, but could not be found!
Jan 10, 2019 10:45:05 AM org.evosuite.runtime.thread.ThreadStopper killAndJoinClientThreads
INFO: Found new thread
Jan 10, 2019 10:45:05 AM org.evosuite.runtime.instrumentation.EvoClassLoader loadClass
INFO: Seeing class for first time: org.mozilla.javascript.VMBridge_custom
Jan 10, 2019 10:45:05 AM org.evosuite.runtime.instrumentation.EvoClassLoader instrumentClass
INFO: Instrumenting class 'org.mozilla.javascript.VMBridge_custom'.
Jan 10, 2019 10:45:05 AM org.evosuite.runtime.instrumentation.EvoClassLoader instrumentClass
INFO: Error while loading class: java.lang.ClassNotFoundException: Class 'org/mozilla/javascript/VMBridge_custom.class' should be in target project, but could not be found!
Jan 10, 2019 10:45:05 AM org.evosuite.runtime.instrumentation.EvoClassLoader loadClass
INFO: Seeing class for first time: org.mozilla.javascript.VMBridge_custom
Jan 10, 2019 10:45:05 AM org.evosuite.runtime.instrumentation.EvoClassLoader instrumentClass
INFO: Instrumenting class 'org.mozilla.javascript.VMBridge_custom'.
Jan 10, 2019 10:45:05 AM org.evosuite.runtime.instrumentation.EvoClassLoader instrumentClass
INFO: Error while loading class: java.lang.ClassNotFoundException: Class 'org/mozilla/javascript/VMBridge_custom.class' should be in target project, but could not be found!
Jan 10, 2019 10:45:05 AM org.evosuite.runtime.instrumentation.EvoClassLoader loadClass
INFO: Seeing class for first time: org.mozilla.javascript.VMBridge_custom
Jan 10, 2019 10:45:05 AM org.evosuite.runtime.instrumentation.EvoClassLoader instrumentClass
INFO: Instrumenting class 'org.mozilla.javascript.VMBridge_custom'.
Jan 10, 2019 10:45:05 AM org.evosuite.runtime.instrumentation.EvoClassLoader instrumentClass
INFO: Error while loading class: java.lang.ClassNotFoundException: Class 'org/mozilla/javascript/VMBridge_custom.class' should be in target project, but could not be found!
Jan 10, 2019 10:45:05 AM org.evosuite.runtime.instrumentation.EvoClassLoader loadClass
INFO: Seeing class for first time: org.mozilla.javascript.VMBridge_custom
Jan 10, 2019 10:45:05 AM org.evosuite.runtime.instrumentation.EvoClassLoader instrumentClass
INFO: Instrumenting class 'org.mozilla.javascript.VMBridge_custom'.
Jan 10, 2019 10:45:05 AM org.evosuite.runtime.instrumentation.EvoClassLoader instrumentClass
INFO: Error while loading class: java.lang.ClassNotFoundException: Class 'org/mozilla/javascript/VMBridge_custom.class' should be in target project, but could not be found!
Jan 10, 2019 10:45:05 AM org.evosuite.runtime.instrumentation.EvoClassLoader loadClass
INFO: Seeing class for first time: org.mozilla.javascript.VMBridge_custom
Jan 10, 2019 10:45:05 AM org.evosuite.runtime.instrumentation.EvoClassLoader instrumentClass
INFO: Instrumenting class 'org.mozilla.javascript.VMBridge_custom'.
Jan 10, 2019 10:45:05 AM org.evosuite.runtime.instrumentation.EvoClassLoader instrumentClass
INFO: Error while loading class: java.lang.ClassNotFoundException: Class 'org/mozilla/javascript/VMBridge_custom.class' should be in target project, but could not be found!
Jan 10, 2019 10:45:05 AM org.evosuite.runtime.instrumentation.EvoClassLoader loadClass
INFO: Seeing class for first time: org.mozilla.javascript.VMBridge_custom
Jan 10, 2019 10:45:05 AM org.evosuite.runtime.instrumentation.EvoClassLoader instrumentClass
INFO: Instrumenting class 'org.mozilla.javascript.VMBridge_custom'.
Jan 10, 2019 10:45:05 AM org.evosuite.runtime.instrumentation.EvoClassLoader instrumentClass
INFO: Error while loading class: java.lang.ClassNotFoundException: Class 'org/mozilla/javascript/VMBridge_custom.class' should be in target project, but could not be found!
Jan 10, 2019 10:45:05 AM org.evosuite.runtime.instrumentation.EvoClassLoader loadClass
INFO: Seeing class for first time: org.mozilla.javascript.VMBridge_custom
Jan 10, 2019 10:45:05 AM org.evosuite.runtime.instrumentation.EvoClassLoader instrumentClass
INFO: Instrumenting class 'org.mozilla.javascript.VMBridge_custom'.
Jan 10, 2019 10:45:05 AM org.evosuite.runtime.instrumentation.EvoClassLoader instrumentClass
INFO: Error while loading class: java.lang.ClassNotFoundException: Class 'org/mozilla/javascript/VMBridge_custom.class' should be in target project, but could not be found!
Jan 10, 2019 10:45:05 AM org.evosuite.runtime.instrumentation.EvoClassLoader loadClass
INFO: Seeing class for first time: org.mozilla.javascript.VMBridge_custom
Jan 10, 2019 10:45:05 AM org.evosuite.runtime.instrumentation.EvoClassLoader instrumentClass
INFO: Instrumenting class 'org.mozilla.javascript.VMBridge_custom'.
Jan 10, 2019 10:45:05 AM org.evosuite.runtime.instrumentation.EvoClassLoader instrumentClass
INFO: Error while loading class: java.lang.ClassNotFoundException: Class 'org/mozilla/javascript/VMBridge_custom.class' should be in target project, but could not be found!
Jan 10, 2019 10:45:06 AM org.evosuite.runtime.instrumentation.EvoClassLoader loadClass
INFO: Seeing class for first time: org.mozilla.javascript.VMBridge_custom
Jan 10, 2019 10:45:06 AM org.evosuite.runtime.instrumentation.EvoClassLoader instrumentClass
INFO: Instrumenting class 'org.mozilla.javascript.VMBridge_custom'.
Jan 10, 2019 10:45:06 AM org.evosuite.runtime.instrumentation.EvoClassLoader instrumentClass
INFO: Error while loading class: java.lang.ClassNotFoundException: Class 'org/mozilla/javascript/VMBridge_custom.class' should be in target project, but could not be found!
Jan 10, 2019 10:45:06 AM org.evosuite.runtime.instrumentation.EvoClassLoader loadClass
INFO: Seeing class for first time: org.mozilla.javascript.VMBridge_custom
Jan 10, 2019 10:45:06 AM org.evosuite.runtime.instrumentation.EvoClassLoader instrumentClass
INFO: Instrumenting class 'org.mozilla.javascript.VMBridge_custom'.
Jan 10, 2019 10:45:06 AM org.evosuite.runtime.instrumentation.EvoClassLoader instrumentClass
INFO: Error while loading class: java.lang.ClassNotFoundException: Class 'org/mozilla/javascript/VMBridge_custom.class' should be in target project, but could not be found!
Jan 10, 2019 10:45:06 AM org.evosuite.runtime.instrumentation.EvoClassLoader loadClass
INFO: Seeing class for first time: org.mozilla.javascript.VMBridge_custom
Jan 10, 2019 10:45:06 AM org.evosuite.runtime.instrumentation.EvoClassLoader instrumentClass
INFO: Instrumenting class 'org.mozilla.javascript.VMBridge_custom'.
Jan 10, 2019 10:45:06 AM org.evosuite.runtime.instrumentation.EvoClassLoader instrumentClass
INFO: Error while loading class: java.lang.ClassNotFoundException: Class 'org/mozilla/javascript/VMBridge_custom.class' should be in target project, but could not be found!
Jan 10, 2019 10:45:06 AM org.evosuite.runtime.instrumentation.EvoClassLoader loadClass
INFO: Seeing class for first time: org.mozilla.javascript.VMBridge_custom
Jan 10, 2019 10:45:06 AM org.evosuite.runtime.instrumentation.EvoClassLoader instrumentClass
INFO: Instrumenting class 'org.mozilla.javascript.VMBridge_custom'.
Jan 10, 2019 10:45:06 AM org.evosuite.runtime.instrumentation.EvoClassLoader instrumentClass
INFO: Error while loading class: java.lang.ClassNotFoundException: Class 'org/mozilla/javascript/VMBridge_custom.class' should be in target project, but could not be found!
Jan 10, 2019 10:45:06 AM org.evosuite.runtime.instrumentation.EvoClassLoader loadClass
INFO: Seeing class for first time: org.mozilla.javascript.VMBridge_custom
Jan 10, 2019 10:45:06 AM org.evosuite.runtime.instrumentation.EvoClassLoader instrumentClass
INFO: Instrumenting class 'org.mozilla.javascript.VMBridge_custom'.
Jan 10, 2019 10:45:06 AM org.evosuite.runtime.instrumentation.EvoClassLoader instrumentClass
INFO: Error while loading class: java.lang.ClassNotFoundException: Class 'org/mozilla/javascript/VMBridge_custom.class' should be in target project, but could not be found!
Jan 10, 2019 10:45:06 AM org.evosuite.runtime.thread.ThreadStopper killAndJoinClientThreads
INFO: Found new thread
Jan 10, 2019 10:45:06 AM org.evosuite.runtime.instrumentation.EvoClassLoader loadClass
INFO: Seeing class for first time: org.mozilla.javascript.VMBridge_custom
Jan 10, 2019 10:45:06 AM org.evosuite.runtime.instrumentation.EvoClassLoader instrumentClass
INFO: Instrumenting class 'org.mozilla.javascript.VMBridge_custom'.
Jan 10, 2019 10:45:06 AM org.evosuite.runtime.instrumentation.EvoClassLoader instrumentClass
INFO: Error while loading class: java.lang.ClassNotFoundException: Class 'org/mozilla/javascript/VMBridge_custom.class' should be in target project, but could not be found!
Jan 10, 2019 10:45:06 AM org.evosuite.runtime.instrumentation.EvoClassLoader loadClass
INFO: Seeing class for first time: org.mozilla.javascript.VMBridge_custom
Jan 10, 2019 10:45:06 AM org.evosuite.runtime.instrumentation.EvoClassLoader instrumentClass
INFO: Instrumenting class 'org.mozilla.javascript.VMBridge_custom'.
Jan 10, 2019 10:45:06 AM org.evosuite.runtime.instrumentation.EvoClassLoader instrumentClass
INFO: Error while loading class: java.lang.ClassNotFoundException: Class 'org/mozilla/javascript/VMBridge_custom.class' should be in target project, but could not be found!
Jan 10, 2019 10:45:06 AM org.evosuite.runtime.instrumentation.EvoClassLoader loadClass
INFO: Seeing class for first time: org.mozilla.javascript.VMBridge_custom
Jan 10, 2019 10:45:06 AM org.evosuite.runtime.instrumentation.EvoClassLoader instrumentClass
INFO: Instrumenting class 'org.mozilla.javascript.VMBridge_custom'.
Jan 10, 2019 10:45:06 AM org.evosuite.runtime.instrumentation.EvoClassLoader instrumentClass
INFO: Error while loading class: java.lang.ClassNotFoundException: Class 'org/mozilla/javascript/VMBridge_custom.class' should be in target project, but could not be found!
Jan 10, 2019 10:45:06 AM org.evosuite.runtime.instrumentation.EvoClassLoader loadClass
INFO: Seeing class for first time: org.mozilla.javascript.VMBridge_custom
Jan 10, 2019 10:45:06 AM org.evosuite.runtime.instrumentation.EvoClassLoader instrumentClass
INFO: Instrumenting class 'org.mozilla.javascript.VMBridge_custom'.
Jan 10, 2019 10:45:06 AM org.evosuite.runtime.instrumentation.EvoClassLoader instrumentClass
INFO: Error while loading class: java.lang.ClassNotFoundException: Class 'org/mozilla/javascript/VMBridge_custom.class' should be in target project, but could not be found!
Jan 10, 2019 10:45:06 AM org.evosuite.runtime.instrumentation.EvoClassLoader loadClass
INFO: Seeing class for first time: org.mozilla.javascript.VMBridge_custom
Jan 10, 2019 10:45:06 AM org.evosuite.runtime.instrumentation.EvoClassLoader instrumentClass
INFO: Instrumenting class 'org.mozilla.javascript.VMBridge_custom'.
Jan 10, 2019 10:45:06 AM org.evosuite.runtime.instrumentation.EvoClassLoader instrumentClass
INFO: Error while loading class: java.lang.ClassNotFoundException: Class 'org/mozilla/javascript/VMBridge_custom.class' should be in target project, but could not be found!
Jan 10, 2019 10:45:06 AM org.evosuite.runtime.instrumentation.EvoClassLoader loadClass
INFO: Seeing class for first time: org.mozilla.javascript.VMBridge_custom
Jan 10, 2019 10:45:06 AM org.evosuite.runtime.instrumentation.EvoClassLoader instrumentClass
INFO: Instrumenting class 'org.mozilla.javascript.VMBridge_custom'.
Jan 10, 2019 10:45:06 AM org.evosuite.runtime.instrumentation.EvoClassLoader instrumentClass
INFO: Error while loading class: java.lang.ClassNotFoundException: Class 'org/mozilla/javascript/VMBridge_custom.class' should be in target project, but could not be found!
Jan 10, 2019 10:45:06 AM org.evosuite.runtime.instrumentation.EvoClassLoader loadClass
INFO: Seeing class for first time: org.mozilla.javascript.VMBridge_custom
Jan 10, 2019 10:45:06 AM org.evosuite.runtime.instrumentation.EvoClassLoader instrumentClass
INFO: Instrumenting class 'org.mozilla.javascript.VMBridge_custom'.
Jan 10, 2019 10:45:06 AM org.evosuite.runtime.instrumentation.EvoClassLoader instrumentClass
INFO: Error while loading class: java.lang.ClassNotFoundException: Class 'org/mozilla/javascript/VMBridge_custom.class' should be in target project, but could not be found!
Jan 10, 2019 10:45:06 AM org.evosuite.runtime.instrumentation.EvoClassLoader loadClass
INFO: Seeing class for first time: org.mozilla.javascript.VMBridge_custom
Jan 10, 2019 10:45:06 AM org.evosuite.runtime.instrumentation.EvoClassLoader instrumentClass
INFO: Instrumenting class 'org.mozilla.javascript.VMBridge_custom'.
Jan 10, 2019 10:45:06 AM org.evosuite.runtime.instrumentation.EvoClassLoader instrumentClass
INFO: Error while loading class: java.lang.ClassNotFoundException: Class 'org/mozilla/javascript/VMBridge_custom.class' should be in target project, but could not be found!
Jan 10, 2019 10:45:06 AM org.evosuite.runtime.instrumentation.EvoClassLoader loadClass
INFO: Seeing class for first time: org.mozilla.javascript.VMBridge_custom
Jan 10, 2019 10:45:06 AM org.evosuite.runtime.instrumentation.EvoClassLoader instrumentClass
INFO: Instrumenting class 'org.mozilla.javascript.VMBridge_custom'.
Jan 10, 2019 10:45:06 AM org.evosuite.runtime.instrumentation.EvoClassLoader instrumentClass
INFO: Error while loading class: java.lang.ClassNotFoundException: Class 'org/mozilla/javascript/VMBridge_custom.class' should be in target project, but could not be found!
Jan 10, 2019 10:45:06 AM org.evosuite.runtime.instrumentation.EvoClassLoader loadClass
INFO: Seeing class for first time: org.mozilla.javascript.VMBridge_custom
Jan 10, 2019 10:45:06 AM org.evosuite.runtime.instrumentation.EvoClassLoader instrumentClass
INFO: Instrumenting class 'org.mozilla.javascript.VMBridge_custom'.
Jan 10, 2019 10:45:06 AM org.evosuite.runtime.instrumentation.EvoClassLoader instrumentClass
INFO: Error while loading class: java.lang.ClassNotFoundException: Class 'org/mozilla/javascript/VMBridge_custom.class' should be in target project, but could not be found!
Jan 10, 2019 10:45:06 AM org.evosuite.runtime.instrumentation.EvoClassLoader loadClass
INFO: Seeing class for first time: org.mozilla.javascript.VMBridge_custom
Jan 10, 2019 10:45:06 AM org.evosuite.runtime.instrumentation.EvoClassLoader instrumentClass
INFO: Instrumenting class 'org.mozilla.javascript.VMBridge_custom'.
Jan 10, 2019 10:45:06 AM org.evosuite.runtime.instrumentation.EvoClassLoader instrumentClass
INFO: Error while loading class: java.lang.ClassNotFoundException: Class 'org/mozilla/javascript/VMBridge_custom.class' should be in target project, but could not be found!
Jan 10, 2019 10:45:06 AM org.evosuite.runtime.instrumentation.EvoClassLoader loadClass
INFO: Seeing class for first time: org.mozilla.javascript.VMBridge_custom
Jan 10, 2019 10:45:06 AM org.evosuite.runtime.instrumentation.EvoClassLoader instrumentClass
INFO: Instrumenting class 'org.mozilla.javascript.VMBridge_custom'.
Jan 10, 2019 10:45:06 AM org.evosuite.runtime.instrumentation.EvoClassLoader instrumentClass
INFO: Error while loading class: java.lang.ClassNotFoundException: Class 'org/mozilla/javascript/VMBridge_custom.class' should be in target project, but could not be found!
Jan 10, 2019 10:45:06 AM org.evosuite.runtime.thread.ThreadStopper killAndJoinClientThreads
INFO: Found new thread
Jan 10, 2019 10:45:06 AM org.evosuite.runtime.instrumentation.EvoClassLoader loadClass
INFO: Seeing class for first time: org.mozilla.javascript.VMBridge_custom
Jan 10, 2019 10:45:06 AM org.evosuite.runtime.instrumentation.EvoClassLoader instrumentClass
INFO: Instrumenting class 'org.mozilla.javascript.VMBridge_custom'.
Jan 10, 2019 10:45:06 AM org.evosuite.runtime.instrumentation.EvoClassLoader instrumentClass
INFO: Error while loading class: java.lang.ClassNotFoundException: Class 'org/mozilla/javascript/VMBridge_custom.class' should be in target project, but could not be found!
Jan 10, 2019 10:45:06 AM org.evosuite.runtime.instrumentation.EvoClassLoader loadClass
INFO: Seeing class for first time: org.mozilla.javascript.VMBridge_custom
Jan 10, 2019 10:45:06 AM org.evosuite.runtime.instrumentation.EvoClassLoader instrumentClass
INFO: Instrumenting class 'org.mozilla.javascript.VMBridge_custom'.
Jan 10, 2019 10:45:06 AM org.evosuite.runtime.instrumentation.EvoClassLoader instrumentClass
INFO: Error while loading class: java.lang.ClassNotFoundException: Class 'org/mozilla/javascript/VMBridge_custom.class' should be in target project, but could not be found!
Jan 10, 2019 10:45:06 AM org.evosuite.runtime.thread.ThreadStopper killAndJoinClientThreads
INFO: Found new thread
Jan 10, 2019 10:45:06 AM org.evosuite.runtime.instrumentation.EvoClassLoader loadClass
INFO: Seeing class for first time: org.mozilla.javascript.VMBridge_custom
Jan 10, 2019 10:45:06 AM org.evosuite.runtime.instrumentation.EvoClassLoader instrumentClass
INFO: Instrumenting class 'org.mozilla.javascript.VMBridge_custom'.
Jan 10, 2019 10:45:06 AM org.evosuite.runtime.instrumentation.EvoClassLoader instrumentClass
INFO: Error while loading class: java.lang.ClassNotFoundException: Class 'org/mozilla/javascript/VMBridge_custom.class' should be in target project, but could not be found!
Jan 10, 2019 10:45:06 AM org.evosuite.runtime.instrumentation.EvoClassLoader loadClass
INFO: Seeing class for first time: org.mozilla.javascript.VMBridge_custom
Jan 10, 2019 10:45:06 AM org.evosuite.runtime.instrumentation.EvoClassLoader instrumentClass
INFO: Instrumenting class 'org.mozilla.javascript.VMBridge_custom'.
Jan 10, 2019 10:45:06 AM org.evosuite.runtime.instrumentation.EvoClassLoader instrumentClass
INFO: Error while loading class: java.lang.ClassNotFoundException: Class 'org/mozilla/javascript/VMBridge_custom.class' should be in target project, but could not be found!
Jan 10, 2019 10:45:06 AM org.evosuite.runtime.instrumentation.EvoClassLoader loadClass
INFO: Seeing class for first time: org.mozilla.javascript.VMBridge_custom
Jan 10, 2019 10:45:06 AM org.evosuite.runtime.instrumentation.EvoClassLoader instrumentClass
INFO: Instrumenting class 'org.mozilla.javascript.VMBridge_custom'.
Jan 10, 2019 10:45:06 AM org.evosuite.runtime.instrumentation.EvoClassLoader instrumentClass
INFO: Error while loading class: java.lang.ClassNotFoundException: Class 'org/mozilla/javascript/VMBridge_custom.class' should be in target project, but could not be found!
Jan 10, 2019 10:45:06 AM org.evosuite.runtime.instrumentation.EvoClassLoader loadClass
INFO: Seeing class for first time: org.mozilla.javascript.VMBridge_custom
Jan 10, 2019 10:45:06 AM org.evosuite.runtime.instrumentation.EvoClassLoader instrumentClass
INFO: Instrumenting class 'org.mozilla.javascript.VMBridge_custom'.
Jan 10, 2019 10:45:06 AM org.evosuite.runtime.instrumentation.EvoClassLoader instrumentClass
INFO: Error while loading class: java.lang.ClassNotFoundException: Class 'org/mozilla/javascript/VMBridge_custom.class' should be in target project, but could not be found!
Jan 10, 2019 10:45:06 AM org.evosuite.runtime.instrumentation.EvoClassLoader loadClass
INFO: Seeing class for first time: org.mozilla.javascript.VMBridge_custom
Jan 10, 2019 10:45:06 AM org.evosuite.runtime.instrumentation.EvoClassLoader instrumentClass
INFO: Instrumenting class 'org.mozilla.javascript.VMBridge_custom'.
Jan 10, 2019 10:45:06 AM org.evosuite.runtime.instrumentation.EvoClassLoader instrumentClass
INFO: Error while loading class: java.lang.ClassNotFoundException: Class 'org/mozilla/javascript/VMBridge_custom.class' should be in target project, but could not be found!
Jan 10, 2019 10:45:06 AM org.evosuite.runtime.instrumentation.EvoClassLoader loadClass
INFO: Seeing class for first time: org.mozilla.javascript.VMBridge_custom
Jan 10, 2019 10:45:06 AM org.evosuite.runtime.instrumentation.EvoClassLoader instrumentClass
INFO: Instrumenting class 'org.mozilla.javascript.VMBridge_custom'.
Jan 10, 2019 10:45:06 AM org.evosuite.runtime.instrumentation.EvoClassLoader instrumentClass
INFO: Error while loading class: java.lang.ClassNotFoundException: Class 'org/mozilla/javascript/VMBridge_custom.class' should be in target project, but could not be found!
Jan 10, 2019 10:45:06 AM org.evosuite.runtime.thread.ThreadStopper killAndJoinClientThreads
INFO: Found new thread
Jan 10, 2019 10:45:06 AM org.evosuite.runtime.instrumentation.EvoClassLoader loadClass
INFO: Seeing class for first time: org.mozilla.javascript.VMBridge_custom
Jan 10, 2019 10:45:06 AM org.evosuite.runtime.instrumentation.EvoClassLoader instrumentClass
INFO: Instrumenting class 'org.mozilla.javascript.VMBridge_custom'.
Jan 10, 2019 10:45:06 AM org.evosuite.runtime.instrumentation.EvoClassLoader instrumentClass
INFO: Error while loading class: java.lang.ClassNotFoundException: Class 'org/mozilla/javascript/VMBridge_custom.class' should be in target project, but could not be found!
Jan 10, 2019 10:45:06 AM org.evosuite.runtime.instrumentation.EvoClassLoader loadClass
INFO: Seeing class for first time: org.mozilla.javascript.VMBridge_custom
Jan 10, 2019 10:45:06 AM org.evosuite.runtime.instrumentation.EvoClassLoader instrumentClass
INFO: Instrumenting class 'org.mozilla.javascript.VMBridge_custom'.
Jan 10, 2019 10:45:06 AM org.evosuite.runtime.instrumentation.EvoClassLoader instrumentClass
INFO: Error while loading class: java.lang.ClassNotFoundException: Class 'org/mozilla/javascript/VMBridge_custom.class' should be in target project, but could not be found!
Jan 10, 2019 10:45:06 AM org.evosuite.runtime.instrumentation.EvoClassLoader loadClass
INFO: Seeing class for first time: org.mozilla.javascript.VMBridge_custom
Jan 10, 2019 10:45:06 AM org.evosuite.runtime.instrumentation.EvoClassLoader instrumentClass
INFO: Instrumenting class 'org.mozilla.javascript.VMBridge_custom'.
Jan 10, 2019 10:45:06 AM org.evosuite.runtime.instrumentation.EvoClassLoader instrumentClass
INFO: Error while loading class: java.lang.ClassNotFoundException: Class 'org/mozilla/javascript/VMBridge_custom.class' should be in target project, but could not be found!
Jan 10, 2019 10:45:06 AM org.evosuite.runtime.instrumentation.EvoClassLoader loadClass
INFO: Seeing class for first time: org.mozilla.javascript.VMBridge_custom
Jan 10, 2019 10:45:06 AM org.evosuite.runtime.instrumentation.EvoClassLoader instrumentClass
INFO: Instrumenting class 'org.mozilla.javascript.VMBridge_custom'.
Jan 10, 2019 10:45:06 AM org.evosuite.runtime.instrumentation.EvoClassLoader instrumentClass
INFO: Error while loading class: java.lang.ClassNotFoundException: Class 'org/mozilla/javascript/VMBridge_custom.class' should be in target project, but could not be found!
Jan 10, 2019 10:45:07 AM org.evosuite.runtime.instrumentation.EvoClassLoader loadClass
INFO: Seeing class for first time: org.mozilla.javascript.VMBridge_custom
Jan 10, 2019 10:45:07 AM org.evosuite.runtime.instrumentation.EvoClassLoader instrumentClass
INFO: Instrumenting class 'org.mozilla.javascript.VMBridge_custom'.
Jan 10, 2019 10:45:07 AM org.evosuite.runtime.instrumentation.EvoClassLoader instrumentClass
INFO: Error while loading class: java.lang.ClassNotFoundException: Class 'org/mozilla/javascript/VMBridge_custom.class' should be in target project, but could not be found!
Jan 10, 2019 10:45:07 AM org.evosuite.runtime.instrumentation.EvoClassLoader loadClass
INFO: Seeing class for first time: org.mozilla.javascript.VMBridge_custom
Jan 10, 2019 10:45:07 AM org.evosuite.runtime.instrumentation.EvoClassLoader instrumentClass
INFO: Instrumenting class 'org.mozilla.javascript.VMBridge_custom'.
Jan 10, 2019 10:45:07 AM org.evosuite.runtime.instrumentation.EvoClassLoader instrumentClass
INFO: Error while loading class: java.lang.ClassNotFoundException: Class 'org/mozilla/javascript/VMBridge_custom.class' should be in target project, but could not be found!
Jan 10, 2019 10:45:07 AM org.evosuite.runtime.instrumentation.EvoClassLoader loadClass
INFO: Seeing class for first time: org.mozilla.javascript.VMBridge_custom
Jan 10, 2019 10:45:07 AM org.evosuite.runtime.instrumentation.EvoClassLoader instrumentClass
INFO: Instrumenting class 'org.mozilla.javascript.VMBridge_custom'.
Jan 10, 2019 10:45:07 AM org.evosuite.runtime.instrumentation.EvoClassLoader instrumentClass
INFO: Error while loading class: java.lang.ClassNotFoundException: Class 'org/mozilla/javascript/VMBridge_custom.class' should be in target project, but could not be found!
Jan 10, 2019 10:45:07 AM org.evosuite.runtime.thread.ThreadStopper killAndJoinClientThreads
INFO: Found new thread
Jan 10, 2019 10:45:07 AM org.evosuite.runtime.instrumentation.EvoClassLoader loadClass
INFO: Seeing class for first time: org.mozilla.javascript.VMBridge_custom
Jan 10, 2019 10:45:07 AM org.evosuite.runtime.instrumentation.EvoClassLoader instrumentClass
INFO: Instrumenting class 'org.mozilla.javascript.VMBridge_custom'.
Jan 10, 2019 10:45:07 AM org.evosuite.runtime.instrumentation.EvoClassLoader instrumentClass
INFO: Error while loading class: java.lang.ClassNotFoundException: Class 'org/mozilla/javascript/VMBridge_custom.class' should be in target project, but could not be found!
Jan 10, 2019 10:45:07 AM org.evosuite.runtime.instrumentation.EvoClassLoader loadClass
INFO: Seeing class for first time: org.mozilla.javascript.VMBridge_custom
Jan 10, 2019 10:45:07 AM org.evosuite.runtime.instrumentation.EvoClassLoader instrumentClass
INFO: Instrumenting class 'org.mozilla.javascript.VMBridge_custom'.
Jan 10, 2019 10:45:07 AM org.evosuite.runtime.instrumentation.EvoClassLoader instrumentClass
INFO: Error while loading class: java.lang.ClassNotFoundException: Class 'org/mozilla/javascript/VMBridge_custom.class' should be in target project, but could not be found!
Jan 10, 2019 10:45:07 AM org.evosuite.runtime.instrumentation.EvoClassLoader loadClass
INFO: Seeing class for first time: org.mozilla.javascript.VMBridge_custom
Jan 10, 2019 10:45:07 AM org.evosuite.runtime.instrumentation.EvoClassLoader instrumentClass
INFO: Instrumenting class 'org.mozilla.javascript.VMBridge_custom'.
Jan 10, 2019 10:45:07 AM org.evosuite.runtime.instrumentation.EvoClassLoader instrumentClass
INFO: Error while loading class: java.lang.ClassNotFoundException: Class 'org/mozilla/javascript/VMBridge_custom.class' should be in target project, but could not be found!
Jan 10, 2019 10:45:07 AM org.evosuite.runtime.instrumentation.EvoClassLoader loadClass
INFO: Seeing class for first time: org.mozilla.javascript.VMBridge_custom
Jan 10, 2019 10:45:07 AM org.evosuite.runtime.instrumentation.EvoClassLoader instrumentClass
INFO: Instrumenting class 'org.mozilla.javascript.VMBridge_custom'.
Jan 10, 2019 10:45:07 AM org.evosuite.runtime.instrumentation.EvoClassLoader instrumentClass
INFO: Error while loading class: java.lang.ClassNotFoundException: Class 'org/mozilla/javascript/VMBridge_custom.class' should be in target project, but could not be found!
Jan 10, 2019 10:45:07 AM org.evosuite.runtime.instrumentation.EvoClassLoader loadClass
INFO: Seeing class for first time: org.mozilla.javascript.VMBridge_custom
Jan 10, 2019 10:45:07 AM org.evosuite.runtime.instrumentation.EvoClassLoader instrumentClass
INFO: Instrumenting class 'org.mozilla.javascript.VMBridge_custom'.
Jan 10, 2019 10:45:07 AM org.evosuite.runtime.instrumentation.EvoClassLoader instrumentClass
INFO: Error while loading class: java.lang.ClassNotFoundException: Class 'org/mozilla/javascript/VMBridge_custom.class' should be in target project, but could not be found!
Jan 10, 2019 10:45:07 AM org.evosuite.runtime.instrumentation.EvoClassLoader loadClass
INFO: Seeing class for first time: org.mozilla.javascript.VMBridge_custom
Jan 10, 2019 10:45:07 AM org.evosuite.runtime.instrumentation.EvoClassLoader instrumentClass
INFO: Instrumenting class 'org.mozilla.javascript.VMBridge_custom'.
Jan 10, 2019 10:45:07 AM org.evosuite.runtime.instrumentation.EvoClassLoader instrumentClass
INFO: Error while loading class: java.lang.ClassNotFoundException: Class 'org/mozilla/javascript/VMBridge_custom.class' should be in target project, but could not be found!
Jan 10, 2019 10:45:07 AM org.evosuite.runtime.instrumentation.EvoClassLoader loadClass
INFO: Seeing class for first time: org.mozilla.javascript.VMBridge_custom
Jan 10, 2019 10:45:07 AM org.evosuite.runtime.instrumentation.EvoClassLoader instrumentClass
INFO: Instrumenting class 'org.mozilla.javascript.VMBridge_custom'.
Jan 10, 2019 10:45:07 AM org.evosuite.runtime.instrumentation.EvoClassLoader instrumentClass
INFO: Error while loading class: java.lang.ClassNotFoundException: Class 'org/mozilla/javascript/VMBridge_custom.class' should be in target project, but could not be found!
Jan 10, 2019 10:45:07 AM org.evosuite.runtime.instrumentation.EvoClassLoader loadClass
INFO: Seeing class for first time: org.mozilla.javascript.VMBridge_custom
Jan 10, 2019 10:45:07 AM org.evosuite.runtime.instrumentation.EvoClassLoader instrumentClass
INFO: Instrumenting class 'org.mozilla.javascript.VMBridge_custom'.
Jan 10, 2019 10:45:07 AM org.evosuite.runtime.instrumentation.EvoClassLoader instrumentClass
INFO: Error while loading class: java.lang.ClassNotFoundException: Class 'org/mozilla/javascript/VMBridge_custom.class' should be in target project, but could not be found!
Jan 10, 2019 10:45:07 AM org.evosuite.runtime.instrumentation.EvoClassLoader loadClass
INFO: Seeing class for first time: org.mozilla.javascript.VMBridge_custom
Jan 10, 2019 10:45:07 AM org.evosuite.runtime.instrumentation.EvoClassLoader instrumentClass
INFO: Instrumenting class 'org.mozilla.javascript.VMBridge_custom'.
Jan 10, 2019 10:45:07 AM org.evosuite.runtime.instrumentation.EvoClassLoader instrumentClass
INFO: Error while loading class: java.lang.ClassNotFoundException: Class 'org/mozilla/javascript/VMBridge_custom.class' should be in target project, but could not be found!
Jan 10, 2019 10:45:07 AM org.evosuite.runtime.instrumentation.EvoClassLoader loadClass
INFO: Seeing class for first time: org.mozilla.javascript.VMBridge_custom
Jan 10, 2019 10:45:07 AM org.evosuite.runtime.instrumentation.EvoClassLoader instrumentClass
INFO: Instrumenting class 'org.mozilla.javascript.VMBridge_custom'.
Jan 10, 2019 10:45:07 AM org.evosuite.runtime.instrumentation.EvoClassLoader instrumentClass
INFO: Error while loading class: java.lang.ClassNotFoundException: Class 'org/mozilla/javascript/VMBridge_custom.class' should be in target project, but could not be found!
Jan 10, 2019 10:45:07 AM org.evosuite.runtime.instrumentation.EvoClassLoader loadClass
INFO: Seeing class for first time: org.mozilla.javascript.VMBridge_custom
Jan 10, 2019 10:45:07 AM org.evosuite.runtime.instrumentation.EvoClassLoader instrumentClass
INFO: Instrumenting class 'org.mozilla.javascript.VMBridge_custom'.
Jan 10, 2019 10:45:07 AM org.evosuite.runtime.instrumentation.EvoClassLoader instrumentClass
INFO: Error while loading class: java.lang.ClassNotFoundException: Class 'org/mozilla/javascript/VMBridge_custom.class' should be in target project, but could not be found!
Jan 10, 2019 10:45:07 AM org.evosuite.runtime.instrumentation.EvoClassLoader loadClass
INFO: Seeing class for first time: org.mozilla.javascript.VMBridge_custom
Jan 10, 2019 10:45:07 AM org.evosuite.runtime.instrumentation.EvoClassLoader instrumentClass
INFO: Instrumenting class 'org.mozilla.javascript.VMBridge_custom'.
Jan 10, 2019 10:45:07 AM org.evosuite.runtime.instrumentation.EvoClassLoader instrumentClass
INFO: Error while loading class: java.lang.ClassNotFoundException: Class 'org/mozilla/javascript/VMBridge_custom.class' should be in target project, but could not be found!
Jan 10, 2019 10:45:07 AM org.evosuite.runtime.thread.ThreadStopper killAndJoinClientThreads
INFO: Found new thread
Jan 10, 2019 10:45:07 AM org.evosuite.runtime.instrumentation.EvoClassLoader loadClass
INFO: Seeing class for first time: org.mozilla.javascript.VMBridge_custom
Jan 10, 2019 10:45:07 AM org.evosuite.runtime.instrumentation.EvoClassLoader instrumentClass
INFO: Instrumenting class 'org.mozilla.javascript.VMBridge_custom'.
Jan 10, 2019 10:45:07 AM org.evosuite.runtime.instrumentation.EvoClassLoader instrumentClass
INFO: Error while loading class: java.lang.ClassNotFoundException: Class 'org/mozilla/javascript/VMBridge_custom.class' should be in target project, but could not be found!
Jan 10, 2019 10:45:07 AM org.evosuite.runtime.thread.ThreadStopper killAndJoinClientThreads
INFO: Found new thread
Jan 10, 2019 10:45:07 AM org.evosuite.runtime.instrumentation.EvoClassLoader loadClass
INFO: Seeing class for first time: org.mozilla.javascript.VMBridge_custom
Jan 10, 2019 10:45:07 AM org.evosuite.runtime.instrumentation.EvoClassLoader instrumentClass
INFO: Instrumenting class 'org.mozilla.javascript.VMBridge_custom'.
Jan 10, 2019 10:45:07 AM org.evosuite.runtime.instrumentation.EvoClassLoader instrumentClass
INFO: Error while loading class: java.lang.ClassNotFoundException: Class 'org/mozilla/javascript/VMBridge_custom.class' should be in target project, but could not be found!
Jan 10, 2019 10:45:07 AM org.evosuite.runtime.thread.ThreadStopper killAndJoinClientThreads
INFO: Found new thread
Jan 10, 2019 10:45:07 AM org.evosuite.runtime.instrumentation.EvoClassLoader loadClass
INFO: Seeing class for first time: org.mozilla.javascript.VMBridge_custom
Jan 10, 2019 10:45:07 AM org.evosuite.runtime.instrumentation.EvoClassLoader instrumentClass
INFO: Instrumenting class 'org.mozilla.javascript.VMBridge_custom'.
Jan 10, 2019 10:45:07 AM org.evosuite.runtime.instrumentation.EvoClassLoader instrumentClass
INFO: Error while loading class: java.lang.ClassNotFoundException: Class 'org/mozilla/javascript/VMBridge_custom.class' should be in target project, but could not be found!
Jan 10, 2019 10:45:07 AM org.evosuite.runtime.instrumentation.EvoClassLoader loadClass
INFO: Seeing class for first time: org.mozilla.javascript.VMBridge_custom
Jan 10, 2019 10:45:07 AM org.evosuite.runtime.instrumentation.EvoClassLoader instrumentClass
INFO: Instrumenting class 'org.mozilla.javascript.VMBridge_custom'.
Jan 10, 2019 10:45:07 AM org.evosuite.runtime.instrumentation.EvoClassLoader instrumentClass
INFO: Error while loading class: java.lang.ClassNotFoundException: Class 'org/mozilla/javascript/VMBridge_custom.class' should be in target project, but could not be found!
Jan 10, 2019 10:45:07 AM org.evosuite.runtime.thread.ThreadStopper killAndJoinClientThreads
INFO: Found new thread
Jan 10, 2019 10:45:07 AM org.evosuite.runtime.instrumentation.EvoClassLoader loadClass
INFO: Seeing class for first time: org.mozilla.javascript.VMBridge_custom
Jan 10, 2019 10:45:07 AM org.evosuite.runtime.instrumentation.EvoClassLoader instrumentClass
INFO: Instrumenting class 'org.mozilla.javascript.VMBridge_custom'.
Jan 10, 2019 10:45:07 AM org.evosuite.runtime.instrumentation.EvoClassLoader instrumentClass
INFO: Error while loading class: java.lang.ClassNotFoundException: Class 'org/mozilla/javascript/VMBridge_custom.class' should be in target project, but could not be found!
Jan 10, 2019 10:45:07 AM org.evosuite.runtime.thread.ThreadStopper killAndJoinClientThreads
INFO: Found new thread
Jan 10, 2019 10:45:07 AM org.evosuite.runtime.instrumentation.EvoClassLoader loadClass
INFO: Seeing class for first time: org.mozilla.javascript.VMBridge_custom
Jan 10, 2019 10:45:07 AM org.evosuite.runtime.instrumentation.EvoClassLoader instrumentClass
INFO: Instrumenting class 'org.mozilla.javascript.VMBridge_custom'.
Jan 10, 2019 10:45:07 AM org.evosuite.runtime.instrumentation.EvoClassLoader instrumentClass
INFO: Error while loading class: java.lang.ClassNotFoundException: Class 'org/mozilla/javascript/VMBridge_custom.class' should be in target project, but could not be found!
Jan 10, 2019 10:45:07 AM org.evosuite.runtime.thread.ThreadStopper killAndJoinClientThreads
INFO: Found new thread
Jan 10, 2019 10:45:07 AM org.evosuite.runtime.instrumentation.EvoClassLoader loadClass
INFO: Seeing class for first time: org.mozilla.javascript.VMBridge_custom
Jan 10, 2019 10:45:07 AM org.evosuite.runtime.instrumentation.EvoClassLoader instrumentClass
INFO: Instrumenting class 'org.mozilla.javascript.VMBridge_custom'.
Jan 10, 2019 10:45:07 AM org.evosuite.runtime.instrumentation.EvoClassLoader instrumentClass
INFO: Error while loading class: java.lang.ClassNotFoundException: Class 'org/mozilla/javascript/VMBridge_custom.class' should be in target project, but could not be found!
Jan 10, 2019 10:45:07 AM org.evosuite.runtime.thread.ThreadStopper killAndJoinClientThreads
INFO: Found new thread
Jan 10, 2019 10:45:07 AM org.evosuite.runtime.instrumentation.EvoClassLoader loadClass
INFO: Seeing class for first time: org.mozilla.javascript.VMBridge_custom
Jan 10, 2019 10:45:07 AM org.evosuite.runtime.instrumentation.EvoClassLoader instrumentClass
INFO: Instrumenting class 'org.mozilla.javascript.VMBridge_custom'.
Jan 10, 2019 10:45:07 AM org.evosuite.runtime.instrumentation.EvoClassLoader instrumentClass
INFO: Error while loading class: java.lang.ClassNotFoundException: Class 'org/mozilla/javascript/VMBridge_custom.class' should be in target project, but could not be found!
Jan 10, 2019 10:45:07 AM org.evosuite.runtime.thread.ThreadStopper killAndJoinClientThreads
INFO: Found new thread
Jan 10, 2019 10:45:07 AM org.evosuite.runtime.instrumentation.EvoClassLoader loadClass
INFO: Seeing class for first time: org.mozilla.javascript.VMBridge_custom
Jan 10, 2019 10:45:07 AM org.evosuite.runtime.instrumentation.EvoClassLoader instrumentClass
INFO: Instrumenting class 'org.mozilla.javascript.VMBridge_custom'.
Jan 10, 2019 10:45:07 AM org.evosuite.runtime.instrumentation.EvoClassLoader instrumentClass
INFO: Error while loading class: java.lang.ClassNotFoundException: Class 'org/mozilla/javascript/VMBridge_custom.class' should be in target project, but could not be found!
Jan 10, 2019 10:45:07 AM org.evosuite.runtime.thread.ThreadStopper killAndJoinClientThreads
INFO: Found new thread
Jan 10, 2019 10:45:07 AM org.evosuite.runtime.instrumentation.EvoClassLoader loadClass
INFO: Seeing class for first time: org.mozilla.javascript.VMBridge_custom
Jan 10, 2019 10:45:07 AM org.evosuite.runtime.instrumentation.EvoClassLoader instrumentClass
INFO: Instrumenting class 'org.mozilla.javascript.VMBridge_custom'.
Jan 10, 2019 10:45:07 AM org.evosuite.runtime.instrumentation.EvoClassLoader instrumentClass
INFO: Error while loading class: java.lang.ClassNotFoundException: Class 'org/mozilla/javascript/VMBridge_custom.class' should be in target project, but could not be found!
Jan 10, 2019 10:45:07 AM org.evosuite.runtime.thread.ThreadStopper killAndJoinClientThreads
INFO: Found new thread
Jan 10, 2019 10:45:07 AM org.evosuite.runtime.instrumentation.EvoClassLoader loadClass
INFO: Seeing class for first time: org.mozilla.javascript.VMBridge_custom
Jan 10, 2019 10:45:07 AM org.evosuite.runtime.instrumentation.EvoClassLoader instrumentClass
INFO: Instrumenting class 'org.mozilla.javascript.VMBridge_custom'.
Jan 10, 2019 10:45:07 AM org.evosuite.runtime.instrumentation.EvoClassLoader instrumentClass
INFO: Error while loading class: java.lang.ClassNotFoundException: Class 'org/mozilla/javascript/VMBridge_custom.class' should be in target project, but could not be found!
Jan 10, 2019 10:45:07 AM org.evosuite.runtime.instrumentation.EvoClassLoader loadClass
INFO: Seeing class for first time: org.mozilla.javascript.VMBridge_custom
Jan 10, 2019 10:45:07 AM org.evosuite.runtime.instrumentation.EvoClassLoader instrumentClass
INFO: Instrumenting class 'org.mozilla.javascript.VMBridge_custom'.
Jan 10, 2019 10:45:07 AM org.evosuite.runtime.instrumentation.EvoClassLoader instrumentClass
INFO: Error while loading class: java.lang.ClassNotFoundException: Class 'org/mozilla/javascript/VMBridge_custom.class' should be in target project, but could not be found!
Jan 10, 2019 10:45:07 AM org.evosuite.runtime.thread.ThreadStopper killAndJoinClientThreads
INFO: Found new thread
Jan 10, 2019 10:45:07 AM org.evosuite.runtime.instrumentation.EvoClassLoader loadClass
INFO: Seeing class for first time: org.mozilla.javascript.VMBridge_custom
Jan 10, 2019 10:45:07 AM org.evosuite.runtime.instrumentation.EvoClassLoader instrumentClass
INFO: Instrumenting class 'org.mozilla.javascript.VMBridge_custom'.
Jan 10, 2019 10:45:07 AM org.evosuite.runtime.instrumentation.EvoClassLoader instrumentClass
INFO: Error while loading class: java.lang.ClassNotFoundException: Class 'org/mozilla/javascript/VMBridge_custom.class' should be in target project, but could not be found!
Jan 10, 2019 10:45:07 AM org.evosuite.runtime.thread.ThreadStopper killAndJoinClientThreads
INFO: Found new thread
Jan 10, 2019 10:45:07 AM org.evosuite.runtime.instrumentation.EvoClassLoader loadClass
INFO: Seeing class for first time: org.mozilla.javascript.VMBridge_custom
Jan 10, 2019 10:45:07 AM org.evosuite.runtime.instrumentation.EvoClassLoader instrumentClass
INFO: Instrumenting class 'org.mozilla.javascript.VMBridge_custom'.
Jan 10, 2019 10:45:07 AM org.evosuite.runtime.instrumentation.EvoClassLoader instrumentClass
INFO: Error while loading class: java.lang.ClassNotFoundException: Class 'org/mozilla/javascript/VMBridge_custom.class' should be in target project, but could not be found!
Jan 10, 2019 10:45:07 AM org.evosuite.runtime.thread.ThreadStopper killAndJoinClientThreads
INFO: Found new thread
Jan 10, 2019 10:45:07 AM org.evosuite.runtime.instrumentation.EvoClassLoader loadClass
INFO: Seeing class for first time: org.mozilla.javascript.VMBridge_custom
Jan 10, 2019 10:45:07 AM org.evosuite.runtime.instrumentation.EvoClassLoader instrumentClass
INFO: Instrumenting class 'org.mozilla.javascript.VMBridge_custom'.
Jan 10, 2019 10:45:07 AM org.evosuite.runtime.instrumentation.EvoClassLoader instrumentClass
INFO: Error while loading class: java.lang.ClassNotFoundException: Class 'org/mozilla/javascript/VMBridge_custom.class' should be in target project, but could not be found!
Jan 10, 2019 10:45:07 AM org.evosuite.runtime.instrumentation.EvoClassLoader loadClass
INFO: Seeing class for first time: org.mozilla.javascript.VMBridge_custom
Jan 10, 2019 10:45:07 AM org.evosuite.runtime.instrumentation.EvoClassLoader instrumentClass
INFO: Instrumenting class 'org.mozilla.javascript.VMBridge_custom'.
Jan 10, 2019 10:45:07 AM org.evosuite.runtime.instrumentation.EvoClassLoader instrumentClass
INFO: Error while loading class: java.lang.ClassNotFoundException: Class 'org/mozilla/javascript/VMBridge_custom.class' should be in target project, but could not be found!
Jan 10, 2019 10:45:07 AM org.evosuite.runtime.thread.ThreadStopper killAndJoinClientThreads
INFO: Found new thread
Jan 10, 2019 10:45:07 AM org.evosuite.runtime.instrumentation.EvoClassLoader loadClass
INFO: Seeing class for first time: org.mozilla.javascript.VMBridge_custom
Jan 10, 2019 10:45:07 AM org.evosuite.runtime.instrumentation.EvoClassLoader instrumentClass
INFO: Instrumenting class 'org.mozilla.javascript.VMBridge_custom'.
Jan 10, 2019 10:45:07 AM org.evosuite.runtime.instrumentation.EvoClassLoader instrumentClass
INFO: Error while loading class: java.lang.ClassNotFoundException: Class 'org/mozilla/javascript/VMBridge_custom.class' should be in target project, but could not be found!
Jan 10, 2019 10:45:07 AM org.evosuite.runtime.instrumentation.EvoClassLoader loadClass
INFO: Seeing class for first time: org.mozilla.javascript.VMBridge_custom
Jan 10, 2019 10:45:07 AM org.evosuite.runtime.instrumentation.EvoClassLoader instrumentClass
INFO: Instrumenting class 'org.mozilla.javascript.VMBridge_custom'.
Jan 10, 2019 10:45:07 AM org.evosuite.runtime.instrumentation.EvoClassLoader instrumentClass
INFO: Error while loading class: java.lang.ClassNotFoundException: Class 'org/mozilla/javascript/VMBridge_custom.class' should be in target project, but could not be found!
Jan 10, 2019 10:45:07 AM org.evosuite.runtime.thread.ThreadStopper killAndJoinClientThreads
INFO: Found new thread
Jan 10, 2019 10:45:07 AM org.evosuite.runtime.instrumentation.EvoClassLoader loadClass
INFO: Seeing class for first time: org.mozilla.javascript.VMBridge_custom
Jan 10, 2019 10:45:07 AM org.evosuite.runtime.instrumentation.EvoClassLoader instrumentClass
INFO: Instrumenting class 'org.mozilla.javascript.VMBridge_custom'.
Jan 10, 2019 10:45:07 AM org.evosuite.runtime.instrumentation.EvoClassLoader instrumentClass
INFO: Error while loading class: java.lang.ClassNotFoundException: Class 'org/mozilla/javascript/VMBridge_custom.class' should be in target project, but could not be found!
Jan 10, 2019 10:45:07 AM org.evosuite.runtime.thread.ThreadStopper killAndJoinClientThreads
INFO: Found new thread
Jan 10, 2019 10:45:07 AM org.evosuite.runtime.instrumentation.EvoClassLoader loadClass
INFO: Seeing class for first time: org.mozilla.javascript.VMBridge_custom
Jan 10, 2019 10:45:07 AM org.evosuite.runtime.instrumentation.EvoClassLoader instrumentClass
INFO: Instrumenting class 'org.mozilla.javascript.VMBridge_custom'.
Jan 10, 2019 10:45:07 AM org.evosuite.runtime.instrumentation.EvoClassLoader instrumentClass
INFO: Error while loading class: java.lang.ClassNotFoundException: Class 'org/mozilla/javascript/VMBridge_custom.class' should be in target project, but could not be found!
Jan 10, 2019 10:45:07 AM org.evosuite.runtime.thread.ThreadStopper killAndJoinClientThreads
INFO: Found new thread
Jan 10, 2019 10:45:07 AM org.evosuite.runtime.instrumentation.EvoClassLoader loadClass
INFO: Seeing class for first time: org.mozilla.javascript.VMBridge_custom
Jan 10, 2019 10:45:07 AM org.evosuite.runtime.instrumentation.EvoClassLoader instrumentClass
INFO: Instrumenting class 'org.mozilla.javascript.VMBridge_custom'.
Jan 10, 2019 10:45:07 AM org.evosuite.runtime.instrumentation.EvoClassLoader instrumentClass
INFO: Error while loading class: java.lang.ClassNotFoundException: Class 'org/mozilla/javascript/VMBridge_custom.class' should be in target project, but could not be found!
Jan 10, 2019 10:45:07 AM org.evosuite.runtime.instrumentation.EvoClassLoader loadClass
INFO: Seeing class for first time: org.mozilla.javascript.VMBridge_custom
Jan 10, 2019 10:45:07 AM org.evosuite.runtime.instrumentation.EvoClassLoader instrumentClass
INFO: Instrumenting class 'org.mozilla.javascript.VMBridge_custom'.
Jan 10, 2019 10:45:07 AM org.evosuite.runtime.instrumentation.EvoClassLoader instrumentClass
INFO: Error while loading class: java.lang.ClassNotFoundException: Class 'org/mozilla/javascript/VMBridge_custom.class' should be in target project, but could not be found!
]]></system-err>
</testsuite>
