<?xml version="1.0" encoding="UTF-8"?>
<testsuite name="org.mozilla.javascript.Sorting_ESTest" tests="5" skipped="0" failures="0" errors="0" timestamp="2019-01-11T06:50:59" hostname="swami-VirtualBox" time="0.446">
  <properties/>
  <testcase name="test0" classname="org.mozilla.javascript.Sorting_ESTest" time="0.299"/>
  <testcase name="test1" classname="org.mozilla.javascript.Sorting_ESTest" time="0.03"/>
  <testcase name="test2" classname="org.mozilla.javascript.Sorting_ESTest" time="0.058"/>
  <testcase name="test3" classname="org.mozilla.javascript.Sorting_ESTest" time="0.049"/>
  <testcase name="test4" classname="org.mozilla.javascript.Sorting_ESTest" time="0.004"/>
  <system-out><![CDATA[]]></system-out>
  <system-err><![CDATA[Jan 10, 2019 10:50:53 PM org.evosuite.runtime.instrumentation.EvoClassLoader loadClass
INFO: Seeing class for first time: org.mozilla.javascript.Sorting_ESTest
Jan 10, 2019 10:50:53 PM org.evosuite.runtime.instrumentation.EvoClassLoader instrumentClass
INFO: Instrumenting class 'org.mozilla.javascript.Sorting_ESTest'.
Jan 10, 2019 10:50:53 PM org.evosuite.runtime.instrumentation.EvoClassLoader loadClass
INFO: Seeing class for first time: org.mozilla.javascript.Sorting_ESTest_scaffolding
Jan 10, 2019 10:50:53 PM org.evosuite.runtime.instrumentation.EvoClassLoader instrumentClass
INFO: Instrumenting class 'org.mozilla.javascript.Sorting_ESTest_scaffolding'.
Jan 10, 2019 10:50:53 PM org.evosuite.runtime.instrumentation.EvoClassLoader instrumentClass
INFO: Keeping class: org.mozilla.javascript.Sorting_ESTest_scaffolding
Jan 10, 2019 10:50:53 PM org.evosuite.runtime.instrumentation.EvoClassLoader instrumentClass
INFO: Keeping class: org.mozilla.javascript.Sorting_ESTest
Jan 11, 2019 6:50:54 AM org.evosuite.runtime.instrumentation.EvoClassLoader loadClass
INFO: Seeing class for first time: org.mozilla.javascript.Sorting
Jan 11, 2019 6:50:54 AM org.evosuite.runtime.instrumentation.EvoClassLoader instrumentClass
INFO: Instrumenting class 'org.mozilla.javascript.Sorting'.
Jan 11, 2019 6:50:54 AM org.evosuite.runtime.instrumentation.MethodCallReplacementClassAdapter visit
INFO: Adding mock interface to class org/mozilla/javascript/Sorting
Jan 11, 2019 6:50:55 AM org.evosuite.runtime.instrumentation.CreateClassResetClassAdapter createEmptyStaticReset
INFO: Creating brand-new static initializer in class org/mozilla/javascript/Sorting
Jan 11, 2019 6:50:55 AM org.evosuite.runtime.instrumentation.CreateClassResetClassAdapter createEmptyStaticReset
INFO: Adding bytecode for initializing field SMALLSORT
Jan 11, 2019 6:50:55 AM org.evosuite.runtime.instrumentation.EvoClassLoader instrumentClass
INFO: Keeping class: org.mozilla.javascript.Sorting
Jan 11, 2019 6:51:00 AM org.evosuite.runtime.thread.ThreadStopper killAndJoinClientThreads
INFO: Found new thread
Jan 11, 2019 6:51:00 AM org.evosuite.runtime.thread.ThreadStopper killAndJoinClientThreads
INFO: Found new thread
Jan 11, 2019 6:51:00 AM org.evosuite.runtime.thread.ThreadStopper killAndJoinClientThreads
INFO: Found new thread
Jan 11, 2019 6:51:00 AM org.evosuite.runtime.thread.ThreadStopper killAndJoinClientThreads
INFO: Found new thread
Jan 11, 2019 6:51:00 AM org.evosuite.runtime.thread.ThreadStopper killAndJoinClientThreads
INFO: Found new thread
]]></system-err>
</testsuite>
