<?xml version="1.0" encoding="UTF-8"?>
<testsuite name="org.mozilla.classfile.ConstantEntry_ESTest" tests="8" skipped="0" failures="0" errors="0" timestamp="2019-01-11T07:03:22" hostname="swami-VirtualBox" time="0.201">
  <properties/>
  <testcase name="test2" classname="org.mozilla.classfile.ConstantEntry_ESTest" time="0.035"/>
  <testcase name="test3" classname="org.mozilla.classfile.ConstantEntry_ESTest" time="0.015"/>
  <testcase name="test4" classname="org.mozilla.classfile.ConstantEntry_ESTest" time="0.036"/>
  <testcase name="test5" classname="org.mozilla.classfile.ConstantEntry_ESTest" time="0.012"/>
  <testcase name="test6" classname="org.mozilla.classfile.ConstantEntry_ESTest" time="0.028"/>
  <testcase name="test7" classname="org.mozilla.classfile.ConstantEntry_ESTest" time="0.008"/>
  <testcase name="test0" classname="org.mozilla.classfile.ConstantEntry_ESTest" time="0.028"/>
  <testcase name="test1" classname="org.mozilla.classfile.ConstantEntry_ESTest" time="0.026"/>
  <system-out><![CDATA[]]></system-out>
  <system-err><![CDATA[Jan 10, 2019 11:03:20 PM org.evosuite.runtime.instrumentation.EvoClassLoader loadClass
INFO: Seeing class for first time: org.mozilla.classfile.ConstantEntry_ESTest
Jan 10, 2019 11:03:20 PM org.evosuite.runtime.instrumentation.EvoClassLoader instrumentClass
INFO: Instrumenting class 'org.mozilla.classfile.ConstantEntry_ESTest'.
Jan 10, 2019 11:03:20 PM org.evosuite.runtime.instrumentation.EvoClassLoader loadClass
INFO: Seeing class for first time: org.mozilla.classfile.ConstantEntry_ESTest_scaffolding
Jan 10, 2019 11:03:20 PM org.evosuite.runtime.instrumentation.EvoClassLoader instrumentClass
INFO: Instrumenting class 'org.mozilla.classfile.ConstantEntry_ESTest_scaffolding'.
Jan 10, 2019 11:03:20 PM org.evosuite.runtime.instrumentation.EvoClassLoader instrumentClass
INFO: Keeping class: org.mozilla.classfile.ConstantEntry_ESTest_scaffolding
Jan 10, 2019 11:03:20 PM org.evosuite.runtime.instrumentation.EvoClassLoader instrumentClass
INFO: Keeping class: org.mozilla.classfile.ConstantEntry_ESTest
Jan 11, 2019 7:03:21 AM org.evosuite.runtime.instrumentation.EvoClassLoader loadClass
INFO: Seeing class for first time: org.mozilla.classfile.ConstantEntry
Jan 11, 2019 7:03:21 AM org.evosuite.runtime.instrumentation.EvoClassLoader instrumentClass
INFO: Instrumenting class 'org.mozilla.classfile.ConstantEntry'.
Jan 11, 2019 7:03:21 AM org.evosuite.runtime.instrumentation.MethodCallReplacementClassAdapter visit
INFO: Adding mock interface to class org/mozilla/classfile/ConstantEntry
Jan 11, 2019 7:03:22 AM org.evosuite.runtime.instrumentation.CreateClassResetClassAdapter createEmptyStaticReset
INFO: Creating brand-new static initializer in class org/mozilla/classfile/ConstantEntry
Jan 11, 2019 7:03:22 AM org.evosuite.runtime.instrumentation.EvoClassLoader instrumentClass
INFO: Keeping class: org.mozilla.classfile.ConstantEntry
Jan 11, 2019 7:03:22 AM org.evosuite.runtime.thread.ThreadStopper killAndJoinClientThreads
INFO: Found new thread
Jan 11, 2019 7:03:22 AM org.evosuite.runtime.thread.ThreadStopper killAndJoinClientThreads
INFO: Found new thread
Jan 11, 2019 7:03:22 AM org.evosuite.runtime.thread.ThreadStopper killAndJoinClientThreads
INFO: Found new thread
Jan 11, 2019 7:03:22 AM org.evosuite.runtime.thread.ThreadStopper killAndJoinClientThreads
INFO: Found new thread
Jan 11, 2019 7:03:22 AM org.evosuite.runtime.thread.ThreadStopper killAndJoinClientThreads
INFO: Found new thread
Jan 11, 2019 7:03:22 AM org.evosuite.runtime.thread.ThreadStopper killAndJoinClientThreads
INFO: Found new thread
Jan 11, 2019 7:03:22 AM org.evosuite.runtime.thread.ThreadStopper killAndJoinClientThreads
INFO: Found new thread
Jan 11, 2019 7:03:22 AM org.evosuite.runtime.thread.ThreadStopper killAndJoinClientThreads
INFO: Found new thread
]]></system-err>
</testsuite>
