<?xml version="1.0" encoding="UTF-8"?>
<testsuite name="org.mozilla.javascript.ast.ErrorCollector_ESTest" tests="6" skipped="0" failures="0" errors="0" timestamp="2019-01-11T06:27:45" hostname="swami-VirtualBox" time="0.072">
  <properties/>
  <testcase name="test1" classname="org.mozilla.javascript.ast.ErrorCollector_ESTest" time="0.021"/>
  <testcase name="test0" classname="org.mozilla.javascript.ast.ErrorCollector_ESTest" time="0.02"/>
  <testcase name="test5" classname="org.mozilla.javascript.ast.ErrorCollector_ESTest" time="0.005"/>
  <testcase name="test4" classname="org.mozilla.javascript.ast.ErrorCollector_ESTest" time="0.004"/>
  <testcase name="test3" classname="org.mozilla.javascript.ast.ErrorCollector_ESTest" time="0.006"/>
  <testcase name="test2" classname="org.mozilla.javascript.ast.ErrorCollector_ESTest" time="0.011"/>
  <system-out><![CDATA[]]></system-out>
  <system-err><![CDATA[Jan 10, 2019 10:27:44 PM org.evosuite.runtime.instrumentation.EvoClassLoader loadClass
INFO: Seeing class for first time: org.mozilla.javascript.ast.ErrorCollector_ESTest
Jan 10, 2019 10:27:44 PM org.evosuite.runtime.instrumentation.EvoClassLoader instrumentClass
INFO: Instrumenting class 'org.mozilla.javascript.ast.ErrorCollector_ESTest'.
Jan 10, 2019 10:27:44 PM org.evosuite.runtime.instrumentation.EvoClassLoader loadClass
INFO: Seeing class for first time: org.mozilla.javascript.ast.ErrorCollector_ESTest_scaffolding
Jan 10, 2019 10:27:44 PM org.evosuite.runtime.instrumentation.EvoClassLoader instrumentClass
INFO: Instrumenting class 'org.mozilla.javascript.ast.ErrorCollector_ESTest_scaffolding'.
Jan 10, 2019 10:27:44 PM org.evosuite.runtime.instrumentation.EvoClassLoader instrumentClass
INFO: Keeping class: org.mozilla.javascript.ast.ErrorCollector_ESTest_scaffolding
Jan 10, 2019 10:27:44 PM org.evosuite.runtime.instrumentation.EvoClassLoader instrumentClass
INFO: Keeping class: org.mozilla.javascript.ast.ErrorCollector_ESTest
Jan 11, 2019 6:27:44 AM org.evosuite.runtime.instrumentation.EvoClassLoader loadClass
INFO: Seeing class for first time: org.mozilla.javascript.ErrorReporter
Jan 11, 2019 6:27:44 AM org.evosuite.runtime.instrumentation.EvoClassLoader instrumentClass
INFO: Instrumenting class 'org.mozilla.javascript.ErrorReporter'.
Jan 11, 2019 6:27:45 AM org.evosuite.runtime.instrumentation.EvoClassLoader createPackageDefinition
INFO: Defined package (3): package org.mozilla.javascript, -1130473355
Jan 11, 2019 6:27:45 AM org.evosuite.runtime.instrumentation.EvoClassLoader instrumentClass
INFO: Keeping class: org.mozilla.javascript.ErrorReporter
Jan 11, 2019 6:27:45 AM org.evosuite.runtime.instrumentation.EvoClassLoader loadClass
INFO: Seeing class for first time: org.mozilla.javascript.ScriptStackElement
Jan 11, 2019 6:27:45 AM org.evosuite.runtime.instrumentation.EvoClassLoader instrumentClass
INFO: Instrumenting class 'org.mozilla.javascript.ScriptStackElement'.
Jan 11, 2019 6:27:45 AM org.evosuite.runtime.instrumentation.MethodCallReplacementClassAdapter visit
INFO: Adding mock interface to class org/mozilla/javascript/ScriptStackElement
Jan 11, 2019 6:27:45 AM org.evosuite.runtime.instrumentation.CreateClassResetClassAdapter createEmptyStaticReset
INFO: Creating brand-new static initializer in class org/mozilla/javascript/ScriptStackElement
Jan 11, 2019 6:27:45 AM org.evosuite.runtime.instrumentation.EvoClassLoader instrumentClass
INFO: Keeping class: org.mozilla.javascript.ScriptStackElement
Jan 11, 2019 6:27:45 AM org.evosuite.runtime.instrumentation.EvoClassLoader loadClass
INFO: Seeing class for first time: org.mozilla.javascript.EvaluatorException
Jan 11, 2019 6:27:45 AM org.evosuite.runtime.instrumentation.EvoClassLoader instrumentClass
INFO: Instrumenting class 'org.mozilla.javascript.EvaluatorException'.
Jan 11, 2019 6:27:45 AM org.evosuite.runtime.instrumentation.MethodCallReplacementClassAdapter visit
INFO: Adding mock interface to class org/mozilla/javascript/EvaluatorException
Jan 11, 2019 6:27:45 AM org.evosuite.runtime.instrumentation.CreateClassResetClassAdapter createEmptyStaticReset
INFO: Creating brand-new static initializer in class org/mozilla/javascript/EvaluatorException
Jan 11, 2019 6:27:45 AM org.evosuite.runtime.instrumentation.EvoClassLoader loadClass
INFO: Seeing class for first time: org.mozilla.javascript.RhinoException
Jan 11, 2019 6:27:45 AM org.evosuite.runtime.instrumentation.EvoClassLoader instrumentClass
INFO: Instrumenting class 'org.mozilla.javascript.RhinoException'.
Jan 11, 2019 6:27:45 AM org.evosuite.runtime.instrumentation.MethodCallReplacementClassAdapter visit
INFO: Adding mock interface to class org/mozilla/javascript/RhinoException
Jan 11, 2019 6:27:45 AM org.evosuite.runtime.instrumentation.CreateClassResetClassAdapter visitMethod
INFO: Found static initializer in class org/mozilla/javascript/RhinoException
Jan 11, 2019 6:27:45 AM org.evosuite.runtime.instrumentation.EvoClassLoader instrumentClass
INFO: Keeping class: org.mozilla.javascript.RhinoException
Jan 11, 2019 6:27:45 AM org.evosuite.runtime.instrumentation.EvoClassLoader instrumentClass
INFO: Keeping class: org.mozilla.javascript.EvaluatorException
Jan 11, 2019 6:27:45 AM org.evosuite.runtime.instrumentation.EvoClassLoader loadClass
INFO: Seeing class for first time: org.mozilla.javascript.StackStyle
Jan 11, 2019 6:27:45 AM org.evosuite.runtime.instrumentation.EvoClassLoader instrumentClass
INFO: Instrumenting class 'org.mozilla.javascript.StackStyle'.
Jan 11, 2019 6:27:45 AM org.evosuite.runtime.instrumentation.MethodCallReplacementClassAdapter visit
INFO: Adding mock interface to class org/mozilla/javascript/StackStyle
Jan 11, 2019 6:27:45 AM org.evosuite.runtime.instrumentation.CreateClassResetClassAdapter visitMethod
INFO: Found static initializer in class org/mozilla/javascript/StackStyle
Jan 11, 2019 6:27:45 AM org.evosuite.runtime.instrumentation.EvoClassLoader instrumentClass
INFO: Keeping class: org.mozilla.javascript.StackStyle
Jan 11, 2019 6:27:45 AM org.evosuite.runtime.instrumentation.EvoClassLoader loadClass
INFO: Seeing class for first time: org.mozilla.javascript.ast.ParseProblem
Jan 11, 2019 6:27:45 AM org.evosuite.runtime.instrumentation.EvoClassLoader instrumentClass
INFO: Instrumenting class 'org.mozilla.javascript.ast.ParseProblem'.
Jan 11, 2019 6:27:45 AM org.evosuite.runtime.instrumentation.MethodCallReplacementClassAdapter visit
INFO: Adding mock interface to class org/mozilla/javascript/ast/ParseProblem
Jan 11, 2019 6:27:45 AM org.evosuite.runtime.instrumentation.CreateClassResetClassAdapter createEmptyStaticReset
INFO: Creating brand-new static initializer in class org/mozilla/javascript/ast/ParseProblem
Jan 11, 2019 6:27:45 AM org.evosuite.runtime.instrumentation.EvoClassLoader instrumentClass
INFO: Keeping class: org.mozilla.javascript.ast.ParseProblem
Jan 11, 2019 6:27:45 AM org.evosuite.runtime.instrumentation.EvoClassLoader loadClass
INFO: Seeing class for first time: org.mozilla.javascript.ast.ErrorCollector
Jan 11, 2019 6:27:45 AM org.evosuite.runtime.instrumentation.EvoClassLoader instrumentClass
INFO: Instrumenting class 'org.mozilla.javascript.ast.ErrorCollector'.
Jan 11, 2019 6:27:45 AM org.evosuite.runtime.instrumentation.MethodCallReplacementClassAdapter visit
INFO: Adding mock interface to class org/mozilla/javascript/ast/ErrorCollector
Jan 11, 2019 6:27:45 AM org.evosuite.runtime.instrumentation.CreateClassResetClassAdapter createEmptyStaticReset
INFO: Creating brand-new static initializer in class org/mozilla/javascript/ast/ErrorCollector
Jan 11, 2019 6:27:45 AM org.evosuite.runtime.instrumentation.EvoClassLoader loadClass
INFO: Seeing class for first time: org.mozilla.javascript.ast.IdeErrorReporter
Jan 11, 2019 6:27:45 AM org.evosuite.runtime.instrumentation.EvoClassLoader instrumentClass
INFO: Instrumenting class 'org.mozilla.javascript.ast.IdeErrorReporter'.
Jan 11, 2019 6:27:45 AM org.evosuite.runtime.instrumentation.EvoClassLoader instrumentClass
INFO: Keeping class: org.mozilla.javascript.ast.IdeErrorReporter
Jan 11, 2019 6:27:45 AM org.evosuite.runtime.instrumentation.EvoClassLoader instrumentClass
INFO: Keeping class: org.mozilla.javascript.ast.ErrorCollector
Jan 11, 2019 6:27:45 AM org.evosuite.runtime.instrumentation.EvoClassLoader loadClass
INFO: Seeing class for first time: org.mozilla.javascript.ast.ParseProblem$Type
Jan 11, 2019 6:27:45 AM org.evosuite.runtime.instrumentation.EvoClassLoader instrumentClass
INFO: Instrumenting class 'org.mozilla.javascript.ast.ParseProblem$Type'.
Jan 11, 2019 6:27:45 AM org.evosuite.runtime.instrumentation.MethodCallReplacementClassAdapter visit
INFO: Adding mock interface to class org/mozilla/javascript/ast/ParseProblem$Type
Jan 11, 2019 6:27:45 AM org.evosuite.runtime.instrumentation.CreateClassResetClassAdapter visitMethod
INFO: Found static initializer in class org/mozilla/javascript/ast/ParseProblem$Type
Jan 11, 2019 6:27:45 AM org.evosuite.runtime.instrumentation.EvoClassLoader instrumentClass
INFO: Keeping class: org.mozilla.javascript.ast.ParseProblem$Type
Jan 11, 2019 6:27:45 AM org.evosuite.runtime.thread.ThreadStopper killAndJoinClientThreads
INFO: Found new thread
Jan 11, 2019 6:27:45 AM org.evosuite.runtime.thread.ThreadStopper killAndJoinClientThreads
INFO: Found new thread
Jan 11, 2019 6:27:45 AM org.evosuite.runtime.thread.ThreadStopper killAndJoinClientThreads
INFO: Found new thread
Jan 11, 2019 6:27:45 AM org.evosuite.runtime.thread.ThreadStopper killAndJoinClientThreads
INFO: Found new thread
Jan 11, 2019 6:27:45 AM org.evosuite.runtime.thread.ThreadStopper killAndJoinClientThreads
INFO: Found new thread
Jan 11, 2019 6:27:45 AM org.evosuite.runtime.thread.ThreadStopper killAndJoinClientThreads
INFO: Found new thread
]]></system-err>
</testsuite>
