<?xml version="1.0" encoding="UTF-8"?>
<testsuite name="org.mozilla.javascript.tools.idswitch.IdValuePair_ESTest" tests="2" skipped="0" failures="0" errors="0" timestamp="2019-01-11T06:42:03" hostname="swami-VirtualBox" time="0.058">
  <properties/>
  <testcase name="test0" classname="org.mozilla.javascript.tools.idswitch.IdValuePair_ESTest" time="0.035"/>
  <testcase name="test1" classname="org.mozilla.javascript.tools.idswitch.IdValuePair_ESTest" time="0.022"/>
  <system-out><![CDATA[]]></system-out>
  <system-err><![CDATA[Jan 10, 2019 10:42:02 PM org.evosuite.runtime.instrumentation.EvoClassLoader loadClass
INFO: Seeing class for first time: org.mozilla.javascript.tools.idswitch.IdValuePair_ESTest
Jan 10, 2019 10:42:02 PM org.evosuite.runtime.instrumentation.EvoClassLoader instrumentClass
INFO: Instrumenting class 'org.mozilla.javascript.tools.idswitch.IdValuePair_ESTest'.
Jan 10, 2019 10:42:03 PM org.evosuite.runtime.instrumentation.EvoClassLoader loadClass
INFO: Seeing class for first time: org.mozilla.javascript.tools.idswitch.IdValuePair_ESTest_scaffolding
Jan 10, 2019 10:42:03 PM org.evosuite.runtime.instrumentation.EvoClassLoader instrumentClass
INFO: Instrumenting class 'org.mozilla.javascript.tools.idswitch.IdValuePair_ESTest_scaffolding'.
Jan 10, 2019 10:42:03 PM org.evosuite.runtime.instrumentation.EvoClassLoader instrumentClass
INFO: Keeping class: org.mozilla.javascript.tools.idswitch.IdValuePair_ESTest_scaffolding
Jan 10, 2019 10:42:03 PM org.evosuite.runtime.instrumentation.EvoClassLoader instrumentClass
INFO: Keeping class: org.mozilla.javascript.tools.idswitch.IdValuePair_ESTest
Jan 11, 2019 6:42:03 AM org.evosuite.runtime.instrumentation.EvoClassLoader loadClass
INFO: Seeing class for first time: org.mozilla.javascript.tools.idswitch.IdValuePair
Jan 11, 2019 6:42:03 AM org.evosuite.runtime.instrumentation.EvoClassLoader instrumentClass
INFO: Instrumenting class 'org.mozilla.javascript.tools.idswitch.IdValuePair'.
Jan 11, 2019 6:42:03 AM org.evosuite.runtime.instrumentation.MethodCallReplacementClassAdapter visit
INFO: Adding mock interface to class org/mozilla/javascript/tools/idswitch/IdValuePair
Jan 11, 2019 6:42:03 AM org.evosuite.runtime.instrumentation.CreateClassResetClassAdapter createEmptyStaticReset
INFO: Creating brand-new static initializer in class org/mozilla/javascript/tools/idswitch/IdValuePair
Jan 11, 2019 6:42:03 AM org.evosuite.runtime.instrumentation.EvoClassLoader instrumentClass
INFO: Keeping class: org.mozilla.javascript.tools.idswitch.IdValuePair
Jan 11, 2019 6:42:03 AM org.evosuite.runtime.thread.ThreadStopper killAndJoinClientThreads
INFO: Found new thread
Jan 11, 2019 6:42:03 AM org.evosuite.runtime.thread.ThreadStopper killAndJoinClientThreads
INFO: Found new thread
]]></system-err>
</testsuite>
