<?xml version="1.0" encoding="UTF-8"?>
<testsuite name="org.mozilla.javascript.DefiningClassLoader_ESTest" tests="4" skipped="0" failures="0" errors="0" timestamp="2019-01-11T06:34:58" hostname="swami-VirtualBox" time="0.045">
  <properties/>
  <testcase name="test1" classname="org.mozilla.javascript.DefiningClassLoader_ESTest" time="0.023"/>
  <testcase name="test0" classname="org.mozilla.javascript.DefiningClassLoader_ESTest" time="0.007"/>
  <testcase name="test3" classname="org.mozilla.javascript.DefiningClassLoader_ESTest" time="0.008"/>
  <testcase name="test2" classname="org.mozilla.javascript.DefiningClassLoader_ESTest" time="0.003"/>
  <system-out><![CDATA[]]></system-out>
  <system-err><![CDATA[Jan 10, 2019 10:34:57 PM org.evosuite.runtime.instrumentation.EvoClassLoader loadClass
INFO: Seeing class for first time: org.mozilla.javascript.DefiningClassLoader_ESTest
Jan 10, 2019 10:34:57 PM org.evosuite.runtime.instrumentation.EvoClassLoader instrumentClass
INFO: Instrumenting class 'org.mozilla.javascript.DefiningClassLoader_ESTest'.
Jan 10, 2019 10:34:57 PM org.evosuite.runtime.instrumentation.EvoClassLoader loadClass
INFO: Seeing class for first time: org.mozilla.javascript.DefiningClassLoader_ESTest_scaffolding
Jan 10, 2019 10:34:57 PM org.evosuite.runtime.instrumentation.EvoClassLoader instrumentClass
INFO: Instrumenting class 'org.mozilla.javascript.DefiningClassLoader_ESTest_scaffolding'.
Jan 10, 2019 10:34:57 PM org.evosuite.runtime.instrumentation.EvoClassLoader instrumentClass
INFO: Keeping class: org.mozilla.javascript.DefiningClassLoader_ESTest_scaffolding
Jan 10, 2019 10:34:57 PM org.evosuite.runtime.instrumentation.EvoClassLoader instrumentClass
INFO: Keeping class: org.mozilla.javascript.DefiningClassLoader_ESTest
Jan 11, 2019 6:34:57 AM org.evosuite.runtime.instrumentation.EvoClassLoader loadClass
INFO: Seeing class for first time: org.mozilla.javascript.DefiningClassLoader
Jan 11, 2019 6:34:57 AM org.evosuite.runtime.instrumentation.EvoClassLoader instrumentClass
INFO: Instrumenting class 'org.mozilla.javascript.DefiningClassLoader'.
Jan 11, 2019 6:34:57 AM org.evosuite.runtime.instrumentation.MethodCallReplacementClassAdapter visit
INFO: Adding mock interface to class org/mozilla/javascript/DefiningClassLoader
Jan 11, 2019 6:34:58 AM org.evosuite.runtime.instrumentation.CreateClassResetClassAdapter createEmptyStaticReset
INFO: Creating brand-new static initializer in class org/mozilla/javascript/DefiningClassLoader
Jan 11, 2019 6:34:58 AM org.evosuite.runtime.instrumentation.EvoClassLoader loadClass
INFO: Seeing class for first time: org.mozilla.javascript.GeneratedClassLoader
Jan 11, 2019 6:34:58 AM org.evosuite.runtime.instrumentation.EvoClassLoader instrumentClass
INFO: Instrumenting class 'org.mozilla.javascript.GeneratedClassLoader'.
Jan 11, 2019 6:34:58 AM org.evosuite.runtime.instrumentation.EvoClassLoader instrumentClass
INFO: Keeping class: org.mozilla.javascript.GeneratedClassLoader
Jan 11, 2019 6:34:58 AM org.evosuite.runtime.instrumentation.EvoClassLoader instrumentClass
INFO: Keeping class: org.mozilla.javascript.DefiningClassLoader
Jan 11, 2019 6:34:58 AM org.evosuite.runtime.instrumentation.EvoClassLoader loadClass
INFO: Seeing class for first time: org.mozilla.javascript.SecurityUtilities$2
Jan 11, 2019 6:34:58 AM org.evosuite.runtime.instrumentation.EvoClassLoader instrumentClass
INFO: Instrumenting class 'org.mozilla.javascript.SecurityUtilities$2'.
Jan 11, 2019 6:34:58 AM org.evosuite.runtime.instrumentation.MethodCallReplacementClassAdapter visit
INFO: Adding mock interface to class org/mozilla/javascript/SecurityUtilities$2
Jan 11, 2019 6:34:58 AM org.evosuite.runtime.instrumentation.EvoClassLoader instrumentClass
INFO: Keeping class: org.mozilla.javascript.SecurityUtilities$2
Jan 11, 2019 6:34:58 AM org.evosuite.runtime.instrumentation.EvoClassLoader loadClass
INFO: Seeing class for first time: org.mozilla.javascript.SecurityUtilities
Jan 11, 2019 6:34:58 AM org.evosuite.runtime.instrumentation.EvoClassLoader instrumentClass
INFO: Instrumenting class 'org.mozilla.javascript.SecurityUtilities'.
Jan 11, 2019 6:34:58 AM org.evosuite.runtime.instrumentation.MethodCallReplacementClassAdapter visit
INFO: Adding mock interface to class org/mozilla/javascript/SecurityUtilities
Jan 11, 2019 6:34:58 AM org.evosuite.runtime.instrumentation.CreateClassResetClassAdapter createEmptyStaticReset
INFO: Creating brand-new static initializer in class org/mozilla/javascript/SecurityUtilities
Jan 11, 2019 6:34:58 AM org.evosuite.runtime.instrumentation.EvoClassLoader instrumentClass
INFO: Keeping class: org.mozilla.javascript.SecurityUtilities
Jan 11, 2019 6:34:58 AM org.evosuite.runtime.thread.ThreadStopper killAndJoinClientThreads
INFO: Found new thread
Jan 11, 2019 6:34:58 AM org.evosuite.runtime.thread.ThreadStopper killAndJoinClientThreads
INFO: Found new thread
Jan 11, 2019 6:34:58 AM org.evosuite.runtime.thread.ThreadStopper killAndJoinClientThreads
INFO: Found new thread
Jan 11, 2019 6:34:58 AM org.evosuite.runtime.thread.ThreadStopper killAndJoinClientThreads
INFO: Found new thread
]]></system-err>
</testsuite>
