<?xml version="1.0" encoding="UTF-8"?>
<testsuite name="org.mozilla.javascript.UintMap_ESTest" tests="17" skipped="0" failures="0" errors="0" timestamp="2019-01-11T06:25:05" hostname="swami-VirtualBox" time="0.231">
  <properties/>
  <testcase name="test05" classname="org.mozilla.javascript.UintMap_ESTest" time="0.03"/>
  <testcase name="test16" classname="org.mozilla.javascript.UintMap_ESTest" time="0.017"/>
  <testcase name="test04" classname="org.mozilla.javascript.UintMap_ESTest" time="0.013"/>
  <testcase name="test15" classname="org.mozilla.javascript.UintMap_ESTest" time="0.018"/>
  <testcase name="test03" classname="org.mozilla.javascript.UintMap_ESTest" time="0.008"/>
  <testcase name="test14" classname="org.mozilla.javascript.UintMap_ESTest" time="0.011"/>
  <testcase name="test02" classname="org.mozilla.javascript.UintMap_ESTest" time="0.005"/>
  <testcase name="test13" classname="org.mozilla.javascript.UintMap_ESTest" time="0.01"/>
  <testcase name="test01" classname="org.mozilla.javascript.UintMap_ESTest" time="0.004"/>
  <testcase name="test12" classname="org.mozilla.javascript.UintMap_ESTest" time="0.014"/>
  <testcase name="test00" classname="org.mozilla.javascript.UintMap_ESTest" time="0.004"/>
  <testcase name="test11" classname="org.mozilla.javascript.UintMap_ESTest" time="0.004"/>
  <testcase name="test10" classname="org.mozilla.javascript.UintMap_ESTest" time="0.011"/>
  <testcase name="test09" classname="org.mozilla.javascript.UintMap_ESTest" time="0.004"/>
  <testcase name="test08" classname="org.mozilla.javascript.UintMap_ESTest" time="0.005"/>
  <testcase name="test07" classname="org.mozilla.javascript.UintMap_ESTest" time="0.014"/>
  <testcase name="test06" classname="org.mozilla.javascript.UintMap_ESTest" time="0.014"/>
  <system-out><![CDATA[]]></system-out>
  <system-err><![CDATA[Jan 10, 2019 10:25:04 PM org.evosuite.runtime.instrumentation.EvoClassLoader loadClass
INFO: Seeing class for first time: org.mozilla.javascript.UintMap_ESTest
Jan 10, 2019 10:25:04 PM org.evosuite.runtime.instrumentation.EvoClassLoader instrumentClass
INFO: Instrumenting class 'org.mozilla.javascript.UintMap_ESTest'.
Jan 10, 2019 10:25:04 PM org.evosuite.runtime.instrumentation.EvoClassLoader loadClass
INFO: Seeing class for first time: org.mozilla.javascript.UintMap_ESTest_scaffolding
Jan 10, 2019 10:25:04 PM org.evosuite.runtime.instrumentation.EvoClassLoader instrumentClass
INFO: Instrumenting class 'org.mozilla.javascript.UintMap_ESTest_scaffolding'.
Jan 10, 2019 10:25:04 PM org.evosuite.runtime.instrumentation.EvoClassLoader instrumentClass
INFO: Keeping class: org.mozilla.javascript.UintMap_ESTest_scaffolding
Jan 10, 2019 10:25:04 PM org.evosuite.runtime.instrumentation.EvoClassLoader instrumentClass
INFO: Keeping class: org.mozilla.javascript.UintMap_ESTest
Jan 11, 2019 6:25:04 AM org.evosuite.runtime.instrumentation.EvoClassLoader loadClass
INFO: Seeing class for first time: org.mozilla.javascript.Kit
Jan 11, 2019 6:25:04 AM org.evosuite.runtime.instrumentation.EvoClassLoader instrumentClass
INFO: Instrumenting class 'org.mozilla.javascript.Kit'.
Jan 11, 2019 6:25:04 AM org.evosuite.runtime.instrumentation.MethodCallReplacementClassAdapter visit
INFO: Adding mock interface to class org/mozilla/javascript/Kit
Jan 11, 2019 6:25:05 AM org.evosuite.runtime.instrumentation.CreateClassResetClassAdapter visitMethod
INFO: Found static initializer in class org/mozilla/javascript/Kit
Jan 11, 2019 6:25:05 AM org.evosuite.runtime.instrumentation.EvoClassLoader instrumentClass
INFO: Keeping class: org.mozilla.javascript.Kit
Jan 11, 2019 6:25:05 AM org.evosuite.runtime.instrumentation.EvoClassLoader loadClass
INFO: Seeing class for first time: org.mozilla.javascript.UintMap
Jan 11, 2019 6:25:05 AM org.evosuite.runtime.instrumentation.EvoClassLoader instrumentClass
INFO: Instrumenting class 'org.mozilla.javascript.UintMap'.
Jan 11, 2019 6:25:05 AM org.evosuite.runtime.instrumentation.MethodCallReplacementClassAdapter visit
INFO: Adding mock interface to class org/mozilla/javascript/UintMap
Jan 11, 2019 6:25:05 AM org.evosuite.runtime.instrumentation.CreateClassResetClassAdapter createEmptyStaticReset
INFO: Creating brand-new static initializer in class org/mozilla/javascript/UintMap
Jan 11, 2019 6:25:05 AM org.evosuite.runtime.instrumentation.CreateClassResetClassAdapter createEmptyStaticReset
INFO: Adding bytecode for initializing field A
Jan 11, 2019 6:25:05 AM org.evosuite.runtime.instrumentation.CreateClassResetClassAdapter createEmptyStaticReset
INFO: Adding bytecode for initializing field EMPTY
Jan 11, 2019 6:25:05 AM org.evosuite.runtime.instrumentation.CreateClassResetClassAdapter createEmptyStaticReset
INFO: Adding bytecode for initializing field DELETED
Jan 11, 2019 6:25:05 AM org.evosuite.runtime.instrumentation.CreateClassResetClassAdapter createEmptyStaticReset
INFO: Adding bytecode for initializing field check
Jan 11, 2019 6:25:05 AM org.evosuite.runtime.instrumentation.EvoClassLoader instrumentClass
INFO: Keeping class: org.mozilla.javascript.UintMap
Jan 11, 2019 6:25:05 AM org.evosuite.runtime.thread.ThreadStopper killAndJoinClientThreads
INFO: Found new thread
Jan 11, 2019 6:25:05 AM org.evosuite.runtime.thread.ThreadStopper killAndJoinClientThreads
INFO: Found new thread
Jan 11, 2019 6:25:05 AM org.evosuite.runtime.thread.ThreadStopper killAndJoinClientThreads
INFO: Found new thread
Jan 11, 2019 6:25:05 AM org.evosuite.runtime.thread.ThreadStopper killAndJoinClientThreads
INFO: Found new thread
Jan 11, 2019 6:25:05 AM org.evosuite.runtime.thread.ThreadStopper killAndJoinClientThreads
INFO: Found new thread
Jan 11, 2019 6:25:05 AM org.evosuite.runtime.thread.ThreadStopper killAndJoinClientThreads
INFO: Found new thread
Jan 11, 2019 6:25:05 AM org.evosuite.runtime.thread.ThreadStopper killAndJoinClientThreads
INFO: Found new thread
Jan 11, 2019 6:25:05 AM org.evosuite.runtime.thread.ThreadStopper killAndJoinClientThreads
INFO: Found new thread
Jan 11, 2019 6:25:05 AM org.evosuite.runtime.thread.ThreadStopper killAndJoinClientThreads
INFO: Found new thread
org.mozilla.javascript.Kit.codeBug(Kit.java:417)
<evosuite>.<evosuite>(<evosuite>)
<evosuite>.<evosuite>(<evosuite>)
<evosuite>.<evosuite>(<evosuite>)
<evosuite>.<evosuite>(<evosuite>)
<evosuite>.<evosuite>(<evosuite>)
Jan 11, 2019 6:25:05 AM org.evosuite.runtime.thread.ThreadStopper killAndJoinClientThreads
INFO: Found new thread
Jan 11, 2019 6:25:05 AM org.evosuite.runtime.thread.ThreadStopper killAndJoinClientThreads
INFO: Found new thread
Jan 11, 2019 6:25:05 AM org.evosuite.runtime.thread.ThreadStopper killAndJoinClientThreads
INFO: Found new thread
Jan 11, 2019 6:25:05 AM org.evosuite.runtime.thread.ThreadStopper killAndJoinClientThreads
INFO: Found new thread
Jan 11, 2019 6:25:05 AM org.evosuite.runtime.thread.ThreadStopper killAndJoinClientThreads
INFO: Found new thread
Jan 11, 2019 6:25:05 AM org.evosuite.runtime.thread.ThreadStopper killAndJoinClientThreads
INFO: Found new thread
Jan 11, 2019 6:25:05 AM org.evosuite.runtime.thread.ThreadStopper killAndJoinClientThreads
INFO: Found new thread
Jan 11, 2019 6:25:05 AM org.evosuite.runtime.thread.ThreadStopper killAndJoinClientThreads
INFO: Found new thread
]]></system-err>
</testsuite>
