<?xml version="1.0" encoding="UTF-8"?>
<testsuite name="org.mozilla.javascript.ObjToIntMap_ESTest" tests="19" skipped="0" failures="0" errors="0" timestamp="2019-01-11T06:56:13" hostname="swami-VirtualBox" time="0.551">
  <properties/>
  <testcase name="test09" classname="org.mozilla.javascript.ObjToIntMap_ESTest" time="0.055"/>
  <testcase name="test08" classname="org.mozilla.javascript.ObjToIntMap_ESTest" time="0.039"/>
  <testcase name="test07" classname="org.mozilla.javascript.ObjToIntMap_ESTest" time="0.038"/>
  <testcase name="test18" classname="org.mozilla.javascript.ObjToIntMap_ESTest" time="0.032"/>
  <testcase name="test06" classname="org.mozilla.javascript.ObjToIntMap_ESTest" time="0.017"/>
  <testcase name="test17" classname="org.mozilla.javascript.ObjToIntMap_ESTest" time="0.011"/>
  <testcase name="test01" classname="org.mozilla.javascript.ObjToIntMap_ESTest" time="0.017"/>
  <testcase name="test12" classname="org.mozilla.javascript.ObjToIntMap_ESTest" time="0.058"/>
  <testcase name="test00" classname="org.mozilla.javascript.ObjToIntMap_ESTest" time="0.018"/>
  <testcase name="test11" classname="org.mozilla.javascript.ObjToIntMap_ESTest" time="0.007"/>
  <testcase name="test10" classname="org.mozilla.javascript.ObjToIntMap_ESTest" time="0.004"/>
  <testcase name="test05" classname="org.mozilla.javascript.ObjToIntMap_ESTest" time="0.005"/>
  <testcase name="test16" classname="org.mozilla.javascript.ObjToIntMap_ESTest" time="0.023"/>
  <testcase name="test04" classname="org.mozilla.javascript.ObjToIntMap_ESTest" time="0.019"/>
  <testcase name="test15" classname="org.mozilla.javascript.ObjToIntMap_ESTest" time="0.046"/>
  <testcase name="test03" classname="org.mozilla.javascript.ObjToIntMap_ESTest" time="0.017"/>
  <testcase name="test14" classname="org.mozilla.javascript.ObjToIntMap_ESTest" time="0.027"/>
  <testcase name="test02" classname="org.mozilla.javascript.ObjToIntMap_ESTest" time="0.005"/>
  <testcase name="test13" classname="org.mozilla.javascript.ObjToIntMap_ESTest" time="0.017"/>
  <system-out><![CDATA[]]></system-out>
  <system-err><![CDATA[Jan 10, 2019 10:56:10 PM org.evosuite.runtime.instrumentation.EvoClassLoader loadClass
INFO: Seeing class for first time: org.mozilla.javascript.ObjToIntMap_ESTest
Jan 10, 2019 10:56:10 PM org.evosuite.runtime.instrumentation.EvoClassLoader instrumentClass
INFO: Instrumenting class 'org.mozilla.javascript.ObjToIntMap_ESTest'.
Jan 10, 2019 10:56:10 PM org.evosuite.runtime.instrumentation.EvoClassLoader loadClass
INFO: Seeing class for first time: org.mozilla.javascript.ObjToIntMap_ESTest_scaffolding
Jan 10, 2019 10:56:10 PM org.evosuite.runtime.instrumentation.EvoClassLoader instrumentClass
INFO: Instrumenting class 'org.mozilla.javascript.ObjToIntMap_ESTest_scaffolding'.
Jan 10, 2019 10:56:10 PM org.evosuite.runtime.instrumentation.EvoClassLoader instrumentClass
INFO: Keeping class: org.mozilla.javascript.ObjToIntMap_ESTest_scaffolding
Jan 10, 2019 10:56:10 PM org.evosuite.runtime.instrumentation.EvoClassLoader instrumentClass
INFO: Keeping class: org.mozilla.javascript.ObjToIntMap_ESTest
Jan 11, 2019 6:56:11 AM org.evosuite.runtime.instrumentation.EvoClassLoader loadClass
INFO: Seeing class for first time: org.mozilla.javascript.ObjToIntMap$Iterator
Jan 11, 2019 6:56:11 AM org.evosuite.runtime.instrumentation.EvoClassLoader instrumentClass
INFO: Instrumenting class 'org.mozilla.javascript.ObjToIntMap$Iterator'.
Jan 11, 2019 6:56:11 AM org.evosuite.runtime.instrumentation.MethodCallReplacementClassAdapter visit
INFO: Adding mock interface to class org/mozilla/javascript/ObjToIntMap$Iterator
Jan 11, 2019 6:56:12 AM org.evosuite.runtime.instrumentation.CreateClassResetClassAdapter createEmptyStaticReset
INFO: Creating brand-new static initializer in class org/mozilla/javascript/ObjToIntMap$Iterator
Jan 11, 2019 6:56:12 AM org.evosuite.runtime.instrumentation.EvoClassLoader instrumentClass
INFO: Keeping class: org.mozilla.javascript.ObjToIntMap$Iterator
Jan 11, 2019 6:56:12 AM org.evosuite.runtime.instrumentation.EvoClassLoader loadClass
INFO: Seeing class for first time: org.mozilla.javascript.UniqueTag
Jan 11, 2019 6:56:12 AM org.evosuite.runtime.instrumentation.EvoClassLoader instrumentClass
INFO: Instrumenting class 'org.mozilla.javascript.UniqueTag'.
Jan 11, 2019 6:56:12 AM org.evosuite.runtime.instrumentation.MethodCallReplacementClassAdapter visit
INFO: Adding mock interface to class org/mozilla/javascript/UniqueTag
Jan 11, 2019 6:56:12 AM org.evosuite.runtime.instrumentation.CreateClassResetClassAdapter visitMethod
INFO: Found static initializer in class org/mozilla/javascript/UniqueTag
Jan 11, 2019 6:56:12 AM org.evosuite.runtime.instrumentation.EvoClassLoader instrumentClass
INFO: Keeping class: org.mozilla.javascript.UniqueTag
Jan 11, 2019 6:56:12 AM org.evosuite.runtime.instrumentation.EvoClassLoader loadClass
INFO: Seeing class for first time: org.mozilla.javascript.Kit
Jan 11, 2019 6:56:12 AM org.evosuite.runtime.instrumentation.EvoClassLoader instrumentClass
INFO: Instrumenting class 'org.mozilla.javascript.Kit'.
Jan 11, 2019 6:56:12 AM org.evosuite.runtime.instrumentation.MethodCallReplacementClassAdapter visit
INFO: Adding mock interface to class org/mozilla/javascript/Kit
Jan 11, 2019 6:56:12 AM org.evosuite.runtime.instrumentation.CreateClassResetClassAdapter visitMethod
INFO: Found static initializer in class org/mozilla/javascript/Kit
Jan 11, 2019 6:56:12 AM org.evosuite.runtime.instrumentation.EvoClassLoader instrumentClass
INFO: Keeping class: org.mozilla.javascript.Kit
Jan 11, 2019 6:56:12 AM org.evosuite.runtime.instrumentation.EvoClassLoader loadClass
INFO: Seeing class for first time: org.mozilla.javascript.ObjToIntMap
Jan 11, 2019 6:56:12 AM org.evosuite.runtime.instrumentation.EvoClassLoader instrumentClass
INFO: Instrumenting class 'org.mozilla.javascript.ObjToIntMap'.
Jan 11, 2019 6:56:12 AM org.evosuite.runtime.instrumentation.MethodCallReplacementClassAdapter visit
INFO: Adding mock interface to class org/mozilla/javascript/ObjToIntMap
Jan 11, 2019 6:56:12 AM org.evosuite.runtime.instrumentation.CreateClassResetClassAdapter visitMethod
INFO: Found static initializer in class org/mozilla/javascript/ObjToIntMap
Jan 11, 2019 6:56:13 AM org.evosuite.runtime.instrumentation.EvoClassLoader instrumentClass
INFO: Keeping class: org.mozilla.javascript.ObjToIntMap
Jan 11, 2019 6:56:13 AM org.evosuite.runtime.thread.ThreadStopper killAndJoinClientThreads
INFO: Found new thread
Jan 11, 2019 6:56:13 AM org.evosuite.runtime.thread.ThreadStopper killAndJoinClientThreads
INFO: Found new thread
Jan 11, 2019 6:56:13 AM org.evosuite.runtime.thread.ThreadStopper killAndJoinClientThreads
INFO: Found new thread
Jan 11, 2019 6:56:13 AM org.evosuite.runtime.thread.ThreadStopper killAndJoinClientThreads
INFO: Found new thread
Jan 11, 2019 6:56:13 AM org.evosuite.runtime.thread.ThreadStopper killAndJoinClientThreads
INFO: Found new thread
Jan 11, 2019 6:56:13 AM org.evosuite.runtime.thread.ThreadStopper killAndJoinClientThreads
INFO: Found new thread
Jan 11, 2019 6:56:13 AM org.evosuite.runtime.thread.ThreadStopper killAndJoinClientThreads
INFO: Found new thread
Jan 11, 2019 6:56:13 AM org.evosuite.runtime.thread.ThreadStopper killAndJoinClientThreads
INFO: Found new thread
Jan 11, 2019 6:56:13 AM org.evosuite.runtime.thread.ThreadStopper killAndJoinClientThreads
INFO: Found new thread
Jan 11, 2019 6:56:13 AM org.evosuite.runtime.thread.ThreadStopper killAndJoinClientThreads
INFO: Found new thread
Jan 11, 2019 6:56:13 AM org.evosuite.runtime.thread.ThreadStopper killAndJoinClientThreads
INFO: Found new thread
Jan 11, 2019 6:56:13 AM org.evosuite.runtime.thread.ThreadStopper killAndJoinClientThreads
INFO: Found new thread
Jan 11, 2019 6:56:13 AM org.evosuite.runtime.thread.ThreadStopper killAndJoinClientThreads
INFO: Found new thread
Jan 11, 2019 6:56:13 AM org.evosuite.runtime.thread.ThreadStopper killAndJoinClientThreads
INFO: Found new thread
Jan 11, 2019 6:56:13 AM org.evosuite.runtime.thread.ThreadStopper killAndJoinClientThreads
INFO: Found new thread
Jan 11, 2019 6:56:13 AM org.evosuite.runtime.thread.ThreadStopper killAndJoinClientThreads
INFO: Found new thread
Jan 11, 2019 6:56:13 AM org.evosuite.runtime.thread.ThreadStopper killAndJoinClientThreads
INFO: Found new thread
Jan 11, 2019 6:56:13 AM org.evosuite.runtime.thread.ThreadStopper killAndJoinClientThreads
INFO: Found new thread
Jan 11, 2019 6:56:13 AM org.evosuite.runtime.thread.ThreadStopper killAndJoinClientThreads
INFO: Found new thread
]]></system-err>
</testsuite>
