<?xml version="1.0" encoding="UTF-8"?>
<testsuite name="org.mozilla.javascript.tools.debugger.treetable.TreeTableModelAdapter_ESTest" tests="9" skipped="1" failures="0" errors="0" timestamp="2019-01-11T06:45:17" hostname="swami-VirtualBox" time="0.699">
  <properties/>
  <testcase name="test1" classname="org.mozilla.javascript.tools.debugger.treetable.TreeTableModelAdapter_ESTest" time="0.392"/>
  <testcase name="test0" classname="org.mozilla.javascript.tools.debugger.treetable.TreeTableModelAdapter_ESTest" time="0.021"/>
  <testcase name="test5" classname="org.mozilla.javascript.tools.debugger.treetable.TreeTableModelAdapter_ESTest" time="0.056"/>
  <testcase name="test4" classname="org.mozilla.javascript.tools.debugger.treetable.TreeTableModelAdapter_ESTest" time="0.036"/>
  <testcase name="test3" classname="org.mozilla.javascript.tools.debugger.treetable.TreeTableModelAdapter_ESTest" time="0.005"/>
  <testcase name="test2" classname="org.mozilla.javascript.tools.debugger.treetable.TreeTableModelAdapter_ESTest" time="0.03"/>
  <testcase name="test8" classname="org.mozilla.javascript.tools.debugger.treetable.TreeTableModelAdapter_ESTest" time="0.014"/>
  <testcase name="test7" classname="org.mozilla.javascript.tools.debugger.treetable.TreeTableModelAdapter_ESTest" time="0.06">
    <skipped/>
  </testcase>
  <testcase name="test6" classname="org.mozilla.javascript.tools.debugger.treetable.TreeTableModelAdapter_ESTest" time="0.045"/>
  <system-out><![CDATA[]]></system-out>
  <system-err><![CDATA[Jan 10, 2019 10:45:10 PM org.evosuite.runtime.instrumentation.EvoClassLoader loadClass
INFO: Seeing class for first time: org.mozilla.javascript.tools.debugger.treetable.TreeTableModelAdapter_ESTest
Jan 10, 2019 10:45:10 PM org.evosuite.runtime.instrumentation.EvoClassLoader instrumentClass
INFO: Instrumenting class 'org.mozilla.javascript.tools.debugger.treetable.TreeTableModelAdapter_ESTest'.
Jan 10, 2019 10:45:11 PM org.evosuite.runtime.instrumentation.EvoClassLoader loadClass
INFO: Seeing class for first time: org.mozilla.javascript.tools.debugger.treetable.TreeTableModelAdapter_ESTest_scaffolding
Jan 10, 2019 10:45:11 PM org.evosuite.runtime.instrumentation.EvoClassLoader instrumentClass
INFO: Instrumenting class 'org.mozilla.javascript.tools.debugger.treetable.TreeTableModelAdapter_ESTest_scaffolding'.
Jan 10, 2019 10:45:11 PM org.evosuite.runtime.instrumentation.EvoClassLoader instrumentClass
INFO: Keeping class: org.mozilla.javascript.tools.debugger.treetable.TreeTableModelAdapter_ESTest_scaffolding
Jan 10, 2019 10:45:11 PM org.evosuite.runtime.instrumentation.EvoClassLoader instrumentClass
INFO: Keeping class: org.mozilla.javascript.tools.debugger.treetable.TreeTableModelAdapter_ESTest
Jan 11, 2019 6:45:11 AM org.evosuite.runtime.instrumentation.EvoClassLoader loadClass
INFO: Seeing class for first time: org.mozilla.javascript.tools.debugger.treetable.TreeTableModelAdapter$3
Jan 11, 2019 6:45:11 AM org.evosuite.runtime.instrumentation.EvoClassLoader instrumentClass
INFO: Instrumenting class 'org.mozilla.javascript.tools.debugger.treetable.TreeTableModelAdapter$3'.
Jan 11, 2019 6:45:11 AM org.evosuite.runtime.instrumentation.MethodCallReplacementClassAdapter visit
INFO: Adding mock interface to class org/mozilla/javascript/tools/debugger/treetable/TreeTableModelAdapter$3
Jan 11, 2019 6:45:12 AM org.evosuite.runtime.instrumentation.EvoClassLoader instrumentClass
INFO: Keeping class: org.mozilla.javascript.tools.debugger.treetable.TreeTableModelAdapter$3
Jan 11, 2019 6:45:12 AM org.evosuite.runtime.instrumentation.EvoClassLoader loadClass
INFO: Seeing class for first time: org.mozilla.javascript.tools.debugger.treetable.TreeTableModelAdapter$2
Jan 11, 2019 6:45:12 AM org.evosuite.runtime.instrumentation.EvoClassLoader instrumentClass
INFO: Instrumenting class 'org.mozilla.javascript.tools.debugger.treetable.TreeTableModelAdapter$2'.
Jan 11, 2019 6:45:12 AM org.evosuite.runtime.instrumentation.MethodCallReplacementClassAdapter visit
INFO: Adding mock interface to class org/mozilla/javascript/tools/debugger/treetable/TreeTableModelAdapter$2
Jan 11, 2019 6:45:12 AM org.evosuite.runtime.instrumentation.EvoClassLoader instrumentClass
INFO: Keeping class: org.mozilla.javascript.tools.debugger.treetable.TreeTableModelAdapter$2
Jan 11, 2019 6:45:12 AM org.evosuite.runtime.instrumentation.EvoClassLoader loadClass
INFO: Seeing class for first time: org.mozilla.javascript.tools.debugger.treetable.TreeTableModelAdapter$1
Jan 11, 2019 6:45:12 AM org.evosuite.runtime.instrumentation.EvoClassLoader instrumentClass
INFO: Instrumenting class 'org.mozilla.javascript.tools.debugger.treetable.TreeTableModelAdapter$1'.
Jan 11, 2019 6:45:12 AM org.evosuite.runtime.instrumentation.MethodCallReplacementClassAdapter visit
INFO: Adding mock interface to class org/mozilla/javascript/tools/debugger/treetable/TreeTableModelAdapter$1
Jan 11, 2019 6:45:12 AM org.evosuite.runtime.instrumentation.EvoClassLoader instrumentClass
INFO: Keeping class: org.mozilla.javascript.tools.debugger.treetable.TreeTableModelAdapter$1
Jan 11, 2019 6:45:12 AM org.evosuite.runtime.instrumentation.EvoClassLoader loadClass
INFO: Seeing class for first time: org.mozilla.javascript.tools.debugger.treetable.TreeTableModel
Jan 11, 2019 6:45:13 AM org.evosuite.runtime.instrumentation.EvoClassLoader instrumentClass
INFO: Instrumenting class 'org.mozilla.javascript.tools.debugger.treetable.TreeTableModel'.
Jan 11, 2019 6:45:13 AM org.evosuite.runtime.instrumentation.EvoClassLoader instrumentClass
INFO: Keeping class: org.mozilla.javascript.tools.debugger.treetable.TreeTableModel
Jan 11, 2019 6:45:13 AM org.evosuite.runtime.instrumentation.EvoClassLoader loadClass
INFO: Seeing class for first time: org.mozilla.javascript.tools.debugger.treetable.TreeTableModelAdapter
Jan 11, 2019 6:45:13 AM org.evosuite.runtime.instrumentation.EvoClassLoader instrumentClass
INFO: Instrumenting class 'org.mozilla.javascript.tools.debugger.treetable.TreeTableModelAdapter'.
Jan 11, 2019 6:45:13 AM org.evosuite.runtime.instrumentation.MethodCallReplacementClassAdapter visit
INFO: Adding mock interface to class org/mozilla/javascript/tools/debugger/treetable/TreeTableModelAdapter
Jan 11, 2019 6:45:13 AM org.evosuite.runtime.instrumentation.CreateClassResetClassAdapter createEmptyStaticReset
INFO: Creating brand-new static initializer in class org/mozilla/javascript/tools/debugger/treetable/TreeTableModelAdapter
Jan 11, 2019 6:45:13 AM org.evosuite.runtime.instrumentation.EvoClassLoader instrumentClass
INFO: Keeping class: org.mozilla.javascript.tools.debugger.treetable.TreeTableModelAdapter
Jan 11, 2019 6:45:17 AM org.evosuite.runtime.thread.ThreadStopper killAndJoinClientThreads
INFO: Found new thread
Jan 11, 2019 6:45:17 AM org.evosuite.runtime.thread.ThreadStopper killAndJoinClientThreads
INFO: Found new thread
Jan 11, 2019 6:45:17 AM org.evosuite.runtime.thread.ThreadStopper killAndJoinClientThreads
INFO: Found new thread
Jan 11, 2019 6:45:17 AM org.evosuite.runtime.thread.ThreadStopper killAndJoinClientThreads
INFO: Found new thread
Jan 11, 2019 6:45:17 AM org.evosuite.runtime.thread.ThreadStopper killAndJoinClientThreads
INFO: Found new thread
Jan 11, 2019 6:45:17 AM org.evosuite.runtime.thread.ThreadStopper killAndJoinClientThreads
INFO: Found new thread
Jan 11, 2019 6:45:17 AM org.evosuite.runtime.thread.ThreadStopper killAndJoinClientThreads
INFO: Found new thread
Jan 11, 2019 6:45:18 AM org.evosuite.runtime.thread.ThreadStopper killAndJoinClientThreads
INFO: Found new thread
Jan 11, 2019 6:45:18 AM org.evosuite.runtime.thread.ThreadStopper killAndJoinClientThreads
INFO: Found new thread
]]></system-err>
</testsuite>
