<?xml version="1.0" encoding="UTF-8"?>
<testsuite name="org.mozilla.javascript.tools.idswitch.CodePrinter_ESTest" tests="22" skipped="0" failures="0" errors="0" timestamp="2019-01-11T06:41:58" hostname="swami-VirtualBox" time="0.182">
  <properties/>
  <testcase name="test03" classname="org.mozilla.javascript.tools.idswitch.CodePrinter_ESTest" time="0.02"/>
  <testcase name="test14" classname="org.mozilla.javascript.tools.idswitch.CodePrinter_ESTest" time="0.011"/>
  <testcase name="test02" classname="org.mozilla.javascript.tools.idswitch.CodePrinter_ESTest" time="0.005"/>
  <testcase name="test13" classname="org.mozilla.javascript.tools.idswitch.CodePrinter_ESTest" time="0.012"/>
  <testcase name="test05" classname="org.mozilla.javascript.tools.idswitch.CodePrinter_ESTest" time="0.004"/>
  <testcase name="test16" classname="org.mozilla.javascript.tools.idswitch.CodePrinter_ESTest" time="0.005"/>
  <testcase name="test04" classname="org.mozilla.javascript.tools.idswitch.CodePrinter_ESTest" time="0.004"/>
  <testcase name="test15" classname="org.mozilla.javascript.tools.idswitch.CodePrinter_ESTest" time="0.016"/>
  <testcase name="test10" classname="org.mozilla.javascript.tools.idswitch.CodePrinter_ESTest" time="0.003"/>
  <testcase name="test21" classname="org.mozilla.javascript.tools.idswitch.CodePrinter_ESTest" time="0.005"/>
  <testcase name="test20" classname="org.mozilla.javascript.tools.idswitch.CodePrinter_ESTest" time="0.003"/>
  <testcase name="test01" classname="org.mozilla.javascript.tools.idswitch.CodePrinter_ESTest" time="0.005"/>
  <testcase name="test12" classname="org.mozilla.javascript.tools.idswitch.CodePrinter_ESTest" time="0.005"/>
  <testcase name="test00" classname="org.mozilla.javascript.tools.idswitch.CodePrinter_ESTest" time="0.014"/>
  <testcase name="test11" classname="org.mozilla.javascript.tools.idswitch.CodePrinter_ESTest" time="0.006"/>
  <testcase name="test07" classname="org.mozilla.javascript.tools.idswitch.CodePrinter_ESTest" time="0.005"/>
  <testcase name="test18" classname="org.mozilla.javascript.tools.idswitch.CodePrinter_ESTest" time="0.017"/>
  <testcase name="test06" classname="org.mozilla.javascript.tools.idswitch.CodePrinter_ESTest" time="0.006"/>
  <testcase name="test17" classname="org.mozilla.javascript.tools.idswitch.CodePrinter_ESTest" time="0.004"/>
  <testcase name="test09" classname="org.mozilla.javascript.tools.idswitch.CodePrinter_ESTest" time="0.007"/>
  <testcase name="test08" classname="org.mozilla.javascript.tools.idswitch.CodePrinter_ESTest" time="0.003"/>
  <testcase name="test19" classname="org.mozilla.javascript.tools.idswitch.CodePrinter_ESTest" time="0.009"/>
  <system-out><![CDATA[]]></system-out>
  <system-err><![CDATA[Jan 10, 2019 10:41:56 PM org.evosuite.runtime.instrumentation.EvoClassLoader loadClass
INFO: Seeing class for first time: org.mozilla.javascript.tools.idswitch.CodePrinter_ESTest
Jan 10, 2019 10:41:56 PM org.evosuite.runtime.instrumentation.EvoClassLoader instrumentClass
INFO: Instrumenting class 'org.mozilla.javascript.tools.idswitch.CodePrinter_ESTest'.
Jan 10, 2019 10:41:57 PM org.evosuite.runtime.instrumentation.EvoClassLoader loadClass
INFO: Seeing class for first time: org.mozilla.javascript.tools.idswitch.CodePrinter_ESTest_scaffolding
Jan 10, 2019 10:41:57 PM org.evosuite.runtime.instrumentation.EvoClassLoader instrumentClass
INFO: Instrumenting class 'org.mozilla.javascript.tools.idswitch.CodePrinter_ESTest_scaffolding'.
Jan 10, 2019 10:41:57 PM org.evosuite.runtime.instrumentation.EvoClassLoader instrumentClass
INFO: Keeping class: org.mozilla.javascript.tools.idswitch.CodePrinter_ESTest_scaffolding
Jan 10, 2019 10:41:57 PM org.evosuite.runtime.instrumentation.EvoClassLoader instrumentClass
INFO: Keeping class: org.mozilla.javascript.tools.idswitch.CodePrinter_ESTest
Jan 11, 2019 6:41:57 AM org.evosuite.runtime.instrumentation.EvoClassLoader loadClass
INFO: Seeing class for first time: org.mozilla.javascript.tools.idswitch.CodePrinter
Jan 11, 2019 6:41:57 AM org.evosuite.runtime.instrumentation.EvoClassLoader instrumentClass
INFO: Instrumenting class 'org.mozilla.javascript.tools.idswitch.CodePrinter'.
Jan 11, 2019 6:41:57 AM org.evosuite.runtime.instrumentation.MethodCallReplacementClassAdapter visit
INFO: Adding mock interface to class org/mozilla/javascript/tools/idswitch/CodePrinter
Jan 11, 2019 6:41:57 AM org.evosuite.runtime.instrumentation.CreateClassResetClassAdapter createEmptyStaticReset
INFO: Creating brand-new static initializer in class org/mozilla/javascript/tools/idswitch/CodePrinter
Jan 11, 2019 6:41:57 AM org.evosuite.runtime.instrumentation.CreateClassResetClassAdapter createEmptyStaticReset
INFO: Adding bytecode for initializing field LITERAL_CHAR_MAX_SIZE
Jan 11, 2019 6:41:57 AM org.evosuite.runtime.instrumentation.EvoClassLoader instrumentClass
INFO: Keeping class: org.mozilla.javascript.tools.idswitch.CodePrinter
Jan 11, 2019 6:41:58 AM org.evosuite.runtime.thread.ThreadStopper killAndJoinClientThreads
INFO: Found new thread
Jan 11, 2019 6:41:58 AM org.evosuite.runtime.thread.ThreadStopper killAndJoinClientThreads
INFO: Found new thread
Jan 11, 2019 6:41:58 AM org.evosuite.runtime.thread.ThreadStopper killAndJoinClientThreads
INFO: Found new thread
Jan 11, 2019 6:41:58 AM org.evosuite.runtime.thread.ThreadStopper killAndJoinClientThreads
INFO: Found new thread
Jan 11, 2019 6:41:58 AM org.evosuite.runtime.thread.ThreadStopper killAndJoinClientThreads
INFO: Found new thread
Jan 11, 2019 6:41:58 AM org.evosuite.runtime.thread.ThreadStopper killAndJoinClientThreads
INFO: Found new thread
Jan 11, 2019 6:41:58 AM org.evosuite.runtime.thread.ThreadStopper killAndJoinClientThreads
INFO: Found new thread
Jan 11, 2019 6:41:58 AM org.evosuite.runtime.thread.ThreadStopper killAndJoinClientThreads
INFO: Found new thread
Jan 11, 2019 6:41:58 AM org.evosuite.runtime.thread.ThreadStopper killAndJoinClientThreads
INFO: Found new thread
Jan 11, 2019 6:41:58 AM org.evosuite.runtime.thread.ThreadStopper killAndJoinClientThreads
INFO: Found new thread
Jan 11, 2019 6:41:58 AM org.evosuite.runtime.thread.ThreadStopper killAndJoinClientThreads
INFO: Found new thread
Jan 11, 2019 6:41:58 AM org.evosuite.runtime.thread.ThreadStopper killAndJoinClientThreads
INFO: Found new thread
Jan 11, 2019 6:41:58 AM org.evosuite.runtime.thread.ThreadStopper killAndJoinClientThreads
INFO: Found new thread
Jan 11, 2019 6:41:58 AM org.evosuite.runtime.thread.ThreadStopper killAndJoinClientThreads
INFO: Found new thread
Jan 11, 2019 6:41:58 AM org.evosuite.runtime.thread.ThreadStopper killAndJoinClientThreads
INFO: Found new thread
Jan 11, 2019 6:41:58 AM org.evosuite.runtime.thread.ThreadStopper killAndJoinClientThreads
INFO: Found new thread
Jan 11, 2019 6:41:58 AM org.evosuite.runtime.thread.ThreadStopper killAndJoinClientThreads
INFO: Found new thread
Jan 11, 2019 6:41:58 AM org.evosuite.runtime.thread.ThreadStopper killAndJoinClientThreads
INFO: Found new thread
Jan 11, 2019 6:41:58 AM org.evosuite.runtime.thread.ThreadStopper killAndJoinClientThreads
INFO: Found new thread
Jan 11, 2019 6:41:58 AM org.evosuite.runtime.thread.ThreadStopper killAndJoinClientThreads
INFO: Found new thread
Jan 11, 2019 6:41:58 AM org.evosuite.runtime.thread.ThreadStopper killAndJoinClientThreads
INFO: Found new thread
Jan 11, 2019 6:41:58 AM org.evosuite.runtime.thread.ThreadStopper killAndJoinClientThreads
INFO: Found new thread
]]></system-err>
</testsuite>
