<?xml version="1.0" encoding="UTF-8"?>
<testsuite name="org.mozilla.javascript.DToA_ESTest" tests="31" skipped="0" failures="0" errors="0" timestamp="2019-01-11T06:47:29" hostname="swami-VirtualBox" time="0.714">
  <properties/>
  <testcase name="test12" classname="org.mozilla.javascript.DToA_ESTest" time="0.047"/>
  <testcase name="test11" classname="org.mozilla.javascript.DToA_ESTest" time="0.038"/>
  <testcase name="test10" classname="org.mozilla.javascript.DToA_ESTest" time="0.017"/>
  <testcase name="test16" classname="org.mozilla.javascript.DToA_ESTest" time="0.013"/>
  <testcase name="test15" classname="org.mozilla.javascript.DToA_ESTest" time="0.02"/>
  <testcase name="test14" classname="org.mozilla.javascript.DToA_ESTest" time="0.026"/>
  <testcase name="test13" classname="org.mozilla.javascript.DToA_ESTest" time="0.03"/>
  <testcase name="test19" classname="org.mozilla.javascript.DToA_ESTest" time="0.005"/>
  <testcase name="test18" classname="org.mozilla.javascript.DToA_ESTest" time="0.034"/>
  <testcase name="test17" classname="org.mozilla.javascript.DToA_ESTest" time="0.006"/>
  <testcase name="test30" classname="org.mozilla.javascript.DToA_ESTest" time="0.034"/>
  <testcase name="test01" classname="org.mozilla.javascript.DToA_ESTest" time="0.009"/>
  <testcase name="test23" classname="org.mozilla.javascript.DToA_ESTest" time="0.012"/>
  <testcase name="test00" classname="org.mozilla.javascript.DToA_ESTest" time="0.016"/>
  <testcase name="test22" classname="org.mozilla.javascript.DToA_ESTest" time="0.028"/>
  <testcase name="test21" classname="org.mozilla.javascript.DToA_ESTest" time="0.019"/>
  <testcase name="test20" classname="org.mozilla.javascript.DToA_ESTest" time="0.04"/>
  <testcase name="test05" classname="org.mozilla.javascript.DToA_ESTest" time="0.017"/>
  <testcase name="test27" classname="org.mozilla.javascript.DToA_ESTest" time="0.014"/>
  <testcase name="test04" classname="org.mozilla.javascript.DToA_ESTest" time="0.014"/>
  <testcase name="test26" classname="org.mozilla.javascript.DToA_ESTest" time="0.003"/>
  <testcase name="test03" classname="org.mozilla.javascript.DToA_ESTest" time="0.017"/>
  <testcase name="test25" classname="org.mozilla.javascript.DToA_ESTest" time="0.015"/>
  <testcase name="test02" classname="org.mozilla.javascript.DToA_ESTest" time="0.042"/>
  <testcase name="test24" classname="org.mozilla.javascript.DToA_ESTest" time="0.016"/>
  <testcase name="test09" classname="org.mozilla.javascript.DToA_ESTest" time="0.016"/>
  <testcase name="test08" classname="org.mozilla.javascript.DToA_ESTest" time="0.031"/>
  <testcase name="test07" classname="org.mozilla.javascript.DToA_ESTest" time="0.009"/>
  <testcase name="test29" classname="org.mozilla.javascript.DToA_ESTest" time="0.009"/>
  <testcase name="test06" classname="org.mozilla.javascript.DToA_ESTest" time="0.031"/>
  <testcase name="test28" classname="org.mozilla.javascript.DToA_ESTest" time="0.01"/>
  <system-out><![CDATA[]]></system-out>
  <system-err><![CDATA[Jan 10, 2019 10:47:27 PM org.evosuite.runtime.instrumentation.EvoClassLoader loadClass
INFO: Seeing class for first time: org.mozilla.javascript.DToA_ESTest
Jan 10, 2019 10:47:27 PM org.evosuite.runtime.instrumentation.EvoClassLoader instrumentClass
INFO: Instrumenting class 'org.mozilla.javascript.DToA_ESTest'.
Jan 10, 2019 10:47:27 PM org.evosuite.runtime.instrumentation.EvoClassLoader loadClass
INFO: Seeing class for first time: org.mozilla.javascript.DToA_ESTest_scaffolding
Jan 10, 2019 10:47:27 PM org.evosuite.runtime.instrumentation.EvoClassLoader instrumentClass
INFO: Instrumenting class 'org.mozilla.javascript.DToA_ESTest_scaffolding'.
Jan 10, 2019 10:47:27 PM org.evosuite.runtime.instrumentation.EvoClassLoader instrumentClass
INFO: Keeping class: org.mozilla.javascript.DToA_ESTest_scaffolding
Jan 10, 2019 10:47:27 PM org.evosuite.runtime.instrumentation.EvoClassLoader instrumentClass
INFO: Keeping class: org.mozilla.javascript.DToA_ESTest
Jan 11, 2019 6:47:28 AM org.evosuite.runtime.instrumentation.EvoClassLoader loadClass
INFO: Seeing class for first time: org.mozilla.javascript.DToA
Jan 11, 2019 6:47:28 AM org.evosuite.runtime.instrumentation.EvoClassLoader instrumentClass
INFO: Instrumenting class 'org.mozilla.javascript.DToA'.
Jan 11, 2019 6:47:28 AM org.evosuite.runtime.instrumentation.MethodCallReplacementClassAdapter visit
INFO: Adding mock interface to class org/mozilla/javascript/DToA
Jan 11, 2019 6:47:29 AM org.evosuite.runtime.instrumentation.CreateClassResetClassAdapter visitMethod
INFO: Found static initializer in class org/mozilla/javascript/DToA
Jan 11, 2019 6:47:29 AM org.evosuite.runtime.instrumentation.EvoClassLoader instrumentClass
INFO: Keeping class: org.mozilla.javascript.DToA
Jan 11, 2019 6:47:30 AM org.evosuite.runtime.thread.ThreadStopper killAndJoinClientThreads
INFO: Found new thread
Jan 11, 2019 6:47:30 AM org.evosuite.runtime.thread.ThreadStopper killAndJoinClientThreads
INFO: Found new thread
Jan 11, 2019 6:47:30 AM org.evosuite.runtime.thread.ThreadStopper killAndJoinClientThreads
INFO: Found new thread
Jan 11, 2019 6:47:30 AM org.evosuite.runtime.thread.ThreadStopper killAndJoinClientThreads
INFO: Found new thread
Jan 11, 2019 6:47:30 AM org.evosuite.runtime.thread.ThreadStopper killAndJoinClientThreads
INFO: Found new thread
Jan 11, 2019 6:47:30 AM org.evosuite.runtime.thread.ThreadStopper killAndJoinClientThreads
INFO: Found new thread
Jan 11, 2019 6:47:30 AM org.evosuite.runtime.thread.ThreadStopper killAndJoinClientThreads
INFO: Found new thread
Jan 11, 2019 6:47:30 AM org.evosuite.runtime.thread.ThreadStopper killAndJoinClientThreads
INFO: Found new thread
Jan 11, 2019 6:47:30 AM org.evosuite.runtime.thread.ThreadStopper killAndJoinClientThreads
INFO: Found new thread
Jan 11, 2019 6:47:30 AM org.evosuite.runtime.thread.ThreadStopper killAndJoinClientThreads
INFO: Found new thread
Jan 11, 2019 6:47:30 AM org.evosuite.runtime.thread.ThreadStopper killAndJoinClientThreads
INFO: Found new thread
Jan 11, 2019 6:47:30 AM org.evosuite.runtime.thread.ThreadStopper killAndJoinClientThreads
INFO: Found new thread
Jan 11, 2019 6:47:30 AM org.evosuite.runtime.thread.ThreadStopper killAndJoinClientThreads
INFO: Found new thread
Jan 11, 2019 6:47:30 AM org.evosuite.runtime.thread.ThreadStopper killAndJoinClientThreads
INFO: Found new thread
Jan 11, 2019 6:47:30 AM org.evosuite.runtime.thread.ThreadStopper killAndJoinClientThreads
INFO: Found new thread
Jan 11, 2019 6:47:30 AM org.evosuite.runtime.thread.ThreadStopper killAndJoinClientThreads
INFO: Found new thread
Jan 11, 2019 6:47:30 AM org.evosuite.runtime.thread.ThreadStopper killAndJoinClientThreads
INFO: Found new thread
Jan 11, 2019 6:47:30 AM org.evosuite.runtime.thread.ThreadStopper killAndJoinClientThreads
INFO: Found new thread
Jan 11, 2019 6:47:30 AM org.evosuite.runtime.thread.ThreadStopper killAndJoinClientThreads
INFO: Found new thread
Jan 11, 2019 6:47:30 AM org.evosuite.runtime.thread.ThreadStopper killAndJoinClientThreads
INFO: Found new thread
Jan 11, 2019 6:47:30 AM org.evosuite.runtime.thread.ThreadStopper killAndJoinClientThreads
INFO: Found new thread
Jan 11, 2019 6:47:30 AM org.evosuite.runtime.thread.ThreadStopper killAndJoinClientThreads
INFO: Found new thread
Jan 11, 2019 6:47:30 AM org.evosuite.runtime.thread.ThreadStopper killAndJoinClientThreads
INFO: Found new thread
Jan 11, 2019 6:47:30 AM org.evosuite.runtime.thread.ThreadStopper killAndJoinClientThreads
INFO: Found new thread
Jan 11, 2019 6:47:30 AM org.evosuite.runtime.thread.ThreadStopper killAndJoinClientThreads
INFO: Found new thread
Jan 11, 2019 6:47:30 AM org.evosuite.runtime.thread.ThreadStopper killAndJoinClientThreads
INFO: Found new thread
Jan 11, 2019 6:47:30 AM org.evosuite.runtime.thread.ThreadStopper killAndJoinClientThreads
INFO: Found new thread
Jan 11, 2019 6:47:30 AM org.evosuite.runtime.thread.ThreadStopper killAndJoinClientThreads
INFO: Found new thread
Jan 11, 2019 6:47:30 AM org.evosuite.runtime.thread.ThreadStopper killAndJoinClientThreads
INFO: Found new thread
Jan 11, 2019 6:47:30 AM org.evosuite.runtime.thread.ThreadStopper killAndJoinClientThreads
INFO: Found new thread
Jan 11, 2019 6:47:30 AM org.evosuite.runtime.thread.ThreadStopper killAndJoinClientThreads
INFO: Found new thread
]]></system-err>
</testsuite>
