<?xml version="1.0" encoding="UTF-8"?>
<testsuite name="org.mozilla.classfile.FieldOrMethodRef_ESTest" tests="5" skipped="0" failures="0" errors="0" timestamp="2019-01-11T07:03:35" hostname="swami-VirtualBox" time="0.139">
  <properties/>
  <testcase name="test3" classname="org.mozilla.classfile.FieldOrMethodRef_ESTest" time="0.042"/>
  <testcase name="test2" classname="org.mozilla.classfile.FieldOrMethodRef_ESTest" time="0.023"/>
  <testcase name="test4" classname="org.mozilla.classfile.FieldOrMethodRef_ESTest" time="0.043"/>
  <testcase name="test1" classname="org.mozilla.classfile.FieldOrMethodRef_ESTest" time="0.003"/>
  <testcase name="test0" classname="org.mozilla.classfile.FieldOrMethodRef_ESTest" time="0.021"/>
  <system-out><![CDATA[]]></system-out>
  <system-err><![CDATA[Jan 10, 2019 11:03:32 PM org.evosuite.runtime.instrumentation.EvoClassLoader loadClass
INFO: Seeing class for first time: org.mozilla.classfile.FieldOrMethodRef_ESTest
Jan 10, 2019 11:03:33 PM org.evosuite.runtime.instrumentation.EvoClassLoader instrumentClass
INFO: Instrumenting class 'org.mozilla.classfile.FieldOrMethodRef_ESTest'.
Jan 10, 2019 11:03:33 PM org.evosuite.runtime.instrumentation.EvoClassLoader loadClass
INFO: Seeing class for first time: org.mozilla.classfile.FieldOrMethodRef_ESTest_scaffolding
Jan 10, 2019 11:03:33 PM org.evosuite.runtime.instrumentation.EvoClassLoader instrumentClass
INFO: Instrumenting class 'org.mozilla.classfile.FieldOrMethodRef_ESTest_scaffolding'.
Jan 10, 2019 11:03:33 PM org.evosuite.runtime.instrumentation.EvoClassLoader instrumentClass
INFO: Keeping class: org.mozilla.classfile.FieldOrMethodRef_ESTest_scaffolding
Jan 10, 2019 11:03:33 PM org.evosuite.runtime.instrumentation.EvoClassLoader instrumentClass
INFO: Keeping class: org.mozilla.classfile.FieldOrMethodRef_ESTest
Jan 11, 2019 7:03:34 AM org.evosuite.runtime.instrumentation.EvoClassLoader loadClass
INFO: Seeing class for first time: org.mozilla.classfile.FieldOrMethodRef
Jan 11, 2019 7:03:34 AM org.evosuite.runtime.instrumentation.EvoClassLoader instrumentClass
INFO: Instrumenting class 'org.mozilla.classfile.FieldOrMethodRef'.
Jan 11, 2019 7:03:34 AM org.evosuite.runtime.instrumentation.MethodCallReplacementClassAdapter visit
INFO: Adding mock interface to class org/mozilla/classfile/FieldOrMethodRef
Jan 11, 2019 7:03:35 AM org.evosuite.runtime.instrumentation.CreateClassResetClassAdapter createEmptyStaticReset
INFO: Creating brand-new static initializer in class org/mozilla/classfile/FieldOrMethodRef
Jan 11, 2019 7:03:35 AM org.evosuite.runtime.instrumentation.EvoClassLoader instrumentClass
INFO: Keeping class: org.mozilla.classfile.FieldOrMethodRef
Jan 11, 2019 7:03:35 AM org.evosuite.runtime.thread.ThreadStopper killAndJoinClientThreads
INFO: Found new thread
Jan 11, 2019 7:03:35 AM org.evosuite.runtime.thread.ThreadStopper killAndJoinClientThreads
INFO: Found new thread
Jan 11, 2019 7:03:35 AM org.evosuite.runtime.thread.ThreadStopper killAndJoinClientThreads
INFO: Found new thread
Jan 11, 2019 7:03:35 AM org.evosuite.runtime.thread.ThreadStopper killAndJoinClientThreads
INFO: Found new thread
Jan 11, 2019 7:03:35 AM org.evosuite.runtime.thread.ThreadStopper killAndJoinClientThreads
INFO: Found new thread
]]></system-err>
</testsuite>
