<?xml version="1.0" encoding="UTF-8"?>
<testsuite name="org.mozilla.javascript.SecureCaller_ESTest" tests="1" skipped="0" failures="0" errors="0" timestamp="2019-01-11T06:25:19" hostname="swami-VirtualBox" time="0.174">
  <properties/>
  <testcase name="test0" classname="org.mozilla.javascript.SecureCaller_ESTest" time="0.174"/>
  <system-out><![CDATA[]]></system-out>
  <system-err><![CDATA[Jan 10, 2019 10:25:18 PM org.evosuite.runtime.instrumentation.EvoClassLoader loadClass
INFO: Seeing class for first time: org.mozilla.javascript.SecureCaller_ESTest
Jan 10, 2019 10:25:18 PM org.evosuite.runtime.instrumentation.EvoClassLoader instrumentClass
INFO: Instrumenting class 'org.mozilla.javascript.SecureCaller_ESTest'.
Jan 10, 2019 10:25:18 PM org.evosuite.runtime.instrumentation.EvoClassLoader loadClass
INFO: Seeing class for first time: org.mozilla.javascript.SecureCaller_ESTest_scaffolding
Jan 10, 2019 10:25:18 PM org.evosuite.runtime.instrumentation.EvoClassLoader instrumentClass
INFO: Instrumenting class 'org.mozilla.javascript.SecureCaller_ESTest_scaffolding'.
Jan 10, 2019 10:25:18 PM org.evosuite.runtime.instrumentation.EvoClassLoader instrumentClass
INFO: Keeping class: org.mozilla.javascript.SecureCaller_ESTest_scaffolding
Jan 10, 2019 10:25:18 PM org.evosuite.runtime.instrumentation.EvoClassLoader instrumentClass
INFO: Keeping class: org.mozilla.javascript.SecureCaller_ESTest
Jan 11, 2019 6:25:19 AM org.evosuite.runtime.instrumentation.EvoClassLoader loadClass
INFO: Seeing class for first time: org.mozilla.javascript.SecureCaller$3
Jan 11, 2019 6:25:19 AM org.evosuite.runtime.instrumentation.EvoClassLoader instrumentClass
INFO: Instrumenting class 'org.mozilla.javascript.SecureCaller$3'.
Jan 11, 2019 6:25:19 AM org.evosuite.runtime.instrumentation.MethodCallReplacementClassAdapter visit
INFO: Adding mock interface to class org/mozilla/javascript/SecureCaller$3
Jan 11, 2019 6:25:19 AM org.evosuite.runtime.instrumentation.EvoClassLoader instrumentClass
INFO: Keeping class: org.mozilla.javascript.SecureCaller$3
Jan 11, 2019 6:25:19 AM org.evosuite.runtime.instrumentation.EvoClassLoader loadClass
INFO: Seeing class for first time: org.mozilla.javascript.SecureCaller
Jan 11, 2019 6:25:19 AM org.evosuite.runtime.instrumentation.EvoClassLoader instrumentClass
INFO: Instrumenting class 'org.mozilla.javascript.SecureCaller'.
Jan 11, 2019 6:25:19 AM org.evosuite.runtime.instrumentation.MethodCallReplacementClassAdapter visit
INFO: Adding mock interface to class org/mozilla/javascript/SecureCaller
Jan 11, 2019 6:25:19 AM org.evosuite.runtime.instrumentation.CreateClassResetClassAdapter visitMethod
INFO: Found static initializer in class org/mozilla/javascript/SecureCaller
Jan 11, 2019 6:25:19 AM org.evosuite.runtime.instrumentation.EvoClassLoader instrumentClass
INFO: Keeping class: org.mozilla.javascript.SecureCaller
Jan 11, 2019 6:25:19 AM org.evosuite.runtime.util.AtMostOnceLogger logAtMostOnce
SEVERE: Could not initialize org.mozilla.javascript.SecureCaller: null
Jan 11, 2019 6:25:19 AM org.evosuite.runtime.thread.ThreadStopper killAndJoinClientThreads
INFO: Found new thread
Jan 11, 2019 6:25:19 AM org.evosuite.runtime.instrumentation.EvoClassLoader loadClass
INFO: Seeing class for first time: org.mozilla.javascript.Callable
Jan 11, 2019 6:25:19 AM org.evosuite.runtime.instrumentation.EvoClassLoader instrumentClass
INFO: Instrumenting class 'org.mozilla.javascript.Callable'.
Jan 11, 2019 6:25:19 AM org.evosuite.runtime.instrumentation.EvoClassLoader instrumentClass
INFO: Keeping class: org.mozilla.javascript.Callable
Jan 11, 2019 6:25:19 AM org.evosuite.runtime.instrumentation.EvoClassLoader loadClass
INFO: Seeing class for first time: org.mozilla.javascript.Context
Jan 11, 2019 6:25:19 AM org.evosuite.runtime.instrumentation.EvoClassLoader instrumentClass
INFO: Instrumenting class 'org.mozilla.javascript.Context'.
Jan 11, 2019 6:25:19 AM org.evosuite.runtime.instrumentation.MethodCallReplacementClassAdapter visit
INFO: Adding mock interface to class org/mozilla/javascript/Context
Jan 11, 2019 6:25:19 AM org.evosuite.runtime.instrumentation.CreateClassResetClassAdapter visitMethod
INFO: Found static initializer in class org/mozilla/javascript/Context
Jan 11, 2019 6:25:19 AM org.evosuite.runtime.instrumentation.EvoClassLoader instrumentClass
INFO: Keeping class: org.mozilla.javascript.Context
Jan 11, 2019 6:25:19 AM org.evosuite.runtime.instrumentation.EvoClassLoader loadClass
INFO: Seeing class for first time: org.mozilla.javascript.Scriptable
Jan 11, 2019 6:25:19 AM org.evosuite.runtime.instrumentation.EvoClassLoader instrumentClass
INFO: Instrumenting class 'org.mozilla.javascript.Scriptable'.
Jan 11, 2019 6:25:19 AM org.evosuite.runtime.instrumentation.EvoClassLoader instrumentClass
INFO: Keeping class: org.mozilla.javascript.Scriptable
Jan 11, 2019 6:25:19 AM org.evosuite.runtime.util.AtMostOnceLogger logAtMostOnce
SEVERE: java.lang.NoClassDefFoundError: Could not initialize class org.mozilla.javascript.SecureCaller
]]></system-err>
</testsuite>
