<?xml version="1.0" encoding="UTF-8"?>
<testsuite name="org.mozilla.javascript.v8dtoa.FastDtoaBuilder_ESTest" tests="6" skipped="0" failures="0" errors="0" timestamp="2019-01-11T06:31:08" hostname="swami-VirtualBox" time="0.059">
  <properties/>
  <testcase name="test3" classname="org.mozilla.javascript.v8dtoa.FastDtoaBuilder_ESTest" time="0.024"/>
  <testcase name="test2" classname="org.mozilla.javascript.v8dtoa.FastDtoaBuilder_ESTest" time="0.015"/>
  <testcase name="test5" classname="org.mozilla.javascript.v8dtoa.FastDtoaBuilder_ESTest" time="0.005"/>
  <testcase name="test4" classname="org.mozilla.javascript.v8dtoa.FastDtoaBuilder_ESTest" time="0.003"/>
  <testcase name="test1" classname="org.mozilla.javascript.v8dtoa.FastDtoaBuilder_ESTest" time="0.003"/>
  <testcase name="test0" classname="org.mozilla.javascript.v8dtoa.FastDtoaBuilder_ESTest" time="0.004"/>
  <system-out><![CDATA[]]></system-out>
  <system-err><![CDATA[Jan 10, 2019 10:31:07 PM org.evosuite.runtime.instrumentation.EvoClassLoader loadClass
INFO: Seeing class for first time: org.mozilla.javascript.v8dtoa.FastDtoaBuilder_ESTest
Jan 10, 2019 10:31:07 PM org.evosuite.runtime.instrumentation.EvoClassLoader instrumentClass
INFO: Instrumenting class 'org.mozilla.javascript.v8dtoa.FastDtoaBuilder_ESTest'.
Jan 10, 2019 10:31:07 PM org.evosuite.runtime.instrumentation.EvoClassLoader loadClass
INFO: Seeing class for first time: org.mozilla.javascript.v8dtoa.FastDtoaBuilder_ESTest_scaffolding
Jan 10, 2019 10:31:07 PM org.evosuite.runtime.instrumentation.EvoClassLoader instrumentClass
INFO: Instrumenting class 'org.mozilla.javascript.v8dtoa.FastDtoaBuilder_ESTest_scaffolding'.
Jan 10, 2019 10:31:07 PM org.evosuite.runtime.instrumentation.EvoClassLoader instrumentClass
INFO: Keeping class: org.mozilla.javascript.v8dtoa.FastDtoaBuilder_ESTest_scaffolding
Jan 10, 2019 10:31:07 PM org.evosuite.runtime.instrumentation.EvoClassLoader instrumentClass
INFO: Keeping class: org.mozilla.javascript.v8dtoa.FastDtoaBuilder_ESTest
Jan 11, 2019 6:31:07 AM org.evosuite.runtime.instrumentation.EvoClassLoader loadClass
INFO: Seeing class for first time: org.mozilla.javascript.v8dtoa.FastDtoaBuilder
Jan 11, 2019 6:31:07 AM org.evosuite.runtime.instrumentation.EvoClassLoader instrumentClass
INFO: Instrumenting class 'org.mozilla.javascript.v8dtoa.FastDtoaBuilder'.
Jan 11, 2019 6:31:07 AM org.evosuite.runtime.instrumentation.MethodCallReplacementClassAdapter visit
INFO: Adding mock interface to class org/mozilla/javascript/v8dtoa/FastDtoaBuilder
Jan 11, 2019 6:31:08 AM org.evosuite.runtime.instrumentation.CreateClassResetClassAdapter visitMethod
INFO: Found static initializer in class org/mozilla/javascript/v8dtoa/FastDtoaBuilder
Jan 11, 2019 6:31:08 AM org.evosuite.runtime.instrumentation.EvoClassLoader instrumentClass
INFO: Keeping class: org.mozilla.javascript.v8dtoa.FastDtoaBuilder
Jan 11, 2019 6:31:08 AM org.evosuite.runtime.thread.ThreadStopper killAndJoinClientThreads
INFO: Found new thread
Jan 11, 2019 6:31:08 AM org.evosuite.runtime.thread.ThreadStopper killAndJoinClientThreads
INFO: Found new thread
Jan 11, 2019 6:31:08 AM org.evosuite.runtime.thread.ThreadStopper killAndJoinClientThreads
INFO: Found new thread
Jan 11, 2019 6:31:08 AM org.evosuite.runtime.thread.ThreadStopper killAndJoinClientThreads
INFO: Found new thread
Jan 11, 2019 6:31:08 AM org.evosuite.runtime.thread.ThreadStopper killAndJoinClientThreads
INFO: Found new thread
Jan 11, 2019 6:31:08 AM org.evosuite.runtime.thread.ThreadStopper killAndJoinClientThreads
INFO: Found new thread
]]></system-err>
</testsuite>
