<?xml version="1.0" encoding="UTF-8"?>
<testsuite name="org.mozilla.javascript.v8dtoa.FastDtoaBuilder_ESTest" tests="8" skipped="0" failures="0" errors="0" timestamp="2019-01-10T23:21:34" hostname="swami-VirtualBox" time="0.188">
  <properties/>
  <testcase name="test3" classname="org.mozilla.javascript.v8dtoa.FastDtoaBuilder_ESTest" time="0.048"/>
  <testcase name="test2" classname="org.mozilla.javascript.v8dtoa.FastDtoaBuilder_ESTest" time="0.006"/>
  <testcase name="test5" classname="org.mozilla.javascript.v8dtoa.FastDtoaBuilder_ESTest" time="0.018"/>
  <testcase name="test4" classname="org.mozilla.javascript.v8dtoa.FastDtoaBuilder_ESTest" time="0.017"/>
  <testcase name="test7" classname="org.mozilla.javascript.v8dtoa.FastDtoaBuilder_ESTest" time="0.02"/>
  <testcase name="test6" classname="org.mozilla.javascript.v8dtoa.FastDtoaBuilder_ESTest" time="0.016"/>
  <testcase name="test1" classname="org.mozilla.javascript.v8dtoa.FastDtoaBuilder_ESTest" time="0.035"/>
  <testcase name="test0" classname="org.mozilla.javascript.v8dtoa.FastDtoaBuilder_ESTest" time="0.016"/>
  <system-out><![CDATA[]]></system-out>
  <system-err><![CDATA[Jan 10, 2019 3:21:31 PM org.evosuite.runtime.instrumentation.EvoClassLoader loadClass
INFO: Seeing class for first time: org.mozilla.javascript.v8dtoa.FastDtoaBuilder_ESTest
Jan 10, 2019 3:21:31 PM org.evosuite.runtime.instrumentation.EvoClassLoader instrumentClass
INFO: Instrumenting class 'org.mozilla.javascript.v8dtoa.FastDtoaBuilder_ESTest'.
Jan 10, 2019 3:21:32 PM org.evosuite.runtime.instrumentation.EvoClassLoader loadClass
INFO: Seeing class for first time: org.mozilla.javascript.v8dtoa.FastDtoaBuilder_ESTest_scaffolding
Jan 10, 2019 3:21:32 PM org.evosuite.runtime.instrumentation.EvoClassLoader instrumentClass
INFO: Instrumenting class 'org.mozilla.javascript.v8dtoa.FastDtoaBuilder_ESTest_scaffolding'.
Jan 10, 2019 3:21:32 PM org.evosuite.runtime.instrumentation.EvoClassLoader instrumentClass
INFO: Keeping class: org.mozilla.javascript.v8dtoa.FastDtoaBuilder_ESTest_scaffolding
Jan 10, 2019 3:21:32 PM org.evosuite.runtime.instrumentation.EvoClassLoader instrumentClass
INFO: Keeping class: org.mozilla.javascript.v8dtoa.FastDtoaBuilder_ESTest
Jan 10, 2019 11:21:33 PM org.evosuite.runtime.instrumentation.EvoClassLoader loadClass
INFO: Seeing class for first time: org.mozilla.javascript.v8dtoa.FastDtoaBuilder
Jan 10, 2019 11:21:33 PM org.evosuite.runtime.instrumentation.EvoClassLoader instrumentClass
INFO: Instrumenting class 'org.mozilla.javascript.v8dtoa.FastDtoaBuilder'.
Jan 10, 2019 11:21:33 PM org.evosuite.runtime.instrumentation.MethodCallReplacementClassAdapter visit
INFO: Adding mock interface to class org/mozilla/javascript/v8dtoa/FastDtoaBuilder
Jan 10, 2019 11:21:34 PM org.evosuite.runtime.instrumentation.CreateClassResetClassAdapter visitMethod
INFO: Found static initializer in class org/mozilla/javascript/v8dtoa/FastDtoaBuilder
Jan 10, 2019 11:21:34 PM org.evosuite.runtime.instrumentation.EvoClassLoader instrumentClass
INFO: Keeping class: org.mozilla.javascript.v8dtoa.FastDtoaBuilder
Jan 10, 2019 11:21:34 PM org.evosuite.runtime.thread.ThreadStopper killAndJoinClientThreads
INFO: Found new thread
Jan 10, 2019 11:21:34 PM org.evosuite.runtime.thread.ThreadStopper killAndJoinClientThreads
INFO: Found new thread
Jan 10, 2019 11:21:34 PM org.evosuite.runtime.thread.ThreadStopper killAndJoinClientThreads
INFO: Found new thread
Jan 10, 2019 11:21:34 PM org.evosuite.runtime.thread.ThreadStopper killAndJoinClientThreads
INFO: Found new thread
Jan 10, 2019 11:21:34 PM org.evosuite.runtime.thread.ThreadStopper killAndJoinClientThreads
INFO: Found new thread
Jan 10, 2019 11:21:34 PM org.evosuite.runtime.thread.ThreadStopper killAndJoinClientThreads
INFO: Found new thread
Jan 10, 2019 11:21:34 PM org.evosuite.runtime.thread.ThreadStopper killAndJoinClientThreads
INFO: Found new thread
Jan 10, 2019 11:21:34 PM org.evosuite.runtime.thread.ThreadStopper killAndJoinClientThreads
INFO: Found new thread
]]></system-err>
</testsuite>
