<?xml version="1.0" encoding="UTF-8"?>
<testsuite name="org.mozilla.javascript.SecurityUtilities_ESTest" tests="4" skipped="0" failures="0" errors="0" timestamp="2019-01-10T23:51:01" hostname="swami-VirtualBox" time="0.162">
  <properties/>
  <testcase name="test0" classname="org.mozilla.javascript.SecurityUtilities_ESTest" time="0.075"/>
  <testcase name="test1" classname="org.mozilla.javascript.SecurityUtilities_ESTest" time="0.02"/>
  <testcase name="test2" classname="org.mozilla.javascript.SecurityUtilities_ESTest" time="0.007"/>
  <testcase name="test3" classname="org.mozilla.javascript.SecurityUtilities_ESTest" time="0.023"/>
  <system-out><![CDATA[]]></system-out>
  <system-err><![CDATA[Jan 10, 2019 3:50:58 PM org.evosuite.runtime.instrumentation.EvoClassLoader loadClass
INFO: Seeing class for first time: org.mozilla.javascript.SecurityUtilities_ESTest
Jan 10, 2019 3:50:58 PM org.evosuite.runtime.instrumentation.EvoClassLoader instrumentClass
INFO: Instrumenting class 'org.mozilla.javascript.SecurityUtilities_ESTest'.
Jan 10, 2019 3:50:59 PM org.evosuite.runtime.instrumentation.EvoClassLoader loadClass
INFO: Seeing class for first time: org.mozilla.javascript.SecurityUtilities_ESTest_scaffolding
Jan 10, 2019 3:50:59 PM org.evosuite.runtime.instrumentation.EvoClassLoader instrumentClass
INFO: Instrumenting class 'org.mozilla.javascript.SecurityUtilities_ESTest_scaffolding'.
Jan 10, 2019 3:50:59 PM org.evosuite.runtime.instrumentation.EvoClassLoader instrumentClass
INFO: Keeping class: org.mozilla.javascript.SecurityUtilities_ESTest_scaffolding
Jan 10, 2019 3:50:59 PM org.evosuite.runtime.instrumentation.EvoClassLoader instrumentClass
INFO: Keeping class: org.mozilla.javascript.SecurityUtilities_ESTest
Jan 10, 2019 11:50:59 PM org.evosuite.runtime.instrumentation.EvoClassLoader loadClass
INFO: Seeing class for first time: org.mozilla.javascript.SecurityUtilities$1
Jan 10, 2019 11:51:00 PM org.evosuite.runtime.instrumentation.EvoClassLoader instrumentClass
INFO: Instrumenting class 'org.mozilla.javascript.SecurityUtilities$1'.
Jan 10, 2019 11:51:00 PM org.evosuite.runtime.instrumentation.MethodCallReplacementClassAdapter visit
INFO: Adding mock interface to class org/mozilla/javascript/SecurityUtilities$1
Jan 10, 2019 11:51:01 PM org.evosuite.runtime.instrumentation.EvoClassLoader instrumentClass
INFO: Keeping class: org.mozilla.javascript.SecurityUtilities$1
Jan 10, 2019 11:51:01 PM org.evosuite.runtime.instrumentation.EvoClassLoader loadClass
INFO: Seeing class for first time: org.mozilla.javascript.SecurityUtilities$2
Jan 10, 2019 11:51:01 PM org.evosuite.runtime.instrumentation.EvoClassLoader instrumentClass
INFO: Instrumenting class 'org.mozilla.javascript.SecurityUtilities$2'.
Jan 10, 2019 11:51:01 PM org.evosuite.runtime.instrumentation.MethodCallReplacementClassAdapter visit
INFO: Adding mock interface to class org/mozilla/javascript/SecurityUtilities$2
Jan 10, 2019 11:51:01 PM org.evosuite.runtime.instrumentation.EvoClassLoader instrumentClass
INFO: Keeping class: org.mozilla.javascript.SecurityUtilities$2
Jan 10, 2019 11:51:01 PM org.evosuite.runtime.instrumentation.EvoClassLoader loadClass
INFO: Seeing class for first time: org.mozilla.javascript.SecurityUtilities$3
Jan 10, 2019 11:51:01 PM org.evosuite.runtime.instrumentation.EvoClassLoader instrumentClass
INFO: Instrumenting class 'org.mozilla.javascript.SecurityUtilities$3'.
Jan 10, 2019 11:51:01 PM org.evosuite.runtime.instrumentation.MethodCallReplacementClassAdapter visit
INFO: Adding mock interface to class org/mozilla/javascript/SecurityUtilities$3
Jan 10, 2019 11:51:01 PM org.evosuite.runtime.instrumentation.EvoClassLoader instrumentClass
INFO: Keeping class: org.mozilla.javascript.SecurityUtilities$3
Jan 10, 2019 11:51:01 PM org.evosuite.runtime.instrumentation.EvoClassLoader loadClass
INFO: Seeing class for first time: org.mozilla.javascript.SecurityUtilities
Jan 10, 2019 11:51:01 PM org.evosuite.runtime.instrumentation.EvoClassLoader instrumentClass
INFO: Instrumenting class 'org.mozilla.javascript.SecurityUtilities'.
Jan 10, 2019 11:51:01 PM org.evosuite.runtime.instrumentation.MethodCallReplacementClassAdapter visit
INFO: Adding mock interface to class org/mozilla/javascript/SecurityUtilities
Jan 10, 2019 11:51:01 PM org.evosuite.runtime.instrumentation.CreateClassResetClassAdapter createEmptyStaticReset
INFO: Creating brand-new static initializer in class org/mozilla/javascript/SecurityUtilities
Jan 10, 2019 11:51:01 PM org.evosuite.runtime.instrumentation.EvoClassLoader instrumentClass
INFO: Keeping class: org.mozilla.javascript.SecurityUtilities
Jan 10, 2019 11:51:01 PM org.evosuite.runtime.instrumentation.EvoClassLoader loadClass
INFO: Seeing class for first time: org.mozilla.javascript.RhinoSecurityManager
Jan 10, 2019 11:51:01 PM org.evosuite.runtime.instrumentation.EvoClassLoader instrumentClass
INFO: Instrumenting class 'org.mozilla.javascript.RhinoSecurityManager'.
Jan 10, 2019 11:51:01 PM org.evosuite.runtime.instrumentation.MethodCallReplacementClassAdapter visit
INFO: Adding mock interface to class org/mozilla/javascript/RhinoSecurityManager
Jan 10, 2019 11:51:01 PM org.evosuite.runtime.instrumentation.CreateClassResetClassAdapter createEmptyStaticReset
INFO: Creating brand-new static initializer in class org/mozilla/javascript/RhinoSecurityManager
Jan 10, 2019 11:51:01 PM org.evosuite.runtime.instrumentation.EvoClassLoader instrumentClass
INFO: Keeping class: org.mozilla.javascript.RhinoSecurityManager
Jan 10, 2019 11:51:01 PM org.evosuite.runtime.thread.ThreadStopper killAndJoinClientThreads
INFO: Found new thread
Jan 10, 2019 11:51:01 PM org.evosuite.runtime.thread.ThreadStopper killAndJoinClientThreads
INFO: Found new thread
Jan 10, 2019 11:51:01 PM org.evosuite.runtime.thread.ThreadStopper killAndJoinClientThreads
INFO: Found new thread
Jan 10, 2019 11:51:01 PM org.evosuite.runtime.thread.ThreadStopper killAndJoinClientThreads
INFO: Found new thread
]]></system-err>
</testsuite>
