<?xml version="1.0" encoding="UTF-8"?>
<testsuite name="org.mozilla.classfile.TypeInfo_ESTest" tests="21" skipped="0" failures="0" errors="0" timestamp="2019-01-11T00:00:12" hostname="swami-VirtualBox" time="0.772">
  <properties/>
  <testcase name="test04" classname="org.mozilla.classfile.TypeInfo_ESTest" time="0.1"/>
  <testcase name="test15" classname="org.mozilla.classfile.TypeInfo_ESTest" time="0.066"/>
  <testcase name="test05" classname="org.mozilla.classfile.TypeInfo_ESTest" time="0.014"/>
  <testcase name="test16" classname="org.mozilla.classfile.TypeInfo_ESTest" time="0.047"/>
  <testcase name="test02" classname="org.mozilla.classfile.TypeInfo_ESTest" time="0.048"/>
  <testcase name="test13" classname="org.mozilla.classfile.TypeInfo_ESTest" time="0.017"/>
  <testcase name="test03" classname="org.mozilla.classfile.TypeInfo_ESTest" time="0.029"/>
  <testcase name="test14" classname="org.mozilla.classfile.TypeInfo_ESTest" time="0.028"/>
  <testcase name="test00" classname="org.mozilla.classfile.TypeInfo_ESTest" time="0.019"/>
  <testcase name="test11" classname="org.mozilla.classfile.TypeInfo_ESTest" time="0.023"/>
  <testcase name="test01" classname="org.mozilla.classfile.TypeInfo_ESTest" time="0.031"/>
  <testcase name="test12" classname="org.mozilla.classfile.TypeInfo_ESTest" time="0.011"/>
  <testcase name="test20" classname="org.mozilla.classfile.TypeInfo_ESTest" time="0.01"/>
  <testcase name="test10" classname="org.mozilla.classfile.TypeInfo_ESTest" time="0.049"/>
  <testcase name="test08" classname="org.mozilla.classfile.TypeInfo_ESTest" time="0.006"/>
  <testcase name="test19" classname="org.mozilla.classfile.TypeInfo_ESTest" time="0.08"/>
  <testcase name="test09" classname="org.mozilla.classfile.TypeInfo_ESTest" time="0.034"/>
  <testcase name="test06" classname="org.mozilla.classfile.TypeInfo_ESTest" time="0.017"/>
  <testcase name="test17" classname="org.mozilla.classfile.TypeInfo_ESTest" time="0.006"/>
  <testcase name="test07" classname="org.mozilla.classfile.TypeInfo_ESTest" time="0.025"/>
  <testcase name="test18" classname="org.mozilla.classfile.TypeInfo_ESTest" time="0.023"/>
  <system-out><![CDATA[locals: [top, top, top, top, top, top, top, top, top, top, top]
stack: [top, top, top, top, top, top, top, top, top, top, top]

]]></system-out>
  <system-err><![CDATA[Jan 10, 2019 4:00:08 PM org.evosuite.runtime.instrumentation.EvoClassLoader loadClass
INFO: Seeing class for first time: org.mozilla.classfile.TypeInfo_ESTest
Jan 10, 2019 4:00:08 PM org.evosuite.runtime.instrumentation.EvoClassLoader instrumentClass
INFO: Instrumenting class 'org.mozilla.classfile.TypeInfo_ESTest'.
Jan 10, 2019 4:00:09 PM org.evosuite.runtime.instrumentation.EvoClassLoader loadClass
INFO: Seeing class for first time: org.mozilla.classfile.TypeInfo_ESTest_scaffolding
Jan 10, 2019 4:00:09 PM org.evosuite.runtime.instrumentation.EvoClassLoader instrumentClass
INFO: Instrumenting class 'org.mozilla.classfile.TypeInfo_ESTest_scaffolding'.
Jan 10, 2019 4:00:09 PM org.evosuite.runtime.instrumentation.EvoClassLoader instrumentClass
INFO: Keeping class: org.mozilla.classfile.TypeInfo_ESTest_scaffolding
Jan 10, 2019 4:00:09 PM org.evosuite.runtime.instrumentation.EvoClassLoader instrumentClass
INFO: Keeping class: org.mozilla.classfile.TypeInfo_ESTest
Jan 11, 2019 12:00:09 AM org.evosuite.runtime.instrumentation.EvoClassLoader loadClass
INFO: Seeing class for first time: org.mozilla.classfile.ConstantEntry
Jan 11, 2019 12:00:10 AM org.evosuite.runtime.instrumentation.EvoClassLoader instrumentClass
INFO: Instrumenting class 'org.mozilla.classfile.ConstantEntry'.
Jan 11, 2019 12:00:10 AM org.evosuite.runtime.instrumentation.MethodCallReplacementClassAdapter visit
INFO: Adding mock interface to class org/mozilla/classfile/ConstantEntry
Jan 11, 2019 12:00:11 AM org.evosuite.runtime.instrumentation.CreateClassResetClassAdapter createEmptyStaticReset
INFO: Creating brand-new static initializer in class org/mozilla/classfile/ConstantEntry
Jan 11, 2019 12:00:11 AM org.evosuite.runtime.instrumentation.EvoClassLoader instrumentClass
INFO: Keeping class: org.mozilla.classfile.ConstantEntry
Jan 11, 2019 12:00:11 AM org.evosuite.runtime.instrumentation.EvoClassLoader loadClass
INFO: Seeing class for first time: org.mozilla.classfile.ClassFileWriter$BootstrapEntry
Jan 11, 2019 12:00:11 AM org.evosuite.runtime.instrumentation.EvoClassLoader instrumentClass
INFO: Instrumenting class 'org.mozilla.classfile.ClassFileWriter$BootstrapEntry'.
Jan 11, 2019 12:00:11 AM org.evosuite.runtime.instrumentation.MethodCallReplacementClassAdapter visit
INFO: Adding mock interface to class org/mozilla/classfile/ClassFileWriter$BootstrapEntry
Jan 11, 2019 12:00:11 AM org.evosuite.runtime.instrumentation.CreateClassResetClassAdapter createEmptyStaticReset
INFO: Creating brand-new static initializer in class org/mozilla/classfile/ClassFileWriter$BootstrapEntry
Jan 11, 2019 12:00:11 AM org.evosuite.runtime.instrumentation.EvoClassLoader instrumentClass
INFO: Keeping class: org.mozilla.classfile.ClassFileWriter$BootstrapEntry
Jan 11, 2019 12:00:11 AM org.evosuite.runtime.instrumentation.EvoClassLoader loadClass
INFO: Seeing class for first time: org.mozilla.javascript.Kit
Jan 11, 2019 12:00:11 AM org.evosuite.runtime.instrumentation.EvoClassLoader instrumentClass
INFO: Instrumenting class 'org.mozilla.javascript.Kit'.
Jan 11, 2019 12:00:11 AM org.evosuite.runtime.instrumentation.MethodCallReplacementClassAdapter visit
INFO: Adding mock interface to class org/mozilla/javascript/Kit
Jan 11, 2019 12:00:11 AM org.evosuite.runtime.instrumentation.CreateClassResetClassAdapter visitMethod
INFO: Found static initializer in class org/mozilla/javascript/Kit
Jan 11, 2019 12:00:11 AM org.evosuite.runtime.instrumentation.EvoClassLoader createPackageDefinition
INFO: Defined package (3): package org.mozilla.javascript, -1130473355
Jan 11, 2019 12:00:11 AM org.evosuite.runtime.instrumentation.EvoClassLoader instrumentClass
INFO: Keeping class: org.mozilla.javascript.Kit
Jan 11, 2019 12:00:11 AM org.evosuite.runtime.instrumentation.EvoClassLoader loadClass
INFO: Seeing class for first time: org.mozilla.classfile.ClassFileWriter$ClassFileFormatException
Jan 11, 2019 12:00:11 AM org.evosuite.runtime.instrumentation.EvoClassLoader instrumentClass
INFO: Instrumenting class 'org.mozilla.classfile.ClassFileWriter$ClassFileFormatException'.
Jan 11, 2019 12:00:11 AM org.evosuite.runtime.instrumentation.MethodCallReplacementClassAdapter visit
INFO: Adding mock interface to class org/mozilla/classfile/ClassFileWriter$ClassFileFormatException
Jan 11, 2019 12:00:11 AM org.evosuite.runtime.instrumentation.CreateClassResetClassAdapter createEmptyStaticReset
INFO: Creating brand-new static initializer in class org/mozilla/classfile/ClassFileWriter$ClassFileFormatException
Jan 11, 2019 12:00:11 AM org.evosuite.runtime.instrumentation.EvoClassLoader instrumentClass
INFO: Keeping class: org.mozilla.classfile.ClassFileWriter$ClassFileFormatException
Jan 11, 2019 12:00:11 AM org.evosuite.runtime.instrumentation.EvoClassLoader loadClass
INFO: Seeing class for first time: org.mozilla.classfile.ConstantPool
Jan 11, 2019 12:00:11 AM org.evosuite.runtime.instrumentation.EvoClassLoader instrumentClass
INFO: Instrumenting class 'org.mozilla.classfile.ConstantPool'.
Jan 11, 2019 12:00:11 AM org.evosuite.runtime.instrumentation.MethodCallReplacementClassAdapter visit
INFO: Adding mock interface to class org/mozilla/classfile/ConstantPool
Jan 11, 2019 12:00:11 AM org.evosuite.runtime.instrumentation.CreateClassResetClassAdapter createEmptyStaticReset
INFO: Creating brand-new static initializer in class org/mozilla/classfile/ConstantPool
Jan 11, 2019 12:00:11 AM org.evosuite.runtime.instrumentation.CreateClassResetClassAdapter createEmptyStaticReset
INFO: Adding bytecode for initializing field ConstantPoolSize
Jan 11, 2019 12:00:11 AM org.evosuite.runtime.instrumentation.CreateClassResetClassAdapter createEmptyStaticReset
INFO: Adding bytecode for initializing field CONSTANT_Class
Jan 11, 2019 12:00:11 AM org.evosuite.runtime.instrumentation.CreateClassResetClassAdapter createEmptyStaticReset
INFO: Adding bytecode for initializing field CONSTANT_Fieldref
Jan 11, 2019 12:00:11 AM org.evosuite.runtime.instrumentation.CreateClassResetClassAdapter createEmptyStaticReset
INFO: Adding bytecode for initializing field CONSTANT_Methodref
Jan 11, 2019 12:00:11 AM org.evosuite.runtime.instrumentation.CreateClassResetClassAdapter createEmptyStaticReset
INFO: Adding bytecode for initializing field CONSTANT_InterfaceMethodref
Jan 11, 2019 12:00:11 AM org.evosuite.runtime.instrumentation.CreateClassResetClassAdapter createEmptyStaticReset
INFO: Adding bytecode for initializing field CONSTANT_String
Jan 11, 2019 12:00:11 AM org.evosuite.runtime.instrumentation.CreateClassResetClassAdapter createEmptyStaticReset
INFO: Adding bytecode for initializing field CONSTANT_Integer
Jan 11, 2019 12:00:11 AM org.evosuite.runtime.instrumentation.CreateClassResetClassAdapter createEmptyStaticReset
INFO: Adding bytecode for initializing field CONSTANT_Float
Jan 11, 2019 12:00:11 AM org.evosuite.runtime.instrumentation.CreateClassResetClassAdapter createEmptyStaticReset
INFO: Adding bytecode for initializing field CONSTANT_Long
Jan 11, 2019 12:00:11 AM org.evosuite.runtime.instrumentation.CreateClassResetClassAdapter createEmptyStaticReset
INFO: Adding bytecode for initializing field CONSTANT_Double
Jan 11, 2019 12:00:11 AM org.evosuite.runtime.instrumentation.CreateClassResetClassAdapter createEmptyStaticReset
INFO: Adding bytecode for initializing field CONSTANT_NameAndType
Jan 11, 2019 12:00:11 AM org.evosuite.runtime.instrumentation.CreateClassResetClassAdapter createEmptyStaticReset
INFO: Adding bytecode for initializing field CONSTANT_Utf8
Jan 11, 2019 12:00:11 AM org.evosuite.runtime.instrumentation.CreateClassResetClassAdapter createEmptyStaticReset
INFO: Adding bytecode for initializing field CONSTANT_MethodType
Jan 11, 2019 12:00:11 AM org.evosuite.runtime.instrumentation.CreateClassResetClassAdapter createEmptyStaticReset
INFO: Adding bytecode for initializing field CONSTANT_MethodHandle
Jan 11, 2019 12:00:11 AM org.evosuite.runtime.instrumentation.CreateClassResetClassAdapter createEmptyStaticReset
INFO: Adding bytecode for initializing field CONSTANT_InvokeDynamic
Jan 11, 2019 12:00:11 AM org.evosuite.runtime.instrumentation.CreateClassResetClassAdapter createEmptyStaticReset
INFO: Adding bytecode for initializing field MAX_UTF_ENCODING_SIZE
Jan 11, 2019 12:00:11 AM org.evosuite.runtime.instrumentation.EvoClassLoader instrumentClass
INFO: Keeping class: org.mozilla.classfile.ConstantPool
Jan 11, 2019 12:00:11 AM org.evosuite.runtime.instrumentation.EvoClassLoader loadClass
INFO: Seeing class for first time: org.mozilla.classfile.ClassFileWriter$StackMapTable
Jan 11, 2019 12:00:11 AM org.evosuite.runtime.instrumentation.EvoClassLoader instrumentClass
INFO: Instrumenting class 'org.mozilla.classfile.ClassFileWriter$StackMapTable'.
Jan 11, 2019 12:00:11 AM org.evosuite.runtime.instrumentation.MethodCallReplacementClassAdapter visit
INFO: Adding mock interface to class org/mozilla/classfile/ClassFileWriter$StackMapTable
Jan 11, 2019 12:00:11 AM org.evosuite.runtime.instrumentation.CreateClassResetClassAdapter createEmptyStaticReset
INFO: Creating brand-new static initializer in class org/mozilla/classfile/ClassFileWriter$StackMapTable
Jan 11, 2019 12:00:11 AM org.evosuite.runtime.instrumentation.CreateClassResetClassAdapter createEmptyStaticReset
INFO: Adding bytecode for initializing field DEBUGSTACKMAP
Jan 11, 2019 12:00:11 AM org.evosuite.runtime.instrumentation.EvoClassLoader instrumentClass
INFO: Keeping class: org.mozilla.classfile.ClassFileWriter$StackMapTable
Jan 11, 2019 12:00:11 AM org.evosuite.runtime.instrumentation.EvoClassLoader loadClass
INFO: Seeing class for first time: org.mozilla.classfile.ClassFileWriter
Jan 11, 2019 12:00:11 AM org.evosuite.runtime.instrumentation.EvoClassLoader instrumentClass
INFO: Instrumenting class 'org.mozilla.classfile.ClassFileWriter'.
Jan 11, 2019 12:00:11 AM org.evosuite.runtime.instrumentation.MethodCallReplacementClassAdapter visit
INFO: Adding mock interface to class org/mozilla/classfile/ClassFileWriter
Jan 11, 2019 12:00:11 AM org.evosuite.runtime.instrumentation.CreateClassResetClassAdapter visitMethod
INFO: Found static initializer in class org/mozilla/classfile/ClassFileWriter
Jan 11, 2019 12:00:11 AM org.evosuite.runtime.instrumentation.EvoClassLoader instrumentClass
INFO: Keeping class: org.mozilla.classfile.ClassFileWriter
Jan 11, 2019 12:00:11 AM org.evosuite.runtime.instrumentation.EvoClassLoader loadClass
INFO: Seeing class for first time: org.mozilla.javascript.UintMap
Jan 11, 2019 12:00:11 AM org.evosuite.runtime.instrumentation.EvoClassLoader instrumentClass
INFO: Instrumenting class 'org.mozilla.javascript.UintMap'.
Jan 11, 2019 12:00:11 AM org.evosuite.runtime.instrumentation.MethodCallReplacementClassAdapter visit
INFO: Adding mock interface to class org/mozilla/javascript/UintMap
Jan 11, 2019 12:00:11 AM org.evosuite.runtime.instrumentation.CreateClassResetClassAdapter createEmptyStaticReset
INFO: Creating brand-new static initializer in class org/mozilla/javascript/UintMap
Jan 11, 2019 12:00:11 AM org.evosuite.runtime.instrumentation.CreateClassResetClassAdapter createEmptyStaticReset
INFO: Adding bytecode for initializing field A
Jan 11, 2019 12:00:11 AM org.evosuite.runtime.instrumentation.CreateClassResetClassAdapter createEmptyStaticReset
INFO: Adding bytecode for initializing field EMPTY
Jan 11, 2019 12:00:11 AM org.evosuite.runtime.instrumentation.CreateClassResetClassAdapter createEmptyStaticReset
INFO: Adding bytecode for initializing field DELETED
Jan 11, 2019 12:00:11 AM org.evosuite.runtime.instrumentation.CreateClassResetClassAdapter createEmptyStaticReset
INFO: Adding bytecode for initializing field check
Jan 11, 2019 12:00:11 AM org.evosuite.runtime.instrumentation.EvoClassLoader instrumentClass
INFO: Keeping class: org.mozilla.javascript.UintMap
Jan 11, 2019 12:00:11 AM org.evosuite.runtime.instrumentation.EvoClassLoader loadClass
INFO: Seeing class for first time: org.mozilla.classfile.FieldOrMethodRef
Jan 11, 2019 12:00:11 AM org.evosuite.runtime.instrumentation.EvoClassLoader instrumentClass
INFO: Instrumenting class 'org.mozilla.classfile.FieldOrMethodRef'.
Jan 11, 2019 12:00:11 AM org.evosuite.runtime.instrumentation.MethodCallReplacementClassAdapter visit
INFO: Adding mock interface to class org/mozilla/classfile/FieldOrMethodRef
Jan 11, 2019 12:00:11 AM org.evosuite.runtime.instrumentation.CreateClassResetClassAdapter createEmptyStaticReset
INFO: Creating brand-new static initializer in class org/mozilla/classfile/FieldOrMethodRef
Jan 11, 2019 12:00:11 AM org.evosuite.runtime.instrumentation.EvoClassLoader instrumentClass
INFO: Keeping class: org.mozilla.classfile.FieldOrMethodRef
Jan 11, 2019 12:00:11 AM org.evosuite.runtime.instrumentation.EvoClassLoader loadClass
INFO: Seeing class for first time: org.mozilla.javascript.ObjToIntMap$Iterator
Jan 11, 2019 12:00:11 AM org.evosuite.runtime.instrumentation.EvoClassLoader instrumentClass
INFO: Instrumenting class 'org.mozilla.javascript.ObjToIntMap$Iterator'.
Jan 11, 2019 12:00:11 AM org.evosuite.runtime.instrumentation.MethodCallReplacementClassAdapter visit
INFO: Adding mock interface to class org/mozilla/javascript/ObjToIntMap$Iterator
Jan 11, 2019 12:00:11 AM org.evosuite.runtime.instrumentation.CreateClassResetClassAdapter createEmptyStaticReset
INFO: Creating brand-new static initializer in class org/mozilla/javascript/ObjToIntMap$Iterator
Jan 11, 2019 12:00:11 AM org.evosuite.runtime.instrumentation.EvoClassLoader instrumentClass
INFO: Keeping class: org.mozilla.javascript.ObjToIntMap$Iterator
Jan 11, 2019 12:00:11 AM org.evosuite.runtime.instrumentation.EvoClassLoader loadClass
INFO: Seeing class for first time: org.mozilla.classfile.ExceptionTableEntry
Jan 11, 2019 12:00:11 AM org.evosuite.runtime.instrumentation.EvoClassLoader instrumentClass
INFO: Instrumenting class 'org.mozilla.classfile.ExceptionTableEntry'.
Jan 11, 2019 12:00:11 AM org.evosuite.runtime.instrumentation.MethodCallReplacementClassAdapter visit
INFO: Adding mock interface to class org/mozilla/classfile/ExceptionTableEntry
Jan 11, 2019 12:00:11 AM org.evosuite.runtime.instrumentation.CreateClassResetClassAdapter createEmptyStaticReset
INFO: Creating brand-new static initializer in class org/mozilla/classfile/ExceptionTableEntry
Jan 11, 2019 12:00:12 AM org.evosuite.runtime.instrumentation.EvoClassLoader instrumentClass
INFO: Keeping class: org.mozilla.classfile.ExceptionTableEntry
Jan 11, 2019 12:00:12 AM org.evosuite.runtime.instrumentation.EvoClassLoader loadClass
INFO: Seeing class for first time: org.mozilla.classfile.SuperBlock
Jan 11, 2019 12:00:12 AM org.evosuite.runtime.instrumentation.EvoClassLoader instrumentClass
INFO: Instrumenting class 'org.mozilla.classfile.SuperBlock'.
Jan 11, 2019 12:00:12 AM org.evosuite.runtime.instrumentation.MethodCallReplacementClassAdapter visit
INFO: Adding mock interface to class org/mozilla/classfile/SuperBlock
Jan 11, 2019 12:00:12 AM org.evosuite.runtime.instrumentation.CreateClassResetClassAdapter createEmptyStaticReset
INFO: Creating brand-new static initializer in class org/mozilla/classfile/SuperBlock
Jan 11, 2019 12:00:12 AM org.evosuite.runtime.instrumentation.EvoClassLoader instrumentClass
INFO: Keeping class: org.mozilla.classfile.SuperBlock
Jan 11, 2019 12:00:12 AM org.evosuite.runtime.instrumentation.EvoClassLoader loadClass
INFO: Seeing class for first time: org.mozilla.javascript.UniqueTag
Jan 11, 2019 12:00:12 AM org.evosuite.runtime.instrumentation.EvoClassLoader instrumentClass
INFO: Instrumenting class 'org.mozilla.javascript.UniqueTag'.
Jan 11, 2019 12:00:12 AM org.evosuite.runtime.instrumentation.MethodCallReplacementClassAdapter visit
INFO: Adding mock interface to class org/mozilla/javascript/UniqueTag
Jan 11, 2019 12:00:12 AM org.evosuite.runtime.instrumentation.CreateClassResetClassAdapter visitMethod
INFO: Found static initializer in class org/mozilla/javascript/UniqueTag
Jan 11, 2019 12:00:12 AM org.evosuite.runtime.instrumentation.EvoClassLoader instrumentClass
INFO: Keeping class: org.mozilla.javascript.UniqueTag
Jan 11, 2019 12:00:12 AM org.evosuite.runtime.instrumentation.EvoClassLoader loadClass
INFO: Seeing class for first time: org.mozilla.classfile.ClassFileMethod
Jan 11, 2019 12:00:12 AM org.evosuite.runtime.instrumentation.EvoClassLoader instrumentClass
INFO: Instrumenting class 'org.mozilla.classfile.ClassFileMethod'.
Jan 11, 2019 12:00:12 AM org.evosuite.runtime.instrumentation.MethodCallReplacementClassAdapter visit
INFO: Adding mock interface to class org/mozilla/classfile/ClassFileMethod
Jan 11, 2019 12:00:12 AM org.evosuite.runtime.instrumentation.CreateClassResetClassAdapter createEmptyStaticReset
INFO: Creating brand-new static initializer in class org/mozilla/classfile/ClassFileMethod
Jan 11, 2019 12:00:12 AM org.evosuite.runtime.instrumentation.EvoClassLoader instrumentClass
INFO: Keeping class: org.mozilla.classfile.ClassFileMethod
Jan 11, 2019 12:00:12 AM org.evosuite.runtime.instrumentation.EvoClassLoader loadClass
INFO: Seeing class for first time: org.mozilla.javascript.ObjArray
Jan 11, 2019 12:00:12 AM org.evosuite.runtime.instrumentation.EvoClassLoader instrumentClass
INFO: Instrumenting class 'org.mozilla.javascript.ObjArray'.
Jan 11, 2019 12:00:12 AM org.evosuite.runtime.instrumentation.MethodCallReplacementClassAdapter visit
INFO: Adding mock interface to class org/mozilla/javascript/ObjArray
Jan 11, 2019 12:00:12 AM org.evosuite.runtime.instrumentation.CreateClassResetClassAdapter createEmptyStaticReset
INFO: Creating brand-new static initializer in class org/mozilla/javascript/ObjArray
Jan 11, 2019 12:00:12 AM org.evosuite.runtime.instrumentation.CreateClassResetClassAdapter createEmptyStaticReset
INFO: Adding bytecode for initializing field FIELDS_STORE_SIZE
Jan 11, 2019 12:00:12 AM org.evosuite.runtime.instrumentation.EvoClassLoader instrumentClass
INFO: Keeping class: org.mozilla.javascript.ObjArray
Jan 11, 2019 12:00:12 AM org.evosuite.runtime.instrumentation.EvoClassLoader loadClass
INFO: Seeing class for first time: org.mozilla.classfile.TypeInfo
Jan 11, 2019 12:00:12 AM org.evosuite.runtime.instrumentation.EvoClassLoader instrumentClass
INFO: Instrumenting class 'org.mozilla.classfile.TypeInfo'.
Jan 11, 2019 12:00:12 AM org.evosuite.runtime.instrumentation.MethodCallReplacementClassAdapter visit
INFO: Adding mock interface to class org/mozilla/classfile/TypeInfo
Jan 11, 2019 12:00:12 AM org.evosuite.runtime.instrumentation.CreateClassResetClassAdapter createEmptyStaticReset
INFO: Creating brand-new static initializer in class org/mozilla/classfile/TypeInfo
Jan 11, 2019 12:00:12 AM org.evosuite.runtime.instrumentation.CreateClassResetClassAdapter createEmptyStaticReset
INFO: Adding bytecode for initializing field TOP
Jan 11, 2019 12:00:12 AM org.evosuite.runtime.instrumentation.CreateClassResetClassAdapter createEmptyStaticReset
INFO: Adding bytecode for initializing field INTEGER
Jan 11, 2019 12:00:12 AM org.evosuite.runtime.instrumentation.CreateClassResetClassAdapter createEmptyStaticReset
INFO: Adding bytecode for initializing field FLOAT
Jan 11, 2019 12:00:12 AM org.evosuite.runtime.instrumentation.CreateClassResetClassAdapter createEmptyStaticReset
INFO: Adding bytecode for initializing field DOUBLE
Jan 11, 2019 12:00:12 AM org.evosuite.runtime.instrumentation.CreateClassResetClassAdapter createEmptyStaticReset
INFO: Adding bytecode for initializing field LONG
Jan 11, 2019 12:00:12 AM org.evosuite.runtime.instrumentation.CreateClassResetClassAdapter createEmptyStaticReset
INFO: Adding bytecode for initializing field NULL
Jan 11, 2019 12:00:12 AM org.evosuite.runtime.instrumentation.CreateClassResetClassAdapter createEmptyStaticReset
INFO: Adding bytecode for initializing field UNINITIALIZED_THIS
Jan 11, 2019 12:00:12 AM org.evosuite.runtime.instrumentation.CreateClassResetClassAdapter createEmptyStaticReset
INFO: Adding bytecode for initializing field OBJECT_TAG
Jan 11, 2019 12:00:12 AM org.evosuite.runtime.instrumentation.CreateClassResetClassAdapter createEmptyStaticReset
INFO: Adding bytecode for initializing field UNINITIALIZED_VAR_TAG
Jan 11, 2019 12:00:12 AM org.evosuite.runtime.instrumentation.EvoClassLoader instrumentClass
INFO: Keeping class: org.mozilla.classfile.TypeInfo
Jan 11, 2019 12:00:12 AM org.evosuite.runtime.instrumentation.EvoClassLoader loadClass
INFO: Seeing class for first time: org.mozilla.classfile.ClassFileWriter$MHandle
Jan 11, 2019 12:00:12 AM org.evosuite.runtime.instrumentation.EvoClassLoader instrumentClass
INFO: Instrumenting class 'org.mozilla.classfile.ClassFileWriter$MHandle'.
Jan 11, 2019 12:00:12 AM org.evosuite.runtime.instrumentation.MethodCallReplacementClassAdapter visit
INFO: Adding mock interface to class org/mozilla/classfile/ClassFileWriter$MHandle
Jan 11, 2019 12:00:12 AM org.evosuite.runtime.instrumentation.CreateClassResetClassAdapter createEmptyStaticReset
INFO: Creating brand-new static initializer in class org/mozilla/classfile/ClassFileWriter$MHandle
Jan 11, 2019 12:00:12 AM org.evosuite.runtime.instrumentation.EvoClassLoader instrumentClass
INFO: Keeping class: org.mozilla.classfile.ClassFileWriter$MHandle
Jan 11, 2019 12:00:12 AM org.evosuite.runtime.instrumentation.EvoClassLoader loadClass
INFO: Seeing class for first time: org.mozilla.javascript.ObjToIntMap
Jan 11, 2019 12:00:12 AM org.evosuite.runtime.instrumentation.EvoClassLoader instrumentClass
INFO: Instrumenting class 'org.mozilla.javascript.ObjToIntMap'.
Jan 11, 2019 12:00:12 AM org.evosuite.runtime.instrumentation.MethodCallReplacementClassAdapter visit
INFO: Adding mock interface to class org/mozilla/javascript/ObjToIntMap
Jan 11, 2019 12:00:12 AM org.evosuite.runtime.instrumentation.CreateClassResetClassAdapter visitMethod
INFO: Found static initializer in class org/mozilla/javascript/ObjToIntMap
Jan 11, 2019 12:00:12 AM org.evosuite.runtime.instrumentation.EvoClassLoader instrumentClass
INFO: Keeping class: org.mozilla.javascript.ObjToIntMap
Jan 11, 2019 12:00:12 AM org.evosuite.runtime.instrumentation.EvoClassLoader loadClass
INFO: Seeing class for first time: org.mozilla.classfile.ClassFileField
Jan 11, 2019 12:00:12 AM org.evosuite.runtime.instrumentation.EvoClassLoader instrumentClass
INFO: Instrumenting class 'org.mozilla.classfile.ClassFileField'.
Jan 11, 2019 12:00:12 AM org.evosuite.runtime.instrumentation.MethodCallReplacementClassAdapter visit
INFO: Adding mock interface to class org/mozilla/classfile/ClassFileField
Jan 11, 2019 12:00:12 AM org.evosuite.runtime.instrumentation.CreateClassResetClassAdapter createEmptyStaticReset
INFO: Creating brand-new static initializer in class org/mozilla/classfile/ClassFileField
Jan 11, 2019 12:00:12 AM org.evosuite.runtime.instrumentation.EvoClassLoader instrumentClass
INFO: Keeping class: org.mozilla.classfile.ClassFileField
Jan 11, 2019 12:00:12 AM org.evosuite.runtime.thread.ThreadStopper killAndJoinClientThreads
INFO: Found new thread
Jan 11, 2019 12:00:12 AM org.evosuite.runtime.thread.ThreadStopper killAndJoinClientThreads
INFO: Found new thread
Jan 11, 2019 12:00:12 AM org.evosuite.runtime.thread.ThreadStopper killAndJoinClientThreads
INFO: Found new thread
Jan 11, 2019 12:00:12 AM org.evosuite.runtime.thread.ThreadStopper killAndJoinClientThreads
INFO: Found new thread
Jan 11, 2019 12:00:12 AM org.evosuite.runtime.thread.ThreadStopper killAndJoinClientThreads
INFO: Found new thread
Jan 11, 2019 12:00:12 AM org.evosuite.runtime.instrumentation.EvoClassLoader loadClass
INFO: Seeing class for first time: Bad endLabel
Jan 11, 2019 12:00:12 AM org.evosuite.runtime.instrumentation.EvoClassLoader instrumentClass
INFO: Instrumenting class 'Bad endLabel'.
Jan 11, 2019 12:00:12 AM org.evosuite.runtime.instrumentation.EvoClassLoader instrumentClass
INFO: Error while loading class: java.lang.ClassNotFoundException: Class 'Bad endLabel.class' should be in target project, but could not be found!
Jan 11, 2019 12:00:12 AM org.evosuite.runtime.thread.ThreadStopper killAndJoinClientThreads
INFO: Found new thread
Jan 11, 2019 12:00:12 AM org.evosuite.runtime.thread.ThreadStopper killAndJoinClientThreads
INFO: Found new thread
Jan 11, 2019 12:00:12 AM org.evosuite.runtime.thread.ThreadStopper killAndJoinClientThreads
INFO: Found new thread
Jan 11, 2019 12:00:12 AM org.evosuite.runtime.thread.ThreadStopper killAndJoinClientThreads
INFO: Found new thread
Jan 11, 2019 12:00:12 AM org.evosuite.runtime.thread.ThreadStopper killAndJoinClientThreads
INFO: Found new thread
Jan 11, 2019 12:00:12 AM org.evosuite.runtime.thread.ThreadStopper killAndJoinClientThreads
INFO: Found new thread
Jan 11, 2019 12:00:12 AM org.evosuite.runtime.thread.ThreadStopper killAndJoinClientThreads
INFO: Found new thread
Jan 11, 2019 12:00:12 AM org.evosuite.runtime.thread.ThreadStopper killAndJoinClientThreads
INFO: Found new thread
Jan 11, 2019 12:00:13 AM org.evosuite.runtime.thread.ThreadStopper killAndJoinClientThreads
INFO: Found new thread
Jan 11, 2019 12:00:13 AM org.evosuite.runtime.thread.ThreadStopper killAndJoinClientThreads
INFO: Found new thread
Jan 11, 2019 12:00:13 AM org.evosuite.runtime.thread.ThreadStopper killAndJoinClientThreads
INFO: Found new thread
Jan 11, 2019 12:00:13 AM org.evosuite.runtime.thread.ThreadStopper killAndJoinClientThreads
INFO: Found new thread
Jan 11, 2019 12:00:13 AM org.evosuite.runtime.thread.ThreadStopper killAndJoinClientThreads
INFO: Found new thread
Jan 11, 2019 12:00:13 AM org.evosuite.runtime.thread.ThreadStopper killAndJoinClientThreads
INFO: Found new thread
Jan 11, 2019 12:00:13 AM org.evosuite.runtime.thread.ThreadStopper killAndJoinClientThreads
INFO: Found new thread
Jan 11, 2019 12:00:13 AM org.evosuite.runtime.thread.ThreadStopper killAndJoinClientThreads
INFO: Found new thread
]]></system-err>
</testsuite>
