<?xml version="1.0" encoding="UTF-8"?>
<testsuite name="org.mozilla.javascript.ast.ParseProblem_ESTest" tests="6" skipped="0" failures="0" errors="0" timestamp="2019-01-10T23:12:06" hostname="swami-VirtualBox" time="0.198">
  <properties/>
  <testcase name="test0" classname="org.mozilla.javascript.ast.ParseProblem_ESTest" time="0.067"/>
  <testcase name="test1" classname="org.mozilla.javascript.ast.ParseProblem_ESTest" time="0.02"/>
  <testcase name="test4" classname="org.mozilla.javascript.ast.ParseProblem_ESTest" time="0.026"/>
  <testcase name="test5" classname="org.mozilla.javascript.ast.ParseProblem_ESTest" time="0.019"/>
  <testcase name="test2" classname="org.mozilla.javascript.ast.ParseProblem_ESTest" time="0.023"/>
  <testcase name="test3" classname="org.mozilla.javascript.ast.ParseProblem_ESTest" time="0.024"/>
  <system-out><![CDATA[]]></system-out>
  <system-err><![CDATA[Jan 10, 2019 3:12:04 PM org.evosuite.runtime.instrumentation.EvoClassLoader loadClass
INFO: Seeing class for first time: org.mozilla.javascript.ast.ParseProblem_ESTest
Jan 10, 2019 3:12:04 PM org.evosuite.runtime.instrumentation.EvoClassLoader instrumentClass
INFO: Instrumenting class 'org.mozilla.javascript.ast.ParseProblem_ESTest'.
Jan 10, 2019 3:12:04 PM org.evosuite.runtime.instrumentation.EvoClassLoader loadClass
INFO: Seeing class for first time: org.mozilla.javascript.ast.ParseProblem_ESTest_scaffolding
Jan 10, 2019 3:12:04 PM org.evosuite.runtime.instrumentation.EvoClassLoader instrumentClass
INFO: Instrumenting class 'org.mozilla.javascript.ast.ParseProblem_ESTest_scaffolding'.
Jan 10, 2019 3:12:04 PM org.evosuite.runtime.instrumentation.EvoClassLoader instrumentClass
INFO: Keeping class: org.mozilla.javascript.ast.ParseProblem_ESTest_scaffolding
Jan 10, 2019 3:12:04 PM org.evosuite.runtime.instrumentation.EvoClassLoader instrumentClass
INFO: Keeping class: org.mozilla.javascript.ast.ParseProblem_ESTest
Jan 10, 2019 11:12:05 PM org.evosuite.runtime.instrumentation.EvoClassLoader loadClass
INFO: Seeing class for first time: org.mozilla.javascript.ast.ParseProblem
Jan 10, 2019 11:12:05 PM org.evosuite.runtime.instrumentation.EvoClassLoader instrumentClass
INFO: Instrumenting class 'org.mozilla.javascript.ast.ParseProblem'.
Jan 10, 2019 11:12:05 PM org.evosuite.runtime.instrumentation.MethodCallReplacementClassAdapter visit
INFO: Adding mock interface to class org/mozilla/javascript/ast/ParseProblem
Jan 10, 2019 11:12:06 PM org.evosuite.runtime.instrumentation.CreateClassResetClassAdapter createEmptyStaticReset
INFO: Creating brand-new static initializer in class org/mozilla/javascript/ast/ParseProblem
Jan 10, 2019 11:12:06 PM org.evosuite.runtime.instrumentation.EvoClassLoader instrumentClass
INFO: Keeping class: org.mozilla.javascript.ast.ParseProblem
Jan 10, 2019 11:12:06 PM org.evosuite.runtime.instrumentation.EvoClassLoader loadClass
INFO: Seeing class for first time: org.mozilla.javascript.ast.ParseProblem$Type
Jan 10, 2019 11:12:06 PM org.evosuite.runtime.instrumentation.EvoClassLoader instrumentClass
INFO: Instrumenting class 'org.mozilla.javascript.ast.ParseProblem$Type'.
Jan 10, 2019 11:12:06 PM org.evosuite.runtime.instrumentation.MethodCallReplacementClassAdapter visit
INFO: Adding mock interface to class org/mozilla/javascript/ast/ParseProblem$Type
Jan 10, 2019 11:12:06 PM org.evosuite.runtime.instrumentation.CreateClassResetClassAdapter visitMethod
INFO: Found static initializer in class org/mozilla/javascript/ast/ParseProblem$Type
Jan 10, 2019 11:12:06 PM org.evosuite.runtime.instrumentation.EvoClassLoader instrumentClass
INFO: Keeping class: org.mozilla.javascript.ast.ParseProblem$Type
Jan 10, 2019 11:12:06 PM org.evosuite.runtime.thread.ThreadStopper killAndJoinClientThreads
INFO: Found new thread
Jan 10, 2019 11:12:06 PM org.evosuite.runtime.thread.ThreadStopper killAndJoinClientThreads
INFO: Found new thread
Jan 10, 2019 11:12:06 PM org.evosuite.runtime.thread.ThreadStopper killAndJoinClientThreads
INFO: Found new thread
Jan 10, 2019 11:12:06 PM org.evosuite.runtime.thread.ThreadStopper killAndJoinClientThreads
INFO: Found new thread
Jan 10, 2019 11:12:06 PM org.evosuite.runtime.thread.ThreadStopper killAndJoinClientThreads
INFO: Found new thread
Jan 10, 2019 11:12:06 PM org.evosuite.runtime.thread.ThreadStopper killAndJoinClientThreads
INFO: Found new thread
]]></system-err>
</testsuite>
