<?xml version="1.0" encoding="UTF-8"?>
<testsuite name="org.mozilla.javascript.commonjs.module.provider.DefaultUrlConnectionExpiryCalculator_ESTest" tests="2" skipped="0" failures="0" errors="0" timestamp="2019-01-10T23:33:38" hostname="swami-VirtualBox" time="0.099">
  <properties/>
  <testcase name="test1" classname="org.mozilla.javascript.commonjs.module.provider.DefaultUrlConnectionExpiryCalculator_ESTest" time="0.074"/>
  <testcase name="test0" classname="org.mozilla.javascript.commonjs.module.provider.DefaultUrlConnectionExpiryCalculator_ESTest" time="0.023"/>
  <system-out><![CDATA[]]></system-out>
  <system-err><![CDATA[Jan 10, 2019 3:33:31 PM org.evosuite.runtime.instrumentation.EvoClassLoader loadClass
INFO: Seeing class for first time: org.mozilla.javascript.commonjs.module.provider.DefaultUrlConnectionExpiryCalculator_ESTest
Jan 10, 2019 3:33:31 PM org.evosuite.runtime.instrumentation.EvoClassLoader instrumentClass
INFO: Instrumenting class 'org.mozilla.javascript.commonjs.module.provider.DefaultUrlConnectionExpiryCalculator_ESTest'.
Jan 10, 2019 3:33:31 PM org.evosuite.runtime.instrumentation.EvoClassLoader loadClass
INFO: Seeing class for first time: org.mozilla.javascript.commonjs.module.provider.DefaultUrlConnectionExpiryCalculator_ESTest_scaffolding
Jan 10, 2019 3:33:31 PM org.evosuite.runtime.instrumentation.EvoClassLoader instrumentClass
INFO: Instrumenting class 'org.mozilla.javascript.commonjs.module.provider.DefaultUrlConnectionExpiryCalculator_ESTest_scaffolding'.
Jan 10, 2019 3:33:31 PM org.evosuite.runtime.instrumentation.EvoClassLoader instrumentClass
INFO: Keeping class: org.mozilla.javascript.commonjs.module.provider.DefaultUrlConnectionExpiryCalculator_ESTest_scaffolding
Jan 10, 2019 3:33:31 PM org.evosuite.runtime.instrumentation.EvoClassLoader instrumentClass
INFO: Keeping class: org.mozilla.javascript.commonjs.module.provider.DefaultUrlConnectionExpiryCalculator_ESTest
Jan 10, 2019 11:33:32 PM org.evosuite.runtime.instrumentation.EvoClassLoader loadClass
INFO: Seeing class for first time: org.mozilla.javascript.commonjs.module.provider.UrlConnectionExpiryCalculator
Jan 10, 2019 11:33:32 PM org.evosuite.runtime.instrumentation.EvoClassLoader instrumentClass
INFO: Instrumenting class 'org.mozilla.javascript.commonjs.module.provider.UrlConnectionExpiryCalculator'.
Jan 10, 2019 11:33:33 PM org.evosuite.runtime.instrumentation.EvoClassLoader instrumentClass
INFO: Keeping class: org.mozilla.javascript.commonjs.module.provider.UrlConnectionExpiryCalculator
Jan 10, 2019 11:33:33 PM org.evosuite.runtime.instrumentation.EvoClassLoader loadClass
INFO: Seeing class for first time: org.mozilla.javascript.commonjs.module.provider.DefaultUrlConnectionExpiryCalculator
Jan 10, 2019 11:33:33 PM org.evosuite.runtime.instrumentation.EvoClassLoader instrumentClass
INFO: Instrumenting class 'org.mozilla.javascript.commonjs.module.provider.DefaultUrlConnectionExpiryCalculator'.
Jan 10, 2019 11:33:33 PM org.evosuite.runtime.instrumentation.MethodCallReplacementClassAdapter visit
INFO: Adding mock interface to class org/mozilla/javascript/commonjs/module/provider/DefaultUrlConnectionExpiryCalculator
Jan 10, 2019 11:33:33 PM org.evosuite.runtime.instrumentation.CreateClassResetClassAdapter createEmptyStaticReset
INFO: Creating brand-new static initializer in class org/mozilla/javascript/commonjs/module/provider/DefaultUrlConnectionExpiryCalculator
Jan 10, 2019 11:33:33 PM org.evosuite.runtime.instrumentation.EvoClassLoader instrumentClass
INFO: Keeping class: org.mozilla.javascript.commonjs.module.provider.DefaultUrlConnectionExpiryCalculator
Jan 10, 2019 11:33:38 PM org.evosuite.runtime.thread.ThreadStopper killAndJoinClientThreads
INFO: Found new thread
Jan 10, 2019 11:33:38 PM org.evosuite.runtime.thread.ThreadStopper killAndJoinClientThreads
INFO: Found new thread
]]></system-err>
</testsuite>
