<?xml version="1.0" encoding="UTF-8"?>
<testsuite name="org.mozilla.javascript.commonjs.module.provider.ParsedContentType_ESTest" tests="5" skipped="0" failures="0" errors="0" timestamp="2019-01-10T23:33:28" hostname="swami-VirtualBox" time="0.119">
  <properties/>
  <testcase name="test4" classname="org.mozilla.javascript.commonjs.module.provider.ParsedContentType_ESTest" time="0.034"/>
  <testcase name="test3" classname="org.mozilla.javascript.commonjs.module.provider.ParsedContentType_ESTest" time="0.03"/>
  <testcase name="test2" classname="org.mozilla.javascript.commonjs.module.provider.ParsedContentType_ESTest" time="0.022"/>
  <testcase name="test1" classname="org.mozilla.javascript.commonjs.module.provider.ParsedContentType_ESTest" time="0.005"/>
  <testcase name="test0" classname="org.mozilla.javascript.commonjs.module.provider.ParsedContentType_ESTest" time="0.011"/>
  <system-out><![CDATA[]]></system-out>
  <system-err><![CDATA[Jan 10, 2019 3:33:25 PM org.evosuite.runtime.instrumentation.EvoClassLoader loadClass
INFO: Seeing class for first time: org.mozilla.javascript.commonjs.module.provider.ParsedContentType_ESTest
Jan 10, 2019 3:33:25 PM org.evosuite.runtime.instrumentation.EvoClassLoader instrumentClass
INFO: Instrumenting class 'org.mozilla.javascript.commonjs.module.provider.ParsedContentType_ESTest'.
Jan 10, 2019 3:33:26 PM org.evosuite.runtime.instrumentation.EvoClassLoader loadClass
INFO: Seeing class for first time: org.mozilla.javascript.commonjs.module.provider.ParsedContentType_ESTest_scaffolding
Jan 10, 2019 3:33:26 PM org.evosuite.runtime.instrumentation.EvoClassLoader instrumentClass
INFO: Instrumenting class 'org.mozilla.javascript.commonjs.module.provider.ParsedContentType_ESTest_scaffolding'.
Jan 10, 2019 3:33:26 PM org.evosuite.runtime.instrumentation.EvoClassLoader instrumentClass
INFO: Keeping class: org.mozilla.javascript.commonjs.module.provider.ParsedContentType_ESTest_scaffolding
Jan 10, 2019 3:33:26 PM org.evosuite.runtime.instrumentation.EvoClassLoader instrumentClass
INFO: Keeping class: org.mozilla.javascript.commonjs.module.provider.ParsedContentType_ESTest
Jan 10, 2019 11:33:26 PM org.evosuite.runtime.instrumentation.EvoClassLoader loadClass
INFO: Seeing class for first time: org.mozilla.javascript.commonjs.module.provider.ParsedContentType
Jan 10, 2019 11:33:27 PM org.evosuite.runtime.instrumentation.EvoClassLoader instrumentClass
INFO: Instrumenting class 'org.mozilla.javascript.commonjs.module.provider.ParsedContentType'.
Jan 10, 2019 11:33:27 PM org.evosuite.runtime.instrumentation.MethodCallReplacementClassAdapter visit
INFO: Adding mock interface to class org/mozilla/javascript/commonjs/module/provider/ParsedContentType
Jan 10, 2019 11:33:27 PM org.evosuite.runtime.instrumentation.CreateClassResetClassAdapter createEmptyStaticReset
INFO: Creating brand-new static initializer in class org/mozilla/javascript/commonjs/module/provider/ParsedContentType
Jan 10, 2019 11:33:27 PM org.evosuite.runtime.instrumentation.EvoClassLoader instrumentClass
INFO: Keeping class: org.mozilla.javascript.commonjs.module.provider.ParsedContentType
Jan 10, 2019 11:33:28 PM org.evosuite.runtime.thread.ThreadStopper killAndJoinClientThreads
INFO: Found new thread
Jan 10, 2019 11:33:28 PM org.evosuite.runtime.thread.ThreadStopper killAndJoinClientThreads
INFO: Found new thread
Jan 10, 2019 11:33:28 PM org.evosuite.runtime.thread.ThreadStopper killAndJoinClientThreads
INFO: Found new thread
Jan 10, 2019 11:33:28 PM org.evosuite.runtime.thread.ThreadStopper killAndJoinClientThreads
INFO: Found new thread
Jan 10, 2019 11:33:28 PM org.evosuite.runtime.thread.ThreadStopper killAndJoinClientThreads
INFO: Found new thread
]]></system-err>
</testsuite>
