<?xml version="1.0" encoding="UTF-8"?>
<testsuite name="org.mozilla.javascript.ObjArray_ESTest" tests="29" skipped="0" failures="0" errors="0" timestamp="2019-01-10T23:37:34" hostname="swami-VirtualBox" time="0.591">
  <properties/>
  <testcase name="test17" classname="org.mozilla.javascript.ObjArray_ESTest" time="0.056"/>
  <testcase name="test18" classname="org.mozilla.javascript.ObjArray_ESTest" time="0.037"/>
  <testcase name="test19" classname="org.mozilla.javascript.ObjArray_ESTest" time="0.006"/>
  <testcase name="test13" classname="org.mozilla.javascript.ObjArray_ESTest" time="0.02"/>
  <testcase name="test14" classname="org.mozilla.javascript.ObjArray_ESTest" time="0.018"/>
  <testcase name="test15" classname="org.mozilla.javascript.ObjArray_ESTest" time="0.005"/>
  <testcase name="test16" classname="org.mozilla.javascript.ObjArray_ESTest" time="0.036"/>
  <testcase name="test10" classname="org.mozilla.javascript.ObjArray_ESTest" time="0.004"/>
  <testcase name="test11" classname="org.mozilla.javascript.ObjArray_ESTest" time="0.008"/>
  <testcase name="test12" classname="org.mozilla.javascript.ObjArray_ESTest" time="0.013"/>
  <testcase name="test06" classname="org.mozilla.javascript.ObjArray_ESTest" time="0.053"/>
  <testcase name="test28" classname="org.mozilla.javascript.ObjArray_ESTest" time="0.012"/>
  <testcase name="test07" classname="org.mozilla.javascript.ObjArray_ESTest" time="0.009"/>
  <testcase name="test08" classname="org.mozilla.javascript.ObjArray_ESTest" time="0.01"/>
  <testcase name="test09" classname="org.mozilla.javascript.ObjArray_ESTest" time="0.03"/>
  <testcase name="test02" classname="org.mozilla.javascript.ObjArray_ESTest" time="0.017"/>
  <testcase name="test24" classname="org.mozilla.javascript.ObjArray_ESTest" time="0.028"/>
  <testcase name="test03" classname="org.mozilla.javascript.ObjArray_ESTest" time="0.023"/>
  <testcase name="test25" classname="org.mozilla.javascript.ObjArray_ESTest" time="0.006"/>
  <testcase name="test04" classname="org.mozilla.javascript.ObjArray_ESTest" time="0.029"/>
  <testcase name="test26" classname="org.mozilla.javascript.ObjArray_ESTest" time="0.021"/>
  <testcase name="test05" classname="org.mozilla.javascript.ObjArray_ESTest" time="0.012"/>
  <testcase name="test27" classname="org.mozilla.javascript.ObjArray_ESTest" time="0.018"/>
  <testcase name="test20" classname="org.mozilla.javascript.ObjArray_ESTest" time="0.003"/>
  <testcase name="test21" classname="org.mozilla.javascript.ObjArray_ESTest" time="0.02"/>
  <testcase name="test00" classname="org.mozilla.javascript.ObjArray_ESTest" time="0.002"/>
  <testcase name="test22" classname="org.mozilla.javascript.ObjArray_ESTest" time="0.014"/>
  <testcase name="test01" classname="org.mozilla.javascript.ObjArray_ESTest" time="0.006"/>
  <testcase name="test23" classname="org.mozilla.javascript.ObjArray_ESTest" time="0.01"/>
  <system-out><![CDATA[]]></system-out>
  <system-err><![CDATA[Jan 10, 2019 3:37:32 PM org.evosuite.runtime.instrumentation.EvoClassLoader loadClass
INFO: Seeing class for first time: org.mozilla.javascript.ObjArray_ESTest
Jan 10, 2019 3:37:32 PM org.evosuite.runtime.instrumentation.EvoClassLoader instrumentClass
INFO: Instrumenting class 'org.mozilla.javascript.ObjArray_ESTest'.
Jan 10, 2019 3:37:32 PM org.evosuite.runtime.instrumentation.EvoClassLoader loadClass
INFO: Seeing class for first time: org.mozilla.javascript.ObjArray_ESTest_scaffolding
Jan 10, 2019 3:37:32 PM org.evosuite.runtime.instrumentation.EvoClassLoader instrumentClass
INFO: Instrumenting class 'org.mozilla.javascript.ObjArray_ESTest_scaffolding'.
Jan 10, 2019 3:37:32 PM org.evosuite.runtime.instrumentation.EvoClassLoader instrumentClass
INFO: Keeping class: org.mozilla.javascript.ObjArray_ESTest_scaffolding
Jan 10, 2019 3:37:32 PM org.evosuite.runtime.instrumentation.EvoClassLoader instrumentClass
INFO: Keeping class: org.mozilla.javascript.ObjArray_ESTest
Jan 10, 2019 11:37:33 PM org.evosuite.runtime.instrumentation.EvoClassLoader loadClass
INFO: Seeing class for first time: org.mozilla.javascript.ObjArray
Jan 10, 2019 11:37:33 PM org.evosuite.runtime.instrumentation.EvoClassLoader instrumentClass
INFO: Instrumenting class 'org.mozilla.javascript.ObjArray'.
Jan 10, 2019 11:37:33 PM org.evosuite.runtime.instrumentation.MethodCallReplacementClassAdapter visit
INFO: Adding mock interface to class org/mozilla/javascript/ObjArray
Jan 10, 2019 11:37:34 PM org.evosuite.runtime.instrumentation.CreateClassResetClassAdapter createEmptyStaticReset
INFO: Creating brand-new static initializer in class org/mozilla/javascript/ObjArray
Jan 10, 2019 11:37:34 PM org.evosuite.runtime.instrumentation.CreateClassResetClassAdapter createEmptyStaticReset
INFO: Adding bytecode for initializing field FIELDS_STORE_SIZE
Jan 10, 2019 11:37:34 PM org.evosuite.runtime.instrumentation.EvoClassLoader instrumentClass
INFO: Keeping class: org.mozilla.javascript.ObjArray
Jan 10, 2019 11:37:34 PM org.evosuite.runtime.thread.ThreadStopper killAndJoinClientThreads
INFO: Found new thread
Jan 10, 2019 11:37:34 PM org.evosuite.runtime.thread.ThreadStopper killAndJoinClientThreads
INFO: Found new thread
Jan 10, 2019 11:37:34 PM org.evosuite.runtime.thread.ThreadStopper killAndJoinClientThreads
INFO: Found new thread
Jan 10, 2019 11:37:34 PM org.evosuite.runtime.thread.ThreadStopper killAndJoinClientThreads
INFO: Found new thread
Jan 10, 2019 11:37:34 PM org.evosuite.runtime.thread.ThreadStopper killAndJoinClientThreads
INFO: Found new thread
Jan 10, 2019 11:37:34 PM org.evosuite.runtime.thread.ThreadStopper killAndJoinClientThreads
INFO: Found new thread
Jan 10, 2019 11:37:34 PM org.evosuite.runtime.thread.ThreadStopper killAndJoinClientThreads
INFO: Found new thread
Jan 10, 2019 11:37:34 PM org.evosuite.runtime.thread.ThreadStopper killAndJoinClientThreads
INFO: Found new thread
Jan 10, 2019 11:37:34 PM org.evosuite.runtime.thread.ThreadStopper killAndJoinClientThreads
INFO: Found new thread
Jan 10, 2019 11:37:34 PM org.evosuite.runtime.thread.ThreadStopper killAndJoinClientThreads
INFO: Found new thread
Jan 10, 2019 11:37:34 PM org.evosuite.runtime.thread.ThreadStopper killAndJoinClientThreads
INFO: Found new thread
Jan 10, 2019 11:37:34 PM org.evosuite.runtime.thread.ThreadStopper killAndJoinClientThreads
INFO: Found new thread
Jan 10, 2019 11:37:34 PM org.evosuite.runtime.thread.ThreadStopper killAndJoinClientThreads
INFO: Found new thread
Jan 10, 2019 11:37:34 PM org.evosuite.runtime.thread.ThreadStopper killAndJoinClientThreads
INFO: Found new thread
Jan 10, 2019 11:37:34 PM org.evosuite.runtime.thread.ThreadStopper killAndJoinClientThreads
INFO: Found new thread
Jan 10, 2019 11:37:34 PM org.evosuite.runtime.thread.ThreadStopper killAndJoinClientThreads
INFO: Found new thread
Jan 10, 2019 11:37:34 PM org.evosuite.runtime.thread.ThreadStopper killAndJoinClientThreads
INFO: Found new thread
Jan 10, 2019 11:37:34 PM org.evosuite.runtime.thread.ThreadStopper killAndJoinClientThreads
INFO: Found new thread
Jan 10, 2019 11:37:34 PM org.evosuite.runtime.thread.ThreadStopper killAndJoinClientThreads
INFO: Found new thread
Jan 10, 2019 11:37:34 PM org.evosuite.runtime.thread.ThreadStopper killAndJoinClientThreads
INFO: Found new thread
Jan 10, 2019 11:37:34 PM org.evosuite.runtime.thread.ThreadStopper killAndJoinClientThreads
INFO: Found new thread
Jan 10, 2019 11:37:34 PM org.evosuite.runtime.thread.ThreadStopper killAndJoinClientThreads
INFO: Found new thread
Jan 10, 2019 11:37:34 PM org.evosuite.runtime.thread.ThreadStopper killAndJoinClientThreads
INFO: Found new thread
Jan 10, 2019 11:37:35 PM org.evosuite.runtime.thread.ThreadStopper killAndJoinClientThreads
INFO: Found new thread
Jan 10, 2019 11:37:35 PM org.evosuite.runtime.thread.ThreadStopper killAndJoinClientThreads
INFO: Found new thread
Jan 10, 2019 11:37:35 PM org.evosuite.runtime.thread.ThreadStopper killAndJoinClientThreads
INFO: Found new thread
Jan 10, 2019 11:37:35 PM org.evosuite.runtime.thread.ThreadStopper killAndJoinClientThreads
INFO: Found new thread
Jan 10, 2019 11:37:35 PM org.evosuite.runtime.thread.ThreadStopper killAndJoinClientThreads
INFO: Found new thread
Jan 10, 2019 11:37:35 PM org.evosuite.runtime.thread.ThreadStopper killAndJoinClientThreads
INFO: Found new thread
]]></system-err>
</testsuite>
