<?xml version="1.0" encoding="UTF-8"?>
<testsuite name="org.mozilla.javascript.v8dtoa.CachedPowers_ESTest" tests="3" skipped="0" failures="0" errors="0" timestamp="2019-01-10T23:21:10" hostname="swami-VirtualBox" time="0.092">
  <properties/>
  <testcase name="test2" classname="org.mozilla.javascript.v8dtoa.CachedPowers_ESTest" time="0.069"/>
  <testcase name="test0" classname="org.mozilla.javascript.v8dtoa.CachedPowers_ESTest" time="0.004"/>
  <testcase name="test1" classname="org.mozilla.javascript.v8dtoa.CachedPowers_ESTest" time="0.017"/>
  <system-out><![CDATA[]]></system-out>
  <system-err><![CDATA[Jan 10, 2019 3:21:07 PM org.evosuite.runtime.instrumentation.EvoClassLoader loadClass
INFO: Seeing class for first time: org.mozilla.javascript.v8dtoa.CachedPowers_ESTest
Jan 10, 2019 3:21:07 PM org.evosuite.runtime.instrumentation.EvoClassLoader instrumentClass
INFO: Instrumenting class 'org.mozilla.javascript.v8dtoa.CachedPowers_ESTest'.
Jan 10, 2019 3:21:08 PM org.evosuite.runtime.instrumentation.EvoClassLoader loadClass
INFO: Seeing class for first time: org.mozilla.javascript.v8dtoa.CachedPowers_ESTest_scaffolding
Jan 10, 2019 3:21:08 PM org.evosuite.runtime.instrumentation.EvoClassLoader instrumentClass
INFO: Instrumenting class 'org.mozilla.javascript.v8dtoa.CachedPowers_ESTest_scaffolding'.
Jan 10, 2019 3:21:08 PM org.evosuite.runtime.instrumentation.EvoClassLoader instrumentClass
INFO: Keeping class: org.mozilla.javascript.v8dtoa.CachedPowers_ESTest_scaffolding
Jan 10, 2019 3:21:08 PM org.evosuite.runtime.instrumentation.EvoClassLoader instrumentClass
INFO: Keeping class: org.mozilla.javascript.v8dtoa.CachedPowers_ESTest
Jan 10, 2019 11:21:09 PM org.evosuite.runtime.instrumentation.EvoClassLoader loadClass
INFO: Seeing class for first time: org.mozilla.javascript.v8dtoa.CachedPowers$CachedPower
Jan 10, 2019 11:21:09 PM org.evosuite.runtime.instrumentation.EvoClassLoader instrumentClass
INFO: Instrumenting class 'org.mozilla.javascript.v8dtoa.CachedPowers$CachedPower'.
Jan 10, 2019 11:21:09 PM org.evosuite.runtime.instrumentation.MethodCallReplacementClassAdapter visit
INFO: Adding mock interface to class org/mozilla/javascript/v8dtoa/CachedPowers$CachedPower
Jan 10, 2019 11:21:10 PM org.evosuite.runtime.instrumentation.CreateClassResetClassAdapter createEmptyStaticReset
INFO: Creating brand-new static initializer in class org/mozilla/javascript/v8dtoa/CachedPowers$CachedPower
Jan 10, 2019 11:21:10 PM org.evosuite.runtime.instrumentation.EvoClassLoader instrumentClass
INFO: Keeping class: org.mozilla.javascript.v8dtoa.CachedPowers$CachedPower
Jan 10, 2019 11:21:10 PM org.evosuite.runtime.instrumentation.EvoClassLoader loadClass
INFO: Seeing class for first time: org.mozilla.javascript.v8dtoa.CachedPowers
Jan 10, 2019 11:21:10 PM org.evosuite.runtime.instrumentation.EvoClassLoader instrumentClass
INFO: Instrumenting class 'org.mozilla.javascript.v8dtoa.CachedPowers'.
Jan 10, 2019 11:21:10 PM org.evosuite.runtime.instrumentation.MethodCallReplacementClassAdapter visit
INFO: Adding mock interface to class org/mozilla/javascript/v8dtoa/CachedPowers
Jan 10, 2019 11:21:10 PM org.evosuite.runtime.instrumentation.CreateClassResetClassAdapter visitMethod
INFO: Found static initializer in class org/mozilla/javascript/v8dtoa/CachedPowers
Jan 10, 2019 11:21:10 PM org.evosuite.runtime.instrumentation.EvoClassLoader instrumentClass
INFO: Keeping class: org.mozilla.javascript.v8dtoa.CachedPowers
Jan 10, 2019 11:21:10 PM org.evosuite.runtime.instrumentation.EvoClassLoader loadClass
INFO: Seeing class for first time: org.mozilla.javascript.v8dtoa.DiyFp
Jan 10, 2019 11:21:10 PM org.evosuite.runtime.instrumentation.EvoClassLoader instrumentClass
INFO: Instrumenting class 'org.mozilla.javascript.v8dtoa.DiyFp'.
Jan 10, 2019 11:21:10 PM org.evosuite.runtime.instrumentation.MethodCallReplacementClassAdapter visit
INFO: Adding mock interface to class org/mozilla/javascript/v8dtoa/DiyFp
Jan 10, 2019 11:21:10 PM org.evosuite.runtime.instrumentation.CreateClassResetClassAdapter visitMethod
INFO: Found static initializer in class org/mozilla/javascript/v8dtoa/DiyFp
Jan 10, 2019 11:21:10 PM org.evosuite.runtime.instrumentation.EvoClassLoader instrumentClass
INFO: Keeping class: org.mozilla.javascript.v8dtoa.DiyFp
Jan 10, 2019 11:21:10 PM org.evosuite.runtime.thread.ThreadStopper killAndJoinClientThreads
INFO: Found new thread
Jan 10, 2019 11:21:10 PM org.evosuite.runtime.thread.ThreadStopper killAndJoinClientThreads
INFO: Found new thread
Jan 10, 2019 11:21:10 PM org.evosuite.runtime.thread.ThreadStopper killAndJoinClientThreads
INFO: Found new thread
]]></system-err>
</testsuite>
