<?xml version="1.0" encoding="UTF-8"?>
<testsuite name="org.mozilla.classfile.FieldOrMethodRef_ESTest" tests="5" skipped="0" failures="0" errors="0" timestamp="2019-01-10T23:59:35" hostname="swami-VirtualBox" time="0.114">
  <properties/>
  <testcase name="test3" classname="org.mozilla.classfile.FieldOrMethodRef_ESTest" time="0.021"/>
  <testcase name="test2" classname="org.mozilla.classfile.FieldOrMethodRef_ESTest" time="0.023"/>
  <testcase name="test4" classname="org.mozilla.classfile.FieldOrMethodRef_ESTest" time="0.015"/>
  <testcase name="test1" classname="org.mozilla.classfile.FieldOrMethodRef_ESTest" time="0.029"/>
  <testcase name="test0" classname="org.mozilla.classfile.FieldOrMethodRef_ESTest" time="0.012"/>
  <system-out><![CDATA[]]></system-out>
  <system-err><![CDATA[Jan 10, 2019 3:59:32 PM org.evosuite.runtime.instrumentation.EvoClassLoader loadClass
INFO: Seeing class for first time: org.mozilla.classfile.FieldOrMethodRef_ESTest
Jan 10, 2019 3:59:32 PM org.evosuite.runtime.instrumentation.EvoClassLoader instrumentClass
INFO: Instrumenting class 'org.mozilla.classfile.FieldOrMethodRef_ESTest'.
Jan 10, 2019 3:59:33 PM org.evosuite.runtime.instrumentation.EvoClassLoader loadClass
INFO: Seeing class for first time: org.mozilla.classfile.FieldOrMethodRef_ESTest_scaffolding
Jan 10, 2019 3:59:33 PM org.evosuite.runtime.instrumentation.EvoClassLoader instrumentClass
INFO: Instrumenting class 'org.mozilla.classfile.FieldOrMethodRef_ESTest_scaffolding'.
Jan 10, 2019 3:59:33 PM org.evosuite.runtime.instrumentation.EvoClassLoader instrumentClass
INFO: Keeping class: org.mozilla.classfile.FieldOrMethodRef_ESTest_scaffolding
Jan 10, 2019 3:59:33 PM org.evosuite.runtime.instrumentation.EvoClassLoader instrumentClass
INFO: Keeping class: org.mozilla.classfile.FieldOrMethodRef_ESTest
Jan 10, 2019 11:59:34 PM org.evosuite.runtime.instrumentation.EvoClassLoader loadClass
INFO: Seeing class for first time: org.mozilla.classfile.FieldOrMethodRef
Jan 10, 2019 11:59:34 PM org.evosuite.runtime.instrumentation.EvoClassLoader instrumentClass
INFO: Instrumenting class 'org.mozilla.classfile.FieldOrMethodRef'.
Jan 10, 2019 11:59:34 PM org.evosuite.runtime.instrumentation.MethodCallReplacementClassAdapter visit
INFO: Adding mock interface to class org/mozilla/classfile/FieldOrMethodRef
Jan 10, 2019 11:59:35 PM org.evosuite.runtime.instrumentation.CreateClassResetClassAdapter createEmptyStaticReset
INFO: Creating brand-new static initializer in class org/mozilla/classfile/FieldOrMethodRef
Jan 10, 2019 11:59:35 PM org.evosuite.runtime.instrumentation.EvoClassLoader instrumentClass
INFO: Keeping class: org.mozilla.classfile.FieldOrMethodRef
Jan 10, 2019 11:59:35 PM org.evosuite.runtime.thread.ThreadStopper killAndJoinClientThreads
INFO: Found new thread
Jan 10, 2019 11:59:35 PM org.evosuite.runtime.thread.ThreadStopper killAndJoinClientThreads
INFO: Found new thread
Jan 10, 2019 11:59:35 PM org.evosuite.runtime.thread.ThreadStopper killAndJoinClientThreads
INFO: Found new thread
Jan 10, 2019 11:59:35 PM org.evosuite.runtime.thread.ThreadStopper killAndJoinClientThreads
INFO: Found new thread
Jan 10, 2019 11:59:35 PM org.evosuite.runtime.thread.ThreadStopper killAndJoinClientThreads
INFO: Found new thread
]]></system-err>
</testsuite>
