<?xml version="1.0" encoding="UTF-8"?>
<testsuite name="org.mozilla.javascript.Token_ESTest" tests="202" skipped="0" failures="0" errors="0" timestamp="2018-08-07T23:59:38" hostname="cobb" time="6.922">
  <properties/>
  <testcase name="test118" classname="org.mozilla.javascript.Token_ESTest" time="0.083"/>
  <testcase name="test119" classname="org.mozilla.javascript.Token_ESTest" time="0.033"/>
  <testcase name="test116" classname="org.mozilla.javascript.Token_ESTest" time="0.063"/>
  <testcase name="test117" classname="org.mozilla.javascript.Token_ESTest" time="0.041"/>
  <testcase name="test114" classname="org.mozilla.javascript.Token_ESTest" time="0.037"/>
  <testcase name="test115" classname="org.mozilla.javascript.Token_ESTest" time="0.025"/>
  <testcase name="test112" classname="org.mozilla.javascript.Token_ESTest" time="0.028"/>
  <testcase name="test113" classname="org.mozilla.javascript.Token_ESTest" time="0.059"/>
  <testcase name="test000" classname="org.mozilla.javascript.Token_ESTest" time="0.055"/>
  <testcase name="test121" classname="org.mozilla.javascript.Token_ESTest" time="0.058"/>
  <testcase name="test001" classname="org.mozilla.javascript.Token_ESTest" time="0.029"/>
  <testcase name="test122" classname="org.mozilla.javascript.Token_ESTest" time="0.034"/>
  <testcase name="test120" classname="org.mozilla.javascript.Token_ESTest" time="0.041"/>
  <testcase name="test008" classname="org.mozilla.javascript.Token_ESTest" time="0.023"/>
  <testcase name="test129" classname="org.mozilla.javascript.Token_ESTest" time="0.031"/>
  <testcase name="test009" classname="org.mozilla.javascript.Token_ESTest" time="0.047"/>
  <testcase name="test006" classname="org.mozilla.javascript.Token_ESTest" time="0.031"/>
  <testcase name="test127" classname="org.mozilla.javascript.Token_ESTest" time="0.051"/>
  <testcase name="test007" classname="org.mozilla.javascript.Token_ESTest" time="0.025"/>
  <testcase name="test128" classname="org.mozilla.javascript.Token_ESTest" time="0.038"/>
  <testcase name="test004" classname="org.mozilla.javascript.Token_ESTest" time="0.032"/>
  <testcase name="test125" classname="org.mozilla.javascript.Token_ESTest" time="0.031"/>
  <testcase name="test005" classname="org.mozilla.javascript.Token_ESTest" time="0.023"/>
  <testcase name="test126" classname="org.mozilla.javascript.Token_ESTest" time="0.028"/>
  <testcase name="test002" classname="org.mozilla.javascript.Token_ESTest" time="0.02"/>
  <testcase name="test123" classname="org.mozilla.javascript.Token_ESTest" time="0.045"/>
  <testcase name="test003" classname="org.mozilla.javascript.Token_ESTest" time="0.026"/>
  <testcase name="test124" classname="org.mozilla.javascript.Token_ESTest" time="0.026"/>
  <testcase name="test011" classname="org.mozilla.javascript.Token_ESTest" time="0.028"/>
  <testcase name="test132" classname="org.mozilla.javascript.Token_ESTest" time="0.023"/>
  <testcase name="test012" classname="org.mozilla.javascript.Token_ESTest" time="0.021"/>
  <testcase name="test133" classname="org.mozilla.javascript.Token_ESTest" time="0.039"/>
  <testcase name="test130" classname="org.mozilla.javascript.Token_ESTest" time="0.031"/>
  <testcase name="test010" classname="org.mozilla.javascript.Token_ESTest" time="0.018"/>
  <testcase name="test131" classname="org.mozilla.javascript.Token_ESTest" time="0.024"/>
  <testcase name="test100" classname="org.mozilla.javascript.Token_ESTest" time="0.033"/>
  <testcase name="test109" classname="org.mozilla.javascript.Token_ESTest" time="0.023"/>
  <testcase name="test107" classname="org.mozilla.javascript.Token_ESTest" time="0.041"/>
  <testcase name="test108" classname="org.mozilla.javascript.Token_ESTest" time="0.029"/>
  <testcase name="test105" classname="org.mozilla.javascript.Token_ESTest" time="0.036"/>
  <testcase name="test106" classname="org.mozilla.javascript.Token_ESTest" time="0.023"/>
  <testcase name="test103" classname="org.mozilla.javascript.Token_ESTest" time="0.025"/>
  <testcase name="test104" classname="org.mozilla.javascript.Token_ESTest" time="0.015"/>
  <testcase name="test101" classname="org.mozilla.javascript.Token_ESTest" time="0.019"/>
  <testcase name="test102" classname="org.mozilla.javascript.Token_ESTest" time="0.017"/>
  <testcase name="test110" classname="org.mozilla.javascript.Token_ESTest" time="0.022"/>
  <testcase name="test111" classname="org.mozilla.javascript.Token_ESTest" time="0.025"/>
  <testcase name="test039" classname="org.mozilla.javascript.Token_ESTest" time="0.031"/>
  <testcase name="test037" classname="org.mozilla.javascript.Token_ESTest" time="0.029"/>
  <testcase name="test158" classname="org.mozilla.javascript.Token_ESTest" time="0.03"/>
  <testcase name="test038" classname="org.mozilla.javascript.Token_ESTest" time="0.023"/>
  <testcase name="test159" classname="org.mozilla.javascript.Token_ESTest" time="0.023"/>
  <testcase name="test035" classname="org.mozilla.javascript.Token_ESTest" time="0.028"/>
  <testcase name="test156" classname="org.mozilla.javascript.Token_ESTest" time="0.018"/>
  <testcase name="test036" classname="org.mozilla.javascript.Token_ESTest" time="0.024"/>
  <testcase name="test157" classname="org.mozilla.javascript.Token_ESTest" time="0.022"/>
  <testcase name="test044" classname="org.mozilla.javascript.Token_ESTest" time="0.023"/>
  <testcase name="test165" classname="org.mozilla.javascript.Token_ESTest" time="0.026"/>
  <testcase name="test045" classname="org.mozilla.javascript.Token_ESTest" time="0.026"/>
  <testcase name="test166" classname="org.mozilla.javascript.Token_ESTest" time="0.02"/>
  <testcase name="test042" classname="org.mozilla.javascript.Token_ESTest" time="0.009"/>
  <testcase name="test163" classname="org.mozilla.javascript.Token_ESTest" time="0.063"/>
  <testcase name="test043" classname="org.mozilla.javascript.Token_ESTest" time="0.023"/>
  <testcase name="test164" classname="org.mozilla.javascript.Token_ESTest" time="0.043"/>
  <testcase name="test040" classname="org.mozilla.javascript.Token_ESTest" time="0.026"/>
  <testcase name="test161" classname="org.mozilla.javascript.Token_ESTest" time="0.022"/>
  <testcase name="test041" classname="org.mozilla.javascript.Token_ESTest" time="0.027"/>
  <testcase name="test162" classname="org.mozilla.javascript.Token_ESTest" time="0.029"/>
  <testcase name="test160" classname="org.mozilla.javascript.Token_ESTest" time="0.081"/>
  <testcase name="test048" classname="org.mozilla.javascript.Token_ESTest" time="0.017"/>
  <testcase name="test169" classname="org.mozilla.javascript.Token_ESTest" time="0.039"/>
  <testcase name="test049" classname="org.mozilla.javascript.Token_ESTest" time="0.036"/>
  <testcase name="test046" classname="org.mozilla.javascript.Token_ESTest" time="0.02"/>
  <testcase name="test167" classname="org.mozilla.javascript.Token_ESTest" time="0.029"/>
  <testcase name="test047" classname="org.mozilla.javascript.Token_ESTest" time="0.035"/>
  <testcase name="test168" classname="org.mozilla.javascript.Token_ESTest" time="0.019"/>
  <testcase name="test055" classname="org.mozilla.javascript.Token_ESTest" time="0.07"/>
  <testcase name="test176" classname="org.mozilla.javascript.Token_ESTest" time="0.048"/>
  <testcase name="test056" classname="org.mozilla.javascript.Token_ESTest" time="0.026"/>
  <testcase name="test177" classname="org.mozilla.javascript.Token_ESTest" time="0.049"/>
  <testcase name="test053" classname="org.mozilla.javascript.Token_ESTest" time="0.028"/>
  <testcase name="test174" classname="org.mozilla.javascript.Token_ESTest" time="0.057"/>
  <testcase name="test054" classname="org.mozilla.javascript.Token_ESTest" time="0.046"/>
  <testcase name="test175" classname="org.mozilla.javascript.Token_ESTest" time="0.022"/>
  <testcase name="test051" classname="org.mozilla.javascript.Token_ESTest" time="0.042"/>
  <testcase name="test172" classname="org.mozilla.javascript.Token_ESTest" time="0.084"/>
  <testcase name="test052" classname="org.mozilla.javascript.Token_ESTest" time="0.049"/>
  <testcase name="test173" classname="org.mozilla.javascript.Token_ESTest" time="0.012"/>
  <testcase name="test170" classname="org.mozilla.javascript.Token_ESTest" time="0.037"/>
  <testcase name="test050" classname="org.mozilla.javascript.Token_ESTest" time="0.048"/>
  <testcase name="test171" classname="org.mozilla.javascript.Token_ESTest" time="0.058"/>
  <testcase name="test019" classname="org.mozilla.javascript.Token_ESTest" time="0.026"/>
  <testcase name="test017" classname="org.mozilla.javascript.Token_ESTest" time="0.02"/>
  <testcase name="test138" classname="org.mozilla.javascript.Token_ESTest" time="0.034"/>
  <testcase name="test018" classname="org.mozilla.javascript.Token_ESTest" time="0.034"/>
  <testcase name="test139" classname="org.mozilla.javascript.Token_ESTest" time="0.021"/>
  <testcase name="test015" classname="org.mozilla.javascript.Token_ESTest" time="0.039"/>
  <testcase name="test136" classname="org.mozilla.javascript.Token_ESTest" time="0.023"/>
  <testcase name="test016" classname="org.mozilla.javascript.Token_ESTest" time="0.034"/>
  <testcase name="test137" classname="org.mozilla.javascript.Token_ESTest" time="0.044"/>
  <testcase name="test013" classname="org.mozilla.javascript.Token_ESTest" time="0.112"/>
  <testcase name="test134" classname="org.mozilla.javascript.Token_ESTest" time="0.012"/>
  <testcase name="test014" classname="org.mozilla.javascript.Token_ESTest" time="0.03"/>
  <testcase name="test135" classname="org.mozilla.javascript.Token_ESTest" time="0.047"/>
  <testcase name="test022" classname="org.mozilla.javascript.Token_ESTest" time="0.04"/>
  <testcase name="test143" classname="org.mozilla.javascript.Token_ESTest" time="0.03"/>
  <testcase name="test023" classname="org.mozilla.javascript.Token_ESTest" time="0.056"/>
  <testcase name="test144" classname="org.mozilla.javascript.Token_ESTest" time="0.033"/>
  <testcase name="test020" classname="org.mozilla.javascript.Token_ESTest" time="0.034"/>
  <testcase name="test141" classname="org.mozilla.javascript.Token_ESTest" time="0.054"/>
  <testcase name="test021" classname="org.mozilla.javascript.Token_ESTest" time="0.02"/>
  <testcase name="test142" classname="org.mozilla.javascript.Token_ESTest" time="0.046"/>
  <testcase name="test140" classname="org.mozilla.javascript.Token_ESTest" time="0.012"/>
  <testcase name="test028" classname="org.mozilla.javascript.Token_ESTest" time="0.054"/>
  <testcase name="test149" classname="org.mozilla.javascript.Token_ESTest" time="0.043"/>
  <testcase name="test029" classname="org.mozilla.javascript.Token_ESTest" time="0.025"/>
  <testcase name="test026" classname="org.mozilla.javascript.Token_ESTest" time="0.018"/>
  <testcase name="test147" classname="org.mozilla.javascript.Token_ESTest" time="0.059"/>
  <testcase name="test027" classname="org.mozilla.javascript.Token_ESTest" time="0.029"/>
  <testcase name="test148" classname="org.mozilla.javascript.Token_ESTest" time="0.015"/>
  <testcase name="test024" classname="org.mozilla.javascript.Token_ESTest" time="0.067"/>
  <testcase name="test145" classname="org.mozilla.javascript.Token_ESTest" time="0.015"/>
  <testcase name="test025" classname="org.mozilla.javascript.Token_ESTest" time="0.062"/>
  <testcase name="test146" classname="org.mozilla.javascript.Token_ESTest" time="0.031"/>
  <testcase name="test033" classname="org.mozilla.javascript.Token_ESTest" time="0.036"/>
  <testcase name="test154" classname="org.mozilla.javascript.Token_ESTest" time="0.036"/>
  <testcase name="test034" classname="org.mozilla.javascript.Token_ESTest" time="0.046"/>
  <testcase name="test155" classname="org.mozilla.javascript.Token_ESTest" time="0.037"/>
  <testcase name="test031" classname="org.mozilla.javascript.Token_ESTest" time="0.029"/>
  <testcase name="test152" classname="org.mozilla.javascript.Token_ESTest" time="0.052"/>
  <testcase name="test032" classname="org.mozilla.javascript.Token_ESTest" time="0.029"/>
  <testcase name="test153" classname="org.mozilla.javascript.Token_ESTest" time="0.019"/>
  <testcase name="test150" classname="org.mozilla.javascript.Token_ESTest" time="0.032"/>
  <testcase name="test030" classname="org.mozilla.javascript.Token_ESTest" time="0.02"/>
  <testcase name="test151" classname="org.mozilla.javascript.Token_ESTest" time="0.02"/>
  <testcase name="test079" classname="org.mozilla.javascript.Token_ESTest" time="0.029"/>
  <testcase name="test088" classname="org.mozilla.javascript.Token_ESTest" time="0.042"/>
  <testcase name="test089" classname="org.mozilla.javascript.Token_ESTest" time="0.027"/>
  <testcase name="test086" classname="org.mozilla.javascript.Token_ESTest" time="0.014"/>
  <testcase name="test087" classname="org.mozilla.javascript.Token_ESTest" time="0.038"/>
  <testcase name="test084" classname="org.mozilla.javascript.Token_ESTest" time="0.023"/>
  <testcase name="test085" classname="org.mozilla.javascript.Token_ESTest" time="0.038"/>
  <testcase name="test082" classname="org.mozilla.javascript.Token_ESTest" time="0.026"/>
  <testcase name="test083" classname="org.mozilla.javascript.Token_ESTest" time="0.021"/>
  <testcase name="test080" classname="org.mozilla.javascript.Token_ESTest" time="0.035"/>
  <testcase name="test081" classname="org.mozilla.javascript.Token_ESTest" time="0.014"/>
  <testcase name="test099" classname="org.mozilla.javascript.Token_ESTest" time="0.033"/>
  <testcase name="test097" classname="org.mozilla.javascript.Token_ESTest" time="0.047"/>
  <testcase name="test098" classname="org.mozilla.javascript.Token_ESTest" time="0.012"/>
  <testcase name="test095" classname="org.mozilla.javascript.Token_ESTest" time="0.034"/>
  <testcase name="test096" classname="org.mozilla.javascript.Token_ESTest" time="0.039"/>
  <testcase name="test093" classname="org.mozilla.javascript.Token_ESTest" time="0.025"/>
  <testcase name="test094" classname="org.mozilla.javascript.Token_ESTest" time="0.021"/>
  <testcase name="test091" classname="org.mozilla.javascript.Token_ESTest" time="0.004"/>
  <testcase name="test092" classname="org.mozilla.javascript.Token_ESTest" time="0.031"/>
  <testcase name="test090" classname="org.mozilla.javascript.Token_ESTest" time="0.048"/>
  <testcase name="test059" classname="org.mozilla.javascript.Token_ESTest" time="0.029"/>
  <testcase name="test057" classname="org.mozilla.javascript.Token_ESTest" time="0.034"/>
  <testcase name="test178" classname="org.mozilla.javascript.Token_ESTest" time="0.029"/>
  <testcase name="test058" classname="org.mozilla.javascript.Token_ESTest" time="0.033"/>
  <testcase name="test179" classname="org.mozilla.javascript.Token_ESTest" time="0.029"/>
  <testcase name="test066" classname="org.mozilla.javascript.Token_ESTest" time="0.044"/>
  <testcase name="test187" classname="org.mozilla.javascript.Token_ESTest" time="0.023"/>
  <testcase name="test067" classname="org.mozilla.javascript.Token_ESTest" time="0.032"/>
  <testcase name="test188" classname="org.mozilla.javascript.Token_ESTest" time="0.025"/>
  <testcase name="test064" classname="org.mozilla.javascript.Token_ESTest" time="0.025"/>
  <testcase name="test185" classname="org.mozilla.javascript.Token_ESTest" time="0.004"/>
  <testcase name="test065" classname="org.mozilla.javascript.Token_ESTest" time="0.054"/>
  <testcase name="test186" classname="org.mozilla.javascript.Token_ESTest" time="0.106"/>
  <testcase name="test062" classname="org.mozilla.javascript.Token_ESTest" time="0.011"/>
  <testcase name="test183" classname="org.mozilla.javascript.Token_ESTest" time="0.037"/>
  <testcase name="test063" classname="org.mozilla.javascript.Token_ESTest" time="0.038"/>
  <testcase name="test184" classname="org.mozilla.javascript.Token_ESTest" time="0.028"/>
  <testcase name="test060" classname="org.mozilla.javascript.Token_ESTest" time="0.026"/>
  <testcase name="test181" classname="org.mozilla.javascript.Token_ESTest" time="0.038"/>
  <testcase name="test061" classname="org.mozilla.javascript.Token_ESTest" time="0.046"/>
  <testcase name="test182" classname="org.mozilla.javascript.Token_ESTest" time="0.019"/>
  <testcase name="test180" classname="org.mozilla.javascript.Token_ESTest" time="0.023"/>
  <testcase name="test068" classname="org.mozilla.javascript.Token_ESTest" time="0.01"/>
  <testcase name="test189" classname="org.mozilla.javascript.Token_ESTest" time="0.039"/>
  <testcase name="test069" classname="org.mozilla.javascript.Token_ESTest" time="0.04"/>
  <testcase name="test077" classname="org.mozilla.javascript.Token_ESTest" time="0.016"/>
  <testcase name="test198" classname="org.mozilla.javascript.Token_ESTest" time="0.032"/>
  <testcase name="test078" classname="org.mozilla.javascript.Token_ESTest" time="0.034"/>
  <testcase name="test199" classname="org.mozilla.javascript.Token_ESTest" time="0.047"/>
  <testcase name="test075" classname="org.mozilla.javascript.Token_ESTest" time="0.031"/>
  <testcase name="test196" classname="org.mozilla.javascript.Token_ESTest" time="0.018"/>
  <testcase name="test076" classname="org.mozilla.javascript.Token_ESTest" time="0.042"/>
  <testcase name="test197" classname="org.mozilla.javascript.Token_ESTest" time="0.021"/>
  <testcase name="test073" classname="org.mozilla.javascript.Token_ESTest" time="0.025"/>
  <testcase name="test194" classname="org.mozilla.javascript.Token_ESTest" time="0.015"/>
  <testcase name="test074" classname="org.mozilla.javascript.Token_ESTest" time="0.012"/>
  <testcase name="test195" classname="org.mozilla.javascript.Token_ESTest" time="0.027"/>
  <testcase name="test071" classname="org.mozilla.javascript.Token_ESTest" time="0.01"/>
  <testcase name="test192" classname="org.mozilla.javascript.Token_ESTest" time="0.025"/>
  <testcase name="test072" classname="org.mozilla.javascript.Token_ESTest" time="0.024"/>
  <testcase name="test193" classname="org.mozilla.javascript.Token_ESTest" time="0.029"/>
  <testcase name="test190" classname="org.mozilla.javascript.Token_ESTest" time="0.032"/>
  <testcase name="test070" classname="org.mozilla.javascript.Token_ESTest" time="0.051"/>
  <testcase name="test191" classname="org.mozilla.javascript.Token_ESTest" time="0.036"/>
  <testcase name="test200" classname="org.mozilla.javascript.Token_ESTest" time="0.023"/>
  <testcase name="test201" classname="org.mozilla.javascript.Token_ESTest" time="0.027"/>
  <system-out><![CDATA[]]></system-out>
  <system-err><![CDATA[Aug 07, 2018 4:59:30 PM org.evosuite.runtime.agent.AgentLoader loadAgent
INFO: dynamically loading javaagent
Aug 07, 2018 4:59:30 PM org.evosuite.runtime.agent.AgentLoader loadAgent
INFO: Using JavaAgent in /home/mmotwani/rhino/EVOSUITETESTS/evosuite_1/evosuite-tests/evosuite-standalone-runtime-1.0.6.jar
Aug 07, 2018 4:59:30 PM org.evosuite.runtime.agent.AgentLoader loadAgent
INFO: Classpath: /home/mmotwani/rhino/buildGradle/classes/java/test:/home/mmotwani/rhino/buildGradle/resources/test:/home/mmotwani/rhino/buildGradle/classes/java/main:/home/mmotwani/rhino/buildGradle/resources/main:/home/mmotwani/rhino/EVOSUITETESTS/evosuite_1/evosuite-tests/evosuite-standalone-runtime-1.0.6.jar:/home/mmotwani/rhino/EVOSUITETESTS/evosuite_1/evosuite-tests/slf4j.jdk14-1.6.1.jar:/home/mmotwani/.gradle/caches/modules-2/files-2.1/junit/junit/4.12/2973d150c0dc1fefe998f834810d68f278ea58ec/junit-4.12.jar:/home/mmotwani/.gradle/caches/modules-2/files-2.1/org.yaml/snakeyaml/1.15/3b132bea69e8ee099f416044970997bde80f4ea6/snakeyaml-1.15.jar:/home/mmotwani/.gradle/caches/modules-2/files-2.1/net.trajano.caliper/caliper/1.2.1/b4dcdf8b2e8a59268511eab505144b8a84e628ab/caliper-1.2.1.jar:/home/mmotwani/.gradle/caches/modules-2/files-2.1/org.hamcrest/hamcrest-core/1.3/42a25dc3219429f0e5d060061f71acb49bf010a0/hamcrest-core-1.3.jar:/home/mmotwani/.gradle/caches/modules-2/files-2.1/com.google.code.gson/gson/2.3.1/ecb6e1f8e4b0e84c4b886c2f14a1500caf309757/gson-2.3.1.jar:/home/mmotwani/.gradle/caches/modules-2/files-2.1/com.google.code.java-allocation-instrumenter/java-allocation-instrumenter/3.0/2e0cca505a5d64da11bf265158f2a52d150050b2/java-allocation-instrumenter-3.0.jar:/home/mmotwani/.gradle/caches/modules-2/files-2.1/com.google.guava/guava/18.0/cce0823396aa693798f8882e64213b1772032b09/guava-18.0.jar:/home/mmotwani/.gradle/caches/modules-2/files-2.1/com.google.inject.extensions/guice-assistedinject/3.0/544449ddb19f088dcde44f055d30a08835a954a7/guice-assistedinject-3.0.jar:/home/mmotwani/.gradle/caches/modules-2/files-2.1/com.google.inject.extensions/guice-multibindings/3.0/5e670615a927571234df68a8b1fe1a16272be555/guice-multibindings-3.0.jar:/home/mmotwani/.gradle/caches/modules-2/files-2.1/com.google.inject/guice/3.0/9d84f15fe35e2c716a02979fb62f50a29f38aefa/guice-3.0.jar:/home/mmotwani/.gradle/caches/modules-2/files-2.1/joda-time/joda-time/2.7/5599707a3eaad13e889f691b3af78c8c03842195/joda-time-2.7.jar:/home/mmotwani/.gradle/caches/modules-2/files-2.1/org.apache.commons/commons-math/2.2/4877b85d388275f994a5cfc7eceb73a8045d3006/commons-math-2.2.jar:/home/mmotwani/.gradle/caches/modules-2/files-2.1/org.glassfish.jersey.core/jersey-client/2.16/72ccdd4a542964b6c053b1d238d2d5ac1a6147c9/jersey-client-2.16.jar:/home/mmotwani/.gradle/caches/modules-2/files-2.1/org.ow2.asm/asm-analysis/5.0.3/c7126aded0e8e13fed5f913559a0dd7b770a10f3/asm-analysis-5.0.3.jar:/home/mmotwani/.gradle/caches/modules-2/files-2.1/org.ow2.asm/asm-commons/5.0.3/a7111830132c7f87d08fe48cb0ca07630f8cb91c/asm-commons-5.0.3.jar:/home/mmotwani/.gradle/caches/modules-2/files-2.1/org.ow2.asm/asm-xml/5.0.3/440c3f0a1e2459716ecc65d67ed3bde51727893d/asm-xml-5.0.3.jar:/home/mmotwani/.gradle/caches/modules-2/files-2.1/org.ow2.asm/asm-util/5.0.3/1512e5571325854b05fb1efce1db75fcced54389/asm-util-5.0.3.jar:/home/mmotwani/.gradle/caches/modules-2/files-2.1/org.ow2.asm/asm-tree/5.0.3/287749b48ba7162fb67c93a026d690b29f410bed/asm-tree-5.0.3.jar:/home/mmotwani/.gradle/caches/modules-2/files-2.1/org.ow2.asm/asm/5.0.3/dcc2193db20e19e1feca8b1240dbbc4e190824fa/asm-5.0.3.jar:/home/mmotwani/.gradle/caches/modules-2/files-2.1/org.glassfish.jersey.core/jersey-common/2.16/28aadc6d6e9978b51c3fa898d4989d908d2f65c8/jersey-common-2.16.jar:/home/mmotwani/.gradle/caches/modules-2/files-2.1/org.glassfish.hk2/hk2-locator/2.4.0-b09/1508f542ca9e0e9ab355ae937566e096b32f89c0/hk2-locator-2.4.0-b09.jar:/home/mmotwani/.gradle/caches/modules-2/files-2.1/org.glassfish.hk2/hk2-api/2.4.0-b09/b69de840ba9ddf35e10355b5febfd9a191f0e183/hk2-api-2.4.0-b09.jar:/home/mmotwani/.gradle/caches/modules-2/files-2.1/org.glassfish.hk2/hk2-utils/2.4.0-b09/fbc70b91b67b1ff6b419e52b60d2991543c7e65d/hk2-utils-2.4.0-b09.jar:/home/mmotwani/.gradle/caches/modules-2/files-2.1/javax.inject/javax.inject/1/6975da39a7040257bd51d21a231b76c915872d38/javax.inject-1.jar:/home/mmotwani/.gradle/caches/modules-2/files-2.1/aopalliance/aopalliance/1.0/235ba8b489512805ac13a8f9ea77a1ca5ebe3e8/aopalliance-1.0.jar:/home/mmotwani/.gradle/caches/modules-2/files-2.1/org.sonatype.sisu.inject/cglib/2.2.1-v20090111/7ce5e983fd0e6c78346f4c9cbfa39d83049dda2/cglib-2.2.1-v20090111.jar:/home/mmotwani/.gradle/caches/modules-2/files-2.1/javax.ws.rs/javax.ws.rs-api/2.0.1/104e9c2b5583cfcfeac0402316221648d6d8ea6b/javax.ws.rs-api-2.0.1.jar:/home/mmotwani/.gradle/caches/modules-2/files-2.1/org.glassfish.hk2.external/javax.inject/2.4.0-b09/69b84056c8eb051684fb774c0a7efd040212dcac/javax.inject-2.4.0-b09.jar:/home/mmotwani/.gradle/caches/modules-2/files-2.1/asm/asm/3.1/c157def142714c544bdea2e6144645702adf7097/asm-3.1.jar:/home/mmotwani/.gradle/caches/modules-2/files-2.1/javax.annotation/javax.annotation-api/1.2/479c1e06db31c432330183f5cae684163f186146/javax.annotation-api-1.2.jar:/home/mmotwani/.gradle/caches/modules-2/files-2.1/org.glassfish.jersey.bundles.repackaged/jersey-guava/2.16/aef7416e0986171c628ae9402bbbca38761d4b25/jersey-guava-2.16.jar:/home/mmotwani/.gradle/caches/modules-2/files-2.1/org.glassfish.hk2/osgi-resource-locator/1.0.1/4ed2b2d4738aed5786cfa64cba5a332779c4c708/osgi-resource-locator-1.0.1.jar:/home/mmotwani/.gradle/caches/modules-2/files-2.1/org.glassfish.hk2.external/aopalliance-repackaged/2.4.0-b09/da39da3a3ad3bde943970cc6664949369545cadc/aopalliance-repackaged-2.4.0-b09.jar:/home/mmotwani/.gradle/caches/modules-2/files-2.1/org.javassist/javassist/3.18.1-GA/d9a09f7732226af26bf99f19e2cffe0ae219db5b/javassist-3.18.1-GA.jar
Aug 07, 2018 4:59:30 PM org.evosuite.runtime.agent.AgentLoader loadAgent
INFO: Going to attach agent to process 4485
Aug 07, 2018 4:59:31 PM org.evosuite.runtime.agent.InstrumentingAgent agentmain
INFO: Executing agentmain of JavaAgent
Aug 07, 2018 11:59:34 PM org.evosuite.runtime.instrumentation.MethodCallReplacementClassAdapter visit
INFO: Adding mock interface to class org/mozilla/javascript/Token$CommentType
Aug 07, 2018 11:59:36 PM org.evosuite.runtime.instrumentation.CreateClassResetClassAdapter visitMethod
INFO: Found static initializer in class org/mozilla/javascript/Token$CommentType
Aug 07, 2018 11:59:36 PM org.evosuite.runtime.instrumentation.MethodCallReplacementClassAdapter visit
INFO: Adding mock interface to class org/mozilla/javascript/Token
Aug 07, 2018 11:59:36 PM org.evosuite.runtime.instrumentation.CreateClassResetClassAdapter createEmptyStaticReset
INFO: Creating brand-new static initializer in class org/mozilla/javascript/Token
Aug 07, 2018 11:59:36 PM org.evosuite.runtime.instrumentation.CreateClassResetClassAdapter createEmptyStaticReset
INFO: Adding bytecode for initializing field printTrees
Aug 07, 2018 11:59:36 PM org.evosuite.runtime.instrumentation.CreateClassResetClassAdapter createEmptyStaticReset
INFO: Adding bytecode for initializing field printICode
Aug 07, 2018 11:59:36 PM org.evosuite.runtime.instrumentation.CreateClassResetClassAdapter createEmptyStaticReset
INFO: Adding bytecode for initializing field printNames
Aug 07, 2018 11:59:36 PM org.evosuite.runtime.instrumentation.CreateClassResetClassAdapter createEmptyStaticReset
INFO: Adding bytecode for initializing field ERROR
Aug 07, 2018 11:59:36 PM org.evosuite.runtime.instrumentation.CreateClassResetClassAdapter createEmptyStaticReset
INFO: Adding bytecode for initializing field EOF
Aug 07, 2018 11:59:36 PM org.evosuite.runtime.instrumentation.CreateClassResetClassAdapter createEmptyStaticReset
INFO: Adding bytecode for initializing field EOL
Aug 07, 2018 11:59:36 PM org.evosuite.runtime.instrumentation.CreateClassResetClassAdapter createEmptyStaticReset
INFO: Adding bytecode for initializing field FIRST_BYTECODE_TOKEN
Aug 07, 2018 11:59:36 PM org.evosuite.runtime.instrumentation.CreateClassResetClassAdapter createEmptyStaticReset
INFO: Adding bytecode for initializing field ENTERWITH
Aug 07, 2018 11:59:36 PM org.evosuite.runtime.instrumentation.CreateClassResetClassAdapter createEmptyStaticReset
INFO: Adding bytecode for initializing field LEAVEWITH
Aug 07, 2018 11:59:36 PM org.evosuite.runtime.instrumentation.CreateClassResetClassAdapter createEmptyStaticReset
INFO: Adding bytecode for initializing field RETURN
Aug 07, 2018 11:59:37 PM org.evosuite.runtime.instrumentation.CreateClassResetClassAdapter createEmptyStaticReset
INFO: Adding bytecode for initializing field GOTO
Aug 07, 2018 11:59:37 PM org.evosuite.runtime.instrumentation.CreateClassResetClassAdapter createEmptyStaticReset
INFO: Adding bytecode for initializing field IFEQ
Aug 07, 2018 11:59:37 PM org.evosuite.runtime.instrumentation.CreateClassResetClassAdapter createEmptyStaticReset
INFO: Adding bytecode for initializing field IFNE
Aug 07, 2018 11:59:37 PM org.evosuite.runtime.instrumentation.CreateClassResetClassAdapter createEmptyStaticReset
INFO: Adding bytecode for initializing field SETNAME
Aug 07, 2018 11:59:37 PM org.evosuite.runtime.instrumentation.CreateClassResetClassAdapter createEmptyStaticReset
INFO: Adding bytecode for initializing field BITOR
Aug 07, 2018 11:59:37 PM org.evosuite.runtime.instrumentation.CreateClassResetClassAdapter createEmptyStaticReset
INFO: Adding bytecode for initializing field BITXOR
Aug 07, 2018 11:59:37 PM org.evosuite.runtime.instrumentation.CreateClassResetClassAdapter createEmptyStaticReset
INFO: Adding bytecode for initializing field BITAND
Aug 07, 2018 11:59:37 PM org.evosuite.runtime.instrumentation.CreateClassResetClassAdapter createEmptyStaticReset
INFO: Adding bytecode for initializing field EQ
Aug 07, 2018 11:59:37 PM org.evosuite.runtime.instrumentation.CreateClassResetClassAdapter createEmptyStaticReset
INFO: Adding bytecode for initializing field NE
Aug 07, 2018 11:59:37 PM org.evosuite.runtime.instrumentation.CreateClassResetClassAdapter createEmptyStaticReset
INFO: Adding bytecode for initializing field LT
Aug 07, 2018 11:59:37 PM org.evosuite.runtime.instrumentation.CreateClassResetClassAdapter createEmptyStaticReset
INFO: Adding bytecode for initializing field LE
Aug 07, 2018 11:59:37 PM org.evosuite.runtime.instrumentation.CreateClassResetClassAdapter createEmptyStaticReset
INFO: Adding bytecode for initializing field GT
Aug 07, 2018 11:59:37 PM org.evosuite.runtime.instrumentation.CreateClassResetClassAdapter createEmptyStaticReset
INFO: Adding bytecode for initializing field GE
Aug 07, 2018 11:59:37 PM org.evosuite.runtime.instrumentation.CreateClassResetClassAdapter createEmptyStaticReset
INFO: Adding bytecode for initializing field LSH
Aug 07, 2018 11:59:37 PM org.evosuite.runtime.instrumentation.CreateClassResetClassAdapter createEmptyStaticReset
INFO: Adding bytecode for initializing field RSH
Aug 07, 2018 11:59:37 PM org.evosuite.runtime.instrumentation.CreateClassResetClassAdapter createEmptyStaticReset
INFO: Adding bytecode for initializing field URSH
Aug 07, 2018 11:59:37 PM org.evosuite.runtime.instrumentation.CreateClassResetClassAdapter createEmptyStaticReset
INFO: Adding bytecode for initializing field ADD
Aug 07, 2018 11:59:37 PM org.evosuite.runtime.instrumentation.CreateClassResetClassAdapter createEmptyStaticReset
INFO: Adding bytecode for initializing field SUB
Aug 07, 2018 11:59:37 PM org.evosuite.runtime.instrumentation.CreateClassResetClassAdapter createEmptyStaticReset
INFO: Adding bytecode for initializing field MUL
Aug 07, 2018 11:59:37 PM org.evosuite.runtime.instrumentation.CreateClassResetClassAdapter createEmptyStaticReset
INFO: Adding bytecode for initializing field DIV
Aug 07, 2018 11:59:37 PM org.evosuite.runtime.instrumentation.CreateClassResetClassAdapter createEmptyStaticReset
INFO: Adding bytecode for initializing field MOD
Aug 07, 2018 11:59:37 PM org.evosuite.runtime.instrumentation.CreateClassResetClassAdapter createEmptyStaticReset
INFO: Adding bytecode for initializing field NOT
Aug 07, 2018 11:59:37 PM org.evosuite.runtime.instrumentation.CreateClassResetClassAdapter createEmptyStaticReset
INFO: Adding bytecode for initializing field BITNOT
Aug 07, 2018 11:59:37 PM org.evosuite.runtime.instrumentation.CreateClassResetClassAdapter createEmptyStaticReset
INFO: Adding bytecode for initializing field POS
Aug 07, 2018 11:59:37 PM org.evosuite.runtime.instrumentation.CreateClassResetClassAdapter createEmptyStaticReset
INFO: Adding bytecode for initializing field NEG
Aug 07, 2018 11:59:37 PM org.evosuite.runtime.instrumentation.CreateClassResetClassAdapter createEmptyStaticReset
INFO: Adding bytecode for initializing field NEW
Aug 07, 2018 11:59:37 PM org.evosuite.runtime.instrumentation.CreateClassResetClassAdapter createEmptyStaticReset
INFO: Adding bytecode for initializing field DELPROP
Aug 07, 2018 11:59:37 PM org.evosuite.runtime.instrumentation.CreateClassResetClassAdapter createEmptyStaticReset
INFO: Adding bytecode for initializing field TYPEOF
Aug 07, 2018 11:59:37 PM org.evosuite.runtime.instrumentation.CreateClassResetClassAdapter createEmptyStaticReset
INFO: Adding bytecode for initializing field GETPROP
Aug 07, 2018 11:59:37 PM org.evosuite.runtime.instrumentation.CreateClassResetClassAdapter createEmptyStaticReset
INFO: Adding bytecode for initializing field GETPROPNOWARN
Aug 07, 2018 11:59:37 PM org.evosuite.runtime.instrumentation.CreateClassResetClassAdapter createEmptyStaticReset
INFO: Adding bytecode for initializing field SETPROP
Aug 07, 2018 11:59:37 PM org.evosuite.runtime.instrumentation.CreateClassResetClassAdapter createEmptyStaticReset
INFO: Adding bytecode for initializing field GETELEM
Aug 07, 2018 11:59:37 PM org.evosuite.runtime.instrumentation.CreateClassResetClassAdapter createEmptyStaticReset
INFO: Adding bytecode for initializing field SETELEM
Aug 07, 2018 11:59:37 PM org.evosuite.runtime.instrumentation.CreateClassResetClassAdapter createEmptyStaticReset
INFO: Adding bytecode for initializing field CALL
Aug 07, 2018 11:59:37 PM org.evosuite.runtime.instrumentation.CreateClassResetClassAdapter createEmptyStaticReset
INFO: Adding bytecode for initializing field NAME
Aug 07, 2018 11:59:37 PM org.evosuite.runtime.instrumentation.CreateClassResetClassAdapter createEmptyStaticReset
INFO: Adding bytecode for initializing field NUMBER
Aug 07, 2018 11:59:37 PM org.evosuite.runtime.instrumentation.CreateClassResetClassAdapter createEmptyStaticReset
INFO: Adding bytecode for initializing field STRING
Aug 07, 2018 11:59:37 PM org.evosuite.runtime.instrumentation.CreateClassResetClassAdapter createEmptyStaticReset
INFO: Adding bytecode for initializing field NULL
Aug 07, 2018 11:59:37 PM org.evosuite.runtime.instrumentation.CreateClassResetClassAdapter createEmptyStaticReset
INFO: Adding bytecode for initializing field THIS
Aug 07, 2018 11:59:37 PM org.evosuite.runtime.instrumentation.CreateClassResetClassAdapter createEmptyStaticReset
INFO: Adding bytecode for initializing field FALSE
Aug 07, 2018 11:59:37 PM org.evosuite.runtime.instrumentation.CreateClassResetClassAdapter createEmptyStaticReset
INFO: Adding bytecode for initializing field TRUE
Aug 07, 2018 11:59:37 PM org.evosuite.runtime.instrumentation.CreateClassResetClassAdapter createEmptyStaticReset
INFO: Adding bytecode for initializing field SHEQ
Aug 07, 2018 11:59:37 PM org.evosuite.runtime.instrumentation.CreateClassResetClassAdapter createEmptyStaticReset
INFO: Adding bytecode for initializing field SHNE
Aug 07, 2018 11:59:37 PM org.evosuite.runtime.instrumentation.CreateClassResetClassAdapter createEmptyStaticReset
INFO: Adding bytecode for initializing field REGEXP
Aug 07, 2018 11:59:37 PM org.evosuite.runtime.instrumentation.CreateClassResetClassAdapter createEmptyStaticReset
INFO: Adding bytecode for initializing field BINDNAME
Aug 07, 2018 11:59:37 PM org.evosuite.runtime.instrumentation.CreateClassResetClassAdapter createEmptyStaticReset
INFO: Adding bytecode for initializing field THROW
Aug 07, 2018 11:59:37 PM org.evosuite.runtime.instrumentation.CreateClassResetClassAdapter createEmptyStaticReset
INFO: Adding bytecode for initializing field RETHROW
Aug 07, 2018 11:59:37 PM org.evosuite.runtime.instrumentation.CreateClassResetClassAdapter createEmptyStaticReset
INFO: Adding bytecode for initializing field IN
Aug 07, 2018 11:59:37 PM org.evosuite.runtime.instrumentation.CreateClassResetClassAdapter createEmptyStaticReset
INFO: Adding bytecode for initializing field INSTANCEOF
Aug 07, 2018 11:59:37 PM org.evosuite.runtime.instrumentation.CreateClassResetClassAdapter createEmptyStaticReset
INFO: Adding bytecode for initializing field LOCAL_LOAD
Aug 07, 2018 11:59:37 PM org.evosuite.runtime.instrumentation.CreateClassResetClassAdapter createEmptyStaticReset
INFO: Adding bytecode for initializing field GETVAR
Aug 07, 2018 11:59:37 PM org.evosuite.runtime.instrumentation.CreateClassResetClassAdapter createEmptyStaticReset
INFO: Adding bytecode for initializing field SETVAR
Aug 07, 2018 11:59:37 PM org.evosuite.runtime.instrumentation.CreateClassResetClassAdapter createEmptyStaticReset
INFO: Adding bytecode for initializing field CATCH_SCOPE
Aug 07, 2018 11:59:37 PM org.evosuite.runtime.instrumentation.CreateClassResetClassAdapter createEmptyStaticReset
INFO: Adding bytecode for initializing field ENUM_INIT_KEYS
Aug 07, 2018 11:59:37 PM org.evosuite.runtime.instrumentation.CreateClassResetClassAdapter createEmptyStaticReset
INFO: Adding bytecode for initializing field ENUM_INIT_VALUES
Aug 07, 2018 11:59:37 PM org.evosuite.runtime.instrumentation.CreateClassResetClassAdapter createEmptyStaticReset
INFO: Adding bytecode for initializing field ENUM_INIT_ARRAY
Aug 07, 2018 11:59:37 PM org.evosuite.runtime.instrumentation.CreateClassResetClassAdapter createEmptyStaticReset
INFO: Adding bytecode for initializing field ENUM_INIT_VALUES_IN_ORDER
Aug 07, 2018 11:59:37 PM org.evosuite.runtime.instrumentation.CreateClassResetClassAdapter createEmptyStaticReset
INFO: Adding bytecode for initializing field ENUM_NEXT
Aug 07, 2018 11:59:37 PM org.evosuite.runtime.instrumentation.CreateClassResetClassAdapter createEmptyStaticReset
INFO: Adding bytecode for initializing field ENUM_ID
Aug 07, 2018 11:59:37 PM org.evosuite.runtime.instrumentation.CreateClassResetClassAdapter createEmptyStaticReset
INFO: Adding bytecode for initializing field THISFN
Aug 07, 2018 11:59:37 PM org.evosuite.runtime.instrumentation.CreateClassResetClassAdapter createEmptyStaticReset
INFO: Adding bytecode for initializing field RETURN_RESULT
Aug 07, 2018 11:59:37 PM org.evosuite.runtime.instrumentation.CreateClassResetClassAdapter createEmptyStaticReset
INFO: Adding bytecode for initializing field ARRAYLIT
Aug 07, 2018 11:59:37 PM org.evosuite.runtime.instrumentation.CreateClassResetClassAdapter createEmptyStaticReset
INFO: Adding bytecode for initializing field OBJECTLIT
Aug 07, 2018 11:59:37 PM org.evosuite.runtime.instrumentation.CreateClassResetClassAdapter createEmptyStaticReset
INFO: Adding bytecode for initializing field GET_REF
Aug 07, 2018 11:59:37 PM org.evosuite.runtime.instrumentation.CreateClassResetClassAdapter createEmptyStaticReset
INFO: Adding bytecode for initializing field SET_REF
Aug 07, 2018 11:59:37 PM org.evosuite.runtime.instrumentation.CreateClassResetClassAdapter createEmptyStaticReset
INFO: Adding bytecode for initializing field DEL_REF
Aug 07, 2018 11:59:37 PM org.evosuite.runtime.instrumentation.CreateClassResetClassAdapter createEmptyStaticReset
INFO: Adding bytecode for initializing field REF_CALL
Aug 07, 2018 11:59:37 PM org.evosuite.runtime.instrumentation.CreateClassResetClassAdapter createEmptyStaticReset
INFO: Adding bytecode for initializing field REF_SPECIAL
Aug 07, 2018 11:59:37 PM org.evosuite.runtime.instrumentation.CreateClassResetClassAdapter createEmptyStaticReset
INFO: Adding bytecode for initializing field YIELD
Aug 07, 2018 11:59:37 PM org.evosuite.runtime.instrumentation.CreateClassResetClassAdapter createEmptyStaticReset
INFO: Adding bytecode for initializing field STRICT_SETNAME
Aug 07, 2018 11:59:37 PM org.evosuite.runtime.instrumentation.CreateClassResetClassAdapter createEmptyStaticReset
INFO: Adding bytecode for initializing field DEFAULTNAMESPACE
Aug 07, 2018 11:59:37 PM org.evosuite.runtime.instrumentation.CreateClassResetClassAdapter createEmptyStaticReset
INFO: Adding bytecode for initializing field ESCXMLATTR
Aug 07, 2018 11:59:37 PM org.evosuite.runtime.instrumentation.CreateClassResetClassAdapter createEmptyStaticReset
INFO: Adding bytecode for initializing field ESCXMLTEXT
Aug 07, 2018 11:59:37 PM org.evosuite.runtime.instrumentation.CreateClassResetClassAdapter createEmptyStaticReset
INFO: Adding bytecode for initializing field REF_MEMBER
Aug 07, 2018 11:59:37 PM org.evosuite.runtime.instrumentation.CreateClassResetClassAdapter createEmptyStaticReset
INFO: Adding bytecode for initializing field REF_NS_MEMBER
Aug 07, 2018 11:59:37 PM org.evosuite.runtime.instrumentation.CreateClassResetClassAdapter createEmptyStaticReset
INFO: Adding bytecode for initializing field REF_NAME
Aug 07, 2018 11:59:37 PM org.evosuite.runtime.instrumentation.CreateClassResetClassAdapter createEmptyStaticReset
INFO: Adding bytecode for initializing field REF_NS_NAME
Aug 07, 2018 11:59:37 PM org.evosuite.runtime.instrumentation.CreateClassResetClassAdapter createEmptyStaticReset
INFO: Adding bytecode for initializing field LAST_BYTECODE_TOKEN
Aug 07, 2018 11:59:37 PM org.evosuite.runtime.instrumentation.CreateClassResetClassAdapter createEmptyStaticReset
INFO: Adding bytecode for initializing field TRY
Aug 07, 2018 11:59:37 PM org.evosuite.runtime.instrumentation.CreateClassResetClassAdapter createEmptyStaticReset
INFO: Adding bytecode for initializing field SEMI
Aug 07, 2018 11:59:37 PM org.evosuite.runtime.instrumentation.CreateClassResetClassAdapter createEmptyStaticReset
INFO: Adding bytecode for initializing field LB
Aug 07, 2018 11:59:37 PM org.evosuite.runtime.instrumentation.CreateClassResetClassAdapter createEmptyStaticReset
INFO: Adding bytecode for initializing field RB
Aug 07, 2018 11:59:37 PM org.evosuite.runtime.instrumentation.CreateClassResetClassAdapter createEmptyStaticReset
INFO: Adding bytecode for initializing field LC
Aug 07, 2018 11:59:37 PM org.evosuite.runtime.instrumentation.CreateClassResetClassAdapter createEmptyStaticReset
INFO: Adding bytecode for initializing field RC
Aug 07, 2018 11:59:37 PM org.evosuite.runtime.instrumentation.CreateClassResetClassAdapter createEmptyStaticReset
INFO: Adding bytecode for initializing field LP
Aug 07, 2018 11:59:37 PM org.evosuite.runtime.instrumentation.CreateClassResetClassAdapter createEmptyStaticReset
INFO: Adding bytecode for initializing field RP
Aug 07, 2018 11:59:37 PM org.evosuite.runtime.instrumentation.CreateClassResetClassAdapter createEmptyStaticReset
INFO: Adding bytecode for initializing field COMMA
Aug 07, 2018 11:59:37 PM org.evosuite.runtime.instrumentation.CreateClassResetClassAdapter createEmptyStaticReset
INFO: Adding bytecode for initializing field ASSIGN
Aug 07, 2018 11:59:37 PM org.evosuite.runtime.instrumentation.CreateClassResetClassAdapter createEmptyStaticReset
INFO: Adding bytecode for initializing field ASSIGN_BITOR
Aug 07, 2018 11:59:37 PM org.evosuite.runtime.instrumentation.CreateClassResetClassAdapter createEmptyStaticReset
INFO: Adding bytecode for initializing field ASSIGN_BITXOR
Aug 07, 2018 11:59:37 PM org.evosuite.runtime.instrumentation.CreateClassResetClassAdapter createEmptyStaticReset
INFO: Adding bytecode for initializing field ASSIGN_BITAND
Aug 07, 2018 11:59:37 PM org.evosuite.runtime.instrumentation.CreateClassResetClassAdapter createEmptyStaticReset
INFO: Adding bytecode for initializing field ASSIGN_LSH
Aug 07, 2018 11:59:37 PM org.evosuite.runtime.instrumentation.CreateClassResetClassAdapter createEmptyStaticReset
INFO: Adding bytecode for initializing field ASSIGN_RSH
Aug 07, 2018 11:59:37 PM org.evosuite.runtime.instrumentation.CreateClassResetClassAdapter createEmptyStaticReset
INFO: Adding bytecode for initializing field ASSIGN_URSH
Aug 07, 2018 11:59:37 PM org.evosuite.runtime.instrumentation.CreateClassResetClassAdapter createEmptyStaticReset
INFO: Adding bytecode for initializing field ASSIGN_ADD
Aug 07, 2018 11:59:37 PM org.evosuite.runtime.instrumentation.CreateClassResetClassAdapter createEmptyStaticReset
INFO: Adding bytecode for initializing field ASSIGN_SUB
Aug 07, 2018 11:59:37 PM org.evosuite.runtime.instrumentation.CreateClassResetClassAdapter createEmptyStaticReset
INFO: Adding bytecode for initializing field ASSIGN_MUL
Aug 07, 2018 11:59:37 PM org.evosuite.runtime.instrumentation.CreateClassResetClassAdapter createEmptyStaticReset
INFO: Adding bytecode for initializing field ASSIGN_DIV
Aug 07, 2018 11:59:37 PM org.evosuite.runtime.instrumentation.CreateClassResetClassAdapter createEmptyStaticReset
INFO: Adding bytecode for initializing field ASSIGN_MOD
Aug 07, 2018 11:59:37 PM org.evosuite.runtime.instrumentation.CreateClassResetClassAdapter createEmptyStaticReset
INFO: Adding bytecode for initializing field FIRST_ASSIGN
Aug 07, 2018 11:59:37 PM org.evosuite.runtime.instrumentation.CreateClassResetClassAdapter createEmptyStaticReset
INFO: Adding bytecode for initializing field LAST_ASSIGN
Aug 07, 2018 11:59:37 PM org.evosuite.runtime.instrumentation.CreateClassResetClassAdapter createEmptyStaticReset
INFO: Adding bytecode for initializing field HOOK
Aug 07, 2018 11:59:37 PM org.evosuite.runtime.instrumentation.CreateClassResetClassAdapter createEmptyStaticReset
INFO: Adding bytecode for initializing field COLON
Aug 07, 2018 11:59:37 PM org.evosuite.runtime.instrumentation.CreateClassResetClassAdapter createEmptyStaticReset
INFO: Adding bytecode for initializing field OR
Aug 07, 2018 11:59:37 PM org.evosuite.runtime.instrumentation.CreateClassResetClassAdapter createEmptyStaticReset
INFO: Adding bytecode for initializing field AND
Aug 07, 2018 11:59:37 PM org.evosuite.runtime.instrumentation.CreateClassResetClassAdapter createEmptyStaticReset
INFO: Adding bytecode for initializing field INC
Aug 07, 2018 11:59:37 PM org.evosuite.runtime.instrumentation.CreateClassResetClassAdapter createEmptyStaticReset
INFO: Adding bytecode for initializing field DEC
Aug 07, 2018 11:59:37 PM org.evosuite.runtime.instrumentation.CreateClassResetClassAdapter createEmptyStaticReset
INFO: Adding bytecode for initializing field DOT
Aug 07, 2018 11:59:37 PM org.evosuite.runtime.instrumentation.CreateClassResetClassAdapter createEmptyStaticReset
INFO: Adding bytecode for initializing field FUNCTION
Aug 07, 2018 11:59:37 PM org.evosuite.runtime.instrumentation.CreateClassResetClassAdapter createEmptyStaticReset
INFO: Adding bytecode for initializing field EXPORT
Aug 07, 2018 11:59:37 PM org.evosuite.runtime.instrumentation.CreateClassResetClassAdapter createEmptyStaticReset
INFO: Adding bytecode for initializing field IMPORT
Aug 07, 2018 11:59:37 PM org.evosuite.runtime.instrumentation.CreateClassResetClassAdapter createEmptyStaticReset
INFO: Adding bytecode for initializing field IF
Aug 07, 2018 11:59:37 PM org.evosuite.runtime.instrumentation.CreateClassResetClassAdapter createEmptyStaticReset
INFO: Adding bytecode for initializing field ELSE
Aug 07, 2018 11:59:37 PM org.evosuite.runtime.instrumentation.CreateClassResetClassAdapter createEmptyStaticReset
INFO: Adding bytecode for initializing field SWITCH
Aug 07, 2018 11:59:37 PM org.evosuite.runtime.instrumentation.CreateClassResetClassAdapter createEmptyStaticReset
INFO: Adding bytecode for initializing field CASE
Aug 07, 2018 11:59:37 PM org.evosuite.runtime.instrumentation.CreateClassResetClassAdapter createEmptyStaticReset
INFO: Adding bytecode for initializing field DEFAULT
Aug 07, 2018 11:59:37 PM org.evosuite.runtime.instrumentation.CreateClassResetClassAdapter createEmptyStaticReset
INFO: Adding bytecode for initializing field WHILE
Aug 07, 2018 11:59:37 PM org.evosuite.runtime.instrumentation.CreateClassResetClassAdapter createEmptyStaticReset
INFO: Adding bytecode for initializing field DO
Aug 07, 2018 11:59:37 PM org.evosuite.runtime.instrumentation.CreateClassResetClassAdapter createEmptyStaticReset
INFO: Adding bytecode for initializing field FOR
Aug 07, 2018 11:59:37 PM org.evosuite.runtime.instrumentation.CreateClassResetClassAdapter createEmptyStaticReset
INFO: Adding bytecode for initializing field BREAK
Aug 07, 2018 11:59:37 PM org.evosuite.runtime.instrumentation.CreateClassResetClassAdapter createEmptyStaticReset
INFO: Adding bytecode for initializing field CONTINUE
Aug 07, 2018 11:59:37 PM org.evosuite.runtime.instrumentation.CreateClassResetClassAdapter createEmptyStaticReset
INFO: Adding bytecode for initializing field VAR
Aug 07, 2018 11:59:37 PM org.evosuite.runtime.instrumentation.CreateClassResetClassAdapter createEmptyStaticReset
INFO: Adding bytecode for initializing field WITH
Aug 07, 2018 11:59:37 PM org.evosuite.runtime.instrumentation.CreateClassResetClassAdapter createEmptyStaticReset
INFO: Adding bytecode for initializing field CATCH
Aug 07, 2018 11:59:37 PM org.evosuite.runtime.instrumentation.CreateClassResetClassAdapter createEmptyStaticReset
INFO: Adding bytecode for initializing field FINALLY
Aug 07, 2018 11:59:37 PM org.evosuite.runtime.instrumentation.CreateClassResetClassAdapter createEmptyStaticReset
INFO: Adding bytecode for initializing field VOID
Aug 07, 2018 11:59:37 PM org.evosuite.runtime.instrumentation.CreateClassResetClassAdapter createEmptyStaticReset
INFO: Adding bytecode for initializing field RESERVED
Aug 07, 2018 11:59:37 PM org.evosuite.runtime.instrumentation.CreateClassResetClassAdapter createEmptyStaticReset
INFO: Adding bytecode for initializing field EMPTY
Aug 07, 2018 11:59:37 PM org.evosuite.runtime.instrumentation.CreateClassResetClassAdapter createEmptyStaticReset
INFO: Adding bytecode for initializing field BLOCK
Aug 07, 2018 11:59:37 PM org.evosuite.runtime.instrumentation.CreateClassResetClassAdapter createEmptyStaticReset
INFO: Adding bytecode for initializing field LABEL
Aug 07, 2018 11:59:37 PM org.evosuite.runtime.instrumentation.CreateClassResetClassAdapter createEmptyStaticReset
INFO: Adding bytecode for initializing field TARGET
Aug 07, 2018 11:59:37 PM org.evosuite.runtime.instrumentation.CreateClassResetClassAdapter createEmptyStaticReset
INFO: Adding bytecode for initializing field LOOP
Aug 07, 2018 11:59:37 PM org.evosuite.runtime.instrumentation.CreateClassResetClassAdapter createEmptyStaticReset
INFO: Adding bytecode for initializing field EXPR_VOID
Aug 07, 2018 11:59:37 PM org.evosuite.runtime.instrumentation.CreateClassResetClassAdapter createEmptyStaticReset
INFO: Adding bytecode for initializing field EXPR_RESULT
Aug 07, 2018 11:59:37 PM org.evosuite.runtime.instrumentation.CreateClassResetClassAdapter createEmptyStaticReset
INFO: Adding bytecode for initializing field JSR
Aug 07, 2018 11:59:37 PM org.evosuite.runtime.instrumentation.CreateClassResetClassAdapter createEmptyStaticReset
INFO: Adding bytecode for initializing field SCRIPT
Aug 07, 2018 11:59:37 PM org.evosuite.runtime.instrumentation.CreateClassResetClassAdapter createEmptyStaticReset
INFO: Adding bytecode for initializing field TYPEOFNAME
Aug 07, 2018 11:59:37 PM org.evosuite.runtime.instrumentation.CreateClassResetClassAdapter createEmptyStaticReset
INFO: Adding bytecode for initializing field USE_STACK
Aug 07, 2018 11:59:37 PM org.evosuite.runtime.instrumentation.CreateClassResetClassAdapter createEmptyStaticReset
INFO: Adding bytecode for initializing field SETPROP_OP
Aug 07, 2018 11:59:37 PM org.evosuite.runtime.instrumentation.CreateClassResetClassAdapter createEmptyStaticReset
INFO: Adding bytecode for initializing field SETELEM_OP
Aug 07, 2018 11:59:37 PM org.evosuite.runtime.instrumentation.CreateClassResetClassAdapter createEmptyStaticReset
INFO: Adding bytecode for initializing field LOCAL_BLOCK
Aug 07, 2018 11:59:37 PM org.evosuite.runtime.instrumentation.CreateClassResetClassAdapter createEmptyStaticReset
INFO: Adding bytecode for initializing field SET_REF_OP
Aug 07, 2018 11:59:37 PM org.evosuite.runtime.instrumentation.CreateClassResetClassAdapter createEmptyStaticReset
INFO: Adding bytecode for initializing field DOTDOT
Aug 07, 2018 11:59:37 PM org.evosuite.runtime.instrumentation.CreateClassResetClassAdapter createEmptyStaticReset
INFO: Adding bytecode for initializing field COLONCOLON
Aug 07, 2018 11:59:37 PM org.evosuite.runtime.instrumentation.CreateClassResetClassAdapter createEmptyStaticReset
INFO: Adding bytecode for initializing field XML
Aug 07, 2018 11:59:37 PM org.evosuite.runtime.instrumentation.CreateClassResetClassAdapter createEmptyStaticReset
INFO: Adding bytecode for initializing field DOTQUERY
Aug 07, 2018 11:59:37 PM org.evosuite.runtime.instrumentation.CreateClassResetClassAdapter createEmptyStaticReset
INFO: Adding bytecode for initializing field XMLATTR
Aug 07, 2018 11:59:37 PM org.evosuite.runtime.instrumentation.CreateClassResetClassAdapter createEmptyStaticReset
INFO: Adding bytecode for initializing field XMLEND
Aug 07, 2018 11:59:37 PM org.evosuite.runtime.instrumentation.CreateClassResetClassAdapter createEmptyStaticReset
INFO: Adding bytecode for initializing field TO_OBJECT
Aug 07, 2018 11:59:37 PM org.evosuite.runtime.instrumentation.CreateClassResetClassAdapter createEmptyStaticReset
INFO: Adding bytecode for initializing field TO_DOUBLE
Aug 07, 2018 11:59:37 PM org.evosuite.runtime.instrumentation.CreateClassResetClassAdapter createEmptyStaticReset
INFO: Adding bytecode for initializing field GET
Aug 07, 2018 11:59:37 PM org.evosuite.runtime.instrumentation.CreateClassResetClassAdapter createEmptyStaticReset
INFO: Adding bytecode for initializing field SET
Aug 07, 2018 11:59:37 PM org.evosuite.runtime.instrumentation.CreateClassResetClassAdapter createEmptyStaticReset
INFO: Adding bytecode for initializing field LET
Aug 07, 2018 11:59:37 PM org.evosuite.runtime.instrumentation.CreateClassResetClassAdapter createEmptyStaticReset
INFO: Adding bytecode for initializing field CONST
Aug 07, 2018 11:59:37 PM org.evosuite.runtime.instrumentation.CreateClassResetClassAdapter createEmptyStaticReset
INFO: Adding bytecode for initializing field SETCONST
Aug 07, 2018 11:59:37 PM org.evosuite.runtime.instrumentation.CreateClassResetClassAdapter createEmptyStaticReset
INFO: Adding bytecode for initializing field SETCONSTVAR
Aug 07, 2018 11:59:37 PM org.evosuite.runtime.instrumentation.CreateClassResetClassAdapter createEmptyStaticReset
INFO: Adding bytecode for initializing field ARRAYCOMP
Aug 07, 2018 11:59:37 PM org.evosuite.runtime.instrumentation.CreateClassResetClassAdapter createEmptyStaticReset
INFO: Adding bytecode for initializing field LETEXPR
Aug 07, 2018 11:59:37 PM org.evosuite.runtime.instrumentation.CreateClassResetClassAdapter createEmptyStaticReset
INFO: Adding bytecode for initializing field WITHEXPR
Aug 07, 2018 11:59:37 PM org.evosuite.runtime.instrumentation.CreateClassResetClassAdapter createEmptyStaticReset
INFO: Adding bytecode for initializing field DEBUGGER
Aug 07, 2018 11:59:37 PM org.evosuite.runtime.instrumentation.CreateClassResetClassAdapter createEmptyStaticReset
INFO: Adding bytecode for initializing field COMMENT
Aug 07, 2018 11:59:37 PM org.evosuite.runtime.instrumentation.CreateClassResetClassAdapter createEmptyStaticReset
INFO: Adding bytecode for initializing field GENEXPR
Aug 07, 2018 11:59:37 PM org.evosuite.runtime.instrumentation.CreateClassResetClassAdapter createEmptyStaticReset
INFO: Adding bytecode for initializing field METHOD
Aug 07, 2018 11:59:37 PM org.evosuite.runtime.instrumentation.CreateClassResetClassAdapter createEmptyStaticReset
INFO: Adding bytecode for initializing field ARROW
Aug 07, 2018 11:59:37 PM org.evosuite.runtime.instrumentation.CreateClassResetClassAdapter createEmptyStaticReset
INFO: Adding bytecode for initializing field LAST_TOKEN
Aug 07, 2018 11:59:37 PM org.evosuite.runtime.classhandling.ClassStateSupport initialiseJacoco
SEVERE: Found $jacocoInit in class org.mozilla.javascript.Token$CommentType
Aug 07, 2018 11:59:38 PM org.evosuite.runtime.thread.ThreadStopper killAndJoinClientThreads
INFO: Found new thread
Aug 07, 2018 11:59:38 PM org.evosuite.runtime.thread.ThreadStopper killAndJoinClientThreads
INFO: Found new thread
Aug 07, 2018 11:59:38 PM org.evosuite.runtime.thread.ThreadStopper killAndJoinClientThreads
INFO: Found new thread
Aug 07, 2018 11:59:38 PM org.evosuite.runtime.thread.ThreadStopper killAndJoinClientThreads
INFO: Found new thread
Aug 07, 2018 11:59:38 PM org.evosuite.runtime.thread.ThreadStopper killAndJoinClientThreads
INFO: Found new thread
Aug 07, 2018 11:59:38 PM org.evosuite.runtime.thread.ThreadStopper killAndJoinClientThreads
INFO: Found new thread
Aug 07, 2018 11:59:38 PM org.evosuite.runtime.thread.ThreadStopper killAndJoinClientThreads
INFO: Found new thread
Aug 07, 2018 11:59:38 PM org.evosuite.runtime.thread.ThreadStopper killAndJoinClientThreads
INFO: Found new thread
Aug 07, 2018 11:59:38 PM org.evosuite.runtime.thread.ThreadStopper killAndJoinClientThreads
INFO: Found new thread
Aug 07, 2018 11:59:38 PM org.evosuite.runtime.thread.ThreadStopper killAndJoinClientThreads
INFO: Found new thread
Aug 07, 2018 11:59:38 PM org.evosuite.runtime.thread.ThreadStopper killAndJoinClientThreads
INFO: Found new thread
Aug 07, 2018 11:59:38 PM org.evosuite.runtime.thread.ThreadStopper killAndJoinClientThreads
INFO: Found new thread
Aug 07, 2018 11:59:38 PM org.evosuite.runtime.thread.ThreadStopper killAndJoinClientThreads
INFO: Found new thread
Aug 07, 2018 11:59:39 PM org.evosuite.runtime.thread.ThreadStopper killAndJoinClientThreads
INFO: Found new thread
Aug 07, 2018 11:59:39 PM org.evosuite.runtime.thread.ThreadStopper killAndJoinClientThreads
INFO: Found new thread
Aug 07, 2018 11:59:39 PM org.evosuite.runtime.thread.ThreadStopper killAndJoinClientThreads
INFO: Found new thread
Aug 07, 2018 11:59:39 PM org.evosuite.runtime.thread.ThreadStopper killAndJoinClientThreads
INFO: Found new thread
Aug 07, 2018 11:59:39 PM org.evosuite.runtime.thread.ThreadStopper killAndJoinClientThreads
INFO: Found new thread
Aug 07, 2018 11:59:39 PM org.evosuite.runtime.thread.ThreadStopper killAndJoinClientThreads
INFO: Found new thread
Aug 07, 2018 11:59:39 PM org.evosuite.runtime.thread.ThreadStopper killAndJoinClientThreads
INFO: Found new thread
Aug 07, 2018 11:59:39 PM org.evosuite.runtime.thread.ThreadStopper killAndJoinClientThreads
INFO: Found new thread
Aug 07, 2018 11:59:39 PM org.evosuite.runtime.thread.ThreadStopper killAndJoinClientThreads
INFO: Found new thread
Aug 07, 2018 11:59:39 PM org.evosuite.runtime.thread.ThreadStopper killAndJoinClientThreads
INFO: Found new thread
Aug 07, 2018 11:59:39 PM org.evosuite.runtime.thread.ThreadStopper killAndJoinClientThreads
INFO: Found new thread
Aug 07, 2018 11:59:39 PM org.evosuite.runtime.thread.ThreadStopper killAndJoinClientThreads
INFO: Found new thread
Aug 07, 2018 11:59:39 PM org.evosuite.runtime.thread.ThreadStopper killAndJoinClientThreads
INFO: Found new thread
Aug 07, 2018 11:59:39 PM org.evosuite.runtime.thread.ThreadStopper killAndJoinClientThreads
INFO: Found new thread
Aug 07, 2018 11:59:39 PM org.evosuite.runtime.thread.ThreadStopper killAndJoinClientThreads
INFO: Found new thread
Aug 07, 2018 11:59:39 PM org.evosuite.runtime.thread.ThreadStopper killAndJoinClientThreads
INFO: Found new thread
Aug 07, 2018 11:59:39 PM org.evosuite.runtime.thread.ThreadStopper killAndJoinClientThreads
INFO: Found new thread
Aug 07, 2018 11:59:39 PM org.evosuite.runtime.thread.ThreadStopper killAndJoinClientThreads
INFO: Found new thread
Aug 07, 2018 11:59:39 PM org.evosuite.runtime.thread.ThreadStopper killAndJoinClientThreads
INFO: Found new thread
Aug 07, 2018 11:59:39 PM org.evosuite.runtime.thread.ThreadStopper killAndJoinClientThreads
INFO: Found new thread
Aug 07, 2018 11:59:39 PM org.evosuite.runtime.thread.ThreadStopper killAndJoinClientThreads
INFO: Found new thread
Aug 07, 2018 11:59:39 PM org.evosuite.runtime.thread.ThreadStopper killAndJoinClientThreads
INFO: Found new thread
Aug 07, 2018 11:59:39 PM org.evosuite.runtime.thread.ThreadStopper killAndJoinClientThreads
INFO: Found new thread
Aug 07, 2018 11:59:40 PM org.evosuite.runtime.thread.ThreadStopper killAndJoinClientThreads
INFO: Found new thread
Aug 07, 2018 11:59:40 PM org.evosuite.runtime.thread.ThreadStopper killAndJoinClientThreads
INFO: Found new thread
Aug 07, 2018 11:59:40 PM org.evosuite.runtime.thread.ThreadStopper killAndJoinClientThreads
INFO: Found new thread
Aug 07, 2018 11:59:40 PM org.evosuite.runtime.thread.ThreadStopper killAndJoinClientThreads
INFO: Found new thread
Aug 07, 2018 11:59:40 PM org.evosuite.runtime.thread.ThreadStopper killAndJoinClientThreads
INFO: Found new thread
Aug 07, 2018 11:59:40 PM org.evosuite.runtime.thread.ThreadStopper killAndJoinClientThreads
INFO: Found new thread
Aug 07, 2018 11:59:40 PM org.evosuite.runtime.thread.ThreadStopper killAndJoinClientThreads
INFO: Found new thread
Aug 07, 2018 11:59:40 PM org.evosuite.runtime.thread.ThreadStopper killAndJoinClientThreads
INFO: Found new thread
Aug 07, 2018 11:59:40 PM org.evosuite.runtime.thread.ThreadStopper killAndJoinClientThreads
INFO: Found new thread
Aug 07, 2018 11:59:40 PM org.evosuite.runtime.thread.ThreadStopper killAndJoinClientThreads
INFO: Found new thread
Aug 07, 2018 11:59:40 PM org.evosuite.runtime.thread.ThreadStopper killAndJoinClientThreads
INFO: Found new thread
Aug 07, 2018 11:59:40 PM org.evosuite.runtime.thread.ThreadStopper killAndJoinClientThreads
INFO: Found new thread
Aug 07, 2018 11:59:40 PM org.evosuite.runtime.thread.ThreadStopper killAndJoinClientThreads
INFO: Found new thread
Aug 07, 2018 11:59:40 PM org.evosuite.runtime.thread.ThreadStopper killAndJoinClientThreads
INFO: Found new thread
Aug 07, 2018 11:59:41 PM org.evosuite.runtime.thread.ThreadStopper killAndJoinClientThreads
INFO: Found new thread
Aug 07, 2018 11:59:41 PM org.evosuite.runtime.thread.ThreadStopper killAndJoinClientThreads
INFO: Found new thread
Aug 07, 2018 11:59:41 PM org.evosuite.runtime.thread.ThreadStopper killAndJoinClientThreads
INFO: Found new thread
Aug 07, 2018 11:59:41 PM org.evosuite.runtime.thread.ThreadStopper killAndJoinClientThreads
INFO: Found new thread
Aug 07, 2018 11:59:41 PM org.evosuite.runtime.thread.ThreadStopper killAndJoinClientThreads
INFO: Found new thread
Aug 07, 2018 11:59:41 PM org.evosuite.runtime.thread.ThreadStopper killAndJoinClientThreads
INFO: Found new thread
Aug 07, 2018 11:59:41 PM org.evosuite.runtime.thread.ThreadStopper killAndJoinClientThreads
INFO: Found new thread
Aug 07, 2018 11:59:41 PM org.evosuite.runtime.thread.ThreadStopper killAndJoinClientThreads
INFO: Found new thread
Aug 07, 2018 11:59:42 PM org.evosuite.runtime.thread.ThreadStopper killAndJoinClientThreads
INFO: Found new thread
Aug 07, 2018 11:59:42 PM org.evosuite.runtime.thread.ThreadStopper killAndJoinClientThreads
INFO: Found new thread
Aug 07, 2018 11:59:42 PM org.evosuite.runtime.thread.ThreadStopper killAndJoinClientThreads
INFO: Found new thread
Aug 07, 2018 11:59:42 PM org.evosuite.runtime.thread.ThreadStopper killAndJoinClientThreads
INFO: Found new thread
Aug 07, 2018 11:59:42 PM org.evosuite.runtime.thread.ThreadStopper killAndJoinClientThreads
INFO: Found new thread
Aug 07, 2018 11:59:42 PM org.evosuite.runtime.thread.ThreadStopper killAndJoinClientThreads
INFO: Found new thread
Aug 07, 2018 11:59:42 PM org.evosuite.runtime.thread.ThreadStopper killAndJoinClientThreads
INFO: Found new thread
Aug 07, 2018 11:59:42 PM org.evosuite.runtime.thread.ThreadStopper killAndJoinClientThreads
INFO: Found new thread
Aug 07, 2018 11:59:42 PM org.evosuite.runtime.thread.ThreadStopper killAndJoinClientThreads
INFO: Found new thread
Aug 07, 2018 11:59:42 PM org.evosuite.runtime.thread.ThreadStopper killAndJoinClientThreads
INFO: Found new thread
Aug 07, 2018 11:59:42 PM org.evosuite.runtime.thread.ThreadStopper killAndJoinClientThreads
INFO: Found new thread
Aug 07, 2018 11:59:42 PM org.evosuite.runtime.thread.ThreadStopper killAndJoinClientThreads
INFO: Found new thread
Aug 07, 2018 11:59:42 PM org.evosuite.runtime.thread.ThreadStopper killAndJoinClientThreads
INFO: Found new thread
Aug 07, 2018 11:59:42 PM org.evosuite.runtime.thread.ThreadStopper killAndJoinClientThreads
INFO: Found new thread
Aug 07, 2018 11:59:42 PM org.evosuite.runtime.thread.ThreadStopper killAndJoinClientThreads
INFO: Found new thread
Aug 07, 2018 11:59:42 PM org.evosuite.runtime.thread.ThreadStopper killAndJoinClientThreads
INFO: Found new thread
Aug 07, 2018 11:59:43 PM org.evosuite.runtime.thread.ThreadStopper killAndJoinClientThreads
INFO: Found new thread
Aug 07, 2018 11:59:43 PM org.evosuite.runtime.thread.ThreadStopper killAndJoinClientThreads
INFO: Found new thread
Aug 07, 2018 11:59:43 PM org.evosuite.runtime.thread.ThreadStopper killAndJoinClientThreads
INFO: Found new thread
Aug 07, 2018 11:59:43 PM org.evosuite.runtime.thread.ThreadStopper killAndJoinClientThreads
INFO: Found new thread
Aug 07, 2018 11:59:43 PM org.evosuite.runtime.thread.ThreadStopper killAndJoinClientThreads
INFO: Found new thread
Aug 07, 2018 11:59:43 PM org.evosuite.runtime.thread.ThreadStopper killAndJoinClientThreads
INFO: Found new thread
Aug 07, 2018 11:59:43 PM org.evosuite.runtime.thread.ThreadStopper killAndJoinClientThreads
INFO: Found new thread
Aug 07, 2018 11:59:43 PM org.evosuite.runtime.thread.ThreadStopper killAndJoinClientThreads
INFO: Found new thread
Aug 07, 2018 11:59:43 PM org.evosuite.runtime.thread.ThreadStopper killAndJoinClientThreads
INFO: Found new thread
Aug 07, 2018 11:59:43 PM org.evosuite.runtime.thread.ThreadStopper killAndJoinClientThreads
INFO: Found new thread
Aug 07, 2018 11:59:43 PM org.evosuite.runtime.thread.ThreadStopper killAndJoinClientThreads
INFO: Found new thread
Aug 07, 2018 11:59:43 PM org.evosuite.runtime.thread.ThreadStopper killAndJoinClientThreads
INFO: Found new thread
Aug 07, 2018 11:59:43 PM org.evosuite.runtime.thread.ThreadStopper killAndJoinClientThreads
INFO: Found new thread
Aug 07, 2018 11:59:43 PM org.evosuite.runtime.thread.ThreadStopper killAndJoinClientThreads
INFO: Found new thread
Aug 07, 2018 11:59:43 PM org.evosuite.runtime.thread.ThreadStopper killAndJoinClientThreads
INFO: Found new thread
Aug 07, 2018 11:59:43 PM org.evosuite.runtime.thread.ThreadStopper killAndJoinClientThreads
INFO: Found new thread
Aug 07, 2018 11:59:43 PM org.evosuite.runtime.thread.ThreadStopper killAndJoinClientThreads
INFO: Found new thread
Aug 07, 2018 11:59:43 PM org.evosuite.runtime.thread.ThreadStopper killAndJoinClientThreads
INFO: Found new thread
Aug 07, 2018 11:59:43 PM org.evosuite.runtime.thread.ThreadStopper killAndJoinClientThreads
INFO: Found new thread
Aug 07, 2018 11:59:44 PM org.evosuite.runtime.thread.ThreadStopper killAndJoinClientThreads
INFO: Found new thread
Aug 07, 2018 11:59:44 PM org.evosuite.runtime.thread.ThreadStopper killAndJoinClientThreads
INFO: Found new thread
Aug 07, 2018 11:59:44 PM org.evosuite.runtime.thread.ThreadStopper killAndJoinClientThreads
INFO: Found new thread
Aug 07, 2018 11:59:44 PM org.evosuite.runtime.thread.ThreadStopper killAndJoinClientThreads
INFO: Found new thread
Aug 07, 2018 11:59:44 PM org.evosuite.runtime.thread.ThreadStopper killAndJoinClientThreads
INFO: Found new thread
Aug 07, 2018 11:59:44 PM org.evosuite.runtime.thread.ThreadStopper killAndJoinClientThreads
INFO: Found new thread
Aug 07, 2018 11:59:44 PM org.evosuite.runtime.thread.ThreadStopper killAndJoinClientThreads
INFO: Found new thread
Aug 07, 2018 11:59:44 PM org.evosuite.runtime.thread.ThreadStopper killAndJoinClientThreads
INFO: Found new thread
Aug 07, 2018 11:59:44 PM org.evosuite.runtime.thread.ThreadStopper killAndJoinClientThreads
INFO: Found new thread
Aug 07, 2018 11:59:44 PM org.evosuite.runtime.thread.ThreadStopper killAndJoinClientThreads
INFO: Found new thread
Aug 07, 2018 11:59:44 PM org.evosuite.runtime.thread.ThreadStopper killAndJoinClientThreads
INFO: Found new thread
Aug 07, 2018 11:59:44 PM org.evosuite.runtime.thread.ThreadStopper killAndJoinClientThreads
INFO: Found new thread
Aug 07, 2018 11:59:44 PM org.evosuite.runtime.thread.ThreadStopper killAndJoinClientThreads
INFO: Found new thread
Aug 07, 2018 11:59:44 PM org.evosuite.runtime.thread.ThreadStopper killAndJoinClientThreads
INFO: Found new thread
Aug 07, 2018 11:59:44 PM org.evosuite.runtime.thread.ThreadStopper killAndJoinClientThreads
INFO: Found new thread
Aug 07, 2018 11:59:44 PM org.evosuite.runtime.thread.ThreadStopper killAndJoinClientThreads
INFO: Found new thread
Aug 07, 2018 11:59:44 PM org.evosuite.runtime.thread.ThreadStopper killAndJoinClientThreads
INFO: Found new thread
]]></system-err>
</testsuite>
