<?xml version="1.0" encoding="UTF-8"?>
<testsuite name="org.mozilla.javascript.ScriptRuntime_ESTest" tests="162" skipped="0" failures="42" errors="0" timestamp="2018-08-08T00:09:11" hostname="cobb" time="8.884">
  <properties/>
  <testcase name="test011" classname="org.mozilla.javascript.ScriptRuntime_ESTest" time="0.237">
    <failure message="java.lang.AssertionError: Expecting exception: NullPointerException" type="java.lang.AssertionError">java.lang.AssertionError: Expecting exception: NullPointerException
	at org.junit.Assert.fail(Assert.java:88)
	at org.mozilla.javascript.ScriptRuntime_ESTest.test011(ScriptRuntime_ESTest.java:237)
	at sun.reflect.NativeMethodAccessorImpl.invoke0(Native Method)
	at sun.reflect.NativeMethodAccessorImpl.invoke(NativeMethodAccessorImpl.java:62)
	at sun.reflect.DelegatingMethodAccessorImpl.invoke(DelegatingMethodAccessorImpl.java:43)
	at java.lang.reflect.Method.invoke(Method.java:498)
	at org.junit.runners.model.FrameworkMethod$1.runReflectiveCall(FrameworkMethod.java:50)
	at org.junit.internal.runners.model.ReflectiveCallable.run(ReflectiveCallable.java:12)
	at org.junit.runners.model.FrameworkMethod.invokeExplosively(FrameworkMethod.java:47)
	at org.junit.internal.runners.statements.InvokeMethod.evaluate(InvokeMethod.java:17)
	at org.junit.internal.runners.statements.FailOnTimeout$CallableStatement.call(FailOnTimeout.java:298)
	at org.junit.internal.runners.statements.FailOnTimeout$CallableStatement.call(FailOnTimeout.java:292)
	at java.util.concurrent.FutureTask.run(FutureTask.java:266)
	at java.lang.Thread.run(Thread.java:748)
</failure>
  </testcase>
  <testcase name="test099" classname="org.mozilla.javascript.ScriptRuntime_ESTest" time="0.093"/>
  <testcase name="test132" classname="org.mozilla.javascript.ScriptRuntime_ESTest" time="0.063"/>
  <testcase name="test012" classname="org.mozilla.javascript.ScriptRuntime_ESTest" time="0.065">
    <failure message="java.lang.NullPointerException" type="java.lang.NullPointerException">java.lang.NullPointerException
	at org.mozilla.javascript.ScriptRuntime.getRegExpProxy(ScriptRuntime.java:4325)
	at org.mozilla.javascript.ScriptRuntime.checkRegExpProxy(ScriptRuntime.java:4336)
	at org.mozilla.javascript.ScriptRuntime_ESTest.test012(ScriptRuntime_ESTest.java:250)
	at sun.reflect.NativeMethodAccessorImpl.invoke0(Native Method)
	at sun.reflect.NativeMethodAccessorImpl.invoke(NativeMethodAccessorImpl.java:62)
	at sun.reflect.DelegatingMethodAccessorImpl.invoke(DelegatingMethodAccessorImpl.java:43)
	at java.lang.reflect.Method.invoke(Method.java:498)
	at org.junit.runners.model.FrameworkMethod$1.runReflectiveCall(FrameworkMethod.java:50)
	at org.junit.internal.runners.model.ReflectiveCallable.run(ReflectiveCallable.java:12)
	at org.junit.runners.model.FrameworkMethod.invokeExplosively(FrameworkMethod.java:47)
	at org.junit.internal.runners.statements.InvokeMethod.evaluate(InvokeMethod.java:17)
	at org.junit.internal.runners.statements.FailOnTimeout$CallableStatement.call(FailOnTimeout.java:298)
	at org.junit.internal.runners.statements.FailOnTimeout$CallableStatement.call(FailOnTimeout.java:292)
	at java.util.concurrent.FutureTask.run(FutureTask.java:266)
	at java.lang.Thread.run(Thread.java:748)
</failure>
  </testcase>
  <testcase name="test133" classname="org.mozilla.javascript.ScriptRuntime_ESTest" time="0.143"/>
  <testcase name="test097" classname="org.mozilla.javascript.ScriptRuntime_ESTest" time="0.06"/>
  <testcase name="test130" classname="org.mozilla.javascript.ScriptRuntime_ESTest" time="0.025"/>
  <testcase name="test010" classname="org.mozilla.javascript.ScriptRuntime_ESTest" time="0.069">
    <failure message="java.lang.NullPointerException" type="java.lang.NullPointerException">java.lang.NullPointerException
	at org.mozilla.javascript.ImporterTopLevel.initStandardObjects(ImporterTopLevel.java:73)
	at org.mozilla.javascript.ImporterTopLevel.&lt;init&gt;(ImporterTopLevel.java:54)
	at org.mozilla.javascript.ScriptRuntime_ESTest.test010(ScriptRuntime_ESTest.java:225)
	at sun.reflect.NativeMethodAccessorImpl.invoke0(Native Method)
	at sun.reflect.NativeMethodAccessorImpl.invoke(NativeMethodAccessorImpl.java:62)
	at sun.reflect.DelegatingMethodAccessorImpl.invoke(DelegatingMethodAccessorImpl.java:43)
	at java.lang.reflect.Method.invoke(Method.java:498)
	at org.junit.runners.model.FrameworkMethod$1.runReflectiveCall(FrameworkMethod.java:50)
	at org.junit.internal.runners.model.ReflectiveCallable.run(ReflectiveCallable.java:12)
	at org.junit.runners.model.FrameworkMethod.invokeExplosively(FrameworkMethod.java:47)
	at org.junit.internal.runners.statements.InvokeMethod.evaluate(InvokeMethod.java:17)
	at org.junit.internal.runners.statements.FailOnTimeout$CallableStatement.call(FailOnTimeout.java:298)
	at org.junit.internal.runners.statements.FailOnTimeout$CallableStatement.call(FailOnTimeout.java:292)
	at java.util.concurrent.FutureTask.run(FutureTask.java:266)
	at java.lang.Thread.run(Thread.java:748)
</failure>
  </testcase>
  <testcase name="test098" classname="org.mozilla.javascript.ScriptRuntime_ESTest" time="0.051"/>
  <testcase name="test131" classname="org.mozilla.javascript.ScriptRuntime_ESTest" time="0.151">
    <failure message="java.lang.AssertionError: Exception was not thrown in org.mozilla.javascript.DefaultErrorReporter but in org.mozilla.javascript.Context.reportRuntimeError(Context.java:1001): org.evosuite.runtime.mock.java.lang.MockThrowable: Invalid JavaScript value of type org.mozilla.javascript.EvaluatorException" type="java.lang.AssertionError">java.lang.AssertionError: Exception was not thrown in org.mozilla.javascript.DefaultErrorReporter but in org.mozilla.javascript.Context.reportRuntimeError(Context.java:1001): org.evosuite.runtime.mock.java.lang.MockThrowable: Invalid JavaScript value of type org.mozilla.javascript.EvaluatorException
	at org.evosuite.runtime.EvoAssertions.assertThrownBy(EvoAssertions.java:112)
	at org.evosuite.runtime.EvoAssertions.verifyException(EvoAssertions.java:49)
	at org.mozilla.javascript.ScriptRuntime_ESTest.test131(ScriptRuntime_ESTest.java:1810)
	at sun.reflect.NativeMethodAccessorImpl.invoke0(Native Method)
	at sun.reflect.NativeMethodAccessorImpl.invoke(NativeMethodAccessorImpl.java:62)
	at sun.reflect.DelegatingMethodAccessorImpl.invoke(DelegatingMethodAccessorImpl.java:43)
	at java.lang.reflect.Method.invoke(Method.java:498)
	at org.junit.runners.model.FrameworkMethod$1.runReflectiveCall(FrameworkMethod.java:50)
	at org.junit.internal.runners.model.ReflectiveCallable.run(ReflectiveCallable.java:12)
	at org.junit.runners.model.FrameworkMethod.invokeExplosively(FrameworkMethod.java:47)
	at org.junit.internal.runners.statements.InvokeMethod.evaluate(InvokeMethod.java:17)
	at org.junit.internal.runners.statements.FailOnTimeout$CallableStatement.call(FailOnTimeout.java:298)
	at org.junit.internal.runners.statements.FailOnTimeout$CallableStatement.call(FailOnTimeout.java:292)
	at java.util.concurrent.FutureTask.run(FutureTask.java:266)
	at java.lang.Thread.run(Thread.java:748)
</failure>
  </testcase>
  <testcase name="test095" classname="org.mozilla.javascript.ScriptRuntime_ESTest" time="0.041"/>
  <testcase name="test096" classname="org.mozilla.javascript.ScriptRuntime_ESTest" time="0.044"/>
  <testcase name="test093" classname="org.mozilla.javascript.ScriptRuntime_ESTest" time="0.101"/>
  <testcase name="test094" classname="org.mozilla.javascript.ScriptRuntime_ESTest" time="0.056"/>
  <testcase name="test091" classname="org.mozilla.javascript.ScriptRuntime_ESTest" time="0.058"/>
  <testcase name="test092" classname="org.mozilla.javascript.ScriptRuntime_ESTest" time="0.883"/>
  <testcase name="test090" classname="org.mozilla.javascript.ScriptRuntime_ESTest" time="0.117"/>
  <testcase name="test008" classname="org.mozilla.javascript.ScriptRuntime_ESTest" time="0.072">
    <failure message="org.evosuite.runtime.mock.java.lang.MockRuntimeException: No Context associated with current Thread" type="org.evosuite.runtime.mock.java.lang.MockRuntimeException">org.evosuite.runtime.mock.java.lang.MockRuntimeException: No Context associated with current Thread
	at org.mozilla.javascript.Context.getContext(Context.java:2481)
	at org.mozilla.javascript.ScriptRuntime_ESTest.test008(ScriptRuntime_ESTest.java:200)
	at sun.reflect.NativeMethodAccessorImpl.invoke0(Native Method)
	at sun.reflect.NativeMethodAccessorImpl.invoke(NativeMethodAccessorImpl.java:62)
	at sun.reflect.DelegatingMethodAccessorImpl.invoke(DelegatingMethodAccessorImpl.java:43)
	at java.lang.reflect.Method.invoke(Method.java:498)
	at org.junit.runners.model.FrameworkMethod$1.runReflectiveCall(FrameworkMethod.java:50)
	at org.junit.internal.runners.model.ReflectiveCallable.run(ReflectiveCallable.java:12)
	at org.junit.runners.model.FrameworkMethod.invokeExplosively(FrameworkMethod.java:47)
	at org.junit.internal.runners.statements.InvokeMethod.evaluate(InvokeMethod.java:17)
	at org.junit.internal.runners.statements.FailOnTimeout$CallableStatement.call(FailOnTimeout.java:298)
	at org.junit.internal.runners.statements.FailOnTimeout$CallableStatement.call(FailOnTimeout.java:292)
	at java.util.concurrent.FutureTask.run(FutureTask.java:266)
	at java.lang.Thread.run(Thread.java:748)
</failure>
  </testcase>
  <testcase name="test129" classname="org.mozilla.javascript.ScriptRuntime_ESTest" time="0.03"/>
  <testcase name="test009" classname="org.mozilla.javascript.ScriptRuntime_ESTest" time="0.072">
    <failure message="org.evosuite.runtime.mock.java.lang.MockRuntimeException: No Context associated with current Thread" type="org.evosuite.runtime.mock.java.lang.MockRuntimeException">org.evosuite.runtime.mock.java.lang.MockRuntimeException: No Context associated with current Thread
	at org.mozilla.javascript.Context.getContext(Context.java:2481)
	at org.mozilla.javascript.ScriptRuntime.getArrayElements(ScriptRuntime.java:4051)
	at org.mozilla.javascript.ScriptRuntime_ESTest.test009(ScriptRuntime_ESTest.java:218)
	at sun.reflect.NativeMethodAccessorImpl.invoke0(Native Method)
	at sun.reflect.NativeMethodAccessorImpl.invoke(NativeMethodAccessorImpl.java:62)
	at sun.reflect.DelegatingMethodAccessorImpl.invoke(DelegatingMethodAccessorImpl.java:43)
	at java.lang.reflect.Method.invoke(Method.java:498)
	at org.junit.runners.model.FrameworkMethod$1.runReflectiveCall(FrameworkMethod.java:50)
	at org.junit.internal.runners.model.ReflectiveCallable.run(ReflectiveCallable.java:12)
	at org.junit.runners.model.FrameworkMethod.invokeExplosively(FrameworkMethod.java:47)
	at org.junit.internal.runners.statements.InvokeMethod.evaluate(InvokeMethod.java:17)
	at org.junit.internal.runners.statements.FailOnTimeout$CallableStatement.call(FailOnTimeout.java:298)
	at org.junit.internal.runners.statements.FailOnTimeout$CallableStatement.call(FailOnTimeout.java:292)
	at java.util.concurrent.FutureTask.run(FutureTask.java:266)
	at java.lang.Thread.run(Thread.java:748)
</failure>
  </testcase>
  <testcase name="test006" classname="org.mozilla.javascript.ScriptRuntime_ESTest" time="0.069"/>
  <testcase name="test127" classname="org.mozilla.javascript.ScriptRuntime_ESTest" time="0.034"/>
  <testcase name="test007" classname="org.mozilla.javascript.ScriptRuntime_ESTest" time="0.061"/>
  <testcase name="test128" classname="org.mozilla.javascript.ScriptRuntime_ESTest" time="0.101"/>
  <testcase name="test004" classname="org.mozilla.javascript.ScriptRuntime_ESTest" time="0.059">
    <failure message="org.evosuite.runtime.mock.java.lang.MockRuntimeException: No Context associated with current Thread" type="org.evosuite.runtime.mock.java.lang.MockRuntimeException">org.evosuite.runtime.mock.java.lang.MockRuntimeException: No Context associated with current Thread
	at org.mozilla.javascript.Context.getContext(Context.java:2481)
	at org.mozilla.javascript.ScriptRuntime_ESTest.test004(ScriptRuntime_ESTest.java:137)
	at sun.reflect.NativeMethodAccessorImpl.invoke0(Native Method)
	at sun.reflect.NativeMethodAccessorImpl.invoke(NativeMethodAccessorImpl.java:62)
	at sun.reflect.DelegatingMethodAccessorImpl.invoke(DelegatingMethodAccessorImpl.java:43)
	at java.lang.reflect.Method.invoke(Method.java:498)
	at org.junit.runners.model.FrameworkMethod$1.runReflectiveCall(FrameworkMethod.java:50)
	at org.junit.internal.runners.model.ReflectiveCallable.run(ReflectiveCallable.java:12)
	at org.junit.runners.model.FrameworkMethod.invokeExplosively(FrameworkMethod.java:47)
	at org.junit.internal.runners.statements.InvokeMethod.evaluate(InvokeMethod.java:17)
	at org.junit.internal.runners.statements.FailOnTimeout$CallableStatement.call(FailOnTimeout.java:298)
	at org.junit.internal.runners.statements.FailOnTimeout$CallableStatement.call(FailOnTimeout.java:292)
	at java.util.concurrent.FutureTask.run(FutureTask.java:266)
	at java.lang.Thread.run(Thread.java:748)
</failure>
  </testcase>
  <testcase name="test125" classname="org.mozilla.javascript.ScriptRuntime_ESTest" time="0.051"/>
  <testcase name="test005" classname="org.mozilla.javascript.ScriptRuntime_ESTest" time="0.048"/>
  <testcase name="test126" classname="org.mozilla.javascript.ScriptRuntime_ESTest" time="0.052"/>
  <testcase name="test002" classname="org.mozilla.javascript.ScriptRuntime_ESTest" time="0.076"/>
  <testcase name="test123" classname="org.mozilla.javascript.ScriptRuntime_ESTest" time="0.027"/>
  <testcase name="test003" classname="org.mozilla.javascript.ScriptRuntime_ESTest" time="0.071"/>
  <testcase name="test124" classname="org.mozilla.javascript.ScriptRuntime_ESTest" time="0.043"/>
  <testcase name="test000" classname="org.mozilla.javascript.ScriptRuntime_ESTest" time="0.042">
    <failure message="org.evosuite.runtime.mock.java.lang.MockRuntimeException: No Context associated with current Thread" type="org.evosuite.runtime.mock.java.lang.MockRuntimeException">org.evosuite.runtime.mock.java.lang.MockRuntimeException: No Context associated with current Thread
	at org.mozilla.javascript.Context.getContext(Context.java:2481)
	at org.mozilla.javascript.ScriptRuntime_ESTest.test000(ScriptRuntime_ESTest.java:78)
	at sun.reflect.NativeMethodAccessorImpl.invoke0(Native Method)
	at sun.reflect.NativeMethodAccessorImpl.invoke(NativeMethodAccessorImpl.java:62)
	at sun.reflect.DelegatingMethodAccessorImpl.invoke(DelegatingMethodAccessorImpl.java:43)
	at java.lang.reflect.Method.invoke(Method.java:498)
	at org.junit.runners.model.FrameworkMethod$1.runReflectiveCall(FrameworkMethod.java:50)
	at org.junit.internal.runners.model.ReflectiveCallable.run(ReflectiveCallable.java:12)
	at org.junit.runners.model.FrameworkMethod.invokeExplosively(FrameworkMethod.java:47)
	at org.junit.internal.runners.statements.InvokeMethod.evaluate(InvokeMethod.java:17)
	at org.junit.internal.runners.statements.FailOnTimeout$CallableStatement.call(FailOnTimeout.java:298)
	at org.junit.internal.runners.statements.FailOnTimeout$CallableStatement.call(FailOnTimeout.java:292)
	at java.util.concurrent.FutureTask.run(FutureTask.java:266)
	at java.lang.Thread.run(Thread.java:748)
</failure>
  </testcase>
  <testcase name="test088" classname="org.mozilla.javascript.ScriptRuntime_ESTest" time="0.037"/>
  <testcase name="test121" classname="org.mozilla.javascript.ScriptRuntime_ESTest" time="0.03"/>
  <testcase name="test001" classname="org.mozilla.javascript.ScriptRuntime_ESTest" time="0.032">
    <failure message="org.evosuite.runtime.mock.java.lang.MockRuntimeException: No Context associated with current Thread" type="org.evosuite.runtime.mock.java.lang.MockRuntimeException">org.evosuite.runtime.mock.java.lang.MockRuntimeException: No Context associated with current Thread
	at org.mozilla.javascript.Context.getContext(Context.java:2481)
	at org.mozilla.javascript.ScriptRuntime_ESTest.test001(ScriptRuntime_ESTest.java:94)
	at sun.reflect.NativeMethodAccessorImpl.invoke0(Native Method)
	at sun.reflect.NativeMethodAccessorImpl.invoke(NativeMethodAccessorImpl.java:62)
	at sun.reflect.DelegatingMethodAccessorImpl.invoke(DelegatingMethodAccessorImpl.java:43)
	at java.lang.reflect.Method.invoke(Method.java:498)
	at org.junit.runners.model.FrameworkMethod$1.runReflectiveCall(FrameworkMethod.java:50)
	at org.junit.internal.runners.model.ReflectiveCallable.run(ReflectiveCallable.java:12)
	at org.junit.runners.model.FrameworkMethod.invokeExplosively(FrameworkMethod.java:47)
	at org.junit.internal.runners.statements.InvokeMethod.evaluate(InvokeMethod.java:17)
	at org.junit.internal.runners.statements.FailOnTimeout$CallableStatement.call(FailOnTimeout.java:298)
	at org.junit.internal.runners.statements.FailOnTimeout$CallableStatement.call(FailOnTimeout.java:292)
	at java.util.concurrent.FutureTask.run(FutureTask.java:266)
	at java.lang.Thread.run(Thread.java:748)
</failure>
  </testcase>
  <testcase name="test089" classname="org.mozilla.javascript.ScriptRuntime_ESTest" time="0.064"/>
  <testcase name="test122" classname="org.mozilla.javascript.ScriptRuntime_ESTest" time="0.086"/>
  <testcase name="test086" classname="org.mozilla.javascript.ScriptRuntime_ESTest" time="0.041"/>
  <testcase name="test087" classname="org.mozilla.javascript.ScriptRuntime_ESTest" time="0.033"/>
  <testcase name="test120" classname="org.mozilla.javascript.ScriptRuntime_ESTest" time="0.031"/>
  <testcase name="test084" classname="org.mozilla.javascript.ScriptRuntime_ESTest" time="0.04"/>
  <testcase name="test085" classname="org.mozilla.javascript.ScriptRuntime_ESTest" time="0.031"/>
  <testcase name="test082" classname="org.mozilla.javascript.ScriptRuntime_ESTest" time="0.046">
    <failure message="org.evosuite.runtime.mock.java.lang.MockRuntimeException: No Context associated with current Thread" type="org.evosuite.runtime.mock.java.lang.MockRuntimeException">org.evosuite.runtime.mock.java.lang.MockRuntimeException: No Context associated with current Thread
	at org.mozilla.javascript.Context.getContext(Context.java:2481)
	at org.mozilla.javascript.IdScriptableObject.newIdFunction(IdScriptableObject.java:888)
	at org.mozilla.javascript.IdScriptableObject.initPrototypeMethod(IdScriptableObject.java:791)
	at org.mozilla.javascript.IdScriptableObject.initPrototypeMethod(IdScriptableObject.java:784)
	at org.mozilla.javascript.BaseFunction.initPrototypeId(BaseFunction.java:234)
	at org.mozilla.javascript.IdScriptableObject$PrototypeValues.createPrecachedConstructor(IdScriptableObject.java:149)
	at org.mozilla.javascript.IdScriptableObject.exportAsJSClass(IdScriptableObject.java:754)
	at org.mozilla.javascript.BaseFunction.init(BaseFunction.java:26)
	at org.mozilla.javascript.ScriptRuntime.initSafeStandardObjects(ScriptRuntime.java:164)
	at org.mozilla.javascript.ScriptRuntime.initStandardObjects(ScriptRuntime.java:275)
	at org.mozilla.javascript.Context.initStandardObjects(Context.java:1186)
	at org.mozilla.javascript.Context.initStandardObjects(Context.java:1072)
	at org.mozilla.javascript.ScriptRuntime_ESTest.test082(ScriptRuntime_ESTest.java:1166)
	at sun.reflect.NativeMethodAccessorImpl.invoke0(Native Method)
	at sun.reflect.NativeMethodAccessorImpl.invoke(NativeMethodAccessorImpl.java:62)
	at sun.reflect.DelegatingMethodAccessorImpl.invoke(DelegatingMethodAccessorImpl.java:43)
	at java.lang.reflect.Method.invoke(Method.java:498)
	at org.junit.runners.model.FrameworkMethod$1.runReflectiveCall(FrameworkMethod.java:50)
	at org.junit.internal.runners.model.ReflectiveCallable.run(ReflectiveCallable.java:12)
	at org.junit.runners.model.FrameworkMethod.invokeExplosively(FrameworkMethod.java:47)
	at org.junit.internal.runners.statements.InvokeMethod.evaluate(InvokeMethod.java:17)
	at org.junit.internal.runners.statements.FailOnTimeout$CallableStatement.call(FailOnTimeout.java:298)
	at org.junit.internal.runners.statements.FailOnTimeout$CallableStatement.call(FailOnTimeout.java:292)
	at java.util.concurrent.FutureTask.run(FutureTask.java:266)
	at java.lang.Thread.run(Thread.java:748)
</failure>
  </testcase>
  <testcase name="test083" classname="org.mozilla.javascript.ScriptRuntime_ESTest" time="0.045">
    <failure message="org.evosuite.runtime.mock.java.lang.MockRuntimeException: No Context associated with current Thread" type="org.evosuite.runtime.mock.java.lang.MockRuntimeException">org.evosuite.runtime.mock.java.lang.MockRuntimeException: No Context associated with current Thread
	at org.mozilla.javascript.Context.getContext(Context.java:2481)
	at org.mozilla.javascript.ScriptRuntime_ESTest.test083(ScriptRuntime_ESTest.java:1183)
	at sun.reflect.NativeMethodAccessorImpl.invoke0(Native Method)
	at sun.reflect.NativeMethodAccessorImpl.invoke(NativeMethodAccessorImpl.java:62)
	at sun.reflect.DelegatingMethodAccessorImpl.invoke(DelegatingMethodAccessorImpl.java:43)
	at java.lang.reflect.Method.invoke(Method.java:498)
	at org.junit.runners.model.FrameworkMethod$1.runReflectiveCall(FrameworkMethod.java:50)
	at org.junit.internal.runners.model.ReflectiveCallable.run(ReflectiveCallable.java:12)
	at org.junit.runners.model.FrameworkMethod.invokeExplosively(FrameworkMethod.java:47)
	at org.junit.internal.runners.statements.InvokeMethod.evaluate(InvokeMethod.java:17)
	at org.junit.internal.runners.statements.FailOnTimeout$CallableStatement.call(FailOnTimeout.java:298)
	at org.junit.internal.runners.statements.FailOnTimeout$CallableStatement.call(FailOnTimeout.java:292)
	at java.util.concurrent.FutureTask.run(FutureTask.java:266)
	at java.lang.Thread.run(Thread.java:748)
</failure>
  </testcase>
  <testcase name="test080" classname="org.mozilla.javascript.ScriptRuntime_ESTest" time="0.067">
    <failure message="org.evosuite.runtime.mock.java.lang.MockRuntimeException: No Context associated with current Thread" type="org.evosuite.runtime.mock.java.lang.MockRuntimeException">org.evosuite.runtime.mock.java.lang.MockRuntimeException: No Context associated with current Thread
	at org.mozilla.javascript.Context.getContext(Context.java:2481)
	at org.mozilla.javascript.ScriptRuntime_ESTest.test080(ScriptRuntime_ESTest.java:1129)
	at sun.reflect.NativeMethodAccessorImpl.invoke0(Native Method)
	at sun.reflect.NativeMethodAccessorImpl.invoke(NativeMethodAccessorImpl.java:62)
	at sun.reflect.DelegatingMethodAccessorImpl.invoke(DelegatingMethodAccessorImpl.java:43)
	at java.lang.reflect.Method.invoke(Method.java:498)
	at org.junit.runners.model.FrameworkMethod$1.runReflectiveCall(FrameworkMethod.java:50)
	at org.junit.internal.runners.model.ReflectiveCallable.run(ReflectiveCallable.java:12)
	at org.junit.runners.model.FrameworkMethod.invokeExplosively(FrameworkMethod.java:47)
	at org.junit.internal.runners.statements.InvokeMethod.evaluate(InvokeMethod.java:17)
	at org.junit.internal.runners.statements.FailOnTimeout$CallableStatement.call(FailOnTimeout.java:298)
	at org.junit.internal.runners.statements.FailOnTimeout$CallableStatement.call(FailOnTimeout.java:292)
	at java.util.concurrent.FutureTask.run(FutureTask.java:266)
	at java.lang.Thread.run(Thread.java:748)
</failure>
  </testcase>
  <testcase name="test081" classname="org.mozilla.javascript.ScriptRuntime_ESTest" time="0.116">
    <failure message="java.lang.AssertionError: Exception was not thrown in org.mozilla.javascript.ScriptRuntime but in org.mozilla.javascript.Context.getContext(Context.java:2481): org.evosuite.runtime.mock.java.lang.MockThrowable: No Context associated with current Thread" type="java.lang.AssertionError">java.lang.AssertionError: Exception was not thrown in org.mozilla.javascript.ScriptRuntime but in org.mozilla.javascript.Context.getContext(Context.java:2481): org.evosuite.runtime.mock.java.lang.MockThrowable: No Context associated with current Thread
	at org.evosuite.runtime.EvoAssertions.assertThrownBy(EvoAssertions.java:112)
	at org.evosuite.runtime.EvoAssertions.verifyException(EvoAssertions.java:49)
	at org.mozilla.javascript.ScriptRuntime_ESTest.test081(ScriptRuntime_ESTest.java:1158)
	at sun.reflect.NativeMethodAccessorImpl.invoke0(Native Method)
	at sun.reflect.NativeMethodAccessorImpl.invoke(NativeMethodAccessorImpl.java:62)
	at sun.reflect.DelegatingMethodAccessorImpl.invoke(DelegatingMethodAccessorImpl.java:43)
	at java.lang.reflect.Method.invoke(Method.java:498)
	at org.junit.runners.model.FrameworkMethod$1.runReflectiveCall(FrameworkMethod.java:50)
	at org.junit.internal.runners.model.ReflectiveCallable.run(ReflectiveCallable.java:12)
	at org.junit.runners.model.FrameworkMethod.invokeExplosively(FrameworkMethod.java:47)
	at org.junit.internal.runners.statements.InvokeMethod.evaluate(InvokeMethod.java:17)
	at org.junit.internal.runners.statements.FailOnTimeout$CallableStatement.call(FailOnTimeout.java:298)
	at org.junit.internal.runners.statements.FailOnTimeout$CallableStatement.call(FailOnTimeout.java:292)
	at java.util.concurrent.FutureTask.run(FutureTask.java:266)
	at java.lang.Thread.run(Thread.java:748)
</failure>
  </testcase>
  <testcase name="test118" classname="org.mozilla.javascript.ScriptRuntime_ESTest" time="0.066">
    <failure message="java.lang.AssertionError: Exception was not thrown in org.mozilla.javascript.DefaultErrorReporter but in org.mozilla.javascript.Context.reportRuntimeError(Context.java:1001): org.evosuite.runtime.mock.java.lang.MockThrowable: XML runtime not available" type="java.lang.AssertionError">java.lang.AssertionError: Exception was not thrown in org.mozilla.javascript.DefaultErrorReporter but in org.mozilla.javascript.Context.reportRuntimeError(Context.java:1001): org.evosuite.runtime.mock.java.lang.MockThrowable: XML runtime not available
	at org.evosuite.runtime.EvoAssertions.assertThrownBy(EvoAssertions.java:112)
	at org.evosuite.runtime.EvoAssertions.verifyException(EvoAssertions.java:49)
	at org.mozilla.javascript.ScriptRuntime_ESTest.test118(ScriptRuntime_ESTest.java:1645)
	at sun.reflect.NativeMethodAccessorImpl.invoke0(Native Method)
	at sun.reflect.NativeMethodAccessorImpl.invoke(NativeMethodAccessorImpl.java:62)
	at sun.reflect.DelegatingMethodAccessorImpl.invoke(DelegatingMethodAccessorImpl.java:43)
	at java.lang.reflect.Method.invoke(Method.java:498)
	at org.junit.runners.model.FrameworkMethod$1.runReflectiveCall(FrameworkMethod.java:50)
	at org.junit.internal.runners.model.ReflectiveCallable.run(ReflectiveCallable.java:12)
	at org.junit.runners.model.FrameworkMethod.invokeExplosively(FrameworkMethod.java:47)
	at org.junit.internal.runners.statements.InvokeMethod.evaluate(InvokeMethod.java:17)
	at org.junit.internal.runners.statements.FailOnTimeout$CallableStatement.call(FailOnTimeout.java:298)
	at org.junit.internal.runners.statements.FailOnTimeout$CallableStatement.call(FailOnTimeout.java:292)
	at java.util.concurrent.FutureTask.run(FutureTask.java:266)
	at java.lang.Thread.run(Thread.java:748)
</failure>
  </testcase>
  <testcase name="test119" classname="org.mozilla.javascript.ScriptRuntime_ESTest" time="0.033"/>
  <testcase name="test116" classname="org.mozilla.javascript.ScriptRuntime_ESTest" time="0.026"/>
  <testcase name="test117" classname="org.mozilla.javascript.ScriptRuntime_ESTest" time="0.021"/>
  <testcase name="test114" classname="org.mozilla.javascript.ScriptRuntime_ESTest" time="0.088"/>
  <testcase name="test115" classname="org.mozilla.javascript.ScriptRuntime_ESTest" time="0.075">
    <failure message="java.lang.AssertionError: Exception was not thrown in org.mozilla.javascript.ScriptableObject but in org.mozilla.javascript.ScriptRuntime.typeErrorThrower(ScriptRuntime.java:52): java.lang.NullPointerException" type="java.lang.AssertionError">java.lang.AssertionError: Exception was not thrown in org.mozilla.javascript.ScriptableObject but in org.mozilla.javascript.ScriptRuntime.typeErrorThrower(ScriptRuntime.java:52): java.lang.NullPointerException
	at org.evosuite.runtime.EvoAssertions.assertThrownBy(EvoAssertions.java:112)
	at org.evosuite.runtime.EvoAssertions.verifyException(EvoAssertions.java:49)
	at org.mozilla.javascript.ScriptRuntime_ESTest.test115(ScriptRuntime_ESTest.java:1604)
	at sun.reflect.NativeMethodAccessorImpl.invoke0(Native Method)
	at sun.reflect.NativeMethodAccessorImpl.invoke(NativeMethodAccessorImpl.java:62)
	at sun.reflect.DelegatingMethodAccessorImpl.invoke(DelegatingMethodAccessorImpl.java:43)
	at java.lang.reflect.Method.invoke(Method.java:498)
	at org.junit.runners.model.FrameworkMethod$1.runReflectiveCall(FrameworkMethod.java:50)
	at org.junit.internal.runners.model.ReflectiveCallable.run(ReflectiveCallable.java:12)
	at org.junit.runners.model.FrameworkMethod.invokeExplosively(FrameworkMethod.java:47)
	at org.junit.internal.runners.statements.InvokeMethod.evaluate(InvokeMethod.java:17)
	at org.junit.internal.runners.statements.FailOnTimeout$CallableStatement.call(FailOnTimeout.java:298)
	at org.junit.internal.runners.statements.FailOnTimeout$CallableStatement.call(FailOnTimeout.java:292)
	at java.util.concurrent.FutureTask.run(FutureTask.java:266)
	at java.lang.Thread.run(Thread.java:748)
</failure>
  </testcase>
  <testcase name="test079" classname="org.mozilla.javascript.ScriptRuntime_ESTest" time="0.048"/>
  <testcase name="test112" classname="org.mozilla.javascript.ScriptRuntime_ESTest" time="0.047"/>
  <testcase name="test113" classname="org.mozilla.javascript.ScriptRuntime_ESTest" time="0.06"/>
  <testcase name="test077" classname="org.mozilla.javascript.ScriptRuntime_ESTest" time="0.036">
    <failure message="org.evosuite.runtime.mock.java.lang.MockRuntimeException: No Context associated with current Thread" type="org.evosuite.runtime.mock.java.lang.MockRuntimeException">org.evosuite.runtime.mock.java.lang.MockRuntimeException: No Context associated with current Thread
	at org.mozilla.javascript.Context.getContext(Context.java:2481)
	at org.mozilla.javascript.ScriptRuntime_ESTest.test077(ScriptRuntime_ESTest.java:1085)
	at sun.reflect.NativeMethodAccessorImpl.invoke0(Native Method)
	at sun.reflect.NativeMethodAccessorImpl.invoke(NativeMethodAccessorImpl.java:62)
	at sun.reflect.DelegatingMethodAccessorImpl.invoke(DelegatingMethodAccessorImpl.java:43)
	at java.lang.reflect.Method.invoke(Method.java:498)
	at org.junit.runners.model.FrameworkMethod$1.runReflectiveCall(FrameworkMethod.java:50)
	at org.junit.internal.runners.model.ReflectiveCallable.run(ReflectiveCallable.java:12)
	at org.junit.runners.model.FrameworkMethod.invokeExplosively(FrameworkMethod.java:47)
	at org.junit.internal.runners.statements.InvokeMethod.evaluate(InvokeMethod.java:17)
	at org.junit.internal.runners.statements.FailOnTimeout$CallableStatement.call(FailOnTimeout.java:298)
	at org.junit.internal.runners.statements.FailOnTimeout$CallableStatement.call(FailOnTimeout.java:292)
	at java.util.concurrent.FutureTask.run(FutureTask.java:266)
	at java.lang.Thread.run(Thread.java:748)
</failure>
  </testcase>
  <testcase name="test110" classname="org.mozilla.javascript.ScriptRuntime_ESTest" time="0.041"/>
  <testcase name="test078" classname="org.mozilla.javascript.ScriptRuntime_ESTest" time="0.044"/>
  <testcase name="test111" classname="org.mozilla.javascript.ScriptRuntime_ESTest" time="0.036"/>
  <testcase name="test075" classname="org.mozilla.javascript.ScriptRuntime_ESTest" time="0.054"/>
  <testcase name="test076" classname="org.mozilla.javascript.ScriptRuntime_ESTest" time="0.031">
    <failure message="org.evosuite.runtime.mock.java.lang.MockRuntimeException: No Context associated with current Thread" type="org.evosuite.runtime.mock.java.lang.MockRuntimeException">org.evosuite.runtime.mock.java.lang.MockRuntimeException: No Context associated with current Thread
	at org.mozilla.javascript.Context.getContext(Context.java:2481)
	at org.mozilla.javascript.ScriptRuntime_ESTest.test076(ScriptRuntime_ESTest.java:1069)
	at sun.reflect.NativeMethodAccessorImpl.invoke0(Native Method)
	at sun.reflect.NativeMethodAccessorImpl.invoke(NativeMethodAccessorImpl.java:62)
	at sun.reflect.DelegatingMethodAccessorImpl.invoke(DelegatingMethodAccessorImpl.java:43)
	at java.lang.reflect.Method.invoke(Method.java:498)
	at org.junit.runners.model.FrameworkMethod$1.runReflectiveCall(FrameworkMethod.java:50)
	at org.junit.internal.runners.model.ReflectiveCallable.run(ReflectiveCallable.java:12)
	at org.junit.runners.model.FrameworkMethod.invokeExplosively(FrameworkMethod.java:47)
	at org.junit.internal.runners.statements.InvokeMethod.evaluate(InvokeMethod.java:17)
	at org.junit.internal.runners.statements.FailOnTimeout$CallableStatement.call(FailOnTimeout.java:298)
	at org.junit.internal.runners.statements.FailOnTimeout$CallableStatement.call(FailOnTimeout.java:292)
	at java.util.concurrent.FutureTask.run(FutureTask.java:266)
	at java.lang.Thread.run(Thread.java:748)
</failure>
  </testcase>
  <testcase name="test073" classname="org.mozilla.javascript.ScriptRuntime_ESTest" time="0.032">
    <failure message="java.lang.AssertionError: Expecting exception: NullPointerException" type="java.lang.AssertionError">java.lang.AssertionError: Expecting exception: NullPointerException
	at org.junit.Assert.fail(Assert.java:88)
	at org.mozilla.javascript.ScriptRuntime_ESTest.test073(ScriptRuntime_ESTest.java:1020)
	at sun.reflect.NativeMethodAccessorImpl.invoke0(Native Method)
	at sun.reflect.NativeMethodAccessorImpl.invoke(NativeMethodAccessorImpl.java:62)
	at sun.reflect.DelegatingMethodAccessorImpl.invoke(DelegatingMethodAccessorImpl.java:43)
	at java.lang.reflect.Method.invoke(Method.java:498)
	at org.junit.runners.model.FrameworkMethod$1.runReflectiveCall(FrameworkMethod.java:50)
	at org.junit.internal.runners.model.ReflectiveCallable.run(ReflectiveCallable.java:12)
	at org.junit.runners.model.FrameworkMethod.invokeExplosively(FrameworkMethod.java:47)
	at org.junit.internal.runners.statements.InvokeMethod.evaluate(InvokeMethod.java:17)
	at org.junit.internal.runners.statements.FailOnTimeout$CallableStatement.call(FailOnTimeout.java:298)
	at org.junit.internal.runners.statements.FailOnTimeout$CallableStatement.call(FailOnTimeout.java:292)
	at java.util.concurrent.FutureTask.run(FutureTask.java:266)
	at java.lang.Thread.run(Thread.java:748)
</failure>
  </testcase>
  <testcase name="test074" classname="org.mozilla.javascript.ScriptRuntime_ESTest" time="0.028">
    <failure message="org.evosuite.runtime.mock.java.lang.MockRuntimeException: No Context associated with current Thread" type="org.evosuite.runtime.mock.java.lang.MockRuntimeException">org.evosuite.runtime.mock.java.lang.MockRuntimeException: No Context associated with current Thread
	at org.mozilla.javascript.Context.getContext(Context.java:2481)
	at org.mozilla.javascript.NativeJavaPackage.getPkgProperty(NativeJavaPackage.java:123)
	at org.mozilla.javascript.NativeJavaPackage.get(NativeJavaPackage.java:84)
	at org.mozilla.javascript.ScriptableObject.getProperty(ScriptableObject.java:2313)
	at org.mozilla.javascript.ScriptableObject.getClassPrototype(ScriptableObject.java:2201)
	at org.mozilla.javascript.TopLevel.getBuiltinPrototype(TopLevel.java:196)
	at org.mozilla.javascript.ScriptRuntime.setBuiltinProtoAndParent(ScriptRuntime.java:3914)
	at org.mozilla.javascript.Context.newObject(Context.java:1638)
	at org.mozilla.javascript.ScriptRuntime.newObjectLiteral(ScriptRuntime.java:4017)
	at org.mozilla.javascript.ScriptRuntime.newObjectLiteral(ScriptRuntime.java:4009)
	at org.mozilla.javascript.ScriptRuntime_ESTest.test074(ScriptRuntime_ESTest.java:1037)
	at sun.reflect.NativeMethodAccessorImpl.invoke0(Native Method)
	at sun.reflect.NativeMethodAccessorImpl.invoke(NativeMethodAccessorImpl.java:62)
	at sun.reflect.DelegatingMethodAccessorImpl.invoke(DelegatingMethodAccessorImpl.java:43)
	at java.lang.reflect.Method.invoke(Method.java:498)
	at org.junit.runners.model.FrameworkMethod$1.runReflectiveCall(FrameworkMethod.java:50)
	at org.junit.internal.runners.model.ReflectiveCallable.run(ReflectiveCallable.java:12)
	at org.junit.runners.model.FrameworkMethod.invokeExplosively(FrameworkMethod.java:47)
	at org.junit.internal.runners.statements.InvokeMethod.evaluate(InvokeMethod.java:17)
	at org.junit.internal.runners.statements.FailOnTimeout$CallableStatement.call(FailOnTimeout.java:298)
	at org.junit.internal.runners.statements.FailOnTimeout$CallableStatement.call(FailOnTimeout.java:292)
	at java.util.concurrent.FutureTask.run(FutureTask.java:266)
	at java.lang.Thread.run(Thread.java:748)
</failure>
  </testcase>
  <testcase name="test071" classname="org.mozilla.javascript.ScriptRuntime_ESTest" time="0.014"/>
  <testcase name="test072" classname="org.mozilla.javascript.ScriptRuntime_ESTest" time="0.047"/>
  <testcase name="test070" classname="org.mozilla.javascript.ScriptRuntime_ESTest" time="0.032">
    <failure message="java.lang.AssertionError: Exception was not thrown in org.mozilla.javascript.DefaultErrorReporter but in org.mozilla.javascript.Context.reportRuntimeError(Context.java:1001): org.evosuite.runtime.mock.java.lang.MockThrowable: illegal radix 1." type="java.lang.AssertionError">java.lang.AssertionError: Exception was not thrown in org.mozilla.javascript.DefaultErrorReporter but in org.mozilla.javascript.Context.reportRuntimeError(Context.java:1001): org.evosuite.runtime.mock.java.lang.MockThrowable: illegal radix 1.
	at org.evosuite.runtime.EvoAssertions.assertThrownBy(EvoAssertions.java:112)
	at org.evosuite.runtime.EvoAssertions.verifyException(EvoAssertions.java:49)
	at org.mozilla.javascript.ScriptRuntime_ESTest.test070(ScriptRuntime_ESTest.java:970)
	at sun.reflect.NativeMethodAccessorImpl.invoke0(Native Method)
	at sun.reflect.NativeMethodAccessorImpl.invoke(NativeMethodAccessorImpl.java:62)
	at sun.reflect.DelegatingMethodAccessorImpl.invoke(DelegatingMethodAccessorImpl.java:43)
	at java.lang.reflect.Method.invoke(Method.java:498)
	at org.junit.runners.model.FrameworkMethod$1.runReflectiveCall(FrameworkMethod.java:50)
	at org.junit.internal.runners.model.ReflectiveCallable.run(ReflectiveCallable.java:12)
	at org.junit.runners.model.FrameworkMethod.invokeExplosively(FrameworkMethod.java:47)
	at org.junit.internal.runners.statements.InvokeMethod.evaluate(InvokeMethod.java:17)
	at org.junit.internal.runners.statements.FailOnTimeout$CallableStatement.call(FailOnTimeout.java:298)
	at org.junit.internal.runners.statements.FailOnTimeout$CallableStatement.call(FailOnTimeout.java:292)
	at java.util.concurrent.FutureTask.run(FutureTask.java:266)
	at java.lang.Thread.run(Thread.java:748)
</failure>
  </testcase>
  <testcase name="test109" classname="org.mozilla.javascript.ScriptRuntime_ESTest" time="0.037"/>
  <testcase name="test107" classname="org.mozilla.javascript.ScriptRuntime_ESTest" time="0.059"/>
  <testcase name="test108" classname="org.mozilla.javascript.ScriptRuntime_ESTest" time="0.022"/>
  <testcase name="test105" classname="org.mozilla.javascript.ScriptRuntime_ESTest" time="0.047"/>
  <testcase name="test106" classname="org.mozilla.javascript.ScriptRuntime_ESTest" time="0.033"/>
  <testcase name="test103" classname="org.mozilla.javascript.ScriptRuntime_ESTest" time="0.039"/>
  <testcase name="test104" classname="org.mozilla.javascript.ScriptRuntime_ESTest" time="0.034">
    <failure message="org.evosuite.runtime.mock.java.lang.MockRuntimeException: No Context associated with current Thread" type="org.evosuite.runtime.mock.java.lang.MockRuntimeException">org.evosuite.runtime.mock.java.lang.MockRuntimeException: No Context associated with current Thread
	at org.mozilla.javascript.Context.getContext(Context.java:2481)
	at org.mozilla.javascript.ScriptRuntime_ESTest.test104(ScriptRuntime_ESTest.java:1407)
	at sun.reflect.NativeMethodAccessorImpl.invoke0(Native Method)
	at sun.reflect.NativeMethodAccessorImpl.invoke(NativeMethodAccessorImpl.java:62)
	at sun.reflect.DelegatingMethodAccessorImpl.invoke(DelegatingMethodAccessorImpl.java:43)
	at java.lang.reflect.Method.invoke(Method.java:498)
	at org.junit.runners.model.FrameworkMethod$1.runReflectiveCall(FrameworkMethod.java:50)
	at org.junit.internal.runners.model.ReflectiveCallable.run(ReflectiveCallable.java:12)
	at org.junit.runners.model.FrameworkMethod.invokeExplosively(FrameworkMethod.java:47)
	at org.junit.internal.runners.statements.InvokeMethod.evaluate(InvokeMethod.java:17)
	at org.junit.internal.runners.statements.FailOnTimeout$CallableStatement.call(FailOnTimeout.java:298)
	at org.junit.internal.runners.statements.FailOnTimeout$CallableStatement.call(FailOnTimeout.java:292)
	at java.util.concurrent.FutureTask.run(FutureTask.java:266)
	at java.lang.Thread.run(Thread.java:748)
</failure>
  </testcase>
  <testcase name="test068" classname="org.mozilla.javascript.ScriptRuntime_ESTest" time="0.027"/>
  <testcase name="test101" classname="org.mozilla.javascript.ScriptRuntime_ESTest" time="0.085">
    <failure message="org.evosuite.runtime.mock.java.lang.MockRuntimeException: No Context associated with current Thread" type="org.evosuite.runtime.mock.java.lang.MockRuntimeException">org.evosuite.runtime.mock.java.lang.MockRuntimeException: No Context associated with current Thread
	at org.mozilla.javascript.Context.getContext(Context.java:2481)
	at org.mozilla.javascript.ScriptRuntime_ESTest.test101(ScriptRuntime_ESTest.java:1353)
	at sun.reflect.NativeMethodAccessorImpl.invoke0(Native Method)
	at sun.reflect.NativeMethodAccessorImpl.invoke(NativeMethodAccessorImpl.java:62)
	at sun.reflect.DelegatingMethodAccessorImpl.invoke(DelegatingMethodAccessorImpl.java:43)
	at java.lang.reflect.Method.invoke(Method.java:498)
	at org.junit.runners.model.FrameworkMethod$1.runReflectiveCall(FrameworkMethod.java:50)
	at org.junit.internal.runners.model.ReflectiveCallable.run(ReflectiveCallable.java:12)
	at org.junit.runners.model.FrameworkMethod.invokeExplosively(FrameworkMethod.java:47)
	at org.junit.internal.runners.statements.InvokeMethod.evaluate(InvokeMethod.java:17)
	at org.junit.internal.runners.statements.FailOnTimeout$CallableStatement.call(FailOnTimeout.java:298)
	at org.junit.internal.runners.statements.FailOnTimeout$CallableStatement.call(FailOnTimeout.java:292)
	at java.util.concurrent.FutureTask.run(FutureTask.java:266)
	at java.lang.Thread.run(Thread.java:748)
</failure>
  </testcase>
  <testcase name="test069" classname="org.mozilla.javascript.ScriptRuntime_ESTest" time="0.056"/>
  <testcase name="test102" classname="org.mozilla.javascript.ScriptRuntime_ESTest" time="0.014"/>
  <testcase name="test066" classname="org.mozilla.javascript.ScriptRuntime_ESTest" time="0.07">
    <failure message="org.evosuite.runtime.mock.java.lang.MockRuntimeException: No Context associated with current Thread" type="org.evosuite.runtime.mock.java.lang.MockRuntimeException">org.evosuite.runtime.mock.java.lang.MockRuntimeException: No Context associated with current Thread
	at org.mozilla.javascript.Context.getContext(Context.java:2481)
	at org.mozilla.javascript.IdScriptableObject.newIdFunction(IdScriptableObject.java:888)
	at org.mozilla.javascript.IdScriptableObject.initPrototypeMethod(IdScriptableObject.java:791)
	at org.mozilla.javascript.IdScriptableObject.initPrototypeMethod(IdScriptableObject.java:784)
	at org.mozilla.javascript.BaseFunction.initPrototypeId(BaseFunction.java:234)
	at org.mozilla.javascript.IdScriptableObject$PrototypeValues.createPrecachedConstructor(IdScriptableObject.java:149)
	at org.mozilla.javascript.IdScriptableObject.exportAsJSClass(IdScriptableObject.java:754)
	at org.mozilla.javascript.BaseFunction.init(BaseFunction.java:26)
	at org.mozilla.javascript.ScriptRuntime.initSafeStandardObjects(ScriptRuntime.java:164)
	at org.mozilla.javascript.ScriptRuntime.initStandardObjects(ScriptRuntime.java:275)
	at org.mozilla.javascript.Context.initStandardObjects(Context.java:1186)
	at org.mozilla.javascript.Context.initStandardObjects(Context.java:1072)
	at org.mozilla.javascript.ScriptRuntime_ESTest.test066(ScriptRuntime_ESTest.java:922)
	at sun.reflect.NativeMethodAccessorImpl.invoke0(Native Method)
	at sun.reflect.NativeMethodAccessorImpl.invoke(NativeMethodAccessorImpl.java:62)
	at sun.reflect.DelegatingMethodAccessorImpl.invoke(DelegatingMethodAccessorImpl.java:43)
	at java.lang.reflect.Method.invoke(Method.java:498)
	at org.junit.runners.model.FrameworkMethod$1.runReflectiveCall(FrameworkMethod.java:50)
	at org.junit.internal.runners.model.ReflectiveCallable.run(ReflectiveCallable.java:12)
	at org.junit.runners.model.FrameworkMethod.invokeExplosively(FrameworkMethod.java:47)
	at org.junit.internal.runners.statements.InvokeMethod.evaluate(InvokeMethod.java:17)
	at org.junit.internal.runners.statements.FailOnTimeout$CallableStatement.call(FailOnTimeout.java:298)
	at org.junit.internal.runners.statements.FailOnTimeout$CallableStatement.call(FailOnTimeout.java:292)
	at java.util.concurrent.FutureTask.run(FutureTask.java:266)
	at java.lang.Thread.run(Thread.java:748)
</failure>
  </testcase>
  <testcase name="test067" classname="org.mozilla.javascript.ScriptRuntime_ESTest" time="0.039"/>
  <testcase name="test100" classname="org.mozilla.javascript.ScriptRuntime_ESTest" time="0.042">
    <failure message="org.evosuite.runtime.mock.java.lang.MockRuntimeException: No Context associated with current Thread" type="org.evosuite.runtime.mock.java.lang.MockRuntimeException">org.evosuite.runtime.mock.java.lang.MockRuntimeException: No Context associated with current Thread
	at org.mozilla.javascript.Context.getContext(Context.java:2481)
	at org.mozilla.javascript.ScriptRuntime_ESTest.test100(ScriptRuntime_ESTest.java:1345)
	at sun.reflect.NativeMethodAccessorImpl.invoke0(Native Method)
	at sun.reflect.NativeMethodAccessorImpl.invoke(NativeMethodAccessorImpl.java:62)
	at sun.reflect.DelegatingMethodAccessorImpl.invoke(DelegatingMethodAccessorImpl.java:43)
	at java.lang.reflect.Method.invoke(Method.java:498)
	at org.junit.runners.model.FrameworkMethod$1.runReflectiveCall(FrameworkMethod.java:50)
	at org.junit.internal.runners.model.ReflectiveCallable.run(ReflectiveCallable.java:12)
	at org.junit.runners.model.FrameworkMethod.invokeExplosively(FrameworkMethod.java:47)
	at org.junit.internal.runners.statements.InvokeMethod.evaluate(InvokeMethod.java:17)
	at org.junit.internal.runners.statements.FailOnTimeout$CallableStatement.call(FailOnTimeout.java:298)
	at org.junit.internal.runners.statements.FailOnTimeout$CallableStatement.call(FailOnTimeout.java:292)
	at java.util.concurrent.FutureTask.run(FutureTask.java:266)
	at java.lang.Thread.run(Thread.java:748)
</failure>
  </testcase>
  <testcase name="test064" classname="org.mozilla.javascript.ScriptRuntime_ESTest" time="0.037"/>
  <testcase name="test065" classname="org.mozilla.javascript.ScriptRuntime_ESTest" time="0.045"/>
  <testcase name="test062" classname="org.mozilla.javascript.ScriptRuntime_ESTest" time="0.036"/>
  <testcase name="test063" classname="org.mozilla.javascript.ScriptRuntime_ESTest" time="0.023"/>
  <testcase name="test060" classname="org.mozilla.javascript.ScriptRuntime_ESTest" time="0.035"/>
  <testcase name="test061" classname="org.mozilla.javascript.ScriptRuntime_ESTest" time="0.037"/>
  <testcase name="test059" classname="org.mozilla.javascript.ScriptRuntime_ESTest" time="0.031"/>
  <testcase name="test057" classname="org.mozilla.javascript.ScriptRuntime_ESTest" time="0.046"/>
  <testcase name="test058" classname="org.mozilla.javascript.ScriptRuntime_ESTest" time="0.027">
    <failure message="org.evosuite.runtime.mock.java.lang.MockRuntimeException: No Context associated with current Thread" type="org.evosuite.runtime.mock.java.lang.MockRuntimeException">org.evosuite.runtime.mock.java.lang.MockRuntimeException: No Context associated with current Thread
	at org.mozilla.javascript.Context.getContext(Context.java:2481)
	at org.mozilla.javascript.ScriptRuntime_ESTest.test058(ScriptRuntime_ESTest.java:807)
	at sun.reflect.NativeMethodAccessorImpl.invoke0(Native Method)
	at sun.reflect.NativeMethodAccessorImpl.invoke(NativeMethodAccessorImpl.java:62)
	at sun.reflect.DelegatingMethodAccessorImpl.invoke(DelegatingMethodAccessorImpl.java:43)
	at java.lang.reflect.Method.invoke(Method.java:498)
	at org.junit.runners.model.FrameworkMethod$1.runReflectiveCall(FrameworkMethod.java:50)
	at org.junit.internal.runners.model.ReflectiveCallable.run(ReflectiveCallable.java:12)
	at org.junit.runners.model.FrameworkMethod.invokeExplosively(FrameworkMethod.java:47)
	at org.junit.internal.runners.statements.InvokeMethod.evaluate(InvokeMethod.java:17)
	at org.junit.internal.runners.statements.FailOnTimeout$CallableStatement.call(FailOnTimeout.java:298)
	at org.junit.internal.runners.statements.FailOnTimeout$CallableStatement.call(FailOnTimeout.java:292)
	at java.util.concurrent.FutureTask.run(FutureTask.java:266)
	at java.lang.Thread.run(Thread.java:748)
</failure>
  </testcase>
  <testcase name="test055" classname="org.mozilla.javascript.ScriptRuntime_ESTest" time="0.05"/>
  <testcase name="test056" classname="org.mozilla.javascript.ScriptRuntime_ESTest" time="0.094"/>
  <testcase name="test053" classname="org.mozilla.javascript.ScriptRuntime_ESTest" time="0.037">
    <failure message="java.lang.NullPointerException" type="java.lang.NullPointerException">java.lang.NullPointerException
	at org.mozilla.javascript.ScriptRuntime.getTopCallScope(ScriptRuntime.java:3476)
	at org.mozilla.javascript.ScriptRuntime.setObjectIndex(ScriptRuntime.java:1748)
	at org.mozilla.javascript.ScriptRuntime_ESTest.test053(ScriptRuntime_ESTest.java:738)
	at sun.reflect.NativeMethodAccessorImpl.invoke0(Native Method)
	at sun.reflect.NativeMethodAccessorImpl.invoke(NativeMethodAccessorImpl.java:62)
	at sun.reflect.DelegatingMethodAccessorImpl.invoke(DelegatingMethodAccessorImpl.java:43)
	at java.lang.reflect.Method.invoke(Method.java:498)
	at org.junit.runners.model.FrameworkMethod$1.runReflectiveCall(FrameworkMethod.java:50)
	at org.junit.internal.runners.model.ReflectiveCallable.run(ReflectiveCallable.java:12)
	at org.junit.runners.model.FrameworkMethod.invokeExplosively(FrameworkMethod.java:47)
	at org.junit.internal.runners.statements.InvokeMethod.evaluate(InvokeMethod.java:17)
	at org.junit.internal.runners.statements.FailOnTimeout$CallableStatement.call(FailOnTimeout.java:298)
	at org.junit.internal.runners.statements.FailOnTimeout$CallableStatement.call(FailOnTimeout.java:292)
	at java.util.concurrent.FutureTask.run(FutureTask.java:266)
	at java.lang.Thread.run(Thread.java:748)
</failure>
  </testcase>
  <testcase name="test054" classname="org.mozilla.javascript.ScriptRuntime_ESTest" time="0.046">
    <failure message="org.evosuite.runtime.mock.java.lang.MockRuntimeException: No Context associated with current Thread" type="org.evosuite.runtime.mock.java.lang.MockRuntimeException">org.evosuite.runtime.mock.java.lang.MockRuntimeException: No Context associated with current Thread
	at org.mozilla.javascript.Context.getContext(Context.java:2481)
	at org.mozilla.javascript.IdScriptableObject.newIdFunction(IdScriptableObject.java:888)
	at org.mozilla.javascript.IdScriptableObject.initPrototypeMethod(IdScriptableObject.java:791)
	at org.mozilla.javascript.IdScriptableObject.initPrototypeMethod(IdScriptableObject.java:784)
	at org.mozilla.javascript.BaseFunction.initPrototypeId(BaseFunction.java:234)
	at org.mozilla.javascript.IdScriptableObject$PrototypeValues.createPrecachedConstructor(IdScriptableObject.java:149)
	at org.mozilla.javascript.IdScriptableObject.exportAsJSClass(IdScriptableObject.java:754)
	at org.mozilla.javascript.BaseFunction.init(BaseFunction.java:26)
	at org.mozilla.javascript.ScriptRuntime.initSafeStandardObjects(ScriptRuntime.java:164)
	at org.mozilla.javascript.ScriptRuntime.initStandardObjects(ScriptRuntime.java:275)
	at org.mozilla.javascript.Context.initStandardObjects(Context.java:1186)
	at org.mozilla.javascript.ImporterTopLevel.initStandardObjects(ImporterTopLevel.java:73)
	at org.mozilla.javascript.ImporterTopLevel.&lt;init&gt;(ImporterTopLevel.java:54)
	at org.mozilla.javascript.ImporterTopLevel.&lt;init&gt;(ImporterTopLevel.java:49)
	at org.mozilla.javascript.ScriptRuntime.getGlobal(ScriptRuntime.java:3466)
	at org.mozilla.javascript.ScriptRuntime_ESTest.test054(ScriptRuntime_ESTest.java:753)
	at sun.reflect.NativeMethodAccessorImpl.invoke0(Native Method)
	at sun.reflect.NativeMethodAccessorImpl.invoke(NativeMethodAccessorImpl.java:62)
	at sun.reflect.DelegatingMethodAccessorImpl.invoke(DelegatingMethodAccessorImpl.java:43)
	at java.lang.reflect.Method.invoke(Method.java:498)
	at org.junit.runners.model.FrameworkMethod$1.runReflectiveCall(FrameworkMethod.java:50)
	at org.junit.internal.runners.model.ReflectiveCallable.run(ReflectiveCallable.java:12)
	at org.junit.runners.model.FrameworkMethod.invokeExplosively(FrameworkMethod.java:47)
	at org.junit.internal.runners.statements.InvokeMethod.evaluate(InvokeMethod.java:17)
	at org.junit.internal.runners.statements.FailOnTimeout$CallableStatement.call(FailOnTimeout.java:298)
	at org.junit.internal.runners.statements.FailOnTimeout$CallableStatement.call(FailOnTimeout.java:292)
	at java.util.concurrent.FutureTask.run(FutureTask.java:266)
	at java.lang.Thread.run(Thread.java:748)
</failure>
  </testcase>
  <testcase name="test051" classname="org.mozilla.javascript.ScriptRuntime_ESTest" time="0.047"/>
  <testcase name="test052" classname="org.mozilla.javascript.ScriptRuntime_ESTest" time="0.04">
    <failure message="org.evosuite.runtime.mock.java.lang.MockRuntimeException: No Context associated with current Thread" type="org.evosuite.runtime.mock.java.lang.MockRuntimeException">org.evosuite.runtime.mock.java.lang.MockRuntimeException: No Context associated with current Thread
	at org.mozilla.javascript.Context.getContext(Context.java:2481)
	at org.mozilla.javascript.ScriptRuntime_ESTest.test052(ScriptRuntime_ESTest.java:715)
	at sun.reflect.NativeMethodAccessorImpl.invoke0(Native Method)
	at sun.reflect.NativeMethodAccessorImpl.invoke(NativeMethodAccessorImpl.java:62)
	at sun.reflect.DelegatingMethodAccessorImpl.invoke(DelegatingMethodAccessorImpl.java:43)
	at java.lang.reflect.Method.invoke(Method.java:498)
	at org.junit.runners.model.FrameworkMethod$1.runReflectiveCall(FrameworkMethod.java:50)
	at org.junit.internal.runners.model.ReflectiveCallable.run(ReflectiveCallable.java:12)
	at org.junit.runners.model.FrameworkMethod.invokeExplosively(FrameworkMethod.java:47)
	at org.junit.internal.runners.statements.InvokeMethod.evaluate(InvokeMethod.java:17)
	at org.junit.internal.runners.statements.FailOnTimeout$CallableStatement.call(FailOnTimeout.java:298)
	at org.junit.internal.runners.statements.FailOnTimeout$CallableStatement.call(FailOnTimeout.java:292)
	at java.util.concurrent.FutureTask.run(FutureTask.java:266)
	at java.lang.Thread.run(Thread.java:748)
</failure>
  </testcase>
  <testcase name="test050" classname="org.mozilla.javascript.ScriptRuntime_ESTest" time="0.035"/>
  <testcase name="test048" classname="org.mozilla.javascript.ScriptRuntime_ESTest" time="0.072"/>
  <testcase name="test049" classname="org.mozilla.javascript.ScriptRuntime_ESTest" time="0.037">
    <failure message="org.evosuite.runtime.mock.java.lang.MockRuntimeException: No Context associated with current Thread" type="org.evosuite.runtime.mock.java.lang.MockRuntimeException">org.evosuite.runtime.mock.java.lang.MockRuntimeException: No Context associated with current Thread
	at org.mozilla.javascript.Context.getContext(Context.java:2481)
	at org.mozilla.javascript.ScriptRuntime_ESTest.test049(ScriptRuntime_ESTest.java:680)
	at sun.reflect.NativeMethodAccessorImpl.invoke0(Native Method)
	at sun.reflect.NativeMethodAccessorImpl.invoke(NativeMethodAccessorImpl.java:62)
	at sun.reflect.DelegatingMethodAccessorImpl.invoke(DelegatingMethodAccessorImpl.java:43)
	at java.lang.reflect.Method.invoke(Method.java:498)
	at org.junit.runners.model.FrameworkMethod$1.runReflectiveCall(FrameworkMethod.java:50)
	at org.junit.internal.runners.model.ReflectiveCallable.run(ReflectiveCallable.java:12)
	at org.junit.runners.model.FrameworkMethod.invokeExplosively(FrameworkMethod.java:47)
	at org.junit.internal.runners.statements.InvokeMethod.evaluate(InvokeMethod.java:17)
	at org.junit.internal.runners.statements.FailOnTimeout$CallableStatement.call(FailOnTimeout.java:298)
	at org.junit.internal.runners.statements.FailOnTimeout$CallableStatement.call(FailOnTimeout.java:292)
	at java.util.concurrent.FutureTask.run(FutureTask.java:266)
	at java.lang.Thread.run(Thread.java:748)
</failure>
  </testcase>
  <testcase name="test046" classname="org.mozilla.javascript.ScriptRuntime_ESTest" time="0.065"/>
  <testcase name="test047" classname="org.mozilla.javascript.ScriptRuntime_ESTest" time="0.057"/>
  <testcase name="test044" classname="org.mozilla.javascript.ScriptRuntime_ESTest" time="0.054"/>
  <testcase name="test045" classname="org.mozilla.javascript.ScriptRuntime_ESTest" time="0.041">
    <failure message="java.lang.NullPointerException" type="java.lang.NullPointerException">java.lang.NullPointerException
	at org.mozilla.javascript.ScriptRuntime.getTopCallScope(ScriptRuntime.java:3476)
	at org.mozilla.javascript.ScriptRuntime.specialRef(ScriptRuntime.java:1857)
	at org.mozilla.javascript.ScriptRuntime_ESTest.test045(ScriptRuntime_ESTest.java:637)
	at sun.reflect.NativeMethodAccessorImpl.invoke0(Native Method)
	at sun.reflect.NativeMethodAccessorImpl.invoke(NativeMethodAccessorImpl.java:62)
	at sun.reflect.DelegatingMethodAccessorImpl.invoke(DelegatingMethodAccessorImpl.java:43)
	at java.lang.reflect.Method.invoke(Method.java:498)
	at org.junit.runners.model.FrameworkMethod$1.runReflectiveCall(FrameworkMethod.java:50)
	at org.junit.internal.runners.model.ReflectiveCallable.run(ReflectiveCallable.java:12)
	at org.junit.runners.model.FrameworkMethod.invokeExplosively(FrameworkMethod.java:47)
	at org.junit.internal.runners.statements.InvokeMethod.evaluate(InvokeMethod.java:17)
	at org.junit.internal.runners.statements.FailOnTimeout$CallableStatement.call(FailOnTimeout.java:298)
	at org.junit.internal.runners.statements.FailOnTimeout$CallableStatement.call(FailOnTimeout.java:292)
	at java.util.concurrent.FutureTask.run(FutureTask.java:266)
	at java.lang.Thread.run(Thread.java:748)
</failure>
  </testcase>
  <testcase name="test042" classname="org.mozilla.javascript.ScriptRuntime_ESTest" time="0.054"/>
  <testcase name="test043" classname="org.mozilla.javascript.ScriptRuntime_ESTest" time="0.046">
    <failure message="org.evosuite.runtime.mock.java.lang.MockRuntimeException: No Context associated with current Thread" type="org.evosuite.runtime.mock.java.lang.MockRuntimeException">org.evosuite.runtime.mock.java.lang.MockRuntimeException: No Context associated with current Thread
	at org.mozilla.javascript.Context.getContext(Context.java:2481)
	at org.mozilla.javascript.ScriptRuntime_ESTest.test043(ScriptRuntime_ESTest.java:608)
	at sun.reflect.NativeMethodAccessorImpl.invoke0(Native Method)
	at sun.reflect.NativeMethodAccessorImpl.invoke(NativeMethodAccessorImpl.java:62)
	at sun.reflect.DelegatingMethodAccessorImpl.invoke(DelegatingMethodAccessorImpl.java:43)
	at java.lang.reflect.Method.invoke(Method.java:498)
	at org.junit.runners.model.FrameworkMethod$1.runReflectiveCall(FrameworkMethod.java:50)
	at org.junit.internal.runners.model.ReflectiveCallable.run(ReflectiveCallable.java:12)
	at org.junit.runners.model.FrameworkMethod.invokeExplosively(FrameworkMethod.java:47)
	at org.junit.internal.runners.statements.InvokeMethod.evaluate(InvokeMethod.java:17)
	at org.junit.internal.runners.statements.FailOnTimeout$CallableStatement.call(FailOnTimeout.java:298)
	at org.junit.internal.runners.statements.FailOnTimeout$CallableStatement.call(FailOnTimeout.java:292)
	at java.util.concurrent.FutureTask.run(FutureTask.java:266)
	at java.lang.Thread.run(Thread.java:748)
</failure>
  </testcase>
  <testcase name="test040" classname="org.mozilla.javascript.ScriptRuntime_ESTest" time="0.074">
    <failure message="java.lang.NullPointerException" type="java.lang.NullPointerException">java.lang.NullPointerException
	at org.mozilla.javascript.ScriptRuntime_ESTest.test040(ScriptRuntime_ESTest.java:567)
	at sun.reflect.NativeMethodAccessorImpl.invoke0(Native Method)
	at sun.reflect.NativeMethodAccessorImpl.invoke(NativeMethodAccessorImpl.java:62)
	at sun.reflect.DelegatingMethodAccessorImpl.invoke(DelegatingMethodAccessorImpl.java:43)
	at java.lang.reflect.Method.invoke(Method.java:498)
	at org.junit.runners.model.FrameworkMethod$1.runReflectiveCall(FrameworkMethod.java:50)
	at org.junit.internal.runners.model.ReflectiveCallable.run(ReflectiveCallable.java:12)
	at org.junit.runners.model.FrameworkMethod.invokeExplosively(FrameworkMethod.java:47)
	at org.junit.internal.runners.statements.InvokeMethod.evaluate(InvokeMethod.java:17)
	at org.junit.internal.runners.statements.FailOnTimeout$CallableStatement.call(FailOnTimeout.java:298)
	at org.junit.internal.runners.statements.FailOnTimeout$CallableStatement.call(FailOnTimeout.java:292)
	at java.util.concurrent.FutureTask.run(FutureTask.java:266)
	at java.lang.Thread.run(Thread.java:748)
</failure>
  </testcase>
  <testcase name="test161" classname="org.mozilla.javascript.ScriptRuntime_ESTest" time="0.023"/>
  <testcase name="test041" classname="org.mozilla.javascript.ScriptRuntime_ESTest" time="0.056"/>
  <testcase name="test160" classname="org.mozilla.javascript.ScriptRuntime_ESTest" time="0.059"/>
  <testcase name="test039" classname="org.mozilla.javascript.ScriptRuntime_ESTest" time="0.031"/>
  <testcase name="test037" classname="org.mozilla.javascript.ScriptRuntime_ESTest" time="0.037"/>
  <testcase name="test158" classname="org.mozilla.javascript.ScriptRuntime_ESTest" time="0.033"/>
  <testcase name="test038" classname="org.mozilla.javascript.ScriptRuntime_ESTest" time="0.02"/>
  <testcase name="test159" classname="org.mozilla.javascript.ScriptRuntime_ESTest" time="0.021"/>
  <testcase name="test035" classname="org.mozilla.javascript.ScriptRuntime_ESTest" time="0.038">
    <failure message="java.lang.AssertionError: Exception was not thrown in org.mozilla.javascript.DefaultErrorReporter but in org.mozilla.javascript.Context.reportRuntimeError(Context.java:1001): org.evosuite.runtime.mock.java.lang.MockThrowable: Constructor for &quot;&quot; not found." type="java.lang.AssertionError">java.lang.AssertionError: Exception was not thrown in org.mozilla.javascript.DefaultErrorReporter but in org.mozilla.javascript.Context.reportRuntimeError(Context.java:1001): org.evosuite.runtime.mock.java.lang.MockThrowable: Constructor for &quot;&quot; not found.
	at org.evosuite.runtime.EvoAssertions.assertThrownBy(EvoAssertions.java:112)
	at org.evosuite.runtime.EvoAssertions.verifyException(EvoAssertions.java:49)
	at org.mozilla.javascript.ScriptRuntime_ESTest.test035(ScriptRuntime_ESTest.java:513)
	at sun.reflect.NativeMethodAccessorImpl.invoke0(Native Method)
	at sun.reflect.NativeMethodAccessorImpl.invoke(NativeMethodAccessorImpl.java:62)
	at sun.reflect.DelegatingMethodAccessorImpl.invoke(DelegatingMethodAccessorImpl.java:43)
	at java.lang.reflect.Method.invoke(Method.java:498)
	at org.junit.runners.model.FrameworkMethod$1.runReflectiveCall(FrameworkMethod.java:50)
	at org.junit.internal.runners.model.ReflectiveCallable.run(ReflectiveCallable.java:12)
	at org.junit.runners.model.FrameworkMethod.invokeExplosively(FrameworkMethod.java:47)
	at org.junit.internal.runners.statements.InvokeMethod.evaluate(InvokeMethod.java:17)
	at org.junit.internal.runners.statements.FailOnTimeout$CallableStatement.call(FailOnTimeout.java:298)
	at org.junit.internal.runners.statements.FailOnTimeout$CallableStatement.call(FailOnTimeout.java:292)
	at java.util.concurrent.FutureTask.run(FutureTask.java:266)
	at java.lang.Thread.run(Thread.java:748)
</failure>
  </testcase>
  <testcase name="test156" classname="org.mozilla.javascript.ScriptRuntime_ESTest" time="0.051"/>
  <testcase name="test036" classname="org.mozilla.javascript.ScriptRuntime_ESTest" time="0.02"/>
  <testcase name="test157" classname="org.mozilla.javascript.ScriptRuntime_ESTest" time="0.028"/>
  <testcase name="test033" classname="org.mozilla.javascript.ScriptRuntime_ESTest" time="0.022"/>
  <testcase name="test154" classname="org.mozilla.javascript.ScriptRuntime_ESTest" time="0.028"/>
  <testcase name="test034" classname="org.mozilla.javascript.ScriptRuntime_ESTest" time="0.034">
    <failure message="org.evosuite.runtime.mock.java.lang.MockRuntimeException: No Context associated with current Thread" type="org.evosuite.runtime.mock.java.lang.MockRuntimeException">org.evosuite.runtime.mock.java.lang.MockRuntimeException: No Context associated with current Thread
	at org.mozilla.javascript.Context.getContext(Context.java:2481)
	at org.mozilla.javascript.ScriptRuntime_ESTest.test034(ScriptRuntime_ESTest.java:485)
	at sun.reflect.NativeMethodAccessorImpl.invoke0(Native Method)
	at sun.reflect.NativeMethodAccessorImpl.invoke(NativeMethodAccessorImpl.java:62)
	at sun.reflect.DelegatingMethodAccessorImpl.invoke(DelegatingMethodAccessorImpl.java:43)
	at java.lang.reflect.Method.invoke(Method.java:498)
	at org.junit.runners.model.FrameworkMethod$1.runReflectiveCall(FrameworkMethod.java:50)
	at org.junit.internal.runners.model.ReflectiveCallable.run(ReflectiveCallable.java:12)
	at org.junit.runners.model.FrameworkMethod.invokeExplosively(FrameworkMethod.java:47)
	at org.junit.internal.runners.statements.InvokeMethod.evaluate(InvokeMethod.java:17)
	at org.junit.internal.runners.statements.FailOnTimeout$CallableStatement.call(FailOnTimeout.java:298)
	at org.junit.internal.runners.statements.FailOnTimeout$CallableStatement.call(FailOnTimeout.java:292)
	at java.util.concurrent.FutureTask.run(FutureTask.java:266)
	at java.lang.Thread.run(Thread.java:748)
</failure>
  </testcase>
  <testcase name="test155" classname="org.mozilla.javascript.ScriptRuntime_ESTest" time="0.122"/>
  <testcase name="test031" classname="org.mozilla.javascript.ScriptRuntime_ESTest" time="0.036">
    <failure message="java.lang.NullPointerException" type="java.lang.NullPointerException">java.lang.NullPointerException
	at org.mozilla.javascript.ImporterTopLevel.initStandardObjects(ImporterTopLevel.java:73)
	at org.mozilla.javascript.ImporterTopLevel.&lt;init&gt;(ImporterTopLevel.java:54)
	at org.mozilla.javascript.ImporterTopLevel.&lt;init&gt;(ImporterTopLevel.java:49)
	at org.mozilla.javascript.ScriptRuntime_ESTest.test031(ScriptRuntime_ESTest.java:454)
	at sun.reflect.NativeMethodAccessorImpl.invoke0(Native Method)
	at sun.reflect.NativeMethodAccessorImpl.invoke(NativeMethodAccessorImpl.java:62)
	at sun.reflect.DelegatingMethodAccessorImpl.invoke(DelegatingMethodAccessorImpl.java:43)
	at java.lang.reflect.Method.invoke(Method.java:498)
	at org.junit.runners.model.FrameworkMethod$1.runReflectiveCall(FrameworkMethod.java:50)
	at org.junit.internal.runners.model.ReflectiveCallable.run(ReflectiveCallable.java:12)
	at org.junit.runners.model.FrameworkMethod.invokeExplosively(FrameworkMethod.java:47)
	at org.junit.internal.runners.statements.InvokeMethod.evaluate(InvokeMethod.java:17)
	at org.junit.internal.runners.statements.FailOnTimeout$CallableStatement.call(FailOnTimeout.java:298)
	at org.junit.internal.runners.statements.FailOnTimeout$CallableStatement.call(FailOnTimeout.java:292)
	at java.util.concurrent.FutureTask.run(FutureTask.java:266)
	at java.lang.Thread.run(Thread.java:748)
</failure>
  </testcase>
  <testcase name="test152" classname="org.mozilla.javascript.ScriptRuntime_ESTest" time="0.029"/>
  <testcase name="test032" classname="org.mozilla.javascript.ScriptRuntime_ESTest" time="0.026"/>
  <testcase name="test153" classname="org.mozilla.javascript.ScriptRuntime_ESTest" time="0.025"/>
  <testcase name="test150" classname="org.mozilla.javascript.ScriptRuntime_ESTest" time="0.041"/>
  <testcase name="test030" classname="org.mozilla.javascript.ScriptRuntime_ESTest" time="0.049"/>
  <testcase name="test151" classname="org.mozilla.javascript.ScriptRuntime_ESTest" time="0.038"/>
  <testcase name="test028" classname="org.mozilla.javascript.ScriptRuntime_ESTest" time="0.041"/>
  <testcase name="test149" classname="org.mozilla.javascript.ScriptRuntime_ESTest" time="0.029"/>
  <testcase name="test029" classname="org.mozilla.javascript.ScriptRuntime_ESTest" time="0.026"/>
  <testcase name="test026" classname="org.mozilla.javascript.ScriptRuntime_ESTest" time="0.009"/>
  <testcase name="test147" classname="org.mozilla.javascript.ScriptRuntime_ESTest" time="0.05"/>
  <testcase name="test027" classname="org.mozilla.javascript.ScriptRuntime_ESTest" time="0.025"/>
  <testcase name="test148" classname="org.mozilla.javascript.ScriptRuntime_ESTest" time="0.06"/>
  <testcase name="test024" classname="org.mozilla.javascript.ScriptRuntime_ESTest" time="0.025"/>
  <testcase name="test145" classname="org.mozilla.javascript.ScriptRuntime_ESTest" time="0.04"/>
  <testcase name="test025" classname="org.mozilla.javascript.ScriptRuntime_ESTest" time="0.035"/>
  <testcase name="test146" classname="org.mozilla.javascript.ScriptRuntime_ESTest" time="0.038"/>
  <testcase name="test022" classname="org.mozilla.javascript.ScriptRuntime_ESTest" time="0.048">
    <failure message="java.lang.AssertionError: Exception was not thrown in org.mozilla.javascript.ScriptableObject but in org.mozilla.javascript.ScriptRuntime.typeErrorThrower(ScriptRuntime.java:52): java.lang.NullPointerException" type="java.lang.AssertionError">java.lang.AssertionError: Exception was not thrown in org.mozilla.javascript.ScriptableObject but in org.mozilla.javascript.ScriptRuntime.typeErrorThrower(ScriptRuntime.java:52): java.lang.NullPointerException
	at org.evosuite.runtime.EvoAssertions.assertThrownBy(EvoAssertions.java:112)
	at org.evosuite.runtime.EvoAssertions.verifyException(EvoAssertions.java:49)
	at org.mozilla.javascript.ScriptRuntime_ESTest.test022(ScriptRuntime_ESTest.java:375)
	at sun.reflect.NativeMethodAccessorImpl.invoke0(Native Method)
	at sun.reflect.NativeMethodAccessorImpl.invoke(NativeMethodAccessorImpl.java:62)
	at sun.reflect.DelegatingMethodAccessorImpl.invoke(DelegatingMethodAccessorImpl.java:43)
	at java.lang.reflect.Method.invoke(Method.java:498)
	at org.junit.runners.model.FrameworkMethod$1.runReflectiveCall(FrameworkMethod.java:50)
	at org.junit.internal.runners.model.ReflectiveCallable.run(ReflectiveCallable.java:12)
	at org.junit.runners.model.FrameworkMethod.invokeExplosively(FrameworkMethod.java:47)
	at org.junit.internal.runners.statements.InvokeMethod.evaluate(InvokeMethod.java:17)
	at org.junit.internal.runners.statements.FailOnTimeout$CallableStatement.call(FailOnTimeout.java:298)
	at org.junit.internal.runners.statements.FailOnTimeout$CallableStatement.call(FailOnTimeout.java:292)
	at java.util.concurrent.FutureTask.run(FutureTask.java:266)
	at java.lang.Thread.run(Thread.java:748)
</failure>
  </testcase>
  <testcase name="test143" classname="org.mozilla.javascript.ScriptRuntime_ESTest" time="0.033"/>
  <testcase name="test023" classname="org.mozilla.javascript.ScriptRuntime_ESTest" time="0.034">
    <failure message="java.lang.AssertionError: Expecting exception: NullPointerException" type="java.lang.AssertionError">java.lang.AssertionError: Expecting exception: NullPointerException
	at org.junit.Assert.fail(Assert.java:88)
	at org.mozilla.javascript.ScriptRuntime_ESTest.test023(ScriptRuntime_ESTest.java:385)
	at sun.reflect.NativeMethodAccessorImpl.invoke0(Native Method)
	at sun.reflect.NativeMethodAccessorImpl.invoke(NativeMethodAccessorImpl.java:62)
	at sun.reflect.DelegatingMethodAccessorImpl.invoke(DelegatingMethodAccessorImpl.java:43)
	at java.lang.reflect.Method.invoke(Method.java:498)
	at org.junit.runners.model.FrameworkMethod$1.runReflectiveCall(FrameworkMethod.java:50)
	at org.junit.internal.runners.model.ReflectiveCallable.run(ReflectiveCallable.java:12)
	at org.junit.runners.model.FrameworkMethod.invokeExplosively(FrameworkMethod.java:47)
	at org.junit.internal.runners.statements.InvokeMethod.evaluate(InvokeMethod.java:17)
	at org.junit.internal.runners.statements.FailOnTimeout$CallableStatement.call(FailOnTimeout.java:298)
	at org.junit.internal.runners.statements.FailOnTimeout$CallableStatement.call(FailOnTimeout.java:292)
	at java.util.concurrent.FutureTask.run(FutureTask.java:266)
	at java.lang.Thread.run(Thread.java:748)
</failure>
  </testcase>
  <testcase name="test144" classname="org.mozilla.javascript.ScriptRuntime_ESTest" time="0.081"/>
  <testcase name="test020" classname="org.mozilla.javascript.ScriptRuntime_ESTest" time="0.036">
    <failure message="org.evosuite.runtime.mock.java.lang.MockRuntimeException: No Context associated with current Thread" type="org.evosuite.runtime.mock.java.lang.MockRuntimeException">org.evosuite.runtime.mock.java.lang.MockRuntimeException: No Context associated with current Thread
	at org.mozilla.javascript.Context.getContext(Context.java:2481)
	at org.mozilla.javascript.ScriptRuntime.toObject(ScriptRuntime.java:1055)
	at org.mozilla.javascript.ScriptRuntime_ESTest.test020(ScriptRuntime_ESTest.java:343)
	at sun.reflect.NativeMethodAccessorImpl.invoke0(Native Method)
	at sun.reflect.NativeMethodAccessorImpl.invoke(NativeMethodAccessorImpl.java:62)
	at sun.reflect.DelegatingMethodAccessorImpl.invoke(DelegatingMethodAccessorImpl.java:43)
	at java.lang.reflect.Method.invoke(Method.java:498)
	at org.junit.runners.model.FrameworkMethod$1.runReflectiveCall(FrameworkMethod.java:50)
	at org.junit.internal.runners.model.ReflectiveCallable.run(ReflectiveCallable.java:12)
	at org.junit.runners.model.FrameworkMethod.invokeExplosively(FrameworkMethod.java:47)
	at org.junit.internal.runners.statements.InvokeMethod.evaluate(InvokeMethod.java:17)
	at org.junit.internal.runners.statements.FailOnTimeout$CallableStatement.call(FailOnTimeout.java:298)
	at org.junit.internal.runners.statements.FailOnTimeout$CallableStatement.call(FailOnTimeout.java:292)
	at java.util.concurrent.FutureTask.run(FutureTask.java:266)
	at java.lang.Thread.run(Thread.java:748)
</failure>
  </testcase>
  <testcase name="test141" classname="org.mozilla.javascript.ScriptRuntime_ESTest" time="0.021"/>
  <testcase name="test021" classname="org.mozilla.javascript.ScriptRuntime_ESTest" time="0.008">
    <failure message="org.evosuite.runtime.mock.java.lang.MockRuntimeException: No Context associated with current Thread" type="org.evosuite.runtime.mock.java.lang.MockRuntimeException">org.evosuite.runtime.mock.java.lang.MockRuntimeException: No Context associated with current Thread
	at org.mozilla.javascript.Context.getContext(Context.java:2481)
	at org.mozilla.javascript.ScriptRuntime_ESTest.test021(ScriptRuntime_ESTest.java:349)
	at sun.reflect.NativeMethodAccessorImpl.invoke0(Native Method)
	at sun.reflect.NativeMethodAccessorImpl.invoke(NativeMethodAccessorImpl.java:62)
	at sun.reflect.DelegatingMethodAccessorImpl.invoke(DelegatingMethodAccessorImpl.java:43)
	at java.lang.reflect.Method.invoke(Method.java:498)
	at org.junit.runners.model.FrameworkMethod$1.runReflectiveCall(FrameworkMethod.java:50)
	at org.junit.internal.runners.model.ReflectiveCallable.run(ReflectiveCallable.java:12)
	at org.junit.runners.model.FrameworkMethod.invokeExplosively(FrameworkMethod.java:47)
	at org.junit.internal.runners.statements.InvokeMethod.evaluate(InvokeMethod.java:17)
	at org.junit.internal.runners.statements.FailOnTimeout$CallableStatement.call(FailOnTimeout.java:298)
	at org.junit.internal.runners.statements.FailOnTimeout$CallableStatement.call(FailOnTimeout.java:292)
	at java.util.concurrent.FutureTask.run(FutureTask.java:266)
	at java.lang.Thread.run(Thread.java:748)
</failure>
  </testcase>
  <testcase name="test142" classname="org.mozilla.javascript.ScriptRuntime_ESTest" time="0.058"/>
  <testcase name="test140" classname="org.mozilla.javascript.ScriptRuntime_ESTest" time="0.029"/>
  <testcase name="test019" classname="org.mozilla.javascript.ScriptRuntime_ESTest" time="0.046"/>
  <testcase name="test017" classname="org.mozilla.javascript.ScriptRuntime_ESTest" time="0.033"/>
  <testcase name="test138" classname="org.mozilla.javascript.ScriptRuntime_ESTest" time="0.042"/>
  <testcase name="test018" classname="org.mozilla.javascript.ScriptRuntime_ESTest" time="0.04">
    <failure message="java.lang.AssertionError: Exception was not thrown in org.mozilla.javascript.ClassCache but in org.mozilla.javascript.Context.getContext(Context.java:2481): org.evosuite.runtime.mock.java.lang.MockThrowable: No Context associated with current Thread" type="java.lang.AssertionError">java.lang.AssertionError: Exception was not thrown in org.mozilla.javascript.ClassCache but in org.mozilla.javascript.Context.getContext(Context.java:2481): org.evosuite.runtime.mock.java.lang.MockThrowable: No Context associated with current Thread
	at org.evosuite.runtime.EvoAssertions.assertThrownBy(EvoAssertions.java:112)
	at org.evosuite.runtime.EvoAssertions.verifyException(EvoAssertions.java:49)
	at org.mozilla.javascript.ScriptRuntime_ESTest.test018(ScriptRuntime_ESTest.java:327)
	at sun.reflect.NativeMethodAccessorImpl.invoke0(Native Method)
	at sun.reflect.NativeMethodAccessorImpl.invoke(NativeMethodAccessorImpl.java:62)
	at sun.reflect.DelegatingMethodAccessorImpl.invoke(DelegatingMethodAccessorImpl.java:43)
	at java.lang.reflect.Method.invoke(Method.java:498)
	at org.junit.runners.model.FrameworkMethod$1.runReflectiveCall(FrameworkMethod.java:50)
	at org.junit.internal.runners.model.ReflectiveCallable.run(ReflectiveCallable.java:12)
	at org.junit.runners.model.FrameworkMethod.invokeExplosively(FrameworkMethod.java:47)
	at org.junit.internal.runners.statements.InvokeMethod.evaluate(InvokeMethod.java:17)
	at org.junit.internal.runners.statements.FailOnTimeout$CallableStatement.call(FailOnTimeout.java:298)
	at org.junit.internal.runners.statements.FailOnTimeout$CallableStatement.call(FailOnTimeout.java:292)
	at java.util.concurrent.FutureTask.run(FutureTask.java:266)
	at java.lang.Thread.run(Thread.java:748)
</failure>
  </testcase>
  <testcase name="test139" classname="org.mozilla.javascript.ScriptRuntime_ESTest" time="0.028"/>
  <testcase name="test015" classname="org.mozilla.javascript.ScriptRuntime_ESTest" time="0.039">
    <failure message="org.evosuite.runtime.mock.java.lang.MockRuntimeException: No Context associated with current Thread" type="org.evosuite.runtime.mock.java.lang.MockRuntimeException">org.evosuite.runtime.mock.java.lang.MockRuntimeException: No Context associated with current Thread
	at org.mozilla.javascript.Context.getContext(Context.java:2481)
	at org.mozilla.javascript.ScriptRuntime_ESTest.test015(ScriptRuntime_ESTest.java:291)
	at sun.reflect.NativeMethodAccessorImpl.invoke0(Native Method)
	at sun.reflect.NativeMethodAccessorImpl.invoke(NativeMethodAccessorImpl.java:62)
	at sun.reflect.DelegatingMethodAccessorImpl.invoke(DelegatingMethodAccessorImpl.java:43)
	at java.lang.reflect.Method.invoke(Method.java:498)
	at org.junit.runners.model.FrameworkMethod$1.runReflectiveCall(FrameworkMethod.java:50)
	at org.junit.internal.runners.model.ReflectiveCallable.run(ReflectiveCallable.java:12)
	at org.junit.runners.model.FrameworkMethod.invokeExplosively(FrameworkMethod.java:47)
	at org.junit.internal.runners.statements.InvokeMethod.evaluate(InvokeMethod.java:17)
	at org.junit.internal.runners.statements.FailOnTimeout$CallableStatement.call(FailOnTimeout.java:298)
	at org.junit.internal.runners.statements.FailOnTimeout$CallableStatement.call(FailOnTimeout.java:292)
	at java.util.concurrent.FutureTask.run(FutureTask.java:266)
	at java.lang.Thread.run(Thread.java:748)
</failure>
  </testcase>
  <testcase name="test136" classname="org.mozilla.javascript.ScriptRuntime_ESTest" time="0.015"/>
  <testcase name="test016" classname="org.mozilla.javascript.ScriptRuntime_ESTest" time="0.017"/>
  <testcase name="test137" classname="org.mozilla.javascript.ScriptRuntime_ESTest" time="0.028"/>
  <testcase name="test013" classname="org.mozilla.javascript.ScriptRuntime_ESTest" time="0.017"/>
  <testcase name="test134" classname="org.mozilla.javascript.ScriptRuntime_ESTest" time="0.034"/>
  <testcase name="test014" classname="org.mozilla.javascript.ScriptRuntime_ESTest" time="0.066">
    <failure message="org.evosuite.runtime.mock.java.lang.MockRuntimeException: No Context associated with current Thread" type="org.evosuite.runtime.mock.java.lang.MockRuntimeException">org.evosuite.runtime.mock.java.lang.MockRuntimeException: No Context associated with current Thread
	at org.mozilla.javascript.Context.getContext(Context.java:2481)
	at org.mozilla.javascript.ScriptRuntime_ESTest.test014(ScriptRuntime_ESTest.java:274)
	at sun.reflect.NativeMethodAccessorImpl.invoke0(Native Method)
	at sun.reflect.NativeMethodAccessorImpl.invoke(NativeMethodAccessorImpl.java:62)
	at sun.reflect.DelegatingMethodAccessorImpl.invoke(DelegatingMethodAccessorImpl.java:43)
	at java.lang.reflect.Method.invoke(Method.java:498)
	at org.junit.runners.model.FrameworkMethod$1.runReflectiveCall(FrameworkMethod.java:50)
	at org.junit.internal.runners.model.ReflectiveCallable.run(ReflectiveCallable.java:12)
	at org.junit.runners.model.FrameworkMethod.invokeExplosively(FrameworkMethod.java:47)
	at org.junit.internal.runners.statements.InvokeMethod.evaluate(InvokeMethod.java:17)
	at org.junit.internal.runners.statements.FailOnTimeout$CallableStatement.call(FailOnTimeout.java:298)
	at org.junit.internal.runners.statements.FailOnTimeout$CallableStatement.call(FailOnTimeout.java:292)
	at java.util.concurrent.FutureTask.run(FutureTask.java:266)
	at java.lang.Thread.run(Thread.java:748)
</failure>
  </testcase>
  <testcase name="test135" classname="org.mozilla.javascript.ScriptRuntime_ESTest" time="0.03"/>
  <system-out><![CDATA[]]></system-out>
  <system-err><![CDATA[Aug 07, 2018 5:08:55 PM org.evosuite.runtime.instrumentation.EvoClassLoader loadClass
INFO: Seeing class for first time: org.mozilla.javascript.ScriptRuntime_ESTest
Aug 07, 2018 5:08:55 PM org.evosuite.runtime.instrumentation.EvoClassLoader instrumentClass
INFO: Instrumenting class 'org.mozilla.javascript.ScriptRuntime_ESTest'.
Aug 07, 2018 5:08:55 PM org.evosuite.runtime.instrumentation.EvoClassLoader loadClass
INFO: Seeing class for first time: org.mozilla.javascript.ScriptRuntime_ESTest_scaffolding
Aug 07, 2018 5:08:55 PM org.evosuite.runtime.instrumentation.EvoClassLoader instrumentClass
INFO: Instrumenting class 'org.mozilla.javascript.ScriptRuntime_ESTest_scaffolding'.
Aug 07, 2018 5:08:55 PM org.evosuite.runtime.instrumentation.EvoClassLoader instrumentClass
INFO: Keeping class: org.mozilla.javascript.ScriptRuntime_ESTest_scaffolding
Aug 07, 2018 5:08:55 PM org.evosuite.runtime.instrumentation.EvoClassLoader instrumentClass
INFO: Keeping class: org.mozilla.javascript.ScriptRuntime_ESTest
Aug 07, 2018 5:08:55 PM org.evosuite.runtime.instrumentation.EvoClassLoader loadClass
INFO: Seeing class for first time: org.mozilla.javascript.Scriptable
Aug 07, 2018 5:08:55 PM org.evosuite.runtime.instrumentation.EvoClassLoader instrumentClass
INFO: Instrumenting class 'org.mozilla.javascript.Scriptable'.
Aug 07, 2018 5:08:56 PM org.evosuite.runtime.instrumentation.EvoClassLoader instrumentClass
INFO: Keeping class: org.mozilla.javascript.Scriptable
Aug 07, 2018 5:08:56 PM org.evosuite.runtime.instrumentation.EvoClassLoader loadClass
INFO: Seeing class for first time: org.mozilla.javascript.Symbol
Aug 07, 2018 5:08:56 PM org.evosuite.runtime.instrumentation.EvoClassLoader instrumentClass
INFO: Instrumenting class 'org.mozilla.javascript.Symbol'.
Aug 07, 2018 5:08:56 PM org.evosuite.runtime.instrumentation.EvoClassLoader instrumentClass
INFO: Keeping class: org.mozilla.javascript.Symbol
Aug 07, 2018 5:08:56 PM org.evosuite.runtime.instrumentation.EvoClassLoader loadClass
INFO: Seeing class for first time: org.mozilla.javascript.Callable
Aug 07, 2018 5:08:56 PM org.evosuite.runtime.instrumentation.EvoClassLoader instrumentClass
INFO: Instrumenting class 'org.mozilla.javascript.Callable'.
Aug 07, 2018 5:08:56 PM org.evosuite.runtime.instrumentation.EvoClassLoader instrumentClass
INFO: Keeping class: org.mozilla.javascript.Callable
Aug 07, 2018 5:08:56 PM org.evosuite.runtime.instrumentation.EvoClassLoader loadClass
INFO: Seeing class for first time: org.mozilla.javascript.EvaluatorException
Aug 07, 2018 5:08:56 PM org.evosuite.runtime.instrumentation.EvoClassLoader instrumentClass
INFO: Instrumenting class 'org.mozilla.javascript.EvaluatorException'.
Aug 07, 2018 5:08:56 PM org.evosuite.runtime.instrumentation.MethodCallReplacementClassAdapter visit
INFO: Adding mock interface to class org/mozilla/javascript/EvaluatorException
Aug 07, 2018 5:08:56 PM org.evosuite.runtime.instrumentation.CreateClassResetClassAdapter createEmptyStaticReset
INFO: Creating brand-new static initializer in class org/mozilla/javascript/EvaluatorException
Aug 07, 2018 5:08:56 PM org.evosuite.runtime.instrumentation.EvoClassLoader loadClass
INFO: Seeing class for first time: org.mozilla.javascript.RhinoException
Aug 07, 2018 5:08:56 PM org.evosuite.runtime.instrumentation.EvoClassLoader instrumentClass
INFO: Instrumenting class 'org.mozilla.javascript.RhinoException'.
Aug 07, 2018 5:08:57 PM org.evosuite.runtime.instrumentation.MethodCallReplacementClassAdapter visit
INFO: Adding mock interface to class org/mozilla/javascript/RhinoException
Aug 07, 2018 5:08:57 PM org.evosuite.runtime.instrumentation.CreateClassResetClassAdapter visitMethod
INFO: Found static initializer in class org/mozilla/javascript/RhinoException
Aug 07, 2018 5:08:57 PM org.evosuite.runtime.instrumentation.EvoClassLoader instrumentClass
INFO: Keeping class: org.mozilla.javascript.RhinoException
Aug 07, 2018 5:08:57 PM org.evosuite.runtime.instrumentation.EvoClassLoader instrumentClass
INFO: Keeping class: org.mozilla.javascript.EvaluatorException
Aug 07, 2018 5:08:57 PM org.evosuite.runtime.instrumentation.EvoClassLoader loadClass
INFO: Seeing class for first time: org.mozilla.javascript.NativeFunction
Aug 07, 2018 5:08:57 PM org.evosuite.runtime.instrumentation.EvoClassLoader instrumentClass
INFO: Instrumenting class 'org.mozilla.javascript.NativeFunction'.
Aug 07, 2018 5:08:57 PM org.evosuite.runtime.instrumentation.MethodCallReplacementClassAdapter visit
INFO: Adding mock interface to class org/mozilla/javascript/NativeFunction
Aug 07, 2018 5:08:57 PM org.evosuite.runtime.instrumentation.CreateClassResetClassAdapter createEmptyStaticReset
INFO: Creating brand-new static initializer in class org/mozilla/javascript/NativeFunction
Aug 07, 2018 5:08:57 PM org.evosuite.runtime.instrumentation.EvoClassLoader loadClass
INFO: Seeing class for first time: org.mozilla.javascript.BaseFunction
Aug 07, 2018 5:08:57 PM org.evosuite.runtime.instrumentation.EvoClassLoader instrumentClass
INFO: Instrumenting class 'org.mozilla.javascript.BaseFunction'.
Aug 07, 2018 5:08:57 PM org.evosuite.runtime.instrumentation.MethodCallReplacementClassAdapter visit
INFO: Adding mock interface to class org/mozilla/javascript/BaseFunction
Aug 07, 2018 5:08:57 PM org.evosuite.runtime.instrumentation.CreateClassResetClassAdapter visitMethod
INFO: Found static initializer in class org/mozilla/javascript/BaseFunction
Aug 07, 2018 5:08:57 PM org.evosuite.runtime.instrumentation.EvoClassLoader loadClass
INFO: Seeing class for first time: org.mozilla.javascript.Function
Aug 07, 2018 5:08:57 PM org.evosuite.runtime.instrumentation.EvoClassLoader instrumentClass
INFO: Instrumenting class 'org.mozilla.javascript.Function'.
Aug 07, 2018 5:08:57 PM org.evosuite.runtime.instrumentation.EvoClassLoader instrumentClass
INFO: Keeping class: org.mozilla.javascript.Function
Aug 07, 2018 5:08:57 PM org.evosuite.runtime.instrumentation.EvoClassLoader loadClass
INFO: Seeing class for first time: org.mozilla.javascript.IdScriptableObject
Aug 07, 2018 5:08:57 PM org.evosuite.runtime.instrumentation.EvoClassLoader instrumentClass
INFO: Instrumenting class 'org.mozilla.javascript.IdScriptableObject'.
Aug 07, 2018 5:08:57 PM org.evosuite.runtime.instrumentation.MethodCallReplacementClassAdapter visit
INFO: Adding mock interface to class org/mozilla/javascript/IdScriptableObject
Aug 07, 2018 5:08:57 PM org.evosuite.runtime.instrumentation.CreateClassResetClassAdapter createEmptyStaticReset
INFO: Creating brand-new static initializer in class org/mozilla/javascript/IdScriptableObject
Aug 07, 2018 5:08:57 PM org.evosuite.runtime.instrumentation.EvoClassLoader loadClass
INFO: Seeing class for first time: org.mozilla.javascript.IdFunctionCall
Aug 07, 2018 5:08:57 PM org.evosuite.runtime.instrumentation.EvoClassLoader instrumentClass
INFO: Instrumenting class 'org.mozilla.javascript.IdFunctionCall'.
Aug 07, 2018 5:08:57 PM org.evosuite.runtime.instrumentation.EvoClassLoader instrumentClass
INFO: Keeping class: org.mozilla.javascript.IdFunctionCall
Aug 07, 2018 5:08:57 PM org.evosuite.runtime.instrumentation.EvoClassLoader loadClass
INFO: Seeing class for first time: org.mozilla.javascript.ScriptableObject
Aug 07, 2018 5:08:57 PM org.evosuite.runtime.instrumentation.EvoClassLoader instrumentClass
INFO: Instrumenting class 'org.mozilla.javascript.ScriptableObject'.
Aug 07, 2018 5:08:57 PM org.evosuite.runtime.instrumentation.MethodCallReplacementClassAdapter visit
INFO: Adding mock interface to class org/mozilla/javascript/ScriptableObject
Aug 07, 2018 5:08:57 PM org.evosuite.runtime.instrumentation.CreateClassResetClassAdapter visitMethod
INFO: Found static initializer in class org/mozilla/javascript/ScriptableObject
Aug 07, 2018 5:08:57 PM org.evosuite.runtime.instrumentation.EvoClassLoader loadClass
INFO: Seeing class for first time: org.mozilla.javascript.SymbolScriptable
Aug 07, 2018 5:08:57 PM org.evosuite.runtime.instrumentation.EvoClassLoader instrumentClass
INFO: Instrumenting class 'org.mozilla.javascript.SymbolScriptable'.
Aug 07, 2018 5:08:57 PM org.evosuite.runtime.instrumentation.EvoClassLoader instrumentClass
INFO: Keeping class: org.mozilla.javascript.SymbolScriptable
Aug 07, 2018 5:08:57 PM org.evosuite.runtime.instrumentation.EvoClassLoader loadClass
INFO: Seeing class for first time: org.mozilla.javascript.debug.DebuggableObject
Aug 07, 2018 5:08:57 PM org.evosuite.runtime.instrumentation.EvoClassLoader instrumentClass
INFO: Instrumenting class 'org.mozilla.javascript.debug.DebuggableObject'.
Aug 07, 2018 5:08:57 PM org.evosuite.runtime.instrumentation.EvoClassLoader createPackageDefinition
INFO: Defined package (3): package org.mozilla.javascript.debug, -203100262
Aug 07, 2018 5:08:57 PM org.evosuite.runtime.instrumentation.EvoClassLoader instrumentClass
INFO: Keeping class: org.mozilla.javascript.debug.DebuggableObject
Aug 07, 2018 5:08:57 PM org.evosuite.runtime.instrumentation.EvoClassLoader loadClass
INFO: Seeing class for first time: org.mozilla.javascript.ConstProperties
Aug 07, 2018 5:08:57 PM org.evosuite.runtime.instrumentation.EvoClassLoader instrumentClass
INFO: Instrumenting class 'org.mozilla.javascript.ConstProperties'.
Aug 07, 2018 5:08:57 PM org.evosuite.runtime.instrumentation.EvoClassLoader instrumentClass
INFO: Keeping class: org.mozilla.javascript.ConstProperties
Aug 07, 2018 5:08:57 PM org.evosuite.runtime.instrumentation.EvoClassLoader instrumentClass
INFO: Keeping class: org.mozilla.javascript.ScriptableObject
Aug 07, 2018 5:08:57 PM org.evosuite.runtime.instrumentation.EvoClassLoader instrumentClass
INFO: Keeping class: org.mozilla.javascript.IdScriptableObject
Aug 07, 2018 5:08:57 PM org.evosuite.runtime.instrumentation.EvoClassLoader instrumentClass
INFO: Keeping class: org.mozilla.javascript.BaseFunction
Aug 07, 2018 5:08:57 PM org.evosuite.runtime.instrumentation.EvoClassLoader instrumentClass
INFO: Keeping class: org.mozilla.javascript.NativeFunction
Aug 07, 2018 5:08:57 PM org.evosuite.runtime.instrumentation.EvoClassLoader loadClass
INFO: Seeing class for first time: org.mozilla.javascript.InterpretedFunction
Aug 07, 2018 5:08:57 PM org.evosuite.runtime.instrumentation.EvoClassLoader instrumentClass
INFO: Instrumenting class 'org.mozilla.javascript.InterpretedFunction'.
Aug 07, 2018 5:08:57 PM org.evosuite.runtime.instrumentation.MethodCallReplacementClassAdapter visit
INFO: Adding mock interface to class org/mozilla/javascript/InterpretedFunction
Aug 07, 2018 5:08:57 PM org.evosuite.runtime.instrumentation.CreateClassResetClassAdapter createEmptyStaticReset
INFO: Creating brand-new static initializer in class org/mozilla/javascript/InterpretedFunction
Aug 07, 2018 5:08:57 PM org.evosuite.runtime.instrumentation.EvoClassLoader loadClass
INFO: Seeing class for first time: org.mozilla.javascript.Script
Aug 07, 2018 5:08:57 PM org.evosuite.runtime.instrumentation.EvoClassLoader instrumentClass
INFO: Instrumenting class 'org.mozilla.javascript.Script'.
Aug 07, 2018 5:08:57 PM org.evosuite.runtime.instrumentation.EvoClassLoader instrumentClass
INFO: Keeping class: org.mozilla.javascript.Script
Aug 07, 2018 5:08:57 PM org.evosuite.runtime.instrumentation.EvoClassLoader instrumentClass
INFO: Keeping class: org.mozilla.javascript.InterpretedFunction
Aug 08, 2018 12:08:58 AM org.evosuite.runtime.instrumentation.EvoClassLoader loadClass
INFO: Seeing class for first time: org.mozilla.javascript.NativeBoolean
Aug 08, 2018 12:08:58 AM org.evosuite.runtime.instrumentation.EvoClassLoader instrumentClass
INFO: Instrumenting class 'org.mozilla.javascript.NativeBoolean'.
Aug 08, 2018 12:08:58 AM org.evosuite.runtime.instrumentation.MethodCallReplacementClassAdapter visit
INFO: Adding mock interface to class org/mozilla/javascript/NativeBoolean
Aug 08, 2018 12:08:58 AM org.evosuite.runtime.instrumentation.CreateClassResetClassAdapter visitMethod
INFO: Found static initializer in class org/mozilla/javascript/NativeBoolean
Aug 08, 2018 12:08:58 AM org.evosuite.runtime.instrumentation.EvoClassLoader instrumentClass
INFO: Keeping class: org.mozilla.javascript.NativeBoolean
Aug 08, 2018 12:08:58 AM org.evosuite.runtime.instrumentation.EvoClassLoader loadClass
INFO: Seeing class for first time: org.mozilla.javascript.EcmaError
Aug 08, 2018 12:08:58 AM org.evosuite.runtime.instrumentation.EvoClassLoader instrumentClass
INFO: Instrumenting class 'org.mozilla.javascript.EcmaError'.
Aug 08, 2018 12:08:58 AM org.evosuite.runtime.instrumentation.MethodCallReplacementClassAdapter visit
INFO: Adding mock interface to class org/mozilla/javascript/EcmaError
Aug 08, 2018 12:08:58 AM org.evosuite.runtime.instrumentation.CreateClassResetClassAdapter createEmptyStaticReset
INFO: Creating brand-new static initializer in class org/mozilla/javascript/EcmaError
Aug 08, 2018 12:08:58 AM org.evosuite.runtime.instrumentation.EvoClassLoader instrumentClass
INFO: Keeping class: org.mozilla.javascript.EcmaError
Aug 08, 2018 12:08:58 AM org.evosuite.runtime.instrumentation.EvoClassLoader loadClass
INFO: Seeing class for first time: org.mozilla.javascript.SlotMapContainer
Aug 08, 2018 12:08:58 AM org.evosuite.runtime.instrumentation.EvoClassLoader instrumentClass
INFO: Instrumenting class 'org.mozilla.javascript.SlotMapContainer'.
Aug 08, 2018 12:08:58 AM org.evosuite.runtime.instrumentation.MethodCallReplacementClassAdapter visit
INFO: Adding mock interface to class org/mozilla/javascript/SlotMapContainer
Aug 08, 2018 12:08:58 AM org.evosuite.runtime.instrumentation.CreateClassResetClassAdapter createEmptyStaticReset
INFO: Creating brand-new static initializer in class org/mozilla/javascript/SlotMapContainer
Aug 08, 2018 12:08:58 AM org.evosuite.runtime.instrumentation.CreateClassResetClassAdapter createEmptyStaticReset
INFO: Adding bytecode for initializing field LARGE_HASH_SIZE
Aug 08, 2018 12:08:58 AM org.evosuite.runtime.instrumentation.EvoClassLoader loadClass
INFO: Seeing class for first time: org.mozilla.javascript.SlotMap
Aug 08, 2018 12:08:58 AM org.evosuite.runtime.instrumentation.EvoClassLoader instrumentClass
INFO: Instrumenting class 'org.mozilla.javascript.SlotMap'.
Aug 08, 2018 12:08:58 AM org.evosuite.runtime.instrumentation.EvoClassLoader instrumentClass
INFO: Keeping class: org.mozilla.javascript.SlotMap
Aug 08, 2018 12:08:58 AM org.evosuite.runtime.instrumentation.EvoClassLoader instrumentClass
INFO: Keeping class: org.mozilla.javascript.SlotMapContainer
Aug 08, 2018 12:08:58 AM org.evosuite.runtime.instrumentation.EvoClassLoader loadClass
INFO: Seeing class for first time: org.mozilla.javascript.ThreadSafeSlotMapContainer
Aug 08, 2018 12:08:58 AM org.evosuite.runtime.instrumentation.EvoClassLoader instrumentClass
INFO: Instrumenting class 'org.mozilla.javascript.ThreadSafeSlotMapContainer'.
Aug 08, 2018 12:08:58 AM org.evosuite.runtime.instrumentation.MethodCallReplacementClassAdapter visit
INFO: Adding mock interface to class org/mozilla/javascript/ThreadSafeSlotMapContainer
Aug 08, 2018 12:08:58 AM org.evosuite.runtime.instrumentation.CreateClassResetClassAdapter visitMethod
INFO: Found static initializer in class org/mozilla/javascript/ThreadSafeSlotMapContainer
Aug 08, 2018 12:08:59 AM org.evosuite.runtime.instrumentation.EvoClassLoader instrumentClass
INFO: Keeping class: org.mozilla.javascript.ThreadSafeSlotMapContainer
Aug 08, 2018 12:08:59 AM org.evosuite.runtime.instrumentation.EvoClassLoader loadClass
INFO: Seeing class for first time: org.mozilla.javascript.NativeObject
Aug 08, 2018 12:08:59 AM org.evosuite.runtime.instrumentation.EvoClassLoader instrumentClass
INFO: Instrumenting class 'org.mozilla.javascript.NativeObject'.
Aug 08, 2018 12:08:59 AM org.evosuite.runtime.instrumentation.MethodCallReplacementClassAdapter visit
INFO: Adding mock interface to class org/mozilla/javascript/NativeObject
Aug 08, 2018 12:08:59 AM org.evosuite.runtime.instrumentation.CreateClassResetClassAdapter visitMethod
INFO: Found static initializer in class org/mozilla/javascript/NativeObject
Aug 08, 2018 12:08:59 AM org.evosuite.runtime.instrumentation.EvoClassLoader instrumentClass
INFO: Keeping class: org.mozilla.javascript.NativeObject
Aug 08, 2018 12:08:59 AM org.evosuite.runtime.instrumentation.EvoClassLoader loadClass
INFO: Seeing class for first time: org.mozilla.javascript.FunctionObject
Aug 08, 2018 12:08:59 AM org.evosuite.runtime.instrumentation.EvoClassLoader instrumentClass
INFO: Instrumenting class 'org.mozilla.javascript.FunctionObject'.
Aug 08, 2018 12:08:59 AM org.evosuite.runtime.instrumentation.MethodCallReplacementClassAdapter visit
INFO: Adding mock interface to class org/mozilla/javascript/FunctionObject
Aug 08, 2018 12:08:59 AM org.evosuite.runtime.instrumentation.CreateClassResetClassAdapter createEmptyStaticReset
INFO: Creating brand-new static initializer in class org/mozilla/javascript/FunctionObject
Aug 08, 2018 12:08:59 AM org.evosuite.runtime.instrumentation.CreateClassResetClassAdapter createEmptyStaticReset
INFO: Adding bytecode for initializing field VARARGS_METHOD
Aug 08, 2018 12:08:59 AM org.evosuite.runtime.instrumentation.CreateClassResetClassAdapter createEmptyStaticReset
INFO: Adding bytecode for initializing field VARARGS_CTOR
Aug 08, 2018 12:08:59 AM org.evosuite.runtime.instrumentation.CreateClassResetClassAdapter createEmptyStaticReset
INFO: Adding bytecode for initializing field sawSecurityException
Aug 08, 2018 12:08:59 AM org.evosuite.runtime.instrumentation.CreateClassResetClassAdapter createEmptyStaticReset
INFO: Adding bytecode for initializing field JAVA_UNSUPPORTED_TYPE
Aug 08, 2018 12:08:59 AM org.evosuite.runtime.instrumentation.CreateClassResetClassAdapter createEmptyStaticReset
INFO: Adding bytecode for initializing field JAVA_STRING_TYPE
Aug 08, 2018 12:08:59 AM org.evosuite.runtime.instrumentation.CreateClassResetClassAdapter createEmptyStaticReset
INFO: Adding bytecode for initializing field JAVA_INT_TYPE
Aug 08, 2018 12:08:59 AM org.evosuite.runtime.instrumentation.CreateClassResetClassAdapter createEmptyStaticReset
INFO: Adding bytecode for initializing field JAVA_BOOLEAN_TYPE
Aug 08, 2018 12:08:59 AM org.evosuite.runtime.instrumentation.CreateClassResetClassAdapter createEmptyStaticReset
INFO: Adding bytecode for initializing field JAVA_DOUBLE_TYPE
Aug 08, 2018 12:08:59 AM org.evosuite.runtime.instrumentation.CreateClassResetClassAdapter createEmptyStaticReset
INFO: Adding bytecode for initializing field JAVA_SCRIPTABLE_TYPE
Aug 08, 2018 12:08:59 AM org.evosuite.runtime.instrumentation.CreateClassResetClassAdapter createEmptyStaticReset
INFO: Adding bytecode for initializing field JAVA_OBJECT_TYPE
Aug 08, 2018 12:08:59 AM org.evosuite.runtime.instrumentation.EvoClassLoader instrumentClass
INFO: Keeping class: org.mozilla.javascript.FunctionObject
Aug 08, 2018 12:08:59 AM org.evosuite.runtime.instrumentation.EvoClassLoader loadClass
INFO: Seeing class for first time: org.mozilla.javascript.JavaScriptException
Aug 08, 2018 12:08:59 AM org.evosuite.runtime.instrumentation.EvoClassLoader instrumentClass
INFO: Instrumenting class 'org.mozilla.javascript.JavaScriptException'.
Aug 08, 2018 12:08:59 AM org.evosuite.runtime.instrumentation.MethodCallReplacementClassAdapter visit
INFO: Adding mock interface to class org/mozilla/javascript/JavaScriptException
Aug 08, 2018 12:08:59 AM org.evosuite.runtime.instrumentation.CreateClassResetClassAdapter createEmptyStaticReset
INFO: Creating brand-new static initializer in class org/mozilla/javascript/JavaScriptException
Aug 08, 2018 12:08:59 AM org.evosuite.runtime.instrumentation.EvoClassLoader instrumentClass
INFO: Keeping class: org.mozilla.javascript.JavaScriptException
Aug 08, 2018 12:08:59 AM org.evosuite.runtime.instrumentation.EvoClassLoader loadClass
INFO: Seeing class for first time: org.mozilla.javascript.IdFunctionObject
Aug 08, 2018 12:08:59 AM org.evosuite.runtime.instrumentation.EvoClassLoader instrumentClass
INFO: Instrumenting class 'org.mozilla.javascript.IdFunctionObject'.
Aug 08, 2018 12:08:59 AM org.evosuite.runtime.instrumentation.MethodCallReplacementClassAdapter visit
INFO: Adding mock interface to class org/mozilla/javascript/IdFunctionObject
Aug 08, 2018 12:08:59 AM org.evosuite.runtime.instrumentation.CreateClassResetClassAdapter createEmptyStaticReset
INFO: Creating brand-new static initializer in class org/mozilla/javascript/IdFunctionObject
Aug 08, 2018 12:08:59 AM org.evosuite.runtime.instrumentation.EvoClassLoader instrumentClass
INFO: Keeping class: org.mozilla.javascript.IdFunctionObject
Aug 08, 2018 12:08:59 AM org.evosuite.runtime.instrumentation.EvoClassLoader loadClass
INFO: Seeing class for first time: org.mozilla.javascript.IdFunctionObjectES6
Aug 08, 2018 12:08:59 AM org.evosuite.runtime.instrumentation.EvoClassLoader instrumentClass
INFO: Instrumenting class 'org.mozilla.javascript.IdFunctionObjectES6'.
Aug 08, 2018 12:08:59 AM org.evosuite.runtime.instrumentation.MethodCallReplacementClassAdapter visit
INFO: Adding mock interface to class org/mozilla/javascript/IdFunctionObjectES6
Aug 08, 2018 12:08:59 AM org.evosuite.runtime.instrumentation.CreateClassResetClassAdapter createEmptyStaticReset
INFO: Creating brand-new static initializer in class org/mozilla/javascript/IdFunctionObjectES6
Aug 08, 2018 12:08:59 AM org.evosuite.runtime.instrumentation.CreateClassResetClassAdapter createEmptyStaticReset
INFO: Adding bytecode for initializing field Id_length
Aug 08, 2018 12:08:59 AM org.evosuite.runtime.instrumentation.CreateClassResetClassAdapter createEmptyStaticReset
INFO: Adding bytecode for initializing field Id_name
Aug 08, 2018 12:08:59 AM org.evosuite.runtime.instrumentation.EvoClassLoader instrumentClass
INFO: Keeping class: org.mozilla.javascript.IdFunctionObjectES6
Aug 08, 2018 12:08:59 AM org.evosuite.runtime.instrumentation.EvoClassLoader loadClass
INFO: Seeing class for first time: org.mozilla.javascript.ExternalArrayData
Aug 08, 2018 12:08:59 AM org.evosuite.runtime.instrumentation.EvoClassLoader instrumentClass
INFO: Instrumenting class 'org.mozilla.javascript.ExternalArrayData'.
Aug 08, 2018 12:08:59 AM org.evosuite.runtime.instrumentation.EvoClassLoader instrumentClass
INFO: Keeping class: org.mozilla.javascript.ExternalArrayData
Aug 08, 2018 12:08:59 AM org.evosuite.runtime.instrumentation.EvoClassLoader loadClass
INFO: Seeing class for first time: org.mozilla.javascript.Context
Aug 08, 2018 12:08:59 AM org.evosuite.runtime.instrumentation.EvoClassLoader instrumentClass
INFO: Instrumenting class 'org.mozilla.javascript.Context'.
Aug 08, 2018 12:08:59 AM org.evosuite.runtime.instrumentation.MethodCallReplacementClassAdapter visit
INFO: Adding mock interface to class org/mozilla/javascript/Context
Aug 08, 2018 12:08:59 AM org.evosuite.runtime.instrumentation.CreateClassResetClassAdapter visitMethod
INFO: Found static initializer in class org/mozilla/javascript/Context
Aug 08, 2018 12:08:59 AM org.evosuite.runtime.instrumentation.EvoClassLoader instrumentClass
INFO: Keeping class: org.mozilla.javascript.Context
Aug 08, 2018 12:08:59 AM org.evosuite.runtime.instrumentation.EvoClassLoader loadClass
INFO: Seeing class for first time: org.mozilla.javascript.ScriptableObject$KeyComparator
Aug 08, 2018 12:08:59 AM org.evosuite.runtime.instrumentation.EvoClassLoader instrumentClass
INFO: Instrumenting class 'org.mozilla.javascript.ScriptableObject$KeyComparator'.
Aug 08, 2018 12:08:59 AM org.evosuite.runtime.instrumentation.MethodCallReplacementClassAdapter visit
INFO: Adding mock interface to class org/mozilla/javascript/ScriptableObject$KeyComparator
Aug 08, 2018 12:08:59 AM org.evosuite.runtime.instrumentation.CreateClassResetClassAdapter createEmptyStaticReset
INFO: Creating brand-new static initializer in class org/mozilla/javascript/ScriptableObject$KeyComparator
Aug 08, 2018 12:08:59 AM org.evosuite.runtime.instrumentation.EvoClassLoader instrumentClass
INFO: Keeping class: org.mozilla.javascript.ScriptableObject$KeyComparator
Aug 08, 2018 12:08:59 AM org.evosuite.runtime.instrumentation.EvoClassLoader loadClass
INFO: Seeing class for first time: org.mozilla.javascript.ast.ObjectLiteral
Aug 08, 2018 12:08:59 AM org.evosuite.runtime.instrumentation.EvoClassLoader instrumentClass
INFO: Instrumenting class 'org.mozilla.javascript.ast.ObjectLiteral'.
Aug 08, 2018 12:08:59 AM org.evosuite.runtime.instrumentation.MethodCallReplacementClassAdapter visit
INFO: Adding mock interface to class org/mozilla/javascript/ast/ObjectLiteral
Aug 08, 2018 12:08:59 AM org.evosuite.runtime.instrumentation.CreateClassResetClassAdapter visitMethod
INFO: Found static initializer in class org/mozilla/javascript/ast/ObjectLiteral
Aug 08, 2018 12:08:59 AM org.evosuite.runtime.instrumentation.EvoClassLoader createPackageDefinition
INFO: Defined package (3): package org.mozilla.javascript.ast, 473528713
Aug 08, 2018 12:08:59 AM org.evosuite.runtime.instrumentation.EvoClassLoader loadClass
INFO: Seeing class for first time: org.mozilla.javascript.ast.DestructuringForm
Aug 08, 2018 12:08:59 AM org.evosuite.runtime.instrumentation.EvoClassLoader instrumentClass
INFO: Instrumenting class 'org.mozilla.javascript.ast.DestructuringForm'.
Aug 08, 2018 12:08:59 AM org.evosuite.runtime.instrumentation.EvoClassLoader instrumentClass
INFO: Keeping class: org.mozilla.javascript.ast.DestructuringForm
Aug 08, 2018 12:08:59 AM org.evosuite.runtime.instrumentation.EvoClassLoader loadClass
INFO: Seeing class for first time: org.mozilla.javascript.ast.AstNode
Aug 08, 2018 12:08:59 AM org.evosuite.runtime.instrumentation.EvoClassLoader instrumentClass
INFO: Instrumenting class 'org.mozilla.javascript.ast.AstNode'.
Aug 08, 2018 12:08:59 AM org.evosuite.runtime.instrumentation.MethodCallReplacementClassAdapter visit
INFO: Adding mock interface to class org/mozilla/javascript/ast/AstNode
Aug 08, 2018 12:08:59 AM org.evosuite.runtime.instrumentation.CreateClassResetClassAdapter visitMethod
INFO: Found static initializer in class org/mozilla/javascript/ast/AstNode
Aug 08, 2018 12:08:59 AM org.evosuite.runtime.instrumentation.EvoClassLoader loadClass
INFO: Seeing class for first time: org.mozilla.javascript.Node
Aug 08, 2018 12:08:59 AM org.evosuite.runtime.instrumentation.EvoClassLoader instrumentClass
INFO: Instrumenting class 'org.mozilla.javascript.Node'.
Aug 08, 2018 12:08:59 AM org.evosuite.runtime.instrumentation.MethodCallReplacementClassAdapter visit
INFO: Adding mock interface to class org/mozilla/javascript/Node
Aug 08, 2018 12:08:59 AM org.evosuite.runtime.instrumentation.CreateClassResetClassAdapter visitMethod
INFO: Found static initializer in class org/mozilla/javascript/Node
Aug 08, 2018 12:08:59 AM org.evosuite.runtime.instrumentation.EvoClassLoader instrumentClass
INFO: Keeping class: org.mozilla.javascript.Node
Aug 08, 2018 12:08:59 AM org.evosuite.runtime.instrumentation.EvoClassLoader instrumentClass
INFO: Keeping class: org.mozilla.javascript.ast.AstNode
Aug 08, 2018 12:08:59 AM org.evosuite.runtime.instrumentation.EvoClassLoader instrumentClass
INFO: Keeping class: org.mozilla.javascript.ast.ObjectLiteral
Aug 08, 2018 12:08:59 AM org.evosuite.runtime.instrumentation.EvoClassLoader loadClass
INFO: Seeing class for first time: org.mozilla.javascript.ast.NumberLiteral
Aug 08, 2018 12:08:59 AM org.evosuite.runtime.instrumentation.EvoClassLoader instrumentClass
INFO: Instrumenting class 'org.mozilla.javascript.ast.NumberLiteral'.
Aug 08, 2018 12:08:59 AM org.evosuite.runtime.instrumentation.MethodCallReplacementClassAdapter visit
INFO: Adding mock interface to class org/mozilla/javascript/ast/NumberLiteral
Aug 08, 2018 12:08:59 AM org.evosuite.runtime.instrumentation.CreateClassResetClassAdapter createEmptyStaticReset
INFO: Creating brand-new static initializer in class org/mozilla/javascript/ast/NumberLiteral
Aug 08, 2018 12:08:59 AM org.evosuite.runtime.instrumentation.EvoClassLoader instrumentClass
INFO: Keeping class: org.mozilla.javascript.ast.NumberLiteral
Aug 08, 2018 12:08:59 AM org.evosuite.runtime.instrumentation.EvoClassLoader loadClass
INFO: Seeing class for first time: org.mozilla.javascript.ast.Jump
Aug 08, 2018 12:08:59 AM org.evosuite.runtime.instrumentation.EvoClassLoader instrumentClass
INFO: Instrumenting class 'org.mozilla.javascript.ast.Jump'.
Aug 08, 2018 12:08:59 AM org.evosuite.runtime.instrumentation.MethodCallReplacementClassAdapter visit
INFO: Adding mock interface to class org/mozilla/javascript/ast/Jump
Aug 08, 2018 12:08:59 AM org.evosuite.runtime.instrumentation.CreateClassResetClassAdapter createEmptyStaticReset
INFO: Creating brand-new static initializer in class org/mozilla/javascript/ast/Jump
Aug 08, 2018 12:08:59 AM org.evosuite.runtime.instrumentation.EvoClassLoader instrumentClass
INFO: Keeping class: org.mozilla.javascript.ast.Jump
Aug 08, 2018 12:08:59 AM org.evosuite.runtime.instrumentation.EvoClassLoader loadClass
INFO: Seeing class for first time: org.mozilla.javascript.ast.Name
Aug 08, 2018 12:08:59 AM org.evosuite.runtime.instrumentation.EvoClassLoader instrumentClass
INFO: Instrumenting class 'org.mozilla.javascript.ast.Name'.
Aug 08, 2018 12:08:59 AM org.evosuite.runtime.instrumentation.MethodCallReplacementClassAdapter visit
INFO: Adding mock interface to class org/mozilla/javascript/ast/Name
Aug 08, 2018 12:08:59 AM org.evosuite.runtime.instrumentation.CreateClassResetClassAdapter createEmptyStaticReset
INFO: Creating brand-new static initializer in class org/mozilla/javascript/ast/Name
Aug 08, 2018 12:08:59 AM org.evosuite.runtime.instrumentation.EvoClassLoader instrumentClass
INFO: Keeping class: org.mozilla.javascript.ast.Name
Aug 08, 2018 12:08:59 AM org.evosuite.runtime.instrumentation.EvoClassLoader loadClass
INFO: Seeing class for first time: org.mozilla.javascript.ast.NodeVisitor
Aug 08, 2018 12:08:59 AM org.evosuite.runtime.instrumentation.EvoClassLoader instrumentClass
INFO: Instrumenting class 'org.mozilla.javascript.ast.NodeVisitor'.
Aug 08, 2018 12:08:59 AM org.evosuite.runtime.instrumentation.EvoClassLoader instrumentClass
INFO: Keeping class: org.mozilla.javascript.ast.NodeVisitor
Aug 08, 2018 12:08:59 AM org.evosuite.runtime.instrumentation.EvoClassLoader loadClass
INFO: Seeing class for first time: org.mozilla.javascript.optimizer.BodyCodegen$FinallyReturnPoint
Aug 08, 2018 12:08:59 AM org.evosuite.runtime.instrumentation.EvoClassLoader instrumentClass
INFO: Instrumenting class 'org.mozilla.javascript.optimizer.BodyCodegen$FinallyReturnPoint'.
Aug 08, 2018 12:08:59 AM org.evosuite.runtime.instrumentation.MethodCallReplacementClassAdapter visit
INFO: Adding mock interface to class org/mozilla/javascript/optimizer/BodyCodegen$FinallyReturnPoint
Aug 08, 2018 12:08:59 AM org.evosuite.runtime.instrumentation.CreateClassResetClassAdapter createEmptyStaticReset
INFO: Creating brand-new static initializer in class org/mozilla/javascript/optimizer/BodyCodegen$FinallyReturnPoint
Aug 08, 2018 12:08:59 AM org.evosuite.runtime.instrumentation.EvoClassLoader createPackageDefinition
INFO: Defined package (3): package org.mozilla.javascript.optimizer, 204039932
Aug 08, 2018 12:08:59 AM org.evosuite.runtime.instrumentation.EvoClassLoader instrumentClass
INFO: Keeping class: org.mozilla.javascript.optimizer.BodyCodegen$FinallyReturnPoint
Aug 08, 2018 12:08:59 AM org.evosuite.runtime.instrumentation.EvoClassLoader loadClass
INFO: Seeing class for first time: org.mozilla.javascript.ast.Assignment
Aug 08, 2018 12:08:59 AM org.evosuite.runtime.instrumentation.EvoClassLoader instrumentClass
INFO: Instrumenting class 'org.mozilla.javascript.ast.Assignment'.
Aug 08, 2018 12:08:59 AM org.evosuite.runtime.instrumentation.MethodCallReplacementClassAdapter visit
INFO: Adding mock interface to class org/mozilla/javascript/ast/Assignment
Aug 08, 2018 12:08:59 AM org.evosuite.runtime.instrumentation.CreateClassResetClassAdapter createEmptyStaticReset
INFO: Creating brand-new static initializer in class org/mozilla/javascript/ast/Assignment
Aug 08, 2018 12:08:59 AM org.evosuite.runtime.instrumentation.EvoClassLoader loadClass
INFO: Seeing class for first time: org.mozilla.javascript.ast.InfixExpression
Aug 08, 2018 12:08:59 AM org.evosuite.runtime.instrumentation.EvoClassLoader instrumentClass
INFO: Instrumenting class 'org.mozilla.javascript.ast.InfixExpression'.
Aug 08, 2018 12:08:59 AM org.evosuite.runtime.instrumentation.MethodCallReplacementClassAdapter visit
INFO: Adding mock interface to class org/mozilla/javascript/ast/InfixExpression
Aug 08, 2018 12:08:59 AM org.evosuite.runtime.instrumentation.CreateClassResetClassAdapter createEmptyStaticReset
INFO: Creating brand-new static initializer in class org/mozilla/javascript/ast/InfixExpression
Aug 08, 2018 12:08:59 AM org.evosuite.runtime.instrumentation.EvoClassLoader instrumentClass
INFO: Keeping class: org.mozilla.javascript.ast.InfixExpression
Aug 08, 2018 12:08:59 AM org.evosuite.runtime.instrumentation.EvoClassLoader instrumentClass
INFO: Keeping class: org.mozilla.javascript.ast.Assignment
Aug 08, 2018 12:08:59 AM org.evosuite.runtime.instrumentation.EvoClassLoader loadClass
INFO: Seeing class for first time: org.mozilla.javascript.ast.ForLoop
Aug 08, 2018 12:08:59 AM org.evosuite.runtime.instrumentation.EvoClassLoader instrumentClass
INFO: Instrumenting class 'org.mozilla.javascript.ast.ForLoop'.
Aug 08, 2018 12:08:59 AM org.evosuite.runtime.instrumentation.MethodCallReplacementClassAdapter visit
INFO: Adding mock interface to class org/mozilla/javascript/ast/ForLoop
Aug 08, 2018 12:08:59 AM org.evosuite.runtime.instrumentation.CreateClassResetClassAdapter createEmptyStaticReset
INFO: Creating brand-new static initializer in class org/mozilla/javascript/ast/ForLoop
Aug 08, 2018 12:08:59 AM org.evosuite.runtime.instrumentation.EvoClassLoader loadClass
INFO: Seeing class for first time: org.mozilla.javascript.ast.Loop
Aug 08, 2018 12:08:59 AM org.evosuite.runtime.instrumentation.EvoClassLoader instrumentClass
INFO: Instrumenting class 'org.mozilla.javascript.ast.Loop'.
Aug 08, 2018 12:08:59 AM org.evosuite.runtime.instrumentation.MethodCallReplacementClassAdapter visit
INFO: Adding mock interface to class org/mozilla/javascript/ast/Loop
Aug 08, 2018 12:08:59 AM org.evosuite.runtime.instrumentation.CreateClassResetClassAdapter createEmptyStaticReset
INFO: Creating brand-new static initializer in class org/mozilla/javascript/ast/Loop
Aug 08, 2018 12:08:59 AM org.evosuite.runtime.instrumentation.EvoClassLoader loadClass
INFO: Seeing class for first time: org.mozilla.javascript.ast.Scope
Aug 08, 2018 12:08:59 AM org.evosuite.runtime.instrumentation.EvoClassLoader instrumentClass
INFO: Instrumenting class 'org.mozilla.javascript.ast.Scope'.
Aug 08, 2018 12:08:59 AM org.evosuite.runtime.instrumentation.MethodCallReplacementClassAdapter visit
INFO: Adding mock interface to class org/mozilla/javascript/ast/Scope
Aug 08, 2018 12:08:59 AM org.evosuite.runtime.instrumentation.CreateClassResetClassAdapter createEmptyStaticReset
INFO: Creating brand-new static initializer in class org/mozilla/javascript/ast/Scope
Aug 08, 2018 12:08:59 AM org.evosuite.runtime.instrumentation.EvoClassLoader instrumentClass
INFO: Keeping class: org.mozilla.javascript.ast.Scope
Aug 08, 2018 12:08:59 AM org.evosuite.runtime.instrumentation.EvoClassLoader instrumentClass
INFO: Keeping class: org.mozilla.javascript.ast.Loop
Aug 08, 2018 12:08:59 AM org.evosuite.runtime.instrumentation.EvoClassLoader instrumentClass
INFO: Keeping class: org.mozilla.javascript.ast.ForLoop
Aug 08, 2018 12:08:59 AM org.evosuite.runtime.instrumentation.EvoClassLoader loadClass
INFO: Seeing class for first time: org.mozilla.javascript.ast.ScriptNode
Aug 08, 2018 12:09:00 AM org.evosuite.runtime.instrumentation.EvoClassLoader instrumentClass
INFO: Instrumenting class 'org.mozilla.javascript.ast.ScriptNode'.
Aug 08, 2018 12:09:00 AM org.evosuite.runtime.instrumentation.MethodCallReplacementClassAdapter visit
INFO: Adding mock interface to class org/mozilla/javascript/ast/ScriptNode
Aug 08, 2018 12:09:00 AM org.evosuite.runtime.instrumentation.CreateClassResetClassAdapter createEmptyStaticReset
INFO: Creating brand-new static initializer in class org/mozilla/javascript/ast/ScriptNode
Aug 08, 2018 12:09:00 AM org.evosuite.runtime.instrumentation.EvoClassLoader instrumentClass
INFO: Keeping class: org.mozilla.javascript.ast.ScriptNode
Aug 08, 2018 12:09:00 AM org.evosuite.runtime.instrumentation.EvoClassLoader loadClass
INFO: Seeing class for first time: org.mozilla.javascript.typedarrays.NativeFloat32Array
Aug 08, 2018 12:09:00 AM org.evosuite.runtime.instrumentation.EvoClassLoader instrumentClass
INFO: Instrumenting class 'org.mozilla.javascript.typedarrays.NativeFloat32Array'.
Aug 08, 2018 12:09:00 AM org.evosuite.runtime.instrumentation.MethodCallReplacementClassAdapter visit
INFO: Adding mock interface to class org/mozilla/javascript/typedarrays/NativeFloat32Array
Aug 08, 2018 12:09:00 AM org.evosuite.runtime.instrumentation.CreateClassResetClassAdapter createEmptyStaticReset
INFO: Creating brand-new static initializer in class org/mozilla/javascript/typedarrays/NativeFloat32Array
Aug 08, 2018 12:09:00 AM org.evosuite.runtime.instrumentation.CreateClassResetClassAdapter createEmptyStaticReset
INFO: Adding bytecode for initializing field CLASS_NAME
Aug 08, 2018 12:09:00 AM org.evosuite.runtime.instrumentation.CreateClassResetClassAdapter createEmptyStaticReset
INFO: Adding bytecode for initializing field BYTES_PER_ELEMENT
Aug 08, 2018 12:09:00 AM org.evosuite.runtime.instrumentation.EvoClassLoader createPackageDefinition
INFO: Defined package (3): package org.mozilla.javascript.typedarrays, 1270333995
Aug 08, 2018 12:09:00 AM org.evosuite.runtime.instrumentation.EvoClassLoader loadClass
INFO: Seeing class for first time: org.mozilla.javascript.typedarrays.NativeTypedArrayView
Aug 08, 2018 12:09:00 AM org.evosuite.runtime.instrumentation.EvoClassLoader instrumentClass
INFO: Instrumenting class 'org.mozilla.javascript.typedarrays.NativeTypedArrayView'.
Aug 08, 2018 12:09:00 AM org.evosuite.runtime.instrumentation.MethodCallReplacementClassAdapter visit
INFO: Adding mock interface to class org/mozilla/javascript/typedarrays/NativeTypedArrayView
Aug 08, 2018 12:09:00 AM org.evosuite.runtime.instrumentation.CreateClassResetClassAdapter createEmptyStaticReset
INFO: Creating brand-new static initializer in class org/mozilla/javascript/typedarrays/NativeTypedArrayView
Aug 08, 2018 12:09:00 AM org.evosuite.runtime.instrumentation.CreateClassResetClassAdapter createEmptyStaticReset
INFO: Adding bytecode for initializing field Id_constructor
Aug 08, 2018 12:09:00 AM org.evosuite.runtime.instrumentation.CreateClassResetClassAdapter createEmptyStaticReset
INFO: Adding bytecode for initializing field Id_get
Aug 08, 2018 12:09:00 AM org.evosuite.runtime.instrumentation.CreateClassResetClassAdapter createEmptyStaticReset
INFO: Adding bytecode for initializing field Id_set
Aug 08, 2018 12:09:00 AM org.evosuite.runtime.instrumentation.CreateClassResetClassAdapter createEmptyStaticReset
INFO: Adding bytecode for initializing field Id_subarray
Aug 08, 2018 12:09:00 AM org.evosuite.runtime.instrumentation.CreateClassResetClassAdapter createEmptyStaticReset
INFO: Adding bytecode for initializing field SymbolId_iterator
Aug 08, 2018 12:09:00 AM org.evosuite.runtime.instrumentation.CreateClassResetClassAdapter createEmptyStaticReset
INFO: Adding bytecode for initializing field MAX_PROTOTYPE_ID
Aug 08, 2018 12:09:00 AM org.evosuite.runtime.instrumentation.CreateClassResetClassAdapter createEmptyStaticReset
INFO: Adding bytecode for initializing field Id_length
Aug 08, 2018 12:09:00 AM org.evosuite.runtime.instrumentation.CreateClassResetClassAdapter createEmptyStaticReset
INFO: Adding bytecode for initializing field Id_BYTES_PER_ELEMENT
Aug 08, 2018 12:09:00 AM org.evosuite.runtime.instrumentation.CreateClassResetClassAdapter createEmptyStaticReset
INFO: Adding bytecode for initializing field MAX_INSTANCE_ID
Aug 08, 2018 12:09:00 AM org.evosuite.runtime.instrumentation.EvoClassLoader loadClass
INFO: Seeing class for first time: org.mozilla.javascript.typedarrays.NativeArrayBufferView
Aug 08, 2018 12:09:00 AM org.evosuite.runtime.instrumentation.EvoClassLoader instrumentClass
INFO: Instrumenting class 'org.mozilla.javascript.typedarrays.NativeArrayBufferView'.
Aug 08, 2018 12:09:00 AM org.evosuite.runtime.instrumentation.MethodCallReplacementClassAdapter visit
INFO: Adding mock interface to class org/mozilla/javascript/typedarrays/NativeArrayBufferView
Aug 08, 2018 12:09:00 AM org.evosuite.runtime.instrumentation.CreateClassResetClassAdapter createEmptyStaticReset
INFO: Creating brand-new static initializer in class org/mozilla/javascript/typedarrays/NativeArrayBufferView
Aug 08, 2018 12:09:00 AM org.evosuite.runtime.instrumentation.CreateClassResetClassAdapter createEmptyStaticReset
INFO: Adding bytecode for initializing field Id_buffer
Aug 08, 2018 12:09:00 AM org.evosuite.runtime.instrumentation.CreateClassResetClassAdapter createEmptyStaticReset
INFO: Adding bytecode for initializing field Id_byteOffset
Aug 08, 2018 12:09:00 AM org.evosuite.runtime.instrumentation.CreateClassResetClassAdapter createEmptyStaticReset
INFO: Adding bytecode for initializing field Id_byteLength
Aug 08, 2018 12:09:00 AM org.evosuite.runtime.instrumentation.CreateClassResetClassAdapter createEmptyStaticReset
INFO: Adding bytecode for initializing field MAX_INSTANCE_ID
Aug 08, 2018 12:09:00 AM org.evosuite.runtime.instrumentation.EvoClassLoader instrumentClass
INFO: Keeping class: org.mozilla.javascript.typedarrays.NativeArrayBufferView
Aug 08, 2018 12:09:00 AM org.evosuite.runtime.instrumentation.EvoClassLoader instrumentClass
INFO: Keeping class: org.mozilla.javascript.typedarrays.NativeTypedArrayView
Aug 08, 2018 12:09:00 AM org.evosuite.runtime.instrumentation.EvoClassLoader instrumentClass
INFO: Keeping class: org.mozilla.javascript.typedarrays.NativeFloat32Array
Aug 08, 2018 12:09:00 AM org.evosuite.runtime.instrumentation.EvoClassLoader loadClass
INFO: Seeing class for first time: org.mozilla.javascript.DefaultErrorReporter
Aug 08, 2018 12:09:00 AM org.evosuite.runtime.instrumentation.EvoClassLoader instrumentClass
INFO: Instrumenting class 'org.mozilla.javascript.DefaultErrorReporter'.
Aug 08, 2018 12:09:00 AM org.evosuite.runtime.instrumentation.MethodCallReplacementClassAdapter visit
INFO: Adding mock interface to class org/mozilla/javascript/DefaultErrorReporter
Aug 08, 2018 12:09:00 AM org.evosuite.runtime.instrumentation.CreateClassResetClassAdapter visitMethod
INFO: Found static initializer in class org/mozilla/javascript/DefaultErrorReporter
Aug 08, 2018 12:09:00 AM org.evosuite.runtime.instrumentation.EvoClassLoader loadClass
INFO: Seeing class for first time: org.mozilla.javascript.ErrorReporter
Aug 08, 2018 12:09:00 AM org.evosuite.runtime.instrumentation.EvoClassLoader instrumentClass
INFO: Instrumenting class 'org.mozilla.javascript.ErrorReporter'.
Aug 08, 2018 12:09:00 AM org.evosuite.runtime.instrumentation.EvoClassLoader instrumentClass
INFO: Keeping class: org.mozilla.javascript.ErrorReporter
Aug 08, 2018 12:09:00 AM org.evosuite.runtime.instrumentation.EvoClassLoader instrumentClass
INFO: Keeping class: org.mozilla.javascript.DefaultErrorReporter
Aug 08, 2018 12:09:00 AM org.evosuite.runtime.instrumentation.EvoClassLoader loadClass
INFO: Seeing class for first time: org.mozilla.javascript.ast.XmlString
Aug 08, 2018 12:09:00 AM org.evosuite.runtime.instrumentation.EvoClassLoader instrumentClass
INFO: Instrumenting class 'org.mozilla.javascript.ast.XmlString'.
Aug 08, 2018 12:09:00 AM org.evosuite.runtime.instrumentation.MethodCallReplacementClassAdapter visit
INFO: Adding mock interface to class org/mozilla/javascript/ast/XmlString
Aug 08, 2018 12:09:00 AM org.evosuite.runtime.instrumentation.CreateClassResetClassAdapter createEmptyStaticReset
INFO: Creating brand-new static initializer in class org/mozilla/javascript/ast/XmlString
Aug 08, 2018 12:09:00 AM org.evosuite.runtime.instrumentation.EvoClassLoader loadClass
INFO: Seeing class for first time: org.mozilla.javascript.ast.XmlFragment
Aug 08, 2018 12:09:00 AM org.evosuite.runtime.instrumentation.EvoClassLoader instrumentClass
INFO: Instrumenting class 'org.mozilla.javascript.ast.XmlFragment'.
Aug 08, 2018 12:09:00 AM org.evosuite.runtime.instrumentation.MethodCallReplacementClassAdapter visit
INFO: Adding mock interface to class org/mozilla/javascript/ast/XmlFragment
Aug 08, 2018 12:09:00 AM org.evosuite.runtime.instrumentation.CreateClassResetClassAdapter createEmptyStaticReset
INFO: Creating brand-new static initializer in class org/mozilla/javascript/ast/XmlFragment
Aug 08, 2018 12:09:00 AM org.evosuite.runtime.instrumentation.EvoClassLoader instrumentClass
INFO: Keeping class: org.mozilla.javascript.ast.XmlFragment
Aug 08, 2018 12:09:00 AM org.evosuite.runtime.instrumentation.EvoClassLoader instrumentClass
INFO: Keeping class: org.mozilla.javascript.ast.XmlString
Aug 08, 2018 12:09:00 AM org.evosuite.runtime.instrumentation.EvoClassLoader loadClass
INFO: Seeing class for first time: org.mozilla.javascript.ast.GeneratorExpression
Aug 08, 2018 12:09:00 AM org.evosuite.runtime.instrumentation.EvoClassLoader instrumentClass
INFO: Instrumenting class 'org.mozilla.javascript.ast.GeneratorExpression'.
Aug 08, 2018 12:09:00 AM org.evosuite.runtime.instrumentation.MethodCallReplacementClassAdapter visit
INFO: Adding mock interface to class org/mozilla/javascript/ast/GeneratorExpression
Aug 08, 2018 12:09:00 AM org.evosuite.runtime.instrumentation.CreateClassResetClassAdapter createEmptyStaticReset
INFO: Creating brand-new static initializer in class org/mozilla/javascript/ast/GeneratorExpression
Aug 08, 2018 12:09:00 AM org.evosuite.runtime.instrumentation.EvoClassLoader instrumentClass
INFO: Keeping class: org.mozilla.javascript.ast.GeneratorExpression
Aug 08, 2018 12:09:00 AM org.evosuite.runtime.instrumentation.EvoClassLoader loadClass
INFO: Seeing class for first time: org.mozilla.javascript.DefiningClassLoader
Aug 08, 2018 12:09:00 AM org.evosuite.runtime.instrumentation.EvoClassLoader instrumentClass
INFO: Instrumenting class 'org.mozilla.javascript.DefiningClassLoader'.
Aug 08, 2018 12:09:00 AM org.evosuite.runtime.instrumentation.MethodCallReplacementClassAdapter visit
INFO: Adding mock interface to class org/mozilla/javascript/DefiningClassLoader
Aug 08, 2018 12:09:00 AM org.evosuite.runtime.instrumentation.CreateClassResetClassAdapter createEmptyStaticReset
INFO: Creating brand-new static initializer in class org/mozilla/javascript/DefiningClassLoader
Aug 08, 2018 12:09:00 AM org.evosuite.runtime.instrumentation.EvoClassLoader loadClass
INFO: Seeing class for first time: org.mozilla.javascript.GeneratedClassLoader
Aug 08, 2018 12:09:00 AM org.evosuite.runtime.instrumentation.EvoClassLoader instrumentClass
INFO: Instrumenting class 'org.mozilla.javascript.GeneratedClassLoader'.
Aug 08, 2018 12:09:00 AM org.evosuite.runtime.instrumentation.EvoClassLoader instrumentClass
INFO: Keeping class: org.mozilla.javascript.GeneratedClassLoader
Aug 08, 2018 12:09:00 AM org.evosuite.runtime.instrumentation.EvoClassLoader instrumentClass
INFO: Keeping class: org.mozilla.javascript.DefiningClassLoader
Aug 08, 2018 12:09:00 AM org.evosuite.runtime.instrumentation.EvoClassLoader loadClass
INFO: Seeing class for first time: org.mozilla.javascript.UniqueTag
Aug 08, 2018 12:09:00 AM org.evosuite.runtime.instrumentation.EvoClassLoader instrumentClass
INFO: Instrumenting class 'org.mozilla.javascript.UniqueTag'.
Aug 08, 2018 12:09:00 AM org.evosuite.runtime.instrumentation.MethodCallReplacementClassAdapter visit
INFO: Adding mock interface to class org/mozilla/javascript/UniqueTag
Aug 08, 2018 12:09:00 AM org.evosuite.runtime.instrumentation.CreateClassResetClassAdapter visitMethod
INFO: Found static initializer in class org/mozilla/javascript/UniqueTag
Aug 08, 2018 12:09:00 AM org.evosuite.runtime.instrumentation.EvoClassLoader instrumentClass
INFO: Keeping class: org.mozilla.javascript.UniqueTag
Aug 08, 2018 12:09:00 AM org.evosuite.runtime.instrumentation.EvoClassLoader loadClass
INFO: Seeing class for first time: org.mozilla.javascript.NativeError
Aug 08, 2018 12:09:00 AM org.evosuite.runtime.instrumentation.EvoClassLoader instrumentClass
INFO: Instrumenting class 'org.mozilla.javascript.NativeError'.
Aug 08, 2018 12:09:00 AM org.evosuite.runtime.instrumentation.MethodCallReplacementClassAdapter visit
INFO: Adding mock interface to class org/mozilla/javascript/NativeError
Aug 08, 2018 12:09:00 AM org.evosuite.runtime.instrumentation.CreateClassResetClassAdapter visitMethod
INFO: Found static initializer in class org/mozilla/javascript/NativeError
Aug 08, 2018 12:09:00 AM org.evosuite.runtime.instrumentation.EvoClassLoader instrumentClass
INFO: Keeping class: org.mozilla.javascript.NativeError
Aug 08, 2018 12:09:00 AM org.evosuite.runtime.instrumentation.EvoClassLoader loadClass
INFO: Seeing class for first time: org.mozilla.javascript.ast.ParenthesizedExpression
Aug 08, 2018 12:09:00 AM org.evosuite.runtime.instrumentation.EvoClassLoader instrumentClass
INFO: Instrumenting class 'org.mozilla.javascript.ast.ParenthesizedExpression'.
Aug 08, 2018 12:09:00 AM org.evosuite.runtime.instrumentation.MethodCallReplacementClassAdapter visit
INFO: Adding mock interface to class org/mozilla/javascript/ast/ParenthesizedExpression
Aug 08, 2018 12:09:00 AM org.evosuite.runtime.instrumentation.CreateClassResetClassAdapter createEmptyStaticReset
INFO: Creating brand-new static initializer in class org/mozilla/javascript/ast/ParenthesizedExpression
Aug 08, 2018 12:09:00 AM org.evosuite.runtime.instrumentation.EvoClassLoader instrumentClass
INFO: Keeping class: org.mozilla.javascript.ast.ParenthesizedExpression
Aug 08, 2018 12:09:00 AM org.evosuite.runtime.instrumentation.EvoClassLoader loadClass
INFO: Seeing class for first time: org.mozilla.javascript.NativeArray$2
Aug 08, 2018 12:09:00 AM org.evosuite.runtime.instrumentation.EvoClassLoader instrumentClass
INFO: Instrumenting class 'org.mozilla.javascript.NativeArray$2'.
Aug 08, 2018 12:09:00 AM org.evosuite.runtime.instrumentation.MethodCallReplacementClassAdapter visit
INFO: Adding mock interface to class org/mozilla/javascript/NativeArray$2
Aug 08, 2018 12:09:00 AM org.evosuite.runtime.instrumentation.EvoClassLoader instrumentClass
INFO: Keeping class: org.mozilla.javascript.NativeArray$2
Aug 08, 2018 12:09:00 AM org.evosuite.runtime.instrumentation.EvoClassLoader loadClass
INFO: Seeing class for first time: org.mozilla.javascript.debug.Debugger
Aug 08, 2018 12:09:00 AM org.evosuite.runtime.instrumentation.EvoClassLoader instrumentClass
INFO: Instrumenting class 'org.mozilla.javascript.debug.Debugger'.
Aug 08, 2018 12:09:00 AM org.evosuite.runtime.instrumentation.EvoClassLoader instrumentClass
INFO: Keeping class: org.mozilla.javascript.debug.Debugger
Aug 08, 2018 12:09:00 AM org.evosuite.runtime.instrumentation.EvoClassLoader loadClass
INFO: Seeing class for first time: org.mozilla.javascript.Context$ClassShutterSetter
Aug 08, 2018 12:09:00 AM org.evosuite.runtime.instrumentation.EvoClassLoader instrumentClass
INFO: Instrumenting class 'org.mozilla.javascript.Context$ClassShutterSetter'.
Aug 08, 2018 12:09:00 AM org.evosuite.runtime.instrumentation.EvoClassLoader instrumentClass
INFO: Keeping class: org.mozilla.javascript.Context$ClassShutterSetter
Aug 08, 2018 12:09:00 AM org.evosuite.runtime.instrumentation.EvoClassLoader loadClass
INFO: Seeing class for first time: org.mozilla.javascript.optimizer.OptTransformer
Aug 08, 2018 12:09:00 AM org.evosuite.runtime.instrumentation.EvoClassLoader instrumentClass
INFO: Instrumenting class 'org.mozilla.javascript.optimizer.OptTransformer'.
Aug 08, 2018 12:09:00 AM org.evosuite.runtime.instrumentation.MethodCallReplacementClassAdapter visit
INFO: Adding mock interface to class org/mozilla/javascript/optimizer/OptTransformer
Aug 08, 2018 12:09:00 AM org.evosuite.runtime.instrumentation.CreateClassResetClassAdapter createEmptyStaticReset
INFO: Creating brand-new static initializer in class org/mozilla/javascript/optimizer/OptTransformer
Aug 08, 2018 12:09:00 AM org.evosuite.runtime.instrumentation.EvoClassLoader loadClass
INFO: Seeing class for first time: org.mozilla.javascript.NodeTransformer
Aug 08, 2018 12:09:00 AM org.evosuite.runtime.instrumentation.EvoClassLoader instrumentClass
INFO: Instrumenting class 'org.mozilla.javascript.NodeTransformer'.
Aug 08, 2018 12:09:00 AM org.evosuite.runtime.instrumentation.MethodCallReplacementClassAdapter visit
INFO: Adding mock interface to class org/mozilla/javascript/NodeTransformer
Aug 08, 2018 12:09:00 AM org.evosuite.runtime.instrumentation.CreateClassResetClassAdapter createEmptyStaticReset
INFO: Creating brand-new static initializer in class org/mozilla/javascript/NodeTransformer
Aug 08, 2018 12:09:00 AM org.evosuite.runtime.instrumentation.EvoClassLoader instrumentClass
INFO: Keeping class: org.mozilla.javascript.NodeTransformer
Aug 08, 2018 12:09:00 AM org.evosuite.runtime.instrumentation.EvoClassLoader instrumentClass
INFO: Keeping class: org.mozilla.javascript.optimizer.OptTransformer
Aug 08, 2018 12:09:00 AM org.evosuite.runtime.instrumentation.EvoClassLoader loadClass
INFO: Seeing class for first time: org.mozilla.javascript.ast.FunctionNode
Aug 08, 2018 12:09:00 AM org.evosuite.runtime.instrumentation.EvoClassLoader instrumentClass
INFO: Instrumenting class 'org.mozilla.javascript.ast.FunctionNode'.
Aug 08, 2018 12:09:00 AM org.evosuite.runtime.instrumentation.MethodCallReplacementClassAdapter visit
INFO: Adding mock interface to class org/mozilla/javascript/ast/FunctionNode
Aug 08, 2018 12:09:00 AM org.evosuite.runtime.instrumentation.CreateClassResetClassAdapter visitMethod
INFO: Found static initializer in class org/mozilla/javascript/ast/FunctionNode
Aug 08, 2018 12:09:00 AM org.evosuite.runtime.instrumentation.EvoClassLoader instrumentClass
INFO: Keeping class: org.mozilla.javascript.ast.FunctionNode
Aug 08, 2018 12:09:00 AM org.evosuite.runtime.instrumentation.EvoClassLoader loadClass
INFO: Seeing class for first time: org.mozilla.classfile.ConstantPool
Aug 08, 2018 12:09:00 AM org.evosuite.runtime.instrumentation.EvoClassLoader instrumentClass
INFO: Instrumenting class 'org.mozilla.classfile.ConstantPool'.
Aug 08, 2018 12:09:00 AM org.evosuite.runtime.instrumentation.MethodCallReplacementClassAdapter visit
INFO: Adding mock interface to class org/mozilla/classfile/ConstantPool
Aug 08, 2018 12:09:00 AM org.evosuite.runtime.instrumentation.CreateClassResetClassAdapter createEmptyStaticReset
INFO: Creating brand-new static initializer in class org/mozilla/classfile/ConstantPool
Aug 08, 2018 12:09:00 AM org.evosuite.runtime.instrumentation.CreateClassResetClassAdapter createEmptyStaticReset
INFO: Adding bytecode for initializing field ConstantPoolSize
Aug 08, 2018 12:09:00 AM org.evosuite.runtime.instrumentation.CreateClassResetClassAdapter createEmptyStaticReset
INFO: Adding bytecode for initializing field CONSTANT_Class
Aug 08, 2018 12:09:00 AM org.evosuite.runtime.instrumentation.CreateClassResetClassAdapter createEmptyStaticReset
INFO: Adding bytecode for initializing field CONSTANT_Fieldref
Aug 08, 2018 12:09:00 AM org.evosuite.runtime.instrumentation.CreateClassResetClassAdapter createEmptyStaticReset
INFO: Adding bytecode for initializing field CONSTANT_Methodref
Aug 08, 2018 12:09:00 AM org.evosuite.runtime.instrumentation.CreateClassResetClassAdapter createEmptyStaticReset
INFO: Adding bytecode for initializing field CONSTANT_InterfaceMethodref
Aug 08, 2018 12:09:00 AM org.evosuite.runtime.instrumentation.CreateClassResetClassAdapter createEmptyStaticReset
INFO: Adding bytecode for initializing field CONSTANT_String
Aug 08, 2018 12:09:00 AM org.evosuite.runtime.instrumentation.CreateClassResetClassAdapter createEmptyStaticReset
INFO: Adding bytecode for initializing field CONSTANT_Integer
Aug 08, 2018 12:09:00 AM org.evosuite.runtime.instrumentation.CreateClassResetClassAdapter createEmptyStaticReset
INFO: Adding bytecode for initializing field CONSTANT_Float
Aug 08, 2018 12:09:00 AM org.evosuite.runtime.instrumentation.CreateClassResetClassAdapter createEmptyStaticReset
INFO: Adding bytecode for initializing field CONSTANT_Long
Aug 08, 2018 12:09:00 AM org.evosuite.runtime.instrumentation.CreateClassResetClassAdapter createEmptyStaticReset
INFO: Adding bytecode for initializing field CONSTANT_Double
Aug 08, 2018 12:09:00 AM org.evosuite.runtime.instrumentation.CreateClassResetClassAdapter createEmptyStaticReset
INFO: Adding bytecode for initializing field CONSTANT_NameAndType
Aug 08, 2018 12:09:00 AM org.evosuite.runtime.instrumentation.CreateClassResetClassAdapter createEmptyStaticReset
INFO: Adding bytecode for initializing field CONSTANT_Utf8
Aug 08, 2018 12:09:00 AM org.evosuite.runtime.instrumentation.CreateClassResetClassAdapter createEmptyStaticReset
INFO: Adding bytecode for initializing field CONSTANT_MethodType
Aug 08, 2018 12:09:00 AM org.evosuite.runtime.instrumentation.CreateClassResetClassAdapter createEmptyStaticReset
INFO: Adding bytecode for initializing field CONSTANT_MethodHandle
Aug 08, 2018 12:09:00 AM org.evosuite.runtime.instrumentation.CreateClassResetClassAdapter createEmptyStaticReset
INFO: Adding bytecode for initializing field CONSTANT_InvokeDynamic
Aug 08, 2018 12:09:00 AM org.evosuite.runtime.instrumentation.CreateClassResetClassAdapter createEmptyStaticReset
INFO: Adding bytecode for initializing field MAX_UTF_ENCODING_SIZE
Aug 08, 2018 12:09:00 AM org.evosuite.runtime.instrumentation.EvoClassLoader createPackageDefinition
INFO: Defined package (3): package org.mozilla.classfile, 2026480364
Aug 08, 2018 12:09:00 AM org.evosuite.runtime.instrumentation.EvoClassLoader instrumentClass
INFO: Keeping class: org.mozilla.classfile.ConstantPool
Aug 08, 2018 12:09:00 AM org.evosuite.runtime.instrumentation.EvoClassLoader loadClass
INFO: Seeing class for first time: org.mozilla.javascript.RegExpProxy
Aug 08, 2018 12:09:00 AM org.evosuite.runtime.instrumentation.EvoClassLoader instrumentClass
INFO: Instrumenting class 'org.mozilla.javascript.RegExpProxy'.
Aug 08, 2018 12:09:00 AM org.evosuite.runtime.instrumentation.EvoClassLoader instrumentClass
INFO: Keeping class: org.mozilla.javascript.RegExpProxy
Aug 08, 2018 12:09:00 AM org.evosuite.runtime.instrumentation.EvoClassLoader loadClass
INFO: Seeing class for first time: org.mozilla.javascript.Token
Aug 08, 2018 12:09:00 AM org.evosuite.runtime.instrumentation.EvoClassLoader instrumentClass
INFO: Instrumenting class 'org.mozilla.javascript.Token'.
Aug 08, 2018 12:09:00 AM org.evosuite.runtime.instrumentation.MethodCallReplacementClassAdapter visit
INFO: Adding mock interface to class org/mozilla/javascript/Token
Aug 08, 2018 12:09:01 AM org.evosuite.runtime.instrumentation.CreateClassResetClassAdapter createEmptyStaticReset
INFO: Creating brand-new static initializer in class org/mozilla/javascript/Token
Aug 08, 2018 12:09:01 AM org.evosuite.runtime.instrumentation.CreateClassResetClassAdapter createEmptyStaticReset
INFO: Adding bytecode for initializing field printTrees
Aug 08, 2018 12:09:01 AM org.evosuite.runtime.instrumentation.CreateClassResetClassAdapter createEmptyStaticReset
INFO: Adding bytecode for initializing field printICode
Aug 08, 2018 12:09:01 AM org.evosuite.runtime.instrumentation.CreateClassResetClassAdapter createEmptyStaticReset
INFO: Adding bytecode for initializing field printNames
Aug 08, 2018 12:09:01 AM org.evosuite.runtime.instrumentation.CreateClassResetClassAdapter createEmptyStaticReset
INFO: Adding bytecode for initializing field ERROR
Aug 08, 2018 12:09:01 AM org.evosuite.runtime.instrumentation.CreateClassResetClassAdapter createEmptyStaticReset
INFO: Adding bytecode for initializing field EOF
Aug 08, 2018 12:09:01 AM org.evosuite.runtime.instrumentation.CreateClassResetClassAdapter createEmptyStaticReset
INFO: Adding bytecode for initializing field EOL
Aug 08, 2018 12:09:01 AM org.evosuite.runtime.instrumentation.CreateClassResetClassAdapter createEmptyStaticReset
INFO: Adding bytecode for initializing field FIRST_BYTECODE_TOKEN
Aug 08, 2018 12:09:01 AM org.evosuite.runtime.instrumentation.CreateClassResetClassAdapter createEmptyStaticReset
INFO: Adding bytecode for initializing field ENTERWITH
Aug 08, 2018 12:09:01 AM org.evosuite.runtime.instrumentation.CreateClassResetClassAdapter createEmptyStaticReset
INFO: Adding bytecode for initializing field LEAVEWITH
Aug 08, 2018 12:09:01 AM org.evosuite.runtime.instrumentation.CreateClassResetClassAdapter createEmptyStaticReset
INFO: Adding bytecode for initializing field RETURN
Aug 08, 2018 12:09:01 AM org.evosuite.runtime.instrumentation.CreateClassResetClassAdapter createEmptyStaticReset
INFO: Adding bytecode for initializing field GOTO
Aug 08, 2018 12:09:01 AM org.evosuite.runtime.instrumentation.CreateClassResetClassAdapter createEmptyStaticReset
INFO: Adding bytecode for initializing field IFEQ
Aug 08, 2018 12:09:01 AM org.evosuite.runtime.instrumentation.CreateClassResetClassAdapter createEmptyStaticReset
INFO: Adding bytecode for initializing field IFNE
Aug 08, 2018 12:09:01 AM org.evosuite.runtime.instrumentation.CreateClassResetClassAdapter createEmptyStaticReset
INFO: Adding bytecode for initializing field SETNAME
Aug 08, 2018 12:09:01 AM org.evosuite.runtime.instrumentation.CreateClassResetClassAdapter createEmptyStaticReset
INFO: Adding bytecode for initializing field BITOR
Aug 08, 2018 12:09:01 AM org.evosuite.runtime.instrumentation.CreateClassResetClassAdapter createEmptyStaticReset
INFO: Adding bytecode for initializing field BITXOR
Aug 08, 2018 12:09:01 AM org.evosuite.runtime.instrumentation.CreateClassResetClassAdapter createEmptyStaticReset
INFO: Adding bytecode for initializing field BITAND
Aug 08, 2018 12:09:01 AM org.evosuite.runtime.instrumentation.CreateClassResetClassAdapter createEmptyStaticReset
INFO: Adding bytecode for initializing field EQ
Aug 08, 2018 12:09:01 AM org.evosuite.runtime.instrumentation.CreateClassResetClassAdapter createEmptyStaticReset
INFO: Adding bytecode for initializing field NE
Aug 08, 2018 12:09:01 AM org.evosuite.runtime.instrumentation.CreateClassResetClassAdapter createEmptyStaticReset
INFO: Adding bytecode for initializing field LT
Aug 08, 2018 12:09:01 AM org.evosuite.runtime.instrumentation.CreateClassResetClassAdapter createEmptyStaticReset
INFO: Adding bytecode for initializing field LE
Aug 08, 2018 12:09:01 AM org.evosuite.runtime.instrumentation.CreateClassResetClassAdapter createEmptyStaticReset
INFO: Adding bytecode for initializing field GT
Aug 08, 2018 12:09:01 AM org.evosuite.runtime.instrumentation.CreateClassResetClassAdapter createEmptyStaticReset
INFO: Adding bytecode for initializing field GE
Aug 08, 2018 12:09:01 AM org.evosuite.runtime.instrumentation.CreateClassResetClassAdapter createEmptyStaticReset
INFO: Adding bytecode for initializing field LSH
Aug 08, 2018 12:09:01 AM org.evosuite.runtime.instrumentation.CreateClassResetClassAdapter createEmptyStaticReset
INFO: Adding bytecode for initializing field RSH
Aug 08, 2018 12:09:01 AM org.evosuite.runtime.instrumentation.CreateClassResetClassAdapter createEmptyStaticReset
INFO: Adding bytecode for initializing field URSH
Aug 08, 2018 12:09:01 AM org.evosuite.runtime.instrumentation.CreateClassResetClassAdapter createEmptyStaticReset
INFO: Adding bytecode for initializing field ADD
Aug 08, 2018 12:09:01 AM org.evosuite.runtime.instrumentation.CreateClassResetClassAdapter createEmptyStaticReset
INFO: Adding bytecode for initializing field SUB
Aug 08, 2018 12:09:01 AM org.evosuite.runtime.instrumentation.CreateClassResetClassAdapter createEmptyStaticReset
INFO: Adding bytecode for initializing field MUL
Aug 08, 2018 12:09:01 AM org.evosuite.runtime.instrumentation.CreateClassResetClassAdapter createEmptyStaticReset
INFO: Adding bytecode for initializing field DIV
Aug 08, 2018 12:09:01 AM org.evosuite.runtime.instrumentation.CreateClassResetClassAdapter createEmptyStaticReset
INFO: Adding bytecode for initializing field MOD
Aug 08, 2018 12:09:01 AM org.evosuite.runtime.instrumentation.CreateClassResetClassAdapter createEmptyStaticReset
INFO: Adding bytecode for initializing field NOT
Aug 08, 2018 12:09:01 AM org.evosuite.runtime.instrumentation.CreateClassResetClassAdapter createEmptyStaticReset
INFO: Adding bytecode for initializing field BITNOT
Aug 08, 2018 12:09:01 AM org.evosuite.runtime.instrumentation.CreateClassResetClassAdapter createEmptyStaticReset
INFO: Adding bytecode for initializing field POS
Aug 08, 2018 12:09:01 AM org.evosuite.runtime.instrumentation.CreateClassResetClassAdapter createEmptyStaticReset
INFO: Adding bytecode for initializing field NEG
Aug 08, 2018 12:09:01 AM org.evosuite.runtime.instrumentation.CreateClassResetClassAdapter createEmptyStaticReset
INFO: Adding bytecode for initializing field NEW
Aug 08, 2018 12:09:01 AM org.evosuite.runtime.instrumentation.CreateClassResetClassAdapter createEmptyStaticReset
INFO: Adding bytecode for initializing field DELPROP
Aug 08, 2018 12:09:01 AM org.evosuite.runtime.instrumentation.CreateClassResetClassAdapter createEmptyStaticReset
INFO: Adding bytecode for initializing field TYPEOF
Aug 08, 2018 12:09:01 AM org.evosuite.runtime.instrumentation.CreateClassResetClassAdapter createEmptyStaticReset
INFO: Adding bytecode for initializing field GETPROP
Aug 08, 2018 12:09:01 AM org.evosuite.runtime.instrumentation.CreateClassResetClassAdapter createEmptyStaticReset
INFO: Adding bytecode for initializing field GETPROPNOWARN
Aug 08, 2018 12:09:01 AM org.evosuite.runtime.instrumentation.CreateClassResetClassAdapter createEmptyStaticReset
INFO: Adding bytecode for initializing field SETPROP
Aug 08, 2018 12:09:01 AM org.evosuite.runtime.instrumentation.CreateClassResetClassAdapter createEmptyStaticReset
INFO: Adding bytecode for initializing field GETELEM
Aug 08, 2018 12:09:01 AM org.evosuite.runtime.instrumentation.CreateClassResetClassAdapter createEmptyStaticReset
INFO: Adding bytecode for initializing field SETELEM
Aug 08, 2018 12:09:01 AM org.evosuite.runtime.instrumentation.CreateClassResetClassAdapter createEmptyStaticReset
INFO: Adding bytecode for initializing field CALL
Aug 08, 2018 12:09:01 AM org.evosuite.runtime.instrumentation.CreateClassResetClassAdapter createEmptyStaticReset
INFO: Adding bytecode for initializing field NAME
Aug 08, 2018 12:09:01 AM org.evosuite.runtime.instrumentation.CreateClassResetClassAdapter createEmptyStaticReset
INFO: Adding bytecode for initializing field NUMBER
Aug 08, 2018 12:09:01 AM org.evosuite.runtime.instrumentation.CreateClassResetClassAdapter createEmptyStaticReset
INFO: Adding bytecode for initializing field STRING
Aug 08, 2018 12:09:01 AM org.evosuite.runtime.instrumentation.CreateClassResetClassAdapter createEmptyStaticReset
INFO: Adding bytecode for initializing field NULL
Aug 08, 2018 12:09:01 AM org.evosuite.runtime.instrumentation.CreateClassResetClassAdapter createEmptyStaticReset
INFO: Adding bytecode for initializing field THIS
Aug 08, 2018 12:09:01 AM org.evosuite.runtime.instrumentation.CreateClassResetClassAdapter createEmptyStaticReset
INFO: Adding bytecode for initializing field FALSE
Aug 08, 2018 12:09:01 AM org.evosuite.runtime.instrumentation.CreateClassResetClassAdapter createEmptyStaticReset
INFO: Adding bytecode for initializing field TRUE
Aug 08, 2018 12:09:01 AM org.evosuite.runtime.instrumentation.CreateClassResetClassAdapter createEmptyStaticReset
INFO: Adding bytecode for initializing field SHEQ
Aug 08, 2018 12:09:01 AM org.evosuite.runtime.instrumentation.CreateClassResetClassAdapter createEmptyStaticReset
INFO: Adding bytecode for initializing field SHNE
Aug 08, 2018 12:09:01 AM org.evosuite.runtime.instrumentation.CreateClassResetClassAdapter createEmptyStaticReset
INFO: Adding bytecode for initializing field REGEXP
Aug 08, 2018 12:09:01 AM org.evosuite.runtime.instrumentation.CreateClassResetClassAdapter createEmptyStaticReset
INFO: Adding bytecode for initializing field BINDNAME
Aug 08, 2018 12:09:01 AM org.evosuite.runtime.instrumentation.CreateClassResetClassAdapter createEmptyStaticReset
INFO: Adding bytecode for initializing field THROW
Aug 08, 2018 12:09:01 AM org.evosuite.runtime.instrumentation.CreateClassResetClassAdapter createEmptyStaticReset
INFO: Adding bytecode for initializing field RETHROW
Aug 08, 2018 12:09:01 AM org.evosuite.runtime.instrumentation.CreateClassResetClassAdapter createEmptyStaticReset
INFO: Adding bytecode for initializing field IN
Aug 08, 2018 12:09:01 AM org.evosuite.runtime.instrumentation.CreateClassResetClassAdapter createEmptyStaticReset
INFO: Adding bytecode for initializing field INSTANCEOF
Aug 08, 2018 12:09:01 AM org.evosuite.runtime.instrumentation.CreateClassResetClassAdapter createEmptyStaticReset
INFO: Adding bytecode for initializing field LOCAL_LOAD
Aug 08, 2018 12:09:01 AM org.evosuite.runtime.instrumentation.CreateClassResetClassAdapter createEmptyStaticReset
INFO: Adding bytecode for initializing field GETVAR
Aug 08, 2018 12:09:01 AM org.evosuite.runtime.instrumentation.CreateClassResetClassAdapter createEmptyStaticReset
INFO: Adding bytecode for initializing field SETVAR
Aug 08, 2018 12:09:01 AM org.evosuite.runtime.instrumentation.CreateClassResetClassAdapter createEmptyStaticReset
INFO: Adding bytecode for initializing field CATCH_SCOPE
Aug 08, 2018 12:09:01 AM org.evosuite.runtime.instrumentation.CreateClassResetClassAdapter createEmptyStaticReset
INFO: Adding bytecode for initializing field ENUM_INIT_KEYS
Aug 08, 2018 12:09:01 AM org.evosuite.runtime.instrumentation.CreateClassResetClassAdapter createEmptyStaticReset
INFO: Adding bytecode for initializing field ENUM_INIT_VALUES
Aug 08, 2018 12:09:01 AM org.evosuite.runtime.instrumentation.CreateClassResetClassAdapter createEmptyStaticReset
INFO: Adding bytecode for initializing field ENUM_INIT_ARRAY
Aug 08, 2018 12:09:01 AM org.evosuite.runtime.instrumentation.CreateClassResetClassAdapter createEmptyStaticReset
INFO: Adding bytecode for initializing field ENUM_INIT_VALUES_IN_ORDER
Aug 08, 2018 12:09:01 AM org.evosuite.runtime.instrumentation.CreateClassResetClassAdapter createEmptyStaticReset
INFO: Adding bytecode for initializing field ENUM_NEXT
Aug 08, 2018 12:09:01 AM org.evosuite.runtime.instrumentation.CreateClassResetClassAdapter createEmptyStaticReset
INFO: Adding bytecode for initializing field ENUM_ID
Aug 08, 2018 12:09:01 AM org.evosuite.runtime.instrumentation.CreateClassResetClassAdapter createEmptyStaticReset
INFO: Adding bytecode for initializing field THISFN
Aug 08, 2018 12:09:01 AM org.evosuite.runtime.instrumentation.CreateClassResetClassAdapter createEmptyStaticReset
INFO: Adding bytecode for initializing field RETURN_RESULT
Aug 08, 2018 12:09:01 AM org.evosuite.runtime.instrumentation.CreateClassResetClassAdapter createEmptyStaticReset
INFO: Adding bytecode for initializing field ARRAYLIT
Aug 08, 2018 12:09:01 AM org.evosuite.runtime.instrumentation.CreateClassResetClassAdapter createEmptyStaticReset
INFO: Adding bytecode for initializing field OBJECTLIT
Aug 08, 2018 12:09:01 AM org.evosuite.runtime.instrumentation.CreateClassResetClassAdapter createEmptyStaticReset
INFO: Adding bytecode for initializing field GET_REF
Aug 08, 2018 12:09:01 AM org.evosuite.runtime.instrumentation.CreateClassResetClassAdapter createEmptyStaticReset
INFO: Adding bytecode for initializing field SET_REF
Aug 08, 2018 12:09:01 AM org.evosuite.runtime.instrumentation.CreateClassResetClassAdapter createEmptyStaticReset
INFO: Adding bytecode for initializing field DEL_REF
Aug 08, 2018 12:09:01 AM org.evosuite.runtime.instrumentation.CreateClassResetClassAdapter createEmptyStaticReset
INFO: Adding bytecode for initializing field REF_CALL
Aug 08, 2018 12:09:01 AM org.evosuite.runtime.instrumentation.CreateClassResetClassAdapter createEmptyStaticReset
INFO: Adding bytecode for initializing field REF_SPECIAL
Aug 08, 2018 12:09:01 AM org.evosuite.runtime.instrumentation.CreateClassResetClassAdapter createEmptyStaticReset
INFO: Adding bytecode for initializing field YIELD
Aug 08, 2018 12:09:01 AM org.evosuite.runtime.instrumentation.CreateClassResetClassAdapter createEmptyStaticReset
INFO: Adding bytecode for initializing field STRICT_SETNAME
Aug 08, 2018 12:09:01 AM org.evosuite.runtime.instrumentation.CreateClassResetClassAdapter createEmptyStaticReset
INFO: Adding bytecode for initializing field DEFAULTNAMESPACE
Aug 08, 2018 12:09:01 AM org.evosuite.runtime.instrumentation.CreateClassResetClassAdapter createEmptyStaticReset
INFO: Adding bytecode for initializing field ESCXMLATTR
Aug 08, 2018 12:09:01 AM org.evosuite.runtime.instrumentation.CreateClassResetClassAdapter createEmptyStaticReset
INFO: Adding bytecode for initializing field ESCXMLTEXT
Aug 08, 2018 12:09:01 AM org.evosuite.runtime.instrumentation.CreateClassResetClassAdapter createEmptyStaticReset
INFO: Adding bytecode for initializing field REF_MEMBER
Aug 08, 2018 12:09:01 AM org.evosuite.runtime.instrumentation.CreateClassResetClassAdapter createEmptyStaticReset
INFO: Adding bytecode for initializing field REF_NS_MEMBER
Aug 08, 2018 12:09:01 AM org.evosuite.runtime.instrumentation.CreateClassResetClassAdapter createEmptyStaticReset
INFO: Adding bytecode for initializing field REF_NAME
Aug 08, 2018 12:09:01 AM org.evosuite.runtime.instrumentation.CreateClassResetClassAdapter createEmptyStaticReset
INFO: Adding bytecode for initializing field REF_NS_NAME
Aug 08, 2018 12:09:01 AM org.evosuite.runtime.instrumentation.CreateClassResetClassAdapter createEmptyStaticReset
INFO: Adding bytecode for initializing field LAST_BYTECODE_TOKEN
Aug 08, 2018 12:09:01 AM org.evosuite.runtime.instrumentation.CreateClassResetClassAdapter createEmptyStaticReset
INFO: Adding bytecode for initializing field TRY
Aug 08, 2018 12:09:01 AM org.evosuite.runtime.instrumentation.CreateClassResetClassAdapter createEmptyStaticReset
INFO: Adding bytecode for initializing field SEMI
Aug 08, 2018 12:09:01 AM org.evosuite.runtime.instrumentation.CreateClassResetClassAdapter createEmptyStaticReset
INFO: Adding bytecode for initializing field LB
Aug 08, 2018 12:09:01 AM org.evosuite.runtime.instrumentation.CreateClassResetClassAdapter createEmptyStaticReset
INFO: Adding bytecode for initializing field RB
Aug 08, 2018 12:09:01 AM org.evosuite.runtime.instrumentation.CreateClassResetClassAdapter createEmptyStaticReset
INFO: Adding bytecode for initializing field LC
Aug 08, 2018 12:09:01 AM org.evosuite.runtime.instrumentation.CreateClassResetClassAdapter createEmptyStaticReset
INFO: Adding bytecode for initializing field RC
Aug 08, 2018 12:09:01 AM org.evosuite.runtime.instrumentation.CreateClassResetClassAdapter createEmptyStaticReset
INFO: Adding bytecode for initializing field LP
Aug 08, 2018 12:09:01 AM org.evosuite.runtime.instrumentation.CreateClassResetClassAdapter createEmptyStaticReset
INFO: Adding bytecode for initializing field RP
Aug 08, 2018 12:09:01 AM org.evosuite.runtime.instrumentation.CreateClassResetClassAdapter createEmptyStaticReset
INFO: Adding bytecode for initializing field COMMA
Aug 08, 2018 12:09:01 AM org.evosuite.runtime.instrumentation.CreateClassResetClassAdapter createEmptyStaticReset
INFO: Adding bytecode for initializing field ASSIGN
Aug 08, 2018 12:09:01 AM org.evosuite.runtime.instrumentation.CreateClassResetClassAdapter createEmptyStaticReset
INFO: Adding bytecode for initializing field ASSIGN_BITOR
Aug 08, 2018 12:09:01 AM org.evosuite.runtime.instrumentation.CreateClassResetClassAdapter createEmptyStaticReset
INFO: Adding bytecode for initializing field ASSIGN_BITXOR
Aug 08, 2018 12:09:01 AM org.evosuite.runtime.instrumentation.CreateClassResetClassAdapter createEmptyStaticReset
INFO: Adding bytecode for initializing field ASSIGN_BITAND
Aug 08, 2018 12:09:01 AM org.evosuite.runtime.instrumentation.CreateClassResetClassAdapter createEmptyStaticReset
INFO: Adding bytecode for initializing field ASSIGN_LSH
Aug 08, 2018 12:09:01 AM org.evosuite.runtime.instrumentation.CreateClassResetClassAdapter createEmptyStaticReset
INFO: Adding bytecode for initializing field ASSIGN_RSH
Aug 08, 2018 12:09:01 AM org.evosuite.runtime.instrumentation.CreateClassResetClassAdapter createEmptyStaticReset
INFO: Adding bytecode for initializing field ASSIGN_URSH
Aug 08, 2018 12:09:01 AM org.evosuite.runtime.instrumentation.CreateClassResetClassAdapter createEmptyStaticReset
INFO: Adding bytecode for initializing field ASSIGN_ADD
Aug 08, 2018 12:09:01 AM org.evosuite.runtime.instrumentation.CreateClassResetClassAdapter createEmptyStaticReset
INFO: Adding bytecode for initializing field ASSIGN_SUB
Aug 08, 2018 12:09:01 AM org.evosuite.runtime.instrumentation.CreateClassResetClassAdapter createEmptyStaticReset
INFO: Adding bytecode for initializing field ASSIGN_MUL
Aug 08, 2018 12:09:01 AM org.evosuite.runtime.instrumentation.CreateClassResetClassAdapter createEmptyStaticReset
INFO: Adding bytecode for initializing field ASSIGN_DIV
Aug 08, 2018 12:09:01 AM org.evosuite.runtime.instrumentation.CreateClassResetClassAdapter createEmptyStaticReset
INFO: Adding bytecode for initializing field ASSIGN_MOD
Aug 08, 2018 12:09:01 AM org.evosuite.runtime.instrumentation.CreateClassResetClassAdapter createEmptyStaticReset
INFO: Adding bytecode for initializing field FIRST_ASSIGN
Aug 08, 2018 12:09:01 AM org.evosuite.runtime.instrumentation.CreateClassResetClassAdapter createEmptyStaticReset
INFO: Adding bytecode for initializing field LAST_ASSIGN
Aug 08, 2018 12:09:01 AM org.evosuite.runtime.instrumentation.CreateClassResetClassAdapter createEmptyStaticReset
INFO: Adding bytecode for initializing field HOOK
Aug 08, 2018 12:09:01 AM org.evosuite.runtime.instrumentation.CreateClassResetClassAdapter createEmptyStaticReset
INFO: Adding bytecode for initializing field COLON
Aug 08, 2018 12:09:01 AM org.evosuite.runtime.instrumentation.CreateClassResetClassAdapter createEmptyStaticReset
INFO: Adding bytecode for initializing field OR
Aug 08, 2018 12:09:01 AM org.evosuite.runtime.instrumentation.CreateClassResetClassAdapter createEmptyStaticReset
INFO: Adding bytecode for initializing field AND
Aug 08, 2018 12:09:01 AM org.evosuite.runtime.instrumentation.CreateClassResetClassAdapter createEmptyStaticReset
INFO: Adding bytecode for initializing field INC
Aug 08, 2018 12:09:01 AM org.evosuite.runtime.instrumentation.CreateClassResetClassAdapter createEmptyStaticReset
INFO: Adding bytecode for initializing field DEC
Aug 08, 2018 12:09:01 AM org.evosuite.runtime.instrumentation.CreateClassResetClassAdapter createEmptyStaticReset
INFO: Adding bytecode for initializing field DOT
Aug 08, 2018 12:09:01 AM org.evosuite.runtime.instrumentation.CreateClassResetClassAdapter createEmptyStaticReset
INFO: Adding bytecode for initializing field FUNCTION
Aug 08, 2018 12:09:01 AM org.evosuite.runtime.instrumentation.CreateClassResetClassAdapter createEmptyStaticReset
INFO: Adding bytecode for initializing field EXPORT
Aug 08, 2018 12:09:01 AM org.evosuite.runtime.instrumentation.CreateClassResetClassAdapter createEmptyStaticReset
INFO: Adding bytecode for initializing field IMPORT
Aug 08, 2018 12:09:01 AM org.evosuite.runtime.instrumentation.CreateClassResetClassAdapter createEmptyStaticReset
INFO: Adding bytecode for initializing field IF
Aug 08, 2018 12:09:01 AM org.evosuite.runtime.instrumentation.CreateClassResetClassAdapter createEmptyStaticReset
INFO: Adding bytecode for initializing field ELSE
Aug 08, 2018 12:09:01 AM org.evosuite.runtime.instrumentation.CreateClassResetClassAdapter createEmptyStaticReset
INFO: Adding bytecode for initializing field SWITCH
Aug 08, 2018 12:09:01 AM org.evosuite.runtime.instrumentation.CreateClassResetClassAdapter createEmptyStaticReset
INFO: Adding bytecode for initializing field CASE
Aug 08, 2018 12:09:01 AM org.evosuite.runtime.instrumentation.CreateClassResetClassAdapter createEmptyStaticReset
INFO: Adding bytecode for initializing field DEFAULT
Aug 08, 2018 12:09:01 AM org.evosuite.runtime.instrumentation.CreateClassResetClassAdapter createEmptyStaticReset
INFO: Adding bytecode for initializing field WHILE
Aug 08, 2018 12:09:01 AM org.evosuite.runtime.instrumentation.CreateClassResetClassAdapter createEmptyStaticReset
INFO: Adding bytecode for initializing field DO
Aug 08, 2018 12:09:01 AM org.evosuite.runtime.instrumentation.CreateClassResetClassAdapter createEmptyStaticReset
INFO: Adding bytecode for initializing field FOR
Aug 08, 2018 12:09:01 AM org.evosuite.runtime.instrumentation.CreateClassResetClassAdapter createEmptyStaticReset
INFO: Adding bytecode for initializing field BREAK
Aug 08, 2018 12:09:01 AM org.evosuite.runtime.instrumentation.CreateClassResetClassAdapter createEmptyStaticReset
INFO: Adding bytecode for initializing field CONTINUE
Aug 08, 2018 12:09:01 AM org.evosuite.runtime.instrumentation.CreateClassResetClassAdapter createEmptyStaticReset
INFO: Adding bytecode for initializing field VAR
Aug 08, 2018 12:09:01 AM org.evosuite.runtime.instrumentation.CreateClassResetClassAdapter createEmptyStaticReset
INFO: Adding bytecode for initializing field WITH
Aug 08, 2018 12:09:01 AM org.evosuite.runtime.instrumentation.CreateClassResetClassAdapter createEmptyStaticReset
INFO: Adding bytecode for initializing field CATCH
Aug 08, 2018 12:09:01 AM org.evosuite.runtime.instrumentation.CreateClassResetClassAdapter createEmptyStaticReset
INFO: Adding bytecode for initializing field FINALLY
Aug 08, 2018 12:09:01 AM org.evosuite.runtime.instrumentation.CreateClassResetClassAdapter createEmptyStaticReset
INFO: Adding bytecode for initializing field VOID
Aug 08, 2018 12:09:01 AM org.evosuite.runtime.instrumentation.CreateClassResetClassAdapter createEmptyStaticReset
INFO: Adding bytecode for initializing field RESERVED
Aug 08, 2018 12:09:01 AM org.evosuite.runtime.instrumentation.CreateClassResetClassAdapter createEmptyStaticReset
INFO: Adding bytecode for initializing field EMPTY
Aug 08, 2018 12:09:01 AM org.evosuite.runtime.instrumentation.CreateClassResetClassAdapter createEmptyStaticReset
INFO: Adding bytecode for initializing field BLOCK
Aug 08, 2018 12:09:01 AM org.evosuite.runtime.instrumentation.CreateClassResetClassAdapter createEmptyStaticReset
INFO: Adding bytecode for initializing field LABEL
Aug 08, 2018 12:09:01 AM org.evosuite.runtime.instrumentation.CreateClassResetClassAdapter createEmptyStaticReset
INFO: Adding bytecode for initializing field TARGET
Aug 08, 2018 12:09:01 AM org.evosuite.runtime.instrumentation.CreateClassResetClassAdapter createEmptyStaticReset
INFO: Adding bytecode for initializing field LOOP
Aug 08, 2018 12:09:01 AM org.evosuite.runtime.instrumentation.CreateClassResetClassAdapter createEmptyStaticReset
INFO: Adding bytecode for initializing field EXPR_VOID
Aug 08, 2018 12:09:01 AM org.evosuite.runtime.instrumentation.CreateClassResetClassAdapter createEmptyStaticReset
INFO: Adding bytecode for initializing field EXPR_RESULT
Aug 08, 2018 12:09:01 AM org.evosuite.runtime.instrumentation.CreateClassResetClassAdapter createEmptyStaticReset
INFO: Adding bytecode for initializing field JSR
Aug 08, 2018 12:09:01 AM org.evosuite.runtime.instrumentation.CreateClassResetClassAdapter createEmptyStaticReset
INFO: Adding bytecode for initializing field SCRIPT
Aug 08, 2018 12:09:01 AM org.evosuite.runtime.instrumentation.CreateClassResetClassAdapter createEmptyStaticReset
INFO: Adding bytecode for initializing field TYPEOFNAME
Aug 08, 2018 12:09:01 AM org.evosuite.runtime.instrumentation.CreateClassResetClassAdapter createEmptyStaticReset
INFO: Adding bytecode for initializing field USE_STACK
Aug 08, 2018 12:09:01 AM org.evosuite.runtime.instrumentation.CreateClassResetClassAdapter createEmptyStaticReset
INFO: Adding bytecode for initializing field SETPROP_OP
Aug 08, 2018 12:09:01 AM org.evosuite.runtime.instrumentation.CreateClassResetClassAdapter createEmptyStaticReset
INFO: Adding bytecode for initializing field SETELEM_OP
Aug 08, 2018 12:09:01 AM org.evosuite.runtime.instrumentation.CreateClassResetClassAdapter createEmptyStaticReset
INFO: Adding bytecode for initializing field LOCAL_BLOCK
Aug 08, 2018 12:09:01 AM org.evosuite.runtime.instrumentation.CreateClassResetClassAdapter createEmptyStaticReset
INFO: Adding bytecode for initializing field SET_REF_OP
Aug 08, 2018 12:09:01 AM org.evosuite.runtime.instrumentation.CreateClassResetClassAdapter createEmptyStaticReset
INFO: Adding bytecode for initializing field DOTDOT
Aug 08, 2018 12:09:01 AM org.evosuite.runtime.instrumentation.CreateClassResetClassAdapter createEmptyStaticReset
INFO: Adding bytecode for initializing field COLONCOLON
Aug 08, 2018 12:09:01 AM org.evosuite.runtime.instrumentation.CreateClassResetClassAdapter createEmptyStaticReset
INFO: Adding bytecode for initializing field XML
Aug 08, 2018 12:09:01 AM org.evosuite.runtime.instrumentation.CreateClassResetClassAdapter createEmptyStaticReset
INFO: Adding bytecode for initializing field DOTQUERY
Aug 08, 2018 12:09:01 AM org.evosuite.runtime.instrumentation.CreateClassResetClassAdapter createEmptyStaticReset
INFO: Adding bytecode for initializing field XMLATTR
Aug 08, 2018 12:09:01 AM org.evosuite.runtime.instrumentation.CreateClassResetClassAdapter createEmptyStaticReset
INFO: Adding bytecode for initializing field XMLEND
Aug 08, 2018 12:09:01 AM org.evosuite.runtime.instrumentation.CreateClassResetClassAdapter createEmptyStaticReset
INFO: Adding bytecode for initializing field TO_OBJECT
Aug 08, 2018 12:09:01 AM org.evosuite.runtime.instrumentation.CreateClassResetClassAdapter createEmptyStaticReset
INFO: Adding bytecode for initializing field TO_DOUBLE
Aug 08, 2018 12:09:01 AM org.evosuite.runtime.instrumentation.CreateClassResetClassAdapter createEmptyStaticReset
INFO: Adding bytecode for initializing field GET
Aug 08, 2018 12:09:01 AM org.evosuite.runtime.instrumentation.CreateClassResetClassAdapter createEmptyStaticReset
INFO: Adding bytecode for initializing field SET
Aug 08, 2018 12:09:01 AM org.evosuite.runtime.instrumentation.CreateClassResetClassAdapter createEmptyStaticReset
INFO: Adding bytecode for initializing field LET
Aug 08, 2018 12:09:01 AM org.evosuite.runtime.instrumentation.CreateClassResetClassAdapter createEmptyStaticReset
INFO: Adding bytecode for initializing field CONST
Aug 08, 2018 12:09:01 AM org.evosuite.runtime.instrumentation.CreateClassResetClassAdapter createEmptyStaticReset
INFO: Adding bytecode for initializing field SETCONST
Aug 08, 2018 12:09:01 AM org.evosuite.runtime.instrumentation.CreateClassResetClassAdapter createEmptyStaticReset
INFO: Adding bytecode for initializing field SETCONSTVAR
Aug 08, 2018 12:09:01 AM org.evosuite.runtime.instrumentation.CreateClassResetClassAdapter createEmptyStaticReset
INFO: Adding bytecode for initializing field ARRAYCOMP
Aug 08, 2018 12:09:01 AM org.evosuite.runtime.instrumentation.CreateClassResetClassAdapter createEmptyStaticReset
INFO: Adding bytecode for initializing field LETEXPR
Aug 08, 2018 12:09:01 AM org.evosuite.runtime.instrumentation.CreateClassResetClassAdapter createEmptyStaticReset
INFO: Adding bytecode for initializing field WITHEXPR
Aug 08, 2018 12:09:01 AM org.evosuite.runtime.instrumentation.CreateClassResetClassAdapter createEmptyStaticReset
INFO: Adding bytecode for initializing field DEBUGGER
Aug 08, 2018 12:09:01 AM org.evosuite.runtime.instrumentation.CreateClassResetClassAdapter createEmptyStaticReset
INFO: Adding bytecode for initializing field COMMENT
Aug 08, 2018 12:09:01 AM org.evosuite.runtime.instrumentation.CreateClassResetClassAdapter createEmptyStaticReset
INFO: Adding bytecode for initializing field GENEXPR
Aug 08, 2018 12:09:01 AM org.evosuite.runtime.instrumentation.CreateClassResetClassAdapter createEmptyStaticReset
INFO: Adding bytecode for initializing field METHOD
Aug 08, 2018 12:09:01 AM org.evosuite.runtime.instrumentation.CreateClassResetClassAdapter createEmptyStaticReset
INFO: Adding bytecode for initializing field ARROW
Aug 08, 2018 12:09:01 AM org.evosuite.runtime.instrumentation.CreateClassResetClassAdapter createEmptyStaticReset
INFO: Adding bytecode for initializing field LAST_TOKEN
Aug 08, 2018 12:09:01 AM org.evosuite.runtime.instrumentation.EvoClassLoader instrumentClass
INFO: Keeping class: org.mozilla.javascript.Token
Aug 08, 2018 12:09:01 AM org.evosuite.runtime.instrumentation.EvoClassLoader loadClass
INFO: Seeing class for first time: org.mozilla.javascript.commonjs.module.provider.ModuleSourceProvider
Aug 08, 2018 12:09:01 AM org.evosuite.runtime.instrumentation.EvoClassLoader instrumentClass
INFO: Instrumenting class 'org.mozilla.javascript.commonjs.module.provider.ModuleSourceProvider'.
Aug 08, 2018 12:09:01 AM org.evosuite.runtime.instrumentation.EvoClassLoader createPackageDefinition
INFO: Defined package (3): package org.mozilla.javascript.commonjs.module.provider, 369829138
Aug 08, 2018 12:09:01 AM org.evosuite.runtime.instrumentation.EvoClassLoader instrumentClass
INFO: Keeping class: org.mozilla.javascript.commonjs.module.provider.ModuleSourceProvider
Aug 08, 2018 12:09:01 AM org.evosuite.runtime.instrumentation.EvoClassLoader loadClass
INFO: Seeing class for first time: org.mozilla.javascript.commonjs.module.provider.ModuleSource
Aug 08, 2018 12:09:01 AM org.evosuite.runtime.instrumentation.EvoClassLoader instrumentClass
INFO: Instrumenting class 'org.mozilla.javascript.commonjs.module.provider.ModuleSource'.
Aug 08, 2018 12:09:01 AM org.evosuite.runtime.instrumentation.MethodCallReplacementClassAdapter visit
INFO: Adding mock interface to class org/mozilla/javascript/commonjs/module/provider/ModuleSource
Aug 08, 2018 12:09:01 AM org.evosuite.runtime.instrumentation.CreateClassResetClassAdapter createEmptyStaticReset
INFO: Creating brand-new static initializer in class org/mozilla/javascript/commonjs/module/provider/ModuleSource
Aug 08, 2018 12:09:01 AM org.evosuite.runtime.instrumentation.EvoClassLoader instrumentClass
INFO: Keeping class: org.mozilla.javascript.commonjs.module.provider.ModuleSource
Aug 08, 2018 12:09:01 AM org.evosuite.runtime.instrumentation.EvoClassLoader loadClass
INFO: Seeing class for first time: org.mozilla.javascript.NativeWith
Aug 08, 2018 12:09:01 AM org.evosuite.runtime.instrumentation.EvoClassLoader instrumentClass
INFO: Instrumenting class 'org.mozilla.javascript.NativeWith'.
Aug 08, 2018 12:09:01 AM org.evosuite.runtime.instrumentation.MethodCallReplacementClassAdapter visit
INFO: Adding mock interface to class org/mozilla/javascript/NativeWith
Aug 08, 2018 12:09:01 AM org.evosuite.runtime.instrumentation.CreateClassResetClassAdapter visitMethod
INFO: Found static initializer in class org/mozilla/javascript/NativeWith
Aug 08, 2018 12:09:01 AM org.evosuite.runtime.instrumentation.EvoClassLoader instrumentClass
INFO: Keeping class: org.mozilla.javascript.NativeWith
Aug 08, 2018 12:09:01 AM org.evosuite.runtime.instrumentation.EvoClassLoader loadClass
INFO: Seeing class for first time: org.mozilla.javascript.EmbeddedSlotMap$Iter
Aug 08, 2018 12:09:01 AM org.evosuite.runtime.instrumentation.EvoClassLoader instrumentClass
INFO: Instrumenting class 'org.mozilla.javascript.EmbeddedSlotMap$Iter'.
Aug 08, 2018 12:09:01 AM org.evosuite.runtime.instrumentation.MethodCallReplacementClassAdapter visit
INFO: Adding mock interface to class org/mozilla/javascript/EmbeddedSlotMap$Iter
Aug 08, 2018 12:09:01 AM org.evosuite.runtime.instrumentation.CreateClassResetClassAdapter createEmptyStaticReset
INFO: Creating brand-new static initializer in class org/mozilla/javascript/EmbeddedSlotMap$Iter
Aug 08, 2018 12:09:01 AM org.evosuite.runtime.instrumentation.EvoClassLoader instrumentClass
INFO: Keeping class: org.mozilla.javascript.EmbeddedSlotMap$Iter
Aug 08, 2018 12:09:01 AM org.evosuite.runtime.instrumentation.EvoClassLoader loadClass
INFO: Seeing class for first time: org.mozilla.javascript.NativeJSON
Aug 08, 2018 12:09:01 AM org.evosuite.runtime.instrumentation.EvoClassLoader instrumentClass
INFO: Instrumenting class 'org.mozilla.javascript.NativeJSON'.
Aug 08, 2018 12:09:01 AM org.evosuite.runtime.instrumentation.MethodCallReplacementClassAdapter visit
INFO: Adding mock interface to class org/mozilla/javascript/NativeJSON
Aug 08, 2018 12:09:01 AM org.evosuite.runtime.instrumentation.CreateClassResetClassAdapter visitMethod
INFO: Found static initializer in class org/mozilla/javascript/NativeJSON
Aug 08, 2018 12:09:01 AM org.evosuite.runtime.instrumentation.EvoClassLoader instrumentClass
INFO: Keeping class: org.mozilla.javascript.NativeJSON
Aug 08, 2018 12:09:01 AM org.evosuite.runtime.instrumentation.EvoClassLoader loadClass
INFO: Seeing class for first time: org.mozilla.javascript.json.JsonParser$ParseException
Aug 08, 2018 12:09:01 AM org.evosuite.runtime.instrumentation.EvoClassLoader instrumentClass
INFO: Instrumenting class 'org.mozilla.javascript.json.JsonParser$ParseException'.
Aug 08, 2018 12:09:01 AM org.evosuite.runtime.instrumentation.MethodCallReplacementClassAdapter visit
INFO: Adding mock interface to class org/mozilla/javascript/json/JsonParser$ParseException
Aug 08, 2018 12:09:01 AM org.evosuite.runtime.instrumentation.CreateClassResetClassAdapter createEmptyStaticReset
INFO: Creating brand-new static initializer in class org/mozilla/javascript/json/JsonParser$ParseException
Aug 08, 2018 12:09:01 AM org.evosuite.runtime.instrumentation.EvoClassLoader createPackageDefinition
INFO: Defined package (3): package org.mozilla.javascript.json, 1794756289
Aug 08, 2018 12:09:01 AM org.evosuite.runtime.instrumentation.EvoClassLoader instrumentClass
INFO: Keeping class: org.mozilla.javascript.json.JsonParser$ParseException
Aug 08, 2018 12:09:01 AM org.evosuite.runtime.instrumentation.EvoClassLoader loadClass
INFO: Seeing class for first time: org.mozilla.javascript.NativeGenerator
Aug 08, 2018 12:09:01 AM org.evosuite.runtime.instrumentation.EvoClassLoader instrumentClass
INFO: Instrumenting class 'org.mozilla.javascript.NativeGenerator'.
Aug 08, 2018 12:09:01 AM org.evosuite.runtime.instrumentation.MethodCallReplacementClassAdapter visit
INFO: Adding mock interface to class org/mozilla/javascript/NativeGenerator
Aug 08, 2018 12:09:02 AM org.evosuite.runtime.instrumentation.CreateClassResetClassAdapter visitMethod
INFO: Found static initializer in class org/mozilla/javascript/NativeGenerator
Aug 08, 2018 12:09:02 AM org.evosuite.runtime.instrumentation.EvoClassLoader instrumentClass
INFO: Keeping class: org.mozilla.javascript.NativeGenerator
Aug 08, 2018 12:09:02 AM org.evosuite.runtime.instrumentation.EvoClassLoader loadClass
INFO: Seeing class for first time: org.mozilla.javascript.NativeGenerator$GeneratorClosedException
Aug 08, 2018 12:09:02 AM org.evosuite.runtime.instrumentation.EvoClassLoader instrumentClass
INFO: Instrumenting class 'org.mozilla.javascript.NativeGenerator$GeneratorClosedException'.
Aug 08, 2018 12:09:02 AM org.evosuite.runtime.instrumentation.MethodCallReplacementClassAdapter visit
INFO: Adding mock interface to class org/mozilla/javascript/NativeGenerator$GeneratorClosedException
Aug 08, 2018 12:09:02 AM org.evosuite.runtime.instrumentation.CreateClassResetClassAdapter createEmptyStaticReset
INFO: Creating brand-new static initializer in class org/mozilla/javascript/NativeGenerator$GeneratorClosedException
Aug 08, 2018 12:09:02 AM org.evosuite.runtime.instrumentation.EvoClassLoader instrumentClass
INFO: Keeping class: org.mozilla.javascript.NativeGenerator$GeneratorClosedException
Aug 08, 2018 12:09:02 AM org.evosuite.runtime.instrumentation.EvoClassLoader loadClass
INFO: Seeing class for first time: org.mozilla.javascript.tools.shell.ShellConsole$SimpleShellConsole
Aug 08, 2018 12:09:02 AM org.evosuite.runtime.instrumentation.EvoClassLoader instrumentClass
INFO: Instrumenting class 'org.mozilla.javascript.tools.shell.ShellConsole$SimpleShellConsole'.
Aug 08, 2018 12:09:02 AM org.evosuite.runtime.instrumentation.MethodCallReplacementClassAdapter visit
INFO: Adding mock interface to class org/mozilla/javascript/tools/shell/ShellConsole$SimpleShellConsole
Aug 08, 2018 12:09:02 AM org.evosuite.runtime.instrumentation.CreateClassResetClassAdapter createEmptyStaticReset
INFO: Creating brand-new static initializer in class org/mozilla/javascript/tools/shell/ShellConsole$SimpleShellConsole
Aug 08, 2018 12:09:02 AM org.evosuite.runtime.instrumentation.EvoClassLoader createPackageDefinition
INFO: Defined package (3): package org.mozilla.javascript.tools.shell, -969077660
Aug 08, 2018 12:09:02 AM org.evosuite.runtime.instrumentation.EvoClassLoader loadClass
INFO: Seeing class for first time: org.mozilla.javascript.tools.shell.ShellConsole
Aug 08, 2018 12:09:02 AM org.evosuite.runtime.instrumentation.EvoClassLoader instrumentClass
INFO: Instrumenting class 'org.mozilla.javascript.tools.shell.ShellConsole'.
Aug 08, 2018 12:09:02 AM org.evosuite.runtime.instrumentation.MethodCallReplacementClassAdapter visit
INFO: Adding mock interface to class org/mozilla/javascript/tools/shell/ShellConsole
Aug 08, 2018 12:09:02 AM org.evosuite.runtime.instrumentation.CreateClassResetClassAdapter visitMethod
INFO: Found static initializer in class org/mozilla/javascript/tools/shell/ShellConsole
Aug 08, 2018 12:09:02 AM org.evosuite.runtime.instrumentation.EvoClassLoader instrumentClass
INFO: Keeping class: org.mozilla.javascript.tools.shell.ShellConsole
Aug 08, 2018 12:09:02 AM org.evosuite.runtime.instrumentation.EvoClassLoader instrumentClass
INFO: Keeping class: org.mozilla.javascript.tools.shell.ShellConsole$SimpleShellConsole
Aug 08, 2018 12:09:02 AM org.evosuite.runtime.instrumentation.EvoClassLoader loadClass
INFO: Seeing class for first time: org.mozilla.javascript.tools.shell.ShellConsole$JLineShellConsoleV2
Aug 08, 2018 12:09:02 AM org.evosuite.runtime.instrumentation.EvoClassLoader instrumentClass
INFO: Instrumenting class 'org.mozilla.javascript.tools.shell.ShellConsole$JLineShellConsoleV2'.
Aug 08, 2018 12:09:02 AM org.evosuite.runtime.instrumentation.MethodCallReplacementClassAdapter visit
INFO: Adding mock interface to class org/mozilla/javascript/tools/shell/ShellConsole$JLineShellConsoleV2
Aug 08, 2018 12:09:02 AM org.evosuite.runtime.instrumentation.CreateClassResetClassAdapter createEmptyStaticReset
INFO: Creating brand-new static initializer in class org/mozilla/javascript/tools/shell/ShellConsole$JLineShellConsoleV2
Aug 08, 2018 12:09:02 AM org.evosuite.runtime.instrumentation.EvoClassLoader instrumentClass
INFO: Keeping class: org.mozilla.javascript.tools.shell.ShellConsole$JLineShellConsoleV2
Aug 08, 2018 12:09:02 AM org.evosuite.runtime.instrumentation.EvoClassLoader loadClass
INFO: Seeing class for first time: org.mozilla.javascript.tools.shell.ShellConsole$JLineShellConsoleV1
Aug 08, 2018 12:09:02 AM org.evosuite.runtime.instrumentation.EvoClassLoader instrumentClass
INFO: Instrumenting class 'org.mozilla.javascript.tools.shell.ShellConsole$JLineShellConsoleV1'.
Aug 08, 2018 12:09:02 AM org.evosuite.runtime.instrumentation.MethodCallReplacementClassAdapter visit
INFO: Adding mock interface to class org/mozilla/javascript/tools/shell/ShellConsole$JLineShellConsoleV1
Aug 08, 2018 12:09:02 AM org.evosuite.runtime.instrumentation.CreateClassResetClassAdapter createEmptyStaticReset
INFO: Creating brand-new static initializer in class org/mozilla/javascript/tools/shell/ShellConsole$JLineShellConsoleV1
Aug 08, 2018 12:09:02 AM org.evosuite.runtime.instrumentation.EvoClassLoader instrumentClass
INFO: Keeping class: org.mozilla.javascript.tools.shell.ShellConsole$JLineShellConsoleV1
Aug 08, 2018 12:09:02 AM org.evosuite.runtime.instrumentation.EvoClassLoader loadClass
INFO: Seeing class for first time: org.mozilla.javascript.ObjArray
Aug 08, 2018 12:09:02 AM org.evosuite.runtime.instrumentation.EvoClassLoader instrumentClass
INFO: Instrumenting class 'org.mozilla.javascript.ObjArray'.
Aug 08, 2018 12:09:02 AM org.evosuite.runtime.instrumentation.MethodCallReplacementClassAdapter visit
INFO: Adding mock interface to class org/mozilla/javascript/ObjArray
Aug 08, 2018 12:09:02 AM org.evosuite.runtime.instrumentation.CreateClassResetClassAdapter createEmptyStaticReset
INFO: Creating brand-new static initializer in class org/mozilla/javascript/ObjArray
Aug 08, 2018 12:09:02 AM org.evosuite.runtime.instrumentation.CreateClassResetClassAdapter createEmptyStaticReset
INFO: Adding bytecode for initializing field FIELDS_STORE_SIZE
Aug 08, 2018 12:09:02 AM org.evosuite.runtime.instrumentation.EvoClassLoader instrumentClass
INFO: Keeping class: org.mozilla.javascript.ObjArray
Aug 08, 2018 12:09:02 AM org.evosuite.runtime.instrumentation.EvoClassLoader loadClass
INFO: Seeing class for first time: org.mozilla.javascript.SymbolKey
Aug 08, 2018 12:09:02 AM org.evosuite.runtime.instrumentation.EvoClassLoader instrumentClass
INFO: Instrumenting class 'org.mozilla.javascript.SymbolKey'.
Aug 08, 2018 12:09:02 AM org.evosuite.runtime.instrumentation.MethodCallReplacementClassAdapter visit
INFO: Adding mock interface to class org/mozilla/javascript/SymbolKey
Aug 08, 2018 12:09:02 AM org.evosuite.runtime.instrumentation.CreateClassResetClassAdapter visitMethod
INFO: Found static initializer in class org/mozilla/javascript/SymbolKey
Aug 08, 2018 12:09:02 AM org.evosuite.runtime.instrumentation.EvoClassLoader instrumentClass
INFO: Keeping class: org.mozilla.javascript.SymbolKey
Aug 08, 2018 12:09:02 AM org.evosuite.runtime.instrumentation.EvoClassLoader loadClass
INFO: Seeing class for first time: org.mozilla.javascript.ast.XmlRef
Aug 08, 2018 12:09:02 AM org.evosuite.runtime.instrumentation.EvoClassLoader instrumentClass
INFO: Instrumenting class 'org.mozilla.javascript.ast.XmlRef'.
Aug 08, 2018 12:09:02 AM org.evosuite.runtime.instrumentation.MethodCallReplacementClassAdapter visit
INFO: Adding mock interface to class org/mozilla/javascript/ast/XmlRef
Aug 08, 2018 12:09:02 AM org.evosuite.runtime.instrumentation.CreateClassResetClassAdapter createEmptyStaticReset
INFO: Creating brand-new static initializer in class org/mozilla/javascript/ast/XmlRef
Aug 08, 2018 12:09:02 AM org.evosuite.runtime.instrumentation.EvoClassLoader instrumentClass
INFO: Keeping class: org.mozilla.javascript.ast.XmlRef
Aug 08, 2018 12:09:02 AM org.evosuite.runtime.instrumentation.EvoClassLoader loadClass
INFO: Seeing class for first time: org.mozilla.javascript.ES6Iterator
Aug 08, 2018 12:09:02 AM org.evosuite.runtime.instrumentation.EvoClassLoader instrumentClass
INFO: Instrumenting class 'org.mozilla.javascript.ES6Iterator'.
Aug 08, 2018 12:09:02 AM org.evosuite.runtime.instrumentation.MethodCallReplacementClassAdapter visit
INFO: Adding mock interface to class org/mozilla/javascript/ES6Iterator
Aug 08, 2018 12:09:02 AM org.evosuite.runtime.instrumentation.CreateClassResetClassAdapter createEmptyStaticReset
INFO: Creating brand-new static initializer in class org/mozilla/javascript/ES6Iterator
Aug 08, 2018 12:09:02 AM org.evosuite.runtime.instrumentation.CreateClassResetClassAdapter createEmptyStaticReset
INFO: Adding bytecode for initializing field Id_next
Aug 08, 2018 12:09:02 AM org.evosuite.runtime.instrumentation.CreateClassResetClassAdapter createEmptyStaticReset
INFO: Adding bytecode for initializing field Id_iterator
Aug 08, 2018 12:09:02 AM org.evosuite.runtime.instrumentation.CreateClassResetClassAdapter createEmptyStaticReset
INFO: Adding bytecode for initializing field Id_toStringTag
Aug 08, 2018 12:09:02 AM org.evosuite.runtime.instrumentation.CreateClassResetClassAdapter createEmptyStaticReset
INFO: Adding bytecode for initializing field MAX_PROTOTYPE_ID
Aug 08, 2018 12:09:02 AM org.evosuite.runtime.instrumentation.CreateClassResetClassAdapter createEmptyStaticReset
INFO: Adding bytecode for initializing field NEXT_METHOD
Aug 08, 2018 12:09:02 AM org.evosuite.runtime.instrumentation.CreateClassResetClassAdapter createEmptyStaticReset
INFO: Adding bytecode for initializing field DONE_PROPERTY
Aug 08, 2018 12:09:02 AM org.evosuite.runtime.instrumentation.CreateClassResetClassAdapter createEmptyStaticReset
INFO: Adding bytecode for initializing field VALUE_PROPERTY
Aug 08, 2018 12:09:02 AM org.evosuite.runtime.instrumentation.EvoClassLoader instrumentClass
INFO: Keeping class: org.mozilla.javascript.ES6Iterator
Aug 08, 2018 12:09:02 AM org.evosuite.runtime.instrumentation.EvoClassLoader loadClass
INFO: Seeing class for first time: org.mozilla.javascript.StackStyle
Aug 08, 2018 12:09:02 AM org.evosuite.runtime.instrumentation.EvoClassLoader instrumentClass
INFO: Instrumenting class 'org.mozilla.javascript.StackStyle'.
Aug 08, 2018 12:09:02 AM org.evosuite.runtime.instrumentation.MethodCallReplacementClassAdapter visit
INFO: Adding mock interface to class org/mozilla/javascript/StackStyle
Aug 08, 2018 12:09:02 AM org.evosuite.runtime.instrumentation.CreateClassResetClassAdapter visitMethod
INFO: Found static initializer in class org/mozilla/javascript/StackStyle
Aug 08, 2018 12:09:02 AM org.evosuite.runtime.instrumentation.EvoClassLoader instrumentClass
INFO: Keeping class: org.mozilla.javascript.StackStyle
Aug 08, 2018 12:09:02 AM org.evosuite.runtime.instrumentation.EvoClassLoader loadClass
INFO: Seeing class for first time: org.mozilla.javascript.ast.RegExpLiteral
Aug 08, 2018 12:09:02 AM org.evosuite.runtime.instrumentation.EvoClassLoader instrumentClass
INFO: Instrumenting class 'org.mozilla.javascript.ast.RegExpLiteral'.
Aug 08, 2018 12:09:02 AM org.evosuite.runtime.instrumentation.MethodCallReplacementClassAdapter visit
INFO: Adding mock interface to class org/mozilla/javascript/ast/RegExpLiteral
Aug 08, 2018 12:09:02 AM org.evosuite.runtime.instrumentation.CreateClassResetClassAdapter createEmptyStaticReset
INFO: Creating brand-new static initializer in class org/mozilla/javascript/ast/RegExpLiteral
Aug 08, 2018 12:09:02 AM org.evosuite.runtime.instrumentation.EvoClassLoader instrumentClass
INFO: Keeping class: org.mozilla.javascript.ast.RegExpLiteral
Aug 08, 2018 12:09:02 AM org.evosuite.runtime.instrumentation.EvoClassLoader loadClass
INFO: Seeing class for first time: org.mozilla.javascript.NativeError$ProtoProps
Aug 08, 2018 12:09:02 AM org.evosuite.runtime.instrumentation.EvoClassLoader instrumentClass
INFO: Instrumenting class 'org.mozilla.javascript.NativeError$ProtoProps'.
Aug 08, 2018 12:09:02 AM org.evosuite.runtime.instrumentation.MethodCallReplacementClassAdapter visit
INFO: Adding mock interface to class org/mozilla/javascript/NativeError$ProtoProps
Aug 08, 2018 12:09:02 AM org.evosuite.runtime.instrumentation.CreateClassResetClassAdapter visitMethod
INFO: Found static initializer in class org/mozilla/javascript/NativeError$ProtoProps
Aug 08, 2018 12:09:02 AM org.evosuite.runtime.instrumentation.EvoClassLoader instrumentClass
INFO: Keeping class: org.mozilla.javascript.NativeError$ProtoProps
Aug 08, 2018 12:09:02 AM org.evosuite.runtime.instrumentation.EvoClassLoader loadClass
INFO: Seeing class for first time: org.mozilla.javascript.v8dtoa.DoubleConversion
Aug 08, 2018 12:09:02 AM org.evosuite.runtime.instrumentation.EvoClassLoader instrumentClass
INFO: Instrumenting class 'org.mozilla.javascript.v8dtoa.DoubleConversion'.
Aug 08, 2018 12:09:02 AM org.evosuite.runtime.instrumentation.MethodCallReplacementClassAdapter visit
INFO: Adding mock interface to class org/mozilla/javascript/v8dtoa/DoubleConversion
Aug 08, 2018 12:09:02 AM org.evosuite.runtime.instrumentation.CreateClassResetClassAdapter createEmptyStaticReset
INFO: Creating brand-new static initializer in class org/mozilla/javascript/v8dtoa/DoubleConversion
Aug 08, 2018 12:09:02 AM org.evosuite.runtime.instrumentation.CreateClassResetClassAdapter createEmptyStaticReset
INFO: Adding bytecode for initializing field kSignMask
Aug 08, 2018 12:09:02 AM org.evosuite.runtime.instrumentation.CreateClassResetClassAdapter createEmptyStaticReset
INFO: Adding bytecode for initializing field kExponentMask
Aug 08, 2018 12:09:02 AM org.evosuite.runtime.instrumentation.CreateClassResetClassAdapter createEmptyStaticReset
INFO: Adding bytecode for initializing field kSignificandMask
Aug 08, 2018 12:09:02 AM org.evosuite.runtime.instrumentation.CreateClassResetClassAdapter createEmptyStaticReset
INFO: Adding bytecode for initializing field kHiddenBit
Aug 08, 2018 12:09:02 AM org.evosuite.runtime.instrumentation.CreateClassResetClassAdapter createEmptyStaticReset
INFO: Adding bytecode for initializing field kPhysicalSignificandSize
Aug 08, 2018 12:09:02 AM org.evosuite.runtime.instrumentation.CreateClassResetClassAdapter createEmptyStaticReset
INFO: Adding bytecode for initializing field kSignificandSize
Aug 08, 2018 12:09:02 AM org.evosuite.runtime.instrumentation.CreateClassResetClassAdapter createEmptyStaticReset
INFO: Adding bytecode for initializing field kExponentBias
Aug 08, 2018 12:09:02 AM org.evosuite.runtime.instrumentation.CreateClassResetClassAdapter createEmptyStaticReset
INFO: Adding bytecode for initializing field kDenormalExponent
Aug 08, 2018 12:09:02 AM org.evosuite.runtime.instrumentation.EvoClassLoader createPackageDefinition
INFO: Defined package (3): package org.mozilla.javascript.v8dtoa, -1527315587
Aug 08, 2018 12:09:02 AM org.evosuite.runtime.instrumentation.EvoClassLoader instrumentClass
INFO: Keeping class: org.mozilla.javascript.v8dtoa.DoubleConversion
Aug 08, 2018 12:09:02 AM org.evosuite.runtime.instrumentation.EvoClassLoader loadClass
INFO: Seeing class for first time: org.mozilla.javascript.NativeJavaPackage
Aug 08, 2018 12:09:02 AM org.evosuite.runtime.instrumentation.EvoClassLoader instrumentClass
INFO: Instrumenting class 'org.mozilla.javascript.NativeJavaPackage'.
Aug 08, 2018 12:09:02 AM org.evosuite.runtime.instrumentation.MethodCallReplacementClassAdapter visit
INFO: Adding mock interface to class org/mozilla/javascript/NativeJavaPackage
Aug 08, 2018 12:09:02 AM org.evosuite.runtime.instrumentation.CreateClassResetClassAdapter createEmptyStaticReset
INFO: Creating brand-new static initializer in class org/mozilla/javascript/NativeJavaPackage
Aug 08, 2018 12:09:02 AM org.evosuite.runtime.instrumentation.EvoClassLoader instrumentClass
INFO: Keeping class: org.mozilla.javascript.NativeJavaPackage
Aug 08, 2018 12:09:02 AM org.evosuite.runtime.instrumentation.EvoClassLoader loadClass
INFO: Seeing class for first time: org.mozilla.javascript.SpecialRef
Aug 08, 2018 12:09:02 AM org.evosuite.runtime.instrumentation.EvoClassLoader instrumentClass
INFO: Instrumenting class 'org.mozilla.javascript.SpecialRef'.
Aug 08, 2018 12:09:02 AM org.evosuite.runtime.instrumentation.MethodCallReplacementClassAdapter visit
INFO: Adding mock interface to class org/mozilla/javascript/SpecialRef
Aug 08, 2018 12:09:02 AM org.evosuite.runtime.instrumentation.CreateClassResetClassAdapter createEmptyStaticReset
INFO: Creating brand-new static initializer in class org/mozilla/javascript/SpecialRef
Aug 08, 2018 12:09:02 AM org.evosuite.runtime.instrumentation.CreateClassResetClassAdapter createEmptyStaticReset
INFO: Adding bytecode for initializing field SPECIAL_NONE
Aug 08, 2018 12:09:02 AM org.evosuite.runtime.instrumentation.CreateClassResetClassAdapter createEmptyStaticReset
INFO: Adding bytecode for initializing field SPECIAL_PROTO
Aug 08, 2018 12:09:02 AM org.evosuite.runtime.instrumentation.CreateClassResetClassAdapter createEmptyStaticReset
INFO: Adding bytecode for initializing field SPECIAL_PARENT
Aug 08, 2018 12:09:02 AM org.evosuite.runtime.instrumentation.EvoClassLoader loadClass
INFO: Seeing class for first time: org.mozilla.javascript.Ref
Aug 08, 2018 12:09:02 AM org.evosuite.runtime.instrumentation.EvoClassLoader instrumentClass
INFO: Instrumenting class 'org.mozilla.javascript.Ref'.
Aug 08, 2018 12:09:02 AM org.evosuite.runtime.instrumentation.MethodCallReplacementClassAdapter visit
INFO: Adding mock interface to class org/mozilla/javascript/Ref
Aug 08, 2018 12:09:02 AM org.evosuite.runtime.instrumentation.CreateClassResetClassAdapter createEmptyStaticReset
INFO: Creating brand-new static initializer in class org/mozilla/javascript/Ref
Aug 08, 2018 12:09:02 AM org.evosuite.runtime.instrumentation.EvoClassLoader instrumentClass
INFO: Keeping class: org.mozilla.javascript.Ref
Aug 08, 2018 12:09:02 AM org.evosuite.runtime.instrumentation.EvoClassLoader instrumentClass
INFO: Keeping class: org.mozilla.javascript.SpecialRef
Aug 08, 2018 12:09:02 AM org.evosuite.runtime.instrumentation.EvoClassLoader loadClass
INFO: Seeing class for first time: org.mozilla.javascript.ContextFactory$1GlobalSetterImpl
Aug 08, 2018 12:09:02 AM org.evosuite.runtime.instrumentation.EvoClassLoader instrumentClass
INFO: Instrumenting class 'org.mozilla.javascript.ContextFactory$1GlobalSetterImpl'.
Aug 08, 2018 12:09:02 AM org.evosuite.runtime.instrumentation.MethodCallReplacementClassAdapter visit
INFO: Adding mock interface to class org/mozilla/javascript/ContextFactory$1GlobalSetterImpl
Aug 08, 2018 12:09:02 AM org.evosuite.runtime.instrumentation.EvoClassLoader loadClass
INFO: Seeing class for first time: org.mozilla.javascript.ContextFactory$GlobalSetter
Aug 08, 2018 12:09:02 AM org.evosuite.runtime.instrumentation.EvoClassLoader instrumentClass
INFO: Instrumenting class 'org.mozilla.javascript.ContextFactory$GlobalSetter'.
Aug 08, 2018 12:09:02 AM org.evosuite.runtime.instrumentation.EvoClassLoader instrumentClass
INFO: Keeping class: org.mozilla.javascript.ContextFactory$GlobalSetter
Aug 08, 2018 12:09:02 AM org.evosuite.runtime.instrumentation.EvoClassLoader instrumentClass
INFO: Keeping class: org.mozilla.javascript.ContextFactory$1GlobalSetterImpl
Aug 08, 2018 12:09:02 AM org.evosuite.runtime.instrumentation.EvoClassLoader loadClass
INFO: Seeing class for first time: org.mozilla.javascript.NativeString
Aug 08, 2018 12:09:02 AM org.evosuite.runtime.instrumentation.EvoClassLoader instrumentClass
INFO: Instrumenting class 'org.mozilla.javascript.NativeString'.
Aug 08, 2018 12:09:02 AM org.evosuite.runtime.instrumentation.MethodCallReplacementClassAdapter visit
INFO: Adding mock interface to class org/mozilla/javascript/NativeString
Aug 08, 2018 12:09:02 AM org.evosuite.runtime.instrumentation.CreateClassResetClassAdapter visitMethod
INFO: Found static initializer in class org/mozilla/javascript/NativeString
Aug 08, 2018 12:09:02 AM org.evosuite.runtime.instrumentation.EvoClassLoader instrumentClass
INFO: Keeping class: org.mozilla.javascript.NativeString
Aug 08, 2018 12:09:02 AM org.evosuite.runtime.instrumentation.EvoClassLoader loadClass
INFO: Seeing class for first time: org.mozilla.javascript.optimizer.BodyCodegen
Aug 08, 2018 12:09:02 AM org.evosuite.runtime.instrumentation.EvoClassLoader instrumentClass
INFO: Instrumenting class 'org.mozilla.javascript.optimizer.BodyCodegen'.
Aug 08, 2018 12:09:02 AM org.evosuite.runtime.instrumentation.MethodCallReplacementClassAdapter visit
INFO: Adding mock interface to class org/mozilla/javascript/optimizer/BodyCodegen
Aug 08, 2018 12:09:02 AM org.evosuite.runtime.instrumentation.CreateClassResetClassAdapter visitMethod
INFO: Found static initializer in class org/mozilla/javascript/optimizer/BodyCodegen
Aug 08, 2018 12:09:03 AM org.evosuite.runtime.instrumentation.EvoClassLoader instrumentClass
INFO: Keeping class: org.mozilla.javascript.optimizer.BodyCodegen
Aug 08, 2018 12:09:03 AM org.evosuite.runtime.instrumentation.EvoClassLoader loadClass
INFO: Seeing class for first time: org.mozilla.javascript.typedarrays.NativeArrayBuffer
Aug 08, 2018 12:09:03 AM org.evosuite.runtime.instrumentation.EvoClassLoader instrumentClass
INFO: Instrumenting class 'org.mozilla.javascript.typedarrays.NativeArrayBuffer'.
Aug 08, 2018 12:09:03 AM org.evosuite.runtime.instrumentation.MethodCallReplacementClassAdapter visit
INFO: Adding mock interface to class org/mozilla/javascript/typedarrays/NativeArrayBuffer
Aug 08, 2018 12:09:03 AM org.evosuite.runtime.instrumentation.CreateClassResetClassAdapter visitMethod
INFO: Found static initializer in class org/mozilla/javascript/typedarrays/NativeArrayBuffer
Aug 08, 2018 12:09:03 AM org.evosuite.runtime.instrumentation.EvoClassLoader instrumentClass
INFO: Keeping class: org.mozilla.javascript.typedarrays.NativeArrayBuffer
Aug 08, 2018 12:09:03 AM org.evosuite.runtime.instrumentation.EvoClassLoader loadClass
INFO: Seeing class for first time: org.mozilla.javascript.WrappedException
Aug 08, 2018 12:09:03 AM org.evosuite.runtime.instrumentation.EvoClassLoader instrumentClass
INFO: Instrumenting class 'org.mozilla.javascript.WrappedException'.
Aug 08, 2018 12:09:03 AM org.evosuite.runtime.instrumentation.MethodCallReplacementClassAdapter visit
INFO: Adding mock interface to class org/mozilla/javascript/WrappedException
Aug 08, 2018 12:09:03 AM org.evosuite.runtime.instrumentation.CreateClassResetClassAdapter createEmptyStaticReset
INFO: Creating brand-new static initializer in class org/mozilla/javascript/WrappedException
Aug 08, 2018 12:09:03 AM org.evosuite.runtime.instrumentation.EvoClassLoader instrumentClass
INFO: Keeping class: org.mozilla.javascript.WrappedException
Aug 08, 2018 12:09:03 AM org.evosuite.runtime.instrumentation.EvoClassLoader loadClass
INFO: Seeing class for first time: org.mozilla.javascript.ContextFactory$Listener
Aug 08, 2018 12:09:03 AM org.evosuite.runtime.instrumentation.EvoClassLoader instrumentClass
INFO: Instrumenting class 'org.mozilla.javascript.ContextFactory$Listener'.
Aug 08, 2018 12:09:03 AM org.evosuite.runtime.instrumentation.EvoClassLoader instrumentClass
INFO: Keeping class: org.mozilla.javascript.ContextFactory$Listener
Aug 08, 2018 12:09:03 AM org.evosuite.runtime.instrumentation.EvoClassLoader loadClass
INFO: Seeing class for first time: org.mozilla.javascript.ContextAction
Aug 08, 2018 12:09:03 AM org.evosuite.runtime.instrumentation.EvoClassLoader instrumentClass
INFO: Instrumenting class 'org.mozilla.javascript.ContextAction'.
Aug 08, 2018 12:09:03 AM org.evosuite.runtime.instrumentation.EvoClassLoader instrumentClass
INFO: Keeping class: org.mozilla.javascript.ContextAction
Aug 08, 2018 12:09:03 AM org.evosuite.runtime.instrumentation.EvoClassLoader loadClass
INFO: Seeing class for first time: org.mozilla.javascript.NativeArray
Aug 08, 2018 12:09:03 AM org.evosuite.runtime.instrumentation.EvoClassLoader instrumentClass
INFO: Instrumenting class 'org.mozilla.javascript.NativeArray'.
Aug 08, 2018 12:09:03 AM org.evosuite.runtime.instrumentation.MethodCallReplacementClassAdapter visit
INFO: Adding mock interface to class org/mozilla/javascript/NativeArray
Aug 08, 2018 12:09:03 AM org.evosuite.runtime.instrumentation.CreateClassResetClassAdapter visitMethod
INFO: Found static initializer in class org/mozilla/javascript/NativeArray
Aug 08, 2018 12:09:03 AM org.evosuite.runtime.instrumentation.EvoClassLoader instrumentClass
INFO: Keeping class: org.mozilla.javascript.NativeArray
Aug 08, 2018 12:09:03 AM org.evosuite.runtime.instrumentation.EvoClassLoader loadClass
INFO: Seeing class for first time: org.mozilla.javascript.ScriptRuntime
Aug 08, 2018 12:09:03 AM org.evosuite.runtime.instrumentation.EvoClassLoader instrumentClass
INFO: Instrumenting class 'org.mozilla.javascript.ScriptRuntime'.
Aug 08, 2018 12:09:03 AM org.evosuite.runtime.instrumentation.MethodCallReplacementClassAdapter visit
INFO: Adding mock interface to class org/mozilla/javascript/ScriptRuntime
Aug 08, 2018 12:09:03 AM org.evosuite.runtime.instrumentation.CreateClassResetClassAdapter visitMethod
INFO: Found static initializer in class org/mozilla/javascript/ScriptRuntime
Aug 08, 2018 12:09:03 AM org.evosuite.runtime.instrumentation.EvoClassLoader instrumentClass
INFO: Keeping class: org.mozilla.javascript.ScriptRuntime
Aug 08, 2018 12:09:03 AM org.evosuite.runtime.instrumentation.EvoClassLoader loadClass
INFO: Seeing class for first time: org.mozilla.javascript.ScriptRuntime$MessageProvider
Aug 08, 2018 12:09:03 AM org.evosuite.runtime.instrumentation.EvoClassLoader instrumentClass
INFO: Instrumenting class 'org.mozilla.javascript.ScriptRuntime$MessageProvider'.
Aug 08, 2018 12:09:03 AM org.evosuite.runtime.instrumentation.EvoClassLoader instrumentClass
INFO: Keeping class: org.mozilla.javascript.ScriptRuntime$MessageProvider
Aug 08, 2018 12:09:03 AM org.evosuite.runtime.instrumentation.EvoClassLoader loadClass
INFO: Seeing class for first time: org.mozilla.javascript.NativeSymbol
Aug 08, 2018 12:09:03 AM org.evosuite.runtime.instrumentation.EvoClassLoader instrumentClass
INFO: Instrumenting class 'org.mozilla.javascript.NativeSymbol'.
Aug 08, 2018 12:09:03 AM org.evosuite.runtime.instrumentation.MethodCallReplacementClassAdapter visit
INFO: Adding mock interface to class org/mozilla/javascript/NativeSymbol
Aug 08, 2018 12:09:03 AM org.evosuite.runtime.instrumentation.CreateClassResetClassAdapter visitMethod
INFO: Found static initializer in class org/mozilla/javascript/NativeSymbol
Aug 08, 2018 12:09:03 AM org.evosuite.runtime.instrumentation.EvoClassLoader instrumentClass
INFO: Keeping class: org.mozilla.javascript.NativeSymbol
Aug 08, 2018 12:09:03 AM org.evosuite.runtime.instrumentation.EvoClassLoader loadClass
INFO: Seeing class for first time: org.mozilla.javascript.NativeNumber
Aug 08, 2018 12:09:03 AM org.evosuite.runtime.instrumentation.EvoClassLoader instrumentClass
INFO: Instrumenting class 'org.mozilla.javascript.NativeNumber'.
Aug 08, 2018 12:09:03 AM org.evosuite.runtime.instrumentation.MethodCallReplacementClassAdapter visit
INFO: Adding mock interface to class org/mozilla/javascript/NativeNumber
Aug 08, 2018 12:09:03 AM org.evosuite.runtime.instrumentation.CreateClassResetClassAdapter visitMethod
INFO: Found static initializer in class org/mozilla/javascript/NativeNumber
Aug 08, 2018 12:09:03 AM org.evosuite.runtime.instrumentation.EvoClassLoader instrumentClass
INFO: Keeping class: org.mozilla.javascript.NativeNumber
Aug 08, 2018 12:09:03 AM org.evosuite.runtime.instrumentation.EvoClassLoader loadClass
INFO: Seeing class for first time: org.mozilla.javascript.ScriptRuntime$1
Aug 08, 2018 12:09:03 AM org.evosuite.runtime.instrumentation.EvoClassLoader instrumentClass
INFO: Instrumenting class 'org.mozilla.javascript.ScriptRuntime$1'.
Aug 08, 2018 12:09:03 AM org.evosuite.runtime.instrumentation.MethodCallReplacementClassAdapter visit
INFO: Adding mock interface to class org/mozilla/javascript/ScriptRuntime$1
Aug 08, 2018 12:09:03 AM org.evosuite.runtime.instrumentation.EvoClassLoader instrumentClass
INFO: Keeping class: org.mozilla.javascript.ScriptRuntime$1
Aug 08, 2018 12:09:03 AM org.evosuite.runtime.instrumentation.EvoClassLoader loadClass
INFO: Seeing class for first time: org.mozilla.javascript.ImporterTopLevel
Aug 08, 2018 12:09:03 AM org.evosuite.runtime.instrumentation.EvoClassLoader instrumentClass
INFO: Instrumenting class 'org.mozilla.javascript.ImporterTopLevel'.
Aug 08, 2018 12:09:03 AM org.evosuite.runtime.instrumentation.MethodCallReplacementClassAdapter visit
INFO: Adding mock interface to class org/mozilla/javascript/ImporterTopLevel
Aug 08, 2018 12:09:03 AM org.evosuite.runtime.instrumentation.CreateClassResetClassAdapter visitMethod
INFO: Found static initializer in class org/mozilla/javascript/ImporterTopLevel
Aug 08, 2018 12:09:03 AM org.evosuite.runtime.instrumentation.EvoClassLoader loadClass
INFO: Seeing class for first time: org.mozilla.javascript.TopLevel
Aug 08, 2018 12:09:03 AM org.evosuite.runtime.instrumentation.EvoClassLoader instrumentClass
INFO: Instrumenting class 'org.mozilla.javascript.TopLevel'.
Aug 08, 2018 12:09:03 AM org.evosuite.runtime.instrumentation.MethodCallReplacementClassAdapter visit
INFO: Adding mock interface to class org/mozilla/javascript/TopLevel
Aug 08, 2018 12:09:03 AM org.evosuite.runtime.instrumentation.CreateClassResetClassAdapter visitMethod
INFO: Found static initializer in class org/mozilla/javascript/TopLevel
Aug 08, 2018 12:09:03 AM org.evosuite.runtime.instrumentation.EvoClassLoader instrumentClass
INFO: Keeping class: org.mozilla.javascript.TopLevel
Aug 08, 2018 12:09:03 AM org.evosuite.runtime.instrumentation.EvoClassLoader instrumentClass
INFO: Keeping class: org.mozilla.javascript.ImporterTopLevel
Aug 08, 2018 12:09:03 AM org.evosuite.runtime.instrumentation.EvoClassLoader loadClass
INFO: Seeing class for first time: org.mozilla.javascript.Kit
Aug 08, 2018 12:09:03 AM org.evosuite.runtime.instrumentation.EvoClassLoader instrumentClass
INFO: Instrumenting class 'org.mozilla.javascript.Kit'.
Aug 08, 2018 12:09:04 AM org.evosuite.runtime.instrumentation.MethodCallReplacementClassAdapter visit
INFO: Adding mock interface to class org/mozilla/javascript/Kit
Aug 08, 2018 12:09:04 AM org.evosuite.runtime.instrumentation.CreateClassResetClassAdapter visitMethod
INFO: Found static initializer in class org/mozilla/javascript/Kit
Aug 08, 2018 12:09:04 AM org.evosuite.runtime.instrumentation.EvoClassLoader instrumentClass
INFO: Keeping class: org.mozilla.javascript.Kit
Aug 08, 2018 12:09:04 AM org.evosuite.runtime.instrumentation.EvoClassLoader loadClass
INFO: Seeing class for first time: org.mozilla.javascript.ContextFactory
Aug 08, 2018 12:09:04 AM org.evosuite.runtime.instrumentation.EvoClassLoader instrumentClass
INFO: Instrumenting class 'org.mozilla.javascript.ContextFactory'.
Aug 08, 2018 12:09:04 AM org.evosuite.runtime.instrumentation.MethodCallReplacementClassAdapter visit
INFO: Adding mock interface to class org/mozilla/javascript/ContextFactory
Aug 08, 2018 12:09:04 AM org.evosuite.runtime.instrumentation.CreateClassResetClassAdapter visitMethod
INFO: Found static initializer in class org/mozilla/javascript/ContextFactory
Aug 08, 2018 12:09:04 AM org.evosuite.runtime.instrumentation.EvoClassLoader instrumentClass
INFO: Keeping class: org.mozilla.javascript.ContextFactory
Aug 08, 2018 12:09:04 AM org.evosuite.runtime.instrumentation.EvoClassLoader loadClass
INFO: Seeing class for first time: org.mozilla.javascript.ScriptRuntime$DefaultMessageProvider
Aug 08, 2018 12:09:04 AM org.evosuite.runtime.instrumentation.EvoClassLoader instrumentClass
INFO: Instrumenting class 'org.mozilla.javascript.ScriptRuntime$DefaultMessageProvider'.
Aug 08, 2018 12:09:04 AM org.evosuite.runtime.instrumentation.MethodCallReplacementClassAdapter visit
INFO: Adding mock interface to class org/mozilla/javascript/ScriptRuntime$DefaultMessageProvider
Aug 08, 2018 12:09:04 AM org.evosuite.runtime.instrumentation.CreateClassResetClassAdapter createEmptyStaticReset
INFO: Creating brand-new static initializer in class org/mozilla/javascript/ScriptRuntime$DefaultMessageProvider
Aug 08, 2018 12:09:04 AM org.evosuite.runtime.instrumentation.EvoClassLoader instrumentClass
INFO: Keeping class: org.mozilla.javascript.ScriptRuntime$DefaultMessageProvider
Aug 08, 2018 12:09:04 AM org.evosuite.runtime.instrumentation.EvoClassLoader loadClass
INFO: Seeing class for first time: org.mozilla.javascript.optimizer.Codegen
Aug 08, 2018 12:09:04 AM org.evosuite.runtime.instrumentation.EvoClassLoader instrumentClass
INFO: Instrumenting class 'org.mozilla.javascript.optimizer.Codegen'.
Aug 08, 2018 12:09:04 AM org.evosuite.runtime.instrumentation.MethodCallReplacementClassAdapter visit
INFO: Adding mock interface to class org/mozilla/javascript/optimizer/Codegen
Aug 08, 2018 12:09:04 AM org.evosuite.runtime.instrumentation.CreateClassResetClassAdapter visitMethod
INFO: Found static initializer in class org/mozilla/javascript/optimizer/Codegen
Aug 08, 2018 12:09:04 AM org.evosuite.runtime.instrumentation.EvoClassLoader loadClass
INFO: Seeing class for first time: org.mozilla.javascript.Evaluator
Aug 08, 2018 12:09:04 AM org.evosuite.runtime.instrumentation.EvoClassLoader instrumentClass
INFO: Instrumenting class 'org.mozilla.javascript.Evaluator'.
Aug 08, 2018 12:09:04 AM org.evosuite.runtime.instrumentation.EvoClassLoader instrumentClass
INFO: Keeping class: org.mozilla.javascript.Evaluator
Aug 08, 2018 12:09:04 AM org.evosuite.runtime.instrumentation.EvoClassLoader instrumentClass
INFO: Keeping class: org.mozilla.javascript.optimizer.Codegen
Aug 08, 2018 12:09:04 AM org.evosuite.runtime.instrumentation.EvoClassLoader loadClass
INFO: Seeing class for first time: org.mozilla.classfile.ClassFileWriter$ClassFileFormatException
Aug 08, 2018 12:09:04 AM org.evosuite.runtime.instrumentation.EvoClassLoader instrumentClass
INFO: Instrumenting class 'org.mozilla.classfile.ClassFileWriter$ClassFileFormatException'.
Aug 08, 2018 12:09:04 AM org.evosuite.runtime.instrumentation.MethodCallReplacementClassAdapter visit
INFO: Adding mock interface to class org/mozilla/classfile/ClassFileWriter$ClassFileFormatException
Aug 08, 2018 12:09:04 AM org.evosuite.runtime.instrumentation.CreateClassResetClassAdapter createEmptyStaticReset
INFO: Creating brand-new static initializer in class org/mozilla/classfile/ClassFileWriter$ClassFileFormatException
Aug 08, 2018 12:09:04 AM org.evosuite.runtime.instrumentation.EvoClassLoader instrumentClass
INFO: Keeping class: org.mozilla.classfile.ClassFileWriter$ClassFileFormatException
Aug 08, 2018 12:09:04 AM org.evosuite.runtime.instrumentation.EvoClassLoader loadClass
INFO: Seeing class for first time: org.mozilla.javascript.Interpreter
Aug 08, 2018 12:09:04 AM org.evosuite.runtime.instrumentation.EvoClassLoader instrumentClass
INFO: Instrumenting class 'org.mozilla.javascript.Interpreter'.
Aug 08, 2018 12:09:04 AM org.evosuite.runtime.instrumentation.MethodCallReplacementClassAdapter visit
INFO: Adding mock interface to class org/mozilla/javascript/Interpreter
Aug 08, 2018 12:09:04 AM org.evosuite.runtime.instrumentation.CreateClassResetClassAdapter visitMethod
INFO: Found static initializer in class org/mozilla/javascript/Interpreter
Aug 08, 2018 12:09:04 AM org.evosuite.runtime.instrumentation.EvoClassLoader loadClass
INFO: Seeing class for first time: org.mozilla.javascript.Icode
Aug 08, 2018 12:09:04 AM org.evosuite.runtime.instrumentation.EvoClassLoader instrumentClass
INFO: Instrumenting class 'org.mozilla.javascript.Icode'.
Aug 08, 2018 12:09:04 AM org.evosuite.runtime.instrumentation.MethodCallReplacementClassAdapter visit
INFO: Adding mock interface to class org/mozilla/javascript/Icode
Aug 08, 2018 12:09:04 AM org.evosuite.runtime.instrumentation.CreateClassResetClassAdapter createEmptyStaticReset
INFO: Creating brand-new static initializer in class org/mozilla/javascript/Icode
Aug 08, 2018 12:09:04 AM org.evosuite.runtime.instrumentation.CreateClassResetClassAdapter createEmptyStaticReset
INFO: Adding bytecode for initializing field Icode_DELNAME
Aug 08, 2018 12:09:04 AM org.evosuite.runtime.instrumentation.CreateClassResetClassAdapter createEmptyStaticReset
INFO: Adding bytecode for initializing field Icode_DUP
Aug 08, 2018 12:09:04 AM org.evosuite.runtime.instrumentation.CreateClassResetClassAdapter createEmptyStaticReset
INFO: Adding bytecode for initializing field Icode_DUP2
Aug 08, 2018 12:09:04 AM org.evosuite.runtime.instrumentation.CreateClassResetClassAdapter createEmptyStaticReset
INFO: Adding bytecode for initializing field Icode_SWAP
Aug 08, 2018 12:09:04 AM org.evosuite.runtime.instrumentation.CreateClassResetClassAdapter createEmptyStaticReset
INFO: Adding bytecode for initializing field Icode_POP
Aug 08, 2018 12:09:04 AM org.evosuite.runtime.instrumentation.CreateClassResetClassAdapter createEmptyStaticReset
INFO: Adding bytecode for initializing field Icode_POP_RESULT
Aug 08, 2018 12:09:04 AM org.evosuite.runtime.instrumentation.CreateClassResetClassAdapter createEmptyStaticReset
INFO: Adding bytecode for initializing field Icode_IFEQ_POP
Aug 08, 2018 12:09:04 AM org.evosuite.runtime.instrumentation.CreateClassResetClassAdapter createEmptyStaticReset
INFO: Adding bytecode for initializing field Icode_VAR_INC_DEC
Aug 08, 2018 12:09:04 AM org.evosuite.runtime.instrumentation.CreateClassResetClassAdapter createEmptyStaticReset
INFO: Adding bytecode for initializing field Icode_NAME_INC_DEC
Aug 08, 2018 12:09:04 AM org.evosuite.runtime.instrumentation.CreateClassResetClassAdapter createEmptyStaticReset
INFO: Adding bytecode for initializing field Icode_PROP_INC_DEC
Aug 08, 2018 12:09:04 AM org.evosuite.runtime.instrumentation.CreateClassResetClassAdapter createEmptyStaticReset
INFO: Adding bytecode for initializing field Icode_ELEM_INC_DEC
Aug 08, 2018 12:09:04 AM org.evosuite.runtime.instrumentation.CreateClassResetClassAdapter createEmptyStaticReset
INFO: Adding bytecode for initializing field Icode_REF_INC_DEC
Aug 08, 2018 12:09:04 AM org.evosuite.runtime.instrumentation.CreateClassResetClassAdapter createEmptyStaticReset
INFO: Adding bytecode for initializing field Icode_SCOPE_LOAD
Aug 08, 2018 12:09:04 AM org.evosuite.runtime.instrumentation.CreateClassResetClassAdapter createEmptyStaticReset
INFO: Adding bytecode for initializing field Icode_SCOPE_SAVE
Aug 08, 2018 12:09:04 AM org.evosuite.runtime.instrumentation.CreateClassResetClassAdapter createEmptyStaticReset
INFO: Adding bytecode for initializing field Icode_TYPEOFNAME
Aug 08, 2018 12:09:04 AM org.evosuite.runtime.instrumentation.CreateClassResetClassAdapter createEmptyStaticReset
INFO: Adding bytecode for initializing field Icode_NAME_AND_THIS
Aug 08, 2018 12:09:04 AM org.evosuite.runtime.instrumentation.CreateClassResetClassAdapter createEmptyStaticReset
INFO: Adding bytecode for initializing field Icode_PROP_AND_THIS
Aug 08, 2018 12:09:04 AM org.evosuite.runtime.instrumentation.CreateClassResetClassAdapter createEmptyStaticReset
INFO: Adding bytecode for initializing field Icode_ELEM_AND_THIS
Aug 08, 2018 12:09:04 AM org.evosuite.runtime.instrumentation.CreateClassResetClassAdapter createEmptyStaticReset
INFO: Adding bytecode for initializing field Icode_VALUE_AND_THIS
Aug 08, 2018 12:09:04 AM org.evosuite.runtime.instrumentation.CreateClassResetClassAdapter createEmptyStaticReset
INFO: Adding bytecode for initializing field Icode_CLOSURE_EXPR
Aug 08, 2018 12:09:04 AM org.evosuite.runtime.instrumentation.CreateClassResetClassAdapter createEmptyStaticReset
INFO: Adding bytecode for initializing field Icode_CLOSURE_STMT
Aug 08, 2018 12:09:04 AM org.evosuite.runtime.instrumentation.CreateClassResetClassAdapter createEmptyStaticReset
INFO: Adding bytecode for initializing field Icode_CALLSPECIAL
Aug 08, 2018 12:09:04 AM org.evosuite.runtime.instrumentation.CreateClassResetClassAdapter createEmptyStaticReset
INFO: Adding bytecode for initializing field Icode_RETUNDEF
Aug 08, 2018 12:09:04 AM org.evosuite.runtime.instrumentation.CreateClassResetClassAdapter createEmptyStaticReset
INFO: Adding bytecode for initializing field Icode_GOSUB
Aug 08, 2018 12:09:04 AM org.evosuite.runtime.instrumentation.CreateClassResetClassAdapter createEmptyStaticReset
INFO: Adding bytecode for initializing field Icode_STARTSUB
Aug 08, 2018 12:09:04 AM org.evosuite.runtime.instrumentation.CreateClassResetClassAdapter createEmptyStaticReset
INFO: Adding bytecode for initializing field Icode_RETSUB
Aug 08, 2018 12:09:04 AM org.evosuite.runtime.instrumentation.CreateClassResetClassAdapter createEmptyStaticReset
INFO: Adding bytecode for initializing field Icode_LINE
Aug 08, 2018 12:09:04 AM org.evosuite.runtime.instrumentation.CreateClassResetClassAdapter createEmptyStaticReset
INFO: Adding bytecode for initializing field Icode_SHORTNUMBER
Aug 08, 2018 12:09:04 AM org.evosuite.runtime.instrumentation.CreateClassResetClassAdapter createEmptyStaticReset
INFO: Adding bytecode for initializing field Icode_INTNUMBER
Aug 08, 2018 12:09:04 AM org.evosuite.runtime.instrumentation.CreateClassResetClassAdapter createEmptyStaticReset
INFO: Adding bytecode for initializing field Icode_LITERAL_NEW
Aug 08, 2018 12:09:04 AM org.evosuite.runtime.instrumentation.CreateClassResetClassAdapter createEmptyStaticReset
INFO: Adding bytecode for initializing field Icode_LITERAL_SET
Aug 08, 2018 12:09:04 AM org.evosuite.runtime.instrumentation.CreateClassResetClassAdapter createEmptyStaticReset
INFO: Adding bytecode for initializing field Icode_SPARE_ARRAYLIT
Aug 08, 2018 12:09:04 AM org.evosuite.runtime.instrumentation.CreateClassResetClassAdapter createEmptyStaticReset
INFO: Adding bytecode for initializing field Icode_REG_IND_C0
Aug 08, 2018 12:09:04 AM org.evosuite.runtime.instrumentation.CreateClassResetClassAdapter createEmptyStaticReset
INFO: Adding bytecode for initializing field Icode_REG_IND_C1
Aug 08, 2018 12:09:04 AM org.evosuite.runtime.instrumentation.CreateClassResetClassAdapter createEmptyStaticReset
INFO: Adding bytecode for initializing field Icode_REG_IND_C2
Aug 08, 2018 12:09:04 AM org.evosuite.runtime.instrumentation.CreateClassResetClassAdapter createEmptyStaticReset
INFO: Adding bytecode for initializing field Icode_REG_IND_C3
Aug 08, 2018 12:09:04 AM org.evosuite.runtime.instrumentation.CreateClassResetClassAdapter createEmptyStaticReset
INFO: Adding bytecode for initializing field Icode_REG_IND_C4
Aug 08, 2018 12:09:04 AM org.evosuite.runtime.instrumentation.CreateClassResetClassAdapter createEmptyStaticReset
INFO: Adding bytecode for initializing field Icode_REG_IND_C5
Aug 08, 2018 12:09:04 AM org.evosuite.runtime.instrumentation.CreateClassResetClassAdapter createEmptyStaticReset
INFO: Adding bytecode for initializing field Icode_REG_IND1
Aug 08, 2018 12:09:04 AM org.evosuite.runtime.instrumentation.CreateClassResetClassAdapter createEmptyStaticReset
INFO: Adding bytecode for initializing field Icode_REG_IND2
Aug 08, 2018 12:09:04 AM org.evosuite.runtime.instrumentation.CreateClassResetClassAdapter createEmptyStaticReset
INFO: Adding bytecode for initializing field Icode_REG_IND4
Aug 08, 2018 12:09:04 AM org.evosuite.runtime.instrumentation.CreateClassResetClassAdapter createEmptyStaticReset
INFO: Adding bytecode for initializing field Icode_REG_STR_C0
Aug 08, 2018 12:09:04 AM org.evosuite.runtime.instrumentation.CreateClassResetClassAdapter createEmptyStaticReset
INFO: Adding bytecode for initializing field Icode_REG_STR_C1
Aug 08, 2018 12:09:04 AM org.evosuite.runtime.instrumentation.CreateClassResetClassAdapter createEmptyStaticReset
INFO: Adding bytecode for initializing field Icode_REG_STR_C2
Aug 08, 2018 12:09:04 AM org.evosuite.runtime.instrumentation.CreateClassResetClassAdapter createEmptyStaticReset
INFO: Adding bytecode for initializing field Icode_REG_STR_C3
Aug 08, 2018 12:09:04 AM org.evosuite.runtime.instrumentation.CreateClassResetClassAdapter createEmptyStaticReset
INFO: Adding bytecode for initializing field Icode_REG_STR1
Aug 08, 2018 12:09:04 AM org.evosuite.runtime.instrumentation.CreateClassResetClassAdapter createEmptyStaticReset
INFO: Adding bytecode for initializing field Icode_REG_STR2
Aug 08, 2018 12:09:04 AM org.evosuite.runtime.instrumentation.CreateClassResetClassAdapter createEmptyStaticReset
INFO: Adding bytecode for initializing field Icode_REG_STR4
Aug 08, 2018 12:09:04 AM org.evosuite.runtime.instrumentation.CreateClassResetClassAdapter createEmptyStaticReset
INFO: Adding bytecode for initializing field Icode_GETVAR1
Aug 08, 2018 12:09:04 AM org.evosuite.runtime.instrumentation.CreateClassResetClassAdapter createEmptyStaticReset
INFO: Adding bytecode for initializing field Icode_SETVAR1
Aug 08, 2018 12:09:04 AM org.evosuite.runtime.instrumentation.CreateClassResetClassAdapter createEmptyStaticReset
INFO: Adding bytecode for initializing field Icode_UNDEF
Aug 08, 2018 12:09:04 AM org.evosuite.runtime.instrumentation.CreateClassResetClassAdapter createEmptyStaticReset
INFO: Adding bytecode for initializing field Icode_ZERO
Aug 08, 2018 12:09:04 AM org.evosuite.runtime.instrumentation.CreateClassResetClassAdapter createEmptyStaticReset
INFO: Adding bytecode for initializing field Icode_ONE
Aug 08, 2018 12:09:04 AM org.evosuite.runtime.instrumentation.CreateClassResetClassAdapter createEmptyStaticReset
INFO: Adding bytecode for initializing field Icode_ENTERDQ
Aug 08, 2018 12:09:04 AM org.evosuite.runtime.instrumentation.CreateClassResetClassAdapter createEmptyStaticReset
INFO: Adding bytecode for initializing field Icode_LEAVEDQ
Aug 08, 2018 12:09:04 AM org.evosuite.runtime.instrumentation.CreateClassResetClassAdapter createEmptyStaticReset
INFO: Adding bytecode for initializing field Icode_TAIL_CALL
Aug 08, 2018 12:09:04 AM org.evosuite.runtime.instrumentation.CreateClassResetClassAdapter createEmptyStaticReset
INFO: Adding bytecode for initializing field Icode_LOCAL_CLEAR
Aug 08, 2018 12:09:04 AM org.evosuite.runtime.instrumentation.CreateClassResetClassAdapter createEmptyStaticReset
INFO: Adding bytecode for initializing field Icode_LITERAL_GETTER
Aug 08, 2018 12:09:04 AM org.evosuite.runtime.instrumentation.CreateClassResetClassAdapter createEmptyStaticReset
INFO: Adding bytecode for initializing field Icode_LITERAL_SETTER
Aug 08, 2018 12:09:04 AM org.evosuite.runtime.instrumentation.CreateClassResetClassAdapter createEmptyStaticReset
INFO: Adding bytecode for initializing field Icode_SETCONST
Aug 08, 2018 12:09:04 AM org.evosuite.runtime.instrumentation.CreateClassResetClassAdapter createEmptyStaticReset
INFO: Adding bytecode for initializing field Icode_SETCONSTVAR
Aug 08, 2018 12:09:04 AM org.evosuite.runtime.instrumentation.CreateClassResetClassAdapter createEmptyStaticReset
INFO: Adding bytecode for initializing field Icode_SETCONSTVAR1
Aug 08, 2018 12:09:04 AM org.evosuite.runtime.instrumentation.CreateClassResetClassAdapter createEmptyStaticReset
INFO: Adding bytecode for initializing field Icode_GENERATOR
Aug 08, 2018 12:09:04 AM org.evosuite.runtime.instrumentation.CreateClassResetClassAdapter createEmptyStaticReset
INFO: Adding bytecode for initializing field Icode_GENERATOR_END
Aug 08, 2018 12:09:04 AM org.evosuite.runtime.instrumentation.CreateClassResetClassAdapter createEmptyStaticReset
INFO: Adding bytecode for initializing field Icode_DEBUGGER
Aug 08, 2018 12:09:04 AM org.evosuite.runtime.instrumentation.CreateClassResetClassAdapter createEmptyStaticReset
INFO: Adding bytecode for initializing field MIN_ICODE
Aug 08, 2018 12:09:04 AM org.evosuite.runtime.instrumentation.EvoClassLoader instrumentClass
INFO: Keeping class: org.mozilla.javascript.Icode
Aug 08, 2018 12:09:04 AM org.evosuite.runtime.instrumentation.EvoClassLoader instrumentClass
INFO: Keeping class: org.mozilla.javascript.Interpreter
Aug 08, 2018 12:09:04 AM org.evosuite.runtime.instrumentation.EvoClassLoader loadClass
INFO: Seeing class for first time: org.mozilla.javascript.NativeContinuation
Aug 08, 2018 12:09:04 AM org.evosuite.runtime.instrumentation.EvoClassLoader instrumentClass
INFO: Instrumenting class 'org.mozilla.javascript.NativeContinuation'.
Aug 08, 2018 12:09:04 AM org.evosuite.runtime.instrumentation.MethodCallReplacementClassAdapter visit
INFO: Adding mock interface to class org/mozilla/javascript/NativeContinuation
Aug 08, 2018 12:09:04 AM org.evosuite.runtime.instrumentation.CreateClassResetClassAdapter visitMethod
INFO: Found static initializer in class org/mozilla/javascript/NativeContinuation
Aug 08, 2018 12:09:04 AM org.evosuite.runtime.instrumentation.EvoClassLoader instrumentClass
INFO: Keeping class: org.mozilla.javascript.NativeContinuation
Aug 08, 2018 12:09:04 AM org.evosuite.runtime.instrumentation.EvoClassLoader loadClass
INFO: Seeing class for first time: org.mozilla.javascript.debug.DebuggableScript
Aug 08, 2018 12:09:04 AM org.evosuite.runtime.instrumentation.EvoClassLoader instrumentClass
INFO: Instrumenting class 'org.mozilla.javascript.debug.DebuggableScript'.
Aug 08, 2018 12:09:04 AM org.evosuite.runtime.instrumentation.EvoClassLoader instrumentClass
INFO: Keeping class: org.mozilla.javascript.debug.DebuggableScript
Aug 08, 2018 12:09:04 AM org.evosuite.runtime.instrumentation.EvoClassLoader loadClass
INFO: Seeing class for first time: org.mozilla.javascript.VMBridge
Aug 08, 2018 12:09:04 AM org.evosuite.runtime.instrumentation.EvoClassLoader instrumentClass
INFO: Instrumenting class 'org.mozilla.javascript.VMBridge'.
Aug 08, 2018 12:09:04 AM org.evosuite.runtime.instrumentation.MethodCallReplacementClassAdapter visit
INFO: Adding mock interface to class org/mozilla/javascript/VMBridge
Aug 08, 2018 12:09:04 AM org.evosuite.runtime.instrumentation.CreateClassResetClassAdapter visitMethod
INFO: Found static initializer in class org/mozilla/javascript/VMBridge
Aug 08, 2018 12:09:04 AM org.evosuite.runtime.instrumentation.EvoClassLoader instrumentClass
INFO: Keeping class: org.mozilla.javascript.VMBridge
Aug 08, 2018 12:09:04 AM org.evosuite.runtime.instrumentation.EvoClassLoader loadClass
INFO: Seeing class for first time: org.mozilla.javascript.VMBridge_custom
Aug 08, 2018 12:09:04 AM org.evosuite.runtime.instrumentation.EvoClassLoader instrumentClass
INFO: Instrumenting class 'org.mozilla.javascript.VMBridge_custom'.
Aug 08, 2018 12:09:04 AM org.evosuite.runtime.instrumentation.EvoClassLoader instrumentClass
INFO: Error while loading class: java.lang.ClassNotFoundException: Class 'org/mozilla/javascript/VMBridge_custom.class' should be in target project, but could not be found!
Aug 08, 2018 12:09:04 AM org.evosuite.runtime.instrumentation.EvoClassLoader loadClass
INFO: Seeing class for first time: org.mozilla.javascript.jdk18.VMBridge_jdk18
Aug 08, 2018 12:09:04 AM org.evosuite.runtime.instrumentation.EvoClassLoader instrumentClass
INFO: Instrumenting class 'org.mozilla.javascript.jdk18.VMBridge_jdk18'.
Aug 08, 2018 12:09:04 AM org.evosuite.runtime.instrumentation.MethodCallReplacementClassAdapter visit
INFO: Adding mock interface to class org/mozilla/javascript/jdk18/VMBridge_jdk18
Aug 08, 2018 12:09:04 AM org.evosuite.runtime.instrumentation.CreateClassResetClassAdapter createEmptyStaticReset
INFO: Creating brand-new static initializer in class org/mozilla/javascript/jdk18/VMBridge_jdk18
Aug 08, 2018 12:09:04 AM org.evosuite.runtime.instrumentation.EvoClassLoader createPackageDefinition
INFO: Defined package (3): package org.mozilla.javascript.jdk18, -197582433
Aug 08, 2018 12:09:04 AM org.evosuite.runtime.instrumentation.EvoClassLoader loadClass
INFO: Seeing class for first time: org.mozilla.javascript.jdk15.VMBridge_jdk15
Aug 08, 2018 12:09:04 AM org.evosuite.runtime.instrumentation.EvoClassLoader instrumentClass
INFO: Instrumenting class 'org.mozilla.javascript.jdk15.VMBridge_jdk15'.
Aug 08, 2018 12:09:04 AM org.evosuite.runtime.instrumentation.MethodCallReplacementClassAdapter visit
INFO: Adding mock interface to class org/mozilla/javascript/jdk15/VMBridge_jdk15
Aug 08, 2018 12:09:04 AM org.evosuite.runtime.instrumentation.CreateClassResetClassAdapter createEmptyStaticReset
INFO: Creating brand-new static initializer in class org/mozilla/javascript/jdk15/VMBridge_jdk15
Aug 08, 2018 12:09:04 AM org.evosuite.runtime.instrumentation.EvoClassLoader createPackageDefinition
INFO: Defined package (3): package org.mozilla.javascript.jdk15, -197582436
Aug 08, 2018 12:09:04 AM org.evosuite.runtime.instrumentation.EvoClassLoader instrumentClass
INFO: Keeping class: org.mozilla.javascript.jdk15.VMBridge_jdk15
Aug 08, 2018 12:09:04 AM org.evosuite.runtime.instrumentation.EvoClassLoader instrumentClass
INFO: Keeping class: org.mozilla.javascript.jdk18.VMBridge_jdk18
Aug 08, 2018 12:09:04 AM org.evosuite.runtime.instrumentation.EvoClassLoader loadClass
INFO: Seeing class for first time: org.mozilla.javascript.EmbeddedSlotMap
Aug 08, 2018 12:09:04 AM org.evosuite.runtime.instrumentation.EvoClassLoader instrumentClass
INFO: Instrumenting class 'org.mozilla.javascript.EmbeddedSlotMap'.
Aug 08, 2018 12:09:04 AM org.evosuite.runtime.instrumentation.MethodCallReplacementClassAdapter visit
INFO: Adding mock interface to class org/mozilla/javascript/EmbeddedSlotMap
Aug 08, 2018 12:09:04 AM org.evosuite.runtime.instrumentation.CreateClassResetClassAdapter createEmptyStaticReset
INFO: Creating brand-new static initializer in class org/mozilla/javascript/EmbeddedSlotMap
Aug 08, 2018 12:09:04 AM org.evosuite.runtime.instrumentation.CreateClassResetClassAdapter createEmptyStaticReset
INFO: Adding bytecode for initializing field INITIAL_SLOT_SIZE
Aug 08, 2018 12:09:05 AM org.evosuite.runtime.instrumentation.EvoClassLoader instrumentClass
INFO: Keeping class: org.mozilla.javascript.EmbeddedSlotMap
Aug 08, 2018 12:09:05 AM org.evosuite.runtime.instrumentation.EvoClassLoader loadClass
INFO: Seeing class for first time: org.mozilla.javascript.ScriptableObject$Slot
Aug 08, 2018 12:09:05 AM org.evosuite.runtime.instrumentation.EvoClassLoader instrumentClass
INFO: Instrumenting class 'org.mozilla.javascript.ScriptableObject$Slot'.
Aug 08, 2018 12:09:05 AM org.evosuite.runtime.instrumentation.MethodCallReplacementClassAdapter visit
INFO: Adding mock interface to class org/mozilla/javascript/ScriptableObject$Slot
Aug 08, 2018 12:09:05 AM org.evosuite.runtime.instrumentation.CreateClassResetClassAdapter createEmptyStaticReset
INFO: Creating brand-new static initializer in class org/mozilla/javascript/ScriptableObject$Slot
Aug 08, 2018 12:09:05 AM org.evosuite.runtime.instrumentation.EvoClassLoader instrumentClass
INFO: Keeping class: org.mozilla.javascript.ScriptableObject$Slot
Aug 08, 2018 12:09:05 AM org.evosuite.runtime.instrumentation.EvoClassLoader loadClass
INFO: Seeing class for first time: org.mozilla.javascript.ScriptableObject$GetterSlot
Aug 08, 2018 12:09:05 AM org.evosuite.runtime.instrumentation.EvoClassLoader instrumentClass
INFO: Instrumenting class 'org.mozilla.javascript.ScriptableObject$GetterSlot'.
Aug 08, 2018 12:09:05 AM org.evosuite.runtime.instrumentation.MethodCallReplacementClassAdapter visit
INFO: Adding mock interface to class org/mozilla/javascript/ScriptableObject$GetterSlot
Aug 08, 2018 12:09:05 AM org.evosuite.runtime.instrumentation.CreateClassResetClassAdapter createEmptyStaticReset
INFO: Creating brand-new static initializer in class org/mozilla/javascript/ScriptableObject$GetterSlot
Aug 08, 2018 12:09:05 AM org.evosuite.runtime.instrumentation.EvoClassLoader instrumentClass
INFO: Keeping class: org.mozilla.javascript.ScriptableObject$GetterSlot
Aug 08, 2018 12:09:05 AM org.evosuite.runtime.instrumentation.EvoClassLoader loadClass
INFO: Seeing class for first time: org.mozilla.javascript.SecurityUtilities$1
Aug 08, 2018 12:09:05 AM org.evosuite.runtime.instrumentation.EvoClassLoader instrumentClass
INFO: Instrumenting class 'org.mozilla.javascript.SecurityUtilities$1'.
Aug 08, 2018 12:09:05 AM org.evosuite.runtime.instrumentation.MethodCallReplacementClassAdapter visit
INFO: Adding mock interface to class org/mozilla/javascript/SecurityUtilities$1
Aug 08, 2018 12:09:05 AM org.evosuite.runtime.instrumentation.EvoClassLoader instrumentClass
INFO: Keeping class: org.mozilla.javascript.SecurityUtilities$1
Aug 08, 2018 12:09:05 AM org.evosuite.runtime.instrumentation.EvoClassLoader loadClass
INFO: Seeing class for first time: org.mozilla.javascript.SecurityUtilities$2
Aug 08, 2018 12:09:05 AM org.evosuite.runtime.instrumentation.EvoClassLoader instrumentClass
INFO: Instrumenting class 'org.mozilla.javascript.SecurityUtilities$2'.
Aug 08, 2018 12:09:05 AM org.evosuite.runtime.instrumentation.MethodCallReplacementClassAdapter visit
INFO: Adding mock interface to class org/mozilla/javascript/SecurityUtilities$2
Aug 08, 2018 12:09:05 AM org.evosuite.runtime.instrumentation.EvoClassLoader instrumentClass
INFO: Keeping class: org.mozilla.javascript.SecurityUtilities$2
Aug 08, 2018 12:09:05 AM org.evosuite.runtime.instrumentation.EvoClassLoader loadClass
INFO: Seeing class for first time: org.mozilla.javascript.NativeCallSite
Aug 08, 2018 12:09:05 AM org.evosuite.runtime.instrumentation.EvoClassLoader instrumentClass
INFO: Instrumenting class 'org.mozilla.javascript.NativeCallSite'.
Aug 08, 2018 12:09:05 AM org.evosuite.runtime.instrumentation.MethodCallReplacementClassAdapter visit
INFO: Adding mock interface to class org/mozilla/javascript/NativeCallSite
Aug 08, 2018 12:09:05 AM org.evosuite.runtime.instrumentation.CreateClassResetClassAdapter createEmptyStaticReset
INFO: Creating brand-new static initializer in class org/mozilla/javascript/NativeCallSite
Aug 08, 2018 12:09:05 AM org.evosuite.runtime.instrumentation.CreateClassResetClassAdapter createEmptyStaticReset
INFO: Adding bytecode for initializing field CALLSITE_TAG
Aug 08, 2018 12:09:05 AM org.evosuite.runtime.instrumentation.CreateClassResetClassAdapter createEmptyStaticReset
INFO: Adding bytecode for initializing field Id_constructor
Aug 08, 2018 12:09:05 AM org.evosuite.runtime.instrumentation.CreateClassResetClassAdapter createEmptyStaticReset
INFO: Adding bytecode for initializing field Id_getThis
Aug 08, 2018 12:09:05 AM org.evosuite.runtime.instrumentation.CreateClassResetClassAdapter createEmptyStaticReset
INFO: Adding bytecode for initializing field Id_getTypeName
Aug 08, 2018 12:09:05 AM org.evosuite.runtime.instrumentation.CreateClassResetClassAdapter createEmptyStaticReset
INFO: Adding bytecode for initializing field Id_getFunction
Aug 08, 2018 12:09:05 AM org.evosuite.runtime.instrumentation.CreateClassResetClassAdapter createEmptyStaticReset
INFO: Adding bytecode for initializing field Id_getFunctionName
Aug 08, 2018 12:09:05 AM org.evosuite.runtime.instrumentation.CreateClassResetClassAdapter createEmptyStaticReset
INFO: Adding bytecode for initializing field Id_getMethodName
Aug 08, 2018 12:09:05 AM org.evosuite.runtime.instrumentation.CreateClassResetClassAdapter createEmptyStaticReset
INFO: Adding bytecode for initializing field Id_getFileName
Aug 08, 2018 12:09:05 AM org.evosuite.runtime.instrumentation.CreateClassResetClassAdapter createEmptyStaticReset
INFO: Adding bytecode for initializing field Id_getLineNumber
Aug 08, 2018 12:09:05 AM org.evosuite.runtime.instrumentation.CreateClassResetClassAdapter createEmptyStaticReset
INFO: Adding bytecode for initializing field Id_getColumnNumber
Aug 08, 2018 12:09:05 AM org.evosuite.runtime.instrumentation.CreateClassResetClassAdapter createEmptyStaticReset
INFO: Adding bytecode for initializing field Id_getEvalOrigin
Aug 08, 2018 12:09:05 AM org.evosuite.runtime.instrumentation.CreateClassResetClassAdapter createEmptyStaticReset
INFO: Adding bytecode for initializing field Id_isToplevel
Aug 08, 2018 12:09:05 AM org.evosuite.runtime.instrumentation.CreateClassResetClassAdapter createEmptyStaticReset
INFO: Adding bytecode for initializing field Id_isEval
Aug 08, 2018 12:09:05 AM org.evosuite.runtime.instrumentation.CreateClassResetClassAdapter createEmptyStaticReset
INFO: Adding bytecode for initializing field Id_isNative
Aug 08, 2018 12:09:05 AM org.evosuite.runtime.instrumentation.CreateClassResetClassAdapter createEmptyStaticReset
INFO: Adding bytecode for initializing field Id_isConstructor
Aug 08, 2018 12:09:05 AM org.evosuite.runtime.instrumentation.CreateClassResetClassAdapter createEmptyStaticReset
INFO: Adding bytecode for initializing field Id_toString
Aug 08, 2018 12:09:05 AM org.evosuite.runtime.instrumentation.CreateClassResetClassAdapter createEmptyStaticReset
INFO: Adding bytecode for initializing field MAX_PROTOTYPE_ID
Aug 08, 2018 12:09:05 AM org.evosuite.runtime.instrumentation.EvoClassLoader instrumentClass
INFO: Keeping class: org.mozilla.javascript.NativeCallSite
Aug 08, 2018 12:09:05 AM org.evosuite.runtime.instrumentation.EvoClassLoader loadClass
INFO: Seeing class for first time: org.mozilla.javascript.Parser$ConditionData
Aug 08, 2018 12:09:05 AM org.evosuite.runtime.instrumentation.EvoClassLoader instrumentClass
INFO: Instrumenting class 'org.mozilla.javascript.Parser$ConditionData'.
Aug 08, 2018 12:09:05 AM org.evosuite.runtime.instrumentation.MethodCallReplacementClassAdapter visit
INFO: Adding mock interface to class org/mozilla/javascript/Parser$ConditionData
Aug 08, 2018 12:09:05 AM org.evosuite.runtime.instrumentation.CreateClassResetClassAdapter createEmptyStaticReset
INFO: Creating brand-new static initializer in class org/mozilla/javascript/Parser$ConditionData
Aug 08, 2018 12:09:05 AM org.evosuite.runtime.instrumentation.EvoClassLoader instrumentClass
INFO: Keeping class: org.mozilla.javascript.Parser$ConditionData
Aug 08, 2018 12:09:05 AM org.evosuite.runtime.instrumentation.EvoClassLoader loadClass
INFO: Seeing class for first time: org.mozilla.javascript.ast.ErrorCollector
Aug 08, 2018 12:09:05 AM org.evosuite.runtime.instrumentation.EvoClassLoader instrumentClass
INFO: Instrumenting class 'org.mozilla.javascript.ast.ErrorCollector'.
Aug 08, 2018 12:09:05 AM org.evosuite.runtime.instrumentation.MethodCallReplacementClassAdapter visit
INFO: Adding mock interface to class org/mozilla/javascript/ast/ErrorCollector
Aug 08, 2018 12:09:05 AM org.evosuite.runtime.instrumentation.CreateClassResetClassAdapter createEmptyStaticReset
INFO: Creating brand-new static initializer in class org/mozilla/javascript/ast/ErrorCollector
Aug 08, 2018 12:09:05 AM org.evosuite.runtime.instrumentation.EvoClassLoader loadClass
INFO: Seeing class for first time: org.mozilla.javascript.ast.IdeErrorReporter
Aug 08, 2018 12:09:05 AM org.evosuite.runtime.instrumentation.EvoClassLoader instrumentClass
INFO: Instrumenting class 'org.mozilla.javascript.ast.IdeErrorReporter'.
Aug 08, 2018 12:09:05 AM org.evosuite.runtime.instrumentation.EvoClassLoader instrumentClass
INFO: Keeping class: org.mozilla.javascript.ast.IdeErrorReporter
Aug 08, 2018 12:09:05 AM org.evosuite.runtime.instrumentation.EvoClassLoader instrumentClass
INFO: Keeping class: org.mozilla.javascript.ast.ErrorCollector
Aug 08, 2018 12:09:05 AM org.evosuite.runtime.instrumentation.EvoClassLoader loadClass
INFO: Seeing class for first time: org.mozilla.javascript.NativeMath
Aug 08, 2018 12:09:05 AM org.evosuite.runtime.instrumentation.EvoClassLoader instrumentClass
INFO: Instrumenting class 'org.mozilla.javascript.NativeMath'.
Aug 08, 2018 12:09:05 AM org.evosuite.runtime.instrumentation.MethodCallReplacementClassAdapter visit
INFO: Adding mock interface to class org/mozilla/javascript/NativeMath
Aug 08, 2018 12:09:05 AM org.evosuite.runtime.instrumentation.CreateClassResetClassAdapter visitMethod
INFO: Found static initializer in class org/mozilla/javascript/NativeMath
Aug 08, 2018 12:09:05 AM org.evosuite.runtime.instrumentation.EvoClassLoader instrumentClass
INFO: Keeping class: org.mozilla.javascript.NativeMath
Aug 08, 2018 12:09:05 AM org.evosuite.runtime.instrumentation.EvoClassLoader loadClass
INFO: Seeing class for first time: org.mozilla.javascript.Interpreter$CallFrame
Aug 08, 2018 12:09:05 AM org.evosuite.runtime.instrumentation.EvoClassLoader instrumentClass
INFO: Instrumenting class 'org.mozilla.javascript.Interpreter$CallFrame'.
Aug 08, 2018 12:09:05 AM org.evosuite.runtime.instrumentation.MethodCallReplacementClassAdapter visit
INFO: Adding mock interface to class org/mozilla/javascript/Interpreter$CallFrame
Aug 08, 2018 12:09:05 AM org.evosuite.runtime.instrumentation.CreateClassResetClassAdapter createEmptyStaticReset
INFO: Creating brand-new static initializer in class org/mozilla/javascript/Interpreter$CallFrame
Aug 08, 2018 12:09:05 AM org.evosuite.runtime.instrumentation.EvoClassLoader instrumentClass
INFO: Keeping class: org.mozilla.javascript.Interpreter$CallFrame
Aug 08, 2018 12:09:05 AM org.evosuite.runtime.instrumentation.EvoClassLoader loadClass
INFO: Seeing class for first time: org.mozilla.javascript.typedarrays.Conversions
Aug 08, 2018 12:09:05 AM org.evosuite.runtime.instrumentation.EvoClassLoader instrumentClass
INFO: Instrumenting class 'org.mozilla.javascript.typedarrays.Conversions'.
Aug 08, 2018 12:09:05 AM org.evosuite.runtime.instrumentation.MethodCallReplacementClassAdapter visit
INFO: Adding mock interface to class org/mozilla/javascript/typedarrays/Conversions
Aug 08, 2018 12:09:05 AM org.evosuite.runtime.instrumentation.CreateClassResetClassAdapter createEmptyStaticReset
INFO: Creating brand-new static initializer in class org/mozilla/javascript/typedarrays/Conversions
Aug 08, 2018 12:09:05 AM org.evosuite.runtime.instrumentation.CreateClassResetClassAdapter createEmptyStaticReset
INFO: Adding bytecode for initializing field EIGHT_BIT
Aug 08, 2018 12:09:05 AM org.evosuite.runtime.instrumentation.CreateClassResetClassAdapter createEmptyStaticReset
INFO: Adding bytecode for initializing field SIXTEEN_BIT
Aug 08, 2018 12:09:05 AM org.evosuite.runtime.instrumentation.CreateClassResetClassAdapter createEmptyStaticReset
INFO: Adding bytecode for initializing field THIRTYTWO_BIT
Aug 08, 2018 12:09:05 AM org.evosuite.runtime.instrumentation.EvoClassLoader instrumentClass
INFO: Keeping class: org.mozilla.javascript.typedarrays.Conversions
Aug 08, 2018 12:09:05 AM org.evosuite.runtime.instrumentation.EvoClassLoader loadClass
INFO: Seeing class for first time: org.mozilla.javascript.NativeJavaObject
Aug 08, 2018 12:09:05 AM org.evosuite.runtime.instrumentation.EvoClassLoader instrumentClass
INFO: Instrumenting class 'org.mozilla.javascript.NativeJavaObject'.
Aug 08, 2018 12:09:05 AM org.evosuite.runtime.instrumentation.MethodCallReplacementClassAdapter visit
INFO: Adding mock interface to class org/mozilla/javascript/NativeJavaObject
Aug 08, 2018 12:09:05 AM org.evosuite.runtime.instrumentation.CreateClassResetClassAdapter visitMethod
INFO: Found static initializer in class org/mozilla/javascript/NativeJavaObject
Aug 08, 2018 12:09:05 AM org.evosuite.runtime.instrumentation.EvoClassLoader loadClass
INFO: Seeing class for first time: org.mozilla.javascript.Wrapper
Aug 08, 2018 12:09:05 AM org.evosuite.runtime.instrumentation.EvoClassLoader instrumentClass
INFO: Instrumenting class 'org.mozilla.javascript.Wrapper'.
Aug 08, 2018 12:09:05 AM org.evosuite.runtime.instrumentation.EvoClassLoader instrumentClass
INFO: Keeping class: org.mozilla.javascript.Wrapper
Aug 08, 2018 12:09:05 AM org.evosuite.runtime.instrumentation.EvoClassLoader instrumentClass
INFO: Keeping class: org.mozilla.javascript.NativeJavaObject
Aug 08, 2018 12:09:05 AM org.evosuite.runtime.instrumentation.EvoClassLoader loadClass
INFO: Seeing class for first time: org.mozilla.javascript.JavaAdapter
Aug 08, 2018 12:09:05 AM org.evosuite.runtime.instrumentation.EvoClassLoader instrumentClass
INFO: Instrumenting class 'org.mozilla.javascript.JavaAdapter'.
Aug 08, 2018 12:09:05 AM org.evosuite.runtime.instrumentation.MethodCallReplacementClassAdapter visit
INFO: Adding mock interface to class org/mozilla/javascript/JavaAdapter
Aug 08, 2018 12:09:05 AM org.evosuite.runtime.instrumentation.CreateClassResetClassAdapter visitMethod
INFO: Found static initializer in class org/mozilla/javascript/JavaAdapter
Aug 08, 2018 12:09:05 AM org.evosuite.runtime.instrumentation.EvoClassLoader instrumentClass
INFO: Keeping class: org.mozilla.javascript.JavaAdapter
Aug 08, 2018 12:09:05 AM org.evosuite.runtime.instrumentation.EvoClassLoader loadClass
INFO: Seeing class for first time: org.mozilla.javascript.ObjToIntMap
Aug 08, 2018 12:09:05 AM org.evosuite.runtime.instrumentation.EvoClassLoader instrumentClass
INFO: Instrumenting class 'org.mozilla.javascript.ObjToIntMap'.
Aug 08, 2018 12:09:05 AM org.evosuite.runtime.instrumentation.MethodCallReplacementClassAdapter visit
INFO: Adding mock interface to class org/mozilla/javascript/ObjToIntMap
Aug 08, 2018 12:09:05 AM org.evosuite.runtime.instrumentation.CreateClassResetClassAdapter visitMethod
INFO: Found static initializer in class org/mozilla/javascript/ObjToIntMap
Aug 08, 2018 12:09:05 AM org.evosuite.runtime.instrumentation.EvoClassLoader instrumentClass
INFO: Keeping class: org.mozilla.javascript.ObjToIntMap
Aug 08, 2018 12:09:05 AM org.evosuite.runtime.instrumentation.EvoClassLoader loadClass
INFO: Seeing class for first time: org.mozilla.javascript.ContinuationPending
Aug 08, 2018 12:09:05 AM org.evosuite.runtime.instrumentation.EvoClassLoader instrumentClass
INFO: Instrumenting class 'org.mozilla.javascript.ContinuationPending'.
Aug 08, 2018 12:09:05 AM org.evosuite.runtime.instrumentation.MethodCallReplacementClassAdapter visit
INFO: Adding mock interface to class org/mozilla/javascript/ContinuationPending
Aug 08, 2018 12:09:05 AM org.evosuite.runtime.instrumentation.CreateClassResetClassAdapter createEmptyStaticReset
INFO: Creating brand-new static initializer in class org/mozilla/javascript/ContinuationPending
Aug 08, 2018 12:09:05 AM org.evosuite.runtime.instrumentation.EvoClassLoader instrumentClass
INFO: Keeping class: org.mozilla.javascript.ContinuationPending
Aug 08, 2018 12:09:05 AM org.evosuite.runtime.instrumentation.EvoClassLoader loadClass
INFO: Seeing class for first time: org.mozilla.javascript.LazilyLoadedCtor$1
Aug 08, 2018 12:09:05 AM org.evosuite.runtime.instrumentation.EvoClassLoader instrumentClass
INFO: Instrumenting class 'org.mozilla.javascript.LazilyLoadedCtor$1'.
Aug 08, 2018 12:09:05 AM org.evosuite.runtime.instrumentation.MethodCallReplacementClassAdapter visit
INFO: Adding mock interface to class org/mozilla/javascript/LazilyLoadedCtor$1
Aug 08, 2018 12:09:05 AM org.evosuite.runtime.instrumentation.EvoClassLoader instrumentClass
INFO: Keeping class: org.mozilla.javascript.LazilyLoadedCtor$1
Aug 08, 2018 12:09:05 AM org.evosuite.runtime.instrumentation.EvoClassLoader loadClass
INFO: Seeing class for first time: org.mozilla.javascript.annotations.JSGetter
Aug 08, 2018 12:09:05 AM org.evosuite.runtime.instrumentation.EvoClassLoader instrumentClass
INFO: Instrumenting class 'org.mozilla.javascript.annotations.JSGetter'.
Aug 08, 2018 12:09:05 AM org.evosuite.runtime.instrumentation.EvoClassLoader createPackageDefinition
INFO: Defined package (3): package org.mozilla.javascript.annotations, -195722453
Aug 08, 2018 12:09:05 AM org.evosuite.runtime.instrumentation.EvoClassLoader instrumentClass
INFO: Keeping class: org.mozilla.javascript.annotations.JSGetter
Aug 08, 2018 12:09:05 AM org.evosuite.runtime.instrumentation.EvoClassLoader loadClass
INFO: Seeing class for first time: org.mozilla.javascript.ast.LabeledStatement
Aug 08, 2018 12:09:05 AM org.evosuite.runtime.instrumentation.EvoClassLoader instrumentClass
INFO: Instrumenting class 'org.mozilla.javascript.ast.LabeledStatement'.
Aug 08, 2018 12:09:05 AM org.evosuite.runtime.instrumentation.MethodCallReplacementClassAdapter visit
INFO: Adding mock interface to class org/mozilla/javascript/ast/LabeledStatement
Aug 08, 2018 12:09:05 AM org.evosuite.runtime.instrumentation.CreateClassResetClassAdapter createEmptyStaticReset
INFO: Creating brand-new static initializer in class org/mozilla/javascript/ast/LabeledStatement
Aug 08, 2018 12:09:05 AM org.evosuite.runtime.instrumentation.EvoClassLoader instrumentClass
INFO: Keeping class: org.mozilla.javascript.ast.LabeledStatement
Aug 08, 2018 12:09:05 AM org.evosuite.runtime.instrumentation.EvoClassLoader loadClass
INFO: Seeing class for first time: org.mozilla.javascript.InterfaceAdapter
Aug 08, 2018 12:09:05 AM org.evosuite.runtime.instrumentation.EvoClassLoader instrumentClass
INFO: Instrumenting class 'org.mozilla.javascript.InterfaceAdapter'.
Aug 08, 2018 12:09:05 AM org.evosuite.runtime.instrumentation.MethodCallReplacementClassAdapter visit
INFO: Adding mock interface to class org/mozilla/javascript/InterfaceAdapter
Aug 08, 2018 12:09:05 AM org.evosuite.runtime.instrumentation.CreateClassResetClassAdapter createEmptyStaticReset
INFO: Creating brand-new static initializer in class org/mozilla/javascript/InterfaceAdapter
Aug 08, 2018 12:09:05 AM org.evosuite.runtime.instrumentation.EvoClassLoader instrumentClass
INFO: Keeping class: org.mozilla.javascript.InterfaceAdapter
Aug 08, 2018 12:09:05 AM org.evosuite.runtime.instrumentation.EvoClassLoader loadClass
INFO: Seeing class for first time: org.mozilla.javascript.ast.ArrayLiteral
Aug 08, 2018 12:09:05 AM org.evosuite.runtime.instrumentation.EvoClassLoader instrumentClass
INFO: Instrumenting class 'org.mozilla.javascript.ast.ArrayLiteral'.
Aug 08, 2018 12:09:05 AM org.evosuite.runtime.instrumentation.MethodCallReplacementClassAdapter visit
INFO: Adding mock interface to class org/mozilla/javascript/ast/ArrayLiteral
Aug 08, 2018 12:09:05 AM org.evosuite.runtime.instrumentation.CreateClassResetClassAdapter visitMethod
INFO: Found static initializer in class org/mozilla/javascript/ast/ArrayLiteral
Aug 08, 2018 12:09:05 AM org.evosuite.runtime.instrumentation.EvoClassLoader instrumentClass
INFO: Keeping class: org.mozilla.javascript.ast.ArrayLiteral
Aug 08, 2018 12:09:05 AM org.evosuite.runtime.instrumentation.EvoClassLoader loadClass
INFO: Seeing class for first time: org.mozilla.javascript.regexp.REProgState
Aug 08, 2018 12:09:05 AM org.evosuite.runtime.instrumentation.EvoClassLoader instrumentClass
INFO: Instrumenting class 'org.mozilla.javascript.regexp.REProgState'.
Aug 08, 2018 12:09:05 AM org.evosuite.runtime.instrumentation.MethodCallReplacementClassAdapter visit
INFO: Adding mock interface to class org/mozilla/javascript/regexp/REProgState
Aug 08, 2018 12:09:05 AM org.evosuite.runtime.instrumentation.CreateClassResetClassAdapter createEmptyStaticReset
INFO: Creating brand-new static initializer in class org/mozilla/javascript/regexp/REProgState
Aug 08, 2018 12:09:05 AM org.evosuite.runtime.instrumentation.EvoClassLoader createPackageDefinition
INFO: Defined package (3): package org.mozilla.javascript.regexp, -1600198494
Aug 08, 2018 12:09:05 AM org.evosuite.runtime.instrumentation.EvoClassLoader instrumentClass
INFO: Keeping class: org.mozilla.javascript.regexp.REProgState
Aug 08, 2018 12:09:05 AM org.evosuite.runtime.instrumentation.EvoClassLoader loadClass
INFO: Seeing class for first time: org.mozilla.javascript.ast.BreakStatement
Aug 08, 2018 12:09:05 AM org.evosuite.runtime.instrumentation.EvoClassLoader instrumentClass
INFO: Instrumenting class 'org.mozilla.javascript.ast.BreakStatement'.
Aug 08, 2018 12:09:05 AM org.evosuite.runtime.instrumentation.MethodCallReplacementClassAdapter visit
INFO: Adding mock interface to class org/mozilla/javascript/ast/BreakStatement
Aug 08, 2018 12:09:05 AM org.evosuite.runtime.instrumentation.CreateClassResetClassAdapter createEmptyStaticReset
INFO: Creating brand-new static initializer in class org/mozilla/javascript/ast/BreakStatement
Aug 08, 2018 12:09:05 AM org.evosuite.runtime.instrumentation.EvoClassLoader instrumentClass
INFO: Keeping class: org.mozilla.javascript.ast.BreakStatement
Aug 08, 2018 12:09:05 AM org.evosuite.runtime.instrumentation.EvoClassLoader loadClass
INFO: Seeing class for first time: org.mozilla.javascript.NativeIterator$WrappedJavaIterator
Aug 08, 2018 12:09:05 AM org.evosuite.runtime.instrumentation.EvoClassLoader instrumentClass
INFO: Instrumenting class 'org.mozilla.javascript.NativeIterator$WrappedJavaIterator'.
Aug 08, 2018 12:09:05 AM org.evosuite.runtime.instrumentation.MethodCallReplacementClassAdapter visit
INFO: Adding mock interface to class org/mozilla/javascript/NativeIterator$WrappedJavaIterator
Aug 08, 2018 12:09:05 AM org.evosuite.runtime.instrumentation.CreateClassResetClassAdapter createEmptyStaticReset
INFO: Creating brand-new static initializer in class org/mozilla/javascript/NativeIterator$WrappedJavaIterator
Aug 08, 2018 12:09:05 AM org.evosuite.runtime.instrumentation.EvoClassLoader instrumentClass
INFO: Keeping class: org.mozilla.javascript.NativeIterator$WrappedJavaIterator
Aug 08, 2018 12:09:05 AM org.evosuite.runtime.instrumentation.EvoClassLoader loadClass
INFO: Seeing class for first time: org.mozilla.javascript.ast.Comment
Aug 08, 2018 12:09:05 AM org.evosuite.runtime.instrumentation.EvoClassLoader instrumentClass
INFO: Instrumenting class 'org.mozilla.javascript.ast.Comment'.
Aug 08, 2018 12:09:05 AM org.evosuite.runtime.instrumentation.MethodCallReplacementClassAdapter visit
INFO: Adding mock interface to class org/mozilla/javascript/ast/Comment
Aug 08, 2018 12:09:05 AM org.evosuite.runtime.instrumentation.CreateClassResetClassAdapter createEmptyStaticReset
INFO: Creating brand-new static initializer in class org/mozilla/javascript/ast/Comment
Aug 08, 2018 12:09:05 AM org.evosuite.runtime.instrumentation.EvoClassLoader instrumentClass
INFO: Keeping class: org.mozilla.javascript.ast.Comment
Aug 08, 2018 12:09:05 AM org.evosuite.runtime.instrumentation.EvoClassLoader loadClass
INFO: Seeing class for first time: org.mozilla.javascript.NativeArray$StringLikeComparator
Aug 08, 2018 12:09:05 AM org.evosuite.runtime.instrumentation.EvoClassLoader instrumentClass
INFO: Instrumenting class 'org.mozilla.javascript.NativeArray$StringLikeComparator'.
Aug 08, 2018 12:09:05 AM org.evosuite.runtime.instrumentation.MethodCallReplacementClassAdapter visit
INFO: Adding mock interface to class org/mozilla/javascript/NativeArray$StringLikeComparator
Aug 08, 2018 12:09:05 AM org.evosuite.runtime.instrumentation.CreateClassResetClassAdapter createEmptyStaticReset
INFO: Creating brand-new static initializer in class org/mozilla/javascript/NativeArray$StringLikeComparator
Aug 08, 2018 12:09:05 AM org.evosuite.runtime.instrumentation.EvoClassLoader instrumentClass
INFO: Keeping class: org.mozilla.javascript.NativeArray$StringLikeComparator
Aug 08, 2018 12:09:05 AM org.evosuite.runtime.instrumentation.EvoClassLoader loadClass
INFO: Seeing class for first time: org.mozilla.javascript.ClassShutter
Aug 08, 2018 12:09:05 AM org.evosuite.runtime.instrumentation.EvoClassLoader instrumentClass
INFO: Instrumenting class 'org.mozilla.javascript.ClassShutter'.
Aug 08, 2018 12:09:05 AM org.evosuite.runtime.instrumentation.EvoClassLoader instrumentClass
INFO: Keeping class: org.mozilla.javascript.ClassShutter
Aug 08, 2018 12:09:05 AM org.evosuite.runtime.instrumentation.EvoClassLoader loadClass
INFO: Seeing class for first time: org.mozilla.javascript.ast.Symbol
Aug 08, 2018 12:09:05 AM org.evosuite.runtime.instrumentation.EvoClassLoader instrumentClass
INFO: Instrumenting class 'org.mozilla.javascript.ast.Symbol'.
Aug 08, 2018 12:09:05 AM org.evosuite.runtime.instrumentation.MethodCallReplacementClassAdapter visit
INFO: Adding mock interface to class org/mozilla/javascript/ast/Symbol
Aug 08, 2018 12:09:05 AM org.evosuite.runtime.instrumentation.CreateClassResetClassAdapter createEmptyStaticReset
INFO: Creating brand-new static initializer in class org/mozilla/javascript/ast/Symbol
Aug 08, 2018 12:09:05 AM org.evosuite.runtime.instrumentation.EvoClassLoader instrumentClass
INFO: Keeping class: org.mozilla.javascript.ast.Symbol
Aug 08, 2018 12:09:05 AM org.evosuite.runtime.instrumentation.EvoClassLoader loadClass
INFO: Seeing class for first time: org.mozilla.javascript.typedarrays.NativeUint8Array
Aug 08, 2018 12:09:05 AM org.evosuite.runtime.instrumentation.EvoClassLoader instrumentClass
INFO: Instrumenting class 'org.mozilla.javascript.typedarrays.NativeUint8Array'.
Aug 08, 2018 12:09:05 AM org.evosuite.runtime.instrumentation.MethodCallReplacementClassAdapter visit
INFO: Adding mock interface to class org/mozilla/javascript/typedarrays/NativeUint8Array
Aug 08, 2018 12:09:05 AM org.evosuite.runtime.instrumentation.CreateClassResetClassAdapter createEmptyStaticReset
INFO: Creating brand-new static initializer in class org/mozilla/javascript/typedarrays/NativeUint8Array
Aug 08, 2018 12:09:05 AM org.evosuite.runtime.instrumentation.CreateClassResetClassAdapter createEmptyStaticReset
INFO: Adding bytecode for initializing field CLASS_NAME
Aug 08, 2018 12:09:05 AM org.evosuite.runtime.instrumentation.EvoClassLoader instrumentClass
INFO: Keeping class: org.mozilla.javascript.typedarrays.NativeUint8Array
Aug 08, 2018 12:09:05 AM org.evosuite.runtime.instrumentation.EvoClassLoader loadClass
INFO: Seeing class for first time: org.mozilla.javascript.ast.Yield
Aug 08, 2018 12:09:05 AM org.evosuite.runtime.instrumentation.EvoClassLoader instrumentClass
INFO: Instrumenting class 'org.mozilla.javascript.ast.Yield'.
Aug 08, 2018 12:09:05 AM org.evosuite.runtime.instrumentation.MethodCallReplacementClassAdapter visit
INFO: Adding mock interface to class org/mozilla/javascript/ast/Yield
Aug 08, 2018 12:09:05 AM org.evosuite.runtime.instrumentation.CreateClassResetClassAdapter createEmptyStaticReset
INFO: Creating brand-new static initializer in class org/mozilla/javascript/ast/Yield
Aug 08, 2018 12:09:05 AM org.evosuite.runtime.instrumentation.EvoClassLoader instrumentClass
INFO: Keeping class: org.mozilla.javascript.ast.Yield
Aug 08, 2018 12:09:05 AM org.evosuite.runtime.instrumentation.EvoClassLoader loadClass
INFO: Seeing class for first time: org.mozilla.classfile.FieldOrMethodRef
Aug 08, 2018 12:09:05 AM org.evosuite.runtime.instrumentation.EvoClassLoader instrumentClass
INFO: Instrumenting class 'org.mozilla.classfile.FieldOrMethodRef'.
Aug 08, 2018 12:09:05 AM org.evosuite.runtime.instrumentation.MethodCallReplacementClassAdapter visit
INFO: Adding mock interface to class org/mozilla/classfile/FieldOrMethodRef
Aug 08, 2018 12:09:05 AM org.evosuite.runtime.instrumentation.CreateClassResetClassAdapter createEmptyStaticReset
INFO: Creating brand-new static initializer in class org/mozilla/classfile/FieldOrMethodRef
Aug 08, 2018 12:09:05 AM org.evosuite.runtime.instrumentation.EvoClassLoader instrumentClass
INFO: Keeping class: org.mozilla.classfile.FieldOrMethodRef
Aug 08, 2018 12:09:05 AM org.evosuite.runtime.instrumentation.EvoClassLoader loadClass
INFO: Seeing class for first time: org.mozilla.javascript.v8dtoa.CachedPowers$CachedPower
Aug 08, 2018 12:09:05 AM org.evosuite.runtime.instrumentation.EvoClassLoader instrumentClass
INFO: Instrumenting class 'org.mozilla.javascript.v8dtoa.CachedPowers$CachedPower'.
Aug 08, 2018 12:09:05 AM org.evosuite.runtime.instrumentation.MethodCallReplacementClassAdapter visit
INFO: Adding mock interface to class org/mozilla/javascript/v8dtoa/CachedPowers$CachedPower
Aug 08, 2018 12:09:05 AM org.evosuite.runtime.instrumentation.CreateClassResetClassAdapter createEmptyStaticReset
INFO: Creating brand-new static initializer in class org/mozilla/javascript/v8dtoa/CachedPowers$CachedPower
Aug 08, 2018 12:09:05 AM org.evosuite.runtime.instrumentation.EvoClassLoader instrumentClass
INFO: Keeping class: org.mozilla.javascript.v8dtoa.CachedPowers$CachedPower
Aug 08, 2018 12:09:05 AM org.evosuite.runtime.instrumentation.EvoClassLoader loadClass
INFO: Seeing class for first time: org.mozilla.javascript.TopLevel$Builtins
Aug 08, 2018 12:09:05 AM org.evosuite.runtime.instrumentation.EvoClassLoader instrumentClass
INFO: Instrumenting class 'org.mozilla.javascript.TopLevel$Builtins'.
Aug 08, 2018 12:09:05 AM org.evosuite.runtime.instrumentation.MethodCallReplacementClassAdapter visit
INFO: Adding mock interface to class org/mozilla/javascript/TopLevel$Builtins
Aug 08, 2018 12:09:05 AM org.evosuite.runtime.instrumentation.CreateClassResetClassAdapter visitMethod
INFO: Found static initializer in class org/mozilla/javascript/TopLevel$Builtins
Aug 08, 2018 12:09:05 AM org.evosuite.runtime.instrumentation.EvoClassLoader instrumentClass
INFO: Keeping class: org.mozilla.javascript.TopLevel$Builtins
Aug 08, 2018 12:09:05 AM org.evosuite.runtime.instrumentation.EvoClassLoader loadClass
INFO: Seeing class for first time: org.mozilla.javascript.TopLevel$NativeErrors
Aug 08, 2018 12:09:05 AM org.evosuite.runtime.instrumentation.EvoClassLoader instrumentClass
INFO: Instrumenting class 'org.mozilla.javascript.TopLevel$NativeErrors'.
Aug 08, 2018 12:09:05 AM org.evosuite.runtime.instrumentation.MethodCallReplacementClassAdapter visit
INFO: Adding mock interface to class org/mozilla/javascript/TopLevel$NativeErrors
Aug 08, 2018 12:09:05 AM org.evosuite.runtime.instrumentation.CreateClassResetClassAdapter visitMethod
INFO: Found static initializer in class org/mozilla/javascript/TopLevel$NativeErrors
Aug 08, 2018 12:09:05 AM org.evosuite.runtime.instrumentation.EvoClassLoader instrumentClass
INFO: Keeping class: org.mozilla.javascript.TopLevel$NativeErrors
Aug 08, 2018 12:09:05 AM org.evosuite.runtime.instrumentation.EvoClassLoader loadClass
INFO: Seeing class for first time: org.mozilla.javascript.ClassCache
Aug 08, 2018 12:09:05 AM org.evosuite.runtime.instrumentation.EvoClassLoader instrumentClass
INFO: Instrumenting class 'org.mozilla.javascript.ClassCache'.
Aug 08, 2018 12:09:05 AM org.evosuite.runtime.instrumentation.MethodCallReplacementClassAdapter visit
INFO: Adding mock interface to class org/mozilla/javascript/ClassCache
Aug 08, 2018 12:09:05 AM org.evosuite.runtime.instrumentation.CreateClassResetClassAdapter visitMethod
INFO: Found static initializer in class org/mozilla/javascript/ClassCache
Aug 08, 2018 12:09:05 AM org.evosuite.runtime.instrumentation.EvoClassLoader instrumentClass
INFO: Keeping class: org.mozilla.javascript.ClassCache
Aug 08, 2018 12:09:05 AM org.evosuite.runtime.instrumentation.EvoClassLoader loadClass
INFO: Seeing class for first time: org.mozilla.javascript.Arguments
Aug 08, 2018 12:09:05 AM org.evosuite.runtime.instrumentation.EvoClassLoader instrumentClass
INFO: Instrumenting class 'org.mozilla.javascript.Arguments'.
Aug 08, 2018 12:09:05 AM org.evosuite.runtime.instrumentation.MethodCallReplacementClassAdapter visit
INFO: Adding mock interface to class org/mozilla/javascript/Arguments
Aug 08, 2018 12:09:05 AM org.evosuite.runtime.instrumentation.CreateClassResetClassAdapter visitMethod
INFO: Found static initializer in class org/mozilla/javascript/Arguments
Aug 08, 2018 12:09:05 AM org.evosuite.runtime.instrumentation.EvoClassLoader instrumentClass
INFO: Keeping class: org.mozilla.javascript.Arguments
Aug 08, 2018 12:09:05 AM org.evosuite.runtime.instrumentation.EvoClassLoader loadClass
INFO: Seeing class for first time: org.mozilla.javascript.Arguments$1
Aug 08, 2018 12:09:05 AM org.evosuite.runtime.instrumentation.EvoClassLoader instrumentClass
INFO: Instrumenting class 'org.mozilla.javascript.Arguments$1'.
Aug 08, 2018 12:09:05 AM org.evosuite.runtime.instrumentation.MethodCallReplacementClassAdapter visit
INFO: Adding mock interface to class org/mozilla/javascript/Arguments$1
Aug 08, 2018 12:09:05 AM org.evosuite.runtime.instrumentation.EvoClassLoader instrumentClass
INFO: Keeping class: org.mozilla.javascript.Arguments$1
Aug 08, 2018 12:09:05 AM org.evosuite.runtime.instrumentation.EvoClassLoader loadClass
INFO: Seeing class for first time: org.mozilla.javascript.commonjs.module.Require
Aug 08, 2018 12:09:05 AM org.evosuite.runtime.instrumentation.EvoClassLoader instrumentClass
INFO: Instrumenting class 'org.mozilla.javascript.commonjs.module.Require'.
Aug 08, 2018 12:09:05 AM org.evosuite.runtime.instrumentation.MethodCallReplacementClassAdapter visit
INFO: Adding mock interface to class org/mozilla/javascript/commonjs/module/Require
Aug 08, 2018 12:09:05 AM org.evosuite.runtime.instrumentation.CreateClassResetClassAdapter visitMethod
INFO: Found static initializer in class org/mozilla/javascript/commonjs/module/Require
Aug 08, 2018 12:09:05 AM org.evosuite.runtime.instrumentation.EvoClassLoader createPackageDefinition
INFO: Defined package (3): package org.mozilla.javascript.commonjs.module, -451418707
Aug 08, 2018 12:09:05 AM org.evosuite.runtime.instrumentation.EvoClassLoader instrumentClass
INFO: Keeping class: org.mozilla.javascript.commonjs.module.Require
Aug 08, 2018 12:09:06 AM org.evosuite.runtime.instrumentation.EvoClassLoader loadClass
INFO: Seeing class for first time: org.mozilla.javascript.ast.CatchClause
Aug 08, 2018 12:09:06 AM org.evosuite.runtime.instrumentation.EvoClassLoader instrumentClass
INFO: Instrumenting class 'org.mozilla.javascript.ast.CatchClause'.
Aug 08, 2018 12:09:06 AM org.evosuite.runtime.instrumentation.MethodCallReplacementClassAdapter visit
INFO: Adding mock interface to class org/mozilla/javascript/ast/CatchClause
Aug 08, 2018 12:09:06 AM org.evosuite.runtime.instrumentation.CreateClassResetClassAdapter createEmptyStaticReset
INFO: Creating brand-new static initializer in class org/mozilla/javascript/ast/CatchClause
Aug 08, 2018 12:09:06 AM org.evosuite.runtime.instrumentation.EvoClassLoader instrumentClass
INFO: Keeping class: org.mozilla.javascript.ast.CatchClause
Aug 08, 2018 12:09:06 AM org.evosuite.runtime.instrumentation.EvoClassLoader loadClass
INFO: Seeing class for first time: org.mozilla.javascript.ast.XmlMemberGet
Aug 08, 2018 12:09:06 AM org.evosuite.runtime.instrumentation.EvoClassLoader instrumentClass
INFO: Instrumenting class 'org.mozilla.javascript.ast.XmlMemberGet'.
Aug 08, 2018 12:09:06 AM org.evosuite.runtime.instrumentation.MethodCallReplacementClassAdapter visit
INFO: Adding mock interface to class org/mozilla/javascript/ast/XmlMemberGet
Aug 08, 2018 12:09:06 AM org.evosuite.runtime.instrumentation.CreateClassResetClassAdapter createEmptyStaticReset
INFO: Creating brand-new static initializer in class org/mozilla/javascript/ast/XmlMemberGet
Aug 08, 2018 12:09:06 AM org.evosuite.runtime.instrumentation.EvoClassLoader instrumentClass
INFO: Keeping class: org.mozilla.javascript.ast.XmlMemberGet
Aug 08, 2018 12:09:06 AM org.evosuite.runtime.instrumentation.EvoClassLoader loadClass
INFO: Seeing class for first time: org.mozilla.javascript.typedarrays.NativeUint16Array
Aug 08, 2018 12:09:06 AM org.evosuite.runtime.instrumentation.EvoClassLoader instrumentClass
INFO: Instrumenting class 'org.mozilla.javascript.typedarrays.NativeUint16Array'.
Aug 08, 2018 12:09:06 AM org.evosuite.runtime.instrumentation.MethodCallReplacementClassAdapter visit
INFO: Adding mock interface to class org/mozilla/javascript/typedarrays/NativeUint16Array
Aug 08, 2018 12:09:06 AM org.evosuite.runtime.instrumentation.CreateClassResetClassAdapter createEmptyStaticReset
INFO: Creating brand-new static initializer in class org/mozilla/javascript/typedarrays/NativeUint16Array
Aug 08, 2018 12:09:06 AM org.evosuite.runtime.instrumentation.CreateClassResetClassAdapter createEmptyStaticReset
INFO: Adding bytecode for initializing field CLASS_NAME
Aug 08, 2018 12:09:06 AM org.evosuite.runtime.instrumentation.CreateClassResetClassAdapter createEmptyStaticReset
INFO: Adding bytecode for initializing field BYTES_PER_ELEMENT
Aug 08, 2018 12:09:06 AM org.evosuite.runtime.instrumentation.EvoClassLoader instrumentClass
INFO: Keeping class: org.mozilla.javascript.typedarrays.NativeUint16Array
Aug 08, 2018 12:09:06 AM org.evosuite.runtime.instrumentation.EvoClassLoader loadClass
INFO: Seeing class for first time: org.mozilla.javascript.regexp.REGlobalData
Aug 08, 2018 12:09:06 AM org.evosuite.runtime.instrumentation.EvoClassLoader instrumentClass
INFO: Instrumenting class 'org.mozilla.javascript.regexp.REGlobalData'.
Aug 08, 2018 12:09:06 AM org.evosuite.runtime.instrumentation.MethodCallReplacementClassAdapter visit
INFO: Adding mock interface to class org/mozilla/javascript/regexp/REGlobalData
Aug 08, 2018 12:09:06 AM org.evosuite.runtime.instrumentation.CreateClassResetClassAdapter createEmptyStaticReset
INFO: Creating brand-new static initializer in class org/mozilla/javascript/regexp/REGlobalData
Aug 08, 2018 12:09:06 AM org.evosuite.runtime.instrumentation.EvoClassLoader instrumentClass
INFO: Keeping class: org.mozilla.javascript.regexp.REGlobalData
Aug 08, 2018 12:09:06 AM org.evosuite.runtime.instrumentation.EvoClassLoader loadClass
INFO: Seeing class for first time: org.mozilla.javascript.regexp.RECompiled
Aug 08, 2018 12:09:06 AM org.evosuite.runtime.instrumentation.EvoClassLoader instrumentClass
INFO: Instrumenting class 'org.mozilla.javascript.regexp.RECompiled'.
Aug 08, 2018 12:09:06 AM org.evosuite.runtime.instrumentation.MethodCallReplacementClassAdapter visit
INFO: Adding mock interface to class org/mozilla/javascript/regexp/RECompiled
Aug 08, 2018 12:09:06 AM org.evosuite.runtime.instrumentation.CreateClassResetClassAdapter createEmptyStaticReset
INFO: Creating brand-new static initializer in class org/mozilla/javascript/regexp/RECompiled
Aug 08, 2018 12:09:06 AM org.evosuite.runtime.instrumentation.EvoClassLoader instrumentClass
INFO: Keeping class: org.mozilla.javascript.regexp.RECompiled
Aug 08, 2018 12:09:06 AM org.evosuite.runtime.instrumentation.EvoClassLoader loadClass
INFO: Seeing class for first time: org.mozilla.javascript.LazilyLoadedCtor
Aug 08, 2018 12:09:06 AM org.evosuite.runtime.instrumentation.EvoClassLoader instrumentClass
INFO: Instrumenting class 'org.mozilla.javascript.LazilyLoadedCtor'.
Aug 08, 2018 12:09:06 AM org.evosuite.runtime.instrumentation.MethodCallReplacementClassAdapter visit
INFO: Adding mock interface to class org/mozilla/javascript/LazilyLoadedCtor
Aug 08, 2018 12:09:06 AM org.evosuite.runtime.instrumentation.CreateClassResetClassAdapter createEmptyStaticReset
INFO: Creating brand-new static initializer in class org/mozilla/javascript/LazilyLoadedCtor
Aug 08, 2018 12:09:06 AM org.evosuite.runtime.instrumentation.CreateClassResetClassAdapter createEmptyStaticReset
INFO: Adding bytecode for initializing field STATE_BEFORE_INIT
Aug 08, 2018 12:09:06 AM org.evosuite.runtime.instrumentation.CreateClassResetClassAdapter createEmptyStaticReset
INFO: Adding bytecode for initializing field STATE_INITIALIZING
Aug 08, 2018 12:09:06 AM org.evosuite.runtime.instrumentation.CreateClassResetClassAdapter createEmptyStaticReset
INFO: Adding bytecode for initializing field STATE_WITH_VALUE
Aug 08, 2018 12:09:06 AM org.evosuite.runtime.instrumentation.EvoClassLoader instrumentClass
INFO: Keeping class: org.mozilla.javascript.LazilyLoadedCtor
Aug 08, 2018 12:09:06 AM org.evosuite.runtime.instrumentation.EvoClassLoader loadClass
INFO: Seeing class for first time: org.mozilla.javascript.annotations.JSConstructor
Aug 08, 2018 12:09:06 AM org.evosuite.runtime.instrumentation.EvoClassLoader instrumentClass
INFO: Instrumenting class 'org.mozilla.javascript.annotations.JSConstructor'.
Aug 08, 2018 12:09:06 AM org.evosuite.runtime.instrumentation.EvoClassLoader instrumentClass
INFO: Keeping class: org.mozilla.javascript.annotations.JSConstructor
Aug 08, 2018 12:09:06 AM org.evosuite.runtime.instrumentation.EvoClassLoader loadClass
INFO: Seeing class for first time: org.mozilla.javascript.typedarrays.NativeInt32Array
Aug 08, 2018 12:09:06 AM org.evosuite.runtime.instrumentation.EvoClassLoader instrumentClass
INFO: Instrumenting class 'org.mozilla.javascript.typedarrays.NativeInt32Array'.
Aug 08, 2018 12:09:06 AM org.evosuite.runtime.instrumentation.MethodCallReplacementClassAdapter visit
INFO: Adding mock interface to class org/mozilla/javascript/typedarrays/NativeInt32Array
Aug 08, 2018 12:09:06 AM org.evosuite.runtime.instrumentation.CreateClassResetClassAdapter createEmptyStaticReset
INFO: Creating brand-new static initializer in class org/mozilla/javascript/typedarrays/NativeInt32Array
Aug 08, 2018 12:09:06 AM org.evosuite.runtime.instrumentation.CreateClassResetClassAdapter createEmptyStaticReset
INFO: Adding bytecode for initializing field CLASS_NAME
Aug 08, 2018 12:09:06 AM org.evosuite.runtime.instrumentation.CreateClassResetClassAdapter createEmptyStaticReset
INFO: Adding bytecode for initializing field BYTES_PER_ELEMENT
Aug 08, 2018 12:09:06 AM org.evosuite.runtime.instrumentation.EvoClassLoader instrumentClass
INFO: Keeping class: org.mozilla.javascript.typedarrays.NativeInt32Array
Aug 08, 2018 12:09:06 AM org.evosuite.runtime.instrumentation.EvoClassLoader loadClass
INFO: Seeing class for first time: org.mozilla.javascript.ast.ArrayComprehensionLoop
Aug 08, 2018 12:09:06 AM org.evosuite.runtime.instrumentation.EvoClassLoader instrumentClass
INFO: Instrumenting class 'org.mozilla.javascript.ast.ArrayComprehensionLoop'.
Aug 08, 2018 12:09:06 AM org.evosuite.runtime.instrumentation.MethodCallReplacementClassAdapter visit
INFO: Adding mock interface to class org/mozilla/javascript/ast/ArrayComprehensionLoop
Aug 08, 2018 12:09:06 AM org.evosuite.runtime.instrumentation.CreateClassResetClassAdapter createEmptyStaticReset
INFO: Creating brand-new static initializer in class org/mozilla/javascript/ast/ArrayComprehensionLoop
Aug 08, 2018 12:09:06 AM org.evosuite.runtime.instrumentation.EvoClassLoader loadClass
INFO: Seeing class for first time: org.mozilla.javascript.ast.ForInLoop
Aug 08, 2018 12:09:06 AM org.evosuite.runtime.instrumentation.EvoClassLoader instrumentClass
INFO: Instrumenting class 'org.mozilla.javascript.ast.ForInLoop'.
Aug 08, 2018 12:09:06 AM org.evosuite.runtime.instrumentation.MethodCallReplacementClassAdapter visit
INFO: Adding mock interface to class org/mozilla/javascript/ast/ForInLoop
Aug 08, 2018 12:09:06 AM org.evosuite.runtime.instrumentation.CreateClassResetClassAdapter createEmptyStaticReset
INFO: Creating brand-new static initializer in class org/mozilla/javascript/ast/ForInLoop
Aug 08, 2018 12:09:06 AM org.evosuite.runtime.instrumentation.EvoClassLoader instrumentClass
INFO: Keeping class: org.mozilla.javascript.ast.ForInLoop
Aug 08, 2018 12:09:06 AM org.evosuite.runtime.instrumentation.EvoClassLoader instrumentClass
INFO: Keeping class: org.mozilla.javascript.ast.ArrayComprehensionLoop
Aug 08, 2018 12:09:06 AM org.evosuite.runtime.instrumentation.EvoClassLoader loadClass
INFO: Seeing class for first time: org.mozilla.javascript.optimizer.BodyCodegen$ExceptionManager
Aug 08, 2018 12:09:06 AM org.evosuite.runtime.instrumentation.EvoClassLoader instrumentClass
INFO: Instrumenting class 'org.mozilla.javascript.optimizer.BodyCodegen$ExceptionManager'.
Aug 08, 2018 12:09:06 AM org.evosuite.runtime.instrumentation.MethodCallReplacementClassAdapter visit
INFO: Adding mock interface to class org/mozilla/javascript/optimizer/BodyCodegen$ExceptionManager
Aug 08, 2018 12:09:06 AM org.evosuite.runtime.instrumentation.CreateClassResetClassAdapter createEmptyStaticReset
INFO: Creating brand-new static initializer in class org/mozilla/javascript/optimizer/BodyCodegen$ExceptionManager
Aug 08, 2018 12:09:06 AM org.evosuite.runtime.instrumentation.EvoClassLoader instrumentClass
INFO: Keeping class: org.mozilla.javascript.optimizer.BodyCodegen$ExceptionManager
Aug 08, 2018 12:09:06 AM org.evosuite.runtime.instrumentation.EvoClassLoader loadClass
INFO: Seeing class for first time: org.mozilla.javascript.NativeJavaArray
Aug 08, 2018 12:09:06 AM org.evosuite.runtime.instrumentation.EvoClassLoader instrumentClass
INFO: Instrumenting class 'org.mozilla.javascript.NativeJavaArray'.
Aug 08, 2018 12:09:06 AM org.evosuite.runtime.instrumentation.MethodCallReplacementClassAdapter visit
INFO: Adding mock interface to class org/mozilla/javascript/NativeJavaArray
Aug 08, 2018 12:09:06 AM org.evosuite.runtime.instrumentation.CreateClassResetClassAdapter createEmptyStaticReset
INFO: Creating brand-new static initializer in class org/mozilla/javascript/NativeJavaArray
Aug 08, 2018 12:09:06 AM org.evosuite.runtime.instrumentation.EvoClassLoader instrumentClass
INFO: Keeping class: org.mozilla.javascript.NativeJavaArray
Aug 08, 2018 12:09:06 AM org.evosuite.runtime.instrumentation.EvoClassLoader loadClass
INFO: Seeing class for first time: org.mozilla.javascript.ast.SwitchCase
Aug 08, 2018 12:09:06 AM org.evosuite.runtime.instrumentation.EvoClassLoader instrumentClass
INFO: Instrumenting class 'org.mozilla.javascript.ast.SwitchCase'.
Aug 08, 2018 12:09:06 AM org.evosuite.runtime.instrumentation.MethodCallReplacementClassAdapter visit
INFO: Adding mock interface to class org/mozilla/javascript/ast/SwitchCase
Aug 08, 2018 12:09:06 AM org.evosuite.runtime.instrumentation.CreateClassResetClassAdapter createEmptyStaticReset
INFO: Creating brand-new static initializer in class org/mozilla/javascript/ast/SwitchCase
Aug 08, 2018 12:09:06 AM org.evosuite.runtime.instrumentation.EvoClassLoader instrumentClass
INFO: Keeping class: org.mozilla.javascript.ast.SwitchCase
Aug 08, 2018 12:09:06 AM org.evosuite.runtime.instrumentation.EvoClassLoader loadClass
INFO: Seeing class for first time: org.mozilla.javascript.v8dtoa.FastDtoa
Aug 08, 2018 12:09:06 AM org.evosuite.runtime.instrumentation.EvoClassLoader instrumentClass
INFO: Instrumenting class 'org.mozilla.javascript.v8dtoa.FastDtoa'.
Aug 08, 2018 12:09:06 AM org.evosuite.runtime.instrumentation.MethodCallReplacementClassAdapter visit
INFO: Adding mock interface to class org/mozilla/javascript/v8dtoa/FastDtoa
Aug 08, 2018 12:09:06 AM org.evosuite.runtime.instrumentation.CreateClassResetClassAdapter visitMethod
INFO: Found static initializer in class org/mozilla/javascript/v8dtoa/FastDtoa
Aug 08, 2018 12:09:06 AM org.evosuite.runtime.instrumentation.EvoClassLoader instrumentClass
INFO: Keeping class: org.mozilla.javascript.v8dtoa.FastDtoa
Aug 08, 2018 12:09:06 AM org.evosuite.runtime.instrumentation.EvoClassLoader loadClass
INFO: Seeing class for first time: org.mozilla.javascript.optimizer.BodyCodegen$ExceptionManager$ExceptionInfo
Aug 08, 2018 12:09:06 AM org.evosuite.runtime.instrumentation.EvoClassLoader instrumentClass
INFO: Instrumenting class 'org.mozilla.javascript.optimizer.BodyCodegen$ExceptionManager$ExceptionInfo'.
Aug 08, 2018 12:09:06 AM org.evosuite.runtime.instrumentation.MethodCallReplacementClassAdapter visit
INFO: Adding mock interface to class org/mozilla/javascript/optimizer/BodyCodegen$ExceptionManager$ExceptionInfo
Aug 08, 2018 12:09:06 AM org.evosuite.runtime.instrumentation.CreateClassResetClassAdapter createEmptyStaticReset
INFO: Creating brand-new static initializer in class org/mozilla/javascript/optimizer/BodyCodegen$ExceptionManager$ExceptionInfo
Aug 08, 2018 12:09:06 AM org.evosuite.runtime.instrumentation.EvoClassLoader instrumentClass
INFO: Keeping class: org.mozilla.javascript.optimizer.BodyCodegen$ExceptionManager$ExceptionInfo
Aug 08, 2018 12:09:06 AM org.evosuite.runtime.instrumentation.EvoClassLoader loadClass
INFO: Seeing class for first time: org.mozilla.javascript.regexp.GlobData
Aug 08, 2018 12:09:06 AM org.evosuite.runtime.instrumentation.EvoClassLoader instrumentClass
INFO: Instrumenting class 'org.mozilla.javascript.regexp.GlobData'.
Aug 08, 2018 12:09:06 AM org.evosuite.runtime.instrumentation.MethodCallReplacementClassAdapter visit
INFO: Adding mock interface to class org/mozilla/javascript/regexp/GlobData
Aug 08, 2018 12:09:06 AM org.evosuite.runtime.instrumentation.CreateClassResetClassAdapter createEmptyStaticReset
INFO: Creating brand-new static initializer in class org/mozilla/javascript/regexp/GlobData
Aug 08, 2018 12:09:06 AM org.evosuite.runtime.instrumentation.EvoClassLoader instrumentClass
INFO: Keeping class: org.mozilla.javascript.regexp.GlobData
Aug 08, 2018 12:09:06 AM org.evosuite.runtime.instrumentation.EvoClassLoader loadClass
INFO: Seeing class for first time: org.mozilla.javascript.EmbeddedSlotMap$1
Aug 08, 2018 12:09:06 AM org.evosuite.runtime.instrumentation.EvoClassLoader instrumentClass
INFO: Instrumenting class 'org.mozilla.javascript.EmbeddedSlotMap$1'.
Aug 08, 2018 12:09:06 AM org.evosuite.runtime.instrumentation.MethodCallReplacementClassAdapter visit
INFO: Adding mock interface to class org/mozilla/javascript/EmbeddedSlotMap$1
Aug 08, 2018 12:09:06 AM org.evosuite.runtime.instrumentation.EvoClassLoader instrumentClass
INFO: Keeping class: org.mozilla.javascript.EmbeddedSlotMap$1
Aug 08, 2018 12:09:06 AM org.evosuite.runtime.instrumentation.EvoClassLoader loadClass
INFO: Seeing class for first time: org.mozilla.javascript.ScriptableObject$SlotAccess
Aug 08, 2018 12:09:06 AM org.evosuite.runtime.instrumentation.EvoClassLoader instrumentClass
INFO: Instrumenting class 'org.mozilla.javascript.ScriptableObject$SlotAccess'.
Aug 08, 2018 12:09:06 AM org.evosuite.runtime.instrumentation.MethodCallReplacementClassAdapter visit
INFO: Adding mock interface to class org/mozilla/javascript/ScriptableObject$SlotAccess
Aug 08, 2018 12:09:06 AM org.evosuite.runtime.instrumentation.CreateClassResetClassAdapter visitMethod
INFO: Found static initializer in class org/mozilla/javascript/ScriptableObject$SlotAccess
Aug 08, 2018 12:09:06 AM org.evosuite.runtime.instrumentation.EvoClassLoader instrumentClass
INFO: Keeping class: org.mozilla.javascript.ScriptableObject$SlotAccess
Aug 08, 2018 12:09:06 AM org.evosuite.runtime.instrumentation.EvoClassLoader loadClass
INFO: Seeing class for first time: org.mozilla.javascript.regexp.RECharSet
Aug 08, 2018 12:09:06 AM org.evosuite.runtime.instrumentation.EvoClassLoader instrumentClass
INFO: Instrumenting class 'org.mozilla.javascript.regexp.RECharSet'.
Aug 08, 2018 12:09:06 AM org.evosuite.runtime.instrumentation.MethodCallReplacementClassAdapter visit
INFO: Adding mock interface to class org/mozilla/javascript/regexp/RECharSet
Aug 08, 2018 12:09:06 AM org.evosuite.runtime.instrumentation.CreateClassResetClassAdapter createEmptyStaticReset
INFO: Creating brand-new static initializer in class org/mozilla/javascript/regexp/RECharSet
Aug 08, 2018 12:09:06 AM org.evosuite.runtime.instrumentation.EvoClassLoader instrumentClass
INFO: Keeping class: org.mozilla.javascript.regexp.RECharSet
Aug 08, 2018 12:09:06 AM org.evosuite.runtime.instrumentation.EvoClassLoader loadClass
INFO: Seeing class for first time: org.mozilla.classfile.ClassFileWriter$StackMapTable
Aug 08, 2018 12:09:06 AM org.evosuite.runtime.instrumentation.EvoClassLoader instrumentClass
INFO: Instrumenting class 'org.mozilla.classfile.ClassFileWriter$StackMapTable'.
Aug 08, 2018 12:09:06 AM org.evosuite.runtime.instrumentation.MethodCallReplacementClassAdapter visit
INFO: Adding mock interface to class org/mozilla/classfile/ClassFileWriter$StackMapTable
Aug 08, 2018 12:09:06 AM org.evosuite.runtime.instrumentation.CreateClassResetClassAdapter createEmptyStaticReset
INFO: Creating brand-new static initializer in class org/mozilla/classfile/ClassFileWriter$StackMapTable
Aug 08, 2018 12:09:06 AM org.evosuite.runtime.instrumentation.CreateClassResetClassAdapter createEmptyStaticReset
INFO: Adding bytecode for initializing field DEBUGSTACKMAP
Aug 08, 2018 12:09:06 AM org.evosuite.runtime.instrumentation.EvoClassLoader instrumentClass
INFO: Keeping class: org.mozilla.classfile.ClassFileWriter$StackMapTable
Aug 08, 2018 12:09:06 AM org.evosuite.runtime.instrumentation.EvoClassLoader loadClass
INFO: Seeing class for first time: org.mozilla.javascript.ast.Block
Aug 08, 2018 12:09:06 AM org.evosuite.runtime.instrumentation.EvoClassLoader instrumentClass
INFO: Instrumenting class 'org.mozilla.javascript.ast.Block'.
Aug 08, 2018 12:09:06 AM org.evosuite.runtime.instrumentation.MethodCallReplacementClassAdapter visit
INFO: Adding mock interface to class org/mozilla/javascript/ast/Block
Aug 08, 2018 12:09:06 AM org.evosuite.runtime.instrumentation.CreateClassResetClassAdapter createEmptyStaticReset
INFO: Creating brand-new static initializer in class org/mozilla/javascript/ast/Block
Aug 08, 2018 12:09:06 AM org.evosuite.runtime.instrumentation.EvoClassLoader instrumentClass
INFO: Keeping class: org.mozilla.javascript.ast.Block
Aug 08, 2018 12:09:06 AM org.evosuite.runtime.instrumentation.EvoClassLoader loadClass
INFO: Seeing class for first time: org.mozilla.javascript.ast.VariableInitializer
Aug 08, 2018 12:09:06 AM org.evosuite.runtime.instrumentation.EvoClassLoader instrumentClass
INFO: Instrumenting class 'org.mozilla.javascript.ast.VariableInitializer'.
Aug 08, 2018 12:09:06 AM org.evosuite.runtime.instrumentation.MethodCallReplacementClassAdapter visit
INFO: Adding mock interface to class org/mozilla/javascript/ast/VariableInitializer
Aug 08, 2018 12:09:06 AM org.evosuite.runtime.instrumentation.CreateClassResetClassAdapter createEmptyStaticReset
INFO: Creating brand-new static initializer in class org/mozilla/javascript/ast/VariableInitializer
Aug 08, 2018 12:09:06 AM org.evosuite.runtime.instrumentation.EvoClassLoader instrumentClass
INFO: Keeping class: org.mozilla.javascript.ast.VariableInitializer
Aug 08, 2018 12:09:06 AM org.evosuite.runtime.instrumentation.EvoClassLoader loadClass
INFO: Seeing class for first time: org.mozilla.javascript.ast.VariableDeclaration
Aug 08, 2018 12:09:06 AM org.evosuite.runtime.instrumentation.EvoClassLoader instrumentClass
INFO: Instrumenting class 'org.mozilla.javascript.ast.VariableDeclaration'.
Aug 08, 2018 12:09:06 AM org.evosuite.runtime.instrumentation.MethodCallReplacementClassAdapter visit
INFO: Adding mock interface to class org/mozilla/javascript/ast/VariableDeclaration
Aug 08, 2018 12:09:06 AM org.evosuite.runtime.instrumentation.CreateClassResetClassAdapter createEmptyStaticReset
INFO: Creating brand-new static initializer in class org/mozilla/javascript/ast/VariableDeclaration
Aug 08, 2018 12:09:06 AM org.evosuite.runtime.instrumentation.EvoClassLoader instrumentClass
INFO: Keeping class: org.mozilla.javascript.ast.VariableDeclaration
Aug 08, 2018 12:09:06 AM org.evosuite.runtime.instrumentation.EvoClassLoader loadClass
INFO: Seeing class for first time: org.mozilla.javascript.Decompiler
Aug 08, 2018 12:09:06 AM org.evosuite.runtime.instrumentation.EvoClassLoader instrumentClass
INFO: Instrumenting class 'org.mozilla.javascript.Decompiler'.
Aug 08, 2018 12:09:06 AM org.evosuite.runtime.instrumentation.MethodCallReplacementClassAdapter visit
INFO: Adding mock interface to class org/mozilla/javascript/Decompiler
Aug 08, 2018 12:09:06 AM org.evosuite.runtime.instrumentation.CreateClassResetClassAdapter createEmptyStaticReset
INFO: Creating brand-new static initializer in class org/mozilla/javascript/Decompiler
Aug 08, 2018 12:09:06 AM org.evosuite.runtime.instrumentation.CreateClassResetClassAdapter createEmptyStaticReset
INFO: Adding bytecode for initializing field ONLY_BODY_FLAG
Aug 08, 2018 12:09:06 AM org.evosuite.runtime.instrumentation.CreateClassResetClassAdapter createEmptyStaticReset
INFO: Adding bytecode for initializing field TO_SOURCE_FLAG
Aug 08, 2018 12:09:06 AM org.evosuite.runtime.instrumentation.CreateClassResetClassAdapter createEmptyStaticReset
INFO: Adding bytecode for initializing field INITIAL_INDENT_PROP
Aug 08, 2018 12:09:06 AM org.evosuite.runtime.instrumentation.CreateClassResetClassAdapter createEmptyStaticReset
INFO: Adding bytecode for initializing field INDENT_GAP_PROP
Aug 08, 2018 12:09:06 AM org.evosuite.runtime.instrumentation.CreateClassResetClassAdapter createEmptyStaticReset
INFO: Adding bytecode for initializing field CASE_GAP_PROP
Aug 08, 2018 12:09:06 AM org.evosuite.runtime.instrumentation.CreateClassResetClassAdapter createEmptyStaticReset
INFO: Adding bytecode for initializing field FUNCTION_END
Aug 08, 2018 12:09:06 AM org.evosuite.runtime.instrumentation.CreateClassResetClassAdapter createEmptyStaticReset
INFO: Adding bytecode for initializing field printSource
Aug 08, 2018 12:09:06 AM org.evosuite.runtime.instrumentation.EvoClassLoader instrumentClass
INFO: Keeping class: org.mozilla.javascript.Decompiler
Aug 08, 2018 12:09:06 AM org.evosuite.runtime.instrumentation.EvoClassLoader loadClass
INFO: Seeing class for first time: org.mozilla.javascript.commonjs.module.ModuleScriptProvider
Aug 08, 2018 12:09:06 AM org.evosuite.runtime.instrumentation.EvoClassLoader instrumentClass
INFO: Instrumenting class 'org.mozilla.javascript.commonjs.module.ModuleScriptProvider'.
Aug 08, 2018 12:09:06 AM org.evosuite.runtime.instrumentation.EvoClassLoader instrumentClass
INFO: Keeping class: org.mozilla.javascript.commonjs.module.ModuleScriptProvider
Aug 08, 2018 12:09:06 AM org.evosuite.runtime.instrumentation.EvoClassLoader loadClass
INFO: Seeing class for first time: org.mozilla.javascript.regexp.RegExpImpl
Aug 08, 2018 12:09:06 AM org.evosuite.runtime.instrumentation.EvoClassLoader instrumentClass
INFO: Instrumenting class 'org.mozilla.javascript.regexp.RegExpImpl'.
Aug 08, 2018 12:09:06 AM org.evosuite.runtime.instrumentation.MethodCallReplacementClassAdapter visit
INFO: Adding mock interface to class org/mozilla/javascript/regexp/RegExpImpl
Aug 08, 2018 12:09:06 AM org.evosuite.runtime.instrumentation.CreateClassResetClassAdapter createEmptyStaticReset
INFO: Creating brand-new static initializer in class org/mozilla/javascript/regexp/RegExpImpl
Aug 08, 2018 12:09:06 AM org.evosuite.runtime.instrumentation.EvoClassLoader instrumentClass
INFO: Keeping class: org.mozilla.javascript.regexp.RegExpImpl
Aug 08, 2018 12:09:06 AM org.evosuite.runtime.instrumentation.EvoClassLoader loadClass
INFO: Seeing class for first time: org.mozilla.javascript.ast.ThrowStatement
Aug 08, 2018 12:09:06 AM org.evosuite.runtime.instrumentation.EvoClassLoader instrumentClass
INFO: Instrumenting class 'org.mozilla.javascript.ast.ThrowStatement'.
Aug 08, 2018 12:09:06 AM org.evosuite.runtime.instrumentation.MethodCallReplacementClassAdapter visit
INFO: Adding mock interface to class org/mozilla/javascript/ast/ThrowStatement
Aug 08, 2018 12:09:06 AM org.evosuite.runtime.instrumentation.CreateClassResetClassAdapter createEmptyStaticReset
INFO: Creating brand-new static initializer in class org/mozilla/javascript/ast/ThrowStatement
Aug 08, 2018 12:09:06 AM org.evosuite.runtime.instrumentation.EvoClassLoader instrumentClass
INFO: Keeping class: org.mozilla.javascript.ast.ThrowStatement
Aug 08, 2018 12:09:06 AM org.evosuite.runtime.instrumentation.EvoClassLoader loadClass
INFO: Seeing class for first time: org.mozilla.javascript.NativeCall
Aug 08, 2018 12:09:06 AM org.evosuite.runtime.instrumentation.EvoClassLoader instrumentClass
INFO: Instrumenting class 'org.mozilla.javascript.NativeCall'.
Aug 08, 2018 12:09:06 AM org.evosuite.runtime.instrumentation.MethodCallReplacementClassAdapter visit
INFO: Adding mock interface to class org/mozilla/javascript/NativeCall
Aug 08, 2018 12:09:06 AM org.evosuite.runtime.instrumentation.CreateClassResetClassAdapter visitMethod
INFO: Found static initializer in class org/mozilla/javascript/NativeCall
Aug 08, 2018 12:09:06 AM org.evosuite.runtime.instrumentation.EvoClassLoader instrumentClass
INFO: Keeping class: org.mozilla.javascript.NativeCall
Aug 08, 2018 12:09:06 AM org.evosuite.runtime.instrumentation.EvoClassLoader loadClass
INFO: Seeing class for first time: org.mozilla.javascript.InterpreterData
Aug 08, 2018 12:09:06 AM org.evosuite.runtime.instrumentation.EvoClassLoader instrumentClass
INFO: Instrumenting class 'org.mozilla.javascript.InterpreterData'.
Aug 08, 2018 12:09:06 AM org.evosuite.runtime.instrumentation.MethodCallReplacementClassAdapter visit
INFO: Adding mock interface to class org/mozilla/javascript/InterpreterData
Aug 08, 2018 12:09:06 AM org.evosuite.runtime.instrumentation.CreateClassResetClassAdapter createEmptyStaticReset
INFO: Creating brand-new static initializer in class org/mozilla/javascript/InterpreterData
Aug 08, 2018 12:09:06 AM org.evosuite.runtime.instrumentation.CreateClassResetClassAdapter createEmptyStaticReset
INFO: Adding bytecode for initializing field INITIAL_MAX_ICODE_LENGTH
Aug 08, 2018 12:09:06 AM org.evosuite.runtime.instrumentation.CreateClassResetClassAdapter createEmptyStaticReset
INFO: Adding bytecode for initializing field INITIAL_STRINGTABLE_SIZE
Aug 08, 2018 12:09:06 AM org.evosuite.runtime.instrumentation.CreateClassResetClassAdapter createEmptyStaticReset
INFO: Adding bytecode for initializing field INITIAL_NUMBERTABLE_SIZE
Aug 08, 2018 12:09:06 AM org.evosuite.runtime.instrumentation.EvoClassLoader instrumentClass
INFO: Keeping class: org.mozilla.javascript.InterpreterData
Aug 08, 2018 12:09:06 AM org.evosuite.runtime.instrumentation.EvoClassLoader loadClass
INFO: Seeing class for first time: org.mozilla.javascript.regexp.NativeRegExp
Aug 08, 2018 12:09:06 AM org.evosuite.runtime.instrumentation.EvoClassLoader instrumentClass
INFO: Instrumenting class 'org.mozilla.javascript.regexp.NativeRegExp'.
Aug 08, 2018 12:09:06 AM org.evosuite.runtime.instrumentation.MethodCallReplacementClassAdapter visit
INFO: Adding mock interface to class org/mozilla/javascript/regexp/NativeRegExp
Aug 08, 2018 12:09:06 AM org.evosuite.runtime.instrumentation.CreateClassResetClassAdapter visitMethod
INFO: Found static initializer in class org/mozilla/javascript/regexp/NativeRegExp
Aug 08, 2018 12:09:06 AM org.evosuite.runtime.instrumentation.EvoClassLoader instrumentClass
INFO: Keeping class: org.mozilla.javascript.regexp.NativeRegExp
Aug 08, 2018 12:09:06 AM org.evosuite.runtime.instrumentation.EvoClassLoader loadClass
INFO: Seeing class for first time: org.mozilla.javascript.regexp.NativeRegExpCtor
Aug 08, 2018 12:09:06 AM org.evosuite.runtime.instrumentation.EvoClassLoader instrumentClass
INFO: Instrumenting class 'org.mozilla.javascript.regexp.NativeRegExpCtor'.
Aug 08, 2018 12:09:06 AM org.evosuite.runtime.instrumentation.MethodCallReplacementClassAdapter visit
INFO: Adding mock interface to class org/mozilla/javascript/regexp/NativeRegExpCtor
Aug 08, 2018 12:09:06 AM org.evosuite.runtime.instrumentation.CreateClassResetClassAdapter createEmptyStaticReset
INFO: Creating brand-new static initializer in class org/mozilla/javascript/regexp/NativeRegExpCtor
Aug 08, 2018 12:09:06 AM org.evosuite.runtime.instrumentation.CreateClassResetClassAdapter createEmptyStaticReset
INFO: Adding bytecode for initializing field Id_multiline
Aug 08, 2018 12:09:06 AM org.evosuite.runtime.instrumentation.CreateClassResetClassAdapter createEmptyStaticReset
INFO: Adding bytecode for initializing field Id_STAR
Aug 08, 2018 12:09:06 AM org.evosuite.runtime.instrumentation.CreateClassResetClassAdapter createEmptyStaticReset
INFO: Adding bytecode for initializing field Id_input
Aug 08, 2018 12:09:06 AM org.evosuite.runtime.instrumentation.CreateClassResetClassAdapter createEmptyStaticReset
INFO: Adding bytecode for initializing field Id_UNDERSCORE
Aug 08, 2018 12:09:06 AM org.evosuite.runtime.instrumentation.CreateClassResetClassAdapter createEmptyStaticReset
INFO: Adding bytecode for initializing field Id_lastMatch
Aug 08, 2018 12:09:06 AM org.evosuite.runtime.instrumentation.CreateClassResetClassAdapter createEmptyStaticReset
INFO: Adding bytecode for initializing field Id_AMPERSAND
Aug 08, 2018 12:09:06 AM org.evosuite.runtime.instrumentation.CreateClassResetClassAdapter createEmptyStaticReset
INFO: Adding bytecode for initializing field Id_lastParen
Aug 08, 2018 12:09:06 AM org.evosuite.runtime.instrumentation.CreateClassResetClassAdapter createEmptyStaticReset
INFO: Adding bytecode for initializing field Id_PLUS
Aug 08, 2018 12:09:06 AM org.evosuite.runtime.instrumentation.CreateClassResetClassAdapter createEmptyStaticReset
INFO: Adding bytecode for initializing field Id_leftContext
Aug 08, 2018 12:09:06 AM org.evosuite.runtime.instrumentation.CreateClassResetClassAdapter createEmptyStaticReset
INFO: Adding bytecode for initializing field Id_BACK_QUOTE
Aug 08, 2018 12:09:06 AM org.evosuite.runtime.instrumentation.CreateClassResetClassAdapter createEmptyStaticReset
INFO: Adding bytecode for initializing field Id_rightContext
Aug 08, 2018 12:09:06 AM org.evosuite.runtime.instrumentation.CreateClassResetClassAdapter createEmptyStaticReset
INFO: Adding bytecode for initializing field Id_QUOTE
Aug 08, 2018 12:09:06 AM org.evosuite.runtime.instrumentation.CreateClassResetClassAdapter createEmptyStaticReset
INFO: Adding bytecode for initializing field DOLLAR_ID_BASE
Aug 08, 2018 12:09:06 AM org.evosuite.runtime.instrumentation.CreateClassResetClassAdapter createEmptyStaticReset
INFO: Adding bytecode for initializing field Id_DOLLAR_1
Aug 08, 2018 12:09:06 AM org.evosuite.runtime.instrumentation.CreateClassResetClassAdapter createEmptyStaticReset
INFO: Adding bytecode for initializing field Id_DOLLAR_2
Aug 08, 2018 12:09:06 AM org.evosuite.runtime.instrumentation.CreateClassResetClassAdapter createEmptyStaticReset
INFO: Adding bytecode for initializing field Id_DOLLAR_3
Aug 08, 2018 12:09:06 AM org.evosuite.runtime.instrumentation.CreateClassResetClassAdapter createEmptyStaticReset
INFO: Adding bytecode for initializing field Id_DOLLAR_4
Aug 08, 2018 12:09:06 AM org.evosuite.runtime.instrumentation.CreateClassResetClassAdapter createEmptyStaticReset
INFO: Adding bytecode for initializing field Id_DOLLAR_5
Aug 08, 2018 12:09:06 AM org.evosuite.runtime.instrumentation.CreateClassResetClassAdapter createEmptyStaticReset
INFO: Adding bytecode for initializing field Id_DOLLAR_6
Aug 08, 2018 12:09:06 AM org.evosuite.runtime.instrumentation.CreateClassResetClassAdapter createEmptyStaticReset
INFO: Adding bytecode for initializing field Id_DOLLAR_7
Aug 08, 2018 12:09:06 AM org.evosuite.runtime.instrumentation.CreateClassResetClassAdapter createEmptyStaticReset
INFO: Adding bytecode for initializing field Id_DOLLAR_8
Aug 08, 2018 12:09:06 AM org.evosuite.runtime.instrumentation.CreateClassResetClassAdapter createEmptyStaticReset
INFO: Adding bytecode for initializing field Id_DOLLAR_9
Aug 08, 2018 12:09:06 AM org.evosuite.runtime.instrumentation.CreateClassResetClassAdapter createEmptyStaticReset
INFO: Adding bytecode for initializing field MAX_INSTANCE_ID
Aug 08, 2018 12:09:06 AM org.evosuite.runtime.instrumentation.EvoClassLoader instrumentClass
INFO: Keeping class: org.mozilla.javascript.regexp.NativeRegExpCtor
Aug 08, 2018 12:09:06 AM org.evosuite.runtime.instrumentation.EvoClassLoader loadClass
INFO: Seeing class for first time: org.mozilla.javascript.xml.XMLLib
Aug 08, 2018 12:09:06 AM org.evosuite.runtime.instrumentation.EvoClassLoader instrumentClass
INFO: Instrumenting class 'org.mozilla.javascript.xml.XMLLib'.
Aug 08, 2018 12:09:06 AM org.evosuite.runtime.instrumentation.MethodCallReplacementClassAdapter visit
INFO: Adding mock interface to class org/mozilla/javascript/xml/XMLLib
Aug 08, 2018 12:09:06 AM org.evosuite.runtime.instrumentation.CreateClassResetClassAdapter visitMethod
INFO: Found static initializer in class org/mozilla/javascript/xml/XMLLib
Aug 08, 2018 12:09:06 AM org.evosuite.runtime.instrumentation.EvoClassLoader createPackageDefinition
INFO: Defined package (3): package org.mozilla.javascript.xml, 473550622
Aug 08, 2018 12:09:06 AM org.evosuite.runtime.instrumentation.EvoClassLoader instrumentClass
INFO: Keeping class: org.mozilla.javascript.xml.XMLLib
Aug 08, 2018 12:09:06 AM org.evosuite.runtime.instrumentation.EvoClassLoader loadClass
INFO: Seeing class for first time: org.mozilla.javascript.Node$PropListItem
Aug 08, 2018 12:09:06 AM org.evosuite.runtime.instrumentation.EvoClassLoader instrumentClass
INFO: Instrumenting class 'org.mozilla.javascript.Node$PropListItem'.
Aug 08, 2018 12:09:06 AM org.evosuite.runtime.instrumentation.MethodCallReplacementClassAdapter visit
INFO: Adding mock interface to class org/mozilla/javascript/Node$PropListItem
Aug 08, 2018 12:09:06 AM org.evosuite.runtime.instrumentation.CreateClassResetClassAdapter createEmptyStaticReset
INFO: Creating brand-new static initializer in class org/mozilla/javascript/Node$PropListItem
Aug 08, 2018 12:09:06 AM org.evosuite.runtime.instrumentation.EvoClassLoader instrumentClass
INFO: Keeping class: org.mozilla.javascript.Node$PropListItem
Aug 08, 2018 12:09:06 AM org.evosuite.runtime.instrumentation.EvoClassLoader loadClass
INFO: Seeing class for first time: org.mozilla.javascript.regexp.CompilerState
Aug 08, 2018 12:09:06 AM org.evosuite.runtime.instrumentation.EvoClassLoader instrumentClass
INFO: Instrumenting class 'org.mozilla.javascript.regexp.CompilerState'.
Aug 08, 2018 12:09:06 AM org.evosuite.runtime.instrumentation.MethodCallReplacementClassAdapter visit
INFO: Adding mock interface to class org/mozilla/javascript/regexp/CompilerState
Aug 08, 2018 12:09:06 AM org.evosuite.runtime.instrumentation.CreateClassResetClassAdapter createEmptyStaticReset
INFO: Creating brand-new static initializer in class org/mozilla/javascript/regexp/CompilerState
Aug 08, 2018 12:09:06 AM org.evosuite.runtime.instrumentation.EvoClassLoader instrumentClass
INFO: Keeping class: org.mozilla.javascript.regexp.CompilerState
Aug 08, 2018 12:09:06 AM org.evosuite.runtime.instrumentation.EvoClassLoader loadClass
INFO: Seeing class for first time: org.mozilla.javascript.TokenStream
Aug 08, 2018 12:09:06 AM org.evosuite.runtime.instrumentation.EvoClassLoader instrumentClass
INFO: Instrumenting class 'org.mozilla.javascript.TokenStream'.
Aug 08, 2018 12:09:06 AM org.evosuite.runtime.instrumentation.MethodCallReplacementClassAdapter visit
INFO: Adding mock interface to class org/mozilla/javascript/TokenStream
Aug 08, 2018 12:09:06 AM org.evosuite.runtime.instrumentation.CreateClassResetClassAdapter visitMethod
INFO: Found static initializer in class org/mozilla/javascript/TokenStream
Aug 08, 2018 12:09:06 AM org.evosuite.runtime.instrumentation.EvoClassLoader instrumentClass
INFO: Keeping class: org.mozilla.javascript.TokenStream
Aug 08, 2018 12:09:06 AM org.evosuite.runtime.instrumentation.EvoClassLoader loadClass
INFO: Seeing class for first time: org.mozilla.javascript.NativeJavaTopPackage
Aug 08, 2018 12:09:06 AM org.evosuite.runtime.instrumentation.EvoClassLoader instrumentClass
INFO: Instrumenting class 'org.mozilla.javascript.NativeJavaTopPackage'.
Aug 08, 2018 12:09:07 AM org.evosuite.runtime.instrumentation.MethodCallReplacementClassAdapter visit
INFO: Adding mock interface to class org/mozilla/javascript/NativeJavaTopPackage
Aug 08, 2018 12:09:07 AM org.evosuite.runtime.instrumentation.CreateClassResetClassAdapter visitMethod
INFO: Found static initializer in class org/mozilla/javascript/NativeJavaTopPackage
Aug 08, 2018 12:09:07 AM org.evosuite.runtime.instrumentation.EvoClassLoader instrumentClass
INFO: Keeping class: org.mozilla.javascript.NativeJavaTopPackage
Aug 08, 2018 12:09:07 AM org.evosuite.runtime.instrumentation.EvoClassLoader loadClass
INFO: Seeing class for first time: org.mozilla.javascript.Parser$ParserException
Aug 08, 2018 12:09:07 AM org.evosuite.runtime.instrumentation.EvoClassLoader instrumentClass
INFO: Instrumenting class 'org.mozilla.javascript.Parser$ParserException'.
Aug 08, 2018 12:09:07 AM org.evosuite.runtime.instrumentation.MethodCallReplacementClassAdapter visit
INFO: Adding mock interface to class org/mozilla/javascript/Parser$ParserException
Aug 08, 2018 12:09:07 AM org.evosuite.runtime.instrumentation.CreateClassResetClassAdapter createEmptyStaticReset
INFO: Creating brand-new static initializer in class org/mozilla/javascript/Parser$ParserException
Aug 08, 2018 12:09:07 AM org.evosuite.runtime.instrumentation.EvoClassLoader instrumentClass
INFO: Keeping class: org.mozilla.javascript.Parser$ParserException
Aug 08, 2018 12:09:07 AM org.evosuite.runtime.instrumentation.EvoClassLoader loadClass
INFO: Seeing class for first time: org.mozilla.javascript.ArrowFunction
Aug 08, 2018 12:09:07 AM org.evosuite.runtime.instrumentation.EvoClassLoader instrumentClass
INFO: Instrumenting class 'org.mozilla.javascript.ArrowFunction'.
Aug 08, 2018 12:09:07 AM org.evosuite.runtime.instrumentation.MethodCallReplacementClassAdapter visit
INFO: Adding mock interface to class org/mozilla/javascript/ArrowFunction
Aug 08, 2018 12:09:07 AM org.evosuite.runtime.instrumentation.CreateClassResetClassAdapter createEmptyStaticReset
INFO: Creating brand-new static initializer in class org/mozilla/javascript/ArrowFunction
Aug 08, 2018 12:09:07 AM org.evosuite.runtime.instrumentation.EvoClassLoader instrumentClass
INFO: Keeping class: org.mozilla.javascript.ArrowFunction
Aug 08, 2018 12:09:07 AM org.evosuite.runtime.instrumentation.EvoClassLoader loadClass
INFO: Seeing class for first time: org.mozilla.javascript.ast.XmlDotQuery
Aug 08, 2018 12:09:07 AM org.evosuite.runtime.instrumentation.EvoClassLoader instrumentClass
INFO: Instrumenting class 'org.mozilla.javascript.ast.XmlDotQuery'.
Aug 08, 2018 12:09:07 AM org.evosuite.runtime.instrumentation.MethodCallReplacementClassAdapter visit
INFO: Adding mock interface to class org/mozilla/javascript/ast/XmlDotQuery
Aug 08, 2018 12:09:07 AM org.evosuite.runtime.instrumentation.CreateClassResetClassAdapter createEmptyStaticReset
INFO: Creating brand-new static initializer in class org/mozilla/javascript/ast/XmlDotQuery
Aug 08, 2018 12:09:07 AM org.evosuite.runtime.instrumentation.EvoClassLoader instrumentClass
INFO: Keeping class: org.mozilla.javascript.ast.XmlDotQuery
Aug 08, 2018 12:09:07 AM org.evosuite.runtime.instrumentation.EvoClassLoader loadClass
INFO: Seeing class for first time: org.mozilla.javascript.RefCallable
Aug 08, 2018 12:09:07 AM org.evosuite.runtime.instrumentation.EvoClassLoader instrumentClass
INFO: Instrumenting class 'org.mozilla.javascript.RefCallable'.
Aug 08, 2018 12:09:07 AM org.evosuite.runtime.instrumentation.EvoClassLoader instrumentClass
INFO: Keeping class: org.mozilla.javascript.RefCallable
Aug 08, 2018 12:09:07 AM org.evosuite.runtime.instrumentation.EvoClassLoader loadClass
INFO: Seeing class for first time: org.mozilla.javascript.ObjToIntMap$Iterator
Aug 08, 2018 12:09:07 AM org.evosuite.runtime.instrumentation.EvoClassLoader instrumentClass
INFO: Instrumenting class 'org.mozilla.javascript.ObjToIntMap$Iterator'.
Aug 08, 2018 12:09:07 AM org.evosuite.runtime.instrumentation.MethodCallReplacementClassAdapter visit
INFO: Adding mock interface to class org/mozilla/javascript/ObjToIntMap$Iterator
Aug 08, 2018 12:09:07 AM org.evosuite.runtime.instrumentation.CreateClassResetClassAdapter createEmptyStaticReset
INFO: Creating brand-new static initializer in class org/mozilla/javascript/ObjToIntMap$Iterator
Aug 08, 2018 12:09:07 AM org.evosuite.runtime.instrumentation.EvoClassLoader instrumentClass
INFO: Keeping class: org.mozilla.javascript.ObjToIntMap$Iterator
Aug 08, 2018 12:09:07 AM org.evosuite.runtime.instrumentation.EvoClassLoader loadClass
INFO: Seeing class for first time: org.mozilla.javascript.ast.DoLoop
Aug 08, 2018 12:09:07 AM org.evosuite.runtime.instrumentation.EvoClassLoader instrumentClass
INFO: Instrumenting class 'org.mozilla.javascript.ast.DoLoop'.
Aug 08, 2018 12:09:07 AM org.evosuite.runtime.instrumentation.MethodCallReplacementClassAdapter visit
INFO: Adding mock interface to class org/mozilla/javascript/ast/DoLoop
Aug 08, 2018 12:09:07 AM org.evosuite.runtime.instrumentation.CreateClassResetClassAdapter createEmptyStaticReset
INFO: Creating brand-new static initializer in class org/mozilla/javascript/ast/DoLoop
Aug 08, 2018 12:09:07 AM org.evosuite.runtime.instrumentation.EvoClassLoader instrumentClass
INFO: Keeping class: org.mozilla.javascript.ast.DoLoop
Aug 08, 2018 12:09:07 AM org.evosuite.runtime.instrumentation.EvoClassLoader loadClass
INFO: Seeing class for first time: org.mozilla.javascript.DToA
Aug 08, 2018 12:09:07 AM org.evosuite.runtime.instrumentation.EvoClassLoader instrumentClass
INFO: Instrumenting class 'org.mozilla.javascript.DToA'.
Aug 08, 2018 12:09:07 AM org.evosuite.runtime.instrumentation.MethodCallReplacementClassAdapter visit
INFO: Adding mock interface to class org/mozilla/javascript/DToA
Aug 08, 2018 12:09:07 AM org.evosuite.runtime.instrumentation.CreateClassResetClassAdapter visitMethod
INFO: Found static initializer in class org/mozilla/javascript/DToA
Aug 08, 2018 12:09:07 AM org.evosuite.runtime.instrumentation.EvoClassLoader instrumentClass
INFO: Keeping class: org.mozilla.javascript.DToA
Aug 08, 2018 12:09:07 AM org.evosuite.runtime.instrumentation.EvoClassLoader loadClass
INFO: Seeing class for first time: org.mozilla.javascript.NativeGlobal
Aug 08, 2018 12:09:07 AM org.evosuite.runtime.instrumentation.EvoClassLoader instrumentClass
INFO: Instrumenting class 'org.mozilla.javascript.NativeGlobal'.
Aug 08, 2018 12:09:07 AM org.evosuite.runtime.instrumentation.MethodCallReplacementClassAdapter visit
INFO: Adding mock interface to class org/mozilla/javascript/NativeGlobal
Aug 08, 2018 12:09:07 AM org.evosuite.runtime.instrumentation.CreateClassResetClassAdapter visitMethod
INFO: Found static initializer in class org/mozilla/javascript/NativeGlobal
Aug 08, 2018 12:09:07 AM org.evosuite.runtime.instrumentation.EvoClassLoader instrumentClass
INFO: Keeping class: org.mozilla.javascript.NativeGlobal
Aug 08, 2018 12:09:07 AM org.evosuite.runtime.instrumentation.EvoClassLoader loadClass
INFO: Seeing class for first time: org.mozilla.javascript.v8dtoa.DoubleHelper
Aug 08, 2018 12:09:07 AM org.evosuite.runtime.instrumentation.EvoClassLoader instrumentClass
INFO: Instrumenting class 'org.mozilla.javascript.v8dtoa.DoubleHelper'.
Aug 08, 2018 12:09:07 AM org.evosuite.runtime.instrumentation.MethodCallReplacementClassAdapter visit
INFO: Adding mock interface to class org/mozilla/javascript/v8dtoa/DoubleHelper
Aug 08, 2018 12:09:07 AM org.evosuite.runtime.instrumentation.CreateClassResetClassAdapter visitMethod
INFO: Found static initializer in class org/mozilla/javascript/v8dtoa/DoubleHelper
Aug 08, 2018 12:09:07 AM org.evosuite.runtime.instrumentation.EvoClassLoader instrumentClass
INFO: Keeping class: org.mozilla.javascript.v8dtoa.DoubleHelper
Aug 08, 2018 12:09:07 AM org.evosuite.runtime.instrumentation.EvoClassLoader loadClass
INFO: Seeing class for first time: org.mozilla.javascript.ast.AstRoot
Aug 08, 2018 12:09:07 AM org.evosuite.runtime.instrumentation.EvoClassLoader instrumentClass
INFO: Instrumenting class 'org.mozilla.javascript.ast.AstRoot'.
Aug 08, 2018 12:09:07 AM org.evosuite.runtime.instrumentation.MethodCallReplacementClassAdapter visit
INFO: Adding mock interface to class org/mozilla/javascript/ast/AstRoot
Aug 08, 2018 12:09:07 AM org.evosuite.runtime.instrumentation.CreateClassResetClassAdapter createEmptyStaticReset
INFO: Creating brand-new static initializer in class org/mozilla/javascript/ast/AstRoot
Aug 08, 2018 12:09:07 AM org.evosuite.runtime.instrumentation.EvoClassLoader instrumentClass
INFO: Keeping class: org.mozilla.javascript.ast.AstRoot
Aug 08, 2018 12:09:07 AM org.evosuite.runtime.instrumentation.EvoClassLoader loadClass
INFO: Seeing class for first time: org.mozilla.javascript.ContextListener
Aug 08, 2018 12:09:07 AM org.evosuite.runtime.instrumentation.EvoClassLoader instrumentClass
INFO: Instrumenting class 'org.mozilla.javascript.ContextListener'.
Aug 08, 2018 12:09:07 AM org.evosuite.runtime.instrumentation.EvoClassLoader instrumentClass
INFO: Keeping class: org.mozilla.javascript.ContextListener
Aug 08, 2018 12:09:07 AM org.evosuite.runtime.instrumentation.EvoClassLoader loadClass
INFO: Seeing class for first time: org.mozilla.javascript.ScriptStackElement
Aug 08, 2018 12:09:07 AM org.evosuite.runtime.instrumentation.EvoClassLoader instrumentClass
INFO: Instrumenting class 'org.mozilla.javascript.ScriptStackElement'.
Aug 08, 2018 12:09:07 AM org.evosuite.runtime.instrumentation.MethodCallReplacementClassAdapter visit
INFO: Adding mock interface to class org/mozilla/javascript/ScriptStackElement
Aug 08, 2018 12:09:07 AM org.evosuite.runtime.instrumentation.CreateClassResetClassAdapter createEmptyStaticReset
INFO: Creating brand-new static initializer in class org/mozilla/javascript/ScriptStackElement
Aug 08, 2018 12:09:07 AM org.evosuite.runtime.instrumentation.EvoClassLoader instrumentClass
INFO: Keeping class: org.mozilla.javascript.ScriptStackElement
Aug 08, 2018 12:09:07 AM org.evosuite.runtime.instrumentation.EvoClassLoader loadClass
INFO: Seeing class for first time: org.mozilla.javascript.ast.WhileLoop
Aug 08, 2018 12:09:07 AM org.evosuite.runtime.instrumentation.EvoClassLoader instrumentClass
INFO: Instrumenting class 'org.mozilla.javascript.ast.WhileLoop'.
Aug 08, 2018 12:09:07 AM org.evosuite.runtime.instrumentation.MethodCallReplacementClassAdapter visit
INFO: Adding mock interface to class org/mozilla/javascript/ast/WhileLoop
Aug 08, 2018 12:09:07 AM org.evosuite.runtime.instrumentation.CreateClassResetClassAdapter createEmptyStaticReset
INFO: Creating brand-new static initializer in class org/mozilla/javascript/ast/WhileLoop
Aug 08, 2018 12:09:07 AM org.evosuite.runtime.instrumentation.EvoClassLoader instrumentClass
INFO: Keeping class: org.mozilla.javascript.ast.WhileLoop
Aug 08, 2018 12:09:07 AM org.evosuite.runtime.instrumentation.EvoClassLoader loadClass
INFO: Seeing class for first time: org.mozilla.javascript.NativeDate
Aug 08, 2018 12:09:07 AM org.evosuite.runtime.instrumentation.EvoClassLoader instrumentClass
INFO: Instrumenting class 'org.mozilla.javascript.NativeDate'.
Aug 08, 2018 12:09:07 AM org.evosuite.runtime.instrumentation.MethodCallReplacementClassAdapter visit
INFO: Adding mock interface to class org/mozilla/javascript/NativeDate
Aug 08, 2018 12:09:07 AM org.evosuite.runtime.instrumentation.CreateClassResetClassAdapter visitMethod
INFO: Found static initializer in class org/mozilla/javascript/NativeDate
Aug 08, 2018 12:09:07 AM org.evosuite.runtime.instrumentation.EvoClassLoader instrumentClass
INFO: Keeping class: org.mozilla.javascript.NativeDate
Aug 08, 2018 12:09:07 AM org.evosuite.runtime.instrumentation.EvoClassLoader loadClass
INFO: Seeing class for first time: org.mozilla.javascript.ast.EmptyStatement
Aug 08, 2018 12:09:07 AM org.evosuite.runtime.instrumentation.EvoClassLoader instrumentClass
INFO: Instrumenting class 'org.mozilla.javascript.ast.EmptyStatement'.
Aug 08, 2018 12:09:07 AM org.evosuite.runtime.instrumentation.MethodCallReplacementClassAdapter visit
INFO: Adding mock interface to class org/mozilla/javascript/ast/EmptyStatement
Aug 08, 2018 12:09:07 AM org.evosuite.runtime.instrumentation.CreateClassResetClassAdapter createEmptyStaticReset
INFO: Creating brand-new static initializer in class org/mozilla/javascript/ast/EmptyStatement
Aug 08, 2018 12:09:07 AM org.evosuite.runtime.instrumentation.EvoClassLoader instrumentClass
INFO: Keeping class: org.mozilla.javascript.ast.EmptyStatement
Aug 08, 2018 12:09:07 AM org.evosuite.runtime.instrumentation.EvoClassLoader loadClass
INFO: Seeing class for first time: org.mozilla.javascript.BoundFunction
Aug 08, 2018 12:09:07 AM org.evosuite.runtime.instrumentation.EvoClassLoader instrumentClass
INFO: Instrumenting class 'org.mozilla.javascript.BoundFunction'.
Aug 08, 2018 12:09:07 AM org.evosuite.runtime.instrumentation.MethodCallReplacementClassAdapter visit
INFO: Adding mock interface to class org/mozilla/javascript/BoundFunction
Aug 08, 2018 12:09:07 AM org.evosuite.runtime.instrumentation.CreateClassResetClassAdapter createEmptyStaticReset
INFO: Creating brand-new static initializer in class org/mozilla/javascript/BoundFunction
Aug 08, 2018 12:09:07 AM org.evosuite.runtime.instrumentation.EvoClassLoader instrumentClass
INFO: Keeping class: org.mozilla.javascript.BoundFunction
Aug 08, 2018 12:09:07 AM org.evosuite.runtime.instrumentation.EvoClassLoader loadClass
INFO: Seeing class for first time: org.mozilla.javascript.ast.PropertyGet
Aug 08, 2018 12:09:07 AM org.evosuite.runtime.instrumentation.EvoClassLoader instrumentClass
INFO: Instrumenting class 'org.mozilla.javascript.ast.PropertyGet'.
Aug 08, 2018 12:09:07 AM org.evosuite.runtime.instrumentation.MethodCallReplacementClassAdapter visit
INFO: Adding mock interface to class org/mozilla/javascript/ast/PropertyGet
Aug 08, 2018 12:09:07 AM org.evosuite.runtime.instrumentation.CreateClassResetClassAdapter createEmptyStaticReset
INFO: Creating brand-new static initializer in class org/mozilla/javascript/ast/PropertyGet
Aug 08, 2018 12:09:07 AM org.evosuite.runtime.instrumentation.EvoClassLoader instrumentClass
INFO: Keeping class: org.mozilla.javascript.ast.PropertyGet
Aug 08, 2018 12:09:07 AM org.evosuite.runtime.instrumentation.EvoClassLoader loadClass
INFO: Seeing class for first time: org.mozilla.javascript.regexp.REBackTrackData
Aug 08, 2018 12:09:07 AM org.evosuite.runtime.instrumentation.EvoClassLoader instrumentClass
INFO: Instrumenting class 'org.mozilla.javascript.regexp.REBackTrackData'.
Aug 08, 2018 12:09:07 AM org.evosuite.runtime.instrumentation.MethodCallReplacementClassAdapter visit
INFO: Adding mock interface to class org/mozilla/javascript/regexp/REBackTrackData
Aug 08, 2018 12:09:07 AM org.evosuite.runtime.instrumentation.CreateClassResetClassAdapter createEmptyStaticReset
INFO: Creating brand-new static initializer in class org/mozilla/javascript/regexp/REBackTrackData
Aug 08, 2018 12:09:07 AM org.evosuite.runtime.instrumentation.EvoClassLoader instrumentClass
INFO: Keeping class: org.mozilla.javascript.regexp.REBackTrackData
Aug 08, 2018 12:09:07 AM org.evosuite.runtime.instrumentation.EvoClassLoader loadClass
INFO: Seeing class for first time: org.mozilla.javascript.ast.XmlPropRef
Aug 08, 2018 12:09:07 AM org.evosuite.runtime.instrumentation.EvoClassLoader instrumentClass
INFO: Instrumenting class 'org.mozilla.javascript.ast.XmlPropRef'.
Aug 08, 2018 12:09:07 AM org.evosuite.runtime.instrumentation.MethodCallReplacementClassAdapter visit
INFO: Adding mock interface to class org/mozilla/javascript/ast/XmlPropRef
Aug 08, 2018 12:09:07 AM org.evosuite.runtime.instrumentation.CreateClassResetClassAdapter createEmptyStaticReset
INFO: Creating brand-new static initializer in class org/mozilla/javascript/ast/XmlPropRef
Aug 08, 2018 12:09:07 AM org.evosuite.runtime.instrumentation.EvoClassLoader instrumentClass
INFO: Keeping class: org.mozilla.javascript.ast.XmlPropRef
Aug 08, 2018 12:09:07 AM org.evosuite.runtime.instrumentation.EvoClassLoader loadClass
INFO: Seeing class for first time: org.mozilla.javascript.tools.shell.Environment
Aug 08, 2018 12:09:07 AM org.evosuite.runtime.instrumentation.EvoClassLoader instrumentClass
INFO: Instrumenting class 'org.mozilla.javascript.tools.shell.Environment'.
Aug 08, 2018 12:09:07 AM org.evosuite.runtime.instrumentation.MethodCallReplacementClassAdapter visit
INFO: Adding mock interface to class org/mozilla/javascript/tools/shell/Environment
Aug 08, 2018 12:09:07 AM org.evosuite.runtime.instrumentation.CreateClassResetClassAdapter createEmptyStaticReset
INFO: Creating brand-new static initializer in class org/mozilla/javascript/tools/shell/Environment
Aug 08, 2018 12:09:07 AM org.evosuite.runtime.instrumentation.EvoClassLoader instrumentClass
INFO: Keeping class: org.mozilla.javascript.tools.shell.Environment
Aug 08, 2018 12:09:07 AM org.evosuite.runtime.instrumentation.EvoClassLoader loadClass
INFO: Seeing class for first time: org.mozilla.javascript.Undefined$1
Aug 08, 2018 12:09:07 AM org.evosuite.runtime.instrumentation.EvoClassLoader instrumentClass
INFO: Instrumenting class 'org.mozilla.javascript.Undefined$1'.
Aug 08, 2018 12:09:07 AM org.evosuite.runtime.instrumentation.MethodCallReplacementClassAdapter visit
INFO: Adding mock interface to class org/mozilla/javascript/Undefined$1
Aug 08, 2018 12:09:07 AM org.evosuite.runtime.instrumentation.EvoClassLoader instrumentClass
INFO: Keeping class: org.mozilla.javascript.Undefined$1
Aug 08, 2018 12:09:07 AM org.evosuite.runtime.instrumentation.EvoClassLoader loadClass
INFO: Seeing class for first time: org.mozilla.javascript.IdScriptableObject$PrototypeValues
Aug 08, 2018 12:09:07 AM org.evosuite.runtime.instrumentation.EvoClassLoader instrumentClass
INFO: Instrumenting class 'org.mozilla.javascript.IdScriptableObject$PrototypeValues'.
Aug 08, 2018 12:09:07 AM org.evosuite.runtime.instrumentation.MethodCallReplacementClassAdapter visit
INFO: Adding mock interface to class org/mozilla/javascript/IdScriptableObject$PrototypeValues
Aug 08, 2018 12:09:07 AM org.evosuite.runtime.instrumentation.CreateClassResetClassAdapter createEmptyStaticReset
INFO: Creating brand-new static initializer in class org/mozilla/javascript/IdScriptableObject$PrototypeValues
Aug 08, 2018 12:09:07 AM org.evosuite.runtime.instrumentation.CreateClassResetClassAdapter createEmptyStaticReset
INFO: Adding bytecode for initializing field NAME_SLOT
Aug 08, 2018 12:09:07 AM org.evosuite.runtime.instrumentation.CreateClassResetClassAdapter createEmptyStaticReset
INFO: Adding bytecode for initializing field SLOT_SPAN
Aug 08, 2018 12:09:07 AM org.evosuite.runtime.instrumentation.EvoClassLoader instrumentClass
INFO: Keeping class: org.mozilla.javascript.IdScriptableObject$PrototypeValues
Aug 08, 2018 12:09:07 AM org.evosuite.runtime.instrumentation.EvoClassLoader loadClass
INFO: Seeing class for first time: org.mozilla.javascript.ast.GeneratorExpressionLoop
Aug 08, 2018 12:09:07 AM org.evosuite.runtime.instrumentation.EvoClassLoader instrumentClass
INFO: Instrumenting class 'org.mozilla.javascript.ast.GeneratorExpressionLoop'.
Aug 08, 2018 12:09:07 AM org.evosuite.runtime.instrumentation.MethodCallReplacementClassAdapter visit
INFO: Adding mock interface to class org/mozilla/javascript/ast/GeneratorExpressionLoop
Aug 08, 2018 12:09:07 AM org.evosuite.runtime.instrumentation.CreateClassResetClassAdapter createEmptyStaticReset
INFO: Creating brand-new static initializer in class org/mozilla/javascript/ast/GeneratorExpressionLoop
Aug 08, 2018 12:09:07 AM org.evosuite.runtime.instrumentation.EvoClassLoader instrumentClass
INFO: Keeping class: org.mozilla.javascript.ast.GeneratorExpressionLoop
Aug 08, 2018 12:09:07 AM org.evosuite.runtime.instrumentation.EvoClassLoader loadClass
INFO: Seeing class for first time: org.mozilla.javascript.tools.shell.ShellConsole$ConsoleInputStream
Aug 08, 2018 12:09:07 AM org.evosuite.runtime.instrumentation.EvoClassLoader instrumentClass
INFO: Instrumenting class 'org.mozilla.javascript.tools.shell.ShellConsole$ConsoleInputStream'.
Aug 08, 2018 12:09:07 AM org.evosuite.runtime.instrumentation.MethodCallReplacementClassAdapter visit
INFO: Adding mock interface to class org/mozilla/javascript/tools/shell/ShellConsole$ConsoleInputStream
Aug 08, 2018 12:09:07 AM org.evosuite.runtime.instrumentation.CreateClassResetClassAdapter visitMethod
INFO: Found static initializer in class org/mozilla/javascript/tools/shell/ShellConsole$ConsoleInputStream
Aug 08, 2018 12:09:07 AM org.evosuite.runtime.instrumentation.EvoClassLoader instrumentClass
INFO: Keeping class: org.mozilla.javascript.tools.shell.ShellConsole$ConsoleInputStream
Aug 08, 2018 12:09:07 AM org.evosuite.runtime.instrumentation.EvoClassLoader loadClass
INFO: Seeing class for first time: org.mozilla.javascript.typedarrays.NativeFloat64Array
Aug 08, 2018 12:09:07 AM org.evosuite.runtime.instrumentation.EvoClassLoader instrumentClass
INFO: Instrumenting class 'org.mozilla.javascript.typedarrays.NativeFloat64Array'.
Aug 08, 2018 12:09:07 AM org.evosuite.runtime.instrumentation.MethodCallReplacementClassAdapter visit
INFO: Adding mock interface to class org/mozilla/javascript/typedarrays/NativeFloat64Array
Aug 08, 2018 12:09:07 AM org.evosuite.runtime.instrumentation.CreateClassResetClassAdapter createEmptyStaticReset
INFO: Creating brand-new static initializer in class org/mozilla/javascript/typedarrays/NativeFloat64Array
Aug 08, 2018 12:09:07 AM org.evosuite.runtime.instrumentation.CreateClassResetClassAdapter createEmptyStaticReset
INFO: Adding bytecode for initializing field CLASS_NAME
Aug 08, 2018 12:09:07 AM org.evosuite.runtime.instrumentation.CreateClassResetClassAdapter createEmptyStaticReset
INFO: Adding bytecode for initializing field BYTES_PER_ELEMENT
Aug 08, 2018 12:09:07 AM org.evosuite.runtime.instrumentation.EvoClassLoader instrumentClass
INFO: Keeping class: org.mozilla.javascript.typedarrays.NativeFloat64Array
Aug 08, 2018 12:09:07 AM org.evosuite.runtime.instrumentation.EvoClassLoader loadClass
INFO: Seeing class for first time: org.mozilla.javascript.Undefined
Aug 08, 2018 12:09:07 AM org.evosuite.runtime.instrumentation.EvoClassLoader instrumentClass
INFO: Instrumenting class 'org.mozilla.javascript.Undefined'.
Aug 08, 2018 12:09:07 AM org.evosuite.runtime.instrumentation.MethodCallReplacementClassAdapter visit
INFO: Adding mock interface to class org/mozilla/javascript/Undefined
Aug 08, 2018 12:09:07 AM org.evosuite.runtime.instrumentation.CreateClassResetClassAdapter visitMethod
INFO: Found static initializer in class org/mozilla/javascript/Undefined
Aug 08, 2018 12:09:07 AM org.evosuite.runtime.instrumentation.EvoClassLoader instrumentClass
INFO: Keeping class: org.mozilla.javascript.Undefined
Aug 08, 2018 12:09:07 AM org.evosuite.runtime.instrumentation.EvoClassLoader loadClass
INFO: Seeing class for first time: org.mozilla.javascript.serialize.ScriptableInputStream
Aug 08, 2018 12:09:07 AM org.evosuite.runtime.instrumentation.EvoClassLoader instrumentClass
INFO: Instrumenting class 'org.mozilla.javascript.serialize.ScriptableInputStream'.
Aug 08, 2018 12:09:07 AM org.evosuite.runtime.instrumentation.MethodCallReplacementClassAdapter visit
INFO: Adding mock interface to class org/mozilla/javascript/serialize/ScriptableInputStream
Aug 08, 2018 12:09:07 AM org.evosuite.runtime.instrumentation.CreateClassResetClassAdapter createEmptyStaticReset
INFO: Creating brand-new static initializer in class org/mozilla/javascript/serialize/ScriptableInputStream
Aug 08, 2018 12:09:07 AM org.evosuite.runtime.instrumentation.EvoClassLoader createPackageDefinition
INFO: Defined package (3): package org.mozilla.javascript.serialize, 2082063527
Aug 08, 2018 12:09:07 AM org.evosuite.runtime.instrumentation.EvoClassLoader instrumentClass
INFO: Keeping class: org.mozilla.javascript.serialize.ScriptableInputStream
Aug 08, 2018 12:09:07 AM org.evosuite.runtime.instrumentation.EvoClassLoader loadClass
INFO: Seeing class for first time: org.mozilla.javascript.ast.ObjectProperty
Aug 08, 2018 12:09:07 AM org.evosuite.runtime.instrumentation.EvoClassLoader instrumentClass
INFO: Instrumenting class 'org.mozilla.javascript.ast.ObjectProperty'.
Aug 08, 2018 12:09:07 AM org.evosuite.runtime.instrumentation.MethodCallReplacementClassAdapter visit
INFO: Adding mock interface to class org/mozilla/javascript/ast/ObjectProperty
Aug 08, 2018 12:09:07 AM org.evosuite.runtime.instrumentation.CreateClassResetClassAdapter createEmptyStaticReset
INFO: Creating brand-new static initializer in class org/mozilla/javascript/ast/ObjectProperty
Aug 08, 2018 12:09:07 AM org.evosuite.runtime.instrumentation.EvoClassLoader instrumentClass
INFO: Keeping class: org.mozilla.javascript.ast.ObjectProperty
Aug 08, 2018 12:09:07 AM org.evosuite.runtime.instrumentation.EvoClassLoader loadClass
INFO: Seeing class for first time: org.mozilla.javascript.ScriptRuntime$NoSuchMethodShim
Aug 08, 2018 12:09:07 AM org.evosuite.runtime.instrumentation.EvoClassLoader instrumentClass
INFO: Instrumenting class 'org.mozilla.javascript.ScriptRuntime$NoSuchMethodShim'.
Aug 08, 2018 12:09:07 AM org.evosuite.runtime.instrumentation.MethodCallReplacementClassAdapter visit
INFO: Adding mock interface to class org/mozilla/javascript/ScriptRuntime$NoSuchMethodShim
Aug 08, 2018 12:09:07 AM org.evosuite.runtime.instrumentation.CreateClassResetClassAdapter createEmptyStaticReset
INFO: Creating brand-new static initializer in class org/mozilla/javascript/ScriptRuntime$NoSuchMethodShim
Aug 08, 2018 12:09:07 AM org.evosuite.runtime.instrumentation.EvoClassLoader instrumentClass
INFO: Keeping class: org.mozilla.javascript.ScriptRuntime$NoSuchMethodShim
Aug 08, 2018 12:09:07 AM org.evosuite.runtime.instrumentation.EvoClassLoader loadClass
INFO: Seeing class for first time: org.mozilla.javascript.ast.SwitchStatement
Aug 08, 2018 12:09:07 AM org.evosuite.runtime.instrumentation.EvoClassLoader instrumentClass
INFO: Instrumenting class 'org.mozilla.javascript.ast.SwitchStatement'.
Aug 08, 2018 12:09:07 AM org.evosuite.runtime.instrumentation.MethodCallReplacementClassAdapter visit
INFO: Adding mock interface to class org/mozilla/javascript/ast/SwitchStatement
Aug 08, 2018 12:09:07 AM org.evosuite.runtime.instrumentation.CreateClassResetClassAdapter visitMethod
INFO: Found static initializer in class org/mozilla/javascript/ast/SwitchStatement
Aug 08, 2018 12:09:07 AM org.evosuite.runtime.instrumentation.EvoClassLoader instrumentClass
INFO: Keeping class: org.mozilla.javascript.ast.SwitchStatement
Aug 08, 2018 12:09:07 AM org.evosuite.runtime.instrumentation.EvoClassLoader loadClass
INFO: Seeing class for first time: org.mozilla.javascript.ast.LetNode
Aug 08, 2018 12:09:07 AM org.evosuite.runtime.instrumentation.EvoClassLoader instrumentClass
INFO: Instrumenting class 'org.mozilla.javascript.ast.LetNode'.
Aug 08, 2018 12:09:07 AM org.evosuite.runtime.instrumentation.MethodCallReplacementClassAdapter visit
INFO: Adding mock interface to class org/mozilla/javascript/ast/LetNode
Aug 08, 2018 12:09:07 AM org.evosuite.runtime.instrumentation.CreateClassResetClassAdapter createEmptyStaticReset
INFO: Creating brand-new static initializer in class org/mozilla/javascript/ast/LetNode
Aug 08, 2018 12:09:07 AM org.evosuite.runtime.instrumentation.EvoClassLoader instrumentClass
INFO: Keeping class: org.mozilla.javascript.ast.LetNode
Aug 08, 2018 12:09:07 AM org.evosuite.runtime.instrumentation.EvoClassLoader loadClass
INFO: Seeing class for first time: org.mozilla.classfile.ClassFileWriter$MHandle
Aug 08, 2018 12:09:07 AM org.evosuite.runtime.instrumentation.EvoClassLoader instrumentClass
INFO: Instrumenting class 'org.mozilla.classfile.ClassFileWriter$MHandle'.
Aug 08, 2018 12:09:07 AM org.evosuite.runtime.instrumentation.MethodCallReplacementClassAdapter visit
INFO: Adding mock interface to class org/mozilla/classfile/ClassFileWriter$MHandle
Aug 08, 2018 12:09:07 AM org.evosuite.runtime.instrumentation.CreateClassResetClassAdapter createEmptyStaticReset
INFO: Creating brand-new static initializer in class org/mozilla/classfile/ClassFileWriter$MHandle
Aug 08, 2018 12:09:07 AM org.evosuite.runtime.instrumentation.EvoClassLoader instrumentClass
INFO: Keeping class: org.mozilla.classfile.ClassFileWriter$MHandle
Aug 08, 2018 12:09:07 AM org.evosuite.runtime.instrumentation.EvoClassLoader loadClass
INFO: Seeing class for first time: org.mozilla.javascript.annotations.JSStaticFunction
Aug 08, 2018 12:09:07 AM org.evosuite.runtime.instrumentation.EvoClassLoader instrumentClass
INFO: Instrumenting class 'org.mozilla.javascript.annotations.JSStaticFunction'.
Aug 08, 2018 12:09:07 AM org.evosuite.runtime.instrumentation.EvoClassLoader instrumentClass
INFO: Keeping class: org.mozilla.javascript.annotations.JSStaticFunction
Aug 08, 2018 12:09:07 AM org.evosuite.runtime.instrumentation.EvoClassLoader loadClass
INFO: Seeing class for first time: org.mozilla.javascript.typedarrays.NativeTypedArrayIterator
Aug 08, 2018 12:09:07 AM org.evosuite.runtime.instrumentation.EvoClassLoader instrumentClass
INFO: Instrumenting class 'org.mozilla.javascript.typedarrays.NativeTypedArrayIterator'.
Aug 08, 2018 12:09:07 AM org.evosuite.runtime.instrumentation.MethodCallReplacementClassAdapter visit
INFO: Adding mock interface to class org/mozilla/javascript/typedarrays/NativeTypedArrayIterator
Aug 08, 2018 12:09:07 AM org.evosuite.runtime.instrumentation.CreateClassResetClassAdapter createEmptyStaticReset
INFO: Creating brand-new static initializer in class org/mozilla/javascript/typedarrays/NativeTypedArrayIterator
Aug 08, 2018 12:09:07 AM org.evosuite.runtime.instrumentation.EvoClassLoader instrumentClass
INFO: Keeping class: org.mozilla.javascript.typedarrays.NativeTypedArrayIterator
Aug 08, 2018 12:09:07 AM org.evosuite.runtime.instrumentation.EvoClassLoader loadClass
INFO: Seeing class for first time: org.mozilla.javascript.JavaMembers
Aug 08, 2018 12:09:07 AM org.evosuite.runtime.instrumentation.EvoClassLoader instrumentClass
INFO: Instrumenting class 'org.mozilla.javascript.JavaMembers'.
Aug 08, 2018 12:09:07 AM org.evosuite.runtime.instrumentation.MethodCallReplacementClassAdapter visit
INFO: Adding mock interface to class org/mozilla/javascript/JavaMembers
Aug 08, 2018 12:09:08 AM org.evosuite.runtime.instrumentation.CreateClassResetClassAdapter createEmptyStaticReset
INFO: Creating brand-new static initializer in class org/mozilla/javascript/JavaMembers
Aug 08, 2018 12:09:08 AM org.evosuite.runtime.instrumentation.EvoClassLoader instrumentClass
INFO: Keeping class: org.mozilla.javascript.JavaMembers
Aug 08, 2018 12:09:08 AM org.evosuite.runtime.instrumentation.EvoClassLoader loadClass
INFO: Seeing class for first time: org.mozilla.javascript.NativeJavaMethod
Aug 08, 2018 12:09:08 AM org.evosuite.runtime.instrumentation.EvoClassLoader instrumentClass
INFO: Instrumenting class 'org.mozilla.javascript.NativeJavaMethod'.
Aug 08, 2018 12:09:08 AM org.evosuite.runtime.instrumentation.MethodCallReplacementClassAdapter visit
INFO: Adding mock interface to class org/mozilla/javascript/NativeJavaMethod
Aug 08, 2018 12:09:08 AM org.evosuite.runtime.instrumentation.CreateClassResetClassAdapter createEmptyStaticReset
INFO: Creating brand-new static initializer in class org/mozilla/javascript/NativeJavaMethod
Aug 08, 2018 12:09:08 AM org.evosuite.runtime.instrumentation.CreateClassResetClassAdapter createEmptyStaticReset
INFO: Adding bytecode for initializing field PREFERENCE_EQUAL
Aug 08, 2018 12:09:08 AM org.evosuite.runtime.instrumentation.CreateClassResetClassAdapter createEmptyStaticReset
INFO: Adding bytecode for initializing field PREFERENCE_FIRST_ARG
Aug 08, 2018 12:09:08 AM org.evosuite.runtime.instrumentation.CreateClassResetClassAdapter createEmptyStaticReset
INFO: Adding bytecode for initializing field PREFERENCE_SECOND_ARG
Aug 08, 2018 12:09:08 AM org.evosuite.runtime.instrumentation.CreateClassResetClassAdapter createEmptyStaticReset
INFO: Adding bytecode for initializing field PREFERENCE_AMBIGUOUS
Aug 08, 2018 12:09:08 AM org.evosuite.runtime.instrumentation.CreateClassResetClassAdapter createEmptyStaticReset
INFO: Adding bytecode for initializing field debug
Aug 08, 2018 12:09:08 AM org.evosuite.runtime.instrumentation.EvoClassLoader instrumentClass
INFO: Keeping class: org.mozilla.javascript.NativeJavaMethod
Aug 08, 2018 12:09:08 AM org.evosuite.runtime.instrumentation.EvoClassLoader loadClass
INFO: Seeing class for first time: org.mozilla.javascript.NativeJSON$StringifyState
Aug 08, 2018 12:09:08 AM org.evosuite.runtime.instrumentation.EvoClassLoader instrumentClass
INFO: Instrumenting class 'org.mozilla.javascript.NativeJSON$StringifyState'.
Aug 08, 2018 12:09:08 AM org.evosuite.runtime.instrumentation.MethodCallReplacementClassAdapter visit
INFO: Adding mock interface to class org/mozilla/javascript/NativeJSON$StringifyState
Aug 08, 2018 12:09:08 AM org.evosuite.runtime.instrumentation.CreateClassResetClassAdapter createEmptyStaticReset
INFO: Creating brand-new static initializer in class org/mozilla/javascript/NativeJSON$StringifyState
Aug 08, 2018 12:09:08 AM org.evosuite.runtime.instrumentation.EvoClassLoader instrumentClass
INFO: Keeping class: org.mozilla.javascript.NativeJSON$StringifyState
Aug 08, 2018 12:09:08 AM org.evosuite.runtime.instrumentation.EvoClassLoader loadClass
INFO: Seeing class for first time: org.mozilla.javascript.annotations.JSFunction
Aug 08, 2018 12:09:08 AM org.evosuite.runtime.instrumentation.EvoClassLoader instrumentClass
INFO: Instrumenting class 'org.mozilla.javascript.annotations.JSFunction'.
Aug 08, 2018 12:09:08 AM org.evosuite.runtime.instrumentation.EvoClassLoader instrumentClass
INFO: Keeping class: org.mozilla.javascript.annotations.JSFunction
Aug 08, 2018 12:09:08 AM org.evosuite.runtime.instrumentation.EvoClassLoader loadClass
INFO: Seeing class for first time: org.mozilla.javascript.ast.ConditionalExpression
Aug 08, 2018 12:09:08 AM org.evosuite.runtime.instrumentation.EvoClassLoader instrumentClass
INFO: Instrumenting class 'org.mozilla.javascript.ast.ConditionalExpression'.
Aug 08, 2018 12:09:08 AM org.evosuite.runtime.instrumentation.MethodCallReplacementClassAdapter visit
INFO: Adding mock interface to class org/mozilla/javascript/ast/ConditionalExpression
Aug 08, 2018 12:09:08 AM org.evosuite.runtime.instrumentation.CreateClassResetClassAdapter createEmptyStaticReset
INFO: Creating brand-new static initializer in class org/mozilla/javascript/ast/ConditionalExpression
Aug 08, 2018 12:09:08 AM org.evosuite.runtime.instrumentation.EvoClassLoader instrumentClass
INFO: Keeping class: org.mozilla.javascript.ast.ConditionalExpression
Aug 08, 2018 12:09:08 AM org.evosuite.runtime.instrumentation.EvoClassLoader loadClass
INFO: Seeing class for first time: org.mozilla.javascript.typedarrays.NativeInt8Array
Aug 08, 2018 12:09:08 AM org.evosuite.runtime.instrumentation.EvoClassLoader instrumentClass
INFO: Instrumenting class 'org.mozilla.javascript.typedarrays.NativeInt8Array'.
Aug 08, 2018 12:09:08 AM org.evosuite.runtime.instrumentation.MethodCallReplacementClassAdapter visit
INFO: Adding mock interface to class org/mozilla/javascript/typedarrays/NativeInt8Array
Aug 08, 2018 12:09:08 AM org.evosuite.runtime.instrumentation.CreateClassResetClassAdapter createEmptyStaticReset
INFO: Creating brand-new static initializer in class org/mozilla/javascript/typedarrays/NativeInt8Array
Aug 08, 2018 12:09:08 AM org.evosuite.runtime.instrumentation.CreateClassResetClassAdapter createEmptyStaticReset
INFO: Adding bytecode for initializing field CLASS_NAME
Aug 08, 2018 12:09:08 AM org.evosuite.runtime.instrumentation.EvoClassLoader instrumentClass
INFO: Keeping class: org.mozilla.javascript.typedarrays.NativeInt8Array
Aug 08, 2018 12:09:08 AM org.evosuite.runtime.instrumentation.EvoClassLoader loadClass
INFO: Seeing class for first time: org.mozilla.javascript.v8dtoa.FastDtoaBuilder
Aug 08, 2018 12:09:08 AM org.evosuite.runtime.instrumentation.EvoClassLoader instrumentClass
INFO: Instrumenting class 'org.mozilla.javascript.v8dtoa.FastDtoaBuilder'.
Aug 08, 2018 12:09:08 AM org.evosuite.runtime.instrumentation.MethodCallReplacementClassAdapter visit
INFO: Adding mock interface to class org/mozilla/javascript/v8dtoa/FastDtoaBuilder
Aug 08, 2018 12:09:08 AM org.evosuite.runtime.instrumentation.CreateClassResetClassAdapter visitMethod
INFO: Found static initializer in class org/mozilla/javascript/v8dtoa/FastDtoaBuilder
Aug 08, 2018 12:09:08 AM org.evosuite.runtime.instrumentation.EvoClassLoader instrumentClass
INFO: Keeping class: org.mozilla.javascript.v8dtoa.FastDtoaBuilder
Aug 08, 2018 12:09:08 AM org.evosuite.runtime.instrumentation.EvoClassLoader loadClass
INFO: Seeing class for first time: org.mozilla.javascript.ContextFactory$1
Aug 08, 2018 12:09:08 AM org.evosuite.runtime.instrumentation.EvoClassLoader instrumentClass
INFO: Instrumenting class 'org.mozilla.javascript.ContextFactory$1'.
Aug 08, 2018 12:09:08 AM org.evosuite.runtime.instrumentation.MethodCallReplacementClassAdapter visit
INFO: Adding mock interface to class org/mozilla/javascript/ContextFactory$1
Aug 08, 2018 12:09:08 AM org.evosuite.runtime.instrumentation.EvoClassLoader instrumentClass
INFO: Keeping class: org.mozilla.javascript.ContextFactory$1
Aug 08, 2018 12:09:08 AM org.evosuite.runtime.instrumentation.EvoClassLoader loadClass
INFO: Seeing class for first time: org.mozilla.javascript.tools.shell.Global
Aug 08, 2018 12:09:08 AM org.evosuite.runtime.instrumentation.EvoClassLoader instrumentClass
INFO: Instrumenting class 'org.mozilla.javascript.tools.shell.Global'.
Aug 08, 2018 12:09:08 AM org.evosuite.runtime.instrumentation.MethodCallReplacementClassAdapter visit
INFO: Adding mock interface to class org/mozilla/javascript/tools/shell/Global
Aug 08, 2018 12:09:08 AM org.evosuite.runtime.instrumentation.CreateClassResetClassAdapter createEmptyStaticReset
INFO: Creating brand-new static initializer in class org/mozilla/javascript/tools/shell/Global
Aug 08, 2018 12:09:08 AM org.evosuite.runtime.instrumentation.EvoClassLoader instrumentClass
INFO: Keeping class: org.mozilla.javascript.tools.shell.Global
Aug 08, 2018 12:09:08 AM org.evosuite.runtime.instrumentation.EvoClassLoader loadClass
INFO: Seeing class for first time: org.mozilla.javascript.v8dtoa.CachedPowers
Aug 08, 2018 12:09:08 AM org.evosuite.runtime.instrumentation.EvoClassLoader instrumentClass
INFO: Instrumenting class 'org.mozilla.javascript.v8dtoa.CachedPowers'.
Aug 08, 2018 12:09:08 AM org.evosuite.runtime.instrumentation.MethodCallReplacementClassAdapter visit
INFO: Adding mock interface to class org/mozilla/javascript/v8dtoa/CachedPowers
Aug 08, 2018 12:09:08 AM org.evosuite.runtime.instrumentation.CreateClassResetClassAdapter visitMethod
INFO: Found static initializer in class org/mozilla/javascript/v8dtoa/CachedPowers
Aug 08, 2018 12:09:08 AM org.evosuite.runtime.instrumentation.EvoClassLoader instrumentClass
INFO: Keeping class: org.mozilla.javascript.v8dtoa.CachedPowers
Aug 08, 2018 12:09:08 AM org.evosuite.runtime.instrumentation.EvoClassLoader loadClass
INFO: Seeing class for first time: org.mozilla.classfile.ExceptionTableEntry
Aug 08, 2018 12:09:08 AM org.evosuite.runtime.instrumentation.EvoClassLoader instrumentClass
INFO: Instrumenting class 'org.mozilla.classfile.ExceptionTableEntry'.
Aug 08, 2018 12:09:08 AM org.evosuite.runtime.instrumentation.MethodCallReplacementClassAdapter visit
INFO: Adding mock interface to class org/mozilla/classfile/ExceptionTableEntry
Aug 08, 2018 12:09:08 AM org.evosuite.runtime.instrumentation.CreateClassResetClassAdapter createEmptyStaticReset
INFO: Creating brand-new static initializer in class org/mozilla/classfile/ExceptionTableEntry
Aug 08, 2018 12:09:08 AM org.evosuite.runtime.instrumentation.EvoClassLoader instrumentClass
INFO: Keeping class: org.mozilla.classfile.ExceptionTableEntry
Aug 08, 2018 12:09:08 AM org.evosuite.runtime.instrumentation.EvoClassLoader loadClass
INFO: Seeing class for first time: org.mozilla.javascript.Context$2
Aug 08, 2018 12:09:08 AM org.evosuite.runtime.instrumentation.EvoClassLoader instrumentClass
INFO: Instrumenting class 'org.mozilla.javascript.Context$2'.
Aug 08, 2018 12:09:08 AM org.evosuite.runtime.instrumentation.MethodCallReplacementClassAdapter visit
INFO: Adding mock interface to class org/mozilla/javascript/Context$2
Aug 08, 2018 12:09:08 AM org.evosuite.runtime.instrumentation.EvoClassLoader instrumentClass
INFO: Keeping class: org.mozilla.javascript.Context$2
Aug 08, 2018 12:09:08 AM org.evosuite.runtime.instrumentation.EvoClassLoader loadClass
INFO: Seeing class for first time: org.mozilla.classfile.ClassFileWriter$BootstrapEntry
Aug 08, 2018 12:09:08 AM org.evosuite.runtime.instrumentation.EvoClassLoader instrumentClass
INFO: Instrumenting class 'org.mozilla.classfile.ClassFileWriter$BootstrapEntry'.
Aug 08, 2018 12:09:08 AM org.evosuite.runtime.instrumentation.MethodCallReplacementClassAdapter visit
INFO: Adding mock interface to class org/mozilla/classfile/ClassFileWriter$BootstrapEntry
Aug 08, 2018 12:09:08 AM org.evosuite.runtime.instrumentation.CreateClassResetClassAdapter createEmptyStaticReset
INFO: Creating brand-new static initializer in class org/mozilla/classfile/ClassFileWriter$BootstrapEntry
Aug 08, 2018 12:09:08 AM org.evosuite.runtime.instrumentation.EvoClassLoader instrumentClass
INFO: Keeping class: org.mozilla.classfile.ClassFileWriter$BootstrapEntry
Aug 08, 2018 12:09:08 AM org.evosuite.runtime.instrumentation.EvoClassLoader loadClass
INFO: Seeing class for first time: org.mozilla.javascript.optimizer.OptFunctionNode
Aug 08, 2018 12:09:08 AM org.evosuite.runtime.instrumentation.EvoClassLoader instrumentClass
INFO: Instrumenting class 'org.mozilla.javascript.optimizer.OptFunctionNode'.
Aug 08, 2018 12:09:08 AM org.evosuite.runtime.instrumentation.MethodCallReplacementClassAdapter visit
INFO: Adding mock interface to class org/mozilla/javascript/optimizer/OptFunctionNode
Aug 08, 2018 12:09:08 AM org.evosuite.runtime.instrumentation.CreateClassResetClassAdapter createEmptyStaticReset
INFO: Creating brand-new static initializer in class org/mozilla/javascript/optimizer/OptFunctionNode
Aug 08, 2018 12:09:08 AM org.evosuite.runtime.instrumentation.EvoClassLoader instrumentClass
INFO: Keeping class: org.mozilla.javascript.optimizer.OptFunctionNode
Aug 08, 2018 12:09:08 AM org.evosuite.runtime.instrumentation.EvoClassLoader loadClass
INFO: Seeing class for first time: org.mozilla.javascript.JavaMembers$MethodSignature
Aug 08, 2018 12:09:08 AM org.evosuite.runtime.instrumentation.EvoClassLoader instrumentClass
INFO: Instrumenting class 'org.mozilla.javascript.JavaMembers$MethodSignature'.
Aug 08, 2018 12:09:08 AM org.evosuite.runtime.instrumentation.MethodCallReplacementClassAdapter visit
INFO: Adding mock interface to class org/mozilla/javascript/JavaMembers$MethodSignature
Aug 08, 2018 12:09:08 AM org.evosuite.runtime.instrumentation.CreateClassResetClassAdapter createEmptyStaticReset
INFO: Creating brand-new static initializer in class org/mozilla/javascript/JavaMembers$MethodSignature
Aug 08, 2018 12:09:08 AM org.evosuite.runtime.instrumentation.EvoClassLoader instrumentClass
INFO: Keeping class: org.mozilla.javascript.JavaMembers$MethodSignature
Aug 08, 2018 12:09:08 AM org.evosuite.runtime.instrumentation.EvoClassLoader loadClass
INFO: Seeing class for first time: org.mozilla.javascript.NativeJavaClass
Aug 08, 2018 12:09:08 AM org.evosuite.runtime.instrumentation.EvoClassLoader instrumentClass
INFO: Instrumenting class 'org.mozilla.javascript.NativeJavaClass'.
Aug 08, 2018 12:09:08 AM org.evosuite.runtime.instrumentation.MethodCallReplacementClassAdapter visit
INFO: Adding mock interface to class org/mozilla/javascript/NativeJavaClass
Aug 08, 2018 12:09:08 AM org.evosuite.runtime.instrumentation.CreateClassResetClassAdapter createEmptyStaticReset
INFO: Creating brand-new static initializer in class org/mozilla/javascript/NativeJavaClass
Aug 08, 2018 12:09:08 AM org.evosuite.runtime.instrumentation.CreateClassResetClassAdapter createEmptyStaticReset
INFO: Adding bytecode for initializing field javaClassPropertyName
Aug 08, 2018 12:09:08 AM org.evosuite.runtime.instrumentation.EvoClassLoader instrumentClass
INFO: Keeping class: org.mozilla.javascript.NativeJavaClass
Aug 08, 2018 12:09:08 AM org.evosuite.runtime.instrumentation.EvoClassLoader loadClass
INFO: Seeing class for first time: org.mozilla.javascript.UintMap
Aug 08, 2018 12:09:08 AM org.evosuite.runtime.instrumentation.EvoClassLoader instrumentClass
INFO: Instrumenting class 'org.mozilla.javascript.UintMap'.
Aug 08, 2018 12:09:08 AM org.evosuite.runtime.instrumentation.MethodCallReplacementClassAdapter visit
INFO: Adding mock interface to class org/mozilla/javascript/UintMap
Aug 08, 2018 12:09:08 AM org.evosuite.runtime.instrumentation.CreateClassResetClassAdapter createEmptyStaticReset
INFO: Creating brand-new static initializer in class org/mozilla/javascript/UintMap
Aug 08, 2018 12:09:08 AM org.evosuite.runtime.instrumentation.CreateClassResetClassAdapter createEmptyStaticReset
INFO: Adding bytecode for initializing field A
Aug 08, 2018 12:09:08 AM org.evosuite.runtime.instrumentation.CreateClassResetClassAdapter createEmptyStaticReset
INFO: Adding bytecode for initializing field EMPTY
Aug 08, 2018 12:09:08 AM org.evosuite.runtime.instrumentation.CreateClassResetClassAdapter createEmptyStaticReset
INFO: Adding bytecode for initializing field DELETED
Aug 08, 2018 12:09:08 AM org.evosuite.runtime.instrumentation.CreateClassResetClassAdapter createEmptyStaticReset
INFO: Adding bytecode for initializing field check
Aug 08, 2018 12:09:08 AM org.evosuite.runtime.instrumentation.EvoClassLoader instrumentClass
INFO: Keeping class: org.mozilla.javascript.UintMap
Aug 08, 2018 12:09:08 AM org.evosuite.runtime.instrumentation.EvoClassLoader loadClass
INFO: Seeing class for first time: org.mozilla.javascript.annotations.JSSetter
Aug 08, 2018 12:09:08 AM org.evosuite.runtime.instrumentation.EvoClassLoader instrumentClass
INFO: Instrumenting class 'org.mozilla.javascript.annotations.JSSetter'.
Aug 08, 2018 12:09:08 AM org.evosuite.runtime.instrumentation.EvoClassLoader instrumentClass
INFO: Keeping class: org.mozilla.javascript.annotations.JSSetter
Aug 08, 2018 12:09:08 AM org.evosuite.runtime.instrumentation.EvoClassLoader loadClass
INFO: Seeing class for first time: org.mozilla.javascript.ast.WithStatement
Aug 08, 2018 12:09:08 AM org.evosuite.runtime.instrumentation.EvoClassLoader instrumentClass
INFO: Instrumenting class 'org.mozilla.javascript.ast.WithStatement'.
Aug 08, 2018 12:09:08 AM org.evosuite.runtime.instrumentation.MethodCallReplacementClassAdapter visit
INFO: Adding mock interface to class org/mozilla/javascript/ast/WithStatement
Aug 08, 2018 12:09:08 AM org.evosuite.runtime.instrumentation.CreateClassResetClassAdapter createEmptyStaticReset
INFO: Creating brand-new static initializer in class org/mozilla/javascript/ast/WithStatement
Aug 08, 2018 12:09:08 AM org.evosuite.runtime.instrumentation.EvoClassLoader instrumentClass
INFO: Keeping class: org.mozilla.javascript.ast.WithStatement
Aug 08, 2018 12:09:08 AM org.evosuite.runtime.instrumentation.EvoClassLoader loadClass
INFO: Seeing class for first time: org.mozilla.javascript.debug.DebugFrame
Aug 08, 2018 12:09:08 AM org.evosuite.runtime.instrumentation.EvoClassLoader instrumentClass
INFO: Instrumenting class 'org.mozilla.javascript.debug.DebugFrame'.
Aug 08, 2018 12:09:08 AM org.evosuite.runtime.instrumentation.EvoClassLoader instrumentClass
INFO: Keeping class: org.mozilla.javascript.debug.DebugFrame
Aug 08, 2018 12:09:08 AM org.evosuite.runtime.instrumentation.EvoClassLoader loadClass
INFO: Seeing class for first time: org.mozilla.javascript.IRFactory
Aug 08, 2018 12:09:08 AM org.evosuite.runtime.instrumentation.EvoClassLoader instrumentClass
INFO: Instrumenting class 'org.mozilla.javascript.IRFactory'.
Aug 08, 2018 12:09:08 AM org.evosuite.runtime.instrumentation.MethodCallReplacementClassAdapter visit
INFO: Adding mock interface to class org/mozilla/javascript/IRFactory
Aug 08, 2018 12:09:08 AM org.evosuite.runtime.instrumentation.CreateClassResetClassAdapter createEmptyStaticReset
INFO: Creating brand-new static initializer in class org/mozilla/javascript/IRFactory
Aug 08, 2018 12:09:08 AM org.evosuite.runtime.instrumentation.CreateClassResetClassAdapter createEmptyStaticReset
INFO: Adding bytecode for initializing field LOOP_DO_WHILE
Aug 08, 2018 12:09:08 AM org.evosuite.runtime.instrumentation.CreateClassResetClassAdapter createEmptyStaticReset
INFO: Adding bytecode for initializing field LOOP_WHILE
Aug 08, 2018 12:09:08 AM org.evosuite.runtime.instrumentation.CreateClassResetClassAdapter createEmptyStaticReset
INFO: Adding bytecode for initializing field LOOP_FOR
Aug 08, 2018 12:09:08 AM org.evosuite.runtime.instrumentation.CreateClassResetClassAdapter createEmptyStaticReset
INFO: Adding bytecode for initializing field ALWAYS_TRUE_BOOLEAN
Aug 08, 2018 12:09:08 AM org.evosuite.runtime.instrumentation.CreateClassResetClassAdapter createEmptyStaticReset
INFO: Adding bytecode for initializing field ALWAYS_FALSE_BOOLEAN
Aug 08, 2018 12:09:08 AM org.evosuite.runtime.instrumentation.EvoClassLoader loadClass
INFO: Seeing class for first time: org.mozilla.javascript.Parser
Aug 08, 2018 12:09:08 AM org.evosuite.runtime.instrumentation.EvoClassLoader instrumentClass
INFO: Instrumenting class 'org.mozilla.javascript.Parser'.
Aug 08, 2018 12:09:08 AM org.evosuite.runtime.instrumentation.MethodCallReplacementClassAdapter visit
INFO: Adding mock interface to class org/mozilla/javascript/Parser
Aug 08, 2018 12:09:08 AM org.evosuite.runtime.instrumentation.CreateClassResetClassAdapter createEmptyStaticReset
INFO: Creating brand-new static initializer in class org/mozilla/javascript/Parser
Aug 08, 2018 12:09:08 AM org.evosuite.runtime.instrumentation.CreateClassResetClassAdapter createEmptyStaticReset
INFO: Adding bytecode for initializing field ARGC_LIMIT
Aug 08, 2018 12:09:08 AM org.evosuite.runtime.instrumentation.CreateClassResetClassAdapter createEmptyStaticReset
INFO: Adding bytecode for initializing field CLEAR_TI_MASK
Aug 08, 2018 12:09:08 AM org.evosuite.runtime.instrumentation.CreateClassResetClassAdapter createEmptyStaticReset
INFO: Adding bytecode for initializing field TI_AFTER_EOL
Aug 08, 2018 12:09:08 AM org.evosuite.runtime.instrumentation.CreateClassResetClassAdapter createEmptyStaticReset
INFO: Adding bytecode for initializing field TI_CHECK_LABEL
Aug 08, 2018 12:09:08 AM org.evosuite.runtime.instrumentation.CreateClassResetClassAdapter createEmptyStaticReset
INFO: Adding bytecode for initializing field PROP_ENTRY
Aug 08, 2018 12:09:08 AM org.evosuite.runtime.instrumentation.CreateClassResetClassAdapter createEmptyStaticReset
INFO: Adding bytecode for initializing field GET_ENTRY
Aug 08, 2018 12:09:08 AM org.evosuite.runtime.instrumentation.CreateClassResetClassAdapter createEmptyStaticReset
INFO: Adding bytecode for initializing field SET_ENTRY
Aug 08, 2018 12:09:08 AM org.evosuite.runtime.instrumentation.CreateClassResetClassAdapter createEmptyStaticReset
INFO: Adding bytecode for initializing field METHOD_ENTRY
Aug 08, 2018 12:09:08 AM org.evosuite.runtime.instrumentation.EvoClassLoader instrumentClass
INFO: Keeping class: org.mozilla.javascript.Parser
Aug 08, 2018 12:09:08 AM org.evosuite.runtime.instrumentation.EvoClassLoader instrumentClass
INFO: Keeping class: org.mozilla.javascript.IRFactory
Aug 08, 2018 12:09:08 AM org.evosuite.runtime.instrumentation.EvoClassLoader loadClass
INFO: Seeing class for first time: org.mozilla.javascript.ast.ExpressionStatement
Aug 08, 2018 12:09:08 AM org.evosuite.runtime.instrumentation.EvoClassLoader instrumentClass
INFO: Instrumenting class 'org.mozilla.javascript.ast.ExpressionStatement'.
Aug 08, 2018 12:09:08 AM org.evosuite.runtime.instrumentation.MethodCallReplacementClassAdapter visit
INFO: Adding mock interface to class org/mozilla/javascript/ast/ExpressionStatement
Aug 08, 2018 12:09:08 AM org.evosuite.runtime.instrumentation.CreateClassResetClassAdapter createEmptyStaticReset
INFO: Creating brand-new static initializer in class org/mozilla/javascript/ast/ExpressionStatement
Aug 08, 2018 12:09:08 AM org.evosuite.runtime.instrumentation.EvoClassLoader instrumentClass
INFO: Keeping class: org.mozilla.javascript.ast.ExpressionStatement
Aug 08, 2018 12:09:08 AM org.evosuite.runtime.instrumentation.EvoClassLoader loadClass
INFO: Seeing class for first time: org.mozilla.javascript.ast.ReturnStatement
Aug 08, 2018 12:09:08 AM org.evosuite.runtime.instrumentation.EvoClassLoader instrumentClass
INFO: Instrumenting class 'org.mozilla.javascript.ast.ReturnStatement'.
Aug 08, 2018 12:09:08 AM org.evosuite.runtime.instrumentation.MethodCallReplacementClassAdapter visit
INFO: Adding mock interface to class org/mozilla/javascript/ast/ReturnStatement
Aug 08, 2018 12:09:09 AM org.evosuite.runtime.instrumentation.CreateClassResetClassAdapter createEmptyStaticReset
INFO: Creating brand-new static initializer in class org/mozilla/javascript/ast/ReturnStatement
Aug 08, 2018 12:09:09 AM org.evosuite.runtime.instrumentation.EvoClassLoader instrumentClass
INFO: Keeping class: org.mozilla.javascript.ast.ReturnStatement
Aug 08, 2018 12:09:09 AM org.evosuite.runtime.instrumentation.EvoClassLoader loadClass
INFO: Seeing class for first time: org.mozilla.javascript.ast.ErrorNode
Aug 08, 2018 12:09:09 AM org.evosuite.runtime.instrumentation.EvoClassLoader instrumentClass
INFO: Instrumenting class 'org.mozilla.javascript.ast.ErrorNode'.
Aug 08, 2018 12:09:09 AM org.evosuite.runtime.instrumentation.MethodCallReplacementClassAdapter visit
INFO: Adding mock interface to class org/mozilla/javascript/ast/ErrorNode
Aug 08, 2018 12:09:09 AM org.evosuite.runtime.instrumentation.CreateClassResetClassAdapter createEmptyStaticReset
INFO: Creating brand-new static initializer in class org/mozilla/javascript/ast/ErrorNode
Aug 08, 2018 12:09:09 AM org.evosuite.runtime.instrumentation.EvoClassLoader instrumentClass
INFO: Keeping class: org.mozilla.javascript.ast.ErrorNode
Aug 08, 2018 12:09:09 AM org.evosuite.runtime.instrumentation.EvoClassLoader loadClass
INFO: Seeing class for first time: org.mozilla.javascript.ast.ElementGet
Aug 08, 2018 12:09:09 AM org.evosuite.runtime.instrumentation.EvoClassLoader instrumentClass
INFO: Instrumenting class 'org.mozilla.javascript.ast.ElementGet'.
Aug 08, 2018 12:09:09 AM org.evosuite.runtime.instrumentation.MethodCallReplacementClassAdapter visit
INFO: Adding mock interface to class org/mozilla/javascript/ast/ElementGet
Aug 08, 2018 12:09:09 AM org.evosuite.runtime.instrumentation.CreateClassResetClassAdapter createEmptyStaticReset
INFO: Creating brand-new static initializer in class org/mozilla/javascript/ast/ElementGet
Aug 08, 2018 12:09:09 AM org.evosuite.runtime.instrumentation.EvoClassLoader instrumentClass
INFO: Keeping class: org.mozilla.javascript.ast.ElementGet
Aug 08, 2018 12:09:09 AM org.evosuite.runtime.instrumentation.EvoClassLoader loadClass
INFO: Seeing class for first time: org.mozilla.javascript.ast.FunctionCall
Aug 08, 2018 12:09:09 AM org.evosuite.runtime.instrumentation.EvoClassLoader instrumentClass
INFO: Instrumenting class 'org.mozilla.javascript.ast.FunctionCall'.
Aug 08, 2018 12:09:09 AM org.evosuite.runtime.instrumentation.MethodCallReplacementClassAdapter visit
INFO: Adding mock interface to class org/mozilla/javascript/ast/FunctionCall
Aug 08, 2018 12:09:09 AM org.evosuite.runtime.instrumentation.CreateClassResetClassAdapter visitMethod
INFO: Found static initializer in class org/mozilla/javascript/ast/FunctionCall
Aug 08, 2018 12:09:09 AM org.evosuite.runtime.instrumentation.EvoClassLoader instrumentClass
INFO: Keeping class: org.mozilla.javascript.ast.FunctionCall
Aug 08, 2018 12:09:09 AM org.evosuite.runtime.instrumentation.EvoClassLoader loadClass
INFO: Seeing class for first time: org.mozilla.javascript.ast.NewExpression
Aug 08, 2018 12:09:09 AM org.evosuite.runtime.instrumentation.EvoClassLoader instrumentClass
INFO: Instrumenting class 'org.mozilla.javascript.ast.NewExpression'.
Aug 08, 2018 12:09:09 AM org.evosuite.runtime.instrumentation.MethodCallReplacementClassAdapter visit
INFO: Adding mock interface to class org/mozilla/javascript/ast/NewExpression
Aug 08, 2018 12:09:09 AM org.evosuite.runtime.instrumentation.CreateClassResetClassAdapter createEmptyStaticReset
INFO: Creating brand-new static initializer in class org/mozilla/javascript/ast/NewExpression
Aug 08, 2018 12:09:09 AM org.evosuite.runtime.instrumentation.EvoClassLoader instrumentClass
INFO: Keeping class: org.mozilla.javascript.ast.NewExpression
Aug 08, 2018 12:09:09 AM org.evosuite.runtime.instrumentation.EvoClassLoader loadClass
INFO: Seeing class for first time: org.mozilla.javascript.ast.IfStatement
Aug 08, 2018 12:09:09 AM org.evosuite.runtime.instrumentation.EvoClassLoader instrumentClass
INFO: Instrumenting class 'org.mozilla.javascript.ast.IfStatement'.
Aug 08, 2018 12:09:09 AM org.evosuite.runtime.instrumentation.MethodCallReplacementClassAdapter visit
INFO: Adding mock interface to class org/mozilla/javascript/ast/IfStatement
Aug 08, 2018 12:09:09 AM org.evosuite.runtime.instrumentation.CreateClassResetClassAdapter createEmptyStaticReset
INFO: Creating brand-new static initializer in class org/mozilla/javascript/ast/IfStatement
Aug 08, 2018 12:09:09 AM org.evosuite.runtime.instrumentation.EvoClassLoader instrumentClass
INFO: Keeping class: org.mozilla.javascript.ast.IfStatement
Aug 08, 2018 12:09:09 AM org.evosuite.runtime.instrumentation.EvoClassLoader loadClass
INFO: Seeing class for first time: org.mozilla.javascript.ast.TryStatement
Aug 08, 2018 12:09:09 AM org.evosuite.runtime.instrumentation.EvoClassLoader instrumentClass
INFO: Instrumenting class 'org.mozilla.javascript.ast.TryStatement'.
Aug 08, 2018 12:09:09 AM org.evosuite.runtime.instrumentation.MethodCallReplacementClassAdapter visit
INFO: Adding mock interface to class org/mozilla/javascript/ast/TryStatement
Aug 08, 2018 12:09:09 AM org.evosuite.runtime.instrumentation.CreateClassResetClassAdapter visitMethod
INFO: Found static initializer in class org/mozilla/javascript/ast/TryStatement
Aug 08, 2018 12:09:09 AM org.evosuite.runtime.instrumentation.EvoClassLoader instrumentClass
INFO: Keeping class: org.mozilla.javascript.ast.TryStatement
Aug 08, 2018 12:09:09 AM org.evosuite.runtime.instrumentation.EvoClassLoader loadClass
INFO: Seeing class for first time: org.mozilla.javascript.ast.ContinueStatement
Aug 08, 2018 12:09:09 AM org.evosuite.runtime.instrumentation.EvoClassLoader instrumentClass
INFO: Instrumenting class 'org.mozilla.javascript.ast.ContinueStatement'.
Aug 08, 2018 12:09:09 AM org.evosuite.runtime.instrumentation.MethodCallReplacementClassAdapter visit
INFO: Adding mock interface to class org/mozilla/javascript/ast/ContinueStatement
Aug 08, 2018 12:09:09 AM org.evosuite.runtime.instrumentation.CreateClassResetClassAdapter createEmptyStaticReset
INFO: Creating brand-new static initializer in class org/mozilla/javascript/ast/ContinueStatement
Aug 08, 2018 12:09:09 AM org.evosuite.runtime.instrumentation.EvoClassLoader instrumentClass
INFO: Keeping class: org.mozilla.javascript.ast.ContinueStatement
Aug 08, 2018 12:09:09 AM org.evosuite.runtime.instrumentation.EvoClassLoader loadClass
INFO: Seeing class for first time: org.mozilla.javascript.ast.KeywordLiteral
Aug 08, 2018 12:09:09 AM org.evosuite.runtime.instrumentation.EvoClassLoader instrumentClass
INFO: Instrumenting class 'org.mozilla.javascript.ast.KeywordLiteral'.
Aug 08, 2018 12:09:09 AM org.evosuite.runtime.instrumentation.MethodCallReplacementClassAdapter visit
INFO: Adding mock interface to class org/mozilla/javascript/ast/KeywordLiteral
Aug 08, 2018 12:09:09 AM org.evosuite.runtime.instrumentation.CreateClassResetClassAdapter createEmptyStaticReset
INFO: Creating brand-new static initializer in class org/mozilla/javascript/ast/KeywordLiteral
Aug 08, 2018 12:09:09 AM org.evosuite.runtime.instrumentation.EvoClassLoader instrumentClass
INFO: Keeping class: org.mozilla.javascript.ast.KeywordLiteral
Aug 08, 2018 12:09:09 AM org.evosuite.runtime.instrumentation.EvoClassLoader loadClass
INFO: Seeing class for first time: org.mozilla.javascript.ast.EmptyExpression
Aug 08, 2018 12:09:09 AM org.evosuite.runtime.instrumentation.EvoClassLoader instrumentClass
INFO: Instrumenting class 'org.mozilla.javascript.ast.EmptyExpression'.
Aug 08, 2018 12:09:09 AM org.evosuite.runtime.instrumentation.MethodCallReplacementClassAdapter visit
INFO: Adding mock interface to class org/mozilla/javascript/ast/EmptyExpression
Aug 08, 2018 12:09:09 AM org.evosuite.runtime.instrumentation.CreateClassResetClassAdapter createEmptyStaticReset
INFO: Creating brand-new static initializer in class org/mozilla/javascript/ast/EmptyExpression
Aug 08, 2018 12:09:09 AM org.evosuite.runtime.instrumentation.EvoClassLoader instrumentClass
INFO: Keeping class: org.mozilla.javascript.ast.EmptyExpression
Aug 08, 2018 12:09:09 AM org.evosuite.runtime.instrumentation.EvoClassLoader loadClass
INFO: Seeing class for first time: org.mozilla.javascript.ast.Label
Aug 08, 2018 12:09:09 AM org.evosuite.runtime.instrumentation.EvoClassLoader instrumentClass
INFO: Instrumenting class 'org.mozilla.javascript.ast.Label'.
Aug 08, 2018 12:09:09 AM org.evosuite.runtime.instrumentation.MethodCallReplacementClassAdapter visit
INFO: Adding mock interface to class org/mozilla/javascript/ast/Label
Aug 08, 2018 12:09:09 AM org.evosuite.runtime.instrumentation.CreateClassResetClassAdapter createEmptyStaticReset
INFO: Creating brand-new static initializer in class org/mozilla/javascript/ast/Label
Aug 08, 2018 12:09:09 AM org.evosuite.runtime.instrumentation.EvoClassLoader instrumentClass
INFO: Keeping class: org.mozilla.javascript.ast.Label
Aug 08, 2018 12:09:09 AM org.evosuite.runtime.instrumentation.EvoClassLoader loadClass
INFO: Seeing class for first time: org.mozilla.javascript.ast.UnaryExpression
Aug 08, 2018 12:09:09 AM org.evosuite.runtime.instrumentation.EvoClassLoader instrumentClass
INFO: Instrumenting class 'org.mozilla.javascript.ast.UnaryExpression'.
Aug 08, 2018 12:09:09 AM org.evosuite.runtime.instrumentation.MethodCallReplacementClassAdapter visit
INFO: Adding mock interface to class org/mozilla/javascript/ast/UnaryExpression
Aug 08, 2018 12:09:09 AM org.evosuite.runtime.instrumentation.CreateClassResetClassAdapter createEmptyStaticReset
INFO: Creating brand-new static initializer in class org/mozilla/javascript/ast/UnaryExpression
Aug 08, 2018 12:09:09 AM org.evosuite.runtime.instrumentation.EvoClassLoader instrumentClass
INFO: Keeping class: org.mozilla.javascript.ast.UnaryExpression
Aug 08, 2018 12:09:09 AM org.evosuite.runtime.instrumentation.EvoClassLoader loadClass
INFO: Seeing class for first time: org.mozilla.javascript.ast.XmlExpression
Aug 08, 2018 12:09:09 AM org.evosuite.runtime.instrumentation.EvoClassLoader instrumentClass
INFO: Instrumenting class 'org.mozilla.javascript.ast.XmlExpression'.
Aug 08, 2018 12:09:09 AM org.evosuite.runtime.instrumentation.MethodCallReplacementClassAdapter visit
INFO: Adding mock interface to class org/mozilla/javascript/ast/XmlExpression
Aug 08, 2018 12:09:09 AM org.evosuite.runtime.instrumentation.CreateClassResetClassAdapter createEmptyStaticReset
INFO: Creating brand-new static initializer in class org/mozilla/javascript/ast/XmlExpression
Aug 08, 2018 12:09:09 AM org.evosuite.runtime.instrumentation.EvoClassLoader instrumentClass
INFO: Keeping class: org.mozilla.javascript.ast.XmlExpression
Aug 08, 2018 12:09:09 AM org.evosuite.runtime.instrumentation.EvoClassLoader loadClass
INFO: Seeing class for first time: org.mozilla.javascript.ast.XmlLiteral
Aug 08, 2018 12:09:09 AM org.evosuite.runtime.instrumentation.EvoClassLoader instrumentClass
INFO: Instrumenting class 'org.mozilla.javascript.ast.XmlLiteral'.
Aug 08, 2018 12:09:09 AM org.evosuite.runtime.instrumentation.MethodCallReplacementClassAdapter visit
INFO: Adding mock interface to class org/mozilla/javascript/ast/XmlLiteral
Aug 08, 2018 12:09:09 AM org.evosuite.runtime.instrumentation.CreateClassResetClassAdapter createEmptyStaticReset
INFO: Creating brand-new static initializer in class org/mozilla/javascript/ast/XmlLiteral
Aug 08, 2018 12:09:09 AM org.evosuite.runtime.instrumentation.EvoClassLoader instrumentClass
INFO: Keeping class: org.mozilla.javascript.ast.XmlLiteral
Aug 08, 2018 12:09:09 AM org.evosuite.runtime.instrumentation.EvoClassLoader loadClass
INFO: Seeing class for first time: org.mozilla.javascript.ast.StringLiteral
Aug 08, 2018 12:09:09 AM org.evosuite.runtime.instrumentation.EvoClassLoader instrumentClass
INFO: Instrumenting class 'org.mozilla.javascript.ast.StringLiteral'.
Aug 08, 2018 12:09:09 AM org.evosuite.runtime.instrumentation.MethodCallReplacementClassAdapter visit
INFO: Adding mock interface to class org/mozilla/javascript/ast/StringLiteral
Aug 08, 2018 12:09:09 AM org.evosuite.runtime.instrumentation.CreateClassResetClassAdapter createEmptyStaticReset
INFO: Creating brand-new static initializer in class org/mozilla/javascript/ast/StringLiteral
Aug 08, 2018 12:09:09 AM org.evosuite.runtime.instrumentation.EvoClassLoader instrumentClass
INFO: Keeping class: org.mozilla.javascript.ast.StringLiteral
Aug 08, 2018 12:09:09 AM org.evosuite.runtime.instrumentation.EvoClassLoader loadClass
INFO: Seeing class for first time: org.mozilla.javascript.ast.XmlElemRef
Aug 08, 2018 12:09:09 AM org.evosuite.runtime.instrumentation.EvoClassLoader instrumentClass
INFO: Instrumenting class 'org.mozilla.javascript.ast.XmlElemRef'.
Aug 08, 2018 12:09:09 AM org.evosuite.runtime.instrumentation.MethodCallReplacementClassAdapter visit
INFO: Adding mock interface to class org/mozilla/javascript/ast/XmlElemRef
Aug 08, 2018 12:09:09 AM org.evosuite.runtime.instrumentation.CreateClassResetClassAdapter createEmptyStaticReset
INFO: Creating brand-new static initializer in class org/mozilla/javascript/ast/XmlElemRef
Aug 08, 2018 12:09:09 AM org.evosuite.runtime.instrumentation.EvoClassLoader instrumentClass
INFO: Keeping class: org.mozilla.javascript.ast.XmlElemRef
Aug 08, 2018 12:09:09 AM org.evosuite.runtime.instrumentation.EvoClassLoader loadClass
INFO: Seeing class for first time: org.mozilla.javascript.ast.ArrayComprehension
Aug 08, 2018 12:09:09 AM org.evosuite.runtime.instrumentation.EvoClassLoader instrumentClass
INFO: Instrumenting class 'org.mozilla.javascript.ast.ArrayComprehension'.
Aug 08, 2018 12:09:09 AM org.evosuite.runtime.instrumentation.MethodCallReplacementClassAdapter visit
INFO: Adding mock interface to class org/mozilla/javascript/ast/ArrayComprehension
Aug 08, 2018 12:09:09 AM org.evosuite.runtime.instrumentation.CreateClassResetClassAdapter createEmptyStaticReset
INFO: Creating brand-new static initializer in class org/mozilla/javascript/ast/ArrayComprehension
Aug 08, 2018 12:09:09 AM org.evosuite.runtime.instrumentation.EvoClassLoader instrumentClass
INFO: Keeping class: org.mozilla.javascript.ast.ArrayComprehension
Aug 08, 2018 12:09:09 AM org.evosuite.runtime.instrumentation.EvoClassLoader loadClass
INFO: Seeing class for first time: org.mozilla.javascript.Node$NodeIterator
Aug 08, 2018 12:09:09 AM org.evosuite.runtime.instrumentation.EvoClassLoader instrumentClass
INFO: Instrumenting class 'org.mozilla.javascript.Node$NodeIterator'.
Aug 08, 2018 12:09:09 AM org.evosuite.runtime.instrumentation.MethodCallReplacementClassAdapter visit
INFO: Adding mock interface to class org/mozilla/javascript/Node$NodeIterator
Aug 08, 2018 12:09:09 AM org.evosuite.runtime.instrumentation.CreateClassResetClassAdapter createEmptyStaticReset
INFO: Creating brand-new static initializer in class org/mozilla/javascript/Node$NodeIterator
Aug 08, 2018 12:09:09 AM org.evosuite.runtime.instrumentation.EvoClassLoader instrumentClass
INFO: Keeping class: org.mozilla.javascript.Node$NodeIterator
Aug 08, 2018 12:09:09 AM org.evosuite.runtime.instrumentation.EvoClassLoader loadClass
INFO: Seeing class for first time: org.mozilla.javascript.regexp.SubString
Aug 08, 2018 12:09:09 AM org.evosuite.runtime.instrumentation.EvoClassLoader instrumentClass
INFO: Instrumenting class 'org.mozilla.javascript.regexp.SubString'.
Aug 08, 2018 12:09:09 AM org.evosuite.runtime.instrumentation.MethodCallReplacementClassAdapter visit
INFO: Adding mock interface to class org/mozilla/javascript/regexp/SubString
Aug 08, 2018 12:09:09 AM org.evosuite.runtime.instrumentation.CreateClassResetClassAdapter createEmptyStaticReset
INFO: Creating brand-new static initializer in class org/mozilla/javascript/regexp/SubString
Aug 08, 2018 12:09:09 AM org.evosuite.runtime.instrumentation.EvoClassLoader instrumentClass
INFO: Keeping class: org.mozilla.javascript.regexp.SubString
Aug 08, 2018 12:09:09 AM org.evosuite.runtime.instrumentation.EvoClassLoader loadClass
INFO: Seeing class for first time: org.mozilla.javascript.NativeStringIterator
Aug 08, 2018 12:09:09 AM org.evosuite.runtime.instrumentation.EvoClassLoader instrumentClass
INFO: Instrumenting class 'org.mozilla.javascript.NativeStringIterator'.
Aug 08, 2018 12:09:09 AM org.evosuite.runtime.instrumentation.MethodCallReplacementClassAdapter visit
INFO: Adding mock interface to class org/mozilla/javascript/NativeStringIterator
Aug 08, 2018 12:09:09 AM org.evosuite.runtime.instrumentation.CreateClassResetClassAdapter createEmptyStaticReset
INFO: Creating brand-new static initializer in class org/mozilla/javascript/NativeStringIterator
Aug 08, 2018 12:09:09 AM org.evosuite.runtime.instrumentation.CreateClassResetClassAdapter createEmptyStaticReset
INFO: Adding bytecode for initializing field ITERATOR_TAG
Aug 08, 2018 12:09:09 AM org.evosuite.runtime.instrumentation.EvoClassLoader instrumentClass
INFO: Keeping class: org.mozilla.javascript.NativeStringIterator
Aug 08, 2018 12:09:09 AM org.evosuite.runtime.instrumentation.EvoClassLoader loadClass
INFO: Seeing class for first time: org.mozilla.javascript.typedarrays.NativeInt16Array
Aug 08, 2018 12:09:09 AM org.evosuite.runtime.instrumentation.EvoClassLoader instrumentClass
INFO: Instrumenting class 'org.mozilla.javascript.typedarrays.NativeInt16Array'.
Aug 08, 2018 12:09:09 AM org.evosuite.runtime.instrumentation.MethodCallReplacementClassAdapter visit
INFO: Adding mock interface to class org/mozilla/javascript/typedarrays/NativeInt16Array
Aug 08, 2018 12:09:09 AM org.evosuite.runtime.instrumentation.CreateClassResetClassAdapter createEmptyStaticReset
INFO: Creating brand-new static initializer in class org/mozilla/javascript/typedarrays/NativeInt16Array
Aug 08, 2018 12:09:09 AM org.evosuite.runtime.instrumentation.CreateClassResetClassAdapter createEmptyStaticReset
INFO: Adding bytecode for initializing field CLASS_NAME
Aug 08, 2018 12:09:09 AM org.evosuite.runtime.instrumentation.CreateClassResetClassAdapter createEmptyStaticReset
INFO: Adding bytecode for initializing field BYTES_PER_ELEMENT
Aug 08, 2018 12:09:09 AM org.evosuite.runtime.instrumentation.EvoClassLoader instrumentClass
INFO: Keeping class: org.mozilla.javascript.typedarrays.NativeInt16Array
Aug 08, 2018 12:09:09 AM org.evosuite.runtime.instrumentation.EvoClassLoader loadClass
INFO: Seeing class for first time: org.mozilla.javascript.Token$CommentType
Aug 08, 2018 12:09:09 AM org.evosuite.runtime.instrumentation.EvoClassLoader instrumentClass
INFO: Instrumenting class 'org.mozilla.javascript.Token$CommentType'.
Aug 08, 2018 12:09:09 AM org.evosuite.runtime.instrumentation.MethodCallReplacementClassAdapter visit
INFO: Adding mock interface to class org/mozilla/javascript/Token$CommentType
Aug 08, 2018 12:09:09 AM org.evosuite.runtime.instrumentation.CreateClassResetClassAdapter visitMethod
INFO: Found static initializer in class org/mozilla/javascript/Token$CommentType
Aug 08, 2018 12:09:09 AM org.evosuite.runtime.instrumentation.EvoClassLoader instrumentClass
INFO: Keeping class: org.mozilla.javascript.Token$CommentType
Aug 08, 2018 12:09:09 AM org.evosuite.runtime.instrumentation.EvoClassLoader loadClass
INFO: Seeing class for first time: org.mozilla.javascript.typedarrays.NativeUint8ClampedArray
Aug 08, 2018 12:09:09 AM org.evosuite.runtime.instrumentation.EvoClassLoader instrumentClass
INFO: Instrumenting class 'org.mozilla.javascript.typedarrays.NativeUint8ClampedArray'.
Aug 08, 2018 12:09:09 AM org.evosuite.runtime.instrumentation.MethodCallReplacementClassAdapter visit
INFO: Adding mock interface to class org/mozilla/javascript/typedarrays/NativeUint8ClampedArray
Aug 08, 2018 12:09:09 AM org.evosuite.runtime.instrumentation.CreateClassResetClassAdapter createEmptyStaticReset
INFO: Creating brand-new static initializer in class org/mozilla/javascript/typedarrays/NativeUint8ClampedArray
Aug 08, 2018 12:09:09 AM org.evosuite.runtime.instrumentation.CreateClassResetClassAdapter createEmptyStaticReset
INFO: Adding bytecode for initializing field CLASS_NAME
Aug 08, 2018 12:09:09 AM org.evosuite.runtime.instrumentation.EvoClassLoader instrumentClass
INFO: Keeping class: org.mozilla.javascript.typedarrays.NativeUint8ClampedArray
Aug 08, 2018 12:09:09 AM org.evosuite.runtime.instrumentation.EvoClassLoader loadClass
INFO: Seeing class for first time: org.mozilla.javascript.typedarrays.ByteIo
Aug 08, 2018 12:09:09 AM org.evosuite.runtime.instrumentation.EvoClassLoader instrumentClass
INFO: Instrumenting class 'org.mozilla.javascript.typedarrays.ByteIo'.
Aug 08, 2018 12:09:09 AM org.evosuite.runtime.instrumentation.MethodCallReplacementClassAdapter visit
INFO: Adding mock interface to class org/mozilla/javascript/typedarrays/ByteIo
Aug 08, 2018 12:09:09 AM org.evosuite.runtime.instrumentation.CreateClassResetClassAdapter createEmptyStaticReset
INFO: Creating brand-new static initializer in class org/mozilla/javascript/typedarrays/ByteIo
Aug 08, 2018 12:09:09 AM org.evosuite.runtime.instrumentation.EvoClassLoader instrumentClass
INFO: Keeping class: org.mozilla.javascript.typedarrays.ByteIo
Aug 08, 2018 12:09:09 AM org.evosuite.runtime.instrumentation.EvoClassLoader loadClass
INFO: Seeing class for first time: org.mozilla.classfile.ClassFileMethod
Aug 08, 2018 12:09:09 AM org.evosuite.runtime.instrumentation.EvoClassLoader instrumentClass
INFO: Instrumenting class 'org.mozilla.classfile.ClassFileMethod'.
Aug 08, 2018 12:09:09 AM org.evosuite.runtime.instrumentation.MethodCallReplacementClassAdapter visit
INFO: Adding mock interface to class org/mozilla/classfile/ClassFileMethod
Aug 08, 2018 12:09:09 AM org.evosuite.runtime.instrumentation.CreateClassResetClassAdapter createEmptyStaticReset
INFO: Creating brand-new static initializer in class org/mozilla/classfile/ClassFileMethod
Aug 08, 2018 12:09:09 AM org.evosuite.runtime.instrumentation.EvoClassLoader instrumentClass
INFO: Keeping class: org.mozilla.classfile.ClassFileMethod
Aug 08, 2018 12:09:09 AM org.evosuite.runtime.instrumentation.EvoClassLoader loadClass
INFO: Seeing class for first time: org.mozilla.classfile.TypeInfo
Aug 08, 2018 12:09:09 AM org.evosuite.runtime.instrumentation.EvoClassLoader instrumentClass
INFO: Instrumenting class 'org.mozilla.classfile.TypeInfo'.
Aug 08, 2018 12:09:09 AM org.evosuite.runtime.instrumentation.MethodCallReplacementClassAdapter visit
INFO: Adding mock interface to class org/mozilla/classfile/TypeInfo
Aug 08, 2018 12:09:09 AM org.evosuite.runtime.instrumentation.CreateClassResetClassAdapter createEmptyStaticReset
INFO: Creating brand-new static initializer in class org/mozilla/classfile/TypeInfo
Aug 08, 2018 12:09:09 AM org.evosuite.runtime.instrumentation.CreateClassResetClassAdapter createEmptyStaticReset
INFO: Adding bytecode for initializing field TOP
Aug 08, 2018 12:09:09 AM org.evosuite.runtime.instrumentation.CreateClassResetClassAdapter createEmptyStaticReset
INFO: Adding bytecode for initializing field INTEGER
Aug 08, 2018 12:09:09 AM org.evosuite.runtime.instrumentation.CreateClassResetClassAdapter createEmptyStaticReset
INFO: Adding bytecode for initializing field FLOAT
Aug 08, 2018 12:09:09 AM org.evosuite.runtime.instrumentation.CreateClassResetClassAdapter createEmptyStaticReset
INFO: Adding bytecode for initializing field DOUBLE
Aug 08, 2018 12:09:09 AM org.evosuite.runtime.instrumentation.CreateClassResetClassAdapter createEmptyStaticReset
INFO: Adding bytecode for initializing field LONG
Aug 08, 2018 12:09:09 AM org.evosuite.runtime.instrumentation.CreateClassResetClassAdapter createEmptyStaticReset
INFO: Adding bytecode for initializing field NULL
Aug 08, 2018 12:09:09 AM org.evosuite.runtime.instrumentation.CreateClassResetClassAdapter createEmptyStaticReset
INFO: Adding bytecode for initializing field UNINITIALIZED_THIS
Aug 08, 2018 12:09:09 AM org.evosuite.runtime.instrumentation.CreateClassResetClassAdapter createEmptyStaticReset
INFO: Adding bytecode for initializing field OBJECT_TAG
Aug 08, 2018 12:09:09 AM org.evosuite.runtime.instrumentation.CreateClassResetClassAdapter createEmptyStaticReset
INFO: Adding bytecode for initializing field UNINITIALIZED_VAR_TAG
Aug 08, 2018 12:09:09 AM org.evosuite.runtime.instrumentation.EvoClassLoader instrumentClass
INFO: Keeping class: org.mozilla.classfile.TypeInfo
Aug 08, 2018 12:09:09 AM org.evosuite.runtime.instrumentation.EvoClassLoader loadClass
INFO: Seeing class for first time: org.mozilla.javascript.Synchronizer
Aug 08, 2018 12:09:09 AM org.evosuite.runtime.instrumentation.EvoClassLoader instrumentClass
INFO: Instrumenting class 'org.mozilla.javascript.Synchronizer'.
Aug 08, 2018 12:09:09 AM org.evosuite.runtime.instrumentation.MethodCallReplacementClassAdapter visit
INFO: Adding mock interface to class org/mozilla/javascript/Synchronizer
Aug 08, 2018 12:09:09 AM org.evosuite.runtime.instrumentation.CreateClassResetClassAdapter createEmptyStaticReset
INFO: Creating brand-new static initializer in class org/mozilla/javascript/Synchronizer
Aug 08, 2018 12:09:09 AM org.evosuite.runtime.instrumentation.EvoClassLoader loadClass
INFO: Seeing class for first time: org.mozilla.javascript.Delegator
Aug 08, 2018 12:09:09 AM org.evosuite.runtime.instrumentation.EvoClassLoader instrumentClass
INFO: Instrumenting class 'org.mozilla.javascript.Delegator'.
Aug 08, 2018 12:09:09 AM org.evosuite.runtime.instrumentation.MethodCallReplacementClassAdapter visit
INFO: Adding mock interface to class org/mozilla/javascript/Delegator
Aug 08, 2018 12:09:09 AM org.evosuite.runtime.instrumentation.CreateClassResetClassAdapter createEmptyStaticReset
INFO: Creating brand-new static initializer in class org/mozilla/javascript/Delegator
Aug 08, 2018 12:09:09 AM org.evosuite.runtime.instrumentation.EvoClassLoader instrumentClass
INFO: Keeping class: org.mozilla.javascript.Delegator
Aug 08, 2018 12:09:09 AM org.evosuite.runtime.instrumentation.EvoClassLoader instrumentClass
INFO: Keeping class: org.mozilla.javascript.Synchronizer
Aug 08, 2018 12:09:09 AM org.evosuite.runtime.instrumentation.EvoClassLoader loadClass
INFO: Seeing class for first time: org.mozilla.javascript.NativeArray$ElementComparator
Aug 08, 2018 12:09:09 AM org.evosuite.runtime.instrumentation.EvoClassLoader instrumentClass
INFO: Instrumenting class 'org.mozilla.javascript.NativeArray$ElementComparator'.
Aug 08, 2018 12:09:09 AM org.evosuite.runtime.instrumentation.MethodCallReplacementClassAdapter visit
INFO: Adding mock interface to class org/mozilla/javascript/NativeArray$ElementComparator
Aug 08, 2018 12:09:09 AM org.evosuite.runtime.instrumentation.CreateClassResetClassAdapter createEmptyStaticReset
INFO: Creating brand-new static initializer in class org/mozilla/javascript/NativeArray$ElementComparator
Aug 08, 2018 12:09:09 AM org.evosuite.runtime.instrumentation.EvoClassLoader instrumentClass
INFO: Keeping class: org.mozilla.javascript.NativeArray$ElementComparator
Aug 08, 2018 12:09:09 AM org.evosuite.runtime.instrumentation.EvoClassLoader loadClass
INFO: Seeing class for first time: org.mozilla.javascript.regexp.RENode
Aug 08, 2018 12:09:09 AM org.evosuite.runtime.instrumentation.EvoClassLoader instrumentClass
INFO: Instrumenting class 'org.mozilla.javascript.regexp.RENode'.
Aug 08, 2018 12:09:09 AM org.evosuite.runtime.instrumentation.MethodCallReplacementClassAdapter visit
INFO: Adding mock interface to class org/mozilla/javascript/regexp/RENode
Aug 08, 2018 12:09:09 AM org.evosuite.runtime.instrumentation.CreateClassResetClassAdapter createEmptyStaticReset
INFO: Creating brand-new static initializer in class org/mozilla/javascript/regexp/RENode
Aug 08, 2018 12:09:09 AM org.evosuite.runtime.instrumentation.EvoClassLoader instrumentClass
INFO: Keeping class: org.mozilla.javascript.regexp.RENode
Aug 08, 2018 12:09:09 AM org.evosuite.runtime.instrumentation.EvoClassLoader loadClass
INFO: Seeing class for first time: org.mozilla.javascript.commonjs.module.ModuleScript
Aug 08, 2018 12:09:09 AM org.evosuite.runtime.instrumentation.EvoClassLoader instrumentClass
INFO: Instrumenting class 'org.mozilla.javascript.commonjs.module.ModuleScript'.
Aug 08, 2018 12:09:09 AM org.evosuite.runtime.instrumentation.MethodCallReplacementClassAdapter visit
INFO: Adding mock interface to class org/mozilla/javascript/commonjs/module/ModuleScript
Aug 08, 2018 12:09:09 AM org.evosuite.runtime.instrumentation.CreateClassResetClassAdapter createEmptyStaticReset
INFO: Creating brand-new static initializer in class org/mozilla/javascript/commonjs/module/ModuleScript
Aug 08, 2018 12:09:09 AM org.evosuite.runtime.instrumentation.EvoClassLoader instrumentClass
INFO: Keeping class: org.mozilla.javascript.commonjs.module.ModuleScript
Aug 08, 2018 12:09:10 AM org.evosuite.runtime.instrumentation.EvoClassLoader loadClass
INFO: Seeing class for first time: org.mozilla.classfile.ClassFileWriter
Aug 08, 2018 12:09:10 AM org.evosuite.runtime.instrumentation.EvoClassLoader instrumentClass
INFO: Instrumenting class 'org.mozilla.classfile.ClassFileWriter'.
Aug 08, 2018 12:09:10 AM org.evosuite.runtime.instrumentation.MethodCallReplacementClassAdapter visit
INFO: Adding mock interface to class org/mozilla/classfile/ClassFileWriter
Aug 08, 2018 12:09:10 AM org.evosuite.runtime.instrumentation.CreateClassResetClassAdapter visitMethod
INFO: Found static initializer in class org/mozilla/classfile/ClassFileWriter
Aug 08, 2018 12:09:10 AM org.evosuite.runtime.instrumentation.EvoClassLoader instrumentClass
INFO: Keeping class: org.mozilla.classfile.ClassFileWriter
Aug 08, 2018 12:09:10 AM org.evosuite.runtime.instrumentation.EvoClassLoader loadClass
INFO: Seeing class for first time: org.mozilla.javascript.NativeArrayIterator
Aug 08, 2018 12:09:10 AM org.evosuite.runtime.instrumentation.EvoClassLoader instrumentClass
INFO: Instrumenting class 'org.mozilla.javascript.NativeArrayIterator'.
Aug 08, 2018 12:09:10 AM org.evosuite.runtime.instrumentation.MethodCallReplacementClassAdapter visit
INFO: Adding mock interface to class org/mozilla/javascript/NativeArrayIterator
Aug 08, 2018 12:09:10 AM org.evosuite.runtime.instrumentation.CreateClassResetClassAdapter createEmptyStaticReset
INFO: Creating brand-new static initializer in class org/mozilla/javascript/NativeArrayIterator
Aug 08, 2018 12:09:10 AM org.evosuite.runtime.instrumentation.CreateClassResetClassAdapter createEmptyStaticReset
INFO: Adding bytecode for initializing field ITERATOR_TAG
Aug 08, 2018 12:09:10 AM org.evosuite.runtime.instrumentation.EvoClassLoader instrumentClass
INFO: Keeping class: org.mozilla.javascript.NativeArrayIterator
Aug 08, 2018 12:09:10 AM org.evosuite.runtime.instrumentation.EvoClassLoader loadClass
INFO: Seeing class for first time: org.mozilla.javascript.NativeIterator$StopIteration
Aug 08, 2018 12:09:10 AM org.evosuite.runtime.instrumentation.EvoClassLoader instrumentClass
INFO: Instrumenting class 'org.mozilla.javascript.NativeIterator$StopIteration'.
Aug 08, 2018 12:09:10 AM org.evosuite.runtime.instrumentation.MethodCallReplacementClassAdapter visit
INFO: Adding mock interface to class org/mozilla/javascript/NativeIterator$StopIteration
Aug 08, 2018 12:09:10 AM org.evosuite.runtime.instrumentation.CreateClassResetClassAdapter createEmptyStaticReset
INFO: Creating brand-new static initializer in class org/mozilla/javascript/NativeIterator$StopIteration
Aug 08, 2018 12:09:10 AM org.evosuite.runtime.instrumentation.EvoClassLoader instrumentClass
INFO: Keeping class: org.mozilla.javascript.NativeIterator$StopIteration
Aug 08, 2018 12:09:10 AM org.evosuite.runtime.instrumentation.EvoClassLoader loadClass
INFO: Seeing class for first time: org.mozilla.javascript.MemberBox
Aug 08, 2018 12:09:10 AM org.evosuite.runtime.instrumentation.EvoClassLoader instrumentClass
INFO: Instrumenting class 'org.mozilla.javascript.MemberBox'.
Aug 08, 2018 12:09:10 AM org.evosuite.runtime.instrumentation.MethodCallReplacementClassAdapter visit
INFO: Adding mock interface to class org/mozilla/javascript/MemberBox
Aug 08, 2018 12:09:10 AM org.evosuite.runtime.instrumentation.CreateClassResetClassAdapter visitMethod
INFO: Found static initializer in class org/mozilla/javascript/MemberBox
Aug 08, 2018 12:09:10 AM org.evosuite.runtime.instrumentation.EvoClassLoader instrumentClass
INFO: Keeping class: org.mozilla.javascript.MemberBox
Aug 08, 2018 12:09:10 AM org.evosuite.runtime.instrumentation.EvoClassLoader loadClass
INFO: Seeing class for first time: org.mozilla.javascript.xml.XMLObject
Aug 08, 2018 12:09:10 AM org.evosuite.runtime.instrumentation.EvoClassLoader instrumentClass
INFO: Instrumenting class 'org.mozilla.javascript.xml.XMLObject'.
Aug 08, 2018 12:09:10 AM org.evosuite.runtime.instrumentation.MethodCallReplacementClassAdapter visit
INFO: Adding mock interface to class org/mozilla/javascript/xml/XMLObject
Aug 08, 2018 12:09:10 AM org.evosuite.runtime.instrumentation.CreateClassResetClassAdapter createEmptyStaticReset
INFO: Creating brand-new static initializer in class org/mozilla/javascript/xml/XMLObject
Aug 08, 2018 12:09:10 AM org.evosuite.runtime.instrumentation.EvoClassLoader instrumentClass
INFO: Keeping class: org.mozilla.javascript.xml.XMLObject
Aug 08, 2018 12:09:10 AM org.evosuite.runtime.instrumentation.EvoClassLoader loadClass
INFO: Seeing class for first time: org.mozilla.javascript.Interpreter$GeneratorState
Aug 08, 2018 12:09:10 AM org.evosuite.runtime.instrumentation.EvoClassLoader instrumentClass
INFO: Instrumenting class 'org.mozilla.javascript.Interpreter$GeneratorState'.
Aug 08, 2018 12:09:10 AM org.evosuite.runtime.instrumentation.MethodCallReplacementClassAdapter visit
INFO: Adding mock interface to class org/mozilla/javascript/Interpreter$GeneratorState
Aug 08, 2018 12:09:10 AM org.evosuite.runtime.instrumentation.CreateClassResetClassAdapter createEmptyStaticReset
INFO: Creating brand-new static initializer in class org/mozilla/javascript/Interpreter$GeneratorState
Aug 08, 2018 12:09:10 AM org.evosuite.runtime.instrumentation.EvoClassLoader instrumentClass
INFO: Keeping class: org.mozilla.javascript.Interpreter$GeneratorState
Aug 08, 2018 12:09:10 AM org.evosuite.runtime.instrumentation.EvoClassLoader loadClass
INFO: Seeing class for first time: org.mozilla.javascript.ScriptRuntime$IdEnumeration
Aug 08, 2018 12:09:10 AM org.evosuite.runtime.instrumentation.EvoClassLoader instrumentClass
INFO: Instrumenting class 'org.mozilla.javascript.ScriptRuntime$IdEnumeration'.
Aug 08, 2018 12:09:10 AM org.evosuite.runtime.instrumentation.MethodCallReplacementClassAdapter visit
INFO: Adding mock interface to class org/mozilla/javascript/ScriptRuntime$IdEnumeration
Aug 08, 2018 12:09:10 AM org.evosuite.runtime.instrumentation.CreateClassResetClassAdapter createEmptyStaticReset
INFO: Creating brand-new static initializer in class org/mozilla/javascript/ScriptRuntime$IdEnumeration
Aug 08, 2018 12:09:10 AM org.evosuite.runtime.instrumentation.EvoClassLoader instrumentClass
INFO: Keeping class: org.mozilla.javascript.ScriptRuntime$IdEnumeration
Aug 08, 2018 12:09:10 AM org.evosuite.runtime.instrumentation.EvoClassLoader loadClass
INFO: Seeing class for first time: org.mozilla.javascript.ConsString
Aug 08, 2018 12:09:10 AM org.evosuite.runtime.instrumentation.EvoClassLoader instrumentClass
INFO: Instrumenting class 'org.mozilla.javascript.ConsString'.
Aug 08, 2018 12:09:10 AM org.evosuite.runtime.instrumentation.MethodCallReplacementClassAdapter visit
INFO: Adding mock interface to class org/mozilla/javascript/ConsString
Aug 08, 2018 12:09:10 AM org.evosuite.runtime.instrumentation.CreateClassResetClassAdapter createEmptyStaticReset
INFO: Creating brand-new static initializer in class org/mozilla/javascript/ConsString
Aug 08, 2018 12:09:10 AM org.evosuite.runtime.instrumentation.EvoClassLoader instrumentClass
INFO: Keeping class: org.mozilla.javascript.ConsString
Aug 08, 2018 12:09:10 AM org.evosuite.runtime.instrumentation.EvoClassLoader loadClass
INFO: Seeing class for first time: org.mozilla.classfile.SuperBlock
Aug 08, 2018 12:09:10 AM org.evosuite.runtime.instrumentation.EvoClassLoader instrumentClass
INFO: Instrumenting class 'org.mozilla.classfile.SuperBlock'.
Aug 08, 2018 12:09:10 AM org.evosuite.runtime.instrumentation.MethodCallReplacementClassAdapter visit
INFO: Adding mock interface to class org/mozilla/classfile/SuperBlock
Aug 08, 2018 12:09:10 AM org.evosuite.runtime.instrumentation.CreateClassResetClassAdapter createEmptyStaticReset
INFO: Creating brand-new static initializer in class org/mozilla/classfile/SuperBlock
Aug 08, 2018 12:09:10 AM org.evosuite.runtime.instrumentation.EvoClassLoader instrumentClass
INFO: Keeping class: org.mozilla.classfile.SuperBlock
Aug 08, 2018 12:09:10 AM org.evosuite.runtime.instrumentation.EvoClassLoader loadClass
INFO: Seeing class for first time: org.mozilla.javascript.typedarrays.NativeUint32Array
Aug 08, 2018 12:09:10 AM org.evosuite.runtime.instrumentation.EvoClassLoader instrumentClass
INFO: Instrumenting class 'org.mozilla.javascript.typedarrays.NativeUint32Array'.
Aug 08, 2018 12:09:10 AM org.evosuite.runtime.instrumentation.MethodCallReplacementClassAdapter visit
INFO: Adding mock interface to class org/mozilla/javascript/typedarrays/NativeUint32Array
Aug 08, 2018 12:09:10 AM org.evosuite.runtime.instrumentation.CreateClassResetClassAdapter createEmptyStaticReset
INFO: Creating brand-new static initializer in class org/mozilla/javascript/typedarrays/NativeUint32Array
Aug 08, 2018 12:09:10 AM org.evosuite.runtime.instrumentation.CreateClassResetClassAdapter createEmptyStaticReset
INFO: Adding bytecode for initializing field CLASS_NAME
Aug 08, 2018 12:09:10 AM org.evosuite.runtime.instrumentation.CreateClassResetClassAdapter createEmptyStaticReset
INFO: Adding bytecode for initializing field BYTES_PER_ELEMENT
Aug 08, 2018 12:09:10 AM org.evosuite.runtime.instrumentation.EvoClassLoader instrumentClass
INFO: Keeping class: org.mozilla.javascript.typedarrays.NativeUint32Array
Aug 08, 2018 12:09:10 AM org.evosuite.runtime.instrumentation.EvoClassLoader loadClass
INFO: Seeing class for first time: org.mozilla.javascript.BeanProperty
Aug 08, 2018 12:09:10 AM org.evosuite.runtime.instrumentation.EvoClassLoader instrumentClass
INFO: Instrumenting class 'org.mozilla.javascript.BeanProperty'.
Aug 08, 2018 12:09:10 AM org.evosuite.runtime.instrumentation.MethodCallReplacementClassAdapter visit
INFO: Adding mock interface to class org/mozilla/javascript/BeanProperty
Aug 08, 2018 12:09:10 AM org.evosuite.runtime.instrumentation.CreateClassResetClassAdapter createEmptyStaticReset
INFO: Creating brand-new static initializer in class org/mozilla/javascript/BeanProperty
Aug 08, 2018 12:09:10 AM org.evosuite.runtime.instrumentation.EvoClassLoader instrumentClass
INFO: Keeping class: org.mozilla.javascript.BeanProperty
Aug 08, 2018 12:09:10 AM org.evosuite.runtime.instrumentation.EvoClassLoader loadClass
INFO: Seeing class for first time: org.mozilla.javascript.xml.XMLLib$Factory
Aug 08, 2018 12:09:10 AM org.evosuite.runtime.instrumentation.EvoClassLoader instrumentClass
INFO: Instrumenting class 'org.mozilla.javascript.xml.XMLLib$Factory'.
Aug 08, 2018 12:09:10 AM org.evosuite.runtime.instrumentation.MethodCallReplacementClassAdapter visit
INFO: Adding mock interface to class org/mozilla/javascript/xml/XMLLib$Factory
Aug 08, 2018 12:09:10 AM org.evosuite.runtime.instrumentation.CreateClassResetClassAdapter createEmptyStaticReset
INFO: Creating brand-new static initializer in class org/mozilla/javascript/xml/XMLLib$Factory
Aug 08, 2018 12:09:10 AM org.evosuite.runtime.instrumentation.EvoClassLoader instrumentClass
INFO: Keeping class: org.mozilla.javascript.xml.XMLLib$Factory
Aug 08, 2018 12:09:10 AM org.evosuite.runtime.instrumentation.EvoClassLoader loadClass
INFO: Seeing class for first time: org.mozilla.javascript.xml.XMLLib$Factory$1
Aug 08, 2018 12:09:10 AM org.evosuite.runtime.instrumentation.EvoClassLoader instrumentClass
INFO: Instrumenting class 'org.mozilla.javascript.xml.XMLLib$Factory$1'.
Aug 08, 2018 12:09:10 AM org.evosuite.runtime.instrumentation.MethodCallReplacementClassAdapter visit
INFO: Adding mock interface to class org/mozilla/javascript/xml/XMLLib$Factory$1
Aug 08, 2018 12:09:10 AM org.evosuite.runtime.instrumentation.EvoClassLoader instrumentClass
INFO: Keeping class: org.mozilla.javascript.xml.XMLLib$Factory$1
Aug 08, 2018 12:09:10 AM org.evosuite.runtime.instrumentation.EvoClassLoader loadClass
INFO: Seeing class for first time: org.mozilla.javascript.NativeScript
Aug 08, 2018 12:09:10 AM org.evosuite.runtime.instrumentation.EvoClassLoader instrumentClass
INFO: Instrumenting class 'org.mozilla.javascript.NativeScript'.
Aug 08, 2018 12:09:10 AM org.evosuite.runtime.instrumentation.MethodCallReplacementClassAdapter visit
INFO: Adding mock interface to class org/mozilla/javascript/NativeScript
Aug 08, 2018 12:09:10 AM org.evosuite.runtime.instrumentation.CreateClassResetClassAdapter visitMethod
INFO: Found static initializer in class org/mozilla/javascript/NativeScript
Aug 08, 2018 12:09:10 AM org.evosuite.runtime.instrumentation.EvoClassLoader instrumentClass
INFO: Keeping class: org.mozilla.javascript.NativeScript
Aug 08, 2018 12:09:10 AM org.evosuite.runtime.instrumentation.EvoClassLoader loadClass
INFO: Seeing class for first time: org.mozilla.javascript.SecurityController
Aug 08, 2018 12:09:10 AM org.evosuite.runtime.instrumentation.EvoClassLoader instrumentClass
INFO: Instrumenting class 'org.mozilla.javascript.SecurityController'.
Aug 08, 2018 12:09:10 AM org.evosuite.runtime.instrumentation.MethodCallReplacementClassAdapter visit
INFO: Adding mock interface to class org/mozilla/javascript/SecurityController
Aug 08, 2018 12:09:10 AM org.evosuite.runtime.instrumentation.CreateClassResetClassAdapter createEmptyStaticReset
INFO: Creating brand-new static initializer in class org/mozilla/javascript/SecurityController
Aug 08, 2018 12:09:10 AM org.evosuite.runtime.instrumentation.CreateClassResetClassAdapter createEmptyStaticReset
INFO: Adding bytecode for initializing field global
Aug 08, 2018 12:09:10 AM org.evosuite.runtime.instrumentation.EvoClassLoader instrumentClass
INFO: Keeping class: org.mozilla.javascript.SecurityController
Aug 08, 2018 12:09:10 AM org.evosuite.runtime.instrumentation.EvoClassLoader loadClass
INFO: Seeing class for first time: org.mozilla.javascript.tools.shell.QuitAction
Aug 08, 2018 12:09:10 AM org.evosuite.runtime.instrumentation.EvoClassLoader instrumentClass
INFO: Instrumenting class 'org.mozilla.javascript.tools.shell.QuitAction'.
Aug 08, 2018 12:09:10 AM org.evosuite.runtime.instrumentation.EvoClassLoader instrumentClass
INFO: Keeping class: org.mozilla.javascript.tools.shell.QuitAction
Aug 08, 2018 12:09:10 AM org.evosuite.runtime.instrumentation.EvoClassLoader loadClass
INFO: Seeing class for first time: org.mozilla.javascript.WrapFactory
Aug 08, 2018 12:09:10 AM org.evosuite.runtime.instrumentation.EvoClassLoader instrumentClass
INFO: Instrumenting class 'org.mozilla.javascript.WrapFactory'.
Aug 08, 2018 12:09:10 AM org.evosuite.runtime.instrumentation.MethodCallReplacementClassAdapter visit
INFO: Adding mock interface to class org/mozilla/javascript/WrapFactory
Aug 08, 2018 12:09:10 AM org.evosuite.runtime.instrumentation.CreateClassResetClassAdapter createEmptyStaticReset
INFO: Creating brand-new static initializer in class org/mozilla/javascript/WrapFactory
Aug 08, 2018 12:09:10 AM org.evosuite.runtime.instrumentation.EvoClassLoader instrumentClass
INFO: Keeping class: org.mozilla.javascript.WrapFactory
Aug 08, 2018 12:09:10 AM org.evosuite.runtime.instrumentation.EvoClassLoader loadClass
INFO: Seeing class for first time: org.mozilla.javascript.NativeIterator
Aug 08, 2018 12:09:10 AM org.evosuite.runtime.instrumentation.EvoClassLoader instrumentClass
INFO: Instrumenting class 'org.mozilla.javascript.NativeIterator'.
Aug 08, 2018 12:09:10 AM org.evosuite.runtime.instrumentation.MethodCallReplacementClassAdapter visit
INFO: Adding mock interface to class org/mozilla/javascript/NativeIterator
Aug 08, 2018 12:09:10 AM org.evosuite.runtime.instrumentation.CreateClassResetClassAdapter visitMethod
INFO: Found static initializer in class org/mozilla/javascript/NativeIterator
Aug 08, 2018 12:09:10 AM org.evosuite.runtime.instrumentation.EvoClassLoader instrumentClass
INFO: Keeping class: org.mozilla.javascript.NativeIterator
Aug 08, 2018 12:09:10 AM org.evosuite.runtime.instrumentation.EvoClassLoader loadClass
INFO: Seeing class for first time: org.mozilla.javascript.v8dtoa.DiyFp
Aug 08, 2018 12:09:10 AM org.evosuite.runtime.instrumentation.EvoClassLoader instrumentClass
INFO: Instrumenting class 'org.mozilla.javascript.v8dtoa.DiyFp'.
Aug 08, 2018 12:09:10 AM org.evosuite.runtime.instrumentation.MethodCallReplacementClassAdapter visit
INFO: Adding mock interface to class org/mozilla/javascript/v8dtoa/DiyFp
Aug 08, 2018 12:09:10 AM org.evosuite.runtime.instrumentation.CreateClassResetClassAdapter visitMethod
INFO: Found static initializer in class org/mozilla/javascript/v8dtoa/DiyFp
Aug 08, 2018 12:09:10 AM org.evosuite.runtime.instrumentation.EvoClassLoader instrumentClass
INFO: Keeping class: org.mozilla.javascript.v8dtoa.DiyFp
Aug 08, 2018 12:09:10 AM org.evosuite.runtime.instrumentation.EvoClassLoader loadClass
INFO: Seeing class for first time: org.mozilla.javascript.CompilerEnvirons
Aug 08, 2018 12:09:10 AM org.evosuite.runtime.instrumentation.EvoClassLoader instrumentClass
INFO: Instrumenting class 'org.mozilla.javascript.CompilerEnvirons'.
Aug 08, 2018 12:09:10 AM org.evosuite.runtime.instrumentation.MethodCallReplacementClassAdapter visit
INFO: Adding mock interface to class org/mozilla/javascript/CompilerEnvirons
Aug 08, 2018 12:09:10 AM org.evosuite.runtime.instrumentation.CreateClassResetClassAdapter createEmptyStaticReset
INFO: Creating brand-new static initializer in class org/mozilla/javascript/CompilerEnvirons
Aug 08, 2018 12:09:10 AM org.evosuite.runtime.instrumentation.EvoClassLoader instrumentClass
INFO: Keeping class: org.mozilla.javascript.CompilerEnvirons
Aug 08, 2018 12:09:10 AM org.evosuite.runtime.instrumentation.EvoClassLoader loadClass
INFO: Seeing class for first time: org.mozilla.javascript.SecurityUtilities
Aug 08, 2018 12:09:10 AM org.evosuite.runtime.instrumentation.EvoClassLoader instrumentClass
INFO: Instrumenting class 'org.mozilla.javascript.SecurityUtilities'.
Aug 08, 2018 12:09:10 AM org.evosuite.runtime.instrumentation.MethodCallReplacementClassAdapter visit
INFO: Adding mock interface to class org/mozilla/javascript/SecurityUtilities
Aug 08, 2018 12:09:10 AM org.evosuite.runtime.instrumentation.CreateClassResetClassAdapter createEmptyStaticReset
INFO: Creating brand-new static initializer in class org/mozilla/javascript/SecurityUtilities
Aug 08, 2018 12:09:10 AM org.evosuite.runtime.instrumentation.EvoClassLoader instrumentClass
INFO: Keeping class: org.mozilla.javascript.SecurityUtilities
Aug 08, 2018 12:09:10 AM org.evosuite.runtime.instrumentation.EvoClassLoader loadClass
INFO: Seeing class for first time: org.mozilla.classfile.ClassFileField
Aug 08, 2018 12:09:10 AM org.evosuite.runtime.instrumentation.EvoClassLoader instrumentClass
INFO: Instrumenting class 'org.mozilla.classfile.ClassFileField'.
Aug 08, 2018 12:09:10 AM org.evosuite.runtime.instrumentation.MethodCallReplacementClassAdapter visit
INFO: Adding mock interface to class org/mozilla/classfile/ClassFileField
Aug 08, 2018 12:09:10 AM org.evosuite.runtime.instrumentation.CreateClassResetClassAdapter createEmptyStaticReset
INFO: Creating brand-new static initializer in class org/mozilla/classfile/ClassFileField
Aug 08, 2018 12:09:10 AM org.evosuite.runtime.instrumentation.EvoClassLoader instrumentClass
INFO: Keeping class: org.mozilla.classfile.ClassFileField
Aug 08, 2018 12:09:11 AM org.evosuite.runtime.thread.ThreadStopper killAndJoinClientThreads
INFO: Found new thread
Aug 08, 2018 12:09:11 AM org.evosuite.runtime.instrumentation.EvoClassLoader loadClass
INFO: Seeing class for first time: org.mozilla.javascript.VMBridge_custom
Aug 08, 2018 12:09:11 AM org.evosuite.runtime.instrumentation.EvoClassLoader instrumentClass
INFO: Instrumenting class 'org.mozilla.javascript.VMBridge_custom'.
Aug 08, 2018 12:09:11 AM org.evosuite.runtime.instrumentation.EvoClassLoader instrumentClass
INFO: Error while loading class: java.lang.ClassNotFoundException: Class 'org/mozilla/javascript/VMBridge_custom.class' should be in target project, but could not be found!
Aug 08, 2018 12:09:11 AM org.evosuite.runtime.thread.ThreadStopper killAndJoinClientThreads
INFO: Found new thread
Aug 08, 2018 12:09:11 AM org.evosuite.runtime.instrumentation.EvoClassLoader loadClass
INFO: Seeing class for first time: org.mozilla.javascript.VMBridge_custom
Aug 08, 2018 12:09:11 AM org.evosuite.runtime.instrumentation.EvoClassLoader instrumentClass
INFO: Instrumenting class 'org.mozilla.javascript.VMBridge_custom'.
Aug 08, 2018 12:09:11 AM org.evosuite.runtime.instrumentation.EvoClassLoader instrumentClass
INFO: Error while loading class: java.lang.ClassNotFoundException: Class 'org/mozilla/javascript/VMBridge_custom.class' should be in target project, but could not be found!
Aug 08, 2018 12:09:11 AM org.evosuite.runtime.thread.ThreadStopper killAndJoinClientThreads
INFO: Found new thread
Aug 08, 2018 12:09:11 AM org.evosuite.runtime.instrumentation.EvoClassLoader loadClass
INFO: Seeing class for first time: org.mozilla.javascript.VMBridge_custom
Aug 08, 2018 12:09:11 AM org.evosuite.runtime.instrumentation.EvoClassLoader instrumentClass
INFO: Instrumenting class 'org.mozilla.javascript.VMBridge_custom'.
Aug 08, 2018 12:09:11 AM org.evosuite.runtime.instrumentation.EvoClassLoader instrumentClass
INFO: Error while loading class: java.lang.ClassNotFoundException: Class 'org/mozilla/javascript/VMBridge_custom.class' should be in target project, but could not be found!
Aug 08, 2018 12:09:11 AM org.evosuite.runtime.thread.ThreadStopper killAndJoinClientThreads
INFO: Found new thread
Aug 08, 2018 12:09:11 AM org.evosuite.runtime.instrumentation.EvoClassLoader loadClass
INFO: Seeing class for first time: org.mozilla.javascript.VMBridge_custom
Aug 08, 2018 12:09:11 AM org.evosuite.runtime.instrumentation.EvoClassLoader instrumentClass
INFO: Instrumenting class 'org.mozilla.javascript.VMBridge_custom'.
Aug 08, 2018 12:09:11 AM org.evosuite.runtime.instrumentation.EvoClassLoader instrumentClass
INFO: Error while loading class: java.lang.ClassNotFoundException: Class 'org/mozilla/javascript/VMBridge_custom.class' should be in target project, but could not be found!
Aug 08, 2018 12:09:11 AM org.evosuite.runtime.thread.ThreadStopper killAndJoinClientThreads
INFO: Found new thread
Aug 08, 2018 12:09:11 AM org.evosuite.runtime.instrumentation.EvoClassLoader loadClass
INFO: Seeing class for first time: org.mozilla.javascript.VMBridge_custom
Aug 08, 2018 12:09:11 AM org.evosuite.runtime.instrumentation.EvoClassLoader instrumentClass
INFO: Instrumenting class 'org.mozilla.javascript.VMBridge_custom'.
Aug 08, 2018 12:09:11 AM org.evosuite.runtime.instrumentation.EvoClassLoader instrumentClass
INFO: Error while loading class: java.lang.ClassNotFoundException: Class 'org/mozilla/javascript/VMBridge_custom.class' should be in target project, but could not be found!
Aug 08, 2018 12:09:11 AM org.evosuite.runtime.thread.ThreadStopper killAndJoinClientThreads
INFO: Found new thread
Aug 08, 2018 12:09:11 AM org.evosuite.runtime.instrumentation.EvoClassLoader loadClass
INFO: Seeing class for first time: org.mozilla.javascript.VMBridge_custom
Aug 08, 2018 12:09:11 AM org.evosuite.runtime.instrumentation.EvoClassLoader instrumentClass
INFO: Instrumenting class 'org.mozilla.javascript.VMBridge_custom'.
Aug 08, 2018 12:09:11 AM org.evosuite.runtime.instrumentation.EvoClassLoader instrumentClass
INFO: Error while loading class: java.lang.ClassNotFoundException: Class 'org/mozilla/javascript/VMBridge_custom.class' should be in target project, but could not be found!
Aug 08, 2018 12:09:11 AM org.evosuite.runtime.thread.ThreadStopper killAndJoinClientThreads
INFO: Found new thread
Aug 08, 2018 12:09:11 AM org.evosuite.runtime.instrumentation.EvoClassLoader loadClass
INFO: Seeing class for first time: org.mozilla.javascript.VMBridge_custom
Aug 08, 2018 12:09:11 AM org.evosuite.runtime.instrumentation.EvoClassLoader instrumentClass
INFO: Instrumenting class 'org.mozilla.javascript.VMBridge_custom'.
Aug 08, 2018 12:09:11 AM org.evosuite.runtime.instrumentation.EvoClassLoader instrumentClass
INFO: Error while loading class: java.lang.ClassNotFoundException: Class 'org/mozilla/javascript/VMBridge_custom.class' should be in target project, but could not be found!
Aug 08, 2018 12:09:11 AM org.evosuite.runtime.thread.ThreadStopper killAndJoinClientThreads
INFO: Found new thread
Aug 08, 2018 12:09:11 AM org.evosuite.runtime.instrumentation.EvoClassLoader loadClass
INFO: Seeing class for first time: org.mozilla.javascript.VMBridge_custom
Aug 08, 2018 12:09:11 AM org.evosuite.runtime.instrumentation.EvoClassLoader instrumentClass
INFO: Instrumenting class 'org.mozilla.javascript.VMBridge_custom'.
Aug 08, 2018 12:09:11 AM org.evosuite.runtime.instrumentation.EvoClassLoader instrumentClass
INFO: Error while loading class: java.lang.ClassNotFoundException: Class 'org/mozilla/javascript/VMBridge_custom.class' should be in target project, but could not be found!
Aug 08, 2018 12:09:11 AM org.evosuite.runtime.instrumentation.EvoClassLoader loadClass
INFO: Seeing class for first time: org.mozilla.javascript.VMBridge_custom
Aug 08, 2018 12:09:11 AM org.evosuite.runtime.instrumentation.EvoClassLoader instrumentClass
INFO: Instrumenting class 'org.mozilla.javascript.VMBridge_custom'.
Aug 08, 2018 12:09:11 AM org.evosuite.runtime.instrumentation.EvoClassLoader instrumentClass
INFO: Error while loading class: java.lang.ClassNotFoundException: Class 'org/mozilla/javascript/VMBridge_custom.class' should be in target project, but could not be found!
Aug 08, 2018 12:09:11 AM org.evosuite.runtime.instrumentation.EvoClassLoader loadClass
INFO: Seeing class for first time: org.mozilla.javascript.resources.Messages
Aug 08, 2018 12:09:11 AM org.evosuite.runtime.instrumentation.EvoClassLoader instrumentClass
INFO: Instrumenting class 'org.mozilla.javascript.resources.Messages'.
Aug 08, 2018 12:09:11 AM org.evosuite.runtime.instrumentation.EvoClassLoader instrumentClass
INFO: Error while loading class: java.lang.ClassNotFoundException: Class 'org/mozilla/javascript/resources/Messages.class' should be in target project, but could not be found!
Aug 08, 2018 12:09:11 AM org.evosuite.runtime.instrumentation.EvoClassLoader loadClass
INFO: Seeing class for first time: org.mozilla.javascript.resources.Messages_en
Aug 08, 2018 12:09:11 AM org.evosuite.runtime.instrumentation.EvoClassLoader instrumentClass
INFO: Instrumenting class 'org.mozilla.javascript.resources.Messages_en'.
Aug 08, 2018 12:09:11 AM org.evosuite.runtime.instrumentation.EvoClassLoader instrumentClass
INFO: Error while loading class: java.lang.ClassNotFoundException: Class 'org/mozilla/javascript/resources/Messages_en.class' should be in target project, but could not be found!
Aug 08, 2018 12:09:11 AM org.evosuite.runtime.thread.ThreadStopper killAndJoinClientThreads
INFO: Found new thread
Aug 08, 2018 12:09:11 AM org.evosuite.runtime.instrumentation.EvoClassLoader loadClass
INFO: Seeing class for first time: org.mozilla.javascript.VMBridge_custom
Aug 08, 2018 12:09:11 AM org.evosuite.runtime.instrumentation.EvoClassLoader instrumentClass
INFO: Instrumenting class 'org.mozilla.javascript.VMBridge_custom'.
Aug 08, 2018 12:09:11 AM org.evosuite.runtime.instrumentation.EvoClassLoader instrumentClass
INFO: Error while loading class: java.lang.ClassNotFoundException: Class 'org/mozilla/javascript/VMBridge_custom.class' should be in target project, but could not be found!
Aug 08, 2018 12:09:11 AM org.evosuite.runtime.thread.ThreadStopper killAndJoinClientThreads
INFO: Found new thread
Aug 08, 2018 12:09:11 AM org.evosuite.runtime.instrumentation.EvoClassLoader loadClass
INFO: Seeing class for first time: org.mozilla.javascript.VMBridge_custom
Aug 08, 2018 12:09:12 AM org.evosuite.runtime.instrumentation.EvoClassLoader instrumentClass
INFO: Instrumenting class 'org.mozilla.javascript.VMBridge_custom'.
Aug 08, 2018 12:09:12 AM org.evosuite.runtime.instrumentation.EvoClassLoader instrumentClass
INFO: Error while loading class: java.lang.ClassNotFoundException: Class 'org/mozilla/javascript/VMBridge_custom.class' should be in target project, but could not be found!
Aug 08, 2018 12:09:12 AM org.evosuite.runtime.thread.ThreadStopper killAndJoinClientThreads
INFO: Found new thread
Aug 08, 2018 12:09:12 AM org.evosuite.runtime.instrumentation.EvoClassLoader loadClass
INFO: Seeing class for first time: org.mozilla.javascript.VMBridge_custom
Aug 08, 2018 12:09:12 AM org.evosuite.runtime.instrumentation.EvoClassLoader instrumentClass
INFO: Instrumenting class 'org.mozilla.javascript.VMBridge_custom'.
Aug 08, 2018 12:09:12 AM org.evosuite.runtime.instrumentation.EvoClassLoader instrumentClass
INFO: Error while loading class: java.lang.ClassNotFoundException: Class 'org/mozilla/javascript/VMBridge_custom.class' should be in target project, but could not be found!
Aug 08, 2018 12:09:12 AM org.evosuite.runtime.thread.ThreadStopper killAndJoinClientThreads
INFO: Found new thread
Aug 08, 2018 12:09:12 AM org.evosuite.runtime.instrumentation.EvoClassLoader loadClass
INFO: Seeing class for first time: org.mozilla.javascript.VMBridge_custom
Aug 08, 2018 12:09:12 AM org.evosuite.runtime.instrumentation.EvoClassLoader instrumentClass
INFO: Instrumenting class 'org.mozilla.javascript.VMBridge_custom'.
Aug 08, 2018 12:09:12 AM org.evosuite.runtime.instrumentation.EvoClassLoader instrumentClass
INFO: Error while loading class: java.lang.ClassNotFoundException: Class 'org/mozilla/javascript/VMBridge_custom.class' should be in target project, but could not be found!
Aug 08, 2018 12:09:12 AM org.evosuite.runtime.instrumentation.EvoClassLoader loadClass
INFO: Seeing class for first time: org.mozilla.javascript.VMBridge_custom
Aug 08, 2018 12:09:12 AM org.evosuite.runtime.instrumentation.EvoClassLoader instrumentClass
INFO: Instrumenting class 'org.mozilla.javascript.VMBridge_custom'.
Aug 08, 2018 12:09:12 AM org.evosuite.runtime.instrumentation.EvoClassLoader instrumentClass
INFO: Error while loading class: java.lang.ClassNotFoundException: Class 'org/mozilla/javascript/VMBridge_custom.class' should be in target project, but could not be found!
Aug 08, 2018 12:09:12 AM org.evosuite.runtime.thread.ThreadStopper killAndJoinClientThreads
INFO: Found new thread
Aug 08, 2018 12:09:12 AM org.evosuite.runtime.instrumentation.EvoClassLoader loadClass
INFO: Seeing class for first time: org.mozilla.javascript.VMBridge_custom
Aug 08, 2018 12:09:12 AM org.evosuite.runtime.instrumentation.EvoClassLoader instrumentClass
INFO: Instrumenting class 'org.mozilla.javascript.VMBridge_custom'.
Aug 08, 2018 12:09:12 AM org.evosuite.runtime.instrumentation.EvoClassLoader instrumentClass
INFO: Error while loading class: java.lang.ClassNotFoundException: Class 'org/mozilla/javascript/VMBridge_custom.class' should be in target project, but could not be found!
Aug 08, 2018 12:09:12 AM org.evosuite.runtime.thread.ThreadStopper killAndJoinClientThreads
INFO: Found new thread
Aug 08, 2018 12:09:12 AM org.evosuite.runtime.instrumentation.EvoClassLoader loadClass
INFO: Seeing class for first time: org.mozilla.javascript.VMBridge_custom
Aug 08, 2018 12:09:12 AM org.evosuite.runtime.instrumentation.EvoClassLoader instrumentClass
INFO: Instrumenting class 'org.mozilla.javascript.VMBridge_custom'.
Aug 08, 2018 12:09:12 AM org.evosuite.runtime.instrumentation.EvoClassLoader instrumentClass
INFO: Error while loading class: java.lang.ClassNotFoundException: Class 'org/mozilla/javascript/VMBridge_custom.class' should be in target project, but could not be found!
Aug 08, 2018 12:09:13 AM org.evosuite.runtime.instrumentation.EvoClassLoader loadClass
INFO: Seeing class for first time: org.mozilla.javascript.VMBridge_custom
Aug 08, 2018 12:09:13 AM org.evosuite.runtime.instrumentation.EvoClassLoader instrumentClass
INFO: Instrumenting class 'org.mozilla.javascript.VMBridge_custom'.
Aug 08, 2018 12:09:13 AM org.evosuite.runtime.instrumentation.EvoClassLoader instrumentClass
INFO: Error while loading class: java.lang.ClassNotFoundException: Class 'org/mozilla/javascript/VMBridge_custom.class' should be in target project, but could not be found!
Aug 08, 2018 12:09:13 AM org.evosuite.runtime.thread.ThreadStopper killAndJoinClientThreads
INFO: Found new thread
Aug 08, 2018 12:09:13 AM org.evosuite.runtime.instrumentation.EvoClassLoader loadClass
INFO: Seeing class for first time: org.mozilla.javascript.VMBridge_custom
Aug 08, 2018 12:09:13 AM org.evosuite.runtime.instrumentation.EvoClassLoader instrumentClass
INFO: Instrumenting class 'org.mozilla.javascript.VMBridge_custom'.
Aug 08, 2018 12:09:13 AM org.evosuite.runtime.instrumentation.EvoClassLoader instrumentClass
INFO: Error while loading class: java.lang.ClassNotFoundException: Class 'org/mozilla/javascript/VMBridge_custom.class' should be in target project, but could not be found!
Aug 08, 2018 12:09:13 AM org.evosuite.runtime.thread.ThreadStopper killAndJoinClientThreads
INFO: Found new thread
Aug 08, 2018 12:09:13 AM org.evosuite.runtime.instrumentation.EvoClassLoader loadClass
INFO: Seeing class for first time: org.mozilla.javascript.VMBridge_custom
Aug 08, 2018 12:09:13 AM org.evosuite.runtime.instrumentation.EvoClassLoader instrumentClass
INFO: Instrumenting class 'org.mozilla.javascript.VMBridge_custom'.
Aug 08, 2018 12:09:13 AM org.evosuite.runtime.instrumentation.EvoClassLoader instrumentClass
INFO: Error while loading class: java.lang.ClassNotFoundException: Class 'org/mozilla/javascript/VMBridge_custom.class' should be in target project, but could not be found!
Aug 08, 2018 12:09:13 AM org.evosuite.runtime.thread.ThreadStopper killAndJoinClientThreads
INFO: Found new thread
Aug 08, 2018 12:09:13 AM org.evosuite.runtime.instrumentation.EvoClassLoader loadClass
INFO: Seeing class for first time: org.mozilla.javascript.VMBridge_custom
Aug 08, 2018 12:09:13 AM org.evosuite.runtime.instrumentation.EvoClassLoader instrumentClass
INFO: Instrumenting class 'org.mozilla.javascript.VMBridge_custom'.
Aug 08, 2018 12:09:13 AM org.evosuite.runtime.instrumentation.EvoClassLoader instrumentClass
INFO: Error while loading class: java.lang.ClassNotFoundException: Class 'org/mozilla/javascript/VMBridge_custom.class' should be in target project, but could not be found!
Aug 08, 2018 12:09:13 AM org.evosuite.runtime.thread.ThreadStopper killAndJoinClientThreads
INFO: Found new thread
Aug 08, 2018 12:09:13 AM org.evosuite.runtime.instrumentation.EvoClassLoader loadClass
INFO: Seeing class for first time: org.mozilla.javascript.VMBridge_custom
Aug 08, 2018 12:09:13 AM org.evosuite.runtime.instrumentation.EvoClassLoader instrumentClass
INFO: Instrumenting class 'org.mozilla.javascript.VMBridge_custom'.
Aug 08, 2018 12:09:13 AM org.evosuite.runtime.instrumentation.EvoClassLoader instrumentClass
INFO: Error while loading class: java.lang.ClassNotFoundException: Class 'org/mozilla/javascript/VMBridge_custom.class' should be in target project, but could not be found!
Aug 08, 2018 12:09:13 AM org.evosuite.runtime.thread.ThreadStopper killAndJoinClientThreads
INFO: Found new thread
Aug 08, 2018 12:09:13 AM org.evosuite.runtime.instrumentation.EvoClassLoader loadClass
INFO: Seeing class for first time: org.mozilla.javascript.VMBridge_custom
Aug 08, 2018 12:09:13 AM org.evosuite.runtime.instrumentation.EvoClassLoader instrumentClass
INFO: Instrumenting class 'org.mozilla.javascript.VMBridge_custom'.
Aug 08, 2018 12:09:13 AM org.evosuite.runtime.instrumentation.EvoClassLoader instrumentClass
INFO: Error while loading class: java.lang.ClassNotFoundException: Class 'org/mozilla/javascript/VMBridge_custom.class' should be in target project, but could not be found!
Aug 08, 2018 12:09:13 AM org.evosuite.runtime.thread.ThreadStopper killAndJoinClientThreads
INFO: Found new thread
Aug 08, 2018 12:09:13 AM org.evosuite.runtime.instrumentation.EvoClassLoader loadClass
INFO: Seeing class for first time: org.mozilla.javascript.VMBridge_custom
Aug 08, 2018 12:09:13 AM org.evosuite.runtime.instrumentation.EvoClassLoader instrumentClass
INFO: Instrumenting class 'org.mozilla.javascript.VMBridge_custom'.
Aug 08, 2018 12:09:13 AM org.evosuite.runtime.instrumentation.EvoClassLoader instrumentClass
INFO: Error while loading class: java.lang.ClassNotFoundException: Class 'org/mozilla/javascript/VMBridge_custom.class' should be in target project, but could not be found!
Aug 08, 2018 12:09:13 AM org.evosuite.runtime.thread.ThreadStopper killAndJoinClientThreads
INFO: Found new thread
Aug 08, 2018 12:09:13 AM org.evosuite.runtime.instrumentation.EvoClassLoader loadClass
INFO: Seeing class for first time: org.mozilla.javascript.VMBridge_custom
Aug 08, 2018 12:09:13 AM org.evosuite.runtime.instrumentation.EvoClassLoader instrumentClass
INFO: Instrumenting class 'org.mozilla.javascript.VMBridge_custom'.
Aug 08, 2018 12:09:13 AM org.evosuite.runtime.instrumentation.EvoClassLoader instrumentClass
INFO: Error while loading class: java.lang.ClassNotFoundException: Class 'org/mozilla/javascript/VMBridge_custom.class' should be in target project, but could not be found!
Aug 08, 2018 12:09:13 AM org.evosuite.runtime.instrumentation.EvoClassLoader loadClass
INFO: Seeing class for first time: org.mozilla.javascript.VMBridge_custom
Aug 08, 2018 12:09:13 AM org.evosuite.runtime.instrumentation.EvoClassLoader instrumentClass
INFO: Instrumenting class 'org.mozilla.javascript.VMBridge_custom'.
Aug 08, 2018 12:09:13 AM org.evosuite.runtime.instrumentation.EvoClassLoader instrumentClass
INFO: Error while loading class: java.lang.ClassNotFoundException: Class 'org/mozilla/javascript/VMBridge_custom.class' should be in target project, but could not be found!
Aug 08, 2018 12:09:13 AM org.evosuite.runtime.thread.ThreadStopper killAndJoinClientThreads
INFO: Found new thread
Aug 08, 2018 12:09:13 AM org.evosuite.runtime.instrumentation.EvoClassLoader loadClass
INFO: Seeing class for first time: org.mozilla.javascript.VMBridge_custom
Aug 08, 2018 12:09:13 AM org.evosuite.runtime.instrumentation.EvoClassLoader instrumentClass
INFO: Instrumenting class 'org.mozilla.javascript.VMBridge_custom'.
Aug 08, 2018 12:09:13 AM org.evosuite.runtime.instrumentation.EvoClassLoader instrumentClass
INFO: Error while loading class: java.lang.ClassNotFoundException: Class 'org/mozilla/javascript/VMBridge_custom.class' should be in target project, but could not be found!
Aug 08, 2018 12:09:13 AM org.evosuite.runtime.thread.ThreadStopper killAndJoinClientThreads
INFO: Found new thread
Aug 08, 2018 12:09:13 AM org.evosuite.runtime.instrumentation.EvoClassLoader loadClass
INFO: Seeing class for first time: org.mozilla.javascript.VMBridge_custom
Aug 08, 2018 12:09:13 AM org.evosuite.runtime.instrumentation.EvoClassLoader instrumentClass
INFO: Instrumenting class 'org.mozilla.javascript.VMBridge_custom'.
Aug 08, 2018 12:09:13 AM org.evosuite.runtime.instrumentation.EvoClassLoader instrumentClass
INFO: Error while loading class: java.lang.ClassNotFoundException: Class 'org/mozilla/javascript/VMBridge_custom.class' should be in target project, but could not be found!
Aug 08, 2018 12:09:13 AM org.evosuite.runtime.thread.ThreadStopper killAndJoinClientThreads
INFO: Found new thread
Aug 08, 2018 12:09:13 AM org.evosuite.runtime.instrumentation.EvoClassLoader loadClass
INFO: Seeing class for first time: org.mozilla.javascript.VMBridge_custom
Aug 08, 2018 12:09:13 AM org.evosuite.runtime.instrumentation.EvoClassLoader instrumentClass
INFO: Instrumenting class 'org.mozilla.javascript.VMBridge_custom'.
Aug 08, 2018 12:09:13 AM org.evosuite.runtime.instrumentation.EvoClassLoader instrumentClass
INFO: Error while loading class: java.lang.ClassNotFoundException: Class 'org/mozilla/javascript/VMBridge_custom.class' should be in target project, but could not be found!
Aug 08, 2018 12:09:14 AM org.evosuite.runtime.thread.ThreadStopper killAndJoinClientThreads
INFO: Found new thread
Aug 08, 2018 12:09:14 AM org.evosuite.runtime.instrumentation.EvoClassLoader loadClass
INFO: Seeing class for first time: org.mozilla.javascript.VMBridge_custom
Aug 08, 2018 12:09:14 AM org.evosuite.runtime.instrumentation.EvoClassLoader instrumentClass
INFO: Instrumenting class 'org.mozilla.javascript.VMBridge_custom'.
Aug 08, 2018 12:09:14 AM org.evosuite.runtime.instrumentation.EvoClassLoader instrumentClass
INFO: Error while loading class: java.lang.ClassNotFoundException: Class 'org/mozilla/javascript/VMBridge_custom.class' should be in target project, but could not be found!
Aug 08, 2018 12:09:14 AM org.evosuite.runtime.thread.ThreadStopper killAndJoinClientThreads
INFO: Found new thread
Aug 08, 2018 12:09:14 AM org.evosuite.runtime.instrumentation.EvoClassLoader loadClass
INFO: Seeing class for first time: org.mozilla.javascript.VMBridge_custom
Aug 08, 2018 12:09:14 AM org.evosuite.runtime.instrumentation.EvoClassLoader instrumentClass
INFO: Instrumenting class 'org.mozilla.javascript.VMBridge_custom'.
Aug 08, 2018 12:09:14 AM org.evosuite.runtime.instrumentation.EvoClassLoader instrumentClass
INFO: Error while loading class: java.lang.ClassNotFoundException: Class 'org/mozilla/javascript/VMBridge_custom.class' should be in target project, but could not be found!
Aug 08, 2018 12:09:14 AM org.evosuite.runtime.thread.ThreadStopper killAndJoinClientThreads
INFO: Found new thread
Aug 08, 2018 12:09:14 AM org.evosuite.runtime.instrumentation.EvoClassLoader loadClass
INFO: Seeing class for first time: org.mozilla.javascript.VMBridge_custom
Aug 08, 2018 12:09:14 AM org.evosuite.runtime.instrumentation.EvoClassLoader instrumentClass
INFO: Instrumenting class 'org.mozilla.javascript.VMBridge_custom'.
Aug 08, 2018 12:09:14 AM org.evosuite.runtime.instrumentation.EvoClassLoader instrumentClass
INFO: Error while loading class: java.lang.ClassNotFoundException: Class 'org/mozilla/javascript/VMBridge_custom.class' should be in target project, but could not be found!
Aug 08, 2018 12:09:14 AM org.evosuite.runtime.thread.ThreadStopper killAndJoinClientThreads
INFO: Found new thread
Aug 08, 2018 12:09:14 AM org.evosuite.runtime.instrumentation.EvoClassLoader loadClass
INFO: Seeing class for first time: org.mozilla.javascript.VMBridge_custom
Aug 08, 2018 12:09:14 AM org.evosuite.runtime.instrumentation.EvoClassLoader instrumentClass
INFO: Instrumenting class 'org.mozilla.javascript.VMBridge_custom'.
Aug 08, 2018 12:09:14 AM org.evosuite.runtime.instrumentation.EvoClassLoader instrumentClass
INFO: Error while loading class: java.lang.ClassNotFoundException: Class 'org/mozilla/javascript/VMBridge_custom.class' should be in target project, but could not be found!
Aug 08, 2018 12:09:14 AM org.evosuite.runtime.thread.ThreadStopper killAndJoinClientThreads
INFO: Found new thread
Aug 08, 2018 12:09:14 AM org.evosuite.runtime.instrumentation.EvoClassLoader loadClass
INFO: Seeing class for first time: org.mozilla.javascript.VMBridge_custom
Aug 08, 2018 12:09:14 AM org.evosuite.runtime.instrumentation.EvoClassLoader instrumentClass
INFO: Instrumenting class 'org.mozilla.javascript.VMBridge_custom'.
Aug 08, 2018 12:09:14 AM org.evosuite.runtime.instrumentation.EvoClassLoader instrumentClass
INFO: Error while loading class: java.lang.ClassNotFoundException: Class 'org/mozilla/javascript/VMBridge_custom.class' should be in target project, but could not be found!
Aug 08, 2018 12:09:14 AM org.evosuite.runtime.thread.ThreadStopper killAndJoinClientThreads
INFO: Found new thread
Aug 08, 2018 12:09:14 AM org.evosuite.runtime.instrumentation.EvoClassLoader loadClass
INFO: Seeing class for first time: org.mozilla.javascript.VMBridge_custom
Aug 08, 2018 12:09:14 AM org.evosuite.runtime.instrumentation.EvoClassLoader instrumentClass
INFO: Instrumenting class 'org.mozilla.javascript.VMBridge_custom'.
Aug 08, 2018 12:09:14 AM org.evosuite.runtime.instrumentation.EvoClassLoader instrumentClass
INFO: Error while loading class: java.lang.ClassNotFoundException: Class 'org/mozilla/javascript/VMBridge_custom.class' should be in target project, but could not be found!
Aug 08, 2018 12:09:14 AM org.evosuite.runtime.thread.ThreadStopper killAndJoinClientThreads
INFO: Found new thread
Aug 08, 2018 12:09:14 AM org.evosuite.runtime.instrumentation.EvoClassLoader loadClass
INFO: Seeing class for first time: org.mozilla.javascript.VMBridge_custom
Aug 08, 2018 12:09:14 AM org.evosuite.runtime.instrumentation.EvoClassLoader instrumentClass
INFO: Instrumenting class 'org.mozilla.javascript.VMBridge_custom'.
Aug 08, 2018 12:09:14 AM org.evosuite.runtime.instrumentation.EvoClassLoader instrumentClass
INFO: Error while loading class: java.lang.ClassNotFoundException: Class 'org/mozilla/javascript/VMBridge_custom.class' should be in target project, but could not be found!
Aug 08, 2018 12:09:14 AM org.evosuite.runtime.thread.ThreadStopper killAndJoinClientThreads
INFO: Found new thread
Aug 08, 2018 12:09:14 AM org.evosuite.runtime.instrumentation.EvoClassLoader loadClass
INFO: Seeing class for first time: org.mozilla.javascript.VMBridge_custom
Aug 08, 2018 12:09:14 AM org.evosuite.runtime.instrumentation.EvoClassLoader instrumentClass
INFO: Instrumenting class 'org.mozilla.javascript.VMBridge_custom'.
Aug 08, 2018 12:09:14 AM org.evosuite.runtime.instrumentation.EvoClassLoader instrumentClass
INFO: Error while loading class: java.lang.ClassNotFoundException: Class 'org/mozilla/javascript/VMBridge_custom.class' should be in target project, but could not be found!
Aug 08, 2018 12:09:14 AM org.evosuite.runtime.thread.ThreadStopper killAndJoinClientThreads
INFO: Found new thread
Aug 08, 2018 12:09:14 AM org.evosuite.runtime.instrumentation.EvoClassLoader loadClass
INFO: Seeing class for first time: org.mozilla.javascript.VMBridge_custom
Aug 08, 2018 12:09:14 AM org.evosuite.runtime.instrumentation.EvoClassLoader instrumentClass
INFO: Instrumenting class 'org.mozilla.javascript.VMBridge_custom'.
Aug 08, 2018 12:09:14 AM org.evosuite.runtime.instrumentation.EvoClassLoader instrumentClass
INFO: Error while loading class: java.lang.ClassNotFoundException: Class 'org/mozilla/javascript/VMBridge_custom.class' should be in target project, but could not be found!
Aug 08, 2018 12:09:14 AM org.evosuite.runtime.thread.ThreadStopper killAndJoinClientThreads
INFO: Found new thread
Aug 08, 2018 12:09:14 AM org.evosuite.runtime.instrumentation.EvoClassLoader loadClass
INFO: Seeing class for first time: org.mozilla.javascript.VMBridge_custom
Aug 08, 2018 12:09:14 AM org.evosuite.runtime.instrumentation.EvoClassLoader instrumentClass
INFO: Instrumenting class 'org.mozilla.javascript.VMBridge_custom'.
Aug 08, 2018 12:09:14 AM org.evosuite.runtime.instrumentation.EvoClassLoader instrumentClass
INFO: Error while loading class: java.lang.ClassNotFoundException: Class 'org/mozilla/javascript/VMBridge_custom.class' should be in target project, but could not be found!
Aug 08, 2018 12:09:14 AM org.evosuite.runtime.instrumentation.EvoClassLoader loadClass
INFO: Seeing class for first time: org.mozilla.javascript.VMBridge_custom
Aug 08, 2018 12:09:14 AM org.evosuite.runtime.instrumentation.EvoClassLoader instrumentClass
INFO: Instrumenting class 'org.mozilla.javascript.VMBridge_custom'.
Aug 08, 2018 12:09:14 AM org.evosuite.runtime.instrumentation.EvoClassLoader instrumentClass
INFO: Error while loading class: java.lang.ClassNotFoundException: Class 'org/mozilla/javascript/VMBridge_custom.class' should be in target project, but could not be found!
Aug 08, 2018 12:09:14 AM org.evosuite.runtime.thread.ThreadStopper killAndJoinClientThreads
INFO: Found new thread
Aug 08, 2018 12:09:14 AM org.evosuite.runtime.instrumentation.EvoClassLoader loadClass
INFO: Seeing class for first time: org.mozilla.javascript.VMBridge_custom
Aug 08, 2018 12:09:14 AM org.evosuite.runtime.instrumentation.EvoClassLoader instrumentClass
INFO: Instrumenting class 'org.mozilla.javascript.VMBridge_custom'.
Aug 08, 2018 12:09:14 AM org.evosuite.runtime.instrumentation.EvoClassLoader instrumentClass
INFO: Error while loading class: java.lang.ClassNotFoundException: Class 'org/mozilla/javascript/VMBridge_custom.class' should be in target project, but could not be found!
Aug 08, 2018 12:09:14 AM org.evosuite.runtime.thread.ThreadStopper killAndJoinClientThreads
INFO: Found new thread
Aug 08, 2018 12:09:14 AM org.evosuite.runtime.instrumentation.EvoClassLoader loadClass
INFO: Seeing class for first time: org.mozilla.javascript.VMBridge_custom
Aug 08, 2018 12:09:14 AM org.evosuite.runtime.instrumentation.EvoClassLoader instrumentClass
INFO: Instrumenting class 'org.mozilla.javascript.VMBridge_custom'.
Aug 08, 2018 12:09:14 AM org.evosuite.runtime.instrumentation.EvoClassLoader instrumentClass
INFO: Error while loading class: java.lang.ClassNotFoundException: Class 'org/mozilla/javascript/VMBridge_custom.class' should be in target project, but could not be found!
Aug 08, 2018 12:09:14 AM org.evosuite.runtime.thread.ThreadStopper killAndJoinClientThreads
INFO: Found new thread
Aug 08, 2018 12:09:14 AM org.evosuite.runtime.instrumentation.EvoClassLoader loadClass
INFO: Seeing class for first time: org.mozilla.javascript.VMBridge_custom
Aug 08, 2018 12:09:14 AM org.evosuite.runtime.instrumentation.EvoClassLoader instrumentClass
INFO: Instrumenting class 'org.mozilla.javascript.VMBridge_custom'.
Aug 08, 2018 12:09:14 AM org.evosuite.runtime.instrumentation.EvoClassLoader instrumentClass
INFO: Error while loading class: java.lang.ClassNotFoundException: Class 'org/mozilla/javascript/VMBridge_custom.class' should be in target project, but could not be found!
Aug 08, 2018 12:09:14 AM org.evosuite.runtime.thread.ThreadStopper killAndJoinClientThreads
INFO: Found new thread
Aug 08, 2018 12:09:14 AM org.evosuite.runtime.instrumentation.EvoClassLoader loadClass
INFO: Seeing class for first time: org.mozilla.javascript.VMBridge_custom
Aug 08, 2018 12:09:14 AM org.evosuite.runtime.instrumentation.EvoClassLoader instrumentClass
INFO: Instrumenting class 'org.mozilla.javascript.VMBridge_custom'.
Aug 08, 2018 12:09:14 AM org.evosuite.runtime.instrumentation.EvoClassLoader instrumentClass
INFO: Error while loading class: java.lang.ClassNotFoundException: Class 'org/mozilla/javascript/VMBridge_custom.class' should be in target project, but could not be found!
Aug 08, 2018 12:09:14 AM org.evosuite.runtime.thread.ThreadStopper killAndJoinClientThreads
INFO: Found new thread
Aug 08, 2018 12:09:14 AM org.evosuite.runtime.instrumentation.EvoClassLoader loadClass
INFO: Seeing class for first time: org.mozilla.javascript.VMBridge_custom
Aug 08, 2018 12:09:14 AM org.evosuite.runtime.instrumentation.EvoClassLoader instrumentClass
INFO: Instrumenting class 'org.mozilla.javascript.VMBridge_custom'.
Aug 08, 2018 12:09:14 AM org.evosuite.runtime.instrumentation.EvoClassLoader instrumentClass
INFO: Error while loading class: java.lang.ClassNotFoundException: Class 'org/mozilla/javascript/VMBridge_custom.class' should be in target project, but could not be found!
Aug 08, 2018 12:09:14 AM org.evosuite.runtime.thread.ThreadStopper killAndJoinClientThreads
INFO: Found new thread
Aug 08, 2018 12:09:14 AM org.evosuite.runtime.instrumentation.EvoClassLoader loadClass
INFO: Seeing class for first time: org.mozilla.javascript.VMBridge_custom
Aug 08, 2018 12:09:14 AM org.evosuite.runtime.instrumentation.EvoClassLoader instrumentClass
INFO: Instrumenting class 'org.mozilla.javascript.VMBridge_custom'.
Aug 08, 2018 12:09:14 AM org.evosuite.runtime.instrumentation.EvoClassLoader instrumentClass
INFO: Error while loading class: java.lang.ClassNotFoundException: Class 'org/mozilla/javascript/VMBridge_custom.class' should be in target project, but could not be found!
Aug 08, 2018 12:09:14 AM org.evosuite.runtime.instrumentation.EvoClassLoader loadClass
INFO: Seeing class for first time: org.mozilla.javascript.VMBridge_custom
Aug 08, 2018 12:09:14 AM org.evosuite.runtime.instrumentation.EvoClassLoader instrumentClass
INFO: Instrumenting class 'org.mozilla.javascript.VMBridge_custom'.
Aug 08, 2018 12:09:14 AM org.evosuite.runtime.instrumentation.EvoClassLoader instrumentClass
INFO: Error while loading class: java.lang.ClassNotFoundException: Class 'org/mozilla/javascript/VMBridge_custom.class' should be in target project, but could not be found!
Aug 08, 2018 12:09:14 AM org.evosuite.runtime.instrumentation.EvoClassLoader loadClass
INFO: Seeing class for first time: org.mozilla.javascript.VMBridge_custom
Aug 08, 2018 12:09:14 AM org.evosuite.runtime.instrumentation.EvoClassLoader instrumentClass
INFO: Instrumenting class 'org.mozilla.javascript.VMBridge_custom'.
Aug 08, 2018 12:09:14 AM org.evosuite.runtime.instrumentation.EvoClassLoader instrumentClass
INFO: Error while loading class: java.lang.ClassNotFoundException: Class 'org/mozilla/javascript/VMBridge_custom.class' should be in target project, but could not be found!
Aug 08, 2018 12:09:15 AM org.evosuite.runtime.instrumentation.EvoClassLoader loadClass
INFO: Seeing class for first time: org.mozilla.javascript.VMBridge_custom
Aug 08, 2018 12:09:15 AM org.evosuite.runtime.instrumentation.EvoClassLoader instrumentClass
INFO: Instrumenting class 'org.mozilla.javascript.VMBridge_custom'.
Aug 08, 2018 12:09:15 AM org.evosuite.runtime.instrumentation.EvoClassLoader instrumentClass
INFO: Error while loading class: java.lang.ClassNotFoundException: Class 'org/mozilla/javascript/VMBridge_custom.class' should be in target project, but could not be found!
Aug 08, 2018 12:09:15 AM org.evosuite.runtime.instrumentation.EvoClassLoader loadClass
INFO: Seeing class for first time: org.mozilla.javascript.VMBridge_custom
Aug 08, 2018 12:09:15 AM org.evosuite.runtime.instrumentation.EvoClassLoader instrumentClass
INFO: Instrumenting class 'org.mozilla.javascript.VMBridge_custom'.
Aug 08, 2018 12:09:15 AM org.evosuite.runtime.instrumentation.EvoClassLoader instrumentClass
INFO: Error while loading class: java.lang.ClassNotFoundException: Class 'org/mozilla/javascript/VMBridge_custom.class' should be in target project, but could not be found!
Aug 08, 2018 12:09:15 AM org.evosuite.runtime.thread.ThreadStopper killAndJoinClientThreads
INFO: Found new thread
Aug 08, 2018 12:09:15 AM org.evosuite.runtime.instrumentation.EvoClassLoader loadClass
INFO: Seeing class for first time: org.mozilla.javascript.VMBridge_custom
Aug 08, 2018 12:09:15 AM org.evosuite.runtime.instrumentation.EvoClassLoader instrumentClass
INFO: Instrumenting class 'org.mozilla.javascript.VMBridge_custom'.
Aug 08, 2018 12:09:15 AM org.evosuite.runtime.instrumentation.EvoClassLoader instrumentClass
INFO: Error while loading class: java.lang.ClassNotFoundException: Class 'org/mozilla/javascript/VMBridge_custom.class' should be in target project, but could not be found!
Aug 08, 2018 12:09:15 AM org.evosuite.runtime.thread.ThreadStopper killAndJoinClientThreads
INFO: Found new thread
Aug 08, 2018 12:09:15 AM org.evosuite.runtime.instrumentation.EvoClassLoader loadClass
INFO: Seeing class for first time: org.mozilla.javascript.VMBridge_custom
Aug 08, 2018 12:09:15 AM org.evosuite.runtime.instrumentation.EvoClassLoader instrumentClass
INFO: Instrumenting class 'org.mozilla.javascript.VMBridge_custom'.
Aug 08, 2018 12:09:15 AM org.evosuite.runtime.instrumentation.EvoClassLoader instrumentClass
INFO: Error while loading class: java.lang.ClassNotFoundException: Class 'org/mozilla/javascript/VMBridge_custom.class' should be in target project, but could not be found!
Aug 08, 2018 12:09:15 AM org.evosuite.runtime.thread.ThreadStopper killAndJoinClientThreads
INFO: Found new thread
Aug 08, 2018 12:09:15 AM org.evosuite.runtime.instrumentation.EvoClassLoader loadClass
INFO: Seeing class for first time: org.mozilla.javascript.VMBridge_custom
Aug 08, 2018 12:09:15 AM org.evosuite.runtime.instrumentation.EvoClassLoader instrumentClass
INFO: Instrumenting class 'org.mozilla.javascript.VMBridge_custom'.
Aug 08, 2018 12:09:15 AM org.evosuite.runtime.instrumentation.EvoClassLoader instrumentClass
INFO: Error while loading class: java.lang.ClassNotFoundException: Class 'org/mozilla/javascript/VMBridge_custom.class' should be in target project, but could not be found!
Aug 08, 2018 12:09:15 AM org.evosuite.runtime.thread.ThreadStopper killAndJoinClientThreads
INFO: Found new thread
Aug 08, 2018 12:09:15 AM org.evosuite.runtime.instrumentation.EvoClassLoader loadClass
INFO: Seeing class for first time: org.mozilla.javascript.VMBridge_custom
Aug 08, 2018 12:09:15 AM org.evosuite.runtime.instrumentation.EvoClassLoader instrumentClass
INFO: Instrumenting class 'org.mozilla.javascript.VMBridge_custom'.
Aug 08, 2018 12:09:15 AM org.evosuite.runtime.instrumentation.EvoClassLoader instrumentClass
INFO: Error while loading class: java.lang.ClassNotFoundException: Class 'org/mozilla/javascript/VMBridge_custom.class' should be in target project, but could not be found!
Aug 08, 2018 12:09:15 AM org.evosuite.runtime.instrumentation.EvoClassLoader loadClass
INFO: Seeing class for first time: org.mozilla.javascript.VMBridge_custom
Aug 08, 2018 12:09:15 AM org.evosuite.runtime.instrumentation.EvoClassLoader instrumentClass
INFO: Instrumenting class 'org.mozilla.javascript.VMBridge_custom'.
Aug 08, 2018 12:09:15 AM org.evosuite.runtime.instrumentation.EvoClassLoader instrumentClass
INFO: Error while loading class: java.lang.ClassNotFoundException: Class 'org/mozilla/javascript/VMBridge_custom.class' should be in target project, but could not be found!
Aug 08, 2018 12:09:15 AM org.evosuite.runtime.instrumentation.EvoClassLoader loadClass
INFO: Seeing class for first time: org.mozilla.javascript.VMBridge_custom
Aug 08, 2018 12:09:15 AM org.evosuite.runtime.instrumentation.EvoClassLoader instrumentClass
INFO: Instrumenting class 'org.mozilla.javascript.VMBridge_custom'.
Aug 08, 2018 12:09:15 AM org.evosuite.runtime.instrumentation.EvoClassLoader instrumentClass
INFO: Error while loading class: java.lang.ClassNotFoundException: Class 'org/mozilla/javascript/VMBridge_custom.class' should be in target project, but could not be found!
Aug 08, 2018 12:09:15 AM org.evosuite.runtime.instrumentation.EvoClassLoader loadClass
INFO: Seeing class for first time: org.mozilla.javascript.VMBridge_custom
Aug 08, 2018 12:09:15 AM org.evosuite.runtime.instrumentation.EvoClassLoader instrumentClass
INFO: Instrumenting class 'org.mozilla.javascript.VMBridge_custom'.
Aug 08, 2018 12:09:15 AM org.evosuite.runtime.instrumentation.EvoClassLoader instrumentClass
INFO: Error while loading class: java.lang.ClassNotFoundException: Class 'org/mozilla/javascript/VMBridge_custom.class' should be in target project, but could not be found!
Aug 08, 2018 12:09:15 AM org.evosuite.runtime.instrumentation.EvoClassLoader loadClass
INFO: Seeing class for first time: org.mozilla.javascript.VMBridge_custom
Aug 08, 2018 12:09:15 AM org.evosuite.runtime.instrumentation.EvoClassLoader instrumentClass
INFO: Instrumenting class 'org.mozilla.javascript.VMBridge_custom'.
Aug 08, 2018 12:09:15 AM org.evosuite.runtime.instrumentation.EvoClassLoader instrumentClass
INFO: Error while loading class: java.lang.ClassNotFoundException: Class 'org/mozilla/javascript/VMBridge_custom.class' should be in target project, but could not be found!
Aug 08, 2018 12:09:15 AM org.evosuite.runtime.thread.ThreadStopper killAndJoinClientThreads
INFO: Found new thread
Aug 08, 2018 12:09:15 AM org.evosuite.runtime.instrumentation.EvoClassLoader loadClass
INFO: Seeing class for first time: org.mozilla.javascript.VMBridge_custom
Aug 08, 2018 12:09:15 AM org.evosuite.runtime.instrumentation.EvoClassLoader instrumentClass
INFO: Instrumenting class 'org.mozilla.javascript.VMBridge_custom'.
Aug 08, 2018 12:09:15 AM org.evosuite.runtime.instrumentation.EvoClassLoader instrumentClass
INFO: Error while loading class: java.lang.ClassNotFoundException: Class 'org/mozilla/javascript/VMBridge_custom.class' should be in target project, but could not be found!
Aug 08, 2018 12:09:15 AM org.evosuite.runtime.instrumentation.EvoClassLoader loadClass
INFO: Seeing class for first time: org.mozilla.javascript.VMBridge_custom
Aug 08, 2018 12:09:15 AM org.evosuite.runtime.instrumentation.EvoClassLoader instrumentClass
INFO: Instrumenting class 'org.mozilla.javascript.VMBridge_custom'.
Aug 08, 2018 12:09:15 AM org.evosuite.runtime.instrumentation.EvoClassLoader instrumentClass
INFO: Error while loading class: java.lang.ClassNotFoundException: Class 'org/mozilla/javascript/VMBridge_custom.class' should be in target project, but could not be found!
Aug 08, 2018 12:09:15 AM org.evosuite.runtime.instrumentation.EvoClassLoader loadClass
INFO: Seeing class for first time: org.mozilla.javascript.VMBridge_custom
Aug 08, 2018 12:09:15 AM org.evosuite.runtime.instrumentation.EvoClassLoader instrumentClass
INFO: Instrumenting class 'org.mozilla.javascript.VMBridge_custom'.
Aug 08, 2018 12:09:15 AM org.evosuite.runtime.instrumentation.EvoClassLoader instrumentClass
INFO: Error while loading class: java.lang.ClassNotFoundException: Class 'org/mozilla/javascript/VMBridge_custom.class' should be in target project, but could not be found!
Aug 08, 2018 12:09:15 AM org.evosuite.runtime.instrumentation.EvoClassLoader loadClass
INFO: Seeing class for first time: org.mozilla.javascript.VMBridge_custom
Aug 08, 2018 12:09:15 AM org.evosuite.runtime.instrumentation.EvoClassLoader instrumentClass
INFO: Instrumenting class 'org.mozilla.javascript.VMBridge_custom'.
Aug 08, 2018 12:09:15 AM org.evosuite.runtime.instrumentation.EvoClassLoader instrumentClass
INFO: Error while loading class: java.lang.ClassNotFoundException: Class 'org/mozilla/javascript/VMBridge_custom.class' should be in target project, but could not be found!
Aug 08, 2018 12:09:15 AM org.evosuite.runtime.instrumentation.EvoClassLoader loadClass
INFO: Seeing class for first time: org.mozilla.javascript.VMBridge_custom
Aug 08, 2018 12:09:15 AM org.evosuite.runtime.instrumentation.EvoClassLoader instrumentClass
INFO: Instrumenting class 'org.mozilla.javascript.VMBridge_custom'.
Aug 08, 2018 12:09:15 AM org.evosuite.runtime.instrumentation.EvoClassLoader instrumentClass
INFO: Error while loading class: java.lang.ClassNotFoundException: Class 'org/mozilla/javascript/VMBridge_custom.class' should be in target project, but could not be found!
Aug 08, 2018 12:09:15 AM org.evosuite.runtime.thread.ThreadStopper killAndJoinClientThreads
INFO: Found new thread
Aug 08, 2018 12:09:15 AM org.evosuite.runtime.instrumentation.EvoClassLoader loadClass
INFO: Seeing class for first time: org.mozilla.javascript.VMBridge_custom
Aug 08, 2018 12:09:15 AM org.evosuite.runtime.instrumentation.EvoClassLoader instrumentClass
INFO: Instrumenting class 'org.mozilla.javascript.VMBridge_custom'.
Aug 08, 2018 12:09:15 AM org.evosuite.runtime.instrumentation.EvoClassLoader instrumentClass
INFO: Error while loading class: java.lang.ClassNotFoundException: Class 'org/mozilla/javascript/VMBridge_custom.class' should be in target project, but could not be found!
Aug 08, 2018 12:09:15 AM org.evosuite.runtime.thread.ThreadStopper killAndJoinClientThreads
INFO: Found new thread
Aug 08, 2018 12:09:15 AM org.evosuite.runtime.instrumentation.EvoClassLoader loadClass
INFO: Seeing class for first time: org.mozilla.javascript.VMBridge_custom
Aug 08, 2018 12:09:15 AM org.evosuite.runtime.instrumentation.EvoClassLoader instrumentClass
INFO: Instrumenting class 'org.mozilla.javascript.VMBridge_custom'.
Aug 08, 2018 12:09:15 AM org.evosuite.runtime.instrumentation.EvoClassLoader instrumentClass
INFO: Error while loading class: java.lang.ClassNotFoundException: Class 'org/mozilla/javascript/VMBridge_custom.class' should be in target project, but could not be found!
org.mozilla.javascript.Kit.codeBug(Kit.java:417)
<evosuite>.<evosuite>(<evosuite>)
<evosuite>.<evosuite>(<evosuite>)
<evosuite>.<evosuite>(<evosuite>)
<evosuite>.<evosuite>(<evosuite>)
<evosuite>.<evosuite>(<evosuite>)
Aug 08, 2018 12:09:15 AM org.evosuite.runtime.thread.ThreadStopper killAndJoinClientThreads
INFO: Found new thread
Aug 08, 2018 12:09:15 AM org.evosuite.runtime.instrumentation.EvoClassLoader loadClass
INFO: Seeing class for first time: org.mozilla.javascript.VMBridge_custom
Aug 08, 2018 12:09:15 AM org.evosuite.runtime.instrumentation.EvoClassLoader instrumentClass
INFO: Instrumenting class 'org.mozilla.javascript.VMBridge_custom'.
Aug 08, 2018 12:09:15 AM org.evosuite.runtime.instrumentation.EvoClassLoader instrumentClass
INFO: Error while loading class: java.lang.ClassNotFoundException: Class 'org/mozilla/javascript/VMBridge_custom.class' should be in target project, but could not be found!
Aug 08, 2018 12:09:15 AM org.evosuite.runtime.instrumentation.EvoClassLoader loadClass
INFO: Seeing class for first time: org.mozilla.javascript.VMBridge_custom
Aug 08, 2018 12:09:15 AM org.evosuite.runtime.instrumentation.EvoClassLoader instrumentClass
INFO: Instrumenting class 'org.mozilla.javascript.VMBridge_custom'.
Aug 08, 2018 12:09:15 AM org.evosuite.runtime.instrumentation.EvoClassLoader instrumentClass
INFO: Error while loading class: java.lang.ClassNotFoundException: Class 'org/mozilla/javascript/VMBridge_custom.class' should be in target project, but could not be found!
Aug 08, 2018 12:09:15 AM org.evosuite.runtime.thread.ThreadStopper killAndJoinClientThreads
INFO: Found new thread
Aug 08, 2018 12:09:15 AM org.evosuite.runtime.instrumentation.EvoClassLoader loadClass
INFO: Seeing class for first time: org.mozilla.javascript.VMBridge_custom
Aug 08, 2018 12:09:15 AM org.evosuite.runtime.instrumentation.EvoClassLoader instrumentClass
INFO: Instrumenting class 'org.mozilla.javascript.VMBridge_custom'.
Aug 08, 2018 12:09:15 AM org.evosuite.runtime.instrumentation.EvoClassLoader instrumentClass
INFO: Error while loading class: java.lang.ClassNotFoundException: Class 'org/mozilla/javascript/VMBridge_custom.class' should be in target project, but could not be found!
Aug 08, 2018 12:09:15 AM org.evosuite.runtime.thread.ThreadStopper killAndJoinClientThreads
INFO: Found new thread
Aug 08, 2018 12:09:15 AM org.evosuite.runtime.instrumentation.EvoClassLoader loadClass
INFO: Seeing class for first time: org.mozilla.javascript.VMBridge_custom
Aug 08, 2018 12:09:15 AM org.evosuite.runtime.instrumentation.EvoClassLoader instrumentClass
INFO: Instrumenting class 'org.mozilla.javascript.VMBridge_custom'.
Aug 08, 2018 12:09:15 AM org.evosuite.runtime.instrumentation.EvoClassLoader instrumentClass
INFO: Error while loading class: java.lang.ClassNotFoundException: Class 'org/mozilla/javascript/VMBridge_custom.class' should be in target project, but could not be found!
Aug 08, 2018 12:09:15 AM org.evosuite.runtime.instrumentation.EvoClassLoader loadClass
INFO: Seeing class for first time: org.mozilla.javascript.VMBridge_custom
Aug 08, 2018 12:09:15 AM org.evosuite.runtime.instrumentation.EvoClassLoader instrumentClass
INFO: Instrumenting class 'org.mozilla.javascript.VMBridge_custom'.
Aug 08, 2018 12:09:15 AM org.evosuite.runtime.instrumentation.EvoClassLoader instrumentClass
INFO: Error while loading class: java.lang.ClassNotFoundException: Class 'org/mozilla/javascript/VMBridge_custom.class' should be in target project, but could not be found!
Aug 08, 2018 12:09:16 AM org.evosuite.runtime.thread.ThreadStopper killAndJoinClientThreads
INFO: Found new thread
Aug 08, 2018 12:09:16 AM org.evosuite.runtime.instrumentation.EvoClassLoader loadClass
INFO: Seeing class for first time: org.mozilla.javascript.VMBridge_custom
Aug 08, 2018 12:09:16 AM org.evosuite.runtime.instrumentation.EvoClassLoader instrumentClass
INFO: Instrumenting class 'org.mozilla.javascript.VMBridge_custom'.
Aug 08, 2018 12:09:16 AM org.evosuite.runtime.instrumentation.EvoClassLoader instrumentClass
INFO: Error while loading class: java.lang.ClassNotFoundException: Class 'org/mozilla/javascript/VMBridge_custom.class' should be in target project, but could not be found!
Aug 08, 2018 12:09:16 AM org.evosuite.runtime.thread.ThreadStopper killAndJoinClientThreads
INFO: Found new thread
Aug 08, 2018 12:09:16 AM org.evosuite.runtime.instrumentation.EvoClassLoader loadClass
INFO: Seeing class for first time: org.mozilla.javascript.VMBridge_custom
Aug 08, 2018 12:09:16 AM org.evosuite.runtime.instrumentation.EvoClassLoader instrumentClass
INFO: Instrumenting class 'org.mozilla.javascript.VMBridge_custom'.
Aug 08, 2018 12:09:16 AM org.evosuite.runtime.instrumentation.EvoClassLoader instrumentClass
INFO: Error while loading class: java.lang.ClassNotFoundException: Class 'org/mozilla/javascript/VMBridge_custom.class' should be in target project, but could not be found!
Aug 08, 2018 12:09:16 AM org.evosuite.runtime.instrumentation.EvoClassLoader loadClass
INFO: Seeing class for first time: org.mozilla.javascript.VMBridge_custom
Aug 08, 2018 12:09:16 AM org.evosuite.runtime.instrumentation.EvoClassLoader instrumentClass
INFO: Instrumenting class 'org.mozilla.javascript.VMBridge_custom'.
Aug 08, 2018 12:09:16 AM org.evosuite.runtime.instrumentation.EvoClassLoader instrumentClass
INFO: Error while loading class: java.lang.ClassNotFoundException: Class 'org/mozilla/javascript/VMBridge_custom.class' should be in target project, but could not be found!
Aug 08, 2018 12:09:16 AM org.evosuite.runtime.instrumentation.EvoClassLoader loadClass
INFO: Seeing class for first time: org.mozilla.javascript.VMBridge_custom
Aug 08, 2018 12:09:16 AM org.evosuite.runtime.instrumentation.EvoClassLoader instrumentClass
INFO: Instrumenting class 'org.mozilla.javascript.VMBridge_custom'.
Aug 08, 2018 12:09:16 AM org.evosuite.runtime.instrumentation.EvoClassLoader instrumentClass
INFO: Error while loading class: java.lang.ClassNotFoundException: Class 'org/mozilla/javascript/VMBridge_custom.class' should be in target project, but could not be found!
Aug 08, 2018 12:09:16 AM org.evosuite.runtime.instrumentation.EvoClassLoader loadClass
INFO: Seeing class for first time: org.mozilla.javascript.VMBridge_custom
Aug 08, 2018 12:09:16 AM org.evosuite.runtime.instrumentation.EvoClassLoader instrumentClass
INFO: Instrumenting class 'org.mozilla.javascript.VMBridge_custom'.
Aug 08, 2018 12:09:16 AM org.evosuite.runtime.instrumentation.EvoClassLoader instrumentClass
INFO: Error while loading class: java.lang.ClassNotFoundException: Class 'org/mozilla/javascript/VMBridge_custom.class' should be in target project, but could not be found!
Aug 08, 2018 12:09:16 AM org.evosuite.runtime.thread.ThreadStopper killAndJoinClientThreads
INFO: Found new thread
Aug 08, 2018 12:09:16 AM org.evosuite.runtime.instrumentation.EvoClassLoader loadClass
INFO: Seeing class for first time: org.mozilla.javascript.VMBridge_custom
Aug 08, 2018 12:09:16 AM org.evosuite.runtime.instrumentation.EvoClassLoader instrumentClass
INFO: Instrumenting class 'org.mozilla.javascript.VMBridge_custom'.
Aug 08, 2018 12:09:16 AM org.evosuite.runtime.instrumentation.EvoClassLoader instrumentClass
INFO: Error while loading class: java.lang.ClassNotFoundException: Class 'org/mozilla/javascript/VMBridge_custom.class' should be in target project, but could not be found!
Aug 08, 2018 12:09:16 AM org.evosuite.runtime.thread.ThreadStopper killAndJoinClientThreads
INFO: Found new thread
Aug 08, 2018 12:09:16 AM org.evosuite.runtime.instrumentation.EvoClassLoader loadClass
INFO: Seeing class for first time: org.mozilla.javascript.VMBridge_custom
Aug 08, 2018 12:09:16 AM org.evosuite.runtime.instrumentation.EvoClassLoader instrumentClass
INFO: Instrumenting class 'org.mozilla.javascript.VMBridge_custom'.
Aug 08, 2018 12:09:16 AM org.evosuite.runtime.instrumentation.EvoClassLoader instrumentClass
INFO: Error while loading class: java.lang.ClassNotFoundException: Class 'org/mozilla/javascript/VMBridge_custom.class' should be in target project, but could not be found!
Aug 08, 2018 12:09:16 AM org.evosuite.runtime.instrumentation.EvoClassLoader loadClass
INFO: Seeing class for first time: org.mozilla.javascript.VMBridge_custom
Aug 08, 2018 12:09:16 AM org.evosuite.runtime.instrumentation.EvoClassLoader instrumentClass
INFO: Instrumenting class 'org.mozilla.javascript.VMBridge_custom'.
Aug 08, 2018 12:09:16 AM org.evosuite.runtime.instrumentation.EvoClassLoader instrumentClass
INFO: Error while loading class: java.lang.ClassNotFoundException: Class 'org/mozilla/javascript/VMBridge_custom.class' should be in target project, but could not be found!
Aug 08, 2018 12:09:16 AM org.evosuite.runtime.thread.ThreadStopper killAndJoinClientThreads
INFO: Found new thread
Aug 08, 2018 12:09:16 AM org.evosuite.runtime.instrumentation.EvoClassLoader loadClass
INFO: Seeing class for first time: org.mozilla.javascript.VMBridge_custom
Aug 08, 2018 12:09:16 AM org.evosuite.runtime.instrumentation.EvoClassLoader instrumentClass
INFO: Instrumenting class 'org.mozilla.javascript.VMBridge_custom'.
Aug 08, 2018 12:09:16 AM org.evosuite.runtime.instrumentation.EvoClassLoader instrumentClass
INFO: Error while loading class: java.lang.ClassNotFoundException: Class 'org/mozilla/javascript/VMBridge_custom.class' should be in target project, but could not be found!
Aug 08, 2018 12:09:16 AM org.evosuite.runtime.instrumentation.EvoClassLoader loadClass
INFO: Seeing class for first time: org.mozilla.javascript.VMBridge_custom
Aug 08, 2018 12:09:16 AM org.evosuite.runtime.instrumentation.EvoClassLoader instrumentClass
INFO: Instrumenting class 'org.mozilla.javascript.VMBridge_custom'.
Aug 08, 2018 12:09:16 AM org.evosuite.runtime.instrumentation.EvoClassLoader instrumentClass
INFO: Error while loading class: java.lang.ClassNotFoundException: Class 'org/mozilla/javascript/VMBridge_custom.class' should be in target project, but could not be found!
Aug 08, 2018 12:09:16 AM org.evosuite.runtime.instrumentation.EvoClassLoader loadClass
INFO: Seeing class for first time: org.mozilla.javascript.VMBridge_custom
Aug 08, 2018 12:09:16 AM org.evosuite.runtime.instrumentation.EvoClassLoader instrumentClass
INFO: Instrumenting class 'org.mozilla.javascript.VMBridge_custom'.
Aug 08, 2018 12:09:16 AM org.evosuite.runtime.instrumentation.EvoClassLoader instrumentClass
INFO: Error while loading class: java.lang.ClassNotFoundException: Class 'org/mozilla/javascript/VMBridge_custom.class' should be in target project, but could not be found!
Aug 08, 2018 12:09:16 AM org.evosuite.runtime.thread.ThreadStopper killAndJoinClientThreads
INFO: Found new thread
Aug 08, 2018 12:09:16 AM org.evosuite.runtime.instrumentation.EvoClassLoader loadClass
INFO: Seeing class for first time: org.mozilla.javascript.VMBridge_custom
Aug 08, 2018 12:09:16 AM org.evosuite.runtime.instrumentation.EvoClassLoader instrumentClass
INFO: Instrumenting class 'org.mozilla.javascript.VMBridge_custom'.
Aug 08, 2018 12:09:16 AM org.evosuite.runtime.instrumentation.EvoClassLoader instrumentClass
INFO: Error while loading class: java.lang.ClassNotFoundException: Class 'org/mozilla/javascript/VMBridge_custom.class' should be in target project, but could not be found!
Aug 08, 2018 12:09:16 AM org.evosuite.runtime.instrumentation.EvoClassLoader loadClass
INFO: Seeing class for first time: org.mozilla.javascript.VMBridge_custom
Aug 08, 2018 12:09:16 AM org.evosuite.runtime.instrumentation.EvoClassLoader instrumentClass
INFO: Instrumenting class 'org.mozilla.javascript.VMBridge_custom'.
Aug 08, 2018 12:09:16 AM org.evosuite.runtime.instrumentation.EvoClassLoader instrumentClass
INFO: Error while loading class: java.lang.ClassNotFoundException: Class 'org/mozilla/javascript/VMBridge_custom.class' should be in target project, but could not be found!
Aug 08, 2018 12:09:16 AM org.evosuite.runtime.instrumentation.EvoClassLoader loadClass
INFO: Seeing class for first time: org.mozilla.javascript.VMBridge_custom
Aug 08, 2018 12:09:16 AM org.evosuite.runtime.instrumentation.EvoClassLoader instrumentClass
INFO: Instrumenting class 'org.mozilla.javascript.VMBridge_custom'.
Aug 08, 2018 12:09:16 AM org.evosuite.runtime.instrumentation.EvoClassLoader instrumentClass
INFO: Error while loading class: java.lang.ClassNotFoundException: Class 'org/mozilla/javascript/VMBridge_custom.class' should be in target project, but could not be found!
Aug 08, 2018 12:09:16 AM org.evosuite.runtime.thread.ThreadStopper killAndJoinClientThreads
INFO: Found new thread
Aug 08, 2018 12:09:16 AM org.evosuite.runtime.instrumentation.EvoClassLoader loadClass
INFO: Seeing class for first time: org.mozilla.javascript.VMBridge_custom
Aug 08, 2018 12:09:16 AM org.evosuite.runtime.instrumentation.EvoClassLoader instrumentClass
INFO: Instrumenting class 'org.mozilla.javascript.VMBridge_custom'.
Aug 08, 2018 12:09:16 AM org.evosuite.runtime.instrumentation.EvoClassLoader instrumentClass
INFO: Error while loading class: java.lang.ClassNotFoundException: Class 'org/mozilla/javascript/VMBridge_custom.class' should be in target project, but could not be found!
Aug 08, 2018 12:09:16 AM org.evosuite.runtime.instrumentation.EvoClassLoader loadClass
INFO: Seeing class for first time: org.mozilla.javascript.VMBridge_custom
Aug 08, 2018 12:09:16 AM org.evosuite.runtime.instrumentation.EvoClassLoader instrumentClass
INFO: Instrumenting class 'org.mozilla.javascript.VMBridge_custom'.
Aug 08, 2018 12:09:16 AM org.evosuite.runtime.instrumentation.EvoClassLoader instrumentClass
INFO: Error while loading class: java.lang.ClassNotFoundException: Class 'org/mozilla/javascript/VMBridge_custom.class' should be in target project, but could not be found!
Aug 08, 2018 12:09:16 AM org.evosuite.runtime.instrumentation.EvoClassLoader loadClass
INFO: Seeing class for first time: org.mozilla.javascript.VMBridge_custom
Aug 08, 2018 12:09:16 AM org.evosuite.runtime.instrumentation.EvoClassLoader instrumentClass
INFO: Instrumenting class 'org.mozilla.javascript.VMBridge_custom'.
Aug 08, 2018 12:09:16 AM org.evosuite.runtime.instrumentation.EvoClassLoader instrumentClass
INFO: Error while loading class: java.lang.ClassNotFoundException: Class 'org/mozilla/javascript/VMBridge_custom.class' should be in target project, but could not be found!
Aug 08, 2018 12:09:16 AM org.evosuite.runtime.thread.ThreadStopper killAndJoinClientThreads
INFO: Found new thread
Aug 08, 2018 12:09:16 AM org.evosuite.runtime.instrumentation.EvoClassLoader loadClass
INFO: Seeing class for first time: org.mozilla.javascript.VMBridge_custom
Aug 08, 2018 12:09:16 AM org.evosuite.runtime.instrumentation.EvoClassLoader instrumentClass
INFO: Instrumenting class 'org.mozilla.javascript.VMBridge_custom'.
Aug 08, 2018 12:09:16 AM org.evosuite.runtime.instrumentation.EvoClassLoader instrumentClass
INFO: Error while loading class: java.lang.ClassNotFoundException: Class 'org/mozilla/javascript/VMBridge_custom.class' should be in target project, but could not be found!
Aug 08, 2018 12:09:16 AM org.evosuite.runtime.instrumentation.EvoClassLoader loadClass
INFO: Seeing class for first time: org.mozilla.javascript.VMBridge_custom
Aug 08, 2018 12:09:16 AM org.evosuite.runtime.instrumentation.EvoClassLoader instrumentClass
INFO: Instrumenting class 'org.mozilla.javascript.VMBridge_custom'.
Aug 08, 2018 12:09:16 AM org.evosuite.runtime.instrumentation.EvoClassLoader instrumentClass
INFO: Error while loading class: java.lang.ClassNotFoundException: Class 'org/mozilla/javascript/VMBridge_custom.class' should be in target project, but could not be found!
Aug 08, 2018 12:09:16 AM org.evosuite.runtime.thread.ThreadStopper killAndJoinClientThreads
INFO: Found new thread
Aug 08, 2018 12:09:16 AM org.evosuite.runtime.instrumentation.EvoClassLoader loadClass
INFO: Seeing class for first time: org.mozilla.javascript.VMBridge_custom
Aug 08, 2018 12:09:16 AM org.evosuite.runtime.instrumentation.EvoClassLoader instrumentClass
INFO: Instrumenting class 'org.mozilla.javascript.VMBridge_custom'.
Aug 08, 2018 12:09:16 AM org.evosuite.runtime.instrumentation.EvoClassLoader instrumentClass
INFO: Error while loading class: java.lang.ClassNotFoundException: Class 'org/mozilla/javascript/VMBridge_custom.class' should be in target project, but could not be found!
Aug 08, 2018 12:09:16 AM org.evosuite.runtime.instrumentation.EvoClassLoader loadClass
INFO: Seeing class for first time: org.mozilla.javascript.VMBridge_custom
Aug 08, 2018 12:09:16 AM org.evosuite.runtime.instrumentation.EvoClassLoader instrumentClass
INFO: Instrumenting class 'org.mozilla.javascript.VMBridge_custom'.
Aug 08, 2018 12:09:16 AM org.evosuite.runtime.instrumentation.EvoClassLoader instrumentClass
INFO: Error while loading class: java.lang.ClassNotFoundException: Class 'org/mozilla/javascript/VMBridge_custom.class' should be in target project, but could not be found!
Aug 08, 2018 12:09:16 AM org.evosuite.runtime.thread.ThreadStopper killAndJoinClientThreads
INFO: Found new thread
Aug 08, 2018 12:09:16 AM org.evosuite.runtime.instrumentation.EvoClassLoader loadClass
INFO: Seeing class for first time: org.mozilla.javascript.VMBridge_custom
Aug 08, 2018 12:09:16 AM org.evosuite.runtime.instrumentation.EvoClassLoader instrumentClass
INFO: Instrumenting class 'org.mozilla.javascript.VMBridge_custom'.
Aug 08, 2018 12:09:16 AM org.evosuite.runtime.instrumentation.EvoClassLoader instrumentClass
INFO: Error while loading class: java.lang.ClassNotFoundException: Class 'org/mozilla/javascript/VMBridge_custom.class' should be in target project, but could not be found!
Aug 08, 2018 12:09:16 AM org.evosuite.runtime.thread.ThreadStopper killAndJoinClientThreads
INFO: Found new thread
Aug 08, 2018 12:09:16 AM org.evosuite.runtime.instrumentation.EvoClassLoader loadClass
INFO: Seeing class for first time: org.mozilla.javascript.VMBridge_custom
Aug 08, 2018 12:09:16 AM org.evosuite.runtime.instrumentation.EvoClassLoader instrumentClass
INFO: Instrumenting class 'org.mozilla.javascript.VMBridge_custom'.
Aug 08, 2018 12:09:16 AM org.evosuite.runtime.instrumentation.EvoClassLoader instrumentClass
INFO: Error while loading class: java.lang.ClassNotFoundException: Class 'org/mozilla/javascript/VMBridge_custom.class' should be in target project, but could not be found!
Aug 08, 2018 12:09:17 AM org.evosuite.runtime.thread.ThreadStopper killAndJoinClientThreads
INFO: Found new thread
Aug 08, 2018 12:09:17 AM org.evosuite.runtime.instrumentation.EvoClassLoader loadClass
INFO: Seeing class for first time: org.mozilla.javascript.VMBridge_custom
Aug 08, 2018 12:09:17 AM org.evosuite.runtime.instrumentation.EvoClassLoader instrumentClass
INFO: Instrumenting class 'org.mozilla.javascript.VMBridge_custom'.
Aug 08, 2018 12:09:17 AM org.evosuite.runtime.instrumentation.EvoClassLoader instrumentClass
INFO: Error while loading class: java.lang.ClassNotFoundException: Class 'org/mozilla/javascript/VMBridge_custom.class' should be in target project, but could not be found!
Aug 08, 2018 12:09:17 AM org.evosuite.runtime.instrumentation.EvoClassLoader loadClass
INFO: Seeing class for first time: org.mozilla.javascript.VMBridge_custom
Aug 08, 2018 12:09:17 AM org.evosuite.runtime.instrumentation.EvoClassLoader instrumentClass
INFO: Instrumenting class 'org.mozilla.javascript.VMBridge_custom'.
Aug 08, 2018 12:09:17 AM org.evosuite.runtime.instrumentation.EvoClassLoader instrumentClass
INFO: Error while loading class: java.lang.ClassNotFoundException: Class 'org/mozilla/javascript/VMBridge_custom.class' should be in target project, but could not be found!
Aug 08, 2018 12:09:17 AM org.evosuite.runtime.instrumentation.EvoClassLoader loadClass
INFO: Seeing class for first time: org.mozilla.javascript.VMBridge_custom
Aug 08, 2018 12:09:17 AM org.evosuite.runtime.instrumentation.EvoClassLoader instrumentClass
INFO: Instrumenting class 'org.mozilla.javascript.VMBridge_custom'.
Aug 08, 2018 12:09:17 AM org.evosuite.runtime.instrumentation.EvoClassLoader instrumentClass
INFO: Error while loading class: java.lang.ClassNotFoundException: Class 'org/mozilla/javascript/VMBridge_custom.class' should be in target project, but could not be found!
Aug 08, 2018 12:09:17 AM org.evosuite.runtime.thread.ThreadStopper killAndJoinClientThreads
INFO: Found new thread
Aug 08, 2018 12:09:17 AM org.evosuite.runtime.instrumentation.EvoClassLoader loadClass
INFO: Seeing class for first time: org.mozilla.javascript.VMBridge_custom
Aug 08, 2018 12:09:17 AM org.evosuite.runtime.instrumentation.EvoClassLoader instrumentClass
INFO: Instrumenting class 'org.mozilla.javascript.VMBridge_custom'.
Aug 08, 2018 12:09:17 AM org.evosuite.runtime.instrumentation.EvoClassLoader instrumentClass
INFO: Error while loading class: java.lang.ClassNotFoundException: Class 'org/mozilla/javascript/VMBridge_custom.class' should be in target project, but could not be found!
Aug 08, 2018 12:09:17 AM org.evosuite.runtime.thread.ThreadStopper killAndJoinClientThreads
INFO: Found new thread
Aug 08, 2018 12:09:17 AM org.evosuite.runtime.instrumentation.EvoClassLoader loadClass
INFO: Seeing class for first time: org.mozilla.javascript.VMBridge_custom
Aug 08, 2018 12:09:17 AM org.evosuite.runtime.instrumentation.EvoClassLoader instrumentClass
INFO: Instrumenting class 'org.mozilla.javascript.VMBridge_custom'.
Aug 08, 2018 12:09:17 AM org.evosuite.runtime.instrumentation.EvoClassLoader instrumentClass
INFO: Error while loading class: java.lang.ClassNotFoundException: Class 'org/mozilla/javascript/VMBridge_custom.class' should be in target project, but could not be found!
Aug 08, 2018 12:09:17 AM org.evosuite.runtime.thread.ThreadStopper killAndJoinClientThreads
INFO: Found new thread
Aug 08, 2018 12:09:17 AM org.evosuite.runtime.instrumentation.EvoClassLoader loadClass
INFO: Seeing class for first time: org.mozilla.javascript.VMBridge_custom
Aug 08, 2018 12:09:17 AM org.evosuite.runtime.instrumentation.EvoClassLoader instrumentClass
INFO: Instrumenting class 'org.mozilla.javascript.VMBridge_custom'.
Aug 08, 2018 12:09:17 AM org.evosuite.runtime.instrumentation.EvoClassLoader instrumentClass
INFO: Error while loading class: java.lang.ClassNotFoundException: Class 'org/mozilla/javascript/VMBridge_custom.class' should be in target project, but could not be found!
Aug 08, 2018 12:09:17 AM org.evosuite.runtime.instrumentation.EvoClassLoader loadClass
INFO: Seeing class for first time: org.mozilla.javascript.VMBridge_custom
Aug 08, 2018 12:09:17 AM org.evosuite.runtime.instrumentation.EvoClassLoader instrumentClass
INFO: Instrumenting class 'org.mozilla.javascript.VMBridge_custom'.
Aug 08, 2018 12:09:17 AM org.evosuite.runtime.instrumentation.EvoClassLoader instrumentClass
INFO: Error while loading class: java.lang.ClassNotFoundException: Class 'org/mozilla/javascript/VMBridge_custom.class' should be in target project, but could not be found!
Aug 08, 2018 12:09:17 AM org.evosuite.runtime.thread.ThreadStopper killAndJoinClientThreads
INFO: Found new thread
Aug 08, 2018 12:09:17 AM org.evosuite.runtime.instrumentation.EvoClassLoader loadClass
INFO: Seeing class for first time: org.mozilla.javascript.VMBridge_custom
Aug 08, 2018 12:09:17 AM org.evosuite.runtime.instrumentation.EvoClassLoader instrumentClass
INFO: Instrumenting class 'org.mozilla.javascript.VMBridge_custom'.
Aug 08, 2018 12:09:17 AM org.evosuite.runtime.instrumentation.EvoClassLoader instrumentClass
INFO: Error while loading class: java.lang.ClassNotFoundException: Class 'org/mozilla/javascript/VMBridge_custom.class' should be in target project, but could not be found!
Aug 08, 2018 12:09:17 AM org.evosuite.runtime.thread.ThreadStopper killAndJoinClientThreads
INFO: Found new thread
Aug 08, 2018 12:09:17 AM org.evosuite.runtime.instrumentation.EvoClassLoader loadClass
INFO: Seeing class for first time: org.mozilla.javascript.VMBridge_custom
Aug 08, 2018 12:09:17 AM org.evosuite.runtime.instrumentation.EvoClassLoader instrumentClass
INFO: Instrumenting class 'org.mozilla.javascript.VMBridge_custom'.
Aug 08, 2018 12:09:17 AM org.evosuite.runtime.instrumentation.EvoClassLoader instrumentClass
INFO: Error while loading class: java.lang.ClassNotFoundException: Class 'org/mozilla/javascript/VMBridge_custom.class' should be in target project, but could not be found!
Aug 08, 2018 12:09:17 AM org.evosuite.runtime.thread.ThreadStopper killAndJoinClientThreads
INFO: Found new thread
Aug 08, 2018 12:09:17 AM org.evosuite.runtime.instrumentation.EvoClassLoader loadClass
INFO: Seeing class for first time: org.mozilla.javascript.VMBridge_custom
Aug 08, 2018 12:09:17 AM org.evosuite.runtime.instrumentation.EvoClassLoader instrumentClass
INFO: Instrumenting class 'org.mozilla.javascript.VMBridge_custom'.
Aug 08, 2018 12:09:17 AM org.evosuite.runtime.instrumentation.EvoClassLoader instrumentClass
INFO: Error while loading class: java.lang.ClassNotFoundException: Class 'org/mozilla/javascript/VMBridge_custom.class' should be in target project, but could not be found!
Aug 08, 2018 12:09:17 AM org.evosuite.runtime.instrumentation.EvoClassLoader loadClass
INFO: Seeing class for first time: org.mozilla.javascript.VMBridge_custom
Aug 08, 2018 12:09:17 AM org.evosuite.runtime.instrumentation.EvoClassLoader instrumentClass
INFO: Instrumenting class 'org.mozilla.javascript.VMBridge_custom'.
Aug 08, 2018 12:09:17 AM org.evosuite.runtime.instrumentation.EvoClassLoader instrumentClass
INFO: Error while loading class: java.lang.ClassNotFoundException: Class 'org/mozilla/javascript/VMBridge_custom.class' should be in target project, but could not be found!
Aug 08, 2018 12:09:17 AM org.evosuite.runtime.thread.ThreadStopper killAndJoinClientThreads
INFO: Found new thread
Aug 08, 2018 12:09:17 AM org.evosuite.runtime.instrumentation.EvoClassLoader loadClass
INFO: Seeing class for first time: org.mozilla.javascript.VMBridge_custom
Aug 08, 2018 12:09:17 AM org.evosuite.runtime.instrumentation.EvoClassLoader instrumentClass
INFO: Instrumenting class 'org.mozilla.javascript.VMBridge_custom'.
Aug 08, 2018 12:09:17 AM org.evosuite.runtime.instrumentation.EvoClassLoader instrumentClass
INFO: Error while loading class: java.lang.ClassNotFoundException: Class 'org/mozilla/javascript/VMBridge_custom.class' should be in target project, but could not be found!
Aug 08, 2018 12:09:17 AM org.evosuite.runtime.thread.ThreadStopper killAndJoinClientThreads
INFO: Found new thread
Aug 08, 2018 12:09:17 AM org.evosuite.runtime.instrumentation.EvoClassLoader loadClass
INFO: Seeing class for first time: org.mozilla.javascript.VMBridge_custom
Aug 08, 2018 12:09:17 AM org.evosuite.runtime.instrumentation.EvoClassLoader instrumentClass
INFO: Instrumenting class 'org.mozilla.javascript.VMBridge_custom'.
Aug 08, 2018 12:09:17 AM org.evosuite.runtime.instrumentation.EvoClassLoader instrumentClass
INFO: Error while loading class: java.lang.ClassNotFoundException: Class 'org/mozilla/javascript/VMBridge_custom.class' should be in target project, but could not be found!
Aug 08, 2018 12:09:17 AM org.evosuite.runtime.instrumentation.EvoClassLoader loadClass
INFO: Seeing class for first time: org.mozilla.javascript.VMBridge_custom
Aug 08, 2018 12:09:17 AM org.evosuite.runtime.instrumentation.EvoClassLoader instrumentClass
INFO: Instrumenting class 'org.mozilla.javascript.VMBridge_custom'.
Aug 08, 2018 12:09:17 AM org.evosuite.runtime.instrumentation.EvoClassLoader instrumentClass
INFO: Error while loading class: java.lang.ClassNotFoundException: Class 'org/mozilla/javascript/VMBridge_custom.class' should be in target project, but could not be found!
Aug 08, 2018 12:09:17 AM org.evosuite.runtime.instrumentation.EvoClassLoader loadClass
INFO: Seeing class for first time: org.mozilla.javascript.VMBridge_custom
Aug 08, 2018 12:09:17 AM org.evosuite.runtime.instrumentation.EvoClassLoader instrumentClass
INFO: Instrumenting class 'org.mozilla.javascript.VMBridge_custom'.
Aug 08, 2018 12:09:17 AM org.evosuite.runtime.instrumentation.EvoClassLoader instrumentClass
INFO: Error while loading class: java.lang.ClassNotFoundException: Class 'org/mozilla/javascript/VMBridge_custom.class' should be in target project, but could not be found!
Aug 08, 2018 12:09:17 AM org.evosuite.runtime.instrumentation.EvoClassLoader loadClass
INFO: Seeing class for first time: org.mozilla.javascript.VMBridge_custom
Aug 08, 2018 12:09:17 AM org.evosuite.runtime.instrumentation.EvoClassLoader instrumentClass
INFO: Instrumenting class 'org.mozilla.javascript.VMBridge_custom'.
Aug 08, 2018 12:09:17 AM org.evosuite.runtime.instrumentation.EvoClassLoader instrumentClass
INFO: Error while loading class: java.lang.ClassNotFoundException: Class 'org/mozilla/javascript/VMBridge_custom.class' should be in target project, but could not be found!
Aug 08, 2018 12:09:17 AM org.evosuite.runtime.thread.ThreadStopper killAndJoinClientThreads
INFO: Found new thread
Aug 08, 2018 12:09:17 AM org.evosuite.runtime.instrumentation.EvoClassLoader loadClass
INFO: Seeing class for first time: org.mozilla.javascript.VMBridge_custom
Aug 08, 2018 12:09:17 AM org.evosuite.runtime.instrumentation.EvoClassLoader instrumentClass
INFO: Instrumenting class 'org.mozilla.javascript.VMBridge_custom'.
Aug 08, 2018 12:09:17 AM org.evosuite.runtime.instrumentation.EvoClassLoader instrumentClass
INFO: Error while loading class: java.lang.ClassNotFoundException: Class 'org/mozilla/javascript/VMBridge_custom.class' should be in target project, but could not be found!
Aug 08, 2018 12:09:17 AM org.evosuite.runtime.instrumentation.EvoClassLoader loadClass
INFO: Seeing class for first time: org.mozilla.javascript.VMBridge_custom
Aug 08, 2018 12:09:17 AM org.evosuite.runtime.instrumentation.EvoClassLoader instrumentClass
INFO: Instrumenting class 'org.mozilla.javascript.VMBridge_custom'.
Aug 08, 2018 12:09:17 AM org.evosuite.runtime.instrumentation.EvoClassLoader instrumentClass
INFO: Error while loading class: java.lang.ClassNotFoundException: Class 'org/mozilla/javascript/VMBridge_custom.class' should be in target project, but could not be found!
Aug 08, 2018 12:09:17 AM org.evosuite.runtime.thread.ThreadStopper killAndJoinClientThreads
INFO: Found new thread
Aug 08, 2018 12:09:17 AM org.evosuite.runtime.instrumentation.EvoClassLoader loadClass
INFO: Seeing class for first time: org.mozilla.javascript.VMBridge_custom
Aug 08, 2018 12:09:17 AM org.evosuite.runtime.instrumentation.EvoClassLoader instrumentClass
INFO: Instrumenting class 'org.mozilla.javascript.VMBridge_custom'.
Aug 08, 2018 12:09:17 AM org.evosuite.runtime.instrumentation.EvoClassLoader instrumentClass
INFO: Error while loading class: java.lang.ClassNotFoundException: Class 'org/mozilla/javascript/VMBridge_custom.class' should be in target project, but could not be found!
Aug 08, 2018 12:09:17 AM org.evosuite.runtime.thread.ThreadStopper killAndJoinClientThreads
INFO: Found new thread
Aug 08, 2018 12:09:17 AM org.evosuite.runtime.instrumentation.EvoClassLoader loadClass
INFO: Seeing class for first time: org.mozilla.javascript.VMBridge_custom
Aug 08, 2018 12:09:17 AM org.evosuite.runtime.instrumentation.EvoClassLoader instrumentClass
INFO: Instrumenting class 'org.mozilla.javascript.VMBridge_custom'.
Aug 08, 2018 12:09:17 AM org.evosuite.runtime.instrumentation.EvoClassLoader instrumentClass
INFO: Error while loading class: java.lang.ClassNotFoundException: Class 'org/mozilla/javascript/VMBridge_custom.class' should be in target project, but could not be found!
Aug 08, 2018 12:09:18 AM org.evosuite.runtime.thread.ThreadStopper killAndJoinClientThreads
INFO: Found new thread
Aug 08, 2018 12:09:18 AM org.evosuite.runtime.instrumentation.EvoClassLoader loadClass
INFO: Seeing class for first time: org.mozilla.javascript.VMBridge_custom
Aug 08, 2018 12:09:18 AM org.evosuite.runtime.instrumentation.EvoClassLoader instrumentClass
INFO: Instrumenting class 'org.mozilla.javascript.VMBridge_custom'.
Aug 08, 2018 12:09:18 AM org.evosuite.runtime.instrumentation.EvoClassLoader instrumentClass
INFO: Error while loading class: java.lang.ClassNotFoundException: Class 'org/mozilla/javascript/VMBridge_custom.class' should be in target project, but could not be found!
Aug 08, 2018 12:09:18 AM org.evosuite.runtime.thread.ThreadStopper killAndJoinClientThreads
INFO: Found new thread
Aug 08, 2018 12:09:18 AM org.evosuite.runtime.instrumentation.EvoClassLoader loadClass
INFO: Seeing class for first time: org.mozilla.javascript.VMBridge_custom
Aug 08, 2018 12:09:18 AM org.evosuite.runtime.instrumentation.EvoClassLoader instrumentClass
INFO: Instrumenting class 'org.mozilla.javascript.VMBridge_custom'.
Aug 08, 2018 12:09:18 AM org.evosuite.runtime.instrumentation.EvoClassLoader instrumentClass
INFO: Error while loading class: java.lang.ClassNotFoundException: Class 'org/mozilla/javascript/VMBridge_custom.class' should be in target project, but could not be found!
Aug 08, 2018 12:09:18 AM org.evosuite.runtime.thread.ThreadStopper killAndJoinClientThreads
INFO: Found new thread
Aug 08, 2018 12:09:18 AM org.evosuite.runtime.instrumentation.EvoClassLoader loadClass
INFO: Seeing class for first time: org.mozilla.javascript.VMBridge_custom
Aug 08, 2018 12:09:18 AM org.evosuite.runtime.instrumentation.EvoClassLoader instrumentClass
INFO: Instrumenting class 'org.mozilla.javascript.VMBridge_custom'.
Aug 08, 2018 12:09:18 AM org.evosuite.runtime.instrumentation.EvoClassLoader instrumentClass
INFO: Error while loading class: java.lang.ClassNotFoundException: Class 'org/mozilla/javascript/VMBridge_custom.class' should be in target project, but could not be found!
Aug 08, 2018 12:09:18 AM org.evosuite.runtime.instrumentation.EvoClassLoader loadClass
INFO: Seeing class for first time: org.mozilla.javascript.VMBridge_custom
Aug 08, 2018 12:09:18 AM org.evosuite.runtime.instrumentation.EvoClassLoader instrumentClass
INFO: Instrumenting class 'org.mozilla.javascript.VMBridge_custom'.
Aug 08, 2018 12:09:18 AM org.evosuite.runtime.instrumentation.EvoClassLoader instrumentClass
INFO: Error while loading class: java.lang.ClassNotFoundException: Class 'org/mozilla/javascript/VMBridge_custom.class' should be in target project, but could not be found!
Aug 08, 2018 12:09:18 AM org.evosuite.runtime.instrumentation.EvoClassLoader loadClass
INFO: Seeing class for first time: org.mozilla.javascript.VMBridge_custom
Aug 08, 2018 12:09:18 AM org.evosuite.runtime.instrumentation.EvoClassLoader instrumentClass
INFO: Instrumenting class 'org.mozilla.javascript.VMBridge_custom'.
Aug 08, 2018 12:09:18 AM org.evosuite.runtime.instrumentation.EvoClassLoader instrumentClass
INFO: Error while loading class: java.lang.ClassNotFoundException: Class 'org/mozilla/javascript/VMBridge_custom.class' should be in target project, but could not be found!
Aug 08, 2018 12:09:18 AM org.evosuite.runtime.thread.ThreadStopper killAndJoinClientThreads
INFO: Found new thread
Aug 08, 2018 12:09:18 AM org.evosuite.runtime.instrumentation.EvoClassLoader loadClass
INFO: Seeing class for first time: org.mozilla.javascript.VMBridge_custom
Aug 08, 2018 12:09:18 AM org.evosuite.runtime.instrumentation.EvoClassLoader instrumentClass
INFO: Instrumenting class 'org.mozilla.javascript.VMBridge_custom'.
Aug 08, 2018 12:09:18 AM org.evosuite.runtime.instrumentation.EvoClassLoader instrumentClass
INFO: Error while loading class: java.lang.ClassNotFoundException: Class 'org/mozilla/javascript/VMBridge_custom.class' should be in target project, but could not be found!
Aug 08, 2018 12:09:18 AM org.evosuite.runtime.instrumentation.EvoClassLoader loadClass
INFO: Seeing class for first time: org.mozilla.javascript.VMBridge_custom
Aug 08, 2018 12:09:18 AM org.evosuite.runtime.instrumentation.EvoClassLoader instrumentClass
INFO: Instrumenting class 'org.mozilla.javascript.VMBridge_custom'.
Aug 08, 2018 12:09:18 AM org.evosuite.runtime.instrumentation.EvoClassLoader instrumentClass
INFO: Error while loading class: java.lang.ClassNotFoundException: Class 'org/mozilla/javascript/VMBridge_custom.class' should be in target project, but could not be found!
Aug 08, 2018 12:09:18 AM org.evosuite.runtime.thread.ThreadStopper killAndJoinClientThreads
INFO: Found new thread
Aug 08, 2018 12:09:18 AM org.evosuite.runtime.instrumentation.EvoClassLoader loadClass
INFO: Seeing class for first time: org.mozilla.javascript.VMBridge_custom
Aug 08, 2018 12:09:18 AM org.evosuite.runtime.instrumentation.EvoClassLoader instrumentClass
INFO: Instrumenting class 'org.mozilla.javascript.VMBridge_custom'.
Aug 08, 2018 12:09:18 AM org.evosuite.runtime.instrumentation.EvoClassLoader instrumentClass
INFO: Error while loading class: java.lang.ClassNotFoundException: Class 'org/mozilla/javascript/VMBridge_custom.class' should be in target project, but could not be found!
Aug 08, 2018 12:09:18 AM org.evosuite.runtime.thread.ThreadStopper killAndJoinClientThreads
INFO: Found new thread
Aug 08, 2018 12:09:18 AM org.evosuite.runtime.instrumentation.EvoClassLoader loadClass
INFO: Seeing class for first time: org.mozilla.javascript.VMBridge_custom
Aug 08, 2018 12:09:18 AM org.evosuite.runtime.instrumentation.EvoClassLoader instrumentClass
INFO: Instrumenting class 'org.mozilla.javascript.VMBridge_custom'.
Aug 08, 2018 12:09:18 AM org.evosuite.runtime.instrumentation.EvoClassLoader instrumentClass
INFO: Error while loading class: java.lang.ClassNotFoundException: Class 'org/mozilla/javascript/VMBridge_custom.class' should be in target project, but could not be found!
Aug 08, 2018 12:09:18 AM org.evosuite.runtime.instrumentation.EvoClassLoader loadClass
INFO: Seeing class for first time: org.mozilla.javascript.VMBridge_custom
Aug 08, 2018 12:09:18 AM org.evosuite.runtime.instrumentation.EvoClassLoader instrumentClass
INFO: Instrumenting class 'org.mozilla.javascript.VMBridge_custom'.
Aug 08, 2018 12:09:18 AM org.evosuite.runtime.instrumentation.EvoClassLoader instrumentClass
INFO: Error while loading class: java.lang.ClassNotFoundException: Class 'org/mozilla/javascript/VMBridge_custom.class' should be in target project, but could not be found!
Aug 08, 2018 12:09:18 AM org.evosuite.runtime.thread.ThreadStopper killAndJoinClientThreads
INFO: Found new thread
Aug 08, 2018 12:09:18 AM org.evosuite.runtime.instrumentation.EvoClassLoader loadClass
INFO: Seeing class for first time: org.mozilla.javascript.VMBridge_custom
Aug 08, 2018 12:09:18 AM org.evosuite.runtime.instrumentation.EvoClassLoader instrumentClass
INFO: Instrumenting class 'org.mozilla.javascript.VMBridge_custom'.
Aug 08, 2018 12:09:18 AM org.evosuite.runtime.instrumentation.EvoClassLoader instrumentClass
INFO: Error while loading class: java.lang.ClassNotFoundException: Class 'org/mozilla/javascript/VMBridge_custom.class' should be in target project, but could not be found!
Aug 08, 2018 12:09:18 AM org.evosuite.runtime.thread.ThreadStopper killAndJoinClientThreads
INFO: Found new thread
Aug 08, 2018 12:09:18 AM org.evosuite.runtime.instrumentation.EvoClassLoader loadClass
INFO: Seeing class for first time: org.mozilla.javascript.VMBridge_custom
Aug 08, 2018 12:09:18 AM org.evosuite.runtime.instrumentation.EvoClassLoader instrumentClass
INFO: Instrumenting class 'org.mozilla.javascript.VMBridge_custom'.
Aug 08, 2018 12:09:18 AM org.evosuite.runtime.instrumentation.EvoClassLoader instrumentClass
INFO: Error while loading class: java.lang.ClassNotFoundException: Class 'org/mozilla/javascript/VMBridge_custom.class' should be in target project, but could not be found!
Aug 08, 2018 12:09:18 AM org.evosuite.runtime.thread.ThreadStopper killAndJoinClientThreads
INFO: Found new thread
Aug 08, 2018 12:09:18 AM org.evosuite.runtime.instrumentation.EvoClassLoader loadClass
INFO: Seeing class for first time: org.mozilla.javascript.VMBridge_custom
Aug 08, 2018 12:09:18 AM org.evosuite.runtime.instrumentation.EvoClassLoader instrumentClass
INFO: Instrumenting class 'org.mozilla.javascript.VMBridge_custom'.
Aug 08, 2018 12:09:18 AM org.evosuite.runtime.instrumentation.EvoClassLoader instrumentClass
INFO: Error while loading class: java.lang.ClassNotFoundException: Class 'org/mozilla/javascript/VMBridge_custom.class' should be in target project, but could not be found!
Aug 08, 2018 12:09:18 AM org.evosuite.runtime.thread.ThreadStopper killAndJoinClientThreads
INFO: Found new thread
Aug 08, 2018 12:09:18 AM org.evosuite.runtime.instrumentation.EvoClassLoader loadClass
INFO: Seeing class for first time: org.mozilla.javascript.VMBridge_custom
Aug 08, 2018 12:09:18 AM org.evosuite.runtime.instrumentation.EvoClassLoader instrumentClass
INFO: Instrumenting class 'org.mozilla.javascript.VMBridge_custom'.
Aug 08, 2018 12:09:18 AM org.evosuite.runtime.instrumentation.EvoClassLoader instrumentClass
INFO: Error while loading class: java.lang.ClassNotFoundException: Class 'org/mozilla/javascript/VMBridge_custom.class' should be in target project, but could not be found!
Aug 08, 2018 12:09:18 AM org.evosuite.runtime.thread.ThreadStopper killAndJoinClientThreads
INFO: Found new thread
Aug 08, 2018 12:09:18 AM org.evosuite.runtime.instrumentation.EvoClassLoader loadClass
INFO: Seeing class for first time: org.mozilla.javascript.VMBridge_custom
Aug 08, 2018 12:09:18 AM org.evosuite.runtime.instrumentation.EvoClassLoader instrumentClass
INFO: Instrumenting class 'org.mozilla.javascript.VMBridge_custom'.
Aug 08, 2018 12:09:18 AM org.evosuite.runtime.instrumentation.EvoClassLoader instrumentClass
INFO: Error while loading class: java.lang.ClassNotFoundException: Class 'org/mozilla/javascript/VMBridge_custom.class' should be in target project, but could not be found!
Aug 08, 2018 12:09:18 AM org.evosuite.runtime.instrumentation.EvoClassLoader loadClass
INFO: Seeing class for first time: org.mozilla.javascript.VMBridge_custom
Aug 08, 2018 12:09:18 AM org.evosuite.runtime.instrumentation.EvoClassLoader instrumentClass
INFO: Instrumenting class 'org.mozilla.javascript.VMBridge_custom'.
Aug 08, 2018 12:09:18 AM org.evosuite.runtime.instrumentation.EvoClassLoader instrumentClass
INFO: Error while loading class: java.lang.ClassNotFoundException: Class 'org/mozilla/javascript/VMBridge_custom.class' should be in target project, but could not be found!
Aug 08, 2018 12:09:18 AM org.evosuite.runtime.thread.ThreadStopper killAndJoinClientThreads
INFO: Found new thread
Aug 08, 2018 12:09:18 AM org.evosuite.runtime.instrumentation.EvoClassLoader loadClass
INFO: Seeing class for first time: org.mozilla.javascript.VMBridge_custom
Aug 08, 2018 12:09:18 AM org.evosuite.runtime.instrumentation.EvoClassLoader instrumentClass
INFO: Instrumenting class 'org.mozilla.javascript.VMBridge_custom'.
Aug 08, 2018 12:09:18 AM org.evosuite.runtime.instrumentation.EvoClassLoader instrumentClass
INFO: Error while loading class: java.lang.ClassNotFoundException: Class 'org/mozilla/javascript/VMBridge_custom.class' should be in target project, but could not be found!
Aug 08, 2018 12:09:18 AM org.evosuite.runtime.thread.ThreadStopper killAndJoinClientThreads
INFO: Found new thread
Aug 08, 2018 12:09:18 AM org.evosuite.runtime.instrumentation.EvoClassLoader loadClass
INFO: Seeing class for first time: org.mozilla.javascript.VMBridge_custom
Aug 08, 2018 12:09:18 AM org.evosuite.runtime.instrumentation.EvoClassLoader instrumentClass
INFO: Instrumenting class 'org.mozilla.javascript.VMBridge_custom'.
Aug 08, 2018 12:09:18 AM org.evosuite.runtime.instrumentation.EvoClassLoader instrumentClass
INFO: Error while loading class: java.lang.ClassNotFoundException: Class 'org/mozilla/javascript/VMBridge_custom.class' should be in target project, but could not be found!
Aug 08, 2018 12:09:18 AM org.evosuite.runtime.instrumentation.EvoClassLoader loadClass
INFO: Seeing class for first time: org.mozilla.javascript.VMBridge_custom
Aug 08, 2018 12:09:18 AM org.evosuite.runtime.instrumentation.EvoClassLoader instrumentClass
INFO: Instrumenting class 'org.mozilla.javascript.VMBridge_custom'.
Aug 08, 2018 12:09:18 AM org.evosuite.runtime.instrumentation.EvoClassLoader instrumentClass
INFO: Error while loading class: java.lang.ClassNotFoundException: Class 'org/mozilla/javascript/VMBridge_custom.class' should be in target project, but could not be found!
Aug 08, 2018 12:09:18 AM org.evosuite.runtime.thread.ThreadStopper killAndJoinClientThreads
INFO: Found new thread
Aug 08, 2018 12:09:18 AM org.evosuite.runtime.instrumentation.EvoClassLoader loadClass
INFO: Seeing class for first time: org.mozilla.javascript.VMBridge_custom
Aug 08, 2018 12:09:18 AM org.evosuite.runtime.instrumentation.EvoClassLoader instrumentClass
INFO: Instrumenting class 'org.mozilla.javascript.VMBridge_custom'.
Aug 08, 2018 12:09:18 AM org.evosuite.runtime.instrumentation.EvoClassLoader instrumentClass
INFO: Error while loading class: java.lang.ClassNotFoundException: Class 'org/mozilla/javascript/VMBridge_custom.class' should be in target project, but could not be found!
Aug 08, 2018 12:09:18 AM org.evosuite.runtime.thread.ThreadStopper killAndJoinClientThreads
INFO: Found new thread
Aug 08, 2018 12:09:18 AM org.evosuite.runtime.instrumentation.EvoClassLoader loadClass
INFO: Seeing class for first time: org.mozilla.javascript.VMBridge_custom
Aug 08, 2018 12:09:18 AM org.evosuite.runtime.instrumentation.EvoClassLoader instrumentClass
INFO: Instrumenting class 'org.mozilla.javascript.VMBridge_custom'.
Aug 08, 2018 12:09:18 AM org.evosuite.runtime.instrumentation.EvoClassLoader instrumentClass
INFO: Error while loading class: java.lang.ClassNotFoundException: Class 'org/mozilla/javascript/VMBridge_custom.class' should be in target project, but could not be found!
Aug 08, 2018 12:09:18 AM org.evosuite.runtime.thread.ThreadStopper killAndJoinClientThreads
INFO: Found new thread
Aug 08, 2018 12:09:18 AM org.evosuite.runtime.instrumentation.EvoClassLoader loadClass
INFO: Seeing class for first time: org.mozilla.javascript.VMBridge_custom
Aug 08, 2018 12:09:18 AM org.evosuite.runtime.instrumentation.EvoClassLoader instrumentClass
INFO: Instrumenting class 'org.mozilla.javascript.VMBridge_custom'.
Aug 08, 2018 12:09:18 AM org.evosuite.runtime.instrumentation.EvoClassLoader instrumentClass
INFO: Error while loading class: java.lang.ClassNotFoundException: Class 'org/mozilla/javascript/VMBridge_custom.class' should be in target project, but could not be found!
Aug 08, 2018 12:09:18 AM org.evosuite.runtime.thread.ThreadStopper killAndJoinClientThreads
INFO: Found new thread
Aug 08, 2018 12:09:18 AM org.evosuite.runtime.instrumentation.EvoClassLoader loadClass
INFO: Seeing class for first time: org.mozilla.javascript.VMBridge_custom
Aug 08, 2018 12:09:18 AM org.evosuite.runtime.instrumentation.EvoClassLoader instrumentClass
INFO: Instrumenting class 'org.mozilla.javascript.VMBridge_custom'.
Aug 08, 2018 12:09:18 AM org.evosuite.runtime.instrumentation.EvoClassLoader instrumentClass
INFO: Error while loading class: java.lang.ClassNotFoundException: Class 'org/mozilla/javascript/VMBridge_custom.class' should be in target project, but could not be found!
Aug 08, 2018 12:09:18 AM org.evosuite.runtime.instrumentation.EvoClassLoader loadClass
INFO: Seeing class for first time: org.mozilla.javascript.VMBridge_custom
Aug 08, 2018 12:09:18 AM org.evosuite.runtime.instrumentation.EvoClassLoader instrumentClass
INFO: Instrumenting class 'org.mozilla.javascript.VMBridge_custom'.
Aug 08, 2018 12:09:18 AM org.evosuite.runtime.instrumentation.EvoClassLoader instrumentClass
INFO: Error while loading class: java.lang.ClassNotFoundException: Class 'org/mozilla/javascript/VMBridge_custom.class' should be in target project, but could not be found!
Aug 08, 2018 12:09:18 AM org.evosuite.runtime.instrumentation.EvoClassLoader loadClass
INFO: Seeing class for first time: org.mozilla.javascript.VMBridge_custom
Aug 08, 2018 12:09:18 AM org.evosuite.runtime.instrumentation.EvoClassLoader instrumentClass
INFO: Instrumenting class 'org.mozilla.javascript.VMBridge_custom'.
Aug 08, 2018 12:09:18 AM org.evosuite.runtime.instrumentation.EvoClassLoader instrumentClass
INFO: Error while loading class: java.lang.ClassNotFoundException: Class 'org/mozilla/javascript/VMBridge_custom.class' should be in target project, but could not be found!
Aug 08, 2018 12:09:18 AM org.evosuite.runtime.instrumentation.EvoClassLoader loadClass
INFO: Seeing class for first time: org.mozilla.javascript.VMBridge_custom
Aug 08, 2018 12:09:18 AM org.evosuite.runtime.instrumentation.EvoClassLoader instrumentClass
INFO: Instrumenting class 'org.mozilla.javascript.VMBridge_custom'.
Aug 08, 2018 12:09:18 AM org.evosuite.runtime.instrumentation.EvoClassLoader instrumentClass
INFO: Error while loading class: java.lang.ClassNotFoundException: Class 'org/mozilla/javascript/VMBridge_custom.class' should be in target project, but could not be found!
Aug 08, 2018 12:09:19 AM org.evosuite.runtime.instrumentation.EvoClassLoader loadClass
INFO: Seeing class for first time: org.mozilla.javascript.VMBridge_custom
Aug 08, 2018 12:09:19 AM org.evosuite.runtime.instrumentation.EvoClassLoader instrumentClass
INFO: Instrumenting class 'org.mozilla.javascript.VMBridge_custom'.
Aug 08, 2018 12:09:19 AM org.evosuite.runtime.instrumentation.EvoClassLoader instrumentClass
INFO: Error while loading class: java.lang.ClassNotFoundException: Class 'org/mozilla/javascript/VMBridge_custom.class' should be in target project, but could not be found!
Aug 08, 2018 12:09:19 AM org.evosuite.runtime.thread.ThreadStopper killAndJoinClientThreads
INFO: Found new thread
Aug 08, 2018 12:09:19 AM org.evosuite.runtime.instrumentation.EvoClassLoader loadClass
INFO: Seeing class for first time: org.mozilla.javascript.VMBridge_custom
Aug 08, 2018 12:09:19 AM org.evosuite.runtime.instrumentation.EvoClassLoader instrumentClass
INFO: Instrumenting class 'org.mozilla.javascript.VMBridge_custom'.
Aug 08, 2018 12:09:19 AM org.evosuite.runtime.instrumentation.EvoClassLoader instrumentClass
INFO: Error while loading class: java.lang.ClassNotFoundException: Class 'org/mozilla/javascript/VMBridge_custom.class' should be in target project, but could not be found!
Aug 08, 2018 12:09:19 AM org.evosuite.runtime.instrumentation.EvoClassLoader loadClass
INFO: Seeing class for first time: org.mozilla.javascript.VMBridge_custom
Aug 08, 2018 12:09:19 AM org.evosuite.runtime.instrumentation.EvoClassLoader instrumentClass
INFO: Instrumenting class 'org.mozilla.javascript.VMBridge_custom'.
Aug 08, 2018 12:09:19 AM org.evosuite.runtime.instrumentation.EvoClassLoader instrumentClass
INFO: Error while loading class: java.lang.ClassNotFoundException: Class 'org/mozilla/javascript/VMBridge_custom.class' should be in target project, but could not be found!
Aug 08, 2018 12:09:19 AM org.evosuite.runtime.instrumentation.EvoClassLoader loadClass
INFO: Seeing class for first time: org.mozilla.javascript.VMBridge_custom
Aug 08, 2018 12:09:19 AM org.evosuite.runtime.instrumentation.EvoClassLoader instrumentClass
INFO: Instrumenting class 'org.mozilla.javascript.VMBridge_custom'.
Aug 08, 2018 12:09:19 AM org.evosuite.runtime.instrumentation.EvoClassLoader instrumentClass
INFO: Error while loading class: java.lang.ClassNotFoundException: Class 'org/mozilla/javascript/VMBridge_custom.class' should be in target project, but could not be found!
Aug 08, 2018 12:09:19 AM org.evosuite.runtime.instrumentation.EvoClassLoader loadClass
INFO: Seeing class for first time: org.mozilla.javascript.VMBridge_custom
Aug 08, 2018 12:09:19 AM org.evosuite.runtime.instrumentation.EvoClassLoader instrumentClass
INFO: Instrumenting class 'org.mozilla.javascript.VMBridge_custom'.
Aug 08, 2018 12:09:19 AM org.evosuite.runtime.instrumentation.EvoClassLoader instrumentClass
INFO: Error while loading class: java.lang.ClassNotFoundException: Class 'org/mozilla/javascript/VMBridge_custom.class' should be in target project, but could not be found!
Aug 08, 2018 12:09:19 AM org.evosuite.runtime.instrumentation.EvoClassLoader loadClass
INFO: Seeing class for first time: org.mozilla.javascript.VMBridge_custom
Aug 08, 2018 12:09:19 AM org.evosuite.runtime.instrumentation.EvoClassLoader instrumentClass
INFO: Instrumenting class 'org.mozilla.javascript.VMBridge_custom'.
Aug 08, 2018 12:09:19 AM org.evosuite.runtime.instrumentation.EvoClassLoader instrumentClass
INFO: Error while loading class: java.lang.ClassNotFoundException: Class 'org/mozilla/javascript/VMBridge_custom.class' should be in target project, but could not be found!
Aug 08, 2018 12:09:19 AM org.evosuite.runtime.instrumentation.EvoClassLoader loadClass
INFO: Seeing class for first time: org.mozilla.javascript.VMBridge_custom
Aug 08, 2018 12:09:19 AM org.evosuite.runtime.instrumentation.EvoClassLoader instrumentClass
INFO: Instrumenting class 'org.mozilla.javascript.VMBridge_custom'.
Aug 08, 2018 12:09:19 AM org.evosuite.runtime.instrumentation.EvoClassLoader instrumentClass
INFO: Error while loading class: java.lang.ClassNotFoundException: Class 'org/mozilla/javascript/VMBridge_custom.class' should be in target project, but could not be found!
Aug 08, 2018 12:09:19 AM org.evosuite.runtime.thread.ThreadStopper killAndJoinClientThreads
INFO: Found new thread
Aug 08, 2018 12:09:19 AM org.evosuite.runtime.instrumentation.EvoClassLoader loadClass
INFO: Seeing class for first time: org.mozilla.javascript.VMBridge_custom
Aug 08, 2018 12:09:19 AM org.evosuite.runtime.instrumentation.EvoClassLoader instrumentClass
INFO: Instrumenting class 'org.mozilla.javascript.VMBridge_custom'.
Aug 08, 2018 12:09:19 AM org.evosuite.runtime.instrumentation.EvoClassLoader instrumentClass
INFO: Error while loading class: java.lang.ClassNotFoundException: Class 'org/mozilla/javascript/VMBridge_custom.class' should be in target project, but could not be found!
Aug 08, 2018 12:09:19 AM org.evosuite.runtime.thread.ThreadStopper killAndJoinClientThreads
INFO: Found new thread
Aug 08, 2018 12:09:19 AM org.evosuite.runtime.instrumentation.EvoClassLoader loadClass
INFO: Seeing class for first time: org.mozilla.javascript.VMBridge_custom
Aug 08, 2018 12:09:19 AM org.evosuite.runtime.instrumentation.EvoClassLoader instrumentClass
INFO: Instrumenting class 'org.mozilla.javascript.VMBridge_custom'.
Aug 08, 2018 12:09:19 AM org.evosuite.runtime.instrumentation.EvoClassLoader instrumentClass
INFO: Error while loading class: java.lang.ClassNotFoundException: Class 'org/mozilla/javascript/VMBridge_custom.class' should be in target project, but could not be found!
Aug 08, 2018 12:09:19 AM org.evosuite.runtime.instrumentation.EvoClassLoader loadClass
INFO: Seeing class for first time: org.mozilla.javascript.VMBridge_custom
Aug 08, 2018 12:09:19 AM org.evosuite.runtime.instrumentation.EvoClassLoader instrumentClass
INFO: Instrumenting class 'org.mozilla.javascript.VMBridge_custom'.
Aug 08, 2018 12:09:19 AM org.evosuite.runtime.instrumentation.EvoClassLoader instrumentClass
INFO: Error while loading class: java.lang.ClassNotFoundException: Class 'org/mozilla/javascript/VMBridge_custom.class' should be in target project, but could not be found!
Aug 08, 2018 12:09:19 AM org.evosuite.runtime.instrumentation.EvoClassLoader loadClass
INFO: Seeing class for first time: org.mozilla.javascript.VMBridge_custom
Aug 08, 2018 12:09:19 AM org.evosuite.runtime.instrumentation.EvoClassLoader instrumentClass
INFO: Instrumenting class 'org.mozilla.javascript.VMBridge_custom'.
Aug 08, 2018 12:09:19 AM org.evosuite.runtime.instrumentation.EvoClassLoader instrumentClass
INFO: Error while loading class: java.lang.ClassNotFoundException: Class 'org/mozilla/javascript/VMBridge_custom.class' should be in target project, but could not be found!
Aug 08, 2018 12:09:19 AM org.evosuite.runtime.instrumentation.EvoClassLoader loadClass
INFO: Seeing class for first time: org.mozilla.javascript.VMBridge_custom
Aug 08, 2018 12:09:19 AM org.evosuite.runtime.instrumentation.EvoClassLoader instrumentClass
INFO: Instrumenting class 'org.mozilla.javascript.VMBridge_custom'.
Aug 08, 2018 12:09:19 AM org.evosuite.runtime.instrumentation.EvoClassLoader instrumentClass
INFO: Error while loading class: java.lang.ClassNotFoundException: Class 'org/mozilla/javascript/VMBridge_custom.class' should be in target project, but could not be found!
Aug 08, 2018 12:09:19 AM org.evosuite.runtime.instrumentation.EvoClassLoader loadClass
INFO: Seeing class for first time: org.mozilla.javascript.VMBridge_custom
Aug 08, 2018 12:09:19 AM org.evosuite.runtime.instrumentation.EvoClassLoader instrumentClass
INFO: Instrumenting class 'org.mozilla.javascript.VMBridge_custom'.
Aug 08, 2018 12:09:19 AM org.evosuite.runtime.instrumentation.EvoClassLoader instrumentClass
INFO: Error while loading class: java.lang.ClassNotFoundException: Class 'org/mozilla/javascript/VMBridge_custom.class' should be in target project, but could not be found!
Aug 08, 2018 12:09:19 AM org.evosuite.runtime.thread.ThreadStopper killAndJoinClientThreads
INFO: Found new thread
Aug 08, 2018 12:09:19 AM org.evosuite.runtime.instrumentation.EvoClassLoader loadClass
INFO: Seeing class for first time: org.mozilla.javascript.VMBridge_custom
Aug 08, 2018 12:09:19 AM org.evosuite.runtime.instrumentation.EvoClassLoader instrumentClass
INFO: Instrumenting class 'org.mozilla.javascript.VMBridge_custom'.
Aug 08, 2018 12:09:19 AM org.evosuite.runtime.instrumentation.EvoClassLoader instrumentClass
INFO: Error while loading class: java.lang.ClassNotFoundException: Class 'org/mozilla/javascript/VMBridge_custom.class' should be in target project, but could not be found!
Aug 08, 2018 12:09:19 AM org.evosuite.runtime.thread.ThreadStopper killAndJoinClientThreads
INFO: Found new thread
Aug 08, 2018 12:09:19 AM org.evosuite.runtime.instrumentation.EvoClassLoader loadClass
INFO: Seeing class for first time: org.mozilla.javascript.VMBridge_custom
Aug 08, 2018 12:09:19 AM org.evosuite.runtime.instrumentation.EvoClassLoader instrumentClass
INFO: Instrumenting class 'org.mozilla.javascript.VMBridge_custom'.
Aug 08, 2018 12:09:19 AM org.evosuite.runtime.instrumentation.EvoClassLoader instrumentClass
INFO: Error while loading class: java.lang.ClassNotFoundException: Class 'org/mozilla/javascript/VMBridge_custom.class' should be in target project, but could not be found!
Aug 08, 2018 12:09:19 AM org.evosuite.runtime.thread.ThreadStopper killAndJoinClientThreads
INFO: Found new thread
Aug 08, 2018 12:09:19 AM org.evosuite.runtime.instrumentation.EvoClassLoader loadClass
INFO: Seeing class for first time: org.mozilla.javascript.VMBridge_custom
Aug 08, 2018 12:09:19 AM org.evosuite.runtime.instrumentation.EvoClassLoader instrumentClass
INFO: Instrumenting class 'org.mozilla.javascript.VMBridge_custom'.
Aug 08, 2018 12:09:19 AM org.evosuite.runtime.instrumentation.EvoClassLoader instrumentClass
INFO: Error while loading class: java.lang.ClassNotFoundException: Class 'org/mozilla/javascript/VMBridge_custom.class' should be in target project, but could not be found!
Aug 08, 2018 12:09:19 AM org.evosuite.runtime.thread.ThreadStopper killAndJoinClientThreads
INFO: Found new thread
Aug 08, 2018 12:09:19 AM org.evosuite.runtime.instrumentation.EvoClassLoader loadClass
INFO: Seeing class for first time: org.mozilla.javascript.VMBridge_custom
Aug 08, 2018 12:09:19 AM org.evosuite.runtime.instrumentation.EvoClassLoader instrumentClass
INFO: Instrumenting class 'org.mozilla.javascript.VMBridge_custom'.
Aug 08, 2018 12:09:19 AM org.evosuite.runtime.instrumentation.EvoClassLoader instrumentClass
INFO: Error while loading class: java.lang.ClassNotFoundException: Class 'org/mozilla/javascript/VMBridge_custom.class' should be in target project, but could not be found!
Aug 08, 2018 12:09:19 AM org.evosuite.runtime.thread.ThreadStopper killAndJoinClientThreads
INFO: Found new thread
Aug 08, 2018 12:09:19 AM org.evosuite.runtime.instrumentation.EvoClassLoader loadClass
INFO: Seeing class for first time: org.mozilla.javascript.VMBridge_custom
Aug 08, 2018 12:09:19 AM org.evosuite.runtime.instrumentation.EvoClassLoader instrumentClass
INFO: Instrumenting class 'org.mozilla.javascript.VMBridge_custom'.
Aug 08, 2018 12:09:19 AM org.evosuite.runtime.instrumentation.EvoClassLoader instrumentClass
INFO: Error while loading class: java.lang.ClassNotFoundException: Class 'org/mozilla/javascript/VMBridge_custom.class' should be in target project, but could not be found!
Aug 08, 2018 12:09:19 AM org.evosuite.runtime.thread.ThreadStopper killAndJoinClientThreads
INFO: Found new thread
Aug 08, 2018 12:09:19 AM org.evosuite.runtime.instrumentation.EvoClassLoader loadClass
INFO: Seeing class for first time: org.mozilla.javascript.VMBridge_custom
Aug 08, 2018 12:09:19 AM org.evosuite.runtime.instrumentation.EvoClassLoader instrumentClass
INFO: Instrumenting class 'org.mozilla.javascript.VMBridge_custom'.
Aug 08, 2018 12:09:19 AM org.evosuite.runtime.instrumentation.EvoClassLoader instrumentClass
INFO: Error while loading class: java.lang.ClassNotFoundException: Class 'org/mozilla/javascript/VMBridge_custom.class' should be in target project, but could not be found!
Aug 08, 2018 12:09:19 AM org.evosuite.runtime.thread.ThreadStopper killAndJoinClientThreads
INFO: Found new thread
Aug 08, 2018 12:09:19 AM org.evosuite.runtime.instrumentation.EvoClassLoader loadClass
INFO: Seeing class for first time: org.mozilla.javascript.VMBridge_custom
Aug 08, 2018 12:09:19 AM org.evosuite.runtime.instrumentation.EvoClassLoader instrumentClass
INFO: Instrumenting class 'org.mozilla.javascript.VMBridge_custom'.
Aug 08, 2018 12:09:19 AM org.evosuite.runtime.instrumentation.EvoClassLoader instrumentClass
INFO: Error while loading class: java.lang.ClassNotFoundException: Class 'org/mozilla/javascript/VMBridge_custom.class' should be in target project, but could not be found!
Aug 08, 2018 12:09:19 AM org.evosuite.runtime.thread.ThreadStopper killAndJoinClientThreads
INFO: Found new thread
Aug 08, 2018 12:09:19 AM org.evosuite.runtime.instrumentation.EvoClassLoader loadClass
INFO: Seeing class for first time: org.mozilla.javascript.VMBridge_custom
Aug 08, 2018 12:09:19 AM org.evosuite.runtime.instrumentation.EvoClassLoader instrumentClass
INFO: Instrumenting class 'org.mozilla.javascript.VMBridge_custom'.
Aug 08, 2018 12:09:19 AM org.evosuite.runtime.instrumentation.EvoClassLoader instrumentClass
INFO: Error while loading class: java.lang.ClassNotFoundException: Class 'org/mozilla/javascript/VMBridge_custom.class' should be in target project, but could not be found!
Aug 08, 2018 12:09:19 AM org.evosuite.runtime.instrumentation.EvoClassLoader loadClass
INFO: Seeing class for first time: org.mozilla.javascript.VMBridge_custom
Aug 08, 2018 12:09:19 AM org.evosuite.runtime.instrumentation.EvoClassLoader instrumentClass
INFO: Instrumenting class 'org.mozilla.javascript.VMBridge_custom'.
Aug 08, 2018 12:09:19 AM org.evosuite.runtime.instrumentation.EvoClassLoader instrumentClass
INFO: Error while loading class: java.lang.ClassNotFoundException: Class 'org/mozilla/javascript/VMBridge_custom.class' should be in target project, but could not be found!
Aug 08, 2018 12:09:19 AM org.evosuite.runtime.instrumentation.EvoClassLoader loadClass
INFO: Seeing class for first time: org.mozilla.javascript.VMBridge_custom
Aug 08, 2018 12:09:19 AM org.evosuite.runtime.instrumentation.EvoClassLoader instrumentClass
INFO: Instrumenting class 'org.mozilla.javascript.VMBridge_custom'.
Aug 08, 2018 12:09:19 AM org.evosuite.runtime.instrumentation.EvoClassLoader instrumentClass
INFO: Error while loading class: java.lang.ClassNotFoundException: Class 'org/mozilla/javascript/VMBridge_custom.class' should be in target project, but could not be found!
Aug 08, 2018 12:09:19 AM org.evosuite.runtime.instrumentation.EvoClassLoader loadClass
INFO: Seeing class for first time: org.mozilla.javascript.VMBridge_custom
Aug 08, 2018 12:09:19 AM org.evosuite.runtime.instrumentation.EvoClassLoader instrumentClass
INFO: Instrumenting class 'org.mozilla.javascript.VMBridge_custom'.
Aug 08, 2018 12:09:19 AM org.evosuite.runtime.instrumentation.EvoClassLoader instrumentClass
INFO: Error while loading class: java.lang.ClassNotFoundException: Class 'org/mozilla/javascript/VMBridge_custom.class' should be in target project, but could not be found!
]]></system-err>
</testsuite>
