<?xml version="1.0" encoding="UTF-8"?>
<testsuite name="org.mozilla.javascript.xmlimpl.XmlNode_ESTest" tests="52" skipped="5" failures="0" errors="0" timestamp="2018-08-07T23:56:10" hostname="cobb" time="4.771">
  <properties/>
  <testcase name="test35" classname="org.mozilla.javascript.xmlimpl.XmlNode_ESTest" time="0.643"/>
  <testcase name="test36" classname="org.mozilla.javascript.xmlimpl.XmlNode_ESTest" time="0.124"/>
  <testcase name="test37" classname="org.mozilla.javascript.xmlimpl.XmlNode_ESTest" time="0.076"/>
  <testcase name="test38" classname="org.mozilla.javascript.xmlimpl.XmlNode_ESTest" time="0.069"/>
  <testcase name="test31" classname="org.mozilla.javascript.xmlimpl.XmlNode_ESTest" time="0.121"/>
  <testcase name="test32" classname="org.mozilla.javascript.xmlimpl.XmlNode_ESTest" time="0.081"/>
  <testcase name="test33" classname="org.mozilla.javascript.xmlimpl.XmlNode_ESTest" time="0.147"/>
  <testcase name="test34" classname="org.mozilla.javascript.xmlimpl.XmlNode_ESTest" time="0.049"/>
  <testcase name="test39" classname="org.mozilla.javascript.xmlimpl.XmlNode_ESTest" time="0.038"/>
  <testcase name="test30" classname="org.mozilla.javascript.xmlimpl.XmlNode_ESTest" time="0.088"/>
  <testcase name="test24" classname="org.mozilla.javascript.xmlimpl.XmlNode_ESTest" time="0.12"/>
  <testcase name="test25" classname="org.mozilla.javascript.xmlimpl.XmlNode_ESTest" time="0.061"/>
  <testcase name="test26" classname="org.mozilla.javascript.xmlimpl.XmlNode_ESTest" time="0.054"/>
  <testcase name="test27" classname="org.mozilla.javascript.xmlimpl.XmlNode_ESTest" time="0.054"/>
  <testcase name="test20" classname="org.mozilla.javascript.xmlimpl.XmlNode_ESTest" time="0.076"/>
  <testcase name="test21" classname="org.mozilla.javascript.xmlimpl.XmlNode_ESTest" time="0.416"/>
  <testcase name="test22" classname="org.mozilla.javascript.xmlimpl.XmlNode_ESTest" time="0.079"/>
  <testcase name="test23" classname="org.mozilla.javascript.xmlimpl.XmlNode_ESTest" time="0.083"/>
  <testcase name="test28" classname="org.mozilla.javascript.xmlimpl.XmlNode_ESTest" time="0.045"/>
  <testcase name="test29" classname="org.mozilla.javascript.xmlimpl.XmlNode_ESTest" time="0.056"/>
  <testcase name="test13" classname="org.mozilla.javascript.xmlimpl.XmlNode_ESTest" time="0.049"/>
  <testcase name="test14" classname="org.mozilla.javascript.xmlimpl.XmlNode_ESTest" time="0.105"/>
  <testcase name="test15" classname="org.mozilla.javascript.xmlimpl.XmlNode_ESTest" time="0.038"/>
  <testcase name="test16" classname="org.mozilla.javascript.xmlimpl.XmlNode_ESTest" time="0.068"/>
  <testcase name="test10" classname="org.mozilla.javascript.xmlimpl.XmlNode_ESTest" time="0.212">
    <skipped/>
  </testcase>
  <testcase name="test11" classname="org.mozilla.javascript.xmlimpl.XmlNode_ESTest" time="0.061">
    <skipped/>
  </testcase>
  <testcase name="test12" classname="org.mozilla.javascript.xmlimpl.XmlNode_ESTest" time="0.024"/>
  <testcase name="test17" classname="org.mozilla.javascript.xmlimpl.XmlNode_ESTest" time="0.055">
    <skipped/>
  </testcase>
  <testcase name="test18" classname="org.mozilla.javascript.xmlimpl.XmlNode_ESTest" time="0.054"/>
  <testcase name="test19" classname="org.mozilla.javascript.xmlimpl.XmlNode_ESTest" time="0.041">
    <skipped/>
  </testcase>
  <testcase name="test50" classname="org.mozilla.javascript.xmlimpl.XmlNode_ESTest" time="0.041"/>
  <testcase name="test51" classname="org.mozilla.javascript.xmlimpl.XmlNode_ESTest" time="0.045">
    <skipped/>
  </testcase>
  <testcase name="test02" classname="org.mozilla.javascript.xmlimpl.XmlNode_ESTest" time="0.029"/>
  <testcase name="test46" classname="org.mozilla.javascript.xmlimpl.XmlNode_ESTest" time="0.076"/>
  <testcase name="test03" classname="org.mozilla.javascript.xmlimpl.XmlNode_ESTest" time="0.035"/>
  <testcase name="test47" classname="org.mozilla.javascript.xmlimpl.XmlNode_ESTest" time="0.23"/>
  <testcase name="test04" classname="org.mozilla.javascript.xmlimpl.XmlNode_ESTest" time="0.025"/>
  <testcase name="test48" classname="org.mozilla.javascript.xmlimpl.XmlNode_ESTest" time="0.05"/>
  <testcase name="test05" classname="org.mozilla.javascript.xmlimpl.XmlNode_ESTest" time="0.041"/>
  <testcase name="test49" classname="org.mozilla.javascript.xmlimpl.XmlNode_ESTest" time="0.056"/>
  <testcase name="test42" classname="org.mozilla.javascript.xmlimpl.XmlNode_ESTest" time="0.043"/>
  <testcase name="test43" classname="org.mozilla.javascript.xmlimpl.XmlNode_ESTest" time="0.054"/>
  <testcase name="test00" classname="org.mozilla.javascript.xmlimpl.XmlNode_ESTest" time="0.023"/>
  <testcase name="test44" classname="org.mozilla.javascript.xmlimpl.XmlNode_ESTest" time="0.076"/>
  <testcase name="test01" classname="org.mozilla.javascript.xmlimpl.XmlNode_ESTest" time="0.077"/>
  <testcase name="test45" classname="org.mozilla.javascript.xmlimpl.XmlNode_ESTest" time="0.079"/>
  <testcase name="test06" classname="org.mozilla.javascript.xmlimpl.XmlNode_ESTest" time="0.053"/>
  <testcase name="test07" classname="org.mozilla.javascript.xmlimpl.XmlNode_ESTest" time="0.043"/>
  <testcase name="test08" classname="org.mozilla.javascript.xmlimpl.XmlNode_ESTest" time="0.032"/>
  <testcase name="test09" classname="org.mozilla.javascript.xmlimpl.XmlNode_ESTest" time="0.037"/>
  <testcase name="test40" classname="org.mozilla.javascript.xmlimpl.XmlNode_ESTest" time="0.027"/>
  <testcase name="test41" classname="org.mozilla.javascript.xmlimpl.XmlNode_ESTest" time="0.036"/>
  <system-out><![CDATA[]]></system-out>
  <system-err><![CDATA[Aug 07, 2018 4:55:32 PM org.evosuite.runtime.agent.AgentLoader loadAgent
INFO: dynamically loading javaagent
Aug 07, 2018 4:55:32 PM org.evosuite.runtime.agent.AgentLoader loadAgent
INFO: Using JavaAgent in /home/mmotwani/rhino/EVOSUITETESTS/evosuite_1/evosuite-tests/evosuite-standalone-runtime-1.0.6.jar
Aug 07, 2018 4:55:32 PM org.evosuite.runtime.agent.AgentLoader loadAgent
INFO: Classpath: /home/mmotwani/rhino/buildGradle/classes/java/test:/home/mmotwani/rhino/buildGradle/resources/test:/home/mmotwani/rhino/buildGradle/classes/java/main:/home/mmotwani/rhino/buildGradle/resources/main:/home/mmotwani/rhino/EVOSUITETESTS/evosuite_1/evosuite-tests/evosuite-standalone-runtime-1.0.6.jar:/home/mmotwani/rhino/EVOSUITETESTS/evosuite_1/evosuite-tests/slf4j.jdk14-1.6.1.jar:/home/mmotwani/.gradle/caches/modules-2/files-2.1/junit/junit/4.12/2973d150c0dc1fefe998f834810d68f278ea58ec/junit-4.12.jar:/home/mmotwani/.gradle/caches/modules-2/files-2.1/org.yaml/snakeyaml/1.15/3b132bea69e8ee099f416044970997bde80f4ea6/snakeyaml-1.15.jar:/home/mmotwani/.gradle/caches/modules-2/files-2.1/net.trajano.caliper/caliper/1.2.1/b4dcdf8b2e8a59268511eab505144b8a84e628ab/caliper-1.2.1.jar:/home/mmotwani/.gradle/caches/modules-2/files-2.1/org.hamcrest/hamcrest-core/1.3/42a25dc3219429f0e5d060061f71acb49bf010a0/hamcrest-core-1.3.jar:/home/mmotwani/.gradle/caches/modules-2/files-2.1/com.google.code.gson/gson/2.3.1/ecb6e1f8e4b0e84c4b886c2f14a1500caf309757/gson-2.3.1.jar:/home/mmotwani/.gradle/caches/modules-2/files-2.1/com.google.code.java-allocation-instrumenter/java-allocation-instrumenter/3.0/2e0cca505a5d64da11bf265158f2a52d150050b2/java-allocation-instrumenter-3.0.jar:/home/mmotwani/.gradle/caches/modules-2/files-2.1/com.google.guava/guava/18.0/cce0823396aa693798f8882e64213b1772032b09/guava-18.0.jar:/home/mmotwani/.gradle/caches/modules-2/files-2.1/com.google.inject.extensions/guice-assistedinject/3.0/544449ddb19f088dcde44f055d30a08835a954a7/guice-assistedinject-3.0.jar:/home/mmotwani/.gradle/caches/modules-2/files-2.1/com.google.inject.extensions/guice-multibindings/3.0/5e670615a927571234df68a8b1fe1a16272be555/guice-multibindings-3.0.jar:/home/mmotwani/.gradle/caches/modules-2/files-2.1/com.google.inject/guice/3.0/9d84f15fe35e2c716a02979fb62f50a29f38aefa/guice-3.0.jar:/home/mmotwani/.gradle/caches/modules-2/files-2.1/joda-time/joda-time/2.7/5599707a3eaad13e889f691b3af78c8c03842195/joda-time-2.7.jar:/home/mmotwani/.gradle/caches/modules-2/files-2.1/org.apache.commons/commons-math/2.2/4877b85d388275f994a5cfc7eceb73a8045d3006/commons-math-2.2.jar:/home/mmotwani/.gradle/caches/modules-2/files-2.1/org.glassfish.jersey.core/jersey-client/2.16/72ccdd4a542964b6c053b1d238d2d5ac1a6147c9/jersey-client-2.16.jar:/home/mmotwani/.gradle/caches/modules-2/files-2.1/org.ow2.asm/asm-analysis/5.0.3/c7126aded0e8e13fed5f913559a0dd7b770a10f3/asm-analysis-5.0.3.jar:/home/mmotwani/.gradle/caches/modules-2/files-2.1/org.ow2.asm/asm-commons/5.0.3/a7111830132c7f87d08fe48cb0ca07630f8cb91c/asm-commons-5.0.3.jar:/home/mmotwani/.gradle/caches/modules-2/files-2.1/org.ow2.asm/asm-xml/5.0.3/440c3f0a1e2459716ecc65d67ed3bde51727893d/asm-xml-5.0.3.jar:/home/mmotwani/.gradle/caches/modules-2/files-2.1/org.ow2.asm/asm-util/5.0.3/1512e5571325854b05fb1efce1db75fcced54389/asm-util-5.0.3.jar:/home/mmotwani/.gradle/caches/modules-2/files-2.1/org.ow2.asm/asm-tree/5.0.3/287749b48ba7162fb67c93a026d690b29f410bed/asm-tree-5.0.3.jar:/home/mmotwani/.gradle/caches/modules-2/files-2.1/org.ow2.asm/asm/5.0.3/dcc2193db20e19e1feca8b1240dbbc4e190824fa/asm-5.0.3.jar:/home/mmotwani/.gradle/caches/modules-2/files-2.1/org.glassfish.jersey.core/jersey-common/2.16/28aadc6d6e9978b51c3fa898d4989d908d2f65c8/jersey-common-2.16.jar:/home/mmotwani/.gradle/caches/modules-2/files-2.1/org.glassfish.hk2/hk2-locator/2.4.0-b09/1508f542ca9e0e9ab355ae937566e096b32f89c0/hk2-locator-2.4.0-b09.jar:/home/mmotwani/.gradle/caches/modules-2/files-2.1/org.glassfish.hk2/hk2-api/2.4.0-b09/b69de840ba9ddf35e10355b5febfd9a191f0e183/hk2-api-2.4.0-b09.jar:/home/mmotwani/.gradle/caches/modules-2/files-2.1/org.glassfish.hk2/hk2-utils/2.4.0-b09/fbc70b91b67b1ff6b419e52b60d2991543c7e65d/hk2-utils-2.4.0-b09.jar:/home/mmotwani/.gradle/caches/modules-2/files-2.1/javax.inject/javax.inject/1/6975da39a7040257bd51d21a231b76c915872d38/javax.inject-1.jar:/home/mmotwani/.gradle/caches/modules-2/files-2.1/aopalliance/aopalliance/1.0/235ba8b489512805ac13a8f9ea77a1ca5ebe3e8/aopalliance-1.0.jar:/home/mmotwani/.gradle/caches/modules-2/files-2.1/org.sonatype.sisu.inject/cglib/2.2.1-v20090111/7ce5e983fd0e6c78346f4c9cbfa39d83049dda2/cglib-2.2.1-v20090111.jar:/home/mmotwani/.gradle/caches/modules-2/files-2.1/javax.ws.rs/javax.ws.rs-api/2.0.1/104e9c2b5583cfcfeac0402316221648d6d8ea6b/javax.ws.rs-api-2.0.1.jar:/home/mmotwani/.gradle/caches/modules-2/files-2.1/org.glassfish.hk2.external/javax.inject/2.4.0-b09/69b84056c8eb051684fb774c0a7efd040212dcac/javax.inject-2.4.0-b09.jar:/home/mmotwani/.gradle/caches/modules-2/files-2.1/asm/asm/3.1/c157def142714c544bdea2e6144645702adf7097/asm-3.1.jar:/home/mmotwani/.gradle/caches/modules-2/files-2.1/javax.annotation/javax.annotation-api/1.2/479c1e06db31c432330183f5cae684163f186146/javax.annotation-api-1.2.jar:/home/mmotwani/.gradle/caches/modules-2/files-2.1/org.glassfish.jersey.bundles.repackaged/jersey-guava/2.16/aef7416e0986171c628ae9402bbbca38761d4b25/jersey-guava-2.16.jar:/home/mmotwani/.gradle/caches/modules-2/files-2.1/org.glassfish.hk2/osgi-resource-locator/1.0.1/4ed2b2d4738aed5786cfa64cba5a332779c4c708/osgi-resource-locator-1.0.1.jar:/home/mmotwani/.gradle/caches/modules-2/files-2.1/org.glassfish.hk2.external/aopalliance-repackaged/2.4.0-b09/da39da3a3ad3bde943970cc6664949369545cadc/aopalliance-repackaged-2.4.0-b09.jar:/home/mmotwani/.gradle/caches/modules-2/files-2.1/org.javassist/javassist/3.18.1-GA/d9a09f7732226af26bf99f19e2cffe0ae219db5b/javassist-3.18.1-GA.jar
Aug 07, 2018 4:55:32 PM org.evosuite.runtime.agent.AgentLoader loadAgent
INFO: Going to attach agent to process 32270
Aug 07, 2018 4:55:33 PM org.evosuite.runtime.agent.InstrumentingAgent agentmain
INFO: Executing agentmain of JavaAgent
Aug 07, 2018 11:55:39 PM org.evosuite.runtime.instrumentation.MethodCallReplacementClassAdapter visit
INFO: Adding mock interface to class org/mozilla/javascript/NativeBoolean
Aug 07, 2018 11:55:39 PM org.evosuite.runtime.instrumentation.CreateClassResetClassAdapter visitMethod
INFO: Found static initializer in class org/mozilla/javascript/NativeBoolean
Aug 07, 2018 11:55:39 PM org.evosuite.runtime.instrumentation.MethodCallReplacementClassAdapter visit
INFO: Adding mock interface to class org/mozilla/javascript/IdScriptableObject
Aug 07, 2018 11:55:40 PM org.evosuite.runtime.instrumentation.CreateClassResetClassAdapter createEmptyStaticReset
INFO: Creating brand-new static initializer in class org/mozilla/javascript/IdScriptableObject
Aug 07, 2018 11:55:40 PM org.evosuite.runtime.instrumentation.MethodCallReplacementClassAdapter visit
INFO: Adding mock interface to class org/mozilla/javascript/ScriptableObject
Aug 07, 2018 11:55:40 PM org.evosuite.runtime.instrumentation.CreateClassResetClassAdapter visitMethod
INFO: Found static initializer in class org/mozilla/javascript/ScriptableObject
Aug 07, 2018 11:55:41 PM org.evosuite.runtime.instrumentation.MethodCallReplacementClassAdapter visit
INFO: Adding mock interface to class org/mozilla/javascript/EvaluatorException
Aug 07, 2018 11:55:41 PM org.evosuite.runtime.instrumentation.CreateClassResetClassAdapter createEmptyStaticReset
INFO: Creating brand-new static initializer in class org/mozilla/javascript/EvaluatorException
Aug 07, 2018 11:55:41 PM org.evosuite.runtime.instrumentation.MethodCallReplacementClassAdapter visit
INFO: Adding mock interface to class org/mozilla/javascript/RhinoException
Aug 07, 2018 11:55:41 PM org.evosuite.runtime.instrumentation.CreateClassResetClassAdapter visitMethod
INFO: Found static initializer in class org/mozilla/javascript/RhinoException
Aug 07, 2018 11:55:41 PM org.evosuite.runtime.instrumentation.MethodCallReplacementClassAdapter visit
INFO: Adding mock interface to class org/mozilla/javascript/BaseFunction
Aug 07, 2018 11:55:41 PM org.evosuite.runtime.instrumentation.CreateClassResetClassAdapter visitMethod
INFO: Found static initializer in class org/mozilla/javascript/BaseFunction
Aug 07, 2018 11:55:41 PM org.evosuite.runtime.instrumentation.MethodCallReplacementClassAdapter visit
INFO: Adding mock interface to class org/mozilla/javascript/FunctionObject
Aug 07, 2018 11:55:41 PM org.evosuite.runtime.instrumentation.CreateClassResetClassAdapter createEmptyStaticReset
INFO: Creating brand-new static initializer in class org/mozilla/javascript/FunctionObject
Aug 07, 2018 11:55:41 PM org.evosuite.runtime.instrumentation.CreateClassResetClassAdapter createEmptyStaticReset
INFO: Adding bytecode for initializing field VARARGS_METHOD
Aug 07, 2018 11:55:41 PM org.evosuite.runtime.instrumentation.CreateClassResetClassAdapter createEmptyStaticReset
INFO: Adding bytecode for initializing field VARARGS_CTOR
Aug 07, 2018 11:55:41 PM org.evosuite.runtime.instrumentation.CreateClassResetClassAdapter createEmptyStaticReset
INFO: Adding bytecode for initializing field sawSecurityException
Aug 07, 2018 11:55:41 PM org.evosuite.runtime.instrumentation.CreateClassResetClassAdapter createEmptyStaticReset
INFO: Adding bytecode for initializing field JAVA_UNSUPPORTED_TYPE
Aug 07, 2018 11:55:41 PM org.evosuite.runtime.instrumentation.CreateClassResetClassAdapter createEmptyStaticReset
INFO: Adding bytecode for initializing field JAVA_STRING_TYPE
Aug 07, 2018 11:55:41 PM org.evosuite.runtime.instrumentation.CreateClassResetClassAdapter createEmptyStaticReset
INFO: Adding bytecode for initializing field JAVA_INT_TYPE
Aug 07, 2018 11:55:41 PM org.evosuite.runtime.instrumentation.CreateClassResetClassAdapter createEmptyStaticReset
INFO: Adding bytecode for initializing field JAVA_BOOLEAN_TYPE
Aug 07, 2018 11:55:41 PM org.evosuite.runtime.instrumentation.CreateClassResetClassAdapter createEmptyStaticReset
INFO: Adding bytecode for initializing field JAVA_DOUBLE_TYPE
Aug 07, 2018 11:55:41 PM org.evosuite.runtime.instrumentation.CreateClassResetClassAdapter createEmptyStaticReset
INFO: Adding bytecode for initializing field JAVA_SCRIPTABLE_TYPE
Aug 07, 2018 11:55:41 PM org.evosuite.runtime.instrumentation.CreateClassResetClassAdapter createEmptyStaticReset
INFO: Adding bytecode for initializing field JAVA_OBJECT_TYPE
Aug 07, 2018 11:55:41 PM org.evosuite.runtime.instrumentation.MethodCallReplacementClassAdapter visit
INFO: Adding mock interface to class org/mozilla/javascript/EcmaError
Aug 07, 2018 11:55:41 PM org.evosuite.runtime.instrumentation.CreateClassResetClassAdapter createEmptyStaticReset
INFO: Creating brand-new static initializer in class org/mozilla/javascript/EcmaError
Aug 07, 2018 11:55:42 PM org.evosuite.runtime.instrumentation.MethodCallReplacementClassAdapter visit
INFO: Adding mock interface to class org/mozilla/javascript/NativeObject
Aug 07, 2018 11:55:42 PM org.evosuite.runtime.instrumentation.CreateClassResetClassAdapter visitMethod
INFO: Found static initializer in class org/mozilla/javascript/NativeObject
Aug 07, 2018 11:55:42 PM org.evosuite.runtime.instrumentation.MethodCallReplacementClassAdapter visit
INFO: Adding mock interface to class org/mozilla/javascript/SlotMapContainer
Aug 07, 2018 11:55:42 PM org.evosuite.runtime.instrumentation.CreateClassResetClassAdapter createEmptyStaticReset
INFO: Creating brand-new static initializer in class org/mozilla/javascript/SlotMapContainer
Aug 07, 2018 11:55:42 PM org.evosuite.runtime.instrumentation.CreateClassResetClassAdapter createEmptyStaticReset
INFO: Adding bytecode for initializing field LARGE_HASH_SIZE
Aug 07, 2018 11:55:42 PM org.evosuite.runtime.instrumentation.MethodCallReplacementClassAdapter visit
INFO: Adding mock interface to class org/mozilla/javascript/ThreadSafeSlotMapContainer
Aug 07, 2018 11:55:42 PM org.evosuite.runtime.instrumentation.CreateClassResetClassAdapter visitMethod
INFO: Found static initializer in class org/mozilla/javascript/ThreadSafeSlotMapContainer
Aug 07, 2018 11:55:42 PM org.evosuite.runtime.instrumentation.MethodCallReplacementClassAdapter visit
INFO: Adding mock interface to class org/mozilla/javascript/JavaScriptException
Aug 07, 2018 11:55:42 PM org.evosuite.runtime.instrumentation.CreateClassResetClassAdapter createEmptyStaticReset
INFO: Creating brand-new static initializer in class org/mozilla/javascript/JavaScriptException
Aug 07, 2018 11:55:42 PM org.evosuite.runtime.instrumentation.MethodCallReplacementClassAdapter visit
INFO: Adding mock interface to class org/mozilla/javascript/IdFunctionObject
Aug 07, 2018 11:55:42 PM org.evosuite.runtime.instrumentation.CreateClassResetClassAdapter createEmptyStaticReset
INFO: Creating brand-new static initializer in class org/mozilla/javascript/IdFunctionObject
Aug 07, 2018 11:55:42 PM org.evosuite.runtime.instrumentation.MethodCallReplacementClassAdapter visit
INFO: Adding mock interface to class org/mozilla/javascript/IdFunctionObjectES6
Aug 07, 2018 11:55:42 PM org.evosuite.runtime.instrumentation.CreateClassResetClassAdapter createEmptyStaticReset
INFO: Creating brand-new static initializer in class org/mozilla/javascript/IdFunctionObjectES6
Aug 07, 2018 11:55:42 PM org.evosuite.runtime.instrumentation.CreateClassResetClassAdapter createEmptyStaticReset
INFO: Adding bytecode for initializing field Id_length
Aug 07, 2018 11:55:42 PM org.evosuite.runtime.instrumentation.CreateClassResetClassAdapter createEmptyStaticReset
INFO: Adding bytecode for initializing field Id_name
Aug 07, 2018 11:55:42 PM org.evosuite.runtime.instrumentation.MethodCallReplacementClassAdapter visit
INFO: Adding mock interface to class org/mozilla/javascript/Context
Aug 07, 2018 11:55:42 PM org.evosuite.runtime.instrumentation.CreateClassResetClassAdapter visitMethod
INFO: Found static initializer in class org/mozilla/javascript/Context
Aug 07, 2018 11:55:42 PM org.evosuite.runtime.instrumentation.MethodCallReplacementClassAdapter visit
INFO: Adding mock interface to class org/mozilla/javascript/ScriptableObject$KeyComparator
Aug 07, 2018 11:55:43 PM org.evosuite.runtime.instrumentation.CreateClassResetClassAdapter createEmptyStaticReset
INFO: Creating brand-new static initializer in class org/mozilla/javascript/ScriptableObject$KeyComparator
Aug 07, 2018 11:55:43 PM org.evosuite.runtime.instrumentation.MethodCallReplacementClassAdapter visit
INFO: Adding mock interface to class org/mozilla/javascript/ast/ObjectLiteral
Aug 07, 2018 11:55:43 PM org.evosuite.runtime.instrumentation.CreateClassResetClassAdapter visitMethod
INFO: Found static initializer in class org/mozilla/javascript/ast/ObjectLiteral
Aug 07, 2018 11:55:43 PM org.evosuite.runtime.instrumentation.MethodCallReplacementClassAdapter visit
INFO: Adding mock interface to class org/mozilla/javascript/ast/AstNode
Aug 07, 2018 11:55:43 PM org.evosuite.runtime.instrumentation.CreateClassResetClassAdapter visitMethod
INFO: Found static initializer in class org/mozilla/javascript/ast/AstNode
Aug 07, 2018 11:55:43 PM org.evosuite.runtime.instrumentation.MethodCallReplacementClassAdapter visit
INFO: Adding mock interface to class org/mozilla/javascript/Node
Aug 07, 2018 11:55:43 PM org.evosuite.runtime.instrumentation.CreateClassResetClassAdapter visitMethod
INFO: Found static initializer in class org/mozilla/javascript/Node
Aug 07, 2018 11:55:43 PM org.evosuite.runtime.instrumentation.MethodCallReplacementClassAdapter visit
INFO: Adding mock interface to class org/mozilla/javascript/ast/NumberLiteral
Aug 07, 2018 11:55:43 PM org.evosuite.runtime.instrumentation.CreateClassResetClassAdapter createEmptyStaticReset
INFO: Creating brand-new static initializer in class org/mozilla/javascript/ast/NumberLiteral
Aug 07, 2018 11:55:43 PM org.evosuite.runtime.instrumentation.MethodCallReplacementClassAdapter visit
INFO: Adding mock interface to class org/mozilla/javascript/ast/Jump
Aug 07, 2018 11:55:43 PM org.evosuite.runtime.instrumentation.CreateClassResetClassAdapter createEmptyStaticReset
INFO: Creating brand-new static initializer in class org/mozilla/javascript/ast/Jump
Aug 07, 2018 11:55:43 PM org.evosuite.runtime.instrumentation.MethodCallReplacementClassAdapter visit
INFO: Adding mock interface to class org/mozilla/javascript/ast/Name
Aug 07, 2018 11:55:43 PM org.evosuite.runtime.instrumentation.CreateClassResetClassAdapter createEmptyStaticReset
INFO: Creating brand-new static initializer in class org/mozilla/javascript/ast/Name
Aug 07, 2018 11:55:43 PM org.evosuite.runtime.instrumentation.MethodCallReplacementClassAdapter visit
INFO: Adding mock interface to class org/mozilla/javascript/optimizer/BodyCodegen$FinallyReturnPoint
Aug 07, 2018 11:55:43 PM org.evosuite.runtime.instrumentation.CreateClassResetClassAdapter createEmptyStaticReset
INFO: Creating brand-new static initializer in class org/mozilla/javascript/optimizer/BodyCodegen$FinallyReturnPoint
Aug 07, 2018 11:55:43 PM org.evosuite.runtime.instrumentation.MethodCallReplacementClassAdapter visit
INFO: Adding mock interface to class org/mozilla/javascript/ast/Assignment
Aug 07, 2018 11:55:43 PM org.evosuite.runtime.instrumentation.CreateClassResetClassAdapter createEmptyStaticReset
INFO: Creating brand-new static initializer in class org/mozilla/javascript/ast/Assignment
Aug 07, 2018 11:55:43 PM org.evosuite.runtime.instrumentation.MethodCallReplacementClassAdapter visit
INFO: Adding mock interface to class org/mozilla/javascript/ast/InfixExpression
Aug 07, 2018 11:55:43 PM org.evosuite.runtime.instrumentation.CreateClassResetClassAdapter createEmptyStaticReset
INFO: Creating brand-new static initializer in class org/mozilla/javascript/ast/InfixExpression
Aug 07, 2018 11:55:43 PM org.evosuite.runtime.instrumentation.MethodCallReplacementClassAdapter visit
INFO: Adding mock interface to class org/mozilla/javascript/ast/ForLoop
Aug 07, 2018 11:55:43 PM org.evosuite.runtime.instrumentation.CreateClassResetClassAdapter createEmptyStaticReset
INFO: Creating brand-new static initializer in class org/mozilla/javascript/ast/ForLoop
Aug 07, 2018 11:55:43 PM org.evosuite.runtime.instrumentation.MethodCallReplacementClassAdapter visit
INFO: Adding mock interface to class org/mozilla/javascript/ast/Loop
Aug 07, 2018 11:55:43 PM org.evosuite.runtime.instrumentation.CreateClassResetClassAdapter createEmptyStaticReset
INFO: Creating brand-new static initializer in class org/mozilla/javascript/ast/Loop
Aug 07, 2018 11:55:43 PM org.evosuite.runtime.instrumentation.MethodCallReplacementClassAdapter visit
INFO: Adding mock interface to class org/mozilla/javascript/ast/Scope
Aug 07, 2018 11:55:43 PM org.evosuite.runtime.instrumentation.CreateClassResetClassAdapter createEmptyStaticReset
INFO: Creating brand-new static initializer in class org/mozilla/javascript/ast/Scope
Aug 07, 2018 11:55:43 PM org.evosuite.runtime.instrumentation.MethodCallReplacementClassAdapter visit
INFO: Adding mock interface to class org/mozilla/javascript/ast/ScriptNode
Aug 07, 2018 11:55:43 PM org.evosuite.runtime.instrumentation.CreateClassResetClassAdapter createEmptyStaticReset
INFO: Creating brand-new static initializer in class org/mozilla/javascript/ast/ScriptNode
Aug 07, 2018 11:55:43 PM org.evosuite.runtime.instrumentation.MethodCallReplacementClassAdapter visit
INFO: Adding mock interface to class org/mozilla/javascript/typedarrays/NativeFloat32Array
Aug 07, 2018 11:55:43 PM org.evosuite.runtime.instrumentation.CreateClassResetClassAdapter createEmptyStaticReset
INFO: Creating brand-new static initializer in class org/mozilla/javascript/typedarrays/NativeFloat32Array
Aug 07, 2018 11:55:43 PM org.evosuite.runtime.instrumentation.CreateClassResetClassAdapter createEmptyStaticReset
INFO: Adding bytecode for initializing field CLASS_NAME
Aug 07, 2018 11:55:43 PM org.evosuite.runtime.instrumentation.CreateClassResetClassAdapter createEmptyStaticReset
INFO: Adding bytecode for initializing field BYTES_PER_ELEMENT
Aug 07, 2018 11:55:43 PM org.evosuite.runtime.instrumentation.MethodCallReplacementClassAdapter visit
INFO: Adding mock interface to class org/mozilla/javascript/typedarrays/NativeTypedArrayView
Aug 07, 2018 11:55:44 PM org.evosuite.runtime.instrumentation.CreateClassResetClassAdapter createEmptyStaticReset
INFO: Creating brand-new static initializer in class org/mozilla/javascript/typedarrays/NativeTypedArrayView
Aug 07, 2018 11:55:44 PM org.evosuite.runtime.instrumentation.CreateClassResetClassAdapter createEmptyStaticReset
INFO: Adding bytecode for initializing field Id_constructor
Aug 07, 2018 11:55:44 PM org.evosuite.runtime.instrumentation.CreateClassResetClassAdapter createEmptyStaticReset
INFO: Adding bytecode for initializing field Id_get
Aug 07, 2018 11:55:44 PM org.evosuite.runtime.instrumentation.CreateClassResetClassAdapter createEmptyStaticReset
INFO: Adding bytecode for initializing field Id_set
Aug 07, 2018 11:55:44 PM org.evosuite.runtime.instrumentation.CreateClassResetClassAdapter createEmptyStaticReset
INFO: Adding bytecode for initializing field Id_subarray
Aug 07, 2018 11:55:44 PM org.evosuite.runtime.instrumentation.CreateClassResetClassAdapter createEmptyStaticReset
INFO: Adding bytecode for initializing field SymbolId_iterator
Aug 07, 2018 11:55:44 PM org.evosuite.runtime.instrumentation.CreateClassResetClassAdapter createEmptyStaticReset
INFO: Adding bytecode for initializing field MAX_PROTOTYPE_ID
Aug 07, 2018 11:55:44 PM org.evosuite.runtime.instrumentation.CreateClassResetClassAdapter createEmptyStaticReset
INFO: Adding bytecode for initializing field Id_length
Aug 07, 2018 11:55:44 PM org.evosuite.runtime.instrumentation.CreateClassResetClassAdapter createEmptyStaticReset
INFO: Adding bytecode for initializing field Id_BYTES_PER_ELEMENT
Aug 07, 2018 11:55:44 PM org.evosuite.runtime.instrumentation.CreateClassResetClassAdapter createEmptyStaticReset
INFO: Adding bytecode for initializing field MAX_INSTANCE_ID
Aug 07, 2018 11:55:44 PM org.evosuite.runtime.instrumentation.MethodCallReplacementClassAdapter visit
INFO: Adding mock interface to class org/mozilla/javascript/typedarrays/NativeArrayBufferView
Aug 07, 2018 11:55:44 PM org.evosuite.runtime.instrumentation.CreateClassResetClassAdapter createEmptyStaticReset
INFO: Creating brand-new static initializer in class org/mozilla/javascript/typedarrays/NativeArrayBufferView
Aug 07, 2018 11:55:44 PM org.evosuite.runtime.instrumentation.CreateClassResetClassAdapter createEmptyStaticReset
INFO: Adding bytecode for initializing field Id_buffer
Aug 07, 2018 11:55:44 PM org.evosuite.runtime.instrumentation.CreateClassResetClassAdapter createEmptyStaticReset
INFO: Adding bytecode for initializing field Id_byteOffset
Aug 07, 2018 11:55:44 PM org.evosuite.runtime.instrumentation.CreateClassResetClassAdapter createEmptyStaticReset
INFO: Adding bytecode for initializing field Id_byteLength
Aug 07, 2018 11:55:44 PM org.evosuite.runtime.instrumentation.CreateClassResetClassAdapter createEmptyStaticReset
INFO: Adding bytecode for initializing field MAX_INSTANCE_ID
Aug 07, 2018 11:55:44 PM org.evosuite.runtime.instrumentation.MethodCallReplacementClassAdapter visit
INFO: Adding mock interface to class org/mozilla/javascript/DefaultErrorReporter
Aug 07, 2018 11:55:44 PM org.evosuite.runtime.instrumentation.CreateClassResetClassAdapter visitMethod
INFO: Found static initializer in class org/mozilla/javascript/DefaultErrorReporter
Aug 07, 2018 11:55:44 PM org.evosuite.runtime.instrumentation.MethodCallReplacementClassAdapter visit
INFO: Adding mock interface to class org/mozilla/javascript/ast/XmlString
Aug 07, 2018 11:55:44 PM org.evosuite.runtime.instrumentation.CreateClassResetClassAdapter createEmptyStaticReset
INFO: Creating brand-new static initializer in class org/mozilla/javascript/ast/XmlString
Aug 07, 2018 11:55:44 PM org.evosuite.runtime.instrumentation.MethodCallReplacementClassAdapter visit
INFO: Adding mock interface to class org/mozilla/javascript/ast/XmlFragment
Aug 07, 2018 11:55:44 PM org.evosuite.runtime.instrumentation.CreateClassResetClassAdapter createEmptyStaticReset
INFO: Creating brand-new static initializer in class org/mozilla/javascript/ast/XmlFragment
Aug 07, 2018 11:55:44 PM org.evosuite.runtime.instrumentation.MethodCallReplacementClassAdapter visit
INFO: Adding mock interface to class org/mozilla/javascript/ast/GeneratorExpression
Aug 07, 2018 11:55:44 PM org.evosuite.runtime.instrumentation.CreateClassResetClassAdapter createEmptyStaticReset
INFO: Creating brand-new static initializer in class org/mozilla/javascript/ast/GeneratorExpression
Aug 07, 2018 11:55:44 PM org.evosuite.runtime.instrumentation.MethodCallReplacementClassAdapter visit
INFO: Adding mock interface to class org/mozilla/javascript/DefiningClassLoader
Aug 07, 2018 11:55:44 PM org.evosuite.runtime.instrumentation.CreateClassResetClassAdapter createEmptyStaticReset
INFO: Creating brand-new static initializer in class org/mozilla/javascript/DefiningClassLoader
Aug 07, 2018 11:55:44 PM org.evosuite.runtime.instrumentation.MethodCallReplacementClassAdapter visit
INFO: Adding mock interface to class org/mozilla/javascript/UniqueTag
Aug 07, 2018 11:55:44 PM org.evosuite.runtime.instrumentation.CreateClassResetClassAdapter visitMethod
INFO: Found static initializer in class org/mozilla/javascript/UniqueTag
Aug 07, 2018 11:55:44 PM org.evosuite.runtime.instrumentation.MethodCallReplacementClassAdapter visit
INFO: Adding mock interface to class org/mozilla/javascript/NativeError
Aug 07, 2018 11:55:44 PM org.evosuite.runtime.instrumentation.CreateClassResetClassAdapter visitMethod
INFO: Found static initializer in class org/mozilla/javascript/NativeError
Aug 07, 2018 11:55:44 PM org.evosuite.runtime.instrumentation.MethodCallReplacementClassAdapter visit
INFO: Adding mock interface to class org/mozilla/javascript/ast/ParenthesizedExpression
Aug 07, 2018 11:55:44 PM org.evosuite.runtime.instrumentation.CreateClassResetClassAdapter createEmptyStaticReset
INFO: Creating brand-new static initializer in class org/mozilla/javascript/ast/ParenthesizedExpression
Aug 07, 2018 11:55:44 PM org.evosuite.runtime.instrumentation.MethodCallReplacementClassAdapter visit
INFO: Adding mock interface to class org/mozilla/javascript/optimizer/OptTransformer
Aug 07, 2018 11:55:44 PM org.evosuite.runtime.instrumentation.CreateClassResetClassAdapter createEmptyStaticReset
INFO: Creating brand-new static initializer in class org/mozilla/javascript/optimizer/OptTransformer
Aug 07, 2018 11:55:44 PM org.evosuite.runtime.instrumentation.MethodCallReplacementClassAdapter visit
INFO: Adding mock interface to class org/mozilla/javascript/NodeTransformer
Aug 07, 2018 11:55:45 PM org.evosuite.runtime.instrumentation.CreateClassResetClassAdapter createEmptyStaticReset
INFO: Creating brand-new static initializer in class org/mozilla/javascript/NodeTransformer
Aug 07, 2018 11:55:45 PM org.evosuite.runtime.instrumentation.MethodCallReplacementClassAdapter visit
INFO: Adding mock interface to class org/mozilla/javascript/ast/FunctionNode
Aug 07, 2018 11:55:45 PM org.evosuite.runtime.instrumentation.CreateClassResetClassAdapter visitMethod
INFO: Found static initializer in class org/mozilla/javascript/ast/FunctionNode
Aug 07, 2018 11:55:45 PM org.evosuite.runtime.instrumentation.MethodCallReplacementClassAdapter visit
INFO: Adding mock interface to class org/mozilla/classfile/ConstantPool
Aug 07, 2018 11:55:45 PM org.evosuite.runtime.instrumentation.CreateClassResetClassAdapter createEmptyStaticReset
INFO: Creating brand-new static initializer in class org/mozilla/classfile/ConstantPool
Aug 07, 2018 11:55:45 PM org.evosuite.runtime.instrumentation.CreateClassResetClassAdapter createEmptyStaticReset
INFO: Adding bytecode for initializing field ConstantPoolSize
Aug 07, 2018 11:55:45 PM org.evosuite.runtime.instrumentation.CreateClassResetClassAdapter createEmptyStaticReset
INFO: Adding bytecode for initializing field CONSTANT_Class
Aug 07, 2018 11:55:45 PM org.evosuite.runtime.instrumentation.CreateClassResetClassAdapter createEmptyStaticReset
INFO: Adding bytecode for initializing field CONSTANT_Fieldref
Aug 07, 2018 11:55:45 PM org.evosuite.runtime.instrumentation.CreateClassResetClassAdapter createEmptyStaticReset
INFO: Adding bytecode for initializing field CONSTANT_Methodref
Aug 07, 2018 11:55:45 PM org.evosuite.runtime.instrumentation.CreateClassResetClassAdapter createEmptyStaticReset
INFO: Adding bytecode for initializing field CONSTANT_InterfaceMethodref
Aug 07, 2018 11:55:45 PM org.evosuite.runtime.instrumentation.CreateClassResetClassAdapter createEmptyStaticReset
INFO: Adding bytecode for initializing field CONSTANT_String
Aug 07, 2018 11:55:45 PM org.evosuite.runtime.instrumentation.CreateClassResetClassAdapter createEmptyStaticReset
INFO: Adding bytecode for initializing field CONSTANT_Integer
Aug 07, 2018 11:55:45 PM org.evosuite.runtime.instrumentation.CreateClassResetClassAdapter createEmptyStaticReset
INFO: Adding bytecode for initializing field CONSTANT_Float
Aug 07, 2018 11:55:45 PM org.evosuite.runtime.instrumentation.CreateClassResetClassAdapter createEmptyStaticReset
INFO: Adding bytecode for initializing field CONSTANT_Long
Aug 07, 2018 11:55:45 PM org.evosuite.runtime.instrumentation.CreateClassResetClassAdapter createEmptyStaticReset
INFO: Adding bytecode for initializing field CONSTANT_Double
Aug 07, 2018 11:55:45 PM org.evosuite.runtime.instrumentation.CreateClassResetClassAdapter createEmptyStaticReset
INFO: Adding bytecode for initializing field CONSTANT_NameAndType
Aug 07, 2018 11:55:45 PM org.evosuite.runtime.instrumentation.CreateClassResetClassAdapter createEmptyStaticReset
INFO: Adding bytecode for initializing field CONSTANT_Utf8
Aug 07, 2018 11:55:45 PM org.evosuite.runtime.instrumentation.CreateClassResetClassAdapter createEmptyStaticReset
INFO: Adding bytecode for initializing field CONSTANT_MethodType
Aug 07, 2018 11:55:45 PM org.evosuite.runtime.instrumentation.CreateClassResetClassAdapter createEmptyStaticReset
INFO: Adding bytecode for initializing field CONSTANT_MethodHandle
Aug 07, 2018 11:55:45 PM org.evosuite.runtime.instrumentation.CreateClassResetClassAdapter createEmptyStaticReset
INFO: Adding bytecode for initializing field CONSTANT_InvokeDynamic
Aug 07, 2018 11:55:45 PM org.evosuite.runtime.instrumentation.CreateClassResetClassAdapter createEmptyStaticReset
INFO: Adding bytecode for initializing field MAX_UTF_ENCODING_SIZE
Aug 07, 2018 11:55:45 PM org.evosuite.runtime.instrumentation.MethodCallReplacementClassAdapter visit
INFO: Adding mock interface to class org/mozilla/javascript/xmlimpl/XmlNode$Filter
Aug 07, 2018 11:55:45 PM org.evosuite.runtime.instrumentation.CreateClassResetClassAdapter visitMethod
INFO: Found static initializer in class org/mozilla/javascript/xmlimpl/XmlNode$Filter
Aug 07, 2018 11:55:45 PM org.evosuite.runtime.instrumentation.MethodCallReplacementClassAdapter visit
INFO: Adding mock interface to class org/mozilla/javascript/xmlimpl/XmlNode$Filter$3
Aug 07, 2018 11:55:45 PM org.evosuite.runtime.instrumentation.MethodCallReplacementClassAdapter visit
INFO: Adding mock interface to class org/mozilla/javascript/xmlimpl/XmlNode$Filter$1
Aug 07, 2018 11:55:45 PM org.evosuite.runtime.instrumentation.MethodCallReplacementClassAdapter visit
INFO: Adding mock interface to class org/mozilla/javascript/xmlimpl/XmlNode$Filter$2
Aug 07, 2018 11:55:45 PM org.evosuite.runtime.instrumentation.MethodCallReplacementClassAdapter visit
INFO: Adding mock interface to class org/mozilla/javascript/xmlimpl/XmlNode$Filter$4
Aug 07, 2018 11:55:45 PM org.evosuite.runtime.instrumentation.MethodCallReplacementClassAdapter visit
INFO: Adding mock interface to class org/mozilla/javascript/xmlimpl/XmlNode$Filter$5
Aug 07, 2018 11:55:45 PM org.evosuite.runtime.instrumentation.MethodCallReplacementClassAdapter visit
INFO: Adding mock interface to class org/mozilla/javascript/commonjs/module/provider/ModuleSource
Aug 07, 2018 11:55:45 PM org.evosuite.runtime.instrumentation.CreateClassResetClassAdapter createEmptyStaticReset
INFO: Creating brand-new static initializer in class org/mozilla/javascript/commonjs/module/provider/ModuleSource
Aug 07, 2018 11:55:45 PM org.evosuite.runtime.instrumentation.MethodCallReplacementClassAdapter visit
INFO: Adding mock interface to class org/mozilla/javascript/NativeWith
Aug 07, 2018 11:55:45 PM org.evosuite.runtime.instrumentation.CreateClassResetClassAdapter visitMethod
INFO: Found static initializer in class org/mozilla/javascript/NativeWith
Aug 07, 2018 11:55:45 PM org.evosuite.runtime.instrumentation.MethodCallReplacementClassAdapter visit
INFO: Adding mock interface to class org/mozilla/javascript/EmbeddedSlotMap$Iter
Aug 07, 2018 11:55:45 PM org.evosuite.runtime.instrumentation.CreateClassResetClassAdapter createEmptyStaticReset
INFO: Creating brand-new static initializer in class org/mozilla/javascript/EmbeddedSlotMap$Iter
Aug 07, 2018 11:55:45 PM org.evosuite.runtime.instrumentation.MethodCallReplacementClassAdapter visit
INFO: Adding mock interface to class org/mozilla/javascript/xmlimpl/XMLWithScope
Aug 07, 2018 11:55:45 PM org.evosuite.runtime.instrumentation.CreateClassResetClassAdapter createEmptyStaticReset
INFO: Creating brand-new static initializer in class org/mozilla/javascript/xmlimpl/XMLWithScope
Aug 07, 2018 11:55:45 PM org.evosuite.runtime.instrumentation.MethodCallReplacementClassAdapter visit
INFO: Adding mock interface to class org/mozilla/javascript/NativeJSON
Aug 07, 2018 11:55:45 PM org.evosuite.runtime.instrumentation.CreateClassResetClassAdapter visitMethod
INFO: Found static initializer in class org/mozilla/javascript/NativeJSON
Aug 07, 2018 11:55:45 PM org.evosuite.runtime.instrumentation.MethodCallReplacementClassAdapter visit
INFO: Adding mock interface to class org/mozilla/javascript/json/JsonParser$ParseException
Aug 07, 2018 11:55:45 PM org.evosuite.runtime.instrumentation.CreateClassResetClassAdapter createEmptyStaticReset
INFO: Creating brand-new static initializer in class org/mozilla/javascript/json/JsonParser$ParseException
Aug 07, 2018 11:55:45 PM org.evosuite.runtime.instrumentation.MethodCallReplacementClassAdapter visit
INFO: Adding mock interface to class org/mozilla/javascript/NativeGenerator
Aug 07, 2018 11:55:45 PM org.evosuite.runtime.instrumentation.CreateClassResetClassAdapter visitMethod
INFO: Found static initializer in class org/mozilla/javascript/NativeGenerator
Aug 07, 2018 11:55:45 PM org.evosuite.runtime.instrumentation.MethodCallReplacementClassAdapter visit
INFO: Adding mock interface to class org/mozilla/javascript/NativeGenerator$GeneratorClosedException
Aug 07, 2018 11:55:45 PM org.evosuite.runtime.instrumentation.CreateClassResetClassAdapter createEmptyStaticReset
INFO: Creating brand-new static initializer in class org/mozilla/javascript/NativeGenerator$GeneratorClosedException
Aug 07, 2018 11:55:45 PM org.evosuite.runtime.instrumentation.MethodCallReplacementClassAdapter visit
INFO: Adding mock interface to class org/mozilla/javascript/tools/shell/ShellConsole$SimpleShellConsole
Aug 07, 2018 11:55:45 PM org.evosuite.runtime.instrumentation.CreateClassResetClassAdapter createEmptyStaticReset
INFO: Creating brand-new static initializer in class org/mozilla/javascript/tools/shell/ShellConsole$SimpleShellConsole
Aug 07, 2018 11:55:45 PM org.evosuite.runtime.instrumentation.MethodCallReplacementClassAdapter visit
INFO: Adding mock interface to class org/mozilla/javascript/tools/shell/ShellConsole
Aug 07, 2018 11:55:45 PM org.evosuite.runtime.instrumentation.CreateClassResetClassAdapter visitMethod
INFO: Found static initializer in class org/mozilla/javascript/tools/shell/ShellConsole
Aug 07, 2018 11:55:46 PM org.evosuite.runtime.instrumentation.MethodCallReplacementClassAdapter visit
INFO: Adding mock interface to class org/mozilla/javascript/tools/shell/ShellConsole$JLineShellConsoleV2
Aug 07, 2018 11:55:46 PM org.evosuite.runtime.instrumentation.CreateClassResetClassAdapter createEmptyStaticReset
INFO: Creating brand-new static initializer in class org/mozilla/javascript/tools/shell/ShellConsole$JLineShellConsoleV2
Aug 07, 2018 11:55:46 PM org.evosuite.runtime.instrumentation.MethodCallReplacementClassAdapter visit
INFO: Adding mock interface to class org/mozilla/javascript/tools/shell/ShellConsole$JLineShellConsoleV1
Aug 07, 2018 11:55:46 PM org.evosuite.runtime.instrumentation.CreateClassResetClassAdapter createEmptyStaticReset
INFO: Creating brand-new static initializer in class org/mozilla/javascript/tools/shell/ShellConsole$JLineShellConsoleV1
Aug 07, 2018 11:55:46 PM org.evosuite.runtime.instrumentation.MethodCallReplacementClassAdapter visit
INFO: Adding mock interface to class org/mozilla/javascript/ObjArray
Aug 07, 2018 11:55:46 PM org.evosuite.runtime.instrumentation.CreateClassResetClassAdapter createEmptyStaticReset
INFO: Creating brand-new static initializer in class org/mozilla/javascript/ObjArray
Aug 07, 2018 11:55:46 PM org.evosuite.runtime.instrumentation.CreateClassResetClassAdapter createEmptyStaticReset
INFO: Adding bytecode for initializing field FIELDS_STORE_SIZE
Aug 07, 2018 11:55:46 PM org.evosuite.runtime.instrumentation.MethodCallReplacementClassAdapter visit
INFO: Adding mock interface to class org/mozilla/javascript/SymbolKey
Aug 07, 2018 11:55:46 PM org.evosuite.runtime.instrumentation.CreateClassResetClassAdapter visitMethod
INFO: Found static initializer in class org/mozilla/javascript/SymbolKey
Aug 07, 2018 11:55:46 PM org.evosuite.runtime.instrumentation.MethodCallReplacementClassAdapter visit
INFO: Adding mock interface to class org/mozilla/javascript/ast/XmlRef
Aug 07, 2018 11:55:46 PM org.evosuite.runtime.instrumentation.CreateClassResetClassAdapter createEmptyStaticReset
INFO: Creating brand-new static initializer in class org/mozilla/javascript/ast/XmlRef
Aug 07, 2018 11:55:46 PM org.evosuite.runtime.instrumentation.MethodCallReplacementClassAdapter visit
INFO: Adding mock interface to class org/mozilla/javascript/ES6Iterator
Aug 07, 2018 11:55:46 PM org.evosuite.runtime.instrumentation.CreateClassResetClassAdapter createEmptyStaticReset
INFO: Creating brand-new static initializer in class org/mozilla/javascript/ES6Iterator
Aug 07, 2018 11:55:46 PM org.evosuite.runtime.instrumentation.CreateClassResetClassAdapter createEmptyStaticReset
INFO: Adding bytecode for initializing field Id_next
Aug 07, 2018 11:55:46 PM org.evosuite.runtime.instrumentation.CreateClassResetClassAdapter createEmptyStaticReset
INFO: Adding bytecode for initializing field Id_iterator
Aug 07, 2018 11:55:46 PM org.evosuite.runtime.instrumentation.CreateClassResetClassAdapter createEmptyStaticReset
INFO: Adding bytecode for initializing field Id_toStringTag
Aug 07, 2018 11:55:46 PM org.evosuite.runtime.instrumentation.CreateClassResetClassAdapter createEmptyStaticReset
INFO: Adding bytecode for initializing field MAX_PROTOTYPE_ID
Aug 07, 2018 11:55:46 PM org.evosuite.runtime.instrumentation.CreateClassResetClassAdapter createEmptyStaticReset
INFO: Adding bytecode for initializing field NEXT_METHOD
Aug 07, 2018 11:55:46 PM org.evosuite.runtime.instrumentation.CreateClassResetClassAdapter createEmptyStaticReset
INFO: Adding bytecode for initializing field DONE_PROPERTY
Aug 07, 2018 11:55:46 PM org.evosuite.runtime.instrumentation.CreateClassResetClassAdapter createEmptyStaticReset
INFO: Adding bytecode for initializing field VALUE_PROPERTY
Aug 07, 2018 11:55:46 PM org.evosuite.runtime.instrumentation.MethodCallReplacementClassAdapter visit
INFO: Adding mock interface to class org/mozilla/javascript/StackStyle
Aug 07, 2018 11:55:46 PM org.evosuite.runtime.instrumentation.CreateClassResetClassAdapter visitMethod
INFO: Found static initializer in class org/mozilla/javascript/StackStyle
Aug 07, 2018 11:55:46 PM org.evosuite.runtime.instrumentation.MethodCallReplacementClassAdapter visit
INFO: Adding mock interface to class org/mozilla/javascript/ast/RegExpLiteral
Aug 07, 2018 11:55:46 PM org.evosuite.runtime.instrumentation.CreateClassResetClassAdapter createEmptyStaticReset
INFO: Creating brand-new static initializer in class org/mozilla/javascript/ast/RegExpLiteral
Aug 07, 2018 11:55:46 PM org.evosuite.runtime.instrumentation.MethodCallReplacementClassAdapter visit
INFO: Adding mock interface to class org/mozilla/javascript/NativeError$ProtoProps
Aug 07, 2018 11:55:46 PM org.evosuite.runtime.instrumentation.CreateClassResetClassAdapter visitMethod
INFO: Found static initializer in class org/mozilla/javascript/NativeError$ProtoProps
Aug 07, 2018 11:55:46 PM org.evosuite.runtime.instrumentation.MethodCallReplacementClassAdapter visit
INFO: Adding mock interface to class org/mozilla/javascript/NativeJavaPackage
Aug 07, 2018 11:55:46 PM org.evosuite.runtime.instrumentation.CreateClassResetClassAdapter createEmptyStaticReset
INFO: Creating brand-new static initializer in class org/mozilla/javascript/NativeJavaPackage
Aug 07, 2018 11:55:46 PM org.evosuite.runtime.instrumentation.MethodCallReplacementClassAdapter visit
INFO: Adding mock interface to class org/mozilla/javascript/NativeFunction
Aug 07, 2018 11:55:46 PM org.evosuite.runtime.instrumentation.CreateClassResetClassAdapter createEmptyStaticReset
INFO: Creating brand-new static initializer in class org/mozilla/javascript/NativeFunction
Aug 07, 2018 11:55:46 PM org.evosuite.runtime.instrumentation.MethodCallReplacementClassAdapter visit
INFO: Adding mock interface to class org/mozilla/javascript/ContextFactory$1GlobalSetterImpl
Aug 07, 2018 11:55:46 PM org.evosuite.runtime.instrumentation.MethodCallReplacementClassAdapter visit
INFO: Adding mock interface to class org/mozilla/javascript/xmlimpl/XMLLibImpl
Aug 07, 2018 11:55:46 PM org.evosuite.runtime.instrumentation.CreateClassResetClassAdapter createEmptyStaticReset
INFO: Creating brand-new static initializer in class org/mozilla/javascript/xmlimpl/XMLLibImpl
Aug 07, 2018 11:55:46 PM org.evosuite.runtime.instrumentation.MethodCallReplacementClassAdapter visit
INFO: Adding mock interface to class org/mozilla/javascript/xml/XMLLib
Aug 07, 2018 11:55:46 PM org.evosuite.runtime.instrumentation.CreateClassResetClassAdapter visitMethod
INFO: Found static initializer in class org/mozilla/javascript/xml/XMLLib
Aug 07, 2018 11:55:46 PM org.evosuite.runtime.instrumentation.MethodCallReplacementClassAdapter visit
INFO: Adding mock interface to class org/mozilla/javascript/Ref
Aug 07, 2018 11:55:46 PM org.evosuite.runtime.instrumentation.CreateClassResetClassAdapter createEmptyStaticReset
INFO: Creating brand-new static initializer in class org/mozilla/javascript/Ref
Aug 07, 2018 11:55:46 PM org.evosuite.runtime.instrumentation.MethodCallReplacementClassAdapter visit
INFO: Adding mock interface to class org/mozilla/javascript/xmlimpl/XMLName
Aug 07, 2018 11:55:47 PM org.evosuite.runtime.instrumentation.CreateClassResetClassAdapter createEmptyStaticReset
INFO: Creating brand-new static initializer in class org/mozilla/javascript/xmlimpl/XMLName
Aug 07, 2018 11:55:47 PM org.evosuite.runtime.instrumentation.MethodCallReplacementClassAdapter visit
INFO: Adding mock interface to class org/mozilla/javascript/xml/XMLObject
Aug 07, 2018 11:55:47 PM org.evosuite.runtime.instrumentation.CreateClassResetClassAdapter createEmptyStaticReset
INFO: Creating brand-new static initializer in class org/mozilla/javascript/xml/XMLObject
Aug 07, 2018 11:55:47 PM org.evosuite.runtime.instrumentation.MethodCallReplacementClassAdapter visit
INFO: Adding mock interface to class org/mozilla/javascript/xmlimpl/XMLList
Aug 07, 2018 11:55:47 PM org.evosuite.runtime.instrumentation.CreateClassResetClassAdapter createEmptyStaticReset
INFO: Creating brand-new static initializer in class org/mozilla/javascript/xmlimpl/XMLList
Aug 07, 2018 11:55:47 PM org.evosuite.runtime.instrumentation.MethodCallReplacementClassAdapter visit
INFO: Adding mock interface to class org/mozilla/javascript/xmlimpl/XMLObjectImpl
Aug 07, 2018 11:55:47 PM org.evosuite.runtime.instrumentation.CreateClassResetClassAdapter visitMethod
INFO: Found static initializer in class org/mozilla/javascript/xmlimpl/XMLObjectImpl
Aug 07, 2018 11:55:47 PM org.evosuite.runtime.instrumentation.MethodCallReplacementClassAdapter visit
INFO: Adding mock interface to class org/mozilla/javascript/xmlimpl/XML
Aug 07, 2018 11:55:47 PM org.evosuite.runtime.instrumentation.CreateClassResetClassAdapter createEmptyStaticReset
INFO: Creating brand-new static initializer in class org/mozilla/javascript/xmlimpl/XML
Aug 07, 2018 11:55:47 PM org.evosuite.runtime.instrumentation.MethodCallReplacementClassAdapter visit
INFO: Adding mock interface to class org/mozilla/javascript/PolicySecurityController$SecureCaller
Aug 07, 2018 11:55:47 PM org.evosuite.runtime.instrumentation.CreateClassResetClassAdapter createEmptyStaticReset
INFO: Creating brand-new static initializer in class org/mozilla/javascript/PolicySecurityController$SecureCaller
Aug 07, 2018 11:55:47 PM org.evosuite.runtime.instrumentation.MethodCallReplacementClassAdapter visit
INFO: Adding mock interface to class org/mozilla/javascript/NativeString
Aug 07, 2018 11:55:47 PM org.evosuite.runtime.instrumentation.CreateClassResetClassAdapter visitMethod
INFO: Found static initializer in class org/mozilla/javascript/NativeString
Aug 07, 2018 11:55:48 PM org.evosuite.runtime.instrumentation.MethodCallReplacementClassAdapter visit
INFO: Adding mock interface to class org/mozilla/javascript/optimizer/BodyCodegen
Aug 07, 2018 11:55:48 PM org.evosuite.runtime.instrumentation.CreateClassResetClassAdapter visitMethod
INFO: Found static initializer in class org/mozilla/javascript/optimizer/BodyCodegen
Aug 07, 2018 11:55:48 PM org.evosuite.runtime.instrumentation.MethodCallReplacementClassAdapter visit
INFO: Adding mock interface to class org/mozilla/javascript/typedarrays/NativeArrayBuffer
Aug 07, 2018 11:55:48 PM org.evosuite.runtime.instrumentation.CreateClassResetClassAdapter visitMethod
INFO: Found static initializer in class org/mozilla/javascript/typedarrays/NativeArrayBuffer
Aug 07, 2018 11:55:48 PM org.evosuite.runtime.instrumentation.MethodCallReplacementClassAdapter visit
INFO: Adding mock interface to class org/mozilla/javascript/WrappedException
Aug 07, 2018 11:55:48 PM org.evosuite.runtime.instrumentation.CreateClassResetClassAdapter createEmptyStaticReset
INFO: Creating brand-new static initializer in class org/mozilla/javascript/WrappedException
Aug 07, 2018 11:55:48 PM org.evosuite.runtime.instrumentation.MethodCallReplacementClassAdapter visit
INFO: Adding mock interface to class org/mozilla/javascript/NativeArray
Aug 07, 2018 11:55:48 PM org.evosuite.runtime.instrumentation.CreateClassResetClassAdapter visitMethod
INFO: Found static initializer in class org/mozilla/javascript/NativeArray
Aug 07, 2018 11:55:48 PM org.evosuite.runtime.instrumentation.MethodCallReplacementClassAdapter visit
INFO: Adding mock interface to class org/mozilla/javascript/ScriptRuntime
Aug 07, 2018 11:55:49 PM org.evosuite.runtime.instrumentation.CreateClassResetClassAdapter visitMethod
INFO: Found static initializer in class org/mozilla/javascript/ScriptRuntime
Aug 07, 2018 11:55:49 PM org.evosuite.runtime.instrumentation.MethodCallReplacementClassAdapter visit
INFO: Adding mock interface to class org/mozilla/javascript/ScriptRuntime$1
Aug 07, 2018 11:55:49 PM org.evosuite.runtime.instrumentation.MethodCallReplacementClassAdapter visit
INFO: Adding mock interface to class org/mozilla/javascript/NativeSymbol
Aug 07, 2018 11:55:49 PM org.evosuite.runtime.instrumentation.CreateClassResetClassAdapter visitMethod
INFO: Found static initializer in class org/mozilla/javascript/NativeSymbol
Aug 07, 2018 11:55:49 PM org.evosuite.runtime.instrumentation.MethodCallReplacementClassAdapter visit
INFO: Adding mock interface to class org/mozilla/javascript/NativeNumber
Aug 07, 2018 11:55:49 PM org.evosuite.runtime.instrumentation.CreateClassResetClassAdapter visitMethod
INFO: Found static initializer in class org/mozilla/javascript/NativeNumber
Aug 07, 2018 11:55:49 PM org.evosuite.runtime.instrumentation.MethodCallReplacementClassAdapter visit
INFO: Adding mock interface to class org/mozilla/javascript/ImporterTopLevel
Aug 07, 2018 11:55:49 PM org.evosuite.runtime.instrumentation.CreateClassResetClassAdapter visitMethod
INFO: Found static initializer in class org/mozilla/javascript/ImporterTopLevel
Aug 07, 2018 11:55:49 PM org.evosuite.runtime.instrumentation.MethodCallReplacementClassAdapter visit
INFO: Adding mock interface to class org/mozilla/javascript/TopLevel
Aug 07, 2018 11:55:49 PM org.evosuite.runtime.instrumentation.CreateClassResetClassAdapter visitMethod
INFO: Found static initializer in class org/mozilla/javascript/TopLevel
Aug 07, 2018 11:55:49 PM org.evosuite.runtime.instrumentation.MethodCallReplacementClassAdapter visit
INFO: Adding mock interface to class org/mozilla/javascript/Kit
Aug 07, 2018 11:55:49 PM org.evosuite.runtime.instrumentation.CreateClassResetClassAdapter visitMethod
INFO: Found static initializer in class org/mozilla/javascript/Kit
Aug 07, 2018 11:55:49 PM org.evosuite.runtime.instrumentation.MethodCallReplacementClassAdapter visit
INFO: Adding mock interface to class org/mozilla/javascript/ContextFactory
Aug 07, 2018 11:55:49 PM org.evosuite.runtime.instrumentation.CreateClassResetClassAdapter visitMethod
INFO: Found static initializer in class org/mozilla/javascript/ContextFactory
Aug 07, 2018 11:55:49 PM org.evosuite.runtime.instrumentation.MethodCallReplacementClassAdapter visit
INFO: Adding mock interface to class org/mozilla/javascript/ScriptRuntime$DefaultMessageProvider
Aug 07, 2018 11:55:49 PM org.evosuite.runtime.instrumentation.CreateClassResetClassAdapter createEmptyStaticReset
INFO: Creating brand-new static initializer in class org/mozilla/javascript/ScriptRuntime$DefaultMessageProvider
Aug 07, 2018 11:55:49 PM org.evosuite.runtime.instrumentation.MethodCallReplacementClassAdapter visit
INFO: Adding mock interface to class org/mozilla/javascript/optimizer/Codegen
Aug 07, 2018 11:55:49 PM org.evosuite.runtime.instrumentation.CreateClassResetClassAdapter visitMethod
INFO: Found static initializer in class org/mozilla/javascript/optimizer/Codegen
Aug 07, 2018 11:55:49 PM org.evosuite.runtime.instrumentation.MethodCallReplacementClassAdapter visit
INFO: Adding mock interface to class org/mozilla/classfile/ClassFileWriter$ClassFileFormatException
Aug 07, 2018 11:55:49 PM org.evosuite.runtime.instrumentation.CreateClassResetClassAdapter createEmptyStaticReset
INFO: Creating brand-new static initializer in class org/mozilla/classfile/ClassFileWriter$ClassFileFormatException
Aug 07, 2018 11:55:49 PM org.evosuite.runtime.instrumentation.MethodCallReplacementClassAdapter visit
INFO: Adding mock interface to class org/mozilla/javascript/Interpreter
Aug 07, 2018 11:55:50 PM org.evosuite.runtime.instrumentation.CreateClassResetClassAdapter visitMethod
INFO: Found static initializer in class org/mozilla/javascript/Interpreter
Aug 07, 2018 11:55:50 PM org.evosuite.runtime.instrumentation.MethodCallReplacementClassAdapter visit
INFO: Adding mock interface to class org/mozilla/javascript/Icode
Aug 07, 2018 11:55:50 PM org.evosuite.runtime.instrumentation.CreateClassResetClassAdapter createEmptyStaticReset
INFO: Creating brand-new static initializer in class org/mozilla/javascript/Icode
Aug 07, 2018 11:55:50 PM org.evosuite.runtime.instrumentation.CreateClassResetClassAdapter createEmptyStaticReset
INFO: Adding bytecode for initializing field Icode_DELNAME
Aug 07, 2018 11:55:50 PM org.evosuite.runtime.instrumentation.CreateClassResetClassAdapter createEmptyStaticReset
INFO: Adding bytecode for initializing field Icode_DUP
Aug 07, 2018 11:55:50 PM org.evosuite.runtime.instrumentation.CreateClassResetClassAdapter createEmptyStaticReset
INFO: Adding bytecode for initializing field Icode_DUP2
Aug 07, 2018 11:55:50 PM org.evosuite.runtime.instrumentation.CreateClassResetClassAdapter createEmptyStaticReset
INFO: Adding bytecode for initializing field Icode_SWAP
Aug 07, 2018 11:55:50 PM org.evosuite.runtime.instrumentation.CreateClassResetClassAdapter createEmptyStaticReset
INFO: Adding bytecode for initializing field Icode_POP
Aug 07, 2018 11:55:50 PM org.evosuite.runtime.instrumentation.CreateClassResetClassAdapter createEmptyStaticReset
INFO: Adding bytecode for initializing field Icode_POP_RESULT
Aug 07, 2018 11:55:50 PM org.evosuite.runtime.instrumentation.CreateClassResetClassAdapter createEmptyStaticReset
INFO: Adding bytecode for initializing field Icode_IFEQ_POP
Aug 07, 2018 11:55:50 PM org.evosuite.runtime.instrumentation.CreateClassResetClassAdapter createEmptyStaticReset
INFO: Adding bytecode for initializing field Icode_VAR_INC_DEC
Aug 07, 2018 11:55:50 PM org.evosuite.runtime.instrumentation.CreateClassResetClassAdapter createEmptyStaticReset
INFO: Adding bytecode for initializing field Icode_NAME_INC_DEC
Aug 07, 2018 11:55:50 PM org.evosuite.runtime.instrumentation.CreateClassResetClassAdapter createEmptyStaticReset
INFO: Adding bytecode for initializing field Icode_PROP_INC_DEC
Aug 07, 2018 11:55:50 PM org.evosuite.runtime.instrumentation.CreateClassResetClassAdapter createEmptyStaticReset
INFO: Adding bytecode for initializing field Icode_ELEM_INC_DEC
Aug 07, 2018 11:55:50 PM org.evosuite.runtime.instrumentation.CreateClassResetClassAdapter createEmptyStaticReset
INFO: Adding bytecode for initializing field Icode_REF_INC_DEC
Aug 07, 2018 11:55:50 PM org.evosuite.runtime.instrumentation.CreateClassResetClassAdapter createEmptyStaticReset
INFO: Adding bytecode for initializing field Icode_SCOPE_LOAD
Aug 07, 2018 11:55:50 PM org.evosuite.runtime.instrumentation.CreateClassResetClassAdapter createEmptyStaticReset
INFO: Adding bytecode for initializing field Icode_SCOPE_SAVE
Aug 07, 2018 11:55:50 PM org.evosuite.runtime.instrumentation.CreateClassResetClassAdapter createEmptyStaticReset
INFO: Adding bytecode for initializing field Icode_TYPEOFNAME
Aug 07, 2018 11:55:50 PM org.evosuite.runtime.instrumentation.CreateClassResetClassAdapter createEmptyStaticReset
INFO: Adding bytecode for initializing field Icode_NAME_AND_THIS
Aug 07, 2018 11:55:50 PM org.evosuite.runtime.instrumentation.CreateClassResetClassAdapter createEmptyStaticReset
INFO: Adding bytecode for initializing field Icode_PROP_AND_THIS
Aug 07, 2018 11:55:50 PM org.evosuite.runtime.instrumentation.CreateClassResetClassAdapter createEmptyStaticReset
INFO: Adding bytecode for initializing field Icode_ELEM_AND_THIS
Aug 07, 2018 11:55:50 PM org.evosuite.runtime.instrumentation.CreateClassResetClassAdapter createEmptyStaticReset
INFO: Adding bytecode for initializing field Icode_VALUE_AND_THIS
Aug 07, 2018 11:55:50 PM org.evosuite.runtime.instrumentation.CreateClassResetClassAdapter createEmptyStaticReset
INFO: Adding bytecode for initializing field Icode_CLOSURE_EXPR
Aug 07, 2018 11:55:50 PM org.evosuite.runtime.instrumentation.CreateClassResetClassAdapter createEmptyStaticReset
INFO: Adding bytecode for initializing field Icode_CLOSURE_STMT
Aug 07, 2018 11:55:50 PM org.evosuite.runtime.instrumentation.CreateClassResetClassAdapter createEmptyStaticReset
INFO: Adding bytecode for initializing field Icode_CALLSPECIAL
Aug 07, 2018 11:55:50 PM org.evosuite.runtime.instrumentation.CreateClassResetClassAdapter createEmptyStaticReset
INFO: Adding bytecode for initializing field Icode_RETUNDEF
Aug 07, 2018 11:55:50 PM org.evosuite.runtime.instrumentation.CreateClassResetClassAdapter createEmptyStaticReset
INFO: Adding bytecode for initializing field Icode_GOSUB
Aug 07, 2018 11:55:50 PM org.evosuite.runtime.instrumentation.CreateClassResetClassAdapter createEmptyStaticReset
INFO: Adding bytecode for initializing field Icode_STARTSUB
Aug 07, 2018 11:55:50 PM org.evosuite.runtime.instrumentation.CreateClassResetClassAdapter createEmptyStaticReset
INFO: Adding bytecode for initializing field Icode_RETSUB
Aug 07, 2018 11:55:50 PM org.evosuite.runtime.instrumentation.CreateClassResetClassAdapter createEmptyStaticReset
INFO: Adding bytecode for initializing field Icode_LINE
Aug 07, 2018 11:55:50 PM org.evosuite.runtime.instrumentation.CreateClassResetClassAdapter createEmptyStaticReset
INFO: Adding bytecode for initializing field Icode_SHORTNUMBER
Aug 07, 2018 11:55:50 PM org.evosuite.runtime.instrumentation.CreateClassResetClassAdapter createEmptyStaticReset
INFO: Adding bytecode for initializing field Icode_INTNUMBER
Aug 07, 2018 11:55:50 PM org.evosuite.runtime.instrumentation.CreateClassResetClassAdapter createEmptyStaticReset
INFO: Adding bytecode for initializing field Icode_LITERAL_NEW
Aug 07, 2018 11:55:50 PM org.evosuite.runtime.instrumentation.CreateClassResetClassAdapter createEmptyStaticReset
INFO: Adding bytecode for initializing field Icode_LITERAL_SET
Aug 07, 2018 11:55:50 PM org.evosuite.runtime.instrumentation.CreateClassResetClassAdapter createEmptyStaticReset
INFO: Adding bytecode for initializing field Icode_SPARE_ARRAYLIT
Aug 07, 2018 11:55:50 PM org.evosuite.runtime.instrumentation.CreateClassResetClassAdapter createEmptyStaticReset
INFO: Adding bytecode for initializing field Icode_REG_IND_C0
Aug 07, 2018 11:55:50 PM org.evosuite.runtime.instrumentation.CreateClassResetClassAdapter createEmptyStaticReset
INFO: Adding bytecode for initializing field Icode_REG_IND_C1
Aug 07, 2018 11:55:50 PM org.evosuite.runtime.instrumentation.CreateClassResetClassAdapter createEmptyStaticReset
INFO: Adding bytecode for initializing field Icode_REG_IND_C2
Aug 07, 2018 11:55:50 PM org.evosuite.runtime.instrumentation.CreateClassResetClassAdapter createEmptyStaticReset
INFO: Adding bytecode for initializing field Icode_REG_IND_C3
Aug 07, 2018 11:55:50 PM org.evosuite.runtime.instrumentation.CreateClassResetClassAdapter createEmptyStaticReset
INFO: Adding bytecode for initializing field Icode_REG_IND_C4
Aug 07, 2018 11:55:50 PM org.evosuite.runtime.instrumentation.CreateClassResetClassAdapter createEmptyStaticReset
INFO: Adding bytecode for initializing field Icode_REG_IND_C5
Aug 07, 2018 11:55:50 PM org.evosuite.runtime.instrumentation.CreateClassResetClassAdapter createEmptyStaticReset
INFO: Adding bytecode for initializing field Icode_REG_IND1
Aug 07, 2018 11:55:50 PM org.evosuite.runtime.instrumentation.CreateClassResetClassAdapter createEmptyStaticReset
INFO: Adding bytecode for initializing field Icode_REG_IND2
Aug 07, 2018 11:55:50 PM org.evosuite.runtime.instrumentation.CreateClassResetClassAdapter createEmptyStaticReset
INFO: Adding bytecode for initializing field Icode_REG_IND4
Aug 07, 2018 11:55:50 PM org.evosuite.runtime.instrumentation.CreateClassResetClassAdapter createEmptyStaticReset
INFO: Adding bytecode for initializing field Icode_REG_STR_C0
Aug 07, 2018 11:55:50 PM org.evosuite.runtime.instrumentation.CreateClassResetClassAdapter createEmptyStaticReset
INFO: Adding bytecode for initializing field Icode_REG_STR_C1
Aug 07, 2018 11:55:50 PM org.evosuite.runtime.instrumentation.CreateClassResetClassAdapter createEmptyStaticReset
INFO: Adding bytecode for initializing field Icode_REG_STR_C2
Aug 07, 2018 11:55:50 PM org.evosuite.runtime.instrumentation.CreateClassResetClassAdapter createEmptyStaticReset
INFO: Adding bytecode for initializing field Icode_REG_STR_C3
Aug 07, 2018 11:55:50 PM org.evosuite.runtime.instrumentation.CreateClassResetClassAdapter createEmptyStaticReset
INFO: Adding bytecode for initializing field Icode_REG_STR1
Aug 07, 2018 11:55:50 PM org.evosuite.runtime.instrumentation.CreateClassResetClassAdapter createEmptyStaticReset
INFO: Adding bytecode for initializing field Icode_REG_STR2
Aug 07, 2018 11:55:50 PM org.evosuite.runtime.instrumentation.CreateClassResetClassAdapter createEmptyStaticReset
INFO: Adding bytecode for initializing field Icode_REG_STR4
Aug 07, 2018 11:55:50 PM org.evosuite.runtime.instrumentation.CreateClassResetClassAdapter createEmptyStaticReset
INFO: Adding bytecode for initializing field Icode_GETVAR1
Aug 07, 2018 11:55:50 PM org.evosuite.runtime.instrumentation.CreateClassResetClassAdapter createEmptyStaticReset
INFO: Adding bytecode for initializing field Icode_SETVAR1
Aug 07, 2018 11:55:50 PM org.evosuite.runtime.instrumentation.CreateClassResetClassAdapter createEmptyStaticReset
INFO: Adding bytecode for initializing field Icode_UNDEF
Aug 07, 2018 11:55:50 PM org.evosuite.runtime.instrumentation.CreateClassResetClassAdapter createEmptyStaticReset
INFO: Adding bytecode for initializing field Icode_ZERO
Aug 07, 2018 11:55:50 PM org.evosuite.runtime.instrumentation.CreateClassResetClassAdapter createEmptyStaticReset
INFO: Adding bytecode for initializing field Icode_ONE
Aug 07, 2018 11:55:50 PM org.evosuite.runtime.instrumentation.CreateClassResetClassAdapter createEmptyStaticReset
INFO: Adding bytecode for initializing field Icode_ENTERDQ
Aug 07, 2018 11:55:50 PM org.evosuite.runtime.instrumentation.CreateClassResetClassAdapter createEmptyStaticReset
INFO: Adding bytecode for initializing field Icode_LEAVEDQ
Aug 07, 2018 11:55:50 PM org.evosuite.runtime.instrumentation.CreateClassResetClassAdapter createEmptyStaticReset
INFO: Adding bytecode for initializing field Icode_TAIL_CALL
Aug 07, 2018 11:55:50 PM org.evosuite.runtime.instrumentation.CreateClassResetClassAdapter createEmptyStaticReset
INFO: Adding bytecode for initializing field Icode_LOCAL_CLEAR
Aug 07, 2018 11:55:50 PM org.evosuite.runtime.instrumentation.CreateClassResetClassAdapter createEmptyStaticReset
INFO: Adding bytecode for initializing field Icode_LITERAL_GETTER
Aug 07, 2018 11:55:50 PM org.evosuite.runtime.instrumentation.CreateClassResetClassAdapter createEmptyStaticReset
INFO: Adding bytecode for initializing field Icode_LITERAL_SETTER
Aug 07, 2018 11:55:50 PM org.evosuite.runtime.instrumentation.CreateClassResetClassAdapter createEmptyStaticReset
INFO: Adding bytecode for initializing field Icode_SETCONST
Aug 07, 2018 11:55:50 PM org.evosuite.runtime.instrumentation.CreateClassResetClassAdapter createEmptyStaticReset
INFO: Adding bytecode for initializing field Icode_SETCONSTVAR
Aug 07, 2018 11:55:50 PM org.evosuite.runtime.instrumentation.CreateClassResetClassAdapter createEmptyStaticReset
INFO: Adding bytecode for initializing field Icode_SETCONSTVAR1
Aug 07, 2018 11:55:50 PM org.evosuite.runtime.instrumentation.CreateClassResetClassAdapter createEmptyStaticReset
INFO: Adding bytecode for initializing field Icode_GENERATOR
Aug 07, 2018 11:55:50 PM org.evosuite.runtime.instrumentation.CreateClassResetClassAdapter createEmptyStaticReset
INFO: Adding bytecode for initializing field Icode_GENERATOR_END
Aug 07, 2018 11:55:50 PM org.evosuite.runtime.instrumentation.CreateClassResetClassAdapter createEmptyStaticReset
INFO: Adding bytecode for initializing field Icode_DEBUGGER
Aug 07, 2018 11:55:50 PM org.evosuite.runtime.instrumentation.CreateClassResetClassAdapter createEmptyStaticReset
INFO: Adding bytecode for initializing field MIN_ICODE
Aug 07, 2018 11:55:50 PM org.evosuite.runtime.instrumentation.MethodCallReplacementClassAdapter visit
INFO: Adding mock interface to class org/mozilla/javascript/InterpretedFunction
Aug 07, 2018 11:55:50 PM org.evosuite.runtime.instrumentation.CreateClassResetClassAdapter createEmptyStaticReset
INFO: Creating brand-new static initializer in class org/mozilla/javascript/InterpretedFunction
Aug 07, 2018 11:55:50 PM org.evosuite.runtime.instrumentation.MethodCallReplacementClassAdapter visit
INFO: Adding mock interface to class org/mozilla/javascript/NativeContinuation
Aug 07, 2018 11:55:50 PM org.evosuite.runtime.instrumentation.CreateClassResetClassAdapter visitMethod
INFO: Found static initializer in class org/mozilla/javascript/NativeContinuation
Aug 07, 2018 11:55:50 PM org.evosuite.runtime.instrumentation.MethodCallReplacementClassAdapter visit
INFO: Adding mock interface to class org/mozilla/javascript/VMBridge
Aug 07, 2018 11:55:51 PM org.evosuite.runtime.instrumentation.CreateClassResetClassAdapter visitMethod
INFO: Found static initializer in class org/mozilla/javascript/VMBridge
Aug 07, 2018 11:55:51 PM org.evosuite.runtime.instrumentation.MethodCallReplacementClassAdapter visit
INFO: Adding mock interface to class org/mozilla/javascript/jdk18/VMBridge_jdk18
Aug 07, 2018 11:55:51 PM org.evosuite.runtime.instrumentation.CreateClassResetClassAdapter createEmptyStaticReset
INFO: Creating brand-new static initializer in class org/mozilla/javascript/jdk18/VMBridge_jdk18
Aug 07, 2018 11:55:51 PM org.evosuite.runtime.instrumentation.MethodCallReplacementClassAdapter visit
INFO: Adding mock interface to class org/mozilla/javascript/jdk15/VMBridge_jdk15
Aug 07, 2018 11:55:51 PM org.evosuite.runtime.instrumentation.CreateClassResetClassAdapter createEmptyStaticReset
INFO: Creating brand-new static initializer in class org/mozilla/javascript/jdk15/VMBridge_jdk15
Aug 07, 2018 11:55:51 PM org.evosuite.runtime.instrumentation.MethodCallReplacementClassAdapter visit
INFO: Adding mock interface to class org/mozilla/javascript/EmbeddedSlotMap
Aug 07, 2018 11:55:51 PM org.evosuite.runtime.instrumentation.CreateClassResetClassAdapter createEmptyStaticReset
INFO: Creating brand-new static initializer in class org/mozilla/javascript/EmbeddedSlotMap
Aug 07, 2018 11:55:51 PM org.evosuite.runtime.instrumentation.CreateClassResetClassAdapter createEmptyStaticReset
INFO: Adding bytecode for initializing field INITIAL_SLOT_SIZE
Aug 07, 2018 11:55:51 PM org.evosuite.runtime.instrumentation.MethodCallReplacementClassAdapter visit
INFO: Adding mock interface to class org/mozilla/javascript/ScriptableObject$Slot
Aug 07, 2018 11:55:51 PM org.evosuite.runtime.instrumentation.CreateClassResetClassAdapter createEmptyStaticReset
INFO: Creating brand-new static initializer in class org/mozilla/javascript/ScriptableObject$Slot
Aug 07, 2018 11:55:51 PM org.evosuite.runtime.instrumentation.MethodCallReplacementClassAdapter visit
INFO: Adding mock interface to class org/mozilla/javascript/ScriptableObject$GetterSlot
Aug 07, 2018 11:55:51 PM org.evosuite.runtime.instrumentation.CreateClassResetClassAdapter createEmptyStaticReset
INFO: Creating brand-new static initializer in class org/mozilla/javascript/ScriptableObject$GetterSlot
Aug 07, 2018 11:55:51 PM org.evosuite.runtime.instrumentation.MethodCallReplacementClassAdapter visit
INFO: Adding mock interface to class org/mozilla/javascript/SecurityUtilities$2
Aug 07, 2018 11:55:51 PM org.evosuite.runtime.instrumentation.MethodCallReplacementClassAdapter visit
INFO: Adding mock interface to class org/mozilla/javascript/NativeCallSite
Aug 07, 2018 11:55:51 PM org.evosuite.runtime.instrumentation.CreateClassResetClassAdapter createEmptyStaticReset
INFO: Creating brand-new static initializer in class org/mozilla/javascript/NativeCallSite
Aug 07, 2018 11:55:51 PM org.evosuite.runtime.instrumentation.CreateClassResetClassAdapter createEmptyStaticReset
INFO: Adding bytecode for initializing field CALLSITE_TAG
Aug 07, 2018 11:55:51 PM org.evosuite.runtime.instrumentation.CreateClassResetClassAdapter createEmptyStaticReset
INFO: Adding bytecode for initializing field Id_constructor
Aug 07, 2018 11:55:51 PM org.evosuite.runtime.instrumentation.CreateClassResetClassAdapter createEmptyStaticReset
INFO: Adding bytecode for initializing field Id_getThis
Aug 07, 2018 11:55:51 PM org.evosuite.runtime.instrumentation.CreateClassResetClassAdapter createEmptyStaticReset
INFO: Adding bytecode for initializing field Id_getTypeName
Aug 07, 2018 11:55:51 PM org.evosuite.runtime.instrumentation.CreateClassResetClassAdapter createEmptyStaticReset
INFO: Adding bytecode for initializing field Id_getFunction
Aug 07, 2018 11:55:51 PM org.evosuite.runtime.instrumentation.CreateClassResetClassAdapter createEmptyStaticReset
INFO: Adding bytecode for initializing field Id_getFunctionName
Aug 07, 2018 11:55:51 PM org.evosuite.runtime.instrumentation.CreateClassResetClassAdapter createEmptyStaticReset
INFO: Adding bytecode for initializing field Id_getMethodName
Aug 07, 2018 11:55:51 PM org.evosuite.runtime.instrumentation.CreateClassResetClassAdapter createEmptyStaticReset
INFO: Adding bytecode for initializing field Id_getFileName
Aug 07, 2018 11:55:51 PM org.evosuite.runtime.instrumentation.CreateClassResetClassAdapter createEmptyStaticReset
INFO: Adding bytecode for initializing field Id_getLineNumber
Aug 07, 2018 11:55:51 PM org.evosuite.runtime.instrumentation.CreateClassResetClassAdapter createEmptyStaticReset
INFO: Adding bytecode for initializing field Id_getColumnNumber
Aug 07, 2018 11:55:51 PM org.evosuite.runtime.instrumentation.CreateClassResetClassAdapter createEmptyStaticReset
INFO: Adding bytecode for initializing field Id_getEvalOrigin
Aug 07, 2018 11:55:51 PM org.evosuite.runtime.instrumentation.CreateClassResetClassAdapter createEmptyStaticReset
INFO: Adding bytecode for initializing field Id_isToplevel
Aug 07, 2018 11:55:51 PM org.evosuite.runtime.instrumentation.CreateClassResetClassAdapter createEmptyStaticReset
INFO: Adding bytecode for initializing field Id_isEval
Aug 07, 2018 11:55:51 PM org.evosuite.runtime.instrumentation.CreateClassResetClassAdapter createEmptyStaticReset
INFO: Adding bytecode for initializing field Id_isNative
Aug 07, 2018 11:55:51 PM org.evosuite.runtime.instrumentation.CreateClassResetClassAdapter createEmptyStaticReset
INFO: Adding bytecode for initializing field Id_isConstructor
Aug 07, 2018 11:55:51 PM org.evosuite.runtime.instrumentation.CreateClassResetClassAdapter createEmptyStaticReset
INFO: Adding bytecode for initializing field Id_toString
Aug 07, 2018 11:55:51 PM org.evosuite.runtime.instrumentation.CreateClassResetClassAdapter createEmptyStaticReset
INFO: Adding bytecode for initializing field MAX_PROTOTYPE_ID
Aug 07, 2018 11:55:51 PM org.evosuite.runtime.instrumentation.MethodCallReplacementClassAdapter visit
INFO: Adding mock interface to class org/mozilla/javascript/Parser$ConditionData
Aug 07, 2018 11:55:51 PM org.evosuite.runtime.instrumentation.CreateClassResetClassAdapter createEmptyStaticReset
INFO: Creating brand-new static initializer in class org/mozilla/javascript/Parser$ConditionData
Aug 07, 2018 11:55:51 PM org.evosuite.runtime.instrumentation.MethodCallReplacementClassAdapter visit
INFO: Adding mock interface to class org/mozilla/javascript/NativeMath
Aug 07, 2018 11:55:51 PM org.evosuite.runtime.instrumentation.CreateClassResetClassAdapter visitMethod
INFO: Found static initializer in class org/mozilla/javascript/NativeMath
Aug 07, 2018 11:55:51 PM org.evosuite.runtime.instrumentation.MethodCallReplacementClassAdapter visit
INFO: Adding mock interface to class org/mozilla/javascript/Interpreter$CallFrame
Aug 07, 2018 11:55:51 PM org.evosuite.runtime.instrumentation.CreateClassResetClassAdapter createEmptyStaticReset
INFO: Creating brand-new static initializer in class org/mozilla/javascript/Interpreter$CallFrame
Aug 07, 2018 11:55:51 PM org.evosuite.runtime.instrumentation.MethodCallReplacementClassAdapter visit
INFO: Adding mock interface to class org/mozilla/javascript/typedarrays/Conversions
Aug 07, 2018 11:55:51 PM org.evosuite.runtime.instrumentation.CreateClassResetClassAdapter createEmptyStaticReset
INFO: Creating brand-new static initializer in class org/mozilla/javascript/typedarrays/Conversions
Aug 07, 2018 11:55:51 PM org.evosuite.runtime.instrumentation.CreateClassResetClassAdapter createEmptyStaticReset
INFO: Adding bytecode for initializing field EIGHT_BIT
Aug 07, 2018 11:55:51 PM org.evosuite.runtime.instrumentation.CreateClassResetClassAdapter createEmptyStaticReset
INFO: Adding bytecode for initializing field SIXTEEN_BIT
Aug 07, 2018 11:55:51 PM org.evosuite.runtime.instrumentation.CreateClassResetClassAdapter createEmptyStaticReset
INFO: Adding bytecode for initializing field THIRTYTWO_BIT
Aug 07, 2018 11:55:51 PM org.evosuite.runtime.instrumentation.MethodCallReplacementClassAdapter visit
INFO: Adding mock interface to class org/mozilla/javascript/xmlimpl/XMLCtor
Aug 07, 2018 11:55:51 PM org.evosuite.runtime.instrumentation.CreateClassResetClassAdapter visitMethod
INFO: Found static initializer in class org/mozilla/javascript/xmlimpl/XMLCtor
Aug 07, 2018 11:55:51 PM org.evosuite.runtime.instrumentation.MethodCallReplacementClassAdapter visit
INFO: Adding mock interface to class org/mozilla/javascript/NativeJavaObject
Aug 07, 2018 11:55:51 PM org.evosuite.runtime.instrumentation.CreateClassResetClassAdapter visitMethod
INFO: Found static initializer in class org/mozilla/javascript/NativeJavaObject
Aug 07, 2018 11:55:51 PM org.evosuite.runtime.instrumentation.MethodCallReplacementClassAdapter visit
INFO: Adding mock interface to class org/mozilla/javascript/JavaAdapter
Aug 07, 2018 11:55:51 PM org.evosuite.runtime.instrumentation.CreateClassResetClassAdapter visitMethod
INFO: Found static initializer in class org/mozilla/javascript/JavaAdapter
Aug 07, 2018 11:55:52 PM org.evosuite.runtime.instrumentation.MethodCallReplacementClassAdapter visit
INFO: Adding mock interface to class org/mozilla/javascript/ObjToIntMap
Aug 07, 2018 11:55:52 PM org.evosuite.runtime.instrumentation.CreateClassResetClassAdapter visitMethod
INFO: Found static initializer in class org/mozilla/javascript/ObjToIntMap
Aug 07, 2018 11:55:52 PM org.evosuite.runtime.instrumentation.MethodCallReplacementClassAdapter visit
INFO: Adding mock interface to class org/mozilla/javascript/ContinuationPending
Aug 07, 2018 11:55:52 PM org.evosuite.runtime.instrumentation.CreateClassResetClassAdapter createEmptyStaticReset
INFO: Creating brand-new static initializer in class org/mozilla/javascript/ContinuationPending
Aug 07, 2018 11:55:52 PM org.evosuite.runtime.instrumentation.MethodCallReplacementClassAdapter visit
INFO: Adding mock interface to class org/mozilla/javascript/LazilyLoadedCtor$1
Aug 07, 2018 11:55:52 PM org.evosuite.runtime.instrumentation.MethodCallReplacementClassAdapter visit
INFO: Adding mock interface to class org/mozilla/javascript/InterfaceAdapter
Aug 07, 2018 11:55:52 PM org.evosuite.runtime.instrumentation.CreateClassResetClassAdapter createEmptyStaticReset
INFO: Creating brand-new static initializer in class org/mozilla/javascript/InterfaceAdapter
Aug 07, 2018 11:55:52 PM org.evosuite.runtime.instrumentation.MethodCallReplacementClassAdapter visit
INFO: Adding mock interface to class org/mozilla/javascript/ast/LabeledStatement
Aug 07, 2018 11:55:52 PM org.evosuite.runtime.instrumentation.CreateClassResetClassAdapter createEmptyStaticReset
INFO: Creating brand-new static initializer in class org/mozilla/javascript/ast/LabeledStatement
Aug 07, 2018 11:55:52 PM org.evosuite.runtime.instrumentation.MethodCallReplacementClassAdapter visit
INFO: Adding mock interface to class org/mozilla/javascript/ast/ArrayLiteral
Aug 07, 2018 11:55:52 PM org.evosuite.runtime.instrumentation.CreateClassResetClassAdapter visitMethod
INFO: Found static initializer in class org/mozilla/javascript/ast/ArrayLiteral
Aug 07, 2018 11:55:52 PM org.evosuite.runtime.instrumentation.MethodCallReplacementClassAdapter visit
INFO: Adding mock interface to class org/mozilla/javascript/regexp/REProgState
Aug 07, 2018 11:55:52 PM org.evosuite.runtime.instrumentation.CreateClassResetClassAdapter createEmptyStaticReset
INFO: Creating brand-new static initializer in class org/mozilla/javascript/regexp/REProgState
Aug 07, 2018 11:55:52 PM org.evosuite.runtime.instrumentation.MethodCallReplacementClassAdapter visit
INFO: Adding mock interface to class org/mozilla/javascript/ast/BreakStatement
Aug 07, 2018 11:55:52 PM org.evosuite.runtime.instrumentation.CreateClassResetClassAdapter createEmptyStaticReset
INFO: Creating brand-new static initializer in class org/mozilla/javascript/ast/BreakStatement
Aug 07, 2018 11:55:52 PM org.evosuite.runtime.instrumentation.MethodCallReplacementClassAdapter visit
INFO: Adding mock interface to class org/mozilla/javascript/NativeIterator$WrappedJavaIterator
Aug 07, 2018 11:55:52 PM org.evosuite.runtime.instrumentation.CreateClassResetClassAdapter createEmptyStaticReset
INFO: Creating brand-new static initializer in class org/mozilla/javascript/NativeIterator$WrappedJavaIterator
Aug 07, 2018 11:55:52 PM org.evosuite.runtime.instrumentation.MethodCallReplacementClassAdapter visit
INFO: Adding mock interface to class org/mozilla/javascript/ast/Comment
Aug 07, 2018 11:55:52 PM org.evosuite.runtime.instrumentation.CreateClassResetClassAdapter createEmptyStaticReset
INFO: Creating brand-new static initializer in class org/mozilla/javascript/ast/Comment
Aug 07, 2018 11:55:52 PM org.evosuite.runtime.instrumentation.MethodCallReplacementClassAdapter visit
INFO: Adding mock interface to class org/mozilla/javascript/NativeArray$StringLikeComparator
Aug 07, 2018 11:55:52 PM org.evosuite.runtime.instrumentation.CreateClassResetClassAdapter createEmptyStaticReset
INFO: Creating brand-new static initializer in class org/mozilla/javascript/NativeArray$StringLikeComparator
Aug 07, 2018 11:55:52 PM org.evosuite.runtime.instrumentation.MethodCallReplacementClassAdapter visit
INFO: Adding mock interface to class org/mozilla/javascript/ast/Symbol
Aug 07, 2018 11:55:52 PM org.evosuite.runtime.instrumentation.CreateClassResetClassAdapter createEmptyStaticReset
INFO: Creating brand-new static initializer in class org/mozilla/javascript/ast/Symbol
Aug 07, 2018 11:55:52 PM org.evosuite.runtime.instrumentation.MethodCallReplacementClassAdapter visit
INFO: Adding mock interface to class org/mozilla/javascript/xmlimpl/XmlNode$XmlNodeUserDataHandler
Aug 07, 2018 11:55:52 PM org.evosuite.runtime.instrumentation.CreateClassResetClassAdapter createEmptyStaticReset
INFO: Creating brand-new static initializer in class org/mozilla/javascript/xmlimpl/XmlNode$XmlNodeUserDataHandler
Aug 07, 2018 11:55:52 PM org.evosuite.runtime.instrumentation.MethodCallReplacementClassAdapter visit
INFO: Adding mock interface to class org/mozilla/javascript/typedarrays/NativeUint8Array
Aug 07, 2018 11:55:52 PM org.evosuite.runtime.instrumentation.CreateClassResetClassAdapter createEmptyStaticReset
INFO: Creating brand-new static initializer in class org/mozilla/javascript/typedarrays/NativeUint8Array
Aug 07, 2018 11:55:52 PM org.evosuite.runtime.instrumentation.CreateClassResetClassAdapter createEmptyStaticReset
INFO: Adding bytecode for initializing field CLASS_NAME
Aug 07, 2018 11:55:52 PM org.evosuite.runtime.instrumentation.MethodCallReplacementClassAdapter visit
INFO: Adding mock interface to class org/mozilla/javascript/ast/Yield
Aug 07, 2018 11:55:52 PM org.evosuite.runtime.instrumentation.CreateClassResetClassAdapter createEmptyStaticReset
INFO: Creating brand-new static initializer in class org/mozilla/javascript/ast/Yield
Aug 07, 2018 11:55:52 PM org.evosuite.runtime.instrumentation.MethodCallReplacementClassAdapter visit
INFO: Adding mock interface to class org/mozilla/classfile/FieldOrMethodRef
Aug 07, 2018 11:55:52 PM org.evosuite.runtime.instrumentation.CreateClassResetClassAdapter createEmptyStaticReset
INFO: Creating brand-new static initializer in class org/mozilla/classfile/FieldOrMethodRef
Aug 07, 2018 11:55:52 PM org.evosuite.runtime.instrumentation.MethodCallReplacementClassAdapter visit
INFO: Adding mock interface to class org/mozilla/javascript/v8dtoa/CachedPowers$CachedPower
Aug 07, 2018 11:55:52 PM org.evosuite.runtime.instrumentation.CreateClassResetClassAdapter createEmptyStaticReset
INFO: Creating brand-new static initializer in class org/mozilla/javascript/v8dtoa/CachedPowers$CachedPower
Aug 07, 2018 11:55:52 PM org.evosuite.runtime.instrumentation.MethodCallReplacementClassAdapter visit
INFO: Adding mock interface to class org/mozilla/javascript/TopLevel$Builtins
Aug 07, 2018 11:55:52 PM org.evosuite.runtime.instrumentation.CreateClassResetClassAdapter visitMethod
INFO: Found static initializer in class org/mozilla/javascript/TopLevel$Builtins
Aug 07, 2018 11:55:52 PM org.evosuite.runtime.instrumentation.MethodCallReplacementClassAdapter visit
INFO: Adding mock interface to class org/mozilla/javascript/TopLevel$NativeErrors
Aug 07, 2018 11:55:52 PM org.evosuite.runtime.instrumentation.CreateClassResetClassAdapter visitMethod
INFO: Found static initializer in class org/mozilla/javascript/TopLevel$NativeErrors
Aug 07, 2018 11:55:52 PM org.evosuite.runtime.instrumentation.MethodCallReplacementClassAdapter visit
INFO: Adding mock interface to class org/mozilla/javascript/ClassCache
Aug 07, 2018 11:55:52 PM org.evosuite.runtime.instrumentation.CreateClassResetClassAdapter visitMethod
INFO: Found static initializer in class org/mozilla/javascript/ClassCache
Aug 07, 2018 11:55:52 PM org.evosuite.runtime.instrumentation.MethodCallReplacementClassAdapter visit
INFO: Adding mock interface to class org/mozilla/javascript/commonjs/module/Require
Aug 07, 2018 11:55:52 PM org.evosuite.runtime.instrumentation.CreateClassResetClassAdapter visitMethod
INFO: Found static initializer in class org/mozilla/javascript/commonjs/module/Require
Aug 07, 2018 11:55:52 PM org.evosuite.runtime.instrumentation.MethodCallReplacementClassAdapter visit
INFO: Adding mock interface to class org/mozilla/javascript/xmlimpl/QName
Aug 07, 2018 11:55:52 PM org.evosuite.runtime.instrumentation.CreateClassResetClassAdapter visitMethod
INFO: Found static initializer in class org/mozilla/javascript/xmlimpl/QName
Aug 07, 2018 11:55:52 PM org.evosuite.runtime.instrumentation.MethodCallReplacementClassAdapter visit
INFO: Adding mock interface to class org/mozilla/javascript/ast/CatchClause
Aug 07, 2018 11:55:53 PM org.evosuite.runtime.instrumentation.CreateClassResetClassAdapter createEmptyStaticReset
INFO: Creating brand-new static initializer in class org/mozilla/javascript/ast/CatchClause
Aug 07, 2018 11:55:53 PM org.evosuite.runtime.instrumentation.MethodCallReplacementClassAdapter visit
INFO: Adding mock interface to class org/mozilla/javascript/ast/XmlMemberGet
Aug 07, 2018 11:55:53 PM org.evosuite.runtime.instrumentation.CreateClassResetClassAdapter createEmptyStaticReset
INFO: Creating brand-new static initializer in class org/mozilla/javascript/ast/XmlMemberGet
Aug 07, 2018 11:55:53 PM org.evosuite.runtime.instrumentation.MethodCallReplacementClassAdapter visit
INFO: Adding mock interface to class org/mozilla/javascript/PolicySecurityController
Aug 07, 2018 11:55:53 PM org.evosuite.runtime.instrumentation.CreateClassResetClassAdapter visitMethod
INFO: Found static initializer in class org/mozilla/javascript/PolicySecurityController
Aug 07, 2018 11:55:53 PM org.evosuite.runtime.instrumentation.MethodCallReplacementClassAdapter visit
INFO: Adding mock interface to class org/mozilla/javascript/SecurityController
Aug 07, 2018 11:55:53 PM org.evosuite.runtime.instrumentation.CreateClassResetClassAdapter createEmptyStaticReset
INFO: Creating brand-new static initializer in class org/mozilla/javascript/SecurityController
Aug 07, 2018 11:55:53 PM org.evosuite.runtime.instrumentation.CreateClassResetClassAdapter createEmptyStaticReset
INFO: Adding bytecode for initializing field global
Aug 07, 2018 11:55:53 PM org.evosuite.runtime.instrumentation.MethodCallReplacementClassAdapter visit
INFO: Adding mock interface to class org/mozilla/classfile/ClassFileWriter
Aug 07, 2018 11:55:53 PM org.evosuite.runtime.instrumentation.CreateClassResetClassAdapter visitMethod
INFO: Found static initializer in class org/mozilla/classfile/ClassFileWriter
Aug 07, 2018 11:55:53 PM org.evosuite.runtime.instrumentation.MethodCallReplacementClassAdapter visit
INFO: Adding mock interface to class org/mozilla/javascript/UintMap
Aug 07, 2018 11:55:53 PM org.evosuite.runtime.instrumentation.CreateClassResetClassAdapter createEmptyStaticReset
INFO: Creating brand-new static initializer in class org/mozilla/javascript/UintMap
Aug 07, 2018 11:55:53 PM org.evosuite.runtime.instrumentation.CreateClassResetClassAdapter createEmptyStaticReset
INFO: Adding bytecode for initializing field A
Aug 07, 2018 11:55:53 PM org.evosuite.runtime.instrumentation.CreateClassResetClassAdapter createEmptyStaticReset
INFO: Adding bytecode for initializing field EMPTY
Aug 07, 2018 11:55:53 PM org.evosuite.runtime.instrumentation.CreateClassResetClassAdapter createEmptyStaticReset
INFO: Adding bytecode for initializing field DELETED
Aug 07, 2018 11:55:53 PM org.evosuite.runtime.instrumentation.CreateClassResetClassAdapter createEmptyStaticReset
INFO: Adding bytecode for initializing field check
Aug 07, 2018 11:55:53 PM org.evosuite.runtime.instrumentation.MethodCallReplacementClassAdapter visit
INFO: Adding mock interface to class org/mozilla/classfile/ClassFileMethod
Aug 07, 2018 11:55:53 PM org.evosuite.runtime.instrumentation.CreateClassResetClassAdapter createEmptyStaticReset
INFO: Creating brand-new static initializer in class org/mozilla/classfile/ClassFileMethod
Aug 07, 2018 11:55:53 PM org.evosuite.runtime.instrumentation.MethodCallReplacementClassAdapter visit
INFO: Adding mock interface to class org/mozilla/classfile/ClassFileWriter$StackMapTable
Aug 07, 2018 11:55:53 PM org.evosuite.runtime.instrumentation.CreateClassResetClassAdapter createEmptyStaticReset
INFO: Creating brand-new static initializer in class org/mozilla/classfile/ClassFileWriter$StackMapTable
Aug 07, 2018 11:55:53 PM org.evosuite.runtime.instrumentation.CreateClassResetClassAdapter createEmptyStaticReset
INFO: Adding bytecode for initializing field DEBUGSTACKMAP
Aug 07, 2018 11:55:53 PM org.evosuite.runtime.instrumentation.MethodCallReplacementClassAdapter visit
INFO: Adding mock interface to class org/mozilla/classfile/SuperBlock
Aug 07, 2018 11:55:53 PM org.evosuite.runtime.instrumentation.CreateClassResetClassAdapter createEmptyStaticReset
INFO: Creating brand-new static initializer in class org/mozilla/classfile/SuperBlock
Aug 07, 2018 11:55:53 PM org.evosuite.runtime.instrumentation.MethodCallReplacementClassAdapter visit
INFO: Adding mock interface to class org/mozilla/classfile/TypeInfo
Aug 07, 2018 11:55:53 PM org.evosuite.runtime.instrumentation.CreateClassResetClassAdapter createEmptyStaticReset
INFO: Creating brand-new static initializer in class org/mozilla/classfile/TypeInfo
Aug 07, 2018 11:55:53 PM org.evosuite.runtime.instrumentation.CreateClassResetClassAdapter createEmptyStaticReset
INFO: Adding bytecode for initializing field TOP
Aug 07, 2018 11:55:53 PM org.evosuite.runtime.instrumentation.CreateClassResetClassAdapter createEmptyStaticReset
INFO: Adding bytecode for initializing field INTEGER
Aug 07, 2018 11:55:53 PM org.evosuite.runtime.instrumentation.CreateClassResetClassAdapter createEmptyStaticReset
INFO: Adding bytecode for initializing field FLOAT
Aug 07, 2018 11:55:53 PM org.evosuite.runtime.instrumentation.CreateClassResetClassAdapter createEmptyStaticReset
INFO: Adding bytecode for initializing field DOUBLE
Aug 07, 2018 11:55:53 PM org.evosuite.runtime.instrumentation.CreateClassResetClassAdapter createEmptyStaticReset
INFO: Adding bytecode for initializing field LONG
Aug 07, 2018 11:55:53 PM org.evosuite.runtime.instrumentation.CreateClassResetClassAdapter createEmptyStaticReset
INFO: Adding bytecode for initializing field NULL
Aug 07, 2018 11:55:53 PM org.evosuite.runtime.instrumentation.CreateClassResetClassAdapter createEmptyStaticReset
INFO: Adding bytecode for initializing field UNINITIALIZED_THIS
Aug 07, 2018 11:55:53 PM org.evosuite.runtime.instrumentation.CreateClassResetClassAdapter createEmptyStaticReset
INFO: Adding bytecode for initializing field OBJECT_TAG
Aug 07, 2018 11:55:53 PM org.evosuite.runtime.instrumentation.CreateClassResetClassAdapter createEmptyStaticReset
INFO: Adding bytecode for initializing field UNINITIALIZED_VAR_TAG
Aug 07, 2018 11:55:53 PM org.evosuite.runtime.instrumentation.MethodCallReplacementClassAdapter visit
INFO: Adding mock interface to class org/mozilla/javascript/typedarrays/NativeUint16Array
Aug 07, 2018 11:55:53 PM org.evosuite.runtime.instrumentation.CreateClassResetClassAdapter createEmptyStaticReset
INFO: Creating brand-new static initializer in class org/mozilla/javascript/typedarrays/NativeUint16Array
Aug 07, 2018 11:55:53 PM org.evosuite.runtime.instrumentation.CreateClassResetClassAdapter createEmptyStaticReset
INFO: Adding bytecode for initializing field CLASS_NAME
Aug 07, 2018 11:55:53 PM org.evosuite.runtime.instrumentation.CreateClassResetClassAdapter createEmptyStaticReset
INFO: Adding bytecode for initializing field BYTES_PER_ELEMENT
Aug 07, 2018 11:55:53 PM org.evosuite.runtime.instrumentation.MethodCallReplacementClassAdapter visit
INFO: Adding mock interface to class org/mozilla/javascript/regexp/REGlobalData
Aug 07, 2018 11:55:53 PM org.evosuite.runtime.instrumentation.CreateClassResetClassAdapter createEmptyStaticReset
INFO: Creating brand-new static initializer in class org/mozilla/javascript/regexp/REGlobalData
Aug 07, 2018 11:55:53 PM org.evosuite.runtime.instrumentation.MethodCallReplacementClassAdapter visit
INFO: Adding mock interface to class org/mozilla/javascript/regexp/RECompiled
Aug 07, 2018 11:55:53 PM org.evosuite.runtime.instrumentation.CreateClassResetClassAdapter createEmptyStaticReset
INFO: Creating brand-new static initializer in class org/mozilla/javascript/regexp/RECompiled
Aug 07, 2018 11:55:53 PM org.evosuite.runtime.instrumentation.MethodCallReplacementClassAdapter visit
INFO: Adding mock interface to class org/mozilla/javascript/xmlimpl/XmlNode
Aug 07, 2018 11:55:53 PM org.evosuite.runtime.instrumentation.CreateClassResetClassAdapter visitMethod
INFO: Found static initializer in class org/mozilla/javascript/xmlimpl/XmlNode
Aug 07, 2018 11:55:53 PM org.evosuite.runtime.instrumentation.MethodCallReplacementClassAdapter visit
INFO: Adding mock interface to class org/mozilla/javascript/LazilyLoadedCtor
Aug 07, 2018 11:55:53 PM org.evosuite.runtime.instrumentation.CreateClassResetClassAdapter createEmptyStaticReset
INFO: Creating brand-new static initializer in class org/mozilla/javascript/LazilyLoadedCtor
Aug 07, 2018 11:55:53 PM org.evosuite.runtime.instrumentation.CreateClassResetClassAdapter createEmptyStaticReset
INFO: Adding bytecode for initializing field STATE_BEFORE_INIT
Aug 07, 2018 11:55:53 PM org.evosuite.runtime.instrumentation.CreateClassResetClassAdapter createEmptyStaticReset
INFO: Adding bytecode for initializing field STATE_INITIALIZING
Aug 07, 2018 11:55:53 PM org.evosuite.runtime.instrumentation.CreateClassResetClassAdapter createEmptyStaticReset
INFO: Adding bytecode for initializing field STATE_WITH_VALUE
Aug 07, 2018 11:55:53 PM org.evosuite.runtime.instrumentation.MethodCallReplacementClassAdapter visit
INFO: Adding mock interface to class org/mozilla/javascript/typedarrays/NativeInt32Array
Aug 07, 2018 11:55:53 PM org.evosuite.runtime.instrumentation.CreateClassResetClassAdapter createEmptyStaticReset
INFO: Creating brand-new static initializer in class org/mozilla/javascript/typedarrays/NativeInt32Array
Aug 07, 2018 11:55:53 PM org.evosuite.runtime.instrumentation.CreateClassResetClassAdapter createEmptyStaticReset
INFO: Adding bytecode for initializing field CLASS_NAME
Aug 07, 2018 11:55:53 PM org.evosuite.runtime.instrumentation.CreateClassResetClassAdapter createEmptyStaticReset
INFO: Adding bytecode for initializing field BYTES_PER_ELEMENT
Aug 07, 2018 11:55:53 PM org.evosuite.runtime.instrumentation.MethodCallReplacementClassAdapter visit
INFO: Adding mock interface to class org/mozilla/javascript/ast/ArrayComprehensionLoop
Aug 07, 2018 11:55:53 PM org.evosuite.runtime.instrumentation.CreateClassResetClassAdapter createEmptyStaticReset
INFO: Creating brand-new static initializer in class org/mozilla/javascript/ast/ArrayComprehensionLoop
Aug 07, 2018 11:55:53 PM org.evosuite.runtime.instrumentation.MethodCallReplacementClassAdapter visit
INFO: Adding mock interface to class org/mozilla/javascript/ast/ForInLoop
Aug 07, 2018 11:55:54 PM org.evosuite.runtime.instrumentation.CreateClassResetClassAdapter createEmptyStaticReset
INFO: Creating brand-new static initializer in class org/mozilla/javascript/ast/ForInLoop
Aug 07, 2018 11:55:54 PM org.evosuite.runtime.instrumentation.MethodCallReplacementClassAdapter visit
INFO: Adding mock interface to class org/mozilla/javascript/optimizer/BodyCodegen$ExceptionManager
Aug 07, 2018 11:55:54 PM org.evosuite.runtime.instrumentation.CreateClassResetClassAdapter createEmptyStaticReset
INFO: Creating brand-new static initializer in class org/mozilla/javascript/optimizer/BodyCodegen$ExceptionManager
Aug 07, 2018 11:55:54 PM org.evosuite.runtime.instrumentation.MethodCallReplacementClassAdapter visit
INFO: Adding mock interface to class org/mozilla/javascript/NativeJavaArray
Aug 07, 2018 11:55:54 PM org.evosuite.runtime.instrumentation.CreateClassResetClassAdapter createEmptyStaticReset
INFO: Creating brand-new static initializer in class org/mozilla/javascript/NativeJavaArray
Aug 07, 2018 11:55:54 PM org.evosuite.runtime.instrumentation.MethodCallReplacementClassAdapter visit
INFO: Adding mock interface to class org/mozilla/javascript/ast/SwitchCase
Aug 07, 2018 11:55:54 PM org.evosuite.runtime.instrumentation.CreateClassResetClassAdapter createEmptyStaticReset
INFO: Creating brand-new static initializer in class org/mozilla/javascript/ast/SwitchCase
Aug 07, 2018 11:55:54 PM org.evosuite.runtime.instrumentation.MethodCallReplacementClassAdapter visit
INFO: Adding mock interface to class org/mozilla/javascript/v8dtoa/FastDtoa
Aug 07, 2018 11:55:54 PM org.evosuite.runtime.instrumentation.CreateClassResetClassAdapter visitMethod
INFO: Found static initializer in class org/mozilla/javascript/v8dtoa/FastDtoa
Aug 07, 2018 11:55:54 PM org.evosuite.runtime.instrumentation.MethodCallReplacementClassAdapter visit
INFO: Adding mock interface to class org/mozilla/javascript/optimizer/BodyCodegen$ExceptionManager$ExceptionInfo
Aug 07, 2018 11:55:54 PM org.evosuite.runtime.instrumentation.CreateClassResetClassAdapter createEmptyStaticReset
INFO: Creating brand-new static initializer in class org/mozilla/javascript/optimizer/BodyCodegen$ExceptionManager$ExceptionInfo
Aug 07, 2018 11:55:54 PM org.evosuite.runtime.instrumentation.MethodCallReplacementClassAdapter visit
INFO: Adding mock interface to class org/mozilla/javascript/regexp/GlobData
Aug 07, 2018 11:55:54 PM org.evosuite.runtime.instrumentation.CreateClassResetClassAdapter createEmptyStaticReset
INFO: Creating brand-new static initializer in class org/mozilla/javascript/regexp/GlobData
Aug 07, 2018 11:55:54 PM org.evosuite.runtime.instrumentation.MethodCallReplacementClassAdapter visit
INFO: Adding mock interface to class org/mozilla/javascript/EmbeddedSlotMap$1
Aug 07, 2018 11:55:54 PM org.evosuite.runtime.instrumentation.MethodCallReplacementClassAdapter visit
INFO: Adding mock interface to class org/mozilla/javascript/ScriptableObject$SlotAccess
Aug 07, 2018 11:55:54 PM org.evosuite.runtime.instrumentation.CreateClassResetClassAdapter visitMethod
INFO: Found static initializer in class org/mozilla/javascript/ScriptableObject$SlotAccess
Aug 07, 2018 11:55:54 PM org.evosuite.runtime.instrumentation.MethodCallReplacementClassAdapter visit
INFO: Adding mock interface to class org/mozilla/javascript/regexp/RECharSet
Aug 07, 2018 11:55:54 PM org.evosuite.runtime.instrumentation.CreateClassResetClassAdapter createEmptyStaticReset
INFO: Creating brand-new static initializer in class org/mozilla/javascript/regexp/RECharSet
Aug 07, 2018 11:55:54 PM org.evosuite.runtime.instrumentation.MethodCallReplacementClassAdapter visit
INFO: Adding mock interface to class org/mozilla/javascript/ast/Block
Aug 07, 2018 11:55:54 PM org.evosuite.runtime.instrumentation.CreateClassResetClassAdapter createEmptyStaticReset
INFO: Creating brand-new static initializer in class org/mozilla/javascript/ast/Block
Aug 07, 2018 11:55:54 PM org.evosuite.runtime.instrumentation.MethodCallReplacementClassAdapter visit
INFO: Adding mock interface to class org/mozilla/javascript/ast/VariableInitializer
Aug 07, 2018 11:55:54 PM org.evosuite.runtime.instrumentation.CreateClassResetClassAdapter createEmptyStaticReset
INFO: Creating brand-new static initializer in class org/mozilla/javascript/ast/VariableInitializer
Aug 07, 2018 11:55:54 PM org.evosuite.runtime.instrumentation.MethodCallReplacementClassAdapter visit
INFO: Adding mock interface to class org/mozilla/javascript/ast/VariableDeclaration
Aug 07, 2018 11:55:54 PM org.evosuite.runtime.instrumentation.CreateClassResetClassAdapter createEmptyStaticReset
INFO: Creating brand-new static initializer in class org/mozilla/javascript/ast/VariableDeclaration
Aug 07, 2018 11:55:54 PM org.evosuite.runtime.instrumentation.MethodCallReplacementClassAdapter visit
INFO: Adding mock interface to class org/mozilla/javascript/xmlimpl/XmlNode$Namespace
Aug 07, 2018 11:55:54 PM org.evosuite.runtime.instrumentation.CreateClassResetClassAdapter visitMethod
INFO: Found static initializer in class org/mozilla/javascript/xmlimpl/XmlNode$Namespace
Aug 07, 2018 11:55:54 PM org.evosuite.runtime.instrumentation.MethodCallReplacementClassAdapter visit
INFO: Adding mock interface to class org/mozilla/javascript/Decompiler
Aug 07, 2018 11:55:54 PM org.evosuite.runtime.instrumentation.CreateClassResetClassAdapter createEmptyStaticReset
INFO: Creating brand-new static initializer in class org/mozilla/javascript/Decompiler
Aug 07, 2018 11:55:54 PM org.evosuite.runtime.instrumentation.CreateClassResetClassAdapter createEmptyStaticReset
INFO: Adding bytecode for initializing field ONLY_BODY_FLAG
Aug 07, 2018 11:55:54 PM org.evosuite.runtime.instrumentation.CreateClassResetClassAdapter createEmptyStaticReset
INFO: Adding bytecode for initializing field TO_SOURCE_FLAG
Aug 07, 2018 11:55:54 PM org.evosuite.runtime.instrumentation.CreateClassResetClassAdapter createEmptyStaticReset
INFO: Adding bytecode for initializing field INITIAL_INDENT_PROP
Aug 07, 2018 11:55:54 PM org.evosuite.runtime.instrumentation.CreateClassResetClassAdapter createEmptyStaticReset
INFO: Adding bytecode for initializing field INDENT_GAP_PROP
Aug 07, 2018 11:55:54 PM org.evosuite.runtime.instrumentation.CreateClassResetClassAdapter createEmptyStaticReset
INFO: Adding bytecode for initializing field CASE_GAP_PROP
Aug 07, 2018 11:55:54 PM org.evosuite.runtime.instrumentation.CreateClassResetClassAdapter createEmptyStaticReset
INFO: Adding bytecode for initializing field FUNCTION_END
Aug 07, 2018 11:55:54 PM org.evosuite.runtime.instrumentation.CreateClassResetClassAdapter createEmptyStaticReset
INFO: Adding bytecode for initializing field printSource
Aug 07, 2018 11:55:54 PM org.evosuite.runtime.instrumentation.MethodCallReplacementClassAdapter visit
INFO: Adding mock interface to class org/mozilla/javascript/regexp/RegExpImpl
Aug 07, 2018 11:55:54 PM org.evosuite.runtime.instrumentation.CreateClassResetClassAdapter createEmptyStaticReset
INFO: Creating brand-new static initializer in class org/mozilla/javascript/regexp/RegExpImpl
Aug 07, 2018 11:55:54 PM org.evosuite.runtime.instrumentation.MethodCallReplacementClassAdapter visit
INFO: Adding mock interface to class org/mozilla/javascript/ast/ThrowStatement
Aug 07, 2018 11:55:54 PM org.evosuite.runtime.instrumentation.CreateClassResetClassAdapter createEmptyStaticReset
INFO: Creating brand-new static initializer in class org/mozilla/javascript/ast/ThrowStatement
Aug 07, 2018 11:55:54 PM org.evosuite.runtime.instrumentation.MethodCallReplacementClassAdapter visit
INFO: Adding mock interface to class org/mozilla/javascript/InterpreterData
Aug 07, 2018 11:55:54 PM org.evosuite.runtime.instrumentation.CreateClassResetClassAdapter createEmptyStaticReset
INFO: Creating brand-new static initializer in class org/mozilla/javascript/InterpreterData
Aug 07, 2018 11:55:54 PM org.evosuite.runtime.instrumentation.CreateClassResetClassAdapter createEmptyStaticReset
INFO: Adding bytecode for initializing field INITIAL_MAX_ICODE_LENGTH
Aug 07, 2018 11:55:54 PM org.evosuite.runtime.instrumentation.CreateClassResetClassAdapter createEmptyStaticReset
INFO: Adding bytecode for initializing field INITIAL_STRINGTABLE_SIZE
Aug 07, 2018 11:55:54 PM org.evosuite.runtime.instrumentation.CreateClassResetClassAdapter createEmptyStaticReset
INFO: Adding bytecode for initializing field INITIAL_NUMBERTABLE_SIZE
Aug 07, 2018 11:55:54 PM org.evosuite.runtime.instrumentation.MethodCallReplacementClassAdapter visit
INFO: Adding mock interface to class org/mozilla/javascript/NativeCall
Aug 07, 2018 11:55:54 PM org.evosuite.runtime.instrumentation.CreateClassResetClassAdapter visitMethod
INFO: Found static initializer in class org/mozilla/javascript/NativeCall
Aug 07, 2018 11:55:54 PM org.evosuite.runtime.instrumentation.MethodCallReplacementClassAdapter visit
INFO: Adding mock interface to class org/mozilla/javascript/regexp/NativeRegExp
Aug 07, 2018 11:55:55 PM org.evosuite.runtime.instrumentation.CreateClassResetClassAdapter visitMethod
INFO: Found static initializer in class org/mozilla/javascript/regexp/NativeRegExp
Aug 07, 2018 11:55:55 PM org.evosuite.runtime.instrumentation.MethodCallReplacementClassAdapter visit
INFO: Adding mock interface to class org/mozilla/javascript/regexp/NativeRegExpCtor
Aug 07, 2018 11:55:55 PM org.evosuite.runtime.instrumentation.CreateClassResetClassAdapter createEmptyStaticReset
INFO: Creating brand-new static initializer in class org/mozilla/javascript/regexp/NativeRegExpCtor
Aug 07, 2018 11:55:55 PM org.evosuite.runtime.instrumentation.CreateClassResetClassAdapter createEmptyStaticReset
INFO: Adding bytecode for initializing field Id_multiline
Aug 07, 2018 11:55:55 PM org.evosuite.runtime.instrumentation.CreateClassResetClassAdapter createEmptyStaticReset
INFO: Adding bytecode for initializing field Id_STAR
Aug 07, 2018 11:55:55 PM org.evosuite.runtime.instrumentation.CreateClassResetClassAdapter createEmptyStaticReset
INFO: Adding bytecode for initializing field Id_input
Aug 07, 2018 11:55:55 PM org.evosuite.runtime.instrumentation.CreateClassResetClassAdapter createEmptyStaticReset
INFO: Adding bytecode for initializing field Id_UNDERSCORE
Aug 07, 2018 11:55:55 PM org.evosuite.runtime.instrumentation.CreateClassResetClassAdapter createEmptyStaticReset
INFO: Adding bytecode for initializing field Id_lastMatch
Aug 07, 2018 11:55:55 PM org.evosuite.runtime.instrumentation.CreateClassResetClassAdapter createEmptyStaticReset
INFO: Adding bytecode for initializing field Id_AMPERSAND
Aug 07, 2018 11:55:55 PM org.evosuite.runtime.instrumentation.CreateClassResetClassAdapter createEmptyStaticReset
INFO: Adding bytecode for initializing field Id_lastParen
Aug 07, 2018 11:55:55 PM org.evosuite.runtime.instrumentation.CreateClassResetClassAdapter createEmptyStaticReset
INFO: Adding bytecode for initializing field Id_PLUS
Aug 07, 2018 11:55:55 PM org.evosuite.runtime.instrumentation.CreateClassResetClassAdapter createEmptyStaticReset
INFO: Adding bytecode for initializing field Id_leftContext
Aug 07, 2018 11:55:55 PM org.evosuite.runtime.instrumentation.CreateClassResetClassAdapter createEmptyStaticReset
INFO: Adding bytecode for initializing field Id_BACK_QUOTE
Aug 07, 2018 11:55:55 PM org.evosuite.runtime.instrumentation.CreateClassResetClassAdapter createEmptyStaticReset
INFO: Adding bytecode for initializing field Id_rightContext
Aug 07, 2018 11:55:55 PM org.evosuite.runtime.instrumentation.CreateClassResetClassAdapter createEmptyStaticReset
INFO: Adding bytecode for initializing field Id_QUOTE
Aug 07, 2018 11:55:55 PM org.evosuite.runtime.instrumentation.CreateClassResetClassAdapter createEmptyStaticReset
INFO: Adding bytecode for initializing field DOLLAR_ID_BASE
Aug 07, 2018 11:55:55 PM org.evosuite.runtime.instrumentation.CreateClassResetClassAdapter createEmptyStaticReset
INFO: Adding bytecode for initializing field Id_DOLLAR_1
Aug 07, 2018 11:55:55 PM org.evosuite.runtime.instrumentation.CreateClassResetClassAdapter createEmptyStaticReset
INFO: Adding bytecode for initializing field Id_DOLLAR_2
Aug 07, 2018 11:55:55 PM org.evosuite.runtime.instrumentation.CreateClassResetClassAdapter createEmptyStaticReset
INFO: Adding bytecode for initializing field Id_DOLLAR_3
Aug 07, 2018 11:55:55 PM org.evosuite.runtime.instrumentation.CreateClassResetClassAdapter createEmptyStaticReset
INFO: Adding bytecode for initializing field Id_DOLLAR_4
Aug 07, 2018 11:55:55 PM org.evosuite.runtime.instrumentation.CreateClassResetClassAdapter createEmptyStaticReset
INFO: Adding bytecode for initializing field Id_DOLLAR_5
Aug 07, 2018 11:55:55 PM org.evosuite.runtime.instrumentation.CreateClassResetClassAdapter createEmptyStaticReset
INFO: Adding bytecode for initializing field Id_DOLLAR_6
Aug 07, 2018 11:55:55 PM org.evosuite.runtime.instrumentation.CreateClassResetClassAdapter createEmptyStaticReset
INFO: Adding bytecode for initializing field Id_DOLLAR_7
Aug 07, 2018 11:55:55 PM org.evosuite.runtime.instrumentation.CreateClassResetClassAdapter createEmptyStaticReset
INFO: Adding bytecode for initializing field Id_DOLLAR_8
Aug 07, 2018 11:55:55 PM org.evosuite.runtime.instrumentation.CreateClassResetClassAdapter createEmptyStaticReset
INFO: Adding bytecode for initializing field Id_DOLLAR_9
Aug 07, 2018 11:55:55 PM org.evosuite.runtime.instrumentation.CreateClassResetClassAdapter createEmptyStaticReset
INFO: Adding bytecode for initializing field MAX_INSTANCE_ID
Aug 07, 2018 11:55:55 PM org.evosuite.runtime.instrumentation.MethodCallReplacementClassAdapter visit
INFO: Adding mock interface to class org/mozilla/javascript/Node$PropListItem
Aug 07, 2018 11:55:55 PM org.evosuite.runtime.instrumentation.CreateClassResetClassAdapter createEmptyStaticReset
INFO: Creating brand-new static initializer in class org/mozilla/javascript/Node$PropListItem
Aug 07, 2018 11:55:55 PM org.evosuite.runtime.instrumentation.MethodCallReplacementClassAdapter visit
INFO: Adding mock interface to class org/mozilla/javascript/regexp/CompilerState
Aug 07, 2018 11:55:55 PM org.evosuite.runtime.instrumentation.CreateClassResetClassAdapter createEmptyStaticReset
INFO: Creating brand-new static initializer in class org/mozilla/javascript/regexp/CompilerState
Aug 07, 2018 11:55:55 PM org.evosuite.runtime.instrumentation.MethodCallReplacementClassAdapter visit
INFO: Adding mock interface to class org/mozilla/javascript/TokenStream
Aug 07, 2018 11:55:55 PM org.evosuite.runtime.instrumentation.CreateClassResetClassAdapter visitMethod
INFO: Found static initializer in class org/mozilla/javascript/TokenStream
Aug 07, 2018 11:55:55 PM org.evosuite.runtime.instrumentation.MethodCallReplacementClassAdapter visit
INFO: Adding mock interface to class org/mozilla/javascript/Parser$ParserException
Aug 07, 2018 11:55:55 PM org.evosuite.runtime.instrumentation.CreateClassResetClassAdapter createEmptyStaticReset
INFO: Creating brand-new static initializer in class org/mozilla/javascript/Parser$ParserException
Aug 07, 2018 11:55:55 PM org.evosuite.runtime.instrumentation.MethodCallReplacementClassAdapter visit
INFO: Adding mock interface to class org/mozilla/javascript/ast/XmlDotQuery
Aug 07, 2018 11:55:55 PM org.evosuite.runtime.instrumentation.CreateClassResetClassAdapter createEmptyStaticReset
INFO: Creating brand-new static initializer in class org/mozilla/javascript/ast/XmlDotQuery
Aug 07, 2018 11:55:55 PM org.evosuite.runtime.instrumentation.MethodCallReplacementClassAdapter visit
INFO: Adding mock interface to class org/mozilla/javascript/ObjToIntMap$Iterator
Aug 07, 2018 11:55:55 PM org.evosuite.runtime.instrumentation.CreateClassResetClassAdapter createEmptyStaticReset
INFO: Creating brand-new static initializer in class org/mozilla/javascript/ObjToIntMap$Iterator
Aug 07, 2018 11:55:55 PM org.evosuite.runtime.instrumentation.MethodCallReplacementClassAdapter visit
INFO: Adding mock interface to class org/mozilla/javascript/ast/DoLoop
Aug 07, 2018 11:55:55 PM org.evosuite.runtime.instrumentation.CreateClassResetClassAdapter createEmptyStaticReset
INFO: Creating brand-new static initializer in class org/mozilla/javascript/ast/DoLoop
Aug 07, 2018 11:55:55 PM org.evosuite.runtime.instrumentation.MethodCallReplacementClassAdapter visit
INFO: Adding mock interface to class org/mozilla/javascript/NativeGlobal
Aug 07, 2018 11:55:55 PM org.evosuite.runtime.instrumentation.CreateClassResetClassAdapter visitMethod
INFO: Found static initializer in class org/mozilla/javascript/NativeGlobal
Aug 07, 2018 11:55:55 PM org.evosuite.runtime.instrumentation.MethodCallReplacementClassAdapter visit
INFO: Adding mock interface to class org/mozilla/javascript/xmlimpl/XmlProcessor$RhinoSAXErrorHandler
Aug 07, 2018 11:55:55 PM org.evosuite.runtime.instrumentation.CreateClassResetClassAdapter createEmptyStaticReset
INFO: Creating brand-new static initializer in class org/mozilla/javascript/xmlimpl/XmlProcessor$RhinoSAXErrorHandler
Aug 07, 2018 11:55:55 PM org.evosuite.runtime.instrumentation.MethodCallReplacementClassAdapter visit
INFO: Adding mock interface to class org/mozilla/javascript/v8dtoa/DoubleHelper
Aug 07, 2018 11:55:55 PM org.evosuite.runtime.instrumentation.CreateClassResetClassAdapter visitMethod
INFO: Found static initializer in class org/mozilla/javascript/v8dtoa/DoubleHelper
Aug 07, 2018 11:55:55 PM org.evosuite.runtime.instrumentation.MethodCallReplacementClassAdapter visit
INFO: Adding mock interface to class org/mozilla/javascript/xmlimpl/XmlNode$InternalList
Aug 07, 2018 11:55:55 PM org.evosuite.runtime.instrumentation.CreateClassResetClassAdapter createEmptyStaticReset
INFO: Creating brand-new static initializer in class org/mozilla/javascript/xmlimpl/XmlNode$InternalList
Aug 07, 2018 11:55:55 PM org.evosuite.runtime.instrumentation.MethodCallReplacementClassAdapter visit
INFO: Adding mock interface to class org/mozilla/javascript/ast/AstRoot
Aug 07, 2018 11:55:55 PM org.evosuite.runtime.instrumentation.CreateClassResetClassAdapter createEmptyStaticReset
INFO: Creating brand-new static initializer in class org/mozilla/javascript/ast/AstRoot
Aug 07, 2018 11:55:55 PM org.evosuite.runtime.instrumentation.MethodCallReplacementClassAdapter visit
INFO: Adding mock interface to class org/mozilla/javascript/ScriptStackElement
Aug 07, 2018 11:55:55 PM org.evosuite.runtime.instrumentation.CreateClassResetClassAdapter createEmptyStaticReset
INFO: Creating brand-new static initializer in class org/mozilla/javascript/ScriptStackElement
Aug 07, 2018 11:55:55 PM org.evosuite.runtime.instrumentation.MethodCallReplacementClassAdapter visit
INFO: Adding mock interface to class org/mozilla/javascript/ast/WhileLoop
Aug 07, 2018 11:55:56 PM org.evosuite.runtime.instrumentation.CreateClassResetClassAdapter createEmptyStaticReset
INFO: Creating brand-new static initializer in class org/mozilla/javascript/ast/WhileLoop
Aug 07, 2018 11:55:56 PM org.evosuite.runtime.instrumentation.MethodCallReplacementClassAdapter visit
INFO: Adding mock interface to class org/mozilla/javascript/NativeDate
Aug 07, 2018 11:55:56 PM org.evosuite.runtime.instrumentation.CreateClassResetClassAdapter visitMethod
INFO: Found static initializer in class org/mozilla/javascript/NativeDate
Aug 07, 2018 11:55:56 PM org.evosuite.runtime.instrumentation.MethodCallReplacementClassAdapter visit
INFO: Adding mock interface to class org/mozilla/javascript/ast/EmptyStatement
Aug 07, 2018 11:55:56 PM org.evosuite.runtime.instrumentation.CreateClassResetClassAdapter createEmptyStaticReset
INFO: Creating brand-new static initializer in class org/mozilla/javascript/ast/EmptyStatement
Aug 07, 2018 11:55:56 PM org.evosuite.runtime.instrumentation.MethodCallReplacementClassAdapter visit
INFO: Adding mock interface to class org/mozilla/javascript/ast/PropertyGet
Aug 07, 2018 11:55:56 PM org.evosuite.runtime.instrumentation.CreateClassResetClassAdapter createEmptyStaticReset
INFO: Creating brand-new static initializer in class org/mozilla/javascript/ast/PropertyGet
Aug 07, 2018 11:55:56 PM org.evosuite.runtime.instrumentation.MethodCallReplacementClassAdapter visit
INFO: Adding mock interface to class org/mozilla/javascript/regexp/REBackTrackData
Aug 07, 2018 11:55:56 PM org.evosuite.runtime.instrumentation.CreateClassResetClassAdapter createEmptyStaticReset
INFO: Creating brand-new static initializer in class org/mozilla/javascript/regexp/REBackTrackData
Aug 07, 2018 11:55:56 PM org.evosuite.runtime.instrumentation.MethodCallReplacementClassAdapter visit
INFO: Adding mock interface to class org/mozilla/javascript/ast/XmlPropRef
Aug 07, 2018 11:55:56 PM org.evosuite.runtime.instrumentation.CreateClassResetClassAdapter createEmptyStaticReset
INFO: Creating brand-new static initializer in class org/mozilla/javascript/ast/XmlPropRef
Aug 07, 2018 11:55:56 PM org.evosuite.runtime.instrumentation.MethodCallReplacementClassAdapter visit
INFO: Adding mock interface to class org/mozilla/javascript/tools/shell/Environment
Aug 07, 2018 11:55:56 PM org.evosuite.runtime.instrumentation.CreateClassResetClassAdapter createEmptyStaticReset
INFO: Creating brand-new static initializer in class org/mozilla/javascript/tools/shell/Environment
Aug 07, 2018 11:55:56 PM org.evosuite.runtime.instrumentation.MethodCallReplacementClassAdapter visit
INFO: Adding mock interface to class org/mozilla/javascript/Undefined$1
Aug 07, 2018 11:55:56 PM org.evosuite.runtime.instrumentation.MethodCallReplacementClassAdapter visit
INFO: Adding mock interface to class org/mozilla/javascript/IdScriptableObject$PrototypeValues
Aug 07, 2018 11:55:56 PM org.evosuite.runtime.instrumentation.CreateClassResetClassAdapter createEmptyStaticReset
INFO: Creating brand-new static initializer in class org/mozilla/javascript/IdScriptableObject$PrototypeValues
Aug 07, 2018 11:55:56 PM org.evosuite.runtime.instrumentation.CreateClassResetClassAdapter createEmptyStaticReset
INFO: Adding bytecode for initializing field NAME_SLOT
Aug 07, 2018 11:55:56 PM org.evosuite.runtime.instrumentation.CreateClassResetClassAdapter createEmptyStaticReset
INFO: Adding bytecode for initializing field SLOT_SPAN
Aug 07, 2018 11:55:56 PM org.evosuite.runtime.instrumentation.MethodCallReplacementClassAdapter visit
INFO: Adding mock interface to class org/mozilla/javascript/ast/GeneratorExpressionLoop
Aug 07, 2018 11:55:56 PM org.evosuite.runtime.instrumentation.CreateClassResetClassAdapter createEmptyStaticReset
INFO: Creating brand-new static initializer in class org/mozilla/javascript/ast/GeneratorExpressionLoop
Aug 07, 2018 11:55:56 PM org.evosuite.runtime.instrumentation.MethodCallReplacementClassAdapter visit
INFO: Adding mock interface to class org/mozilla/javascript/tools/shell/ShellConsole$ConsoleInputStream
Aug 07, 2018 11:55:56 PM org.evosuite.runtime.instrumentation.CreateClassResetClassAdapter visitMethod
INFO: Found static initializer in class org/mozilla/javascript/tools/shell/ShellConsole$ConsoleInputStream
Aug 07, 2018 11:55:56 PM org.evosuite.runtime.instrumentation.MethodCallReplacementClassAdapter visit
INFO: Adding mock interface to class org/mozilla/javascript/typedarrays/NativeFloat64Array
Aug 07, 2018 11:55:56 PM org.evosuite.runtime.instrumentation.CreateClassResetClassAdapter createEmptyStaticReset
INFO: Creating brand-new static initializer in class org/mozilla/javascript/typedarrays/NativeFloat64Array
Aug 07, 2018 11:55:56 PM org.evosuite.runtime.instrumentation.CreateClassResetClassAdapter createEmptyStaticReset
INFO: Adding bytecode for initializing field CLASS_NAME
Aug 07, 2018 11:55:56 PM org.evosuite.runtime.instrumentation.CreateClassResetClassAdapter createEmptyStaticReset
INFO: Adding bytecode for initializing field BYTES_PER_ELEMENT
Aug 07, 2018 11:55:56 PM org.evosuite.runtime.instrumentation.MethodCallReplacementClassAdapter visit
INFO: Adding mock interface to class org/mozilla/javascript/Undefined
Aug 07, 2018 11:55:56 PM org.evosuite.runtime.instrumentation.CreateClassResetClassAdapter visitMethod
INFO: Found static initializer in class org/mozilla/javascript/Undefined
Aug 07, 2018 11:55:56 PM org.evosuite.runtime.instrumentation.MethodCallReplacementClassAdapter visit
INFO: Adding mock interface to class org/mozilla/javascript/ast/ObjectProperty
Aug 07, 2018 11:55:56 PM org.evosuite.runtime.instrumentation.CreateClassResetClassAdapter createEmptyStaticReset
INFO: Creating brand-new static initializer in class org/mozilla/javascript/ast/ObjectProperty
Aug 07, 2018 11:55:56 PM org.evosuite.runtime.instrumentation.MethodCallReplacementClassAdapter visit
INFO: Adding mock interface to class org/mozilla/javascript/serialize/ScriptableInputStream
Aug 07, 2018 11:55:56 PM org.evosuite.runtime.instrumentation.CreateClassResetClassAdapter createEmptyStaticReset
INFO: Creating brand-new static initializer in class org/mozilla/javascript/serialize/ScriptableInputStream
Aug 07, 2018 11:55:56 PM org.evosuite.runtime.instrumentation.MethodCallReplacementClassAdapter visit
INFO: Adding mock interface to class org/mozilla/javascript/ScriptRuntime$NoSuchMethodShim
Aug 07, 2018 11:55:56 PM org.evosuite.runtime.instrumentation.CreateClassResetClassAdapter createEmptyStaticReset
INFO: Creating brand-new static initializer in class org/mozilla/javascript/ScriptRuntime$NoSuchMethodShim
Aug 07, 2018 11:55:56 PM org.evosuite.runtime.instrumentation.MethodCallReplacementClassAdapter visit
INFO: Adding mock interface to class org/mozilla/javascript/JavaAdapter$2
Aug 07, 2018 11:55:56 PM org.evosuite.runtime.instrumentation.MethodCallReplacementClassAdapter visit
INFO: Adding mock interface to class org/mozilla/javascript/ast/SwitchStatement
Aug 07, 2018 11:55:56 PM org.evosuite.runtime.instrumentation.CreateClassResetClassAdapter visitMethod
INFO: Found static initializer in class org/mozilla/javascript/ast/SwitchStatement
Aug 07, 2018 11:55:56 PM org.evosuite.runtime.instrumentation.MethodCallReplacementClassAdapter visit
INFO: Adding mock interface to class org/mozilla/javascript/ast/LetNode
Aug 07, 2018 11:55:56 PM org.evosuite.runtime.instrumentation.CreateClassResetClassAdapter createEmptyStaticReset
INFO: Creating brand-new static initializer in class org/mozilla/javascript/ast/LetNode
Aug 07, 2018 11:55:57 PM org.evosuite.runtime.instrumentation.MethodCallReplacementClassAdapter visit
INFO: Adding mock interface to class org/mozilla/classfile/ClassFileWriter$MHandle
Aug 07, 2018 11:55:57 PM org.evosuite.runtime.instrumentation.CreateClassResetClassAdapter createEmptyStaticReset
INFO: Creating brand-new static initializer in class org/mozilla/classfile/ClassFileWriter$MHandle
Aug 07, 2018 11:55:57 PM org.evosuite.runtime.instrumentation.MethodCallReplacementClassAdapter visit
INFO: Adding mock interface to class org/mozilla/javascript/typedarrays/NativeTypedArrayIterator
Aug 07, 2018 11:55:57 PM org.evosuite.runtime.instrumentation.CreateClassResetClassAdapter createEmptyStaticReset
INFO: Creating brand-new static initializer in class org/mozilla/javascript/typedarrays/NativeTypedArrayIterator
Aug 07, 2018 11:55:57 PM org.evosuite.runtime.instrumentation.MethodCallReplacementClassAdapter visit
INFO: Adding mock interface to class org/mozilla/javascript/JavaMembers
Aug 07, 2018 11:55:57 PM org.evosuite.runtime.instrumentation.CreateClassResetClassAdapter createEmptyStaticReset
INFO: Creating brand-new static initializer in class org/mozilla/javascript/JavaMembers
Aug 07, 2018 11:55:57 PM org.evosuite.runtime.instrumentation.MethodCallReplacementClassAdapter visit
INFO: Adding mock interface to class org/mozilla/javascript/NativeJavaMethod
Aug 07, 2018 11:55:57 PM org.evosuite.runtime.instrumentation.CreateClassResetClassAdapter createEmptyStaticReset
INFO: Creating brand-new static initializer in class org/mozilla/javascript/NativeJavaMethod
Aug 07, 2018 11:55:57 PM org.evosuite.runtime.instrumentation.CreateClassResetClassAdapter createEmptyStaticReset
INFO: Adding bytecode for initializing field PREFERENCE_EQUAL
Aug 07, 2018 11:55:57 PM org.evosuite.runtime.instrumentation.CreateClassResetClassAdapter createEmptyStaticReset
INFO: Adding bytecode for initializing field PREFERENCE_FIRST_ARG
Aug 07, 2018 11:55:57 PM org.evosuite.runtime.instrumentation.CreateClassResetClassAdapter createEmptyStaticReset
INFO: Adding bytecode for initializing field PREFERENCE_SECOND_ARG
Aug 07, 2018 11:55:57 PM org.evosuite.runtime.instrumentation.CreateClassResetClassAdapter createEmptyStaticReset
INFO: Adding bytecode for initializing field PREFERENCE_AMBIGUOUS
Aug 07, 2018 11:55:57 PM org.evosuite.runtime.instrumentation.CreateClassResetClassAdapter createEmptyStaticReset
INFO: Adding bytecode for initializing field debug
Aug 07, 2018 11:55:57 PM org.evosuite.runtime.instrumentation.MethodCallReplacementClassAdapter visit
INFO: Adding mock interface to class org/mozilla/javascript/NativeJSON$StringifyState
Aug 07, 2018 11:55:57 PM org.evosuite.runtime.instrumentation.CreateClassResetClassAdapter createEmptyStaticReset
INFO: Creating brand-new static initializer in class org/mozilla/javascript/NativeJSON$StringifyState
Aug 07, 2018 11:55:57 PM org.evosuite.runtime.instrumentation.MethodCallReplacementClassAdapter visit
INFO: Adding mock interface to class org/mozilla/javascript/ast/ConditionalExpression
Aug 07, 2018 11:55:57 PM org.evosuite.runtime.instrumentation.CreateClassResetClassAdapter createEmptyStaticReset
INFO: Creating brand-new static initializer in class org/mozilla/javascript/ast/ConditionalExpression
Aug 07, 2018 11:55:57 PM org.evosuite.runtime.instrumentation.MethodCallReplacementClassAdapter visit
INFO: Adding mock interface to class org/mozilla/javascript/typedarrays/NativeInt8Array
Aug 07, 2018 11:55:57 PM org.evosuite.runtime.instrumentation.CreateClassResetClassAdapter createEmptyStaticReset
INFO: Creating brand-new static initializer in class org/mozilla/javascript/typedarrays/NativeInt8Array
Aug 07, 2018 11:55:57 PM org.evosuite.runtime.instrumentation.CreateClassResetClassAdapter createEmptyStaticReset
INFO: Adding bytecode for initializing field CLASS_NAME
Aug 07, 2018 11:55:57 PM org.evosuite.runtime.instrumentation.MethodCallReplacementClassAdapter visit
INFO: Adding mock interface to class org/mozilla/javascript/v8dtoa/FastDtoaBuilder
Aug 07, 2018 11:55:57 PM org.evosuite.runtime.instrumentation.CreateClassResetClassAdapter visitMethod
INFO: Found static initializer in class org/mozilla/javascript/v8dtoa/FastDtoaBuilder
Aug 07, 2018 11:55:57 PM org.evosuite.runtime.instrumentation.MethodCallReplacementClassAdapter visit
INFO: Adding mock interface to class org/mozilla/javascript/ContextFactory$1
Aug 07, 2018 11:55:57 PM org.evosuite.runtime.instrumentation.MethodCallReplacementClassAdapter visit
INFO: Adding mock interface to class org/mozilla/javascript/v8dtoa/CachedPowers
Aug 07, 2018 11:55:57 PM org.evosuite.runtime.instrumentation.CreateClassResetClassAdapter visitMethod
INFO: Found static initializer in class org/mozilla/javascript/v8dtoa/CachedPowers
Aug 07, 2018 11:55:57 PM org.evosuite.runtime.instrumentation.MethodCallReplacementClassAdapter visit
INFO: Adding mock interface to class org/mozilla/classfile/ExceptionTableEntry
Aug 07, 2018 11:55:57 PM org.evosuite.runtime.instrumentation.CreateClassResetClassAdapter createEmptyStaticReset
INFO: Creating brand-new static initializer in class org/mozilla/classfile/ExceptionTableEntry
Aug 07, 2018 11:55:57 PM org.evosuite.runtime.instrumentation.MethodCallReplacementClassAdapter visit
INFO: Adding mock interface to class org/mozilla/javascript/tools/shell/Global
Aug 07, 2018 11:55:57 PM org.evosuite.runtime.instrumentation.CreateClassResetClassAdapter createEmptyStaticReset
INFO: Creating brand-new static initializer in class org/mozilla/javascript/tools/shell/Global
Aug 07, 2018 11:55:57 PM org.evosuite.runtime.instrumentation.MethodCallReplacementClassAdapter visit
INFO: Adding mock interface to class org/mozilla/javascript/xmlimpl/XmlProcessor
Aug 07, 2018 11:55:57 PM org.evosuite.runtime.instrumentation.CreateClassResetClassAdapter createEmptyStaticReset
INFO: Creating brand-new static initializer in class org/mozilla/javascript/xmlimpl/XmlProcessor
Aug 07, 2018 11:55:57 PM org.evosuite.runtime.instrumentation.MethodCallReplacementClassAdapter visit
INFO: Adding mock interface to class org/mozilla/classfile/ClassFileWriter$BootstrapEntry
Aug 07, 2018 11:55:57 PM org.evosuite.runtime.instrumentation.CreateClassResetClassAdapter createEmptyStaticReset
INFO: Creating brand-new static initializer in class org/mozilla/classfile/ClassFileWriter$BootstrapEntry
Aug 07, 2018 11:55:57 PM org.evosuite.runtime.instrumentation.MethodCallReplacementClassAdapter visit
INFO: Adding mock interface to class org/mozilla/javascript/optimizer/OptFunctionNode
Aug 07, 2018 11:55:57 PM org.evosuite.runtime.instrumentation.CreateClassResetClassAdapter createEmptyStaticReset
INFO: Creating brand-new static initializer in class org/mozilla/javascript/optimizer/OptFunctionNode
Aug 07, 2018 11:55:57 PM org.evosuite.runtime.instrumentation.MethodCallReplacementClassAdapter visit
INFO: Adding mock interface to class org/mozilla/javascript/NativeJavaClass
Aug 07, 2018 11:55:57 PM org.evosuite.runtime.instrumentation.CreateClassResetClassAdapter createEmptyStaticReset
INFO: Creating brand-new static initializer in class org/mozilla/javascript/NativeJavaClass
Aug 07, 2018 11:55:57 PM org.evosuite.runtime.instrumentation.CreateClassResetClassAdapter createEmptyStaticReset
INFO: Adding bytecode for initializing field javaClassPropertyName
Aug 07, 2018 11:55:57 PM org.evosuite.runtime.instrumentation.MethodCallReplacementClassAdapter visit
INFO: Adding mock interface to class org/mozilla/javascript/xmlimpl/XmlNode$QName
Aug 07, 2018 11:55:57 PM org.evosuite.runtime.instrumentation.CreateClassResetClassAdapter createEmptyStaticReset
INFO: Creating brand-new static initializer in class org/mozilla/javascript/xmlimpl/XmlNode$QName
Aug 07, 2018 11:55:57 PM org.evosuite.runtime.instrumentation.MethodCallReplacementClassAdapter visit
INFO: Adding mock interface to class org/mozilla/javascript/ast/WithStatement
Aug 07, 2018 11:55:57 PM org.evosuite.runtime.instrumentation.CreateClassResetClassAdapter createEmptyStaticReset
INFO: Creating brand-new static initializer in class org/mozilla/javascript/ast/WithStatement
Aug 07, 2018 11:55:57 PM org.evosuite.runtime.instrumentation.MethodCallReplacementClassAdapter visit
INFO: Adding mock interface to class org/mozilla/javascript/IRFactory
Aug 07, 2018 11:55:57 PM org.evosuite.runtime.instrumentation.CreateClassResetClassAdapter createEmptyStaticReset
INFO: Creating brand-new static initializer in class org/mozilla/javascript/IRFactory
Aug 07, 2018 11:55:57 PM org.evosuite.runtime.instrumentation.CreateClassResetClassAdapter createEmptyStaticReset
INFO: Adding bytecode for initializing field LOOP_DO_WHILE
Aug 07, 2018 11:55:57 PM org.evosuite.runtime.instrumentation.CreateClassResetClassAdapter createEmptyStaticReset
INFO: Adding bytecode for initializing field LOOP_WHILE
Aug 07, 2018 11:55:57 PM org.evosuite.runtime.instrumentation.CreateClassResetClassAdapter createEmptyStaticReset
INFO: Adding bytecode for initializing field LOOP_FOR
Aug 07, 2018 11:55:57 PM org.evosuite.runtime.instrumentation.CreateClassResetClassAdapter createEmptyStaticReset
INFO: Adding bytecode for initializing field ALWAYS_TRUE_BOOLEAN
Aug 07, 2018 11:55:57 PM org.evosuite.runtime.instrumentation.CreateClassResetClassAdapter createEmptyStaticReset
INFO: Adding bytecode for initializing field ALWAYS_FALSE_BOOLEAN
Aug 07, 2018 11:55:58 PM org.evosuite.runtime.instrumentation.MethodCallReplacementClassAdapter visit
INFO: Adding mock interface to class org/mozilla/javascript/Parser
Aug 07, 2018 11:55:58 PM org.evosuite.runtime.instrumentation.CreateClassResetClassAdapter createEmptyStaticReset
INFO: Creating brand-new static initializer in class org/mozilla/javascript/Parser
Aug 07, 2018 11:55:58 PM org.evosuite.runtime.instrumentation.CreateClassResetClassAdapter createEmptyStaticReset
INFO: Adding bytecode for initializing field ARGC_LIMIT
Aug 07, 2018 11:55:58 PM org.evosuite.runtime.instrumentation.CreateClassResetClassAdapter createEmptyStaticReset
INFO: Adding bytecode for initializing field CLEAR_TI_MASK
Aug 07, 2018 11:55:58 PM org.evosuite.runtime.instrumentation.CreateClassResetClassAdapter createEmptyStaticReset
INFO: Adding bytecode for initializing field TI_AFTER_EOL
Aug 07, 2018 11:55:58 PM org.evosuite.runtime.instrumentation.CreateClassResetClassAdapter createEmptyStaticReset
INFO: Adding bytecode for initializing field TI_CHECK_LABEL
Aug 07, 2018 11:55:58 PM org.evosuite.runtime.instrumentation.CreateClassResetClassAdapter createEmptyStaticReset
INFO: Adding bytecode for initializing field PROP_ENTRY
Aug 07, 2018 11:55:58 PM org.evosuite.runtime.instrumentation.CreateClassResetClassAdapter createEmptyStaticReset
INFO: Adding bytecode for initializing field GET_ENTRY
Aug 07, 2018 11:55:58 PM org.evosuite.runtime.instrumentation.CreateClassResetClassAdapter createEmptyStaticReset
INFO: Adding bytecode for initializing field SET_ENTRY
Aug 07, 2018 11:55:58 PM org.evosuite.runtime.instrumentation.CreateClassResetClassAdapter createEmptyStaticReset
INFO: Adding bytecode for initializing field METHOD_ENTRY
Aug 07, 2018 11:55:58 PM org.evosuite.runtime.instrumentation.MethodCallReplacementClassAdapter visit
INFO: Adding mock interface to class org/mozilla/javascript/ast/ExpressionStatement
Aug 07, 2018 11:55:58 PM org.evosuite.runtime.instrumentation.CreateClassResetClassAdapter createEmptyStaticReset
INFO: Creating brand-new static initializer in class org/mozilla/javascript/ast/ExpressionStatement
Aug 07, 2018 11:55:58 PM org.evosuite.runtime.instrumentation.MethodCallReplacementClassAdapter visit
INFO: Adding mock interface to class org/mozilla/javascript/ast/ReturnStatement
Aug 07, 2018 11:55:58 PM org.evosuite.runtime.instrumentation.CreateClassResetClassAdapter createEmptyStaticReset
INFO: Creating brand-new static initializer in class org/mozilla/javascript/ast/ReturnStatement
Aug 07, 2018 11:55:58 PM org.evosuite.runtime.instrumentation.MethodCallReplacementClassAdapter visit
INFO: Adding mock interface to class org/mozilla/javascript/ast/ErrorNode
Aug 07, 2018 11:55:58 PM org.evosuite.runtime.instrumentation.CreateClassResetClassAdapter createEmptyStaticReset
INFO: Creating brand-new static initializer in class org/mozilla/javascript/ast/ErrorNode
Aug 07, 2018 11:55:58 PM org.evosuite.runtime.instrumentation.MethodCallReplacementClassAdapter visit
INFO: Adding mock interface to class org/mozilla/javascript/ast/ElementGet
Aug 07, 2018 11:55:58 PM org.evosuite.runtime.instrumentation.CreateClassResetClassAdapter createEmptyStaticReset
INFO: Creating brand-new static initializer in class org/mozilla/javascript/ast/ElementGet
Aug 07, 2018 11:55:58 PM org.evosuite.runtime.instrumentation.MethodCallReplacementClassAdapter visit
INFO: Adding mock interface to class org/mozilla/javascript/ast/FunctionCall
Aug 07, 2018 11:55:58 PM org.evosuite.runtime.instrumentation.CreateClassResetClassAdapter visitMethod
INFO: Found static initializer in class org/mozilla/javascript/ast/FunctionCall
Aug 07, 2018 11:55:58 PM org.evosuite.runtime.instrumentation.MethodCallReplacementClassAdapter visit
INFO: Adding mock interface to class org/mozilla/javascript/ast/NewExpression
Aug 07, 2018 11:55:58 PM org.evosuite.runtime.instrumentation.CreateClassResetClassAdapter createEmptyStaticReset
INFO: Creating brand-new static initializer in class org/mozilla/javascript/ast/NewExpression
Aug 07, 2018 11:55:58 PM org.evosuite.runtime.instrumentation.MethodCallReplacementClassAdapter visit
INFO: Adding mock interface to class org/mozilla/javascript/ast/IfStatement
Aug 07, 2018 11:55:58 PM org.evosuite.runtime.instrumentation.CreateClassResetClassAdapter createEmptyStaticReset
INFO: Creating brand-new static initializer in class org/mozilla/javascript/ast/IfStatement
Aug 07, 2018 11:55:58 PM org.evosuite.runtime.instrumentation.MethodCallReplacementClassAdapter visit
INFO: Adding mock interface to class org/mozilla/javascript/ast/TryStatement
Aug 07, 2018 11:55:58 PM org.evosuite.runtime.instrumentation.CreateClassResetClassAdapter visitMethod
INFO: Found static initializer in class org/mozilla/javascript/ast/TryStatement
Aug 07, 2018 11:55:58 PM org.evosuite.runtime.instrumentation.MethodCallReplacementClassAdapter visit
INFO: Adding mock interface to class org/mozilla/javascript/ast/ContinueStatement
Aug 07, 2018 11:55:58 PM org.evosuite.runtime.instrumentation.CreateClassResetClassAdapter createEmptyStaticReset
INFO: Creating brand-new static initializer in class org/mozilla/javascript/ast/ContinueStatement
Aug 07, 2018 11:55:58 PM org.evosuite.runtime.instrumentation.MethodCallReplacementClassAdapter visit
INFO: Adding mock interface to class org/mozilla/javascript/ast/KeywordLiteral
Aug 07, 2018 11:55:58 PM org.evosuite.runtime.instrumentation.CreateClassResetClassAdapter createEmptyStaticReset
INFO: Creating brand-new static initializer in class org/mozilla/javascript/ast/KeywordLiteral
Aug 07, 2018 11:55:58 PM org.evosuite.runtime.instrumentation.MethodCallReplacementClassAdapter visit
INFO: Adding mock interface to class org/mozilla/javascript/ast/EmptyExpression
Aug 07, 2018 11:55:58 PM org.evosuite.runtime.instrumentation.CreateClassResetClassAdapter createEmptyStaticReset
INFO: Creating brand-new static initializer in class org/mozilla/javascript/ast/EmptyExpression
Aug 07, 2018 11:55:58 PM org.evosuite.runtime.instrumentation.MethodCallReplacementClassAdapter visit
INFO: Adding mock interface to class org/mozilla/javascript/ast/Label
Aug 07, 2018 11:55:58 PM org.evosuite.runtime.instrumentation.CreateClassResetClassAdapter createEmptyStaticReset
INFO: Creating brand-new static initializer in class org/mozilla/javascript/ast/Label
Aug 07, 2018 11:55:58 PM org.evosuite.runtime.instrumentation.MethodCallReplacementClassAdapter visit
INFO: Adding mock interface to class org/mozilla/javascript/ast/UnaryExpression
Aug 07, 2018 11:55:58 PM org.evosuite.runtime.instrumentation.CreateClassResetClassAdapter createEmptyStaticReset
INFO: Creating brand-new static initializer in class org/mozilla/javascript/ast/UnaryExpression
Aug 07, 2018 11:55:59 PM org.evosuite.runtime.instrumentation.MethodCallReplacementClassAdapter visit
INFO: Adding mock interface to class org/mozilla/javascript/ast/XmlExpression
Aug 07, 2018 11:55:59 PM org.evosuite.runtime.instrumentation.CreateClassResetClassAdapter createEmptyStaticReset
INFO: Creating brand-new static initializer in class org/mozilla/javascript/ast/XmlExpression
Aug 07, 2018 11:55:59 PM org.evosuite.runtime.instrumentation.MethodCallReplacementClassAdapter visit
INFO: Adding mock interface to class org/mozilla/javascript/ast/XmlLiteral
Aug 07, 2018 11:55:59 PM org.evosuite.runtime.instrumentation.CreateClassResetClassAdapter createEmptyStaticReset
INFO: Creating brand-new static initializer in class org/mozilla/javascript/ast/XmlLiteral
Aug 07, 2018 11:55:59 PM org.evosuite.runtime.instrumentation.MethodCallReplacementClassAdapter visit
INFO: Adding mock interface to class org/mozilla/javascript/ast/StringLiteral
Aug 07, 2018 11:55:59 PM org.evosuite.runtime.instrumentation.CreateClassResetClassAdapter createEmptyStaticReset
INFO: Creating brand-new static initializer in class org/mozilla/javascript/ast/StringLiteral
Aug 07, 2018 11:55:59 PM org.evosuite.runtime.instrumentation.MethodCallReplacementClassAdapter visit
INFO: Adding mock interface to class org/mozilla/javascript/ast/XmlElemRef
Aug 07, 2018 11:55:59 PM org.evosuite.runtime.instrumentation.CreateClassResetClassAdapter createEmptyStaticReset
INFO: Creating brand-new static initializer in class org/mozilla/javascript/ast/XmlElemRef
Aug 07, 2018 11:55:59 PM org.evosuite.runtime.instrumentation.MethodCallReplacementClassAdapter visit
INFO: Adding mock interface to class org/mozilla/javascript/ast/ArrayComprehension
Aug 07, 2018 11:55:59 PM org.evosuite.runtime.instrumentation.CreateClassResetClassAdapter createEmptyStaticReset
INFO: Creating brand-new static initializer in class org/mozilla/javascript/ast/ArrayComprehension
Aug 07, 2018 11:55:59 PM org.evosuite.runtime.instrumentation.MethodCallReplacementClassAdapter visit
INFO: Adding mock interface to class org/mozilla/javascript/Node$NodeIterator
Aug 07, 2018 11:55:59 PM org.evosuite.runtime.instrumentation.CreateClassResetClassAdapter createEmptyStaticReset
INFO: Creating brand-new static initializer in class org/mozilla/javascript/Node$NodeIterator
Aug 07, 2018 11:55:59 PM org.evosuite.runtime.instrumentation.MethodCallReplacementClassAdapter visit
INFO: Adding mock interface to class org/mozilla/javascript/regexp/SubString
Aug 07, 2018 11:55:59 PM org.evosuite.runtime.instrumentation.CreateClassResetClassAdapter createEmptyStaticReset
INFO: Creating brand-new static initializer in class org/mozilla/javascript/regexp/SubString
Aug 07, 2018 11:55:59 PM org.evosuite.runtime.instrumentation.MethodCallReplacementClassAdapter visit
INFO: Adding mock interface to class org/mozilla/javascript/NativeStringIterator
Aug 07, 2018 11:55:59 PM org.evosuite.runtime.instrumentation.CreateClassResetClassAdapter createEmptyStaticReset
INFO: Creating brand-new static initializer in class org/mozilla/javascript/NativeStringIterator
Aug 07, 2018 11:55:59 PM org.evosuite.runtime.instrumentation.CreateClassResetClassAdapter createEmptyStaticReset
INFO: Adding bytecode for initializing field ITERATOR_TAG
Aug 07, 2018 11:55:59 PM org.evosuite.runtime.instrumentation.MethodCallReplacementClassAdapter visit
INFO: Adding mock interface to class org/mozilla/javascript/typedarrays/NativeInt16Array
Aug 07, 2018 11:55:59 PM org.evosuite.runtime.instrumentation.CreateClassResetClassAdapter createEmptyStaticReset
INFO: Creating brand-new static initializer in class org/mozilla/javascript/typedarrays/NativeInt16Array
Aug 07, 2018 11:55:59 PM org.evosuite.runtime.instrumentation.CreateClassResetClassAdapter createEmptyStaticReset
INFO: Adding bytecode for initializing field CLASS_NAME
Aug 07, 2018 11:55:59 PM org.evosuite.runtime.instrumentation.CreateClassResetClassAdapter createEmptyStaticReset
INFO: Adding bytecode for initializing field BYTES_PER_ELEMENT
Aug 07, 2018 11:55:59 PM org.evosuite.runtime.instrumentation.MethodCallReplacementClassAdapter visit
INFO: Adding mock interface to class org/mozilla/javascript/Token$CommentType
Aug 07, 2018 11:55:59 PM org.evosuite.runtime.instrumentation.CreateClassResetClassAdapter visitMethod
INFO: Found static initializer in class org/mozilla/javascript/Token$CommentType
Aug 07, 2018 11:55:59 PM org.evosuite.runtime.instrumentation.MethodCallReplacementClassAdapter visit
INFO: Adding mock interface to class org/mozilla/javascript/typedarrays/NativeUint8ClampedArray
Aug 07, 2018 11:55:59 PM org.evosuite.runtime.instrumentation.CreateClassResetClassAdapter createEmptyStaticReset
INFO: Creating brand-new static initializer in class org/mozilla/javascript/typedarrays/NativeUint8ClampedArray
Aug 07, 2018 11:55:59 PM org.evosuite.runtime.instrumentation.CreateClassResetClassAdapter createEmptyStaticReset
INFO: Adding bytecode for initializing field CLASS_NAME
Aug 07, 2018 11:55:59 PM org.evosuite.runtime.instrumentation.MethodCallReplacementClassAdapter visit
INFO: Adding mock interface to class org/mozilla/javascript/typedarrays/ByteIo
Aug 07, 2018 11:55:59 PM org.evosuite.runtime.instrumentation.CreateClassResetClassAdapter createEmptyStaticReset
INFO: Creating brand-new static initializer in class org/mozilla/javascript/typedarrays/ByteIo
Aug 07, 2018 11:55:59 PM org.evosuite.runtime.instrumentation.MethodCallReplacementClassAdapter visit
INFO: Adding mock interface to class org/mozilla/javascript/Synchronizer
Aug 07, 2018 11:55:59 PM org.evosuite.runtime.instrumentation.CreateClassResetClassAdapter createEmptyStaticReset
INFO: Creating brand-new static initializer in class org/mozilla/javascript/Synchronizer
Aug 07, 2018 11:55:59 PM org.evosuite.runtime.instrumentation.MethodCallReplacementClassAdapter visit
INFO: Adding mock interface to class org/mozilla/javascript/Delegator
Aug 07, 2018 11:55:59 PM org.evosuite.runtime.instrumentation.CreateClassResetClassAdapter createEmptyStaticReset
INFO: Creating brand-new static initializer in class org/mozilla/javascript/Delegator
Aug 07, 2018 11:56:00 PM org.evosuite.runtime.instrumentation.MethodCallReplacementClassAdapter visit
INFO: Adding mock interface to class org/mozilla/javascript/NativeArray$ElementComparator
Aug 07, 2018 11:56:00 PM org.evosuite.runtime.instrumentation.CreateClassResetClassAdapter createEmptyStaticReset
INFO: Creating brand-new static initializer in class org/mozilla/javascript/NativeArray$ElementComparator
Aug 07, 2018 11:56:00 PM org.evosuite.runtime.instrumentation.MethodCallReplacementClassAdapter visit
INFO: Adding mock interface to class org/mozilla/javascript/regexp/RENode
Aug 07, 2018 11:56:00 PM org.evosuite.runtime.instrumentation.CreateClassResetClassAdapter createEmptyStaticReset
INFO: Creating brand-new static initializer in class org/mozilla/javascript/regexp/RENode
Aug 07, 2018 11:56:00 PM org.evosuite.runtime.instrumentation.MethodCallReplacementClassAdapter visit
INFO: Adding mock interface to class org/mozilla/javascript/commonjs/module/ModuleScript
Aug 07, 2018 11:56:00 PM org.evosuite.runtime.instrumentation.CreateClassResetClassAdapter createEmptyStaticReset
INFO: Creating brand-new static initializer in class org/mozilla/javascript/commonjs/module/ModuleScript
Aug 07, 2018 11:56:00 PM org.evosuite.runtime.instrumentation.MethodCallReplacementClassAdapter visit
INFO: Adding mock interface to class org/mozilla/javascript/NativeArrayIterator
Aug 07, 2018 11:56:00 PM org.evosuite.runtime.instrumentation.CreateClassResetClassAdapter createEmptyStaticReset
INFO: Creating brand-new static initializer in class org/mozilla/javascript/NativeArrayIterator
Aug 07, 2018 11:56:00 PM org.evosuite.runtime.instrumentation.CreateClassResetClassAdapter createEmptyStaticReset
INFO: Adding bytecode for initializing field ITERATOR_TAG
Aug 07, 2018 11:56:00 PM org.evosuite.runtime.instrumentation.MethodCallReplacementClassAdapter visit
INFO: Adding mock interface to class org/mozilla/javascript/xmlimpl/XmlNode$Namespaces
Aug 07, 2018 11:56:00 PM org.evosuite.runtime.instrumentation.CreateClassResetClassAdapter createEmptyStaticReset
INFO: Creating brand-new static initializer in class org/mozilla/javascript/xmlimpl/XmlNode$Namespaces
Aug 07, 2018 11:56:00 PM org.evosuite.runtime.instrumentation.MethodCallReplacementClassAdapter visit
INFO: Adding mock interface to class org/mozilla/javascript/NativeIterator$StopIteration
Aug 07, 2018 11:56:00 PM org.evosuite.runtime.instrumentation.CreateClassResetClassAdapter createEmptyStaticReset
INFO: Creating brand-new static initializer in class org/mozilla/javascript/NativeIterator$StopIteration
Aug 07, 2018 11:56:00 PM org.evosuite.runtime.instrumentation.MethodCallReplacementClassAdapter visit
INFO: Adding mock interface to class org/mozilla/javascript/MemberBox
Aug 07, 2018 11:56:00 PM org.evosuite.runtime.instrumentation.CreateClassResetClassAdapter visitMethod
INFO: Found static initializer in class org/mozilla/javascript/MemberBox
Aug 07, 2018 11:56:00 PM org.evosuite.runtime.instrumentation.MethodCallReplacementClassAdapter visit
INFO: Adding mock interface to class org/mozilla/javascript/Interpreter$GeneratorState
Aug 07, 2018 11:56:00 PM org.evosuite.runtime.instrumentation.CreateClassResetClassAdapter createEmptyStaticReset
INFO: Creating brand-new static initializer in class org/mozilla/javascript/Interpreter$GeneratorState
Aug 07, 2018 11:56:00 PM org.evosuite.runtime.instrumentation.MethodCallReplacementClassAdapter visit
INFO: Adding mock interface to class org/mozilla/javascript/ScriptRuntime$IdEnumeration
Aug 07, 2018 11:56:00 PM org.evosuite.runtime.instrumentation.CreateClassResetClassAdapter createEmptyStaticReset
INFO: Creating brand-new static initializer in class org/mozilla/javascript/ScriptRuntime$IdEnumeration
Aug 07, 2018 11:56:00 PM org.evosuite.runtime.instrumentation.MethodCallReplacementClassAdapter visit
INFO: Adding mock interface to class org/mozilla/javascript/typedarrays/NativeUint32Array
Aug 07, 2018 11:56:00 PM org.evosuite.runtime.instrumentation.CreateClassResetClassAdapter createEmptyStaticReset
INFO: Creating brand-new static initializer in class org/mozilla/javascript/typedarrays/NativeUint32Array
Aug 07, 2018 11:56:00 PM org.evosuite.runtime.instrumentation.CreateClassResetClassAdapter createEmptyStaticReset
INFO: Adding bytecode for initializing field CLASS_NAME
Aug 07, 2018 11:56:00 PM org.evosuite.runtime.instrumentation.CreateClassResetClassAdapter createEmptyStaticReset
INFO: Adding bytecode for initializing field BYTES_PER_ELEMENT
Aug 07, 2018 11:56:00 PM org.evosuite.runtime.instrumentation.MethodCallReplacementClassAdapter visit
INFO: Adding mock interface to class org/mozilla/javascript/xmlimpl/Namespace
Aug 07, 2018 11:56:00 PM org.evosuite.runtime.instrumentation.CreateClassResetClassAdapter visitMethod
INFO: Found static initializer in class org/mozilla/javascript/xmlimpl/Namespace
Aug 07, 2018 11:56:00 PM org.evosuite.runtime.instrumentation.MethodCallReplacementClassAdapter visit
INFO: Adding mock interface to class org/mozilla/javascript/xml/XMLLib$Factory
Aug 07, 2018 11:56:00 PM org.evosuite.runtime.instrumentation.CreateClassResetClassAdapter createEmptyStaticReset
INFO: Creating brand-new static initializer in class org/mozilla/javascript/xml/XMLLib$Factory
Aug 07, 2018 11:56:00 PM org.evosuite.runtime.instrumentation.MethodCallReplacementClassAdapter visit
INFO: Adding mock interface to class org/mozilla/javascript/xml/XMLLib$Factory$1
Aug 07, 2018 11:56:00 PM org.evosuite.runtime.instrumentation.MethodCallReplacementClassAdapter visit
INFO: Adding mock interface to class org/mozilla/javascript/NativeScript
Aug 07, 2018 11:56:00 PM org.evosuite.runtime.instrumentation.CreateClassResetClassAdapter visitMethod
INFO: Found static initializer in class org/mozilla/javascript/NativeScript
Aug 07, 2018 11:56:00 PM org.evosuite.runtime.instrumentation.MethodCallReplacementClassAdapter visit
INFO: Adding mock interface to class org/mozilla/javascript/WrapFactory
Aug 07, 2018 11:56:00 PM org.evosuite.runtime.instrumentation.CreateClassResetClassAdapter createEmptyStaticReset
INFO: Creating brand-new static initializer in class org/mozilla/javascript/WrapFactory
Aug 07, 2018 11:56:00 PM org.evosuite.runtime.instrumentation.MethodCallReplacementClassAdapter visit
INFO: Adding mock interface to class org/mozilla/javascript/NativeIterator
Aug 07, 2018 11:56:00 PM org.evosuite.runtime.instrumentation.CreateClassResetClassAdapter visitMethod
INFO: Found static initializer in class org/mozilla/javascript/NativeIterator
Aug 07, 2018 11:56:00 PM org.evosuite.runtime.instrumentation.MethodCallReplacementClassAdapter visit
INFO: Adding mock interface to class org/mozilla/javascript/v8dtoa/DiyFp
Aug 07, 2018 11:56:00 PM org.evosuite.runtime.instrumentation.CreateClassResetClassAdapter visitMethod
INFO: Found static initializer in class org/mozilla/javascript/v8dtoa/DiyFp
Aug 07, 2018 11:56:00 PM org.evosuite.runtime.instrumentation.MethodCallReplacementClassAdapter visit
INFO: Adding mock interface to class org/mozilla/javascript/CompilerEnvirons
Aug 07, 2018 11:56:00 PM org.evosuite.runtime.instrumentation.CreateClassResetClassAdapter createEmptyStaticReset
INFO: Creating brand-new static initializer in class org/mozilla/javascript/CompilerEnvirons
Aug 07, 2018 11:56:00 PM org.evosuite.runtime.instrumentation.MethodCallReplacementClassAdapter visit
INFO: Adding mock interface to class org/mozilla/javascript/SecurityUtilities
Aug 07, 2018 11:56:00 PM org.evosuite.runtime.instrumentation.CreateClassResetClassAdapter createEmptyStaticReset
INFO: Creating brand-new static initializer in class org/mozilla/javascript/SecurityUtilities
Aug 07, 2018 11:56:00 PM org.evosuite.runtime.instrumentation.MethodCallReplacementClassAdapter visit
INFO: Adding mock interface to class org/mozilla/classfile/ClassFileField
Aug 07, 2018 11:56:00 PM org.evosuite.runtime.instrumentation.CreateClassResetClassAdapter createEmptyStaticReset
INFO: Creating brand-new static initializer in class org/mozilla/classfile/ClassFileField
Aug 07, 2018 11:56:00 PM org.evosuite.runtime.classhandling.ClassStateSupport initialiseJacoco
SEVERE: Found $jacocoInit in class org.mozilla.javascript.NativeBoolean
Aug 07, 2018 11:56:11 PM org.evosuite.runtime.thread.ThreadStopper killAndJoinClientThreads
INFO: Found new thread
Aug 07, 2018 11:56:11 PM org.evosuite.runtime.thread.ThreadStopper killAndJoinClientThreads
INFO: Found new thread
Aug 07, 2018 11:56:11 PM org.evosuite.runtime.thread.ThreadStopper killAndJoinClientThreads
INFO: Found new thread
Aug 07, 2018 11:56:11 PM org.evosuite.runtime.thread.ThreadStopper killAndJoinClientThreads
INFO: Found new thread
Aug 07, 2018 11:56:11 PM org.evosuite.runtime.thread.ThreadStopper killAndJoinClientThreads
INFO: Found new thread
Aug 07, 2018 11:56:11 PM org.evosuite.runtime.thread.ThreadStopper killAndJoinClientThreads
INFO: Found new thread
Aug 07, 2018 11:56:12 PM org.evosuite.runtime.thread.ThreadStopper killAndJoinClientThreads
INFO: Found new thread
Aug 07, 2018 11:56:12 PM org.evosuite.runtime.thread.ThreadStopper killAndJoinClientThreads
INFO: Found new thread
Aug 07, 2018 11:56:12 PM org.evosuite.runtime.thread.ThreadStopper killAndJoinClientThreads
INFO: Found new thread
Aug 07, 2018 11:56:12 PM org.evosuite.runtime.thread.ThreadStopper killAndJoinClientThreads
INFO: Found new thread
Aug 07, 2018 11:56:12 PM org.evosuite.runtime.thread.ThreadStopper killAndJoinClientThreads
INFO: Found new thread
Aug 07, 2018 11:56:12 PM org.evosuite.runtime.thread.ThreadStopper killAndJoinClientThreads
INFO: Found new thread
Aug 07, 2018 11:56:12 PM org.evosuite.runtime.thread.ThreadStopper killAndJoinClientThreads
INFO: Found new thread
Aug 07, 2018 11:56:12 PM org.evosuite.runtime.thread.ThreadStopper killAndJoinClientThreads
INFO: Found new thread
Aug 07, 2018 11:56:12 PM org.evosuite.runtime.thread.ThreadStopper killAndJoinClientThreads
INFO: Found new thread
Aug 07, 2018 11:56:13 PM org.evosuite.runtime.thread.ThreadStopper killAndJoinClientThreads
INFO: Found new thread
Aug 07, 2018 11:56:13 PM org.evosuite.runtime.thread.ThreadStopper killAndJoinClientThreads
INFO: Found new thread
Aug 07, 2018 11:56:13 PM org.evosuite.runtime.thread.ThreadStopper killAndJoinClientThreads
INFO: Found new thread
Aug 07, 2018 11:56:13 PM org.evosuite.runtime.thread.ThreadStopper killAndJoinClientThreads
INFO: Found new thread
Aug 07, 2018 11:56:13 PM org.evosuite.runtime.thread.ThreadStopper killAndJoinClientThreads
INFO: Found new thread
Aug 07, 2018 11:56:13 PM org.evosuite.runtime.thread.ThreadStopper killAndJoinClientThreads
INFO: Found new thread
Aug 07, 2018 11:56:13 PM org.evosuite.runtime.instrumentation.MethodCallReplacementClassAdapter visit
INFO: Adding mock interface to class org/hamcrest/StringDescription
Aug 07, 2018 11:56:13 PM org.evosuite.runtime.instrumentation.CreateClassResetClassAdapter createEmptyStaticReset
INFO: Creating brand-new static initializer in class org/hamcrest/StringDescription
Aug 07, 2018 11:56:13 PM org.evosuite.runtime.instrumentation.MethodCallReplacementClassAdapter visit
INFO: Adding mock interface to class org/hamcrest/BaseDescription
Aug 07, 2018 11:56:13 PM org.evosuite.runtime.instrumentation.CreateClassResetClassAdapter createEmptyStaticReset
INFO: Creating brand-new static initializer in class org/hamcrest/BaseDescription
Aug 07, 2018 11:56:13 PM org.evosuite.runtime.thread.ThreadStopper killAndJoinClientThreads
INFO: Found new thread
Aug 07, 2018 11:56:13 PM org.evosuite.runtime.thread.ThreadStopper killAndJoinClientThreads
INFO: Found new thread
Aug 07, 2018 11:56:14 PM org.evosuite.runtime.thread.ThreadStopper killAndJoinClientThreads
INFO: Found new thread
Aug 07, 2018 11:56:14 PM org.evosuite.runtime.thread.ThreadStopper killAndJoinClientThreads
INFO: Found new thread
Aug 07, 2018 11:56:14 PM org.evosuite.runtime.thread.ThreadStopper killAndJoinClientThreads
INFO: Found new thread
Aug 07, 2018 11:56:14 PM org.evosuite.runtime.thread.ThreadStopper killAndJoinClientThreads
INFO: Found new thread
Aug 07, 2018 11:56:14 PM org.evosuite.runtime.thread.ThreadStopper killAndJoinClientThreads
INFO: Found new thread
Aug 07, 2018 11:56:14 PM org.evosuite.runtime.thread.ThreadStopper killAndJoinClientThreads
INFO: Found new thread
Aug 07, 2018 11:56:14 PM org.evosuite.runtime.thread.ThreadStopper killAndJoinClientThreads
INFO: Found new thread
Aug 07, 2018 11:56:14 PM org.evosuite.runtime.thread.ThreadStopper killAndJoinClientThreads
INFO: Found new thread
Aug 07, 2018 11:56:14 PM org.evosuite.runtime.thread.ThreadStopper killAndJoinClientThreads
INFO: Found new thread
Aug 07, 2018 11:56:14 PM org.evosuite.runtime.thread.ThreadStopper killAndJoinClientThreads
INFO: Found new thread
Aug 07, 2018 11:56:14 PM org.evosuite.runtime.thread.ThreadStopper killAndJoinClientThreads
INFO: Found new thread
Aug 07, 2018 11:56:14 PM org.evosuite.runtime.thread.ThreadStopper killAndJoinClientThreads
INFO: Found new thread
Aug 07, 2018 11:56:14 PM org.evosuite.runtime.thread.ThreadStopper killAndJoinClientThreads
INFO: Found new thread
Aug 07, 2018 11:56:14 PM org.evosuite.runtime.thread.ThreadStopper killAndJoinClientThreads
INFO: Found new thread
Aug 07, 2018 11:56:14 PM org.evosuite.runtime.thread.ThreadStopper killAndJoinClientThreads
INFO: Found new thread
Aug 07, 2018 11:56:15 PM org.evosuite.runtime.thread.ThreadStopper killAndJoinClientThreads
INFO: Found new thread
Aug 07, 2018 11:56:15 PM org.evosuite.runtime.thread.ThreadStopper killAndJoinClientThreads
INFO: Found new thread
Aug 07, 2018 11:56:15 PM org.evosuite.runtime.thread.ThreadStopper killAndJoinClientThreads
INFO: Found new thread
Aug 07, 2018 11:56:15 PM org.evosuite.runtime.thread.ThreadStopper killAndJoinClientThreads
INFO: Found new thread
Aug 07, 2018 11:56:15 PM org.evosuite.runtime.thread.ThreadStopper killAndJoinClientThreads
INFO: Found new thread
Aug 07, 2018 11:56:15 PM org.evosuite.runtime.thread.ThreadStopper killAndJoinClientThreads
INFO: Found new thread
]]></system-err>
</testsuite>
