<?xml version="1.0" encoding="UTF-8"?>
<testsuite name="org.mozilla.javascript.tests.PrimitiveTypeScopeResolutionTest" tests="4" skipped="0" failures="0" errors="0" timestamp="2019-01-10T05:12:49" hostname="swami-VirtualBox" time="1.507">
  <properties/>
  <testcase name="elementAccess" classname="org.mozilla.javascript.tests.PrimitiveTypeScopeResolutionTest" time="1.184"/>
  <testcase name="functionCall" classname="org.mozilla.javascript.tests.PrimitiveTypeScopeResolutionTest" time="0.116"/>
  <testcase name="functionObjectPrimitiveToObject" classname="org.mozilla.javascript.tests.PrimitiveTypeScopeResolutionTest" time="0.08"/>
  <testcase name="propertyAccess" classname="org.mozilla.javascript.tests.PrimitiveTypeScopeResolutionTest" time="0.068"/>
  <system-out><![CDATA[]]></system-out>
  <system-err><![CDATA[]]></system-err>
</testsuite>
