<?xml version="1.0" encoding="UTF-8"?>
<testsuite name="org.mozilla.javascript.tests.NativeStringTest" tests="1" skipped="0" failures="0" errors="0" timestamp="2019-01-10T04:58:58" hostname="swami-VirtualBox" time="0.634">
  <properties/>
  <testcase name="testtoLowerCaseApply" classname="org.mozilla.javascript.tests.NativeStringTest" time="0.634"/>
  <system-out><![CDATA[]]></system-out>
  <system-err><![CDATA[]]></system-err>
</testsuite>
