<?xml version="1.0" encoding="UTF-8"?>
<testsuite name="org.mozilla.javascript.tests.DefineFunctionPropertiesTest" tests="2" skipped="0" failures="0" errors="0" timestamp="2019-01-10T05:01:29" hostname="swami-VirtualBox" time="1.001">
  <properties/>
  <testcase name="testPrivateData" classname="org.mozilla.javascript.tests.DefineFunctionPropertiesTest" time="0.944"/>
  <testcase name="testSimpleFunction" classname="org.mozilla.javascript.tests.DefineFunctionPropertiesTest" time="0.039"/>
  <system-out><![CDATA[]]></system-out>
  <system-err><![CDATA[]]></system-err>
</testsuite>
