<?xml version="1.0" encoding="UTF-8"?>
<testsuite name="org.mozilla.javascript.tests.ContinuationsApiTest" tests="9" skipped="0" failures="0" errors="0" timestamp="2019-01-10T05:11:08" hostname="swami-VirtualBox" time="1.912">
  <properties/>
  <testcase name="testScriptWithNestedContinuations" classname="org.mozilla.javascript.tests.ContinuationsApiTest" time="1.1"/>
  <testcase name="testConsStringSerialization" classname="org.mozilla.javascript.tests.ContinuationsApiTest" time="0.014"/>
  <testcase name="testScriptWithMultipleContinuations" classname="org.mozilla.javascript.tests.ContinuationsApiTest" time="0.01"/>
  <testcase name="testSerializationWithContinuations" classname="org.mozilla.javascript.tests.ContinuationsApiTest" time="0.428"/>
  <testcase name="testContinuationsPrototypesAndSerialization" classname="org.mozilla.javascript.tests.ContinuationsApiTest" time="0.263"/>
  <testcase name="testErrorOnEvalCall" classname="org.mozilla.javascript.tests.ContinuationsApiTest" time="0.008"/>
  <testcase name="testFunctionWithContinuations" classname="org.mozilla.javascript.tests.ContinuationsApiTest" time="0.025"/>
  <testcase name="testScriptWithContinuations" classname="org.mozilla.javascript.tests.ContinuationsApiTest" time="0.01"/>
  <testcase name="testContinuationsInlineFunctionsSerialization" classname="org.mozilla.javascript.tests.ContinuationsApiTest" time="0.042"/>
  <system-out><![CDATA[]]></system-out>
  <system-err><![CDATA[]]></system-err>
</testsuite>
