<?xml version="1.0" encoding="UTF-8"?>
<testsuite name="org.mozilla.javascript.tests.JavaAcessibilityTest" tests="5" skipped="0" failures="0" errors="0" timestamp="2019-01-10T05:11:35" hostname="swami-VirtualBox" time="0.946">
  <properties/>
  <testcase name="testAccessingJavaBeanProperty" classname="org.mozilla.javascript.tests.JavaAcessibilityTest" time="0.596"/>
  <testcase name="testOverloadFunctionRegression" classname="org.mozilla.javascript.tests.JavaAcessibilityTest" time="0.091"/>
  <testcase name="testAccessingMethods" classname="org.mozilla.javascript.tests.JavaAcessibilityTest" time="0.104"/>
  <testcase name="testAccessingFields" classname="org.mozilla.javascript.tests.JavaAcessibilityTest" time="0.069"/>
  <testcase name="testAccessingConstructors" classname="org.mozilla.javascript.tests.JavaAcessibilityTest" time="0.015"/>
  <system-out><![CDATA[]]></system-out>
  <system-err><![CDATA[]]></system-err>
</testsuite>
