<?xml version="1.0" encoding="UTF-8"?>
<testsuite name="org.mozilla.javascript.tests.harmony.V8SymbolTest" tests="3" skipped="0" failures="0" errors="0" timestamp="2019-01-10T05:00:20" hostname="swami-VirtualBox" time="3.806">
  <properties/>
  <testcase name="rhinoTestNoOpt" classname="org.mozilla.javascript.tests.harmony.V8SymbolTest" time="2.098"/>
  <testcase name="rhinoTestOpt0" classname="org.mozilla.javascript.tests.harmony.V8SymbolTest" time="0.952"/>
  <testcase name="rhinoTestOpt9" classname="org.mozilla.javascript.tests.harmony.V8SymbolTest" time="0.741"/>
  <system-out><![CDATA[]]></system-out>
  <system-err><![CDATA[]]></system-err>
</testsuite>
