<?xml version="1.0" encoding="UTF-8"?>
<testsuite name="org.mozilla.javascript.tests.ErrorPropertiesTest" tests="4" skipped="0" failures="0" errors="0" timestamp="2019-01-10T05:12:05" hostname="swami-VirtualBox" time="1.89">
  <properties/>
  <testcase name="fileName" classname="org.mozilla.javascript.tests.ErrorPropertiesTest" time="1.355"/>
  <testcase name="defaultStack" classname="org.mozilla.javascript.tests.ErrorPropertiesTest" time="0.178"/>
  <testcase name="mozillaStack" classname="org.mozilla.javascript.tests.ErrorPropertiesTest" time="0.2"/>
  <testcase name="lineNumber" classname="org.mozilla.javascript.tests.ErrorPropertiesTest" time="0.125"/>
  <system-out><![CDATA[]]></system-out>
  <system-err><![CDATA[]]></system-err>
</testsuite>
