<?xml version="1.0" encoding="UTF-8"?>
<testsuite name="org.mozilla.javascript.tests.JsTestsTest" tests="3" skipped="0" failures="0" errors="0" timestamp="2019-01-10T05:11:13" hostname="swami-VirtualBox" time="10.125">
  <properties/>
  <testcase name="testJsTestsInterpreted" classname="org.mozilla.javascript.tests.JsTestsTest" time="6.77"/>
  <testcase name="testJsTestsCompiled" classname="org.mozilla.javascript.tests.JsTestsTest" time="1.962"/>
  <testcase name="testJsTestsOptimized" classname="org.mozilla.javascript.tests.JsTestsTest" time="1.393"/>
  <system-out><![CDATA[]]></system-out>
  <system-err><![CDATA[]]></system-err>
</testsuite>
