<?xml version="1.0" encoding="UTF-8"?>
<testsuite name="org.mozilla.javascript.tests.ClassShutterExceptionTest" tests="4" skipped="0" failures="0" errors="0" timestamp="2019-01-10T04:59:29" hostname="swami-VirtualBox" time="0.648">
  <properties/>
  <testcase name="testThrowingException" classname="org.mozilla.javascript.tests.ClassShutterExceptionTest" time="0.58"/>
  <testcase name="testClassShutterException" classname="org.mozilla.javascript.tests.ClassShutterExceptionTest" time="0.039"/>
  <testcase name="testThrowingEvaluatorException" classname="org.mozilla.javascript.tests.ClassShutterExceptionTest" time="0.007"/>
  <testcase name="testThrowingEcmaError" classname="org.mozilla.javascript.tests.ClassShutterExceptionTest" time="0.004"/>
  <system-out><![CDATA[]]></system-out>
  <system-err><![CDATA[]]></system-err>
</testsuite>
