<?xml version="1.0" encoding="UTF-8"?>
<testsuite name="org.mozilla.javascript.tests.InitializationTest" tests="5" skipped="0" failures="0" errors="0" timestamp="2019-01-10T05:01:15" hostname="swami-VirtualBox" time="0.567">
  <properties/>
  <testcase name="testStandardES6" classname="org.mozilla.javascript.tests.InitializationTest" time="0.526"/>
  <testcase name="testStandardSealedES6" classname="org.mozilla.javascript.tests.InitializationTest" time="0.018"/>
  <testcase name="testStandardSealed" classname="org.mozilla.javascript.tests.InitializationTest" time="0.003"/>
  <testcase name="testSafeStandard" classname="org.mozilla.javascript.tests.InitializationTest" time="0.007"/>
  <testcase name="testStandard" classname="org.mozilla.javascript.tests.InitializationTest" time="0.003"/>
  <system-out><![CDATA[]]></system-out>
  <system-err><![CDATA[]]></system-err>
</testsuite>
