<?xml version="1.0" encoding="UTF-8"?>
<testsuite name="org.mozilla.javascript.tests.es5.Test262RegExpTest" tests="10" skipped="0" failures="0" errors="0" timestamp="2019-01-10T05:12:18" hostname="swami-VirtualBox" time="1.547">
  <properties/>
  <testcase name="testS15_10_2_9_A1_T4" classname="org.mozilla.javascript.tests.es5.Test262RegExpTest" time="1.11"/>
  <testcase name="testS15_10_2_15_A1_T4" classname="org.mozilla.javascript.tests.es5.Test262RegExpTest" time="0.013"/>
  <testcase name="testS15_10_2_15_A1_T5" classname="org.mozilla.javascript.tests.es5.Test262RegExpTest" time="0.081"/>
  <testcase name="testS15_10_2_15_A1_T6" classname="org.mozilla.javascript.tests.es5.Test262RegExpTest" time="0.031"/>
  <testcase name="testS15_10_2_15_A1_T7" classname="org.mozilla.javascript.tests.es5.Test262RegExpTest" time="0.056"/>
  <testcase name="testS15_10_2_15_A1_T8" classname="org.mozilla.javascript.tests.es5.Test262RegExpTest" time="0.031"/>
  <testcase name="testS15_10_2_11_A1_T2" classname="org.mozilla.javascript.tests.es5.Test262RegExpTest" time="0.17"/>
  <testcase name="testS15_10_2_11_A1_T3" classname="org.mozilla.javascript.tests.es5.Test262RegExpTest" time="0.002"/>
  <testcase name="testS15_10_4_1_T2_Undefined" classname="org.mozilla.javascript.tests.es5.Test262RegExpTest" time="0.016"/>
  <testcase name="testS15_10_4_1_T1" classname="org.mozilla.javascript.tests.es5.Test262RegExpTest" time="0.003"/>
  <system-out><![CDATA[]]></system-out>
  <system-err><![CDATA[]]></system-err>
</testsuite>
