<?xml version="1.0" encoding="UTF-8"?>
<testsuite name="org.mozilla.javascript.tests.es5.ObjectToStringNullUndefinedTest" tests="1" skipped="0" failures="0" errors="0" timestamp="2019-01-10T05:12:14" hostname="swami-VirtualBox" time="1.222">
  <properties/>
  <testcase name="testToStringNullUndefined" classname="org.mozilla.javascript.tests.es5.ObjectToStringNullUndefinedTest" time="1.222"/>
  <system-out><![CDATA[]]></system-out>
  <system-err><![CDATA[]]></system-err>
</testsuite>
