<?xml version="1.0" encoding="UTF-8"?>
<testsuite name="org.mozilla.javascript.tests.Bug782363Test" tests="2" skipped="0" failures="0" errors="0" timestamp="2019-01-10T05:02:06" hostname="swami-VirtualBox" time="2.072">
  <properties/>
  <testcase name="testConst" classname="org.mozilla.javascript.tests.Bug782363Test" time="0.914"/>
  <testcase name="testMaxLocals" classname="org.mozilla.javascript.tests.Bug782363Test" time="1.148"/>
  <system-out><![CDATA[]]></system-out>
  <system-err><![CDATA[]]></system-err>
</testsuite>
