<?xml version="1.0" encoding="UTF-8"?>
<testsuite name="org.mozilla.javascript.tests.harmony.ExternalArrayTest" tests="3" skipped="0" failures="0" errors="0" timestamp="2019-01-10T05:00:37" hostname="swami-VirtualBox" time="1.822">
  <properties/>
  <testcase name="rhinoTestNoOpt" classname="org.mozilla.javascript.tests.harmony.ExternalArrayTest" time="1.097"/>
  <testcase name="rhinoTestOpt0" classname="org.mozilla.javascript.tests.harmony.ExternalArrayTest" time="0.464"/>
  <testcase name="rhinoTestOpt9" classname="org.mozilla.javascript.tests.harmony.ExternalArrayTest" time="0.253"/>
  <system-out><![CDATA[]]></system-out>
  <system-err><![CDATA[]]></system-err>
</testsuite>
