<?xml version="1.0" encoding="UTF-8"?>
<testsuite name="org.mozilla.javascript.tests.commonjs.module.RequireJarTest" tests="5" skipped="0" failures="0" errors="0" timestamp="2019-01-10T05:01:06" hostname="swami-VirtualBox" time="1.243">
  <properties/>
  <testcase name="testSandboxed" classname="org.mozilla.javascript.tests.commonjs.module.RequireJarTest" time="0.811"/>
  <testcase name="testSetMainForAlreadyLoadedModule" classname="org.mozilla.javascript.tests.commonjs.module.RequireJarTest" time="0.106"/>
  <testcase name="testRelativeId" classname="org.mozilla.javascript.tests.commonjs.module.RequireJarTest" time="0.116"/>
  <testcase name="testNonSandboxed" classname="org.mozilla.javascript.tests.commonjs.module.RequireJarTest" time="0.08"/>
  <testcase name="testVariousUsageErrors" classname="org.mozilla.javascript.tests.commonjs.module.RequireJarTest" time="0.086"/>
  <system-out><![CDATA[]]></system-out>
  <system-err><![CDATA[]]></system-err>
</testsuite>
