<?xml version="1.0" encoding="UTF-8"?>
<testsuite name="org.mozilla.javascript.tests.Bug689314Test" tests="2" skipped="0" failures="0" errors="0" timestamp="2019-01-10T04:58:25" hostname="swami-VirtualBox" time="0.427">
  <properties/>
  <testcase name="testToSourceFunctionStatement" classname="org.mozilla.javascript.tests.Bug689314Test" time="0.411"/>
  <testcase name="testToSourceFunctionExpression" classname="org.mozilla.javascript.tests.Bug689314Test" time="0.011"/>
  <system-out><![CDATA[]]></system-out>
  <system-err><![CDATA[]]></system-err>
</testsuite>
