<?xml version="1.0" encoding="UTF-8"?>
<testsuite name="org.mozilla.javascript.tests.MozillaSuiteTest" tests="7216" skipped="0" failures="0" errors="0" timestamp="2019-01-10T05:02:13" hostname="swami-VirtualBox" time="460.629">
  <properties/>
  <testcase name="runMozillaTest[0, js=testsrc/tests/e4x/Expressions/11.1.1.js, opt=-1]" classname="org.mozilla.javascript.tests.MozillaSuiteTest" time="2.141"/>
  <testcase name="runMozillaTest[1, js=testsrc/tests/e4x/Expressions/11.1.2.js, opt=-1]" classname="org.mozilla.javascript.tests.MozillaSuiteTest" time="0.079"/>
  <testcase name="runMozillaTest[2, js=testsrc/tests/e4x/Expressions/11.1.3.js, opt=-1]" classname="org.mozilla.javascript.tests.MozillaSuiteTest" time="0.069"/>
  <testcase name="runMozillaTest[3, js=testsrc/tests/e4x/Expressions/11.1.4-05.js, opt=-1]" classname="org.mozilla.javascript.tests.MozillaSuiteTest" time="0.029"/>
  <testcase name="runMozillaTest[4, js=testsrc/tests/e4x/Expressions/11.1.4-06.js, opt=-1]" classname="org.mozilla.javascript.tests.MozillaSuiteTest" time="0.062"/>
  <testcase name="runMozillaTest[5, js=testsrc/tests/e4x/Expressions/11.1.4-07.js, opt=-1]" classname="org.mozilla.javascript.tests.MozillaSuiteTest" time="0.036"/>
  <testcase name="runMozillaTest[6, js=testsrc/tests/e4x/Expressions/11.1.5.js, opt=-1]" classname="org.mozilla.javascript.tests.MozillaSuiteTest" time="0.053"/>
  <testcase name="runMozillaTest[7, js=testsrc/tests/e4x/Expressions/11.2.1.js, opt=-1]" classname="org.mozilla.javascript.tests.MozillaSuiteTest" time="0.12"/>
  <testcase name="runMozillaTest[8, js=testsrc/tests/e4x/Expressions/11.2.2.js, opt=-1]" classname="org.mozilla.javascript.tests.MozillaSuiteTest" time="0.102"/>
  <testcase name="runMozillaTest[9, js=testsrc/tests/e4x/Expressions/11.2.3.js, opt=-1]" classname="org.mozilla.javascript.tests.MozillaSuiteTest" time="0.088"/>
  <testcase name="runMozillaTest[10, js=testsrc/tests/e4x/Expressions/11.2.4.js, opt=-1]" classname="org.mozilla.javascript.tests.MozillaSuiteTest" time="0.099"/>
  <testcase name="runMozillaTest[11, js=testsrc/tests/e4x/Expressions/11.3.1.js, opt=-1]" classname="org.mozilla.javascript.tests.MozillaSuiteTest" time="0.128"/>
  <testcase name="runMozillaTest[12, js=testsrc/tests/e4x/Expressions/11.3.2.js, opt=-1]" classname="org.mozilla.javascript.tests.MozillaSuiteTest" time="0.051"/>
  <testcase name="runMozillaTest[13, js=testsrc/tests/e4x/Expressions/11.4.1.js, opt=-1]" classname="org.mozilla.javascript.tests.MozillaSuiteTest" time="0.08"/>
  <testcase name="runMozillaTest[14, js=testsrc/tests/e4x/Expressions/11.5.1.js, opt=-1]" classname="org.mozilla.javascript.tests.MozillaSuiteTest" time="0.044"/>
  <testcase name="runMozillaTest[15, js=testsrc/tests/e4x/Expressions/11.6.2.js, opt=-1]" classname="org.mozilla.javascript.tests.MozillaSuiteTest" time="0.201"/>
  <testcase name="runMozillaTest[16, js=testsrc/tests/e4x/Expressions/11.6.3.js, opt=-1]" classname="org.mozilla.javascript.tests.MozillaSuiteTest" time="0.031"/>
  <testcase name="runMozillaTest[17, js=testsrc/tests/e4x/Expressions/regress-301545.js, opt=-1]" classname="org.mozilla.javascript.tests.MozillaSuiteTest" time="0.054"/>
  <testcase name="runMozillaTest[18, js=testsrc/tests/e4x/Expressions/regress-302531.js, opt=-1]" classname="org.mozilla.javascript.tests.MozillaSuiteTest" time="0.019"/>
  <testcase name="runMozillaTest[19, js=testsrc/tests/e4x/Expressions/regress-340024.js, opt=-1]" classname="org.mozilla.javascript.tests.MozillaSuiteTest" time="0.027"/>
  <testcase name="runMozillaTest[20, js=testsrc/tests/e4x/Expressions/regress-496113.js, opt=-1]" classname="org.mozilla.javascript.tests.MozillaSuiteTest" time="0.042"/>
  <testcase name="runMozillaTest[21, js=testsrc/tests/e4x/GC/regress-292455.js, opt=-1]" classname="org.mozilla.javascript.tests.MozillaSuiteTest" time="0.335"/>
  <testcase name="runMozillaTest[22, js=testsrc/tests/e4x/GC/regress-313952-01.js, opt=-1]" classname="org.mozilla.javascript.tests.MozillaSuiteTest" time="0.039"/>
  <testcase name="runMozillaTest[23, js=testsrc/tests/e4x/GC/regress-324117.js, opt=-1]" classname="org.mozilla.javascript.tests.MozillaSuiteTest" time="1.847"/>
  <testcase name="runMozillaTest[24, js=testsrc/tests/e4x/Namespace/13.2.1.js, opt=-1]" classname="org.mozilla.javascript.tests.MozillaSuiteTest" time="0.077"/>
  <testcase name="runMozillaTest[25, js=testsrc/tests/e4x/Namespace/13.2.2.js, opt=-1]" classname="org.mozilla.javascript.tests.MozillaSuiteTest" time="0.03"/>
  <testcase name="runMozillaTest[26, js=testsrc/tests/e4x/Namespace/13.2.5.js, opt=-1]" classname="org.mozilla.javascript.tests.MozillaSuiteTest" time="0.026"/>
  <testcase name="runMozillaTest[27, js=testsrc/tests/e4x/Namespace/regress-283972.js, opt=-1]" classname="org.mozilla.javascript.tests.MozillaSuiteTest" time="0.065"/>
  <testcase name="runMozillaTest[28, js=testsrc/tests/e4x/Namespace/regress-292863.js, opt=-1]" classname="org.mozilla.javascript.tests.MozillaSuiteTest" time="0.006"/>
  <testcase name="runMozillaTest[29, js=testsrc/tests/e4x/Namespace/regress-350442.js, opt=-1]" classname="org.mozilla.javascript.tests.MozillaSuiteTest" time="0.054"/>
  <testcase name="runMozillaTest[30, js=testsrc/tests/e4x/Namespace/regress-444608-02.js, opt=-1]" classname="org.mozilla.javascript.tests.MozillaSuiteTest" time="0.038"/>
  <testcase name="runMozillaTest[31, js=testsrc/tests/e4x/Namespace/regress-444608.js, opt=-1]" classname="org.mozilla.javascript.tests.MozillaSuiteTest" time="0.01"/>
  <testcase name="runMozillaTest[32, js=testsrc/tests/e4x/QName/13.3.1.js, opt=-1]" classname="org.mozilla.javascript.tests.MozillaSuiteTest" time="0.039"/>
  <testcase name="runMozillaTest[33, js=testsrc/tests/e4x/QName/13.3.2.js, opt=-1]" classname="org.mozilla.javascript.tests.MozillaSuiteTest" time="0.038"/>
  <testcase name="runMozillaTest[34, js=testsrc/tests/e4x/QName/13.3.5.js, opt=-1]" classname="org.mozilla.javascript.tests.MozillaSuiteTest" time="0.03"/>
  <testcase name="runMozillaTest[35, js=testsrc/tests/e4x/QName/regress-373595-01.js, opt=-1]" classname="org.mozilla.javascript.tests.MozillaSuiteTest" time="0.052"/>
  <testcase name="runMozillaTest[36, js=testsrc/tests/e4x/QName/regress-373595-02.js, opt=-1]" classname="org.mozilla.javascript.tests.MozillaSuiteTest" time="0.004"/>
  <testcase name="runMozillaTest[37, js=testsrc/tests/e4x/QName/regress-373595-03.js, opt=-1]" classname="org.mozilla.javascript.tests.MozillaSuiteTest" time="0.016"/>
  <testcase name="runMozillaTest[38, js=testsrc/tests/e4x/QName/regress-444608.js, opt=-1]" classname="org.mozilla.javascript.tests.MozillaSuiteTest" time="0.03"/>
  <testcase name="runMozillaTest[39, js=testsrc/tests/e4x/Regress/regress-263934.js, opt=-1]" classname="org.mozilla.javascript.tests.MozillaSuiteTest" time="0.029"/>
  <testcase name="runMozillaTest[40, js=testsrc/tests/e4x/Regress/regress-263935.js, opt=-1]" classname="org.mozilla.javascript.tests.MozillaSuiteTest" time="0.039"/>
  <testcase name="runMozillaTest[41, js=testsrc/tests/e4x/Regress/regress-263936.js, opt=-1]" classname="org.mozilla.javascript.tests.MozillaSuiteTest" time="0.01"/>
  <testcase name="runMozillaTest[42, js=testsrc/tests/e4x/Regress/regress-264369.js, opt=-1]" classname="org.mozilla.javascript.tests.MozillaSuiteTest" time="0.021"/>
  <testcase name="runMozillaTest[43, js=testsrc/tests/e4x/Regress/regress-271545.js, opt=-1]" classname="org.mozilla.javascript.tests.MozillaSuiteTest" time="0.046"/>
  <testcase name="runMozillaTest[44, js=testsrc/tests/e4x/Regress/regress-277650.js, opt=-1]" classname="org.mozilla.javascript.tests.MozillaSuiteTest" time="0.016"/>
  <testcase name="runMozillaTest[45, js=testsrc/tests/e4x/Regress/regress-277664.js, opt=-1]" classname="org.mozilla.javascript.tests.MozillaSuiteTest" time="0.006"/>
  <testcase name="runMozillaTest[46, js=testsrc/tests/e4x/Regress/regress-277683.js, opt=-1]" classname="org.mozilla.javascript.tests.MozillaSuiteTest" time="0.034"/>
  <testcase name="runMozillaTest[47, js=testsrc/tests/e4x/Regress/regress-277779.js, opt=-1]" classname="org.mozilla.javascript.tests.MozillaSuiteTest" time="0.042"/>
  <testcase name="runMozillaTest[48, js=testsrc/tests/e4x/Regress/regress-277935.js, opt=-1]" classname="org.mozilla.javascript.tests.MozillaSuiteTest" time="0.018"/>
  <testcase name="runMozillaTest[49, js=testsrc/tests/e4x/Regress/regress-283349.js, opt=-1]" classname="org.mozilla.javascript.tests.MozillaSuiteTest" time="0.031"/>
  <testcase name="runMozillaTest[50, js=testsrc/tests/e4x/Regress/regress-290056.js, opt=-1]" classname="org.mozilla.javascript.tests.MozillaSuiteTest" time="0.044"/>
  <testcase name="runMozillaTest[51, js=testsrc/tests/e4x/Regress/regress-290499.js, opt=-1]" classname="org.mozilla.javascript.tests.MozillaSuiteTest" time="0.031"/>
  <testcase name="runMozillaTest[52, js=testsrc/tests/e4x/Regress/regress-301553.js, opt=-1]" classname="org.mozilla.javascript.tests.MozillaSuiteTest" time="0.011"/>
  <testcase name="runMozillaTest[53, js=testsrc/tests/e4x/Regress/regress-301573.js, opt=-1]" classname="org.mozilla.javascript.tests.MozillaSuiteTest" time="0.019"/>
  <testcase name="runMozillaTest[54, js=testsrc/tests/e4x/Regress/regress-301596.js, opt=-1]" classname="org.mozilla.javascript.tests.MozillaSuiteTest" time="0.035"/>
  <testcase name="runMozillaTest[55, js=testsrc/tests/e4x/Regress/regress-301692.js, opt=-1]" classname="org.mozilla.javascript.tests.MozillaSuiteTest" time="0.048"/>
  <testcase name="runMozillaTest[56, js=testsrc/tests/e4x/Regress/regress-313799.js, opt=-1]" classname="org.mozilla.javascript.tests.MozillaSuiteTest" time="0.01"/>
  <testcase name="runMozillaTest[57, js=testsrc/tests/e4x/Regress/regress-318922.js, opt=-1]" classname="org.mozilla.javascript.tests.MozillaSuiteTest" time="0.04"/>
  <testcase name="runMozillaTest[58, js=testsrc/tests/e4x/Regress/regress-325425.js, opt=-1]" classname="org.mozilla.javascript.tests.MozillaSuiteTest" time="0.036"/>
  <testcase name="runMozillaTest[59, js=testsrc/tests/e4x/Regress/regress-327691-01.js, opt=-1]" classname="org.mozilla.javascript.tests.MozillaSuiteTest" time="0.014"/>
  <testcase name="runMozillaTest[60, js=testsrc/tests/e4x/Regress/regress-327691-02.js, opt=-1]" classname="org.mozilla.javascript.tests.MozillaSuiteTest" time="0.128"/>
  <testcase name="runMozillaTest[61, js=testsrc/tests/e4x/Regress/regress-327697.js, opt=-1]" classname="org.mozilla.javascript.tests.MozillaSuiteTest" time="0.048"/>
  <testcase name="runMozillaTest[62, js=testsrc/tests/e4x/Regress/regress-328249.js, opt=-1]" classname="org.mozilla.javascript.tests.MozillaSuiteTest" time="0.02"/>
  <testcase name="runMozillaTest[63, js=testsrc/tests/e4x/Regress/regress-329257.js, opt=-1]" classname="org.mozilla.javascript.tests.MozillaSuiteTest" time="0.013"/>
  <testcase name="runMozillaTest[64, js=testsrc/tests/e4x/Regress/regress-331664.js, opt=-1]" classname="org.mozilla.javascript.tests.MozillaSuiteTest" time="0.013"/>
  <testcase name="runMozillaTest[65, js=testsrc/tests/e4x/Regress/regress-350206-1.js, opt=-1]" classname="org.mozilla.javascript.tests.MozillaSuiteTest" time="0.042"/>
  <testcase name="runMozillaTest[66, js=testsrc/tests/e4x/Regress/regress-350206.js, opt=-1]" classname="org.mozilla.javascript.tests.MozillaSuiteTest" time="0.03"/>
  <testcase name="runMozillaTest[67, js=testsrc/tests/e4x/Regress/regress-352103.js, opt=-1]" classname="org.mozilla.javascript.tests.MozillaSuiteTest" time="0.011"/>
  <testcase name="runMozillaTest[68, js=testsrc/tests/e4x/Regress/regress-354145-01.js, opt=-1]" classname="org.mozilla.javascript.tests.MozillaSuiteTest" time="0.052"/>
  <testcase name="runMozillaTest[69, js=testsrc/tests/e4x/Regress/regress-354145-02.js, opt=-1]" classname="org.mozilla.javascript.tests.MozillaSuiteTest" time="0.117"/>
  <testcase name="runMozillaTest[70, js=testsrc/tests/e4x/Regress/regress-354145-03.js, opt=-1]" classname="org.mozilla.javascript.tests.MozillaSuiteTest" time="0.136"/>
  <testcase name="runMozillaTest[71, js=testsrc/tests/e4x/Regress/regress-354145-04.js, opt=-1]" classname="org.mozilla.javascript.tests.MozillaSuiteTest" time="0.118"/>
  <testcase name="runMozillaTest[72, js=testsrc/tests/e4x/Regress/regress-354145-05.js, opt=-1]" classname="org.mozilla.javascript.tests.MozillaSuiteTest" time="0.126"/>
  <testcase name="runMozillaTest[73, js=testsrc/tests/e4x/Regress/regress-354145-07.js, opt=-1]" classname="org.mozilla.javascript.tests.MozillaSuiteTest" time="0.04"/>
  <testcase name="runMozillaTest[74, js=testsrc/tests/e4x/Regress/regress-355474-02.js, opt=-1]" classname="org.mozilla.javascript.tests.MozillaSuiteTest" time="0.005"/>
  <testcase name="runMozillaTest[75, js=testsrc/tests/e4x/Regress/regress-356238-01.js, opt=-1]" classname="org.mozilla.javascript.tests.MozillaSuiteTest" time="0.003"/>
  <testcase name="runMozillaTest[76, js=testsrc/tests/e4x/Regress/regress-369032.js, opt=-1]" classname="org.mozilla.javascript.tests.MozillaSuiteTest" time="0.025"/>
  <testcase name="runMozillaTest[77, js=testsrc/tests/e4x/Regress/regress-369536.js, opt=-1]" classname="org.mozilla.javascript.tests.MozillaSuiteTest" time="0.02"/>
  <testcase name="runMozillaTest[78, js=testsrc/tests/e4x/Regress/regress-372564.js, opt=-1]" classname="org.mozilla.javascript.tests.MozillaSuiteTest" time="0.009"/>
  <testcase name="runMozillaTest[79, js=testsrc/tests/e4x/Regress/regress-374106.js, opt=-1]" classname="org.mozilla.javascript.tests.MozillaSuiteTest" time="0.029"/>
  <testcase name="runMozillaTest[80, js=testsrc/tests/e4x/Regress/regress-374112.js, opt=-1]" classname="org.mozilla.javascript.tests.MozillaSuiteTest" time="0.004"/>
  <testcase name="runMozillaTest[81, js=testsrc/tests/e4x/Regress/regress-374116.js, opt=-1]" classname="org.mozilla.javascript.tests.MozillaSuiteTest" time="0.011"/>
  <testcase name="runMozillaTest[82, js=testsrc/tests/e4x/Regress/regress-374160.js, opt=-1]" classname="org.mozilla.javascript.tests.MozillaSuiteTest" time="0.021"/>
  <testcase name="runMozillaTest[83, js=testsrc/tests/e4x/Regress/regress-375406.js, opt=-1]" classname="org.mozilla.javascript.tests.MozillaSuiteTest" time="0.041"/>
  <testcase name="runMozillaTest[84, js=testsrc/tests/e4x/Regress/regress-378492.js, opt=-1]" classname="org.mozilla.javascript.tests.MozillaSuiteTest" time="0.005"/>
  <testcase name="runMozillaTest[85, js=testsrc/tests/e4x/Regress/regress-407323.js, opt=-1]" classname="org.mozilla.javascript.tests.MozillaSuiteTest" time="0.015"/>
  <testcase name="runMozillaTest[86, js=testsrc/tests/e4x/Regress/regress-426520.js, opt=-1]" classname="org.mozilla.javascript.tests.MozillaSuiteTest" time="0.024"/>
  <testcase name="runMozillaTest[87, js=testsrc/tests/e4x/Regress/regress-453915.js, opt=-1]" classname="org.mozilla.javascript.tests.MozillaSuiteTest" time="0.027"/>
  <testcase name="runMozillaTest[88, js=testsrc/tests/e4x/Regress/regress-460180.js, opt=-1]" classname="org.mozilla.javascript.tests.MozillaSuiteTest" time="0.048"/>
  <testcase name="runMozillaTest[89, js=testsrc/tests/e4x/Regress/regress-465063.js, opt=-1]" classname="org.mozilla.javascript.tests.MozillaSuiteTest" time="0.012"/>
  <testcase name="runMozillaTest[90, js=testsrc/tests/e4x/Regress/regress-470619.js, opt=-1]" classname="org.mozilla.javascript.tests.MozillaSuiteTest" time="0.019"/>
  <testcase name="runMozillaTest[91, js=testsrc/tests/e4x/Regress/regress-473709.js, opt=-1]" classname="org.mozilla.javascript.tests.MozillaSuiteTest" time="0.022"/>
  <testcase name="runMozillaTest[92, js=testsrc/tests/e4x/Regress/regress-474319.js, opt=-1]" classname="org.mozilla.javascript.tests.MozillaSuiteTest" time="0.026"/>
  <testcase name="runMozillaTest[93, js=testsrc/tests/e4x/Regress/regress-477053.js, opt=-1]" classname="org.mozilla.javascript.tests.MozillaSuiteTest" time="0.022"/>
  <testcase name="runMozillaTest[94, js=testsrc/tests/e4x/Statements/12.1.js, opt=-1]" classname="org.mozilla.javascript.tests.MozillaSuiteTest" time="0.048"/>
  <testcase name="runMozillaTest[95, js=testsrc/tests/e4x/Statements/12.2.js, opt=-1]" classname="org.mozilla.javascript.tests.MozillaSuiteTest" time="0.051"/>
  <testcase name="runMozillaTest[96, js=testsrc/tests/e4x/Statements/12.3-01.js, opt=-1]" classname="org.mozilla.javascript.tests.MozillaSuiteTest" time="0.009"/>
  <testcase name="runMozillaTest[97, js=testsrc/tests/e4x/TypeConversion/10.1.1.js, opt=-1]" classname="org.mozilla.javascript.tests.MozillaSuiteTest" time="0.061"/>
  <testcase name="runMozillaTest[98, js=testsrc/tests/e4x/TypeConversion/10.1.2.js, opt=-1]" classname="org.mozilla.javascript.tests.MozillaSuiteTest" time="0.052"/>
  <testcase name="runMozillaTest[99, js=testsrc/tests/e4x/TypeConversion/10.3.1.js, opt=-1]" classname="org.mozilla.javascript.tests.MozillaSuiteTest" time="0.012"/>
  <testcase name="runMozillaTest[100, js=testsrc/tests/e4x/TypeConversion/10.3.js, opt=-1]" classname="org.mozilla.javascript.tests.MozillaSuiteTest" time="0.053"/>
  <testcase name="runMozillaTest[101, js=testsrc/tests/e4x/TypeConversion/10.4.1.js, opt=-1]" classname="org.mozilla.javascript.tests.MozillaSuiteTest" time="0.011"/>
  <testcase name="runMozillaTest[102, js=testsrc/tests/e4x/TypeConversion/10.4.js, opt=-1]" classname="org.mozilla.javascript.tests.MozillaSuiteTest" time="0.038"/>
  <testcase name="runMozillaTest[103, js=testsrc/tests/e4x/Types/9.1.1.1.js, opt=-1]" classname="org.mozilla.javascript.tests.MozillaSuiteTest" time="0.11"/>
  <testcase name="runMozillaTest[104, js=testsrc/tests/e4x/Types/9.1.1.2.js, opt=-1]" classname="org.mozilla.javascript.tests.MozillaSuiteTest" time="0.032"/>
  <testcase name="runMozillaTest[105, js=testsrc/tests/e4x/Types/9.1.1.3.js, opt=-1]" classname="org.mozilla.javascript.tests.MozillaSuiteTest" time="0.056"/>
  <testcase name="runMozillaTest[106, js=testsrc/tests/e4x/Types/9.1.1.6.js, opt=-1]" classname="org.mozilla.javascript.tests.MozillaSuiteTest" time="0.052"/>
  <testcase name="runMozillaTest[107, js=testsrc/tests/e4x/Types/9.2.1.1.js, opt=-1]" classname="org.mozilla.javascript.tests.MozillaSuiteTest" time="0.034"/>
  <testcase name="runMozillaTest[108, js=testsrc/tests/e4x/Types/9.2.1.2.js, opt=-1]" classname="org.mozilla.javascript.tests.MozillaSuiteTest" time="0.045"/>
  <testcase name="runMozillaTest[109, js=testsrc/tests/e4x/Types/9.2.1.8.js, opt=-1]" classname="org.mozilla.javascript.tests.MozillaSuiteTest" time="0.031"/>
  <testcase name="runMozillaTest[110, js=testsrc/tests/e4x/XML/13.4.1.js, opt=-1]" classname="org.mozilla.javascript.tests.MozillaSuiteTest" time="0.018"/>
  <testcase name="runMozillaTest[111, js=testsrc/tests/e4x/XML/13.4.2.js, opt=-1]" classname="org.mozilla.javascript.tests.MozillaSuiteTest" time="0.016"/>
  <testcase name="runMozillaTest[112, js=testsrc/tests/e4x/XML/13.4.3.10.js, opt=-1]" classname="org.mozilla.javascript.tests.MozillaSuiteTest" time="0.028"/>
  <testcase name="runMozillaTest[113, js=testsrc/tests/e4x/XML/13.4.4.11.js, opt=-1]" classname="org.mozilla.javascript.tests.MozillaSuiteTest" time="0.021"/>
  <testcase name="runMozillaTest[114, js=testsrc/tests/e4x/XML/13.4.4.12-1.js, opt=-1]" classname="org.mozilla.javascript.tests.MozillaSuiteTest" time="0.028"/>
  <testcase name="runMozillaTest[115, js=testsrc/tests/e4x/XML/13.4.4.12.js, opt=-1]" classname="org.mozilla.javascript.tests.MozillaSuiteTest" time="0.036"/>
  <testcase name="runMozillaTest[116, js=testsrc/tests/e4x/XML/13.4.4.13.js, opt=-1]" classname="org.mozilla.javascript.tests.MozillaSuiteTest" time="0.031"/>
  <testcase name="runMozillaTest[117, js=testsrc/tests/e4x/XML/13.4.4.14.js, opt=-1]" classname="org.mozilla.javascript.tests.MozillaSuiteTest" time="0.008"/>
  <testcase name="runMozillaTest[118, js=testsrc/tests/e4x/XML/13.4.4.15.js, opt=-1]" classname="org.mozilla.javascript.tests.MozillaSuiteTest" time="0.033"/>
  <testcase name="runMozillaTest[119, js=testsrc/tests/e4x/XML/13.4.4.16.js, opt=-1]" classname="org.mozilla.javascript.tests.MozillaSuiteTest" time="0.016"/>
  <testcase name="runMozillaTest[120, js=testsrc/tests/e4x/XML/13.4.4.18.js, opt=-1]" classname="org.mozilla.javascript.tests.MozillaSuiteTest" time="0.057"/>
  <testcase name="runMozillaTest[121, js=testsrc/tests/e4x/XML/13.4.4.19.js, opt=-1]" classname="org.mozilla.javascript.tests.MozillaSuiteTest" time="0.018"/>
  <testcase name="runMozillaTest[122, js=testsrc/tests/e4x/XML/13.4.4.2.js, opt=-1]" classname="org.mozilla.javascript.tests.MozillaSuiteTest" time="0.004"/>
  <testcase name="runMozillaTest[123, js=testsrc/tests/e4x/XML/13.4.4.20.js, opt=-1]" classname="org.mozilla.javascript.tests.MozillaSuiteTest" time="0.006"/>
  <testcase name="runMozillaTest[124, js=testsrc/tests/e4x/XML/13.4.4.21.js, opt=-1]" classname="org.mozilla.javascript.tests.MozillaSuiteTest" time="0.025"/>
  <testcase name="runMozillaTest[125, js=testsrc/tests/e4x/XML/13.4.4.22.js, opt=-1]" classname="org.mozilla.javascript.tests.MozillaSuiteTest" time="0.043"/>
  <testcase name="runMozillaTest[126, js=testsrc/tests/e4x/XML/13.4.4.23.js, opt=-1]" classname="org.mozilla.javascript.tests.MozillaSuiteTest" time="0.03"/>
  <testcase name="runMozillaTest[127, js=testsrc/tests/e4x/XML/13.4.4.24.js, opt=-1]" classname="org.mozilla.javascript.tests.MozillaSuiteTest" time="0.016"/>
  <testcase name="runMozillaTest[128, js=testsrc/tests/e4x/XML/13.4.4.25.js, opt=-1]" classname="org.mozilla.javascript.tests.MozillaSuiteTest" time="0.012"/>
  <testcase name="runMozillaTest[129, js=testsrc/tests/e4x/XML/13.4.4.27.js, opt=-1]" classname="org.mozilla.javascript.tests.MozillaSuiteTest" time="0.041"/>
  <testcase name="runMozillaTest[130, js=testsrc/tests/e4x/XML/13.4.4.29.js, opt=-1]" classname="org.mozilla.javascript.tests.MozillaSuiteTest" time="0.004"/>
  <testcase name="runMozillaTest[131, js=testsrc/tests/e4x/XML/13.4.4.3.js, opt=-1]" classname="org.mozilla.javascript.tests.MozillaSuiteTest" time="0.027"/>
  <testcase name="runMozillaTest[132, js=testsrc/tests/e4x/XML/13.4.4.30.js, opt=-1]" classname="org.mozilla.javascript.tests.MozillaSuiteTest" time="0.011"/>
  <testcase name="runMozillaTest[133, js=testsrc/tests/e4x/XML/13.4.4.31.js, opt=-1]" classname="org.mozilla.javascript.tests.MozillaSuiteTest" time="0.037"/>
  <testcase name="runMozillaTest[134, js=testsrc/tests/e4x/XML/13.4.4.32-01.js, opt=-1]" classname="org.mozilla.javascript.tests.MozillaSuiteTest" time="0.019"/>
  <testcase name="runMozillaTest[135, js=testsrc/tests/e4x/XML/13.4.4.32.js, opt=-1]" classname="org.mozilla.javascript.tests.MozillaSuiteTest" time="0.02"/>
  <testcase name="runMozillaTest[136, js=testsrc/tests/e4x/XML/13.4.4.33.js, opt=-1]" classname="org.mozilla.javascript.tests.MozillaSuiteTest" time="0.022"/>
  <testcase name="runMozillaTest[137, js=testsrc/tests/e4x/XML/13.4.4.34.js, opt=-1]" classname="org.mozilla.javascript.tests.MozillaSuiteTest" time="0.004"/>
  <testcase name="runMozillaTest[138, js=testsrc/tests/e4x/XML/13.4.4.35.js, opt=-1]" classname="org.mozilla.javascript.tests.MozillaSuiteTest" time="0.055"/>
  <testcase name="runMozillaTest[139, js=testsrc/tests/e4x/XML/13.4.4.36.js, opt=-1]" classname="org.mozilla.javascript.tests.MozillaSuiteTest" time="0.021"/>
  <testcase name="runMozillaTest[140, js=testsrc/tests/e4x/XML/13.4.4.37.js, opt=-1]" classname="org.mozilla.javascript.tests.MozillaSuiteTest" time="0.021"/>
  <testcase name="runMozillaTest[141, js=testsrc/tests/e4x/XML/13.4.4.38.js, opt=-1]" classname="org.mozilla.javascript.tests.MozillaSuiteTest" time="0.012"/>
  <testcase name="runMozillaTest[142, js=testsrc/tests/e4x/XML/13.4.4.39.js, opt=-1]" classname="org.mozilla.javascript.tests.MozillaSuiteTest" time="0.062"/>
  <testcase name="runMozillaTest[143, js=testsrc/tests/e4x/XML/13.4.4.4.js, opt=-1]" classname="org.mozilla.javascript.tests.MozillaSuiteTest" time="0.015"/>
  <testcase name="runMozillaTest[144, js=testsrc/tests/e4x/XML/13.4.4.40.js, opt=-1]" classname="org.mozilla.javascript.tests.MozillaSuiteTest" time="0.026"/>
  <testcase name="runMozillaTest[145, js=testsrc/tests/e4x/XML/13.4.4.5.js, opt=-1]" classname="org.mozilla.javascript.tests.MozillaSuiteTest" time="0.059"/>
  <testcase name="runMozillaTest[146, js=testsrc/tests/e4x/XML/13.4.4.6.js, opt=-1]" classname="org.mozilla.javascript.tests.MozillaSuiteTest" time="0.004"/>
  <testcase name="runMozillaTest[147, js=testsrc/tests/e4x/XML/13.4.4.7.js, opt=-1]" classname="org.mozilla.javascript.tests.MozillaSuiteTest" time="0.008"/>
  <testcase name="runMozillaTest[148, js=testsrc/tests/e4x/XML/13.4.4.8.js, opt=-1]" classname="org.mozilla.javascript.tests.MozillaSuiteTest" time="0.024"/>
  <testcase name="runMozillaTest[149, js=testsrc/tests/e4x/XML/13.4.4.9.js, opt=-1]" classname="org.mozilla.javascript.tests.MozillaSuiteTest" time="0.042"/>
  <testcase name="runMozillaTest[150, js=testsrc/tests/e4x/XML/regress-291930.js, opt=-1]" classname="org.mozilla.javascript.tests.MozillaSuiteTest" time="0.003"/>
  <testcase name="runMozillaTest[151, js=testsrc/tests/e4x/XML/regress-324688.js, opt=-1]" classname="org.mozilla.javascript.tests.MozillaSuiteTest" time="0.004"/>
  <testcase name="runMozillaTest[152, js=testsrc/tests/e4x/XML/regress-336921.js, opt=-1]" classname="org.mozilla.javascript.tests.MozillaSuiteTest" time="0.031"/>
  <testcase name="runMozillaTest[153, js=testsrc/tests/e4x/XMLList/13.5.1.js, opt=-1]" classname="org.mozilla.javascript.tests.MozillaSuiteTest" time="0.019"/>
  <testcase name="runMozillaTest[154, js=testsrc/tests/e4x/XMLList/13.5.2.js, opt=-1]" classname="org.mozilla.javascript.tests.MozillaSuiteTest" time="0.062"/>
  <testcase name="runMozillaTest[155, js=testsrc/tests/e4x/XMLList/13.5.4.10.js, opt=-1]" classname="org.mozilla.javascript.tests.MozillaSuiteTest" time="0.01"/>
  <testcase name="runMozillaTest[156, js=testsrc/tests/e4x/XMLList/13.5.4.11.js, opt=-1]" classname="org.mozilla.javascript.tests.MozillaSuiteTest" time="0.009"/>
  <testcase name="runMozillaTest[157, js=testsrc/tests/e4x/XMLList/13.5.4.12.js, opt=-1]" classname="org.mozilla.javascript.tests.MozillaSuiteTest" time="0.041"/>
  <testcase name="runMozillaTest[158, js=testsrc/tests/e4x/XMLList/13.5.4.13.js, opt=-1]" classname="org.mozilla.javascript.tests.MozillaSuiteTest" time="0.022"/>
  <testcase name="runMozillaTest[159, js=testsrc/tests/e4x/XMLList/13.5.4.14.js, opt=-1]" classname="org.mozilla.javascript.tests.MozillaSuiteTest" time="0.02"/>
  <testcase name="runMozillaTest[160, js=testsrc/tests/e4x/XMLList/13.5.4.15.js, opt=-1]" classname="org.mozilla.javascript.tests.MozillaSuiteTest" time="0.017"/>
  <testcase name="runMozillaTest[161, js=testsrc/tests/e4x/XMLList/13.5.4.16.js, opt=-1]" classname="org.mozilla.javascript.tests.MozillaSuiteTest" time="0.006"/>
  <testcase name="runMozillaTest[162, js=testsrc/tests/e4x/XMLList/13.5.4.17.js, opt=-1]" classname="org.mozilla.javascript.tests.MozillaSuiteTest" time="0.014"/>
  <testcase name="runMozillaTest[163, js=testsrc/tests/e4x/XMLList/13.5.4.18.js, opt=-1]" classname="org.mozilla.javascript.tests.MozillaSuiteTest" time="0.031"/>
  <testcase name="runMozillaTest[164, js=testsrc/tests/e4x/XMLList/13.5.4.19.js, opt=-1]" classname="org.mozilla.javascript.tests.MozillaSuiteTest" time="0.021"/>
  <testcase name="runMozillaTest[165, js=testsrc/tests/e4x/XMLList/13.5.4.2.js, opt=-1]" classname="org.mozilla.javascript.tests.MozillaSuiteTest" time="0.019"/>
  <testcase name="runMozillaTest[166, js=testsrc/tests/e4x/XMLList/13.5.4.20.js, opt=-1]" classname="org.mozilla.javascript.tests.MozillaSuiteTest" time="0.032"/>
  <testcase name="runMozillaTest[167, js=testsrc/tests/e4x/XMLList/13.5.4.21.js, opt=-1]" classname="org.mozilla.javascript.tests.MozillaSuiteTest" time="0.005"/>
  <testcase name="runMozillaTest[168, js=testsrc/tests/e4x/XMLList/13.5.4.22.js, opt=-1]" classname="org.mozilla.javascript.tests.MozillaSuiteTest" time="0.051"/>
  <testcase name="runMozillaTest[169, js=testsrc/tests/e4x/XMLList/13.5.4.3.js, opt=-1]" classname="org.mozilla.javascript.tests.MozillaSuiteTest" time="0.02"/>
  <testcase name="runMozillaTest[170, js=testsrc/tests/e4x/XMLList/13.5.4.4.js, opt=-1]" classname="org.mozilla.javascript.tests.MozillaSuiteTest" time="0.05"/>
  <testcase name="runMozillaTest[171, js=testsrc/tests/e4x/XMLList/13.5.4.5.js, opt=-1]" classname="org.mozilla.javascript.tests.MozillaSuiteTest" time="0.042"/>
  <testcase name="runMozillaTest[172, js=testsrc/tests/e4x/XMLList/13.5.4.6.js, opt=-1]" classname="org.mozilla.javascript.tests.MozillaSuiteTest" time="0.011"/>
  <testcase name="runMozillaTest[173, js=testsrc/tests/e4x/XMLList/13.5.4.7.js, opt=-1]" classname="org.mozilla.javascript.tests.MozillaSuiteTest" time="0.017"/>
  <testcase name="runMozillaTest[174, js=testsrc/tests/e4x/XMLList/13.5.4.8.js, opt=-1]" classname="org.mozilla.javascript.tests.MozillaSuiteTest" time="0.039"/>
  <testcase name="runMozillaTest[175, js=testsrc/tests/e4x/XMLList/13.5.4.9.js, opt=-1]" classname="org.mozilla.javascript.tests.MozillaSuiteTest" time="0.038"/>
  <testcase name="runMozillaTest[176, js=testsrc/tests/e4x/decompilation/regress-349814.js, opt=-1]" classname="org.mozilla.javascript.tests.MozillaSuiteTest" time="0.032"/>
  <testcase name="runMozillaTest[177, js=testsrc/tests/e4x/decompilation/regress-349815.js, opt=-1]" classname="org.mozilla.javascript.tests.MozillaSuiteTest" time="0.009"/>
  <testcase name="runMozillaTest[178, js=testsrc/tests/e4x/decompilation/regress-349822.js, opt=-1]" classname="org.mozilla.javascript.tests.MozillaSuiteTest" time="0.019"/>
  <testcase name="runMozillaTest[179, js=testsrc/tests/e4x/decompilation/regress-349956.js, opt=-1]" classname="org.mozilla.javascript.tests.MozillaSuiteTest" time="0.028"/>
  <testcase name="runMozillaTest[180, js=testsrc/tests/e4x/decompilation/regress-355101.js, opt=-1]" classname="org.mozilla.javascript.tests.MozillaSuiteTest" time="0.04"/>
  <testcase name="runMozillaTest[181, js=testsrc/tests/e4x/decompilation/regress-355474-01.js, opt=-1]" classname="org.mozilla.javascript.tests.MozillaSuiteTest" time="0.034"/>
  <testcase name="runMozillaTest[182, js=testsrc/tests/e4x/decompilation/regress-373678.js, opt=-1]" classname="org.mozilla.javascript.tests.MozillaSuiteTest" time="0.026"/>
  <testcase name="runMozillaTest[183, js=testsrc/tests/e4x/decompilation/regress-429249.js, opt=-1]" classname="org.mozilla.javascript.tests.MozillaSuiteTest" time="0.04"/>
  <testcase name="runMozillaTest[184, js=testsrc/tests/e4x/extensions/regress-305335.js, opt=-1]" classname="org.mozilla.javascript.tests.MozillaSuiteTest" time="0.015"/>
  <testcase name="runMozillaTest[185, js=testsrc/tests/e4x/extensions/regress-321547.js, opt=-1]" classname="org.mozilla.javascript.tests.MozillaSuiteTest" time="0.007"/>
  <testcase name="runMozillaTest[186, js=testsrc/tests/e4x/extensions/regress-327534.js, opt=-1]" classname="org.mozilla.javascript.tests.MozillaSuiteTest" time="0.021"/>
  <testcase name="runMozillaTest[187, js=testsrc/tests/e4x/extensions/regress-327897.js, opt=-1]" classname="org.mozilla.javascript.tests.MozillaSuiteTest" time="0.003"/>
  <testcase name="runMozillaTest[188, js=testsrc/tests/e4x/extensions/regress-354145-06.js, opt=-1]" classname="org.mozilla.javascript.tests.MozillaSuiteTest" time="0.614"/>
  <testcase name="runMozillaTest[189, js=testsrc/tests/e4x/extensions/regress-354151-01.js, opt=-1]" classname="org.mozilla.javascript.tests.MozillaSuiteTest" time="0.014"/>
  <testcase name="runMozillaTest[190, js=testsrc/tests/e4x/extensions/regress-354151-02.js, opt=-1]" classname="org.mozilla.javascript.tests.MozillaSuiteTest" time="0.046"/>
  <testcase name="runMozillaTest[191, js=testsrc/tests/e4x/extensions/regress-374025.js, opt=-1]" classname="org.mozilla.javascript.tests.MozillaSuiteTest" time="0.02"/>
  <testcase name="runMozillaTest[192, js=testsrc/tests/e4x/extensions/regress-450871-01.js, opt=-1]" classname="org.mozilla.javascript.tests.MozillaSuiteTest" time="0.012"/>
  <testcase name="runMozillaTest[193, js=testsrc/tests/e4x/extensions/regress-450871-02.js, opt=-1]" classname="org.mozilla.javascript.tests.MozillaSuiteTest" time="0.016"/>
  <testcase name="runMozillaTest[194, js=testsrc/tests/e4x/extensions/regress-462734-01.js, opt=-1]" classname="org.mozilla.javascript.tests.MozillaSuiteTest" time="0.005"/>
  <testcase name="runMozillaTest[195, js=testsrc/tests/ecma/Array/15.4-1.js, opt=-1]" classname="org.mozilla.javascript.tests.MozillaSuiteTest" time="0.16"/>
  <testcase name="runMozillaTest[196, js=testsrc/tests/ecma/Array/15.4-2.js, opt=-1]" classname="org.mozilla.javascript.tests.MozillaSuiteTest" time="0.058"/>
  <testcase name="runMozillaTest[197, js=testsrc/tests/ecma/Array/15.4.1.1.js, opt=-1]" classname="org.mozilla.javascript.tests.MozillaSuiteTest" time="0.073"/>
  <testcase name="runMozillaTest[198, js=testsrc/tests/ecma/Array/15.4.1.2.js, opt=-1]" classname="org.mozilla.javascript.tests.MozillaSuiteTest" time="0.069"/>
  <testcase name="runMozillaTest[199, js=testsrc/tests/ecma/Array/15.4.1.3.js, opt=-1]" classname="org.mozilla.javascript.tests.MozillaSuiteTest" time="0.044"/>
  <testcase name="runMozillaTest[200, js=testsrc/tests/ecma/Array/15.4.1.js, opt=-1]" classname="org.mozilla.javascript.tests.MozillaSuiteTest" time="0.055"/>
  <testcase name="runMozillaTest[201, js=testsrc/tests/ecma/Array/15.4.2.1-1.js, opt=-1]" classname="org.mozilla.javascript.tests.MozillaSuiteTest" time="0.043"/>
  <testcase name="runMozillaTest[202, js=testsrc/tests/ecma/Array/15.4.2.1-2.js, opt=-1]" classname="org.mozilla.javascript.tests.MozillaSuiteTest" time="0.343"/>
  <testcase name="runMozillaTest[203, js=testsrc/tests/ecma/Array/15.4.2.1-3.js, opt=-1]" classname="org.mozilla.javascript.tests.MozillaSuiteTest" time="0.318"/>
  <testcase name="runMozillaTest[204, js=testsrc/tests/ecma/Array/15.4.2.2-1.js, opt=-1]" classname="org.mozilla.javascript.tests.MozillaSuiteTest" time="0.043"/>
  <testcase name="runMozillaTest[205, js=testsrc/tests/ecma/Array/15.4.2.2-2.js, opt=-1]" classname="org.mozilla.javascript.tests.MozillaSuiteTest" time="0.071"/>
  <testcase name="runMozillaTest[206, js=testsrc/tests/ecma/Array/15.4.2.3.js, opt=-1]" classname="org.mozilla.javascript.tests.MozillaSuiteTest" time="0.08"/>
  <testcase name="runMozillaTest[207, js=testsrc/tests/ecma/Array/15.4.3.1-2.js, opt=-1]" classname="org.mozilla.javascript.tests.MozillaSuiteTest" time="0.04"/>
  <testcase name="runMozillaTest[208, js=testsrc/tests/ecma/Array/15.4.3.2.js, opt=-1]" classname="org.mozilla.javascript.tests.MozillaSuiteTest" time="0.06"/>
  <testcase name="runMozillaTest[209, js=testsrc/tests/ecma/Array/15.4.4.1.js, opt=-1]" classname="org.mozilla.javascript.tests.MozillaSuiteTest" time="0.046"/>
  <testcase name="runMozillaTest[210, js=testsrc/tests/ecma/Array/15.4.4.2.js, opt=-1]" classname="org.mozilla.javascript.tests.MozillaSuiteTest" time="0.074"/>
  <testcase name="runMozillaTest[211, js=testsrc/tests/ecma/Array/15.4.4.3-1.js, opt=-1]" classname="org.mozilla.javascript.tests.MozillaSuiteTest" time="0.08"/>
  <testcase name="runMozillaTest[212, js=testsrc/tests/ecma/Array/15.4.4.4-1.js, opt=-1]" classname="org.mozilla.javascript.tests.MozillaSuiteTest" time="0.621"/>
  <testcase name="runMozillaTest[213, js=testsrc/tests/ecma/Array/15.4.4.4-2.js, opt=-1]" classname="org.mozilla.javascript.tests.MozillaSuiteTest" time="0.08"/>
  <testcase name="runMozillaTest[214, js=testsrc/tests/ecma/Array/15.4.4.5-1.js, opt=-1]" classname="org.mozilla.javascript.tests.MozillaSuiteTest" time="0.075"/>
  <testcase name="runMozillaTest[215, js=testsrc/tests/ecma/Array/15.4.4.5-2.js, opt=-1]" classname="org.mozilla.javascript.tests.MozillaSuiteTest" time="0.065"/>
  <testcase name="runMozillaTest[216, js=testsrc/tests/ecma/Array/15.4.4.5-3.js, opt=-1]" classname="org.mozilla.javascript.tests.MozillaSuiteTest" time="0.247"/>
  <testcase name="runMozillaTest[217, js=testsrc/tests/ecma/Array/15.4.4.js, opt=-1]" classname="org.mozilla.javascript.tests.MozillaSuiteTest" time="0.051"/>
  <testcase name="runMozillaTest[218, js=testsrc/tests/ecma/Array/15.4.5.1-2.js, opt=-1]" classname="org.mozilla.javascript.tests.MozillaSuiteTest" time="0.05"/>
  <testcase name="runMozillaTest[219, js=testsrc/tests/ecma/Array/15.4.5.2-1.js, opt=-1]" classname="org.mozilla.javascript.tests.MozillaSuiteTest" time="0.054"/>
  <testcase name="runMozillaTest[220, js=testsrc/tests/ecma/Array/15.4.5.2-2.js, opt=-1]" classname="org.mozilla.javascript.tests.MozillaSuiteTest" time="0.356"/>
  <testcase name="runMozillaTest[221, js=testsrc/tests/ecma/Boolean/15.6.1.js, opt=-1]" classname="org.mozilla.javascript.tests.MozillaSuiteTest" time="0.046"/>
  <testcase name="runMozillaTest[222, js=testsrc/tests/ecma/Boolean/15.6.2.js, opt=-1]" classname="org.mozilla.javascript.tests.MozillaSuiteTest" time="0.09"/>
  <testcase name="runMozillaTest[223, js=testsrc/tests/ecma/Boolean/15.6.3.1-1.js, opt=-1]" classname="org.mozilla.javascript.tests.MozillaSuiteTest" time="0.051"/>
  <testcase name="runMozillaTest[224, js=testsrc/tests/ecma/Boolean/15.6.3.1-2.js, opt=-1]" classname="org.mozilla.javascript.tests.MozillaSuiteTest" time="0.044"/>
  <testcase name="runMozillaTest[225, js=testsrc/tests/ecma/Boolean/15.6.3.1-3.js, opt=-1]" classname="org.mozilla.javascript.tests.MozillaSuiteTest" time="0.054"/>
  <testcase name="runMozillaTest[226, js=testsrc/tests/ecma/Boolean/15.6.3.1-4.js, opt=-1]" classname="org.mozilla.javascript.tests.MozillaSuiteTest" time="0.052"/>
  <testcase name="runMozillaTest[227, js=testsrc/tests/ecma/Boolean/15.6.3.1.js, opt=-1]" classname="org.mozilla.javascript.tests.MozillaSuiteTest" time="0.051"/>
  <testcase name="runMozillaTest[228, js=testsrc/tests/ecma/Boolean/15.6.4-1.js, opt=-1]" classname="org.mozilla.javascript.tests.MozillaSuiteTest" time="0.047"/>
  <testcase name="runMozillaTest[229, js=testsrc/tests/ecma/Boolean/15.6.4.1.js, opt=-1]" classname="org.mozilla.javascript.tests.MozillaSuiteTest" time="0.073"/>
  <testcase name="runMozillaTest[230, js=testsrc/tests/ecma/Boolean/15.6.4.2-1.js, opt=-1]" classname="org.mozilla.javascript.tests.MozillaSuiteTest" time="0.079"/>
  <testcase name="runMozillaTest[231, js=testsrc/tests/ecma/Boolean/15.6.4.2-2.js, opt=-1]" classname="org.mozilla.javascript.tests.MozillaSuiteTest" time="0.052"/>
  <testcase name="runMozillaTest[232, js=testsrc/tests/ecma/Boolean/15.6.4.2-3.js, opt=-1]" classname="org.mozilla.javascript.tests.MozillaSuiteTest" time="0.059"/>
  <testcase name="runMozillaTest[233, js=testsrc/tests/ecma/Boolean/15.6.4.2-4-n.js, opt=-1]" classname="org.mozilla.javascript.tests.MozillaSuiteTest" time="0.04"/>
  <testcase name="runMozillaTest[234, js=testsrc/tests/ecma/Boolean/15.6.4.3-1.js, opt=-1]" classname="org.mozilla.javascript.tests.MozillaSuiteTest" time="0.081"/>
  <testcase name="runMozillaTest[235, js=testsrc/tests/ecma/Boolean/15.6.4.3-2.js, opt=-1]" classname="org.mozilla.javascript.tests.MozillaSuiteTest" time="0.035"/>
  <testcase name="runMozillaTest[236, js=testsrc/tests/ecma/Boolean/15.6.4.3-3.js, opt=-1]" classname="org.mozilla.javascript.tests.MozillaSuiteTest" time="0.052"/>
  <testcase name="runMozillaTest[237, js=testsrc/tests/ecma/Boolean/15.6.4.3-4-n.js, opt=-1]" classname="org.mozilla.javascript.tests.MozillaSuiteTest" time="0.051"/>
  <testcase name="runMozillaTest[238, js=testsrc/tests/ecma/Boolean/15.6.4.3.js, opt=-1]" classname="org.mozilla.javascript.tests.MozillaSuiteTest" time="0.07"/>
  <testcase name="runMozillaTest[239, js=testsrc/tests/ecma/Boolean/15.6.4.js, opt=-1]" classname="org.mozilla.javascript.tests.MozillaSuiteTest" time="0.029"/>
  <testcase name="runMozillaTest[240, js=testsrc/tests/ecma/Date/15.9.1.1-1.js, opt=-1]" classname="org.mozilla.javascript.tests.MozillaSuiteTest" time="0.229"/>
  <testcase name="runMozillaTest[241, js=testsrc/tests/ecma/Date/15.9.1.1-2.js, opt=-1]" classname="org.mozilla.javascript.tests.MozillaSuiteTest" time="0.21"/>
  <testcase name="runMozillaTest[242, js=testsrc/tests/ecma/Date/15.9.1.13-1.js, opt=-1]" classname="org.mozilla.javascript.tests.MozillaSuiteTest" time="0.03"/>
  <testcase name="runMozillaTest[243, js=testsrc/tests/ecma/Date/15.9.2.1.js, opt=-1]" classname="org.mozilla.javascript.tests.MozillaSuiteTest" time="0.089"/>
  <testcase name="runMozillaTest[244, js=testsrc/tests/ecma/Date/15.9.2.2-1.js, opt=-1]" classname="org.mozilla.javascript.tests.MozillaSuiteTest" time="0.022"/>
  <testcase name="runMozillaTest[245, js=testsrc/tests/ecma/Date/15.9.2.2-2.js, opt=-1]" classname="org.mozilla.javascript.tests.MozillaSuiteTest" time="0.059"/>
  <testcase name="runMozillaTest[246, js=testsrc/tests/ecma/Date/15.9.2.2-3.js, opt=-1]" classname="org.mozilla.javascript.tests.MozillaSuiteTest" time="0.041"/>
  <testcase name="runMozillaTest[247, js=testsrc/tests/ecma/Date/15.9.2.2-4.js, opt=-1]" classname="org.mozilla.javascript.tests.MozillaSuiteTest" time="0.068"/>
  <testcase name="runMozillaTest[248, js=testsrc/tests/ecma/Date/15.9.2.2-5.js, opt=-1]" classname="org.mozilla.javascript.tests.MozillaSuiteTest" time="0.052"/>
  <testcase name="runMozillaTest[249, js=testsrc/tests/ecma/Date/15.9.2.2-6.js, opt=-1]" classname="org.mozilla.javascript.tests.MozillaSuiteTest" time="0.049"/>
  <testcase name="runMozillaTest[250, js=testsrc/tests/ecma/Date/15.9.3.1-1.js, opt=-1]" classname="org.mozilla.javascript.tests.MozillaSuiteTest" time="0.279"/>
  <testcase name="runMozillaTest[251, js=testsrc/tests/ecma/Date/15.9.3.1-2.js, opt=-1]" classname="org.mozilla.javascript.tests.MozillaSuiteTest" time="0.11"/>
  <testcase name="runMozillaTest[252, js=testsrc/tests/ecma/Date/15.9.3.1-3.js, opt=-1]" classname="org.mozilla.javascript.tests.MozillaSuiteTest" time="0.08"/>
  <testcase name="runMozillaTest[253, js=testsrc/tests/ecma/Date/15.9.3.1-4.js, opt=-1]" classname="org.mozilla.javascript.tests.MozillaSuiteTest" time="0.14"/>
  <testcase name="runMozillaTest[254, js=testsrc/tests/ecma/Date/15.9.3.1-5.js, opt=-1]" classname="org.mozilla.javascript.tests.MozillaSuiteTest" time="0.066"/>
  <testcase name="runMozillaTest[255, js=testsrc/tests/ecma/Date/15.9.3.2-1.js, opt=-1]" classname="org.mozilla.javascript.tests.MozillaSuiteTest" time="0.071"/>
  <testcase name="runMozillaTest[256, js=testsrc/tests/ecma/Date/15.9.3.2-2.js, opt=-1]" classname="org.mozilla.javascript.tests.MozillaSuiteTest" time="0.099"/>
  <testcase name="runMozillaTest[257, js=testsrc/tests/ecma/Date/15.9.3.2-3.js, opt=-1]" classname="org.mozilla.javascript.tests.MozillaSuiteTest" time="0.1"/>
  <testcase name="runMozillaTest[258, js=testsrc/tests/ecma/Date/15.9.3.2-4.js, opt=-1]" classname="org.mozilla.javascript.tests.MozillaSuiteTest" time="0.092"/>
  <testcase name="runMozillaTest[259, js=testsrc/tests/ecma/Date/15.9.3.2-5.js, opt=-1]" classname="org.mozilla.javascript.tests.MozillaSuiteTest" time="0.071"/>
  <testcase name="runMozillaTest[260, js=testsrc/tests/ecma/Date/15.9.3.8-1.js, opt=-1]" classname="org.mozilla.javascript.tests.MozillaSuiteTest" time="0.083"/>
  <testcase name="runMozillaTest[261, js=testsrc/tests/ecma/Date/15.9.3.8-2.js, opt=-1]" classname="org.mozilla.javascript.tests.MozillaSuiteTest" time="0.066"/>
  <testcase name="runMozillaTest[262, js=testsrc/tests/ecma/Date/15.9.3.8-3.js, opt=-1]" classname="org.mozilla.javascript.tests.MozillaSuiteTest" time="0.12"/>
  <testcase name="runMozillaTest[263, js=testsrc/tests/ecma/Date/15.9.3.8-4.js, opt=-1]" classname="org.mozilla.javascript.tests.MozillaSuiteTest" time="0.11"/>
  <testcase name="runMozillaTest[264, js=testsrc/tests/ecma/Date/15.9.3.8-5.js, opt=-1]" classname="org.mozilla.javascript.tests.MozillaSuiteTest" time="0.128"/>
  <testcase name="runMozillaTest[265, js=testsrc/tests/ecma/Date/15.9.4.2-1.js, opt=-1]" classname="org.mozilla.javascript.tests.MozillaSuiteTest" time="0.058"/>
  <testcase name="runMozillaTest[266, js=testsrc/tests/ecma/Date/15.9.4.2.js, opt=-1]" classname="org.mozilla.javascript.tests.MozillaSuiteTest" time="0.062"/>
  <testcase name="runMozillaTest[267, js=testsrc/tests/ecma/Date/15.9.4.3.js, opt=-1]" classname="org.mozilla.javascript.tests.MozillaSuiteTest" time="0.376"/>
  <testcase name="runMozillaTest[268, js=testsrc/tests/ecma/Date/15.9.5.1.js, opt=-1]" classname="org.mozilla.javascript.tests.MozillaSuiteTest" time="0.057"/>
  <testcase name="runMozillaTest[269, js=testsrc/tests/ecma/Date/15.9.5.10-1.js, opt=-1]" classname="org.mozilla.javascript.tests.MozillaSuiteTest" time="2.457"/>
  <testcase name="runMozillaTest[270, js=testsrc/tests/ecma/Date/15.9.5.10-10.js, opt=-1]" classname="org.mozilla.javascript.tests.MozillaSuiteTest" time="1.363"/>
  <testcase name="runMozillaTest[271, js=testsrc/tests/ecma/Date/15.9.5.10-11.js, opt=-1]" classname="org.mozilla.javascript.tests.MozillaSuiteTest" time="1.571"/>
  <testcase name="runMozillaTest[272, js=testsrc/tests/ecma/Date/15.9.5.10-12.js, opt=-1]" classname="org.mozilla.javascript.tests.MozillaSuiteTest" time="1.242"/>
  <testcase name="runMozillaTest[273, js=testsrc/tests/ecma/Date/15.9.5.10-13.js, opt=-1]" classname="org.mozilla.javascript.tests.MozillaSuiteTest" time="1.476"/>
  <testcase name="runMozillaTest[274, js=testsrc/tests/ecma/Date/15.9.5.10-3.js, opt=-1]" classname="org.mozilla.javascript.tests.MozillaSuiteTest" time="0.388"/>
  <testcase name="runMozillaTest[275, js=testsrc/tests/ecma/Date/15.9.5.10-4.js, opt=-1]" classname="org.mozilla.javascript.tests.MozillaSuiteTest" time="2.825"/>
  <testcase name="runMozillaTest[276, js=testsrc/tests/ecma/Date/15.9.5.10-5.js, opt=-1]" classname="org.mozilla.javascript.tests.MozillaSuiteTest" time="1.856"/>
  <testcase name="runMozillaTest[277, js=testsrc/tests/ecma/Date/15.9.5.10-6.js, opt=-1]" classname="org.mozilla.javascript.tests.MozillaSuiteTest" time="1.9"/>
  <testcase name="runMozillaTest[278, js=testsrc/tests/ecma/Date/15.9.5.10-7.js, opt=-1]" classname="org.mozilla.javascript.tests.MozillaSuiteTest" time="1.785"/>
  <testcase name="runMozillaTest[279, js=testsrc/tests/ecma/Date/15.9.5.10-8.js, opt=-1]" classname="org.mozilla.javascript.tests.MozillaSuiteTest" time="1.184"/>
  <testcase name="runMozillaTest[280, js=testsrc/tests/ecma/Date/15.9.5.10-9.js, opt=-1]" classname="org.mozilla.javascript.tests.MozillaSuiteTest" time="1.443"/>
  <testcase name="runMozillaTest[281, js=testsrc/tests/ecma/Date/15.9.5.11-1.js, opt=-1]" classname="org.mozilla.javascript.tests.MozillaSuiteTest" time="0.952"/>
  <testcase name="runMozillaTest[282, js=testsrc/tests/ecma/Date/15.9.5.11-3.js, opt=-1]" classname="org.mozilla.javascript.tests.MozillaSuiteTest" time="0.113"/>
  <testcase name="runMozillaTest[283, js=testsrc/tests/ecma/Date/15.9.5.11-4.js, opt=-1]" classname="org.mozilla.javascript.tests.MozillaSuiteTest" time="1.495"/>
  <testcase name="runMozillaTest[284, js=testsrc/tests/ecma/Date/15.9.5.11-5.js, opt=-1]" classname="org.mozilla.javascript.tests.MozillaSuiteTest" time="0.939"/>
  <testcase name="runMozillaTest[285, js=testsrc/tests/ecma/Date/15.9.5.11-6.js, opt=-1]" classname="org.mozilla.javascript.tests.MozillaSuiteTest" time="0.877"/>
  <testcase name="runMozillaTest[286, js=testsrc/tests/ecma/Date/15.9.5.11-7.js, opt=-1]" classname="org.mozilla.javascript.tests.MozillaSuiteTest" time="0.713"/>
  <testcase name="runMozillaTest[287, js=testsrc/tests/ecma/Date/15.9.5.12-1.js, opt=-1]" classname="org.mozilla.javascript.tests.MozillaSuiteTest" time="1.059"/>
  <testcase name="runMozillaTest[288, js=testsrc/tests/ecma/Date/15.9.5.12-3.js, opt=-1]" classname="org.mozilla.javascript.tests.MozillaSuiteTest" time="0.207"/>
  <testcase name="runMozillaTest[289, js=testsrc/tests/ecma/Date/15.9.5.12-4.js, opt=-1]" classname="org.mozilla.javascript.tests.MozillaSuiteTest" time="1.695"/>
  <testcase name="runMozillaTest[290, js=testsrc/tests/ecma/Date/15.9.5.12-5.js, opt=-1]" classname="org.mozilla.javascript.tests.MozillaSuiteTest" time="1.039"/>
  <testcase name="runMozillaTest[291, js=testsrc/tests/ecma/Date/15.9.5.12-6.js, opt=-1]" classname="org.mozilla.javascript.tests.MozillaSuiteTest" time="1.009"/>
  <testcase name="runMozillaTest[292, js=testsrc/tests/ecma/Date/15.9.5.12-7.js, opt=-1]" classname="org.mozilla.javascript.tests.MozillaSuiteTest" time="0.83"/>
  <testcase name="runMozillaTest[293, js=testsrc/tests/ecma/Date/15.9.5.12-8.js, opt=-1]" classname="org.mozilla.javascript.tests.MozillaSuiteTest" time="0.028"/>
  <testcase name="runMozillaTest[294, js=testsrc/tests/ecma/Date/15.9.5.13-1.js, opt=-1]" classname="org.mozilla.javascript.tests.MozillaSuiteTest" time="0.086"/>
  <testcase name="runMozillaTest[295, js=testsrc/tests/ecma/Date/15.9.5.13-2.js, opt=-1]" classname="org.mozilla.javascript.tests.MozillaSuiteTest" time="0.107"/>
  <testcase name="runMozillaTest[296, js=testsrc/tests/ecma/Date/15.9.5.13-3.js, opt=-1]" classname="org.mozilla.javascript.tests.MozillaSuiteTest" time="0.068"/>
  <testcase name="runMozillaTest[297, js=testsrc/tests/ecma/Date/15.9.5.13-4.js, opt=-1]" classname="org.mozilla.javascript.tests.MozillaSuiteTest" time="0.078"/>
  <testcase name="runMozillaTest[298, js=testsrc/tests/ecma/Date/15.9.5.13-5.js, opt=-1]" classname="org.mozilla.javascript.tests.MozillaSuiteTest" time="0.06"/>
  <testcase name="runMozillaTest[299, js=testsrc/tests/ecma/Date/15.9.5.13-6.js, opt=-1]" classname="org.mozilla.javascript.tests.MozillaSuiteTest" time="0.099"/>
  <testcase name="runMozillaTest[300, js=testsrc/tests/ecma/Date/15.9.5.13-7.js, opt=-1]" classname="org.mozilla.javascript.tests.MozillaSuiteTest" time="0.072"/>
  <testcase name="runMozillaTest[301, js=testsrc/tests/ecma/Date/15.9.5.13-8.js, opt=-1]" classname="org.mozilla.javascript.tests.MozillaSuiteTest" time="0.021"/>
  <testcase name="runMozillaTest[302, js=testsrc/tests/ecma/Date/15.9.5.14.js, opt=-1]" classname="org.mozilla.javascript.tests.MozillaSuiteTest" time="1.006"/>
  <testcase name="runMozillaTest[303, js=testsrc/tests/ecma/Date/15.9.5.15.js, opt=-1]" classname="org.mozilla.javascript.tests.MozillaSuiteTest" time="0.022"/>
  <testcase name="runMozillaTest[304, js=testsrc/tests/ecma/Date/15.9.5.16.js, opt=-1]" classname="org.mozilla.javascript.tests.MozillaSuiteTest" time="1.091"/>
  <testcase name="runMozillaTest[305, js=testsrc/tests/ecma/Date/15.9.5.17.js, opt=-1]" classname="org.mozilla.javascript.tests.MozillaSuiteTest" time="0.04"/>
  <testcase name="runMozillaTest[306, js=testsrc/tests/ecma/Date/15.9.5.18.js, opt=-1]" classname="org.mozilla.javascript.tests.MozillaSuiteTest" time="1.114"/>
  <testcase name="runMozillaTest[307, js=testsrc/tests/ecma/Date/15.9.5.19.js, opt=-1]" classname="org.mozilla.javascript.tests.MozillaSuiteTest" time="0.024"/>
  <testcase name="runMozillaTest[308, js=testsrc/tests/ecma/Date/15.9.5.2-1.js, opt=-1]" classname="org.mozilla.javascript.tests.MozillaSuiteTest" time="0.053"/>
  <testcase name="runMozillaTest[309, js=testsrc/tests/ecma/Date/15.9.5.2-2-n.js, opt=-1]" classname="org.mozilla.javascript.tests.MozillaSuiteTest" time="0.023"/>
  <testcase name="runMozillaTest[310, js=testsrc/tests/ecma/Date/15.9.5.2.js, opt=-1]" classname="org.mozilla.javascript.tests.MozillaSuiteTest" time="0.04"/>
  <testcase name="runMozillaTest[311, js=testsrc/tests/ecma/Date/15.9.5.20.js, opt=-1]" classname="org.mozilla.javascript.tests.MozillaSuiteTest" time="1.791"/>
  <testcase name="runMozillaTest[312, js=testsrc/tests/ecma/Date/15.9.5.21-1.js, opt=-1]" classname="org.mozilla.javascript.tests.MozillaSuiteTest" time="0.066"/>
  <testcase name="runMozillaTest[313, js=testsrc/tests/ecma/Date/15.9.5.21-2.js, opt=-1]" classname="org.mozilla.javascript.tests.MozillaSuiteTest" time="0.06"/>
  <testcase name="runMozillaTest[314, js=testsrc/tests/ecma/Date/15.9.5.21-3.js, opt=-1]" classname="org.mozilla.javascript.tests.MozillaSuiteTest" time="0.04"/>
  <testcase name="runMozillaTest[315, js=testsrc/tests/ecma/Date/15.9.5.21-4.js, opt=-1]" classname="org.mozilla.javascript.tests.MozillaSuiteTest" time="0.044"/>
  <testcase name="runMozillaTest[316, js=testsrc/tests/ecma/Date/15.9.5.21-5.js, opt=-1]" classname="org.mozilla.javascript.tests.MozillaSuiteTest" time="0.047"/>
  <testcase name="runMozillaTest[317, js=testsrc/tests/ecma/Date/15.9.5.21-6.js, opt=-1]" classname="org.mozilla.javascript.tests.MozillaSuiteTest" time="0.038"/>
  <testcase name="runMozillaTest[318, js=testsrc/tests/ecma/Date/15.9.5.21-7.js, opt=-1]" classname="org.mozilla.javascript.tests.MozillaSuiteTest" time="0.071"/>
  <testcase name="runMozillaTest[319, js=testsrc/tests/ecma/Date/15.9.5.21-8.js, opt=-1]" classname="org.mozilla.javascript.tests.MozillaSuiteTest" time="0.037"/>
  <testcase name="runMozillaTest[320, js=testsrc/tests/ecma/Date/15.9.5.22-1.js, opt=-1]" classname="org.mozilla.javascript.tests.MozillaSuiteTest" time="1.661"/>
  <testcase name="runMozillaTest[321, js=testsrc/tests/ecma/Date/15.9.5.22-2.js, opt=-1]" classname="org.mozilla.javascript.tests.MozillaSuiteTest" time="1.475"/>
  <testcase name="runMozillaTest[322, js=testsrc/tests/ecma/Date/15.9.5.22-3.js, opt=-1]" classname="org.mozilla.javascript.tests.MozillaSuiteTest" time="0.085"/>
  <testcase name="runMozillaTest[323, js=testsrc/tests/ecma/Date/15.9.5.22-4.js, opt=-1]" classname="org.mozilla.javascript.tests.MozillaSuiteTest" time="0.054"/>
  <testcase name="runMozillaTest[324, js=testsrc/tests/ecma/Date/15.9.5.22-5.js, opt=-1]" classname="org.mozilla.javascript.tests.MozillaSuiteTest" time="0.056"/>
  <testcase name="runMozillaTest[325, js=testsrc/tests/ecma/Date/15.9.5.22-6.js, opt=-1]" classname="org.mozilla.javascript.tests.MozillaSuiteTest" time="0.08"/>
  <testcase name="runMozillaTest[326, js=testsrc/tests/ecma/Date/15.9.5.22-7.js, opt=-1]" classname="org.mozilla.javascript.tests.MozillaSuiteTest" time="0.053"/>
  <testcase name="runMozillaTest[327, js=testsrc/tests/ecma/Date/15.9.5.22-8.js, opt=-1]" classname="org.mozilla.javascript.tests.MozillaSuiteTest" time="0.037"/>
  <testcase name="runMozillaTest[328, js=testsrc/tests/ecma/Date/15.9.5.23-1.js, opt=-1]" classname="org.mozilla.javascript.tests.MozillaSuiteTest" time="0.035"/>
  <testcase name="runMozillaTest[329, js=testsrc/tests/ecma/Date/15.9.5.23-10.js, opt=-1]" classname="org.mozilla.javascript.tests.MozillaSuiteTest" time="0.05"/>
  <testcase name="runMozillaTest[330, js=testsrc/tests/ecma/Date/15.9.5.23-11.js, opt=-1]" classname="org.mozilla.javascript.tests.MozillaSuiteTest" time="0.034"/>
  <testcase name="runMozillaTest[331, js=testsrc/tests/ecma/Date/15.9.5.23-12.js, opt=-1]" classname="org.mozilla.javascript.tests.MozillaSuiteTest" time="0.077"/>
  <testcase name="runMozillaTest[332, js=testsrc/tests/ecma/Date/15.9.5.23-13.js, opt=-1]" classname="org.mozilla.javascript.tests.MozillaSuiteTest" time="0.081"/>
  <testcase name="runMozillaTest[333, js=testsrc/tests/ecma/Date/15.9.5.23-14.js, opt=-1]" classname="org.mozilla.javascript.tests.MozillaSuiteTest" time="0.062"/>
  <testcase name="runMozillaTest[334, js=testsrc/tests/ecma/Date/15.9.5.23-15.js, opt=-1]" classname="org.mozilla.javascript.tests.MozillaSuiteTest" time="0.023"/>
  <testcase name="runMozillaTest[335, js=testsrc/tests/ecma/Date/15.9.5.23-16.js, opt=-1]" classname="org.mozilla.javascript.tests.MozillaSuiteTest" time="0.063"/>
  <testcase name="runMozillaTest[336, js=testsrc/tests/ecma/Date/15.9.5.23-17.js, opt=-1]" classname="org.mozilla.javascript.tests.MozillaSuiteTest" time="0.028"/>
  <testcase name="runMozillaTest[337, js=testsrc/tests/ecma/Date/15.9.5.23-18.js, opt=-1]" classname="org.mozilla.javascript.tests.MozillaSuiteTest" time="0.041"/>
  <testcase name="runMozillaTest[338, js=testsrc/tests/ecma/Date/15.9.5.23-2.js, opt=-1]" classname="org.mozilla.javascript.tests.MozillaSuiteTest" time="0.054"/>
  <testcase name="runMozillaTest[339, js=testsrc/tests/ecma/Date/15.9.5.23-3-n.js, opt=-1]" classname="org.mozilla.javascript.tests.MozillaSuiteTest" time="0.021"/>
  <testcase name="runMozillaTest[340, js=testsrc/tests/ecma/Date/15.9.5.23-4.js, opt=-1]" classname="org.mozilla.javascript.tests.MozillaSuiteTest" time="0.068"/>
  <testcase name="runMozillaTest[341, js=testsrc/tests/ecma/Date/15.9.5.23-5.js, opt=-1]" classname="org.mozilla.javascript.tests.MozillaSuiteTest" time="0.028"/>
  <testcase name="runMozillaTest[342, js=testsrc/tests/ecma/Date/15.9.5.23-6.js, opt=-1]" classname="org.mozilla.javascript.tests.MozillaSuiteTest" time="0.025"/>
  <testcase name="runMozillaTest[343, js=testsrc/tests/ecma/Date/15.9.5.23-7.js, opt=-1]" classname="org.mozilla.javascript.tests.MozillaSuiteTest" time="0.04"/>
  <testcase name="runMozillaTest[344, js=testsrc/tests/ecma/Date/15.9.5.23-8.js, opt=-1]" classname="org.mozilla.javascript.tests.MozillaSuiteTest" time="0.03"/>
  <testcase name="runMozillaTest[345, js=testsrc/tests/ecma/Date/15.9.5.23-9.js, opt=-1]" classname="org.mozilla.javascript.tests.MozillaSuiteTest" time="0.03"/>
  <testcase name="runMozillaTest[346, js=testsrc/tests/ecma/Date/15.9.5.24-1.js, opt=-1]" classname="org.mozilla.javascript.tests.MozillaSuiteTest" time="0.057"/>
  <testcase name="runMozillaTest[347, js=testsrc/tests/ecma/Date/15.9.5.24-2.js, opt=-1]" classname="org.mozilla.javascript.tests.MozillaSuiteTest" time="0.049"/>
  <testcase name="runMozillaTest[348, js=testsrc/tests/ecma/Date/15.9.5.24-3.js, opt=-1]" classname="org.mozilla.javascript.tests.MozillaSuiteTest" time="0.116"/>
  <testcase name="runMozillaTest[349, js=testsrc/tests/ecma/Date/15.9.5.24-4.js, opt=-1]" classname="org.mozilla.javascript.tests.MozillaSuiteTest" time="0.084"/>
  <testcase name="runMozillaTest[350, js=testsrc/tests/ecma/Date/15.9.5.24-5.js, opt=-1]" classname="org.mozilla.javascript.tests.MozillaSuiteTest" time="0.049"/>
  <testcase name="runMozillaTest[351, js=testsrc/tests/ecma/Date/15.9.5.24-6.js, opt=-1]" classname="org.mozilla.javascript.tests.MozillaSuiteTest" time="0.077"/>
  <testcase name="runMozillaTest[352, js=testsrc/tests/ecma/Date/15.9.5.24-7.js, opt=-1]" classname="org.mozilla.javascript.tests.MozillaSuiteTest" time="0.029"/>
  <testcase name="runMozillaTest[353, js=testsrc/tests/ecma/Date/15.9.5.24-8.js, opt=-1]" classname="org.mozilla.javascript.tests.MozillaSuiteTest" time="0.032"/>
  <testcase name="runMozillaTest[354, js=testsrc/tests/ecma/Date/15.9.5.25-1.js, opt=-1]" classname="org.mozilla.javascript.tests.MozillaSuiteTest" time="0.195"/>
  <testcase name="runMozillaTest[355, js=testsrc/tests/ecma/Date/15.9.5.26-1.js, opt=-1]" classname="org.mozilla.javascript.tests.MozillaSuiteTest" time="0.2"/>
  <testcase name="runMozillaTest[356, js=testsrc/tests/ecma/Date/15.9.5.27-1.js, opt=-1]" classname="org.mozilla.javascript.tests.MozillaSuiteTest" time="0.099"/>
  <testcase name="runMozillaTest[357, js=testsrc/tests/ecma/Date/15.9.5.28-1.js, opt=-1]" classname="org.mozilla.javascript.tests.MozillaSuiteTest" time="0.184"/>
  <testcase name="runMozillaTest[358, js=testsrc/tests/ecma/Date/15.9.5.29-1.js, opt=-1]" classname="org.mozilla.javascript.tests.MozillaSuiteTest" time="0.098"/>
  <testcase name="runMozillaTest[359, js=testsrc/tests/ecma/Date/15.9.5.3-1-n.js, opt=-1]" classname="org.mozilla.javascript.tests.MozillaSuiteTest" time="0.02"/>
  <testcase name="runMozillaTest[360, js=testsrc/tests/ecma/Date/15.9.5.3-2.js, opt=-1]" classname="org.mozilla.javascript.tests.MozillaSuiteTest" time="0.034"/>
  <testcase name="runMozillaTest[361, js=testsrc/tests/ecma/Date/15.9.5.30-1.js, opt=-1]" classname="org.mozilla.javascript.tests.MozillaSuiteTest" time="0.128"/>
  <testcase name="runMozillaTest[362, js=testsrc/tests/ecma/Date/15.9.5.31-1.js, opt=-1]" classname="org.mozilla.javascript.tests.MozillaSuiteTest" time="0.17"/>
  <testcase name="runMozillaTest[363, js=testsrc/tests/ecma/Date/15.9.5.32-1.js, opt=-1]" classname="org.mozilla.javascript.tests.MozillaSuiteTest" time="0.035"/>
  <testcase name="runMozillaTest[364, js=testsrc/tests/ecma/Date/15.9.5.33-1.js, opt=-1]" classname="org.mozilla.javascript.tests.MozillaSuiteTest" time="0.039"/>
  <testcase name="runMozillaTest[365, js=testsrc/tests/ecma/Date/15.9.5.34-1.js, opt=-1]" classname="org.mozilla.javascript.tests.MozillaSuiteTest" time="0.164"/>
  <testcase name="runMozillaTest[366, js=testsrc/tests/ecma/Date/15.9.5.35-1.js, opt=-1]" classname="org.mozilla.javascript.tests.MozillaSuiteTest" time="0.034"/>
  <testcase name="runMozillaTest[367, js=testsrc/tests/ecma/Date/15.9.5.36-1.js, opt=-1]" classname="org.mozilla.javascript.tests.MozillaSuiteTest" time="0.056"/>
  <testcase name="runMozillaTest[368, js=testsrc/tests/ecma/Date/15.9.5.36-2.js, opt=-1]" classname="org.mozilla.javascript.tests.MozillaSuiteTest" time="0.038"/>
  <testcase name="runMozillaTest[369, js=testsrc/tests/ecma/Date/15.9.5.36-3.js, opt=-1]" classname="org.mozilla.javascript.tests.MozillaSuiteTest" time="0.052"/>
  <testcase name="runMozillaTest[370, js=testsrc/tests/ecma/Date/15.9.5.36-4.js, opt=-1]" classname="org.mozilla.javascript.tests.MozillaSuiteTest" time="0.132"/>
  <testcase name="runMozillaTest[371, js=testsrc/tests/ecma/Date/15.9.5.36-5.js, opt=-1]" classname="org.mozilla.javascript.tests.MozillaSuiteTest" time="0.12"/>
  <testcase name="runMozillaTest[372, js=testsrc/tests/ecma/Date/15.9.5.36-6.js, opt=-1]" classname="org.mozilla.javascript.tests.MozillaSuiteTest" time="0.138"/>
  <testcase name="runMozillaTest[373, js=testsrc/tests/ecma/Date/15.9.5.36-7.js, opt=-1]" classname="org.mozilla.javascript.tests.MozillaSuiteTest" time="0.12"/>
  <testcase name="runMozillaTest[374, js=testsrc/tests/ecma/Date/15.9.5.37-1.js, opt=-1]" classname="org.mozilla.javascript.tests.MozillaSuiteTest" time="0.071"/>
  <testcase name="runMozillaTest[375, js=testsrc/tests/ecma/Date/15.9.5.37-2.js, opt=-1]" classname="org.mozilla.javascript.tests.MozillaSuiteTest" time="0.121"/>
  <testcase name="runMozillaTest[376, js=testsrc/tests/ecma/Date/15.9.5.37-3.js, opt=-1]" classname="org.mozilla.javascript.tests.MozillaSuiteTest" time="0.078"/>
  <testcase name="runMozillaTest[377, js=testsrc/tests/ecma/Date/15.9.5.37-4.js, opt=-1]" classname="org.mozilla.javascript.tests.MozillaSuiteTest" time="0.109"/>
  <testcase name="runMozillaTest[378, js=testsrc/tests/ecma/Date/15.9.5.37-5.js, opt=-1]" classname="org.mozilla.javascript.tests.MozillaSuiteTest" time="0.158"/>
  <testcase name="runMozillaTest[379, js=testsrc/tests/ecma/Date/15.9.5.4-1.js, opt=-1]" classname="org.mozilla.javascript.tests.MozillaSuiteTest" time="0.033"/>
  <testcase name="runMozillaTest[380, js=testsrc/tests/ecma/Date/15.9.5.4-2-n.js, opt=-1]" classname="org.mozilla.javascript.tests.MozillaSuiteTest" time="0.021"/>
  <testcase name="runMozillaTest[381, js=testsrc/tests/ecma/Date/15.9.5.5.js, opt=-1]" classname="org.mozilla.javascript.tests.MozillaSuiteTest" time="0.864"/>
  <testcase name="runMozillaTest[382, js=testsrc/tests/ecma/Date/15.9.5.6.js, opt=-1]" classname="org.mozilla.javascript.tests.MozillaSuiteTest" time="0.882"/>
  <testcase name="runMozillaTest[383, js=testsrc/tests/ecma/Date/15.9.5.7.js, opt=-1]" classname="org.mozilla.javascript.tests.MozillaSuiteTest" time="0.176"/>
  <testcase name="runMozillaTest[384, js=testsrc/tests/ecma/Date/15.9.5.8.js, opt=-1]" classname="org.mozilla.javascript.tests.MozillaSuiteTest" time="13.491"/>
  <testcase name="runMozillaTest[385, js=testsrc/tests/ecma/Date/15.9.5.9.js, opt=-1]" classname="org.mozilla.javascript.tests.MozillaSuiteTest" time="4.725"/>
  <testcase name="runMozillaTest[386, js=testsrc/tests/ecma/Date/15.9.5.js, opt=-1]" classname="org.mozilla.javascript.tests.MozillaSuiteTest" time="0.031"/>
  <testcase name="runMozillaTest[387, js=testsrc/tests/ecma/ExecutionContexts/10.1.3-1.js, opt=-1]" classname="org.mozilla.javascript.tests.MozillaSuiteTest" time="0.019"/>
  <testcase name="runMozillaTest[388, js=testsrc/tests/ecma/ExecutionContexts/10.1.3-2.js, opt=-1]" classname="org.mozilla.javascript.tests.MozillaSuiteTest" time="0.028"/>
  <testcase name="runMozillaTest[389, js=testsrc/tests/ecma/ExecutionContexts/10.1.3.js, opt=-1]" classname="org.mozilla.javascript.tests.MozillaSuiteTest" time="0.072"/>
  <testcase name="runMozillaTest[390, js=testsrc/tests/ecma/ExecutionContexts/10.1.4-1.js, opt=-1]" classname="org.mozilla.javascript.tests.MozillaSuiteTest" time="0.061"/>
  <testcase name="runMozillaTest[391, js=testsrc/tests/ecma/ExecutionContexts/10.1.4-10.js, opt=-1]" classname="org.mozilla.javascript.tests.MozillaSuiteTest" time="0.061"/>
  <testcase name="runMozillaTest[392, js=testsrc/tests/ecma/ExecutionContexts/10.1.4-2.js, opt=-1]" classname="org.mozilla.javascript.tests.MozillaSuiteTest" time="0.048"/>
  <testcase name="runMozillaTest[393, js=testsrc/tests/ecma/ExecutionContexts/10.1.4-3.js, opt=-1]" classname="org.mozilla.javascript.tests.MozillaSuiteTest" time="0.042"/>
  <testcase name="runMozillaTest[394, js=testsrc/tests/ecma/ExecutionContexts/10.1.4-4.js, opt=-1]" classname="org.mozilla.javascript.tests.MozillaSuiteTest" time="0.06"/>
  <testcase name="runMozillaTest[395, js=testsrc/tests/ecma/ExecutionContexts/10.1.4-5.js, opt=-1]" classname="org.mozilla.javascript.tests.MozillaSuiteTest" time="0.04"/>
  <testcase name="runMozillaTest[396, js=testsrc/tests/ecma/ExecutionContexts/10.1.4-6.js, opt=-1]" classname="org.mozilla.javascript.tests.MozillaSuiteTest" time="0.058"/>
  <testcase name="runMozillaTest[397, js=testsrc/tests/ecma/ExecutionContexts/10.1.4-7.js, opt=-1]" classname="org.mozilla.javascript.tests.MozillaSuiteTest" time="0.044"/>
  <testcase name="runMozillaTest[398, js=testsrc/tests/ecma/ExecutionContexts/10.1.4-8.js, opt=-1]" classname="org.mozilla.javascript.tests.MozillaSuiteTest" time="0.055"/>
  <testcase name="runMozillaTest[399, js=testsrc/tests/ecma/ExecutionContexts/10.1.5-1.js, opt=-1]" classname="org.mozilla.javascript.tests.MozillaSuiteTest" time="0.042"/>
  <testcase name="runMozillaTest[400, js=testsrc/tests/ecma/ExecutionContexts/10.1.5-2.js, opt=-1]" classname="org.mozilla.javascript.tests.MozillaSuiteTest" time="0.032"/>
  <testcase name="runMozillaTest[401, js=testsrc/tests/ecma/ExecutionContexts/10.1.5-3.js, opt=-1]" classname="org.mozilla.javascript.tests.MozillaSuiteTest" time="0.074"/>
  <testcase name="runMozillaTest[402, js=testsrc/tests/ecma/ExecutionContexts/10.1.5-4.js, opt=-1]" classname="org.mozilla.javascript.tests.MozillaSuiteTest" time="0.026"/>
  <testcase name="runMozillaTest[403, js=testsrc/tests/ecma/ExecutionContexts/10.1.8-2.js, opt=-1]" classname="org.mozilla.javascript.tests.MozillaSuiteTest" time="0.094"/>
  <testcase name="runMozillaTest[404, js=testsrc/tests/ecma/ExecutionContexts/10.1.8-3.js, opt=-1]" classname="org.mozilla.javascript.tests.MozillaSuiteTest" time="0.069"/>
  <testcase name="runMozillaTest[405, js=testsrc/tests/ecma/ExecutionContexts/10.2.1.js, opt=-1]" classname="org.mozilla.javascript.tests.MozillaSuiteTest" time="0.095"/>
  <testcase name="runMozillaTest[406, js=testsrc/tests/ecma/ExecutionContexts/10.2.2-1.js, opt=-1]" classname="org.mozilla.javascript.tests.MozillaSuiteTest" time="0.099"/>
  <testcase name="runMozillaTest[407, js=testsrc/tests/ecma/ExecutionContexts/10.2.2-2.js, opt=-1]" classname="org.mozilla.javascript.tests.MozillaSuiteTest" time="0.115"/>
  <testcase name="runMozillaTest[408, js=testsrc/tests/ecma/ExecutionContexts/10.2.3-1.js, opt=-1]" classname="org.mozilla.javascript.tests.MozillaSuiteTest" time="0.041"/>
  <testcase name="runMozillaTest[409, js=testsrc/tests/ecma/ExecutionContexts/10.2.3-2.js, opt=-1]" classname="org.mozilla.javascript.tests.MozillaSuiteTest" time="0.032"/>
  <testcase name="runMozillaTest[410, js=testsrc/tests/ecma/Expressions/11.1.1.js, opt=-1]" classname="org.mozilla.javascript.tests.MozillaSuiteTest" time="0.059"/>
  <testcase name="runMozillaTest[411, js=testsrc/tests/ecma/Expressions/11.10-1.js, opt=-1]" classname="org.mozilla.javascript.tests.MozillaSuiteTest" time="0.231"/>
  <testcase name="runMozillaTest[412, js=testsrc/tests/ecma/Expressions/11.10-2.js, opt=-1]" classname="org.mozilla.javascript.tests.MozillaSuiteTest" time="2.386"/>
  <testcase name="runMozillaTest[413, js=testsrc/tests/ecma/Expressions/11.10-3.js, opt=-1]" classname="org.mozilla.javascript.tests.MozillaSuiteTest" time="1.819"/>
  <testcase name="runMozillaTest[414, js=testsrc/tests/ecma/Expressions/11.12-1.js, opt=-1]" classname="org.mozilla.javascript.tests.MozillaSuiteTest" time="0.036"/>
  <testcase name="runMozillaTest[415, js=testsrc/tests/ecma/Expressions/11.12-2-n.js, opt=-1]" classname="org.mozilla.javascript.tests.MozillaSuiteTest" time="0.022"/>
  <testcase name="runMozillaTest[416, js=testsrc/tests/ecma/Expressions/11.12-3.js, opt=-1]" classname="org.mozilla.javascript.tests.MozillaSuiteTest" time="0.037"/>
  <testcase name="runMozillaTest[417, js=testsrc/tests/ecma/Expressions/11.12-4.js, opt=-1]" classname="org.mozilla.javascript.tests.MozillaSuiteTest" time="0.03"/>
  <testcase name="runMozillaTest[418, js=testsrc/tests/ecma/Expressions/11.13.1.js, opt=-1]" classname="org.mozilla.javascript.tests.MozillaSuiteTest" time="0.021"/>
  <testcase name="runMozillaTest[419, js=testsrc/tests/ecma/Expressions/11.13.2-1.js, opt=-1]" classname="org.mozilla.javascript.tests.MozillaSuiteTest" time="0.088"/>
  <testcase name="runMozillaTest[420, js=testsrc/tests/ecma/Expressions/11.13.2-2.js, opt=-1]" classname="org.mozilla.javascript.tests.MozillaSuiteTest" time="0.05"/>
  <testcase name="runMozillaTest[421, js=testsrc/tests/ecma/Expressions/11.13.2-3.js, opt=-1]" classname="org.mozilla.javascript.tests.MozillaSuiteTest" time="0.073"/>
  <testcase name="runMozillaTest[422, js=testsrc/tests/ecma/Expressions/11.13.2-4.js, opt=-1]" classname="org.mozilla.javascript.tests.MozillaSuiteTest" time="0.053"/>
  <testcase name="runMozillaTest[423, js=testsrc/tests/ecma/Expressions/11.13.2-5.js, opt=-1]" classname="org.mozilla.javascript.tests.MozillaSuiteTest" time="0.066"/>
  <testcase name="runMozillaTest[424, js=testsrc/tests/ecma/Expressions/11.13.js, opt=-1]" classname="org.mozilla.javascript.tests.MozillaSuiteTest" time="0.026"/>
  <testcase name="runMozillaTest[425, js=testsrc/tests/ecma/Expressions/11.14-1.js, opt=-1]" classname="org.mozilla.javascript.tests.MozillaSuiteTest" time="0.06"/>
  <testcase name="runMozillaTest[426, js=testsrc/tests/ecma/Expressions/11.2.1-1.js, opt=-1]" classname="org.mozilla.javascript.tests.MozillaSuiteTest" time="0.134"/>
  <testcase name="runMozillaTest[427, js=testsrc/tests/ecma/Expressions/11.2.1-2.js, opt=-1]" classname="org.mozilla.javascript.tests.MozillaSuiteTest" time="0.056"/>
  <testcase name="runMozillaTest[428, js=testsrc/tests/ecma/Expressions/11.2.1-3-n.js, opt=-1]" classname="org.mozilla.javascript.tests.MozillaSuiteTest" time="0.041"/>
  <testcase name="runMozillaTest[429, js=testsrc/tests/ecma/Expressions/11.2.1-4-n.js, opt=-1]" classname="org.mozilla.javascript.tests.MozillaSuiteTest" time="0.054"/>
  <testcase name="runMozillaTest[430, js=testsrc/tests/ecma/Expressions/11.2.1-5.js, opt=-1]" classname="org.mozilla.javascript.tests.MozillaSuiteTest" time="0.052"/>
  <testcase name="runMozillaTest[431, js=testsrc/tests/ecma/Expressions/11.2.2-1-n.js, opt=-1]" classname="org.mozilla.javascript.tests.MozillaSuiteTest" time="0.073"/>
  <testcase name="runMozillaTest[432, js=testsrc/tests/ecma/Expressions/11.2.2-1.js, opt=-1]" classname="org.mozilla.javascript.tests.MozillaSuiteTest" time="0.028"/>
  <testcase name="runMozillaTest[433, js=testsrc/tests/ecma/Expressions/11.2.2-10-n.js, opt=-1]" classname="org.mozilla.javascript.tests.MozillaSuiteTest" time="0.072"/>
  <testcase name="runMozillaTest[434, js=testsrc/tests/ecma/Expressions/11.2.2-11.js, opt=-1]" classname="org.mozilla.javascript.tests.MozillaSuiteTest" time="0.036"/>
  <testcase name="runMozillaTest[435, js=testsrc/tests/ecma/Expressions/11.2.2-2-n.js, opt=-1]" classname="org.mozilla.javascript.tests.MozillaSuiteTest" time="0.07"/>
  <testcase name="runMozillaTest[436, js=testsrc/tests/ecma/Expressions/11.2.2-3-n.js, opt=-1]" classname="org.mozilla.javascript.tests.MozillaSuiteTest" time="0.03"/>
  <testcase name="runMozillaTest[437, js=testsrc/tests/ecma/Expressions/11.2.2-4-n.js, opt=-1]" classname="org.mozilla.javascript.tests.MozillaSuiteTest" time="0.064"/>
  <testcase name="runMozillaTest[438, js=testsrc/tests/ecma/Expressions/11.2.2-5-n.js, opt=-1]" classname="org.mozilla.javascript.tests.MozillaSuiteTest" time="0.026"/>
  <testcase name="runMozillaTest[439, js=testsrc/tests/ecma/Expressions/11.2.2-6-n.js, opt=-1]" classname="org.mozilla.javascript.tests.MozillaSuiteTest" time="0.053"/>
  <testcase name="runMozillaTest[440, js=testsrc/tests/ecma/Expressions/11.2.2-7-n.js, opt=-1]" classname="org.mozilla.javascript.tests.MozillaSuiteTest" time="0.045"/>
  <testcase name="runMozillaTest[441, js=testsrc/tests/ecma/Expressions/11.2.2-8-n.js, opt=-1]" classname="org.mozilla.javascript.tests.MozillaSuiteTest" time="0.055"/>
  <testcase name="runMozillaTest[442, js=testsrc/tests/ecma/Expressions/11.2.2-9-n.js, opt=-1]" classname="org.mozilla.javascript.tests.MozillaSuiteTest" time="0.044"/>
  <testcase name="runMozillaTest[443, js=testsrc/tests/ecma/Expressions/11.2.3-1.js, opt=-1]" classname="org.mozilla.javascript.tests.MozillaSuiteTest" time="0.055"/>
  <testcase name="runMozillaTest[444, js=testsrc/tests/ecma/Expressions/11.2.3-2-n.js, opt=-1]" classname="org.mozilla.javascript.tests.MozillaSuiteTest" time="0.041"/>
  <testcase name="runMozillaTest[445, js=testsrc/tests/ecma/Expressions/11.2.3-3-n.js, opt=-1]" classname="org.mozilla.javascript.tests.MozillaSuiteTest" time="0.047"/>
  <testcase name="runMozillaTest[446, js=testsrc/tests/ecma/Expressions/11.2.3-4-n.js, opt=-1]" classname="org.mozilla.javascript.tests.MozillaSuiteTest" time="0.042"/>
  <testcase name="runMozillaTest[447, js=testsrc/tests/ecma/Expressions/11.2.3-5.js, opt=-1]" classname="org.mozilla.javascript.tests.MozillaSuiteTest" time="0.079"/>
  <testcase name="runMozillaTest[448, js=testsrc/tests/ecma/Expressions/11.3.1.js, opt=-1]" classname="org.mozilla.javascript.tests.MozillaSuiteTest" time="0.061"/>
  <testcase name="runMozillaTest[449, js=testsrc/tests/ecma/Expressions/11.3.2.js, opt=-1]" classname="org.mozilla.javascript.tests.MozillaSuiteTest" time="0.062"/>
  <testcase name="runMozillaTest[450, js=testsrc/tests/ecma/Expressions/11.4.1.js, opt=-1]" classname="org.mozilla.javascript.tests.MozillaSuiteTest" time="0.106"/>
  <testcase name="runMozillaTest[451, js=testsrc/tests/ecma/Expressions/11.4.2.js, opt=-1]" classname="org.mozilla.javascript.tests.MozillaSuiteTest" time="0.071"/>
  <testcase name="runMozillaTest[452, js=testsrc/tests/ecma/Expressions/11.4.3.js, opt=-1]" classname="org.mozilla.javascript.tests.MozillaSuiteTest" time="0.1"/>
  <testcase name="runMozillaTest[453, js=testsrc/tests/ecma/Expressions/11.4.4.js, opt=-1]" classname="org.mozilla.javascript.tests.MozillaSuiteTest" time="0.094"/>
  <testcase name="runMozillaTest[454, js=testsrc/tests/ecma/Expressions/11.4.5.js, opt=-1]" classname="org.mozilla.javascript.tests.MozillaSuiteTest" time="0.1"/>
  <testcase name="runMozillaTest[455, js=testsrc/tests/ecma/Expressions/11.4.6.js, opt=-1]" classname="org.mozilla.javascript.tests.MozillaSuiteTest" time="0.162"/>
  <testcase name="runMozillaTest[456, js=testsrc/tests/ecma/Expressions/11.4.7-01.js, opt=-1]" classname="org.mozilla.javascript.tests.MozillaSuiteTest" time="0.158"/>
  <testcase name="runMozillaTest[457, js=testsrc/tests/ecma/Expressions/11.4.7-02.js, opt=-1]" classname="org.mozilla.javascript.tests.MozillaSuiteTest" time="0.076"/>
  <testcase name="runMozillaTest[458, js=testsrc/tests/ecma/Expressions/11.4.8.js, opt=-1]" classname="org.mozilla.javascript.tests.MozillaSuiteTest" time="0.301"/>
  <testcase name="runMozillaTest[459, js=testsrc/tests/ecma/Expressions/11.4.9.js, opt=-1]" classname="org.mozilla.javascript.tests.MozillaSuiteTest" time="0.079"/>
  <testcase name="runMozillaTest[460, js=testsrc/tests/ecma/Expressions/11.5.1.js, opt=-1]" classname="org.mozilla.javascript.tests.MozillaSuiteTest" time="0.088"/>
  <testcase name="runMozillaTest[461, js=testsrc/tests/ecma/Expressions/11.5.2.js, opt=-1]" classname="org.mozilla.javascript.tests.MozillaSuiteTest" time="0.068"/>
  <testcase name="runMozillaTest[462, js=testsrc/tests/ecma/Expressions/11.5.3.js, opt=-1]" classname="org.mozilla.javascript.tests.MozillaSuiteTest" time="0.078"/>
  <testcase name="runMozillaTest[463, js=testsrc/tests/ecma/Expressions/11.6.1-1.js, opt=-1]" classname="org.mozilla.javascript.tests.MozillaSuiteTest" time="0.085"/>
  <testcase name="runMozillaTest[464, js=testsrc/tests/ecma/Expressions/11.6.1-2.js, opt=-1]" classname="org.mozilla.javascript.tests.MozillaSuiteTest" time="0.027"/>
  <testcase name="runMozillaTest[465, js=testsrc/tests/ecma/Expressions/11.6.1-3.js, opt=-1]" classname="org.mozilla.javascript.tests.MozillaSuiteTest" time="0.063"/>
  <testcase name="runMozillaTest[466, js=testsrc/tests/ecma/Expressions/11.6.2-1.js, opt=-1]" classname="org.mozilla.javascript.tests.MozillaSuiteTest" time="0.038"/>
  <testcase name="runMozillaTest[467, js=testsrc/tests/ecma/Expressions/11.6.3.js, opt=-1]" classname="org.mozilla.javascript.tests.MozillaSuiteTest" time="0.056"/>
  <testcase name="runMozillaTest[468, js=testsrc/tests/ecma/Expressions/11.7.1.js, opt=-1]" classname="org.mozilla.javascript.tests.MozillaSuiteTest" time="2.288"/>
  <testcase name="runMozillaTest[469, js=testsrc/tests/ecma/Expressions/11.7.2.js, opt=-1]" classname="org.mozilla.javascript.tests.MozillaSuiteTest" time="3.14"/>
  <testcase name="runMozillaTest[470, js=testsrc/tests/ecma/Expressions/11.7.3.js, opt=-1]" classname="org.mozilla.javascript.tests.MozillaSuiteTest" time="1.421"/>
  <testcase name="runMozillaTest[471, js=testsrc/tests/ecma/Expressions/11.8.1.js, opt=-1]" classname="org.mozilla.javascript.tests.MozillaSuiteTest" time="0.049"/>
  <testcase name="runMozillaTest[472, js=testsrc/tests/ecma/Expressions/11.8.2.js, opt=-1]" classname="org.mozilla.javascript.tests.MozillaSuiteTest" time="0.067"/>
  <testcase name="runMozillaTest[473, js=testsrc/tests/ecma/Expressions/11.8.3.js, opt=-1]" classname="org.mozilla.javascript.tests.MozillaSuiteTest" time="0.049"/>
  <testcase name="runMozillaTest[474, js=testsrc/tests/ecma/Expressions/11.8.4.js, opt=-1]" classname="org.mozilla.javascript.tests.MozillaSuiteTest" time="0.053"/>
  <testcase name="runMozillaTest[475, js=testsrc/tests/ecma/Expressions/11.9.1.js, opt=-1]" classname="org.mozilla.javascript.tests.MozillaSuiteTest" time="0.059"/>
  <testcase name="runMozillaTest[476, js=testsrc/tests/ecma/Expressions/11.9.2.js, opt=-1]" classname="org.mozilla.javascript.tests.MozillaSuiteTest" time="0.058"/>
  <testcase name="runMozillaTest[477, js=testsrc/tests/ecma/Expressions/11.9.3.js, opt=-1]" classname="org.mozilla.javascript.tests.MozillaSuiteTest" time="0.057"/>
  <testcase name="runMozillaTest[478, js=testsrc/tests/ecma/FunctionObjects/15.3.1.1-1.js, opt=-1]" classname="org.mozilla.javascript.tests.MozillaSuiteTest" time="0.064"/>
  <testcase name="runMozillaTest[479, js=testsrc/tests/ecma/FunctionObjects/15.3.1.1-2.js, opt=-1]" classname="org.mozilla.javascript.tests.MozillaSuiteTest" time="0.03"/>
  <testcase name="runMozillaTest[480, js=testsrc/tests/ecma/FunctionObjects/15.3.1.1-3.js, opt=-1]" classname="org.mozilla.javascript.tests.MozillaSuiteTest" time="0.648"/>
  <testcase name="runMozillaTest[481, js=testsrc/tests/ecma/FunctionObjects/15.3.2.1-1.js, opt=-1]" classname="org.mozilla.javascript.tests.MozillaSuiteTest" time="0.053"/>
  <testcase name="runMozillaTest[482, js=testsrc/tests/ecma/FunctionObjects/15.3.2.1-2.js, opt=-1]" classname="org.mozilla.javascript.tests.MozillaSuiteTest" time="0.061"/>
  <testcase name="runMozillaTest[483, js=testsrc/tests/ecma/FunctionObjects/15.3.2.1-3.js, opt=-1]" classname="org.mozilla.javascript.tests.MozillaSuiteTest" time="0.367"/>
  <testcase name="runMozillaTest[484, js=testsrc/tests/ecma/FunctionObjects/15.3.3.1-2.js, opt=-1]" classname="org.mozilla.javascript.tests.MozillaSuiteTest" time="0.058"/>
  <testcase name="runMozillaTest[485, js=testsrc/tests/ecma/FunctionObjects/15.3.3.1-3.js, opt=-1]" classname="org.mozilla.javascript.tests.MozillaSuiteTest" time="0.043"/>
  <testcase name="runMozillaTest[486, js=testsrc/tests/ecma/FunctionObjects/15.3.3.1-4.js, opt=-1]" classname="org.mozilla.javascript.tests.MozillaSuiteTest" time="0.051"/>
  <testcase name="runMozillaTest[487, js=testsrc/tests/ecma/FunctionObjects/15.3.3.2.js, opt=-1]" classname="org.mozilla.javascript.tests.MozillaSuiteTest" time="0.046"/>
  <testcase name="runMozillaTest[488, js=testsrc/tests/ecma/FunctionObjects/15.3.4-1.js, opt=-1]" classname="org.mozilla.javascript.tests.MozillaSuiteTest" time="0.041"/>
  <testcase name="runMozillaTest[489, js=testsrc/tests/ecma/FunctionObjects/15.3.4.1.js, opt=-1]" classname="org.mozilla.javascript.tests.MozillaSuiteTest" time="0.039"/>
  <testcase name="runMozillaTest[490, js=testsrc/tests/ecma/FunctionObjects/15.3.4.js, opt=-1]" classname="org.mozilla.javascript.tests.MozillaSuiteTest" time="0.068"/>
  <testcase name="runMozillaTest[491, js=testsrc/tests/ecma/FunctionObjects/15.3.5-1.js, opt=-1]" classname="org.mozilla.javascript.tests.MozillaSuiteTest" time="0.35"/>
  <testcase name="runMozillaTest[492, js=testsrc/tests/ecma/FunctionObjects/15.3.5-2.js, opt=-1]" classname="org.mozilla.javascript.tests.MozillaSuiteTest" time="0.041"/>
  <testcase name="runMozillaTest[493, js=testsrc/tests/ecma/FunctionObjects/15.3.5.1.js, opt=-1]" classname="org.mozilla.javascript.tests.MozillaSuiteTest" time="0.044"/>
  <testcase name="runMozillaTest[494, js=testsrc/tests/ecma/FunctionObjects/15.3.5.3.js, opt=-1]" classname="org.mozilla.javascript.tests.MozillaSuiteTest" time="0.046"/>
  <testcase name="runMozillaTest[495, js=testsrc/tests/ecma/GlobalObject/15.1-1-n.js, opt=-1]" classname="org.mozilla.javascript.tests.MozillaSuiteTest" time="0.036"/>
  <testcase name="runMozillaTest[496, js=testsrc/tests/ecma/GlobalObject/15.1-2-n.js, opt=-1]" classname="org.mozilla.javascript.tests.MozillaSuiteTest" time="0.064"/>
  <testcase name="runMozillaTest[497, js=testsrc/tests/ecma/GlobalObject/15.1.1.1.js, opt=-1]" classname="org.mozilla.javascript.tests.MozillaSuiteTest" time="0.034"/>
  <testcase name="runMozillaTest[498, js=testsrc/tests/ecma/GlobalObject/15.1.1.2.js, opt=-1]" classname="org.mozilla.javascript.tests.MozillaSuiteTest" time="0.056"/>
  <testcase name="runMozillaTest[499, js=testsrc/tests/ecma/GlobalObject/15.1.2.1-2.js, opt=-1]" classname="org.mozilla.javascript.tests.MozillaSuiteTest" time="0.037"/>
  <testcase name="runMozillaTest[500, js=testsrc/tests/ecma/GlobalObject/15.1.2.2-2.js, opt=-1]" classname="org.mozilla.javascript.tests.MozillaSuiteTest" time="0.061"/>
  <testcase name="runMozillaTest[501, js=testsrc/tests/ecma/GlobalObject/15.1.2.3-2.js, opt=-1]" classname="org.mozilla.javascript.tests.MozillaSuiteTest" time="0.132"/>
  <testcase name="runMozillaTest[502, js=testsrc/tests/ecma/GlobalObject/15.1.2.5-2.js, opt=-1]" classname="org.mozilla.javascript.tests.MozillaSuiteTest" time="0.113"/>
  <testcase name="runMozillaTest[503, js=testsrc/tests/ecma/GlobalObject/15.1.2.5-3.js, opt=-1]" classname="org.mozilla.javascript.tests.MozillaSuiteTest" time="0.405"/>
  <testcase name="runMozillaTest[504, js=testsrc/tests/ecma/LexicalConventions/7.1-1.js, opt=-1]" classname="org.mozilla.javascript.tests.MozillaSuiteTest" time="0.064"/>
  <testcase name="runMozillaTest[505, js=testsrc/tests/ecma/LexicalConventions/7.1-2.js, opt=-1]" classname="org.mozilla.javascript.tests.MozillaSuiteTest" time="0.05"/>
  <testcase name="runMozillaTest[506, js=testsrc/tests/ecma/LexicalConventions/7.1-3.js, opt=-1]" classname="org.mozilla.javascript.tests.MozillaSuiteTest" time="0.065"/>
  <testcase name="runMozillaTest[507, js=testsrc/tests/ecma/LexicalConventions/7.2-1.js, opt=-1]" classname="org.mozilla.javascript.tests.MozillaSuiteTest" time="0.062"/>
  <testcase name="runMozillaTest[508, js=testsrc/tests/ecma/LexicalConventions/7.2-2-n.js, opt=-1]" classname="org.mozilla.javascript.tests.MozillaSuiteTest" time="0.049"/>
  <testcase name="runMozillaTest[509, js=testsrc/tests/ecma/LexicalConventions/7.2-3-n.js, opt=-1]" classname="org.mozilla.javascript.tests.MozillaSuiteTest" time="0.063"/>
  <testcase name="runMozillaTest[510, js=testsrc/tests/ecma/LexicalConventions/7.2-4-n.js, opt=-1]" classname="org.mozilla.javascript.tests.MozillaSuiteTest" time="0.044"/>
  <testcase name="runMozillaTest[511, js=testsrc/tests/ecma/LexicalConventions/7.2-5-n.js, opt=-1]" classname="org.mozilla.javascript.tests.MozillaSuiteTest" time="0.065"/>
  <testcase name="runMozillaTest[512, js=testsrc/tests/ecma/LexicalConventions/7.2-6.js, opt=-1]" classname="org.mozilla.javascript.tests.MozillaSuiteTest" time="0.047"/>
  <testcase name="runMozillaTest[513, js=testsrc/tests/ecma/LexicalConventions/7.3-1.js, opt=-1]" classname="org.mozilla.javascript.tests.MozillaSuiteTest" time="0.054"/>
  <testcase name="runMozillaTest[514, js=testsrc/tests/ecma/LexicalConventions/7.3-10.js, opt=-1]" classname="org.mozilla.javascript.tests.MozillaSuiteTest" time="0.036"/>
  <testcase name="runMozillaTest[515, js=testsrc/tests/ecma/LexicalConventions/7.3-11.js, opt=-1]" classname="org.mozilla.javascript.tests.MozillaSuiteTest" time="0.063"/>
  <testcase name="runMozillaTest[516, js=testsrc/tests/ecma/LexicalConventions/7.3-12.js, opt=-1]" classname="org.mozilla.javascript.tests.MozillaSuiteTest" time="0.033"/>
  <testcase name="runMozillaTest[517, js=testsrc/tests/ecma/LexicalConventions/7.3-13-n.js, opt=-1]" classname="org.mozilla.javascript.tests.MozillaSuiteTest" time="0.039"/>
  <testcase name="runMozillaTest[518, js=testsrc/tests/ecma/LexicalConventions/7.3-2.js, opt=-1]" classname="org.mozilla.javascript.tests.MozillaSuiteTest" time="0.019"/>
  <testcase name="runMozillaTest[519, js=testsrc/tests/ecma/LexicalConventions/7.3-3.js, opt=-1]" classname="org.mozilla.javascript.tests.MozillaSuiteTest" time="0.057"/>
  <testcase name="runMozillaTest[520, js=testsrc/tests/ecma/LexicalConventions/7.3-4.js, opt=-1]" classname="org.mozilla.javascript.tests.MozillaSuiteTest" time="0.054"/>
  <testcase name="runMozillaTest[521, js=testsrc/tests/ecma/LexicalConventions/7.3-5.js, opt=-1]" classname="org.mozilla.javascript.tests.MozillaSuiteTest" time="0.036"/>
  <testcase name="runMozillaTest[522, js=testsrc/tests/ecma/LexicalConventions/7.3-6.js, opt=-1]" classname="org.mozilla.javascript.tests.MozillaSuiteTest" time="0.055"/>
  <testcase name="runMozillaTest[523, js=testsrc/tests/ecma/LexicalConventions/7.3-7.js, opt=-1]" classname="org.mozilla.javascript.tests.MozillaSuiteTest" time="0.04"/>
  <testcase name="runMozillaTest[524, js=testsrc/tests/ecma/LexicalConventions/7.3-8.js, opt=-1]" classname="org.mozilla.javascript.tests.MozillaSuiteTest" time="0.057"/>
  <testcase name="runMozillaTest[525, js=testsrc/tests/ecma/LexicalConventions/7.3-9.js, opt=-1]" classname="org.mozilla.javascript.tests.MozillaSuiteTest" time="0.039"/>
  <testcase name="runMozillaTest[526, js=testsrc/tests/ecma/LexicalConventions/7.4.1-1-n.js, opt=-1]" classname="org.mozilla.javascript.tests.MozillaSuiteTest" time="0.049"/>
  <testcase name="runMozillaTest[527, js=testsrc/tests/ecma/LexicalConventions/7.4.1-2-n.js, opt=-1]" classname="org.mozilla.javascript.tests.MozillaSuiteTest" time="0.041"/>
  <testcase name="runMozillaTest[528, js=testsrc/tests/ecma/LexicalConventions/7.4.1-3-n.js, opt=-1]" classname="org.mozilla.javascript.tests.MozillaSuiteTest" time="0.057"/>
  <testcase name="runMozillaTest[529, js=testsrc/tests/ecma/LexicalConventions/7.4.2-1-n.js, opt=-1]" classname="org.mozilla.javascript.tests.MozillaSuiteTest" time="0.045"/>
  <testcase name="runMozillaTest[530, js=testsrc/tests/ecma/LexicalConventions/7.4.2-10-n.js, opt=-1]" classname="org.mozilla.javascript.tests.MozillaSuiteTest" time="0.025"/>
  <testcase name="runMozillaTest[531, js=testsrc/tests/ecma/LexicalConventions/7.4.2-11-n.js, opt=-1]" classname="org.mozilla.javascript.tests.MozillaSuiteTest" time="0.063"/>
  <testcase name="runMozillaTest[532, js=testsrc/tests/ecma/LexicalConventions/7.4.2-12-n.js, opt=-1]" classname="org.mozilla.javascript.tests.MozillaSuiteTest" time="0.024"/>
  <testcase name="runMozillaTest[533, js=testsrc/tests/ecma/LexicalConventions/7.4.2-13-n.js, opt=-1]" classname="org.mozilla.javascript.tests.MozillaSuiteTest" time="0.055"/>
  <testcase name="runMozillaTest[534, js=testsrc/tests/ecma/LexicalConventions/7.4.2-14-n.js, opt=-1]" classname="org.mozilla.javascript.tests.MozillaSuiteTest" time="0.036"/>
  <testcase name="runMozillaTest[535, js=testsrc/tests/ecma/LexicalConventions/7.4.2-15-n.js, opt=-1]" classname="org.mozilla.javascript.tests.MozillaSuiteTest" time="0.052"/>
  <testcase name="runMozillaTest[536, js=testsrc/tests/ecma/LexicalConventions/7.4.2-16-n.js, opt=-1]" classname="org.mozilla.javascript.tests.MozillaSuiteTest" time="0.04"/>
  <testcase name="runMozillaTest[537, js=testsrc/tests/ecma/LexicalConventions/7.4.2-2-n.js, opt=-1]" classname="org.mozilla.javascript.tests.MozillaSuiteTest" time="0.057"/>
  <testcase name="runMozillaTest[538, js=testsrc/tests/ecma/LexicalConventions/7.4.2-3-n.js, opt=-1]" classname="org.mozilla.javascript.tests.MozillaSuiteTest" time="0.033"/>
  <testcase name="runMozillaTest[539, js=testsrc/tests/ecma/LexicalConventions/7.4.2-4-n.js, opt=-1]" classname="org.mozilla.javascript.tests.MozillaSuiteTest" time="0.051"/>
  <testcase name="runMozillaTest[540, js=testsrc/tests/ecma/LexicalConventions/7.4.2-5-n.js, opt=-1]" classname="org.mozilla.javascript.tests.MozillaSuiteTest" time="0.051"/>
  <testcase name="runMozillaTest[541, js=testsrc/tests/ecma/LexicalConventions/7.4.2-6-n.js, opt=-1]" classname="org.mozilla.javascript.tests.MozillaSuiteTest" time="0.057"/>
  <testcase name="runMozillaTest[542, js=testsrc/tests/ecma/LexicalConventions/7.4.2-7-n.js, opt=-1]" classname="org.mozilla.javascript.tests.MozillaSuiteTest" time="0.058"/>
  <testcase name="runMozillaTest[543, js=testsrc/tests/ecma/LexicalConventions/7.4.2-8-n.js, opt=-1]" classname="org.mozilla.javascript.tests.MozillaSuiteTest" time="0.045"/>
  <testcase name="runMozillaTest[544, js=testsrc/tests/ecma/LexicalConventions/7.4.2-9-n.js, opt=-1]" classname="org.mozilla.javascript.tests.MozillaSuiteTest" time="0.032"/>
  <testcase name="runMozillaTest[545, js=testsrc/tests/ecma/LexicalConventions/7.4.3-1-n.js, opt=-1]" classname="org.mozilla.javascript.tests.MozillaSuiteTest" time="0.023"/>
  <testcase name="runMozillaTest[546, js=testsrc/tests/ecma/LexicalConventions/7.4.3-10-n.js, opt=-1]" classname="org.mozilla.javascript.tests.MozillaSuiteTest" time="0.053"/>
  <testcase name="runMozillaTest[547, js=testsrc/tests/ecma/LexicalConventions/7.4.3-11-n.js, opt=-1]" classname="org.mozilla.javascript.tests.MozillaSuiteTest" time="0.023"/>
  <testcase name="runMozillaTest[548, js=testsrc/tests/ecma/LexicalConventions/7.4.3-12-n.js, opt=-1]" classname="org.mozilla.javascript.tests.MozillaSuiteTest" time="0.021"/>
  <testcase name="runMozillaTest[549, js=testsrc/tests/ecma/LexicalConventions/7.4.3-13-n.js, opt=-1]" classname="org.mozilla.javascript.tests.MozillaSuiteTest" time="0.036"/>
  <testcase name="runMozillaTest[550, js=testsrc/tests/ecma/LexicalConventions/7.4.3-14-n.js, opt=-1]" classname="org.mozilla.javascript.tests.MozillaSuiteTest" time="0.041"/>
  <testcase name="runMozillaTest[551, js=testsrc/tests/ecma/LexicalConventions/7.4.3-15-n.js, opt=-1]" classname="org.mozilla.javascript.tests.MozillaSuiteTest" time="0.034"/>
  <testcase name="runMozillaTest[552, js=testsrc/tests/ecma/LexicalConventions/7.4.3-16-n.js, opt=-1]" classname="org.mozilla.javascript.tests.MozillaSuiteTest" time="0.031"/>
  <testcase name="runMozillaTest[553, js=testsrc/tests/ecma/LexicalConventions/7.4.3-2-n.js, opt=-1]" classname="org.mozilla.javascript.tests.MozillaSuiteTest" time="0.024"/>
  <testcase name="runMozillaTest[554, js=testsrc/tests/ecma/LexicalConventions/7.4.3-3-n.js, opt=-1]" classname="org.mozilla.javascript.tests.MozillaSuiteTest" time="0.021"/>
  <testcase name="runMozillaTest[555, js=testsrc/tests/ecma/LexicalConventions/7.4.3-4-n.js, opt=-1]" classname="org.mozilla.javascript.tests.MozillaSuiteTest" time="0.058"/>
  <testcase name="runMozillaTest[556, js=testsrc/tests/ecma/LexicalConventions/7.4.3-5-n.js, opt=-1]" classname="org.mozilla.javascript.tests.MozillaSuiteTest" time="0.024"/>
  <testcase name="runMozillaTest[557, js=testsrc/tests/ecma/LexicalConventions/7.4.3-6-n.js, opt=-1]" classname="org.mozilla.javascript.tests.MozillaSuiteTest" time="0.028"/>
  <testcase name="runMozillaTest[558, js=testsrc/tests/ecma/LexicalConventions/7.4.3-7-n.js, opt=-1]" classname="org.mozilla.javascript.tests.MozillaSuiteTest" time="0.075"/>
  <testcase name="runMozillaTest[559, js=testsrc/tests/ecma/LexicalConventions/7.4.3-8-n.js, opt=-1]" classname="org.mozilla.javascript.tests.MozillaSuiteTest" time="0.039"/>
  <testcase name="runMozillaTest[560, js=testsrc/tests/ecma/LexicalConventions/7.4.3-9-n.js, opt=-1]" classname="org.mozilla.javascript.tests.MozillaSuiteTest" time="0.054"/>
  <testcase name="runMozillaTest[561, js=testsrc/tests/ecma/LexicalConventions/7.5-1.js, opt=-1]" classname="org.mozilla.javascript.tests.MozillaSuiteTest" time="0.022"/>
  <testcase name="runMozillaTest[562, js=testsrc/tests/ecma/LexicalConventions/7.5-10-n.js, opt=-1]" classname="org.mozilla.javascript.tests.MozillaSuiteTest" time="0.012"/>
  <testcase name="runMozillaTest[563, js=testsrc/tests/ecma/LexicalConventions/7.5-2-n.js, opt=-1]" classname="org.mozilla.javascript.tests.MozillaSuiteTest" time="0.042"/>
  <testcase name="runMozillaTest[564, js=testsrc/tests/ecma/LexicalConventions/7.5-3-n.js, opt=-1]" classname="org.mozilla.javascript.tests.MozillaSuiteTest" time="0.04"/>
  <testcase name="runMozillaTest[565, js=testsrc/tests/ecma/LexicalConventions/7.5-4-n.js, opt=-1]" classname="org.mozilla.javascript.tests.MozillaSuiteTest" time="0.038"/>
  <testcase name="runMozillaTest[566, js=testsrc/tests/ecma/LexicalConventions/7.5-5-n.js, opt=-1]" classname="org.mozilla.javascript.tests.MozillaSuiteTest" time="0.066"/>
  <testcase name="runMozillaTest[567, js=testsrc/tests/ecma/LexicalConventions/7.5-6.js, opt=-1]" classname="org.mozilla.javascript.tests.MozillaSuiteTest" time="0.033"/>
  <testcase name="runMozillaTest[568, js=testsrc/tests/ecma/LexicalConventions/7.5-7.js, opt=-1]" classname="org.mozilla.javascript.tests.MozillaSuiteTest" time="0.054"/>
  <testcase name="runMozillaTest[569, js=testsrc/tests/ecma/LexicalConventions/7.5-8-n.js, opt=-1]" classname="org.mozilla.javascript.tests.MozillaSuiteTest" time="0.037"/>
  <testcase name="runMozillaTest[570, js=testsrc/tests/ecma/LexicalConventions/7.5-9-n.js, opt=-1]" classname="org.mozilla.javascript.tests.MozillaSuiteTest" time="0.052"/>
  <testcase name="runMozillaTest[571, js=testsrc/tests/ecma/LexicalConventions/7.6.js, opt=-1]" classname="org.mozilla.javascript.tests.MozillaSuiteTest" time="0.072"/>
  <testcase name="runMozillaTest[572, js=testsrc/tests/ecma/LexicalConventions/7.7.1.js, opt=-1]" classname="org.mozilla.javascript.tests.MozillaSuiteTest" time="0.048"/>
  <testcase name="runMozillaTest[573, js=testsrc/tests/ecma/LexicalConventions/7.7.2.js, opt=-1]" classname="org.mozilla.javascript.tests.MozillaSuiteTest" time="0.033"/>
  <testcase name="runMozillaTest[574, js=testsrc/tests/ecma/LexicalConventions/7.7.3-1.js, opt=-1]" classname="org.mozilla.javascript.tests.MozillaSuiteTest" time="0.047"/>
  <testcase name="runMozillaTest[575, js=testsrc/tests/ecma/LexicalConventions/7.7.3-2.js, opt=-1]" classname="org.mozilla.javascript.tests.MozillaSuiteTest" time="0.049"/>
  <testcase name="runMozillaTest[576, js=testsrc/tests/ecma/LexicalConventions/7.7.3.js, opt=-1]" classname="org.mozilla.javascript.tests.MozillaSuiteTest" time="0.093"/>
  <testcase name="runMozillaTest[577, js=testsrc/tests/ecma/LexicalConventions/7.7.4.js, opt=-1]" classname="org.mozilla.javascript.tests.MozillaSuiteTest" time="0.077"/>
  <testcase name="runMozillaTest[578, js=testsrc/tests/ecma/LexicalConventions/7.8.2-n.js, opt=-1]" classname="org.mozilla.javascript.tests.MozillaSuiteTest" time="0.033"/>
  <testcase name="runMozillaTest[579, js=testsrc/tests/ecma/Math/15.8-2-n.js, opt=-1]" classname="org.mozilla.javascript.tests.MozillaSuiteTest" time="0.046"/>
  <testcase name="runMozillaTest[580, js=testsrc/tests/ecma/Math/15.8-3-n.js, opt=-1]" classname="org.mozilla.javascript.tests.MozillaSuiteTest" time="0.035"/>
  <testcase name="runMozillaTest[581, js=testsrc/tests/ecma/Math/15.8.1.1-1.js, opt=-1]" classname="org.mozilla.javascript.tests.MozillaSuiteTest" time="0.063"/>
  <testcase name="runMozillaTest[582, js=testsrc/tests/ecma/Math/15.8.1.1-2.js, opt=-1]" classname="org.mozilla.javascript.tests.MozillaSuiteTest" time="0.037"/>
  <testcase name="runMozillaTest[583, js=testsrc/tests/ecma/Math/15.8.1.2-1.js, opt=-1]" classname="org.mozilla.javascript.tests.MozillaSuiteTest" time="0.036"/>
  <testcase name="runMozillaTest[584, js=testsrc/tests/ecma/Math/15.8.1.2-2.js, opt=-1]" classname="org.mozilla.javascript.tests.MozillaSuiteTest" time="0.063"/>
  <testcase name="runMozillaTest[585, js=testsrc/tests/ecma/Math/15.8.1.3-1.js, opt=-1]" classname="org.mozilla.javascript.tests.MozillaSuiteTest" time="0.054"/>
  <testcase name="runMozillaTest[586, js=testsrc/tests/ecma/Math/15.8.1.3-2.js, opt=-1]" classname="org.mozilla.javascript.tests.MozillaSuiteTest" time="0.041"/>
  <testcase name="runMozillaTest[587, js=testsrc/tests/ecma/Math/15.8.1.4-1.js, opt=-1]" classname="org.mozilla.javascript.tests.MozillaSuiteTest" time="0.056"/>
  <testcase name="runMozillaTest[588, js=testsrc/tests/ecma/Math/15.8.1.4-2.js, opt=-1]" classname="org.mozilla.javascript.tests.MozillaSuiteTest" time="0.039"/>
  <testcase name="runMozillaTest[589, js=testsrc/tests/ecma/Math/15.8.1.5-1.js, opt=-1]" classname="org.mozilla.javascript.tests.MozillaSuiteTest" time="0.042"/>
  <testcase name="runMozillaTest[590, js=testsrc/tests/ecma/Math/15.8.1.5-2.js, opt=-1]" classname="org.mozilla.javascript.tests.MozillaSuiteTest" time="0.04"/>
  <testcase name="runMozillaTest[591, js=testsrc/tests/ecma/Math/15.8.1.6-1.js, opt=-1]" classname="org.mozilla.javascript.tests.MozillaSuiteTest" time="0.025"/>
  <testcase name="runMozillaTest[592, js=testsrc/tests/ecma/Math/15.8.1.6-2.js, opt=-1]" classname="org.mozilla.javascript.tests.MozillaSuiteTest" time="0.014"/>
  <testcase name="runMozillaTest[593, js=testsrc/tests/ecma/Math/15.8.1.7-1.js, opt=-1]" classname="org.mozilla.javascript.tests.MozillaSuiteTest" time="0.046"/>
  <testcase name="runMozillaTest[594, js=testsrc/tests/ecma/Math/15.8.1.7-2.js, opt=-1]" classname="org.mozilla.javascript.tests.MozillaSuiteTest" time="0.035"/>
  <testcase name="runMozillaTest[595, js=testsrc/tests/ecma/Math/15.8.1.8-1.js, opt=-1]" classname="org.mozilla.javascript.tests.MozillaSuiteTest" time="0.034"/>
  <testcase name="runMozillaTest[596, js=testsrc/tests/ecma/Math/15.8.1.8-2.js, opt=-1]" classname="org.mozilla.javascript.tests.MozillaSuiteTest" time="0.052"/>
  <testcase name="runMozillaTest[597, js=testsrc/tests/ecma/Math/15.8.1.8-3.js, opt=-1]" classname="org.mozilla.javascript.tests.MozillaSuiteTest" time="0.049"/>
  <testcase name="runMozillaTest[598, js=testsrc/tests/ecma/Math/15.8.1.js, opt=-1]" classname="org.mozilla.javascript.tests.MozillaSuiteTest" time="0.053"/>
  <testcase name="runMozillaTest[599, js=testsrc/tests/ecma/Math/15.8.2.1.js, opt=-1]" classname="org.mozilla.javascript.tests.MozillaSuiteTest" time="0.068"/>
  <testcase name="runMozillaTest[600, js=testsrc/tests/ecma/Math/15.8.2.10.js, opt=-1]" classname="org.mozilla.javascript.tests.MozillaSuiteTest" time="0.037"/>
  <testcase name="runMozillaTest[601, js=testsrc/tests/ecma/Math/15.8.2.11.js, opt=-1]" classname="org.mozilla.javascript.tests.MozillaSuiteTest" time="0.049"/>
  <testcase name="runMozillaTest[602, js=testsrc/tests/ecma/Math/15.8.2.12.js, opt=-1]" classname="org.mozilla.javascript.tests.MozillaSuiteTest" time="0.051"/>
  <testcase name="runMozillaTest[603, js=testsrc/tests/ecma/Math/15.8.2.13.js, opt=-1]" classname="org.mozilla.javascript.tests.MozillaSuiteTest" time="0.056"/>
  <testcase name="runMozillaTest[604, js=testsrc/tests/ecma/Math/15.8.2.14.js, opt=-1]" classname="org.mozilla.javascript.tests.MozillaSuiteTest" time="0.054"/>
  <testcase name="runMozillaTest[605, js=testsrc/tests/ecma/Math/15.8.2.15.js, opt=-1]" classname="org.mozilla.javascript.tests.MozillaSuiteTest" time="0.061"/>
  <testcase name="runMozillaTest[606, js=testsrc/tests/ecma/Math/15.8.2.16.js, opt=-1]" classname="org.mozilla.javascript.tests.MozillaSuiteTest" time="0.036"/>
  <testcase name="runMozillaTest[607, js=testsrc/tests/ecma/Math/15.8.2.17.js, opt=-1]" classname="org.mozilla.javascript.tests.MozillaSuiteTest" time="0.065"/>
  <testcase name="runMozillaTest[608, js=testsrc/tests/ecma/Math/15.8.2.18.js, opt=-1]" classname="org.mozilla.javascript.tests.MozillaSuiteTest" time="0.041"/>
  <testcase name="runMozillaTest[609, js=testsrc/tests/ecma/Math/15.8.2.2.js, opt=-1]" classname="org.mozilla.javascript.tests.MozillaSuiteTest" time="0.058"/>
  <testcase name="runMozillaTest[610, js=testsrc/tests/ecma/Math/15.8.2.3.js, opt=-1]" classname="org.mozilla.javascript.tests.MozillaSuiteTest" time="0.039"/>
  <testcase name="runMozillaTest[611, js=testsrc/tests/ecma/Math/15.8.2.4.js, opt=-1]" classname="org.mozilla.javascript.tests.MozillaSuiteTest" time="0.056"/>
  <testcase name="runMozillaTest[612, js=testsrc/tests/ecma/Math/15.8.2.5.js, opt=-1]" classname="org.mozilla.javascript.tests.MozillaSuiteTest" time="0.023"/>
  <testcase name="runMozillaTest[613, js=testsrc/tests/ecma/Math/15.8.2.6.js, opt=-1]" classname="org.mozilla.javascript.tests.MozillaSuiteTest" time="0.026"/>
  <testcase name="runMozillaTest[614, js=testsrc/tests/ecma/Math/15.8.2.7.js, opt=-1]" classname="org.mozilla.javascript.tests.MozillaSuiteTest" time="0.068"/>
  <testcase name="runMozillaTest[615, js=testsrc/tests/ecma/Math/15.8.2.8.js, opt=-1]" classname="org.mozilla.javascript.tests.MozillaSuiteTest" time="0.043"/>
  <testcase name="runMozillaTest[616, js=testsrc/tests/ecma/Math/15.8.2.9.js, opt=-1]" classname="org.mozilla.javascript.tests.MozillaSuiteTest" time="0.065"/>
  <testcase name="runMozillaTest[617, js=testsrc/tests/ecma/Number/15.7.1.js, opt=-1]" classname="org.mozilla.javascript.tests.MozillaSuiteTest" time="0.024"/>
  <testcase name="runMozillaTest[618, js=testsrc/tests/ecma/Number/15.7.2.js, opt=-1]" classname="org.mozilla.javascript.tests.MozillaSuiteTest" time="0.036"/>
  <testcase name="runMozillaTest[619, js=testsrc/tests/ecma/Number/15.7.3.1-1.js, opt=-1]" classname="org.mozilla.javascript.tests.MozillaSuiteTest" time="0.021"/>
  <testcase name="runMozillaTest[620, js=testsrc/tests/ecma/Number/15.7.3.1-2.js, opt=-1]" classname="org.mozilla.javascript.tests.MozillaSuiteTest" time="0.021"/>
  <testcase name="runMozillaTest[621, js=testsrc/tests/ecma/Number/15.7.3.1-3.js, opt=-1]" classname="org.mozilla.javascript.tests.MozillaSuiteTest" time="0.017"/>
  <testcase name="runMozillaTest[622, js=testsrc/tests/ecma/Number/15.7.3.2-1.js, opt=-1]" classname="org.mozilla.javascript.tests.MozillaSuiteTest" time="0.03"/>
  <testcase name="runMozillaTest[623, js=testsrc/tests/ecma/Number/15.7.3.2-2.js, opt=-1]" classname="org.mozilla.javascript.tests.MozillaSuiteTest" time="0.03"/>
  <testcase name="runMozillaTest[624, js=testsrc/tests/ecma/Number/15.7.3.2-3.js, opt=-1]" classname="org.mozilla.javascript.tests.MozillaSuiteTest" time="0.021"/>
  <testcase name="runMozillaTest[625, js=testsrc/tests/ecma/Number/15.7.3.2-4.js, opt=-1]" classname="org.mozilla.javascript.tests.MozillaSuiteTest" time="0.026"/>
  <testcase name="runMozillaTest[626, js=testsrc/tests/ecma/Number/15.7.3.3-1.js, opt=-1]" classname="org.mozilla.javascript.tests.MozillaSuiteTest" time="0.028"/>
  <testcase name="runMozillaTest[627, js=testsrc/tests/ecma/Number/15.7.3.3-2.js, opt=-1]" classname="org.mozilla.javascript.tests.MozillaSuiteTest" time="0.022"/>
  <testcase name="runMozillaTest[628, js=testsrc/tests/ecma/Number/15.7.3.3-3.js, opt=-1]" classname="org.mozilla.javascript.tests.MozillaSuiteTest" time="0.021"/>
  <testcase name="runMozillaTest[629, js=testsrc/tests/ecma/Number/15.7.3.3-4.js, opt=-1]" classname="org.mozilla.javascript.tests.MozillaSuiteTest" time="0.016"/>
  <testcase name="runMozillaTest[630, js=testsrc/tests/ecma/Number/15.7.3.4-1.js, opt=-1]" classname="org.mozilla.javascript.tests.MozillaSuiteTest" time="0.036"/>
  <testcase name="runMozillaTest[631, js=testsrc/tests/ecma/Number/15.7.3.4-2.js, opt=-1]" classname="org.mozilla.javascript.tests.MozillaSuiteTest" time="0.011"/>
  <testcase name="runMozillaTest[632, js=testsrc/tests/ecma/Number/15.7.3.4-3.js, opt=-1]" classname="org.mozilla.javascript.tests.MozillaSuiteTest" time="0.031"/>
  <testcase name="runMozillaTest[633, js=testsrc/tests/ecma/Number/15.7.3.4-4.js, opt=-1]" classname="org.mozilla.javascript.tests.MozillaSuiteTest" time="0.02"/>
  <testcase name="runMozillaTest[634, js=testsrc/tests/ecma/Number/15.7.3.5-1.js, opt=-1]" classname="org.mozilla.javascript.tests.MozillaSuiteTest" time="0.027"/>
  <testcase name="runMozillaTest[635, js=testsrc/tests/ecma/Number/15.7.3.5-2.js, opt=-1]" classname="org.mozilla.javascript.tests.MozillaSuiteTest" time="0.021"/>
  <testcase name="runMozillaTest[636, js=testsrc/tests/ecma/Number/15.7.3.5-3.js, opt=-1]" classname="org.mozilla.javascript.tests.MozillaSuiteTest" time="0.04"/>
  <testcase name="runMozillaTest[637, js=testsrc/tests/ecma/Number/15.7.3.5-4.js, opt=-1]" classname="org.mozilla.javascript.tests.MozillaSuiteTest" time="0.058"/>
  <testcase name="runMozillaTest[638, js=testsrc/tests/ecma/Number/15.7.3.6-1.js, opt=-1]" classname="org.mozilla.javascript.tests.MozillaSuiteTest" time="0.03"/>
  <testcase name="runMozillaTest[639, js=testsrc/tests/ecma/Number/15.7.3.6-2.js, opt=-1]" classname="org.mozilla.javascript.tests.MozillaSuiteTest" time="0.066"/>
  <testcase name="runMozillaTest[640, js=testsrc/tests/ecma/Number/15.7.3.6-3.js, opt=-1]" classname="org.mozilla.javascript.tests.MozillaSuiteTest" time="0.042"/>
  <testcase name="runMozillaTest[641, js=testsrc/tests/ecma/Number/15.7.3.6-4.js, opt=-1]" classname="org.mozilla.javascript.tests.MozillaSuiteTest" time="0.017"/>
  <testcase name="runMozillaTest[642, js=testsrc/tests/ecma/Number/15.7.3.js, opt=-1]" classname="org.mozilla.javascript.tests.MozillaSuiteTest" time="0.033"/>
  <testcase name="runMozillaTest[643, js=testsrc/tests/ecma/Number/15.7.4-1.js, opt=-1]" classname="org.mozilla.javascript.tests.MozillaSuiteTest" time="0.022"/>
  <testcase name="runMozillaTest[644, js=testsrc/tests/ecma/Number/15.7.4.1.js, opt=-1]" classname="org.mozilla.javascript.tests.MozillaSuiteTest" time="0.032"/>
  <testcase name="runMozillaTest[645, js=testsrc/tests/ecma/Number/15.7.4.2-1.js, opt=-1]" classname="org.mozilla.javascript.tests.MozillaSuiteTest" time="0.022"/>
  <testcase name="runMozillaTest[646, js=testsrc/tests/ecma/Number/15.7.4.2-2-n.js, opt=-1]" classname="org.mozilla.javascript.tests.MozillaSuiteTest" time="0.025"/>
  <testcase name="runMozillaTest[647, js=testsrc/tests/ecma/Number/15.7.4.2-3-n.js, opt=-1]" classname="org.mozilla.javascript.tests.MozillaSuiteTest" time="0.021"/>
  <testcase name="runMozillaTest[648, js=testsrc/tests/ecma/Number/15.7.4.2-4.js, opt=-1]" classname="org.mozilla.javascript.tests.MozillaSuiteTest" time="0.02"/>
  <testcase name="runMozillaTest[649, js=testsrc/tests/ecma/Number/15.7.4.3-1.js, opt=-1]" classname="org.mozilla.javascript.tests.MozillaSuiteTest" time="0.027"/>
  <testcase name="runMozillaTest[650, js=testsrc/tests/ecma/Number/15.7.4.3-2.js, opt=-1]" classname="org.mozilla.javascript.tests.MozillaSuiteTest" time="0.029"/>
  <testcase name="runMozillaTest[651, js=testsrc/tests/ecma/Number/15.7.4.3-3-n.js, opt=-1]" classname="org.mozilla.javascript.tests.MozillaSuiteTest" time="0.021"/>
  <testcase name="runMozillaTest[652, js=testsrc/tests/ecma/ObjectObjects/15.2.1.1.js, opt=-1]" classname="org.mozilla.javascript.tests.MozillaSuiteTest" time="0.05"/>
  <testcase name="runMozillaTest[653, js=testsrc/tests/ecma/ObjectObjects/15.2.1.2.js, opt=-1]" classname="org.mozilla.javascript.tests.MozillaSuiteTest" time="0.049"/>
  <testcase name="runMozillaTest[654, js=testsrc/tests/ecma/ObjectObjects/15.2.2.1.js, opt=-1]" classname="org.mozilla.javascript.tests.MozillaSuiteTest" time="0.076"/>
  <testcase name="runMozillaTest[655, js=testsrc/tests/ecma/ObjectObjects/15.2.2.2.js, opt=-1]" classname="org.mozilla.javascript.tests.MozillaSuiteTest" time="0.037"/>
  <testcase name="runMozillaTest[656, js=testsrc/tests/ecma/ObjectObjects/15.2.3-1.js, opt=-1]" classname="org.mozilla.javascript.tests.MozillaSuiteTest" time="0.016"/>
  <testcase name="runMozillaTest[657, js=testsrc/tests/ecma/ObjectObjects/15.2.3.1-1.js, opt=-1]" classname="org.mozilla.javascript.tests.MozillaSuiteTest" time="0.025"/>
  <testcase name="runMozillaTest[658, js=testsrc/tests/ecma/ObjectObjects/15.2.3.1-2.js, opt=-1]" classname="org.mozilla.javascript.tests.MozillaSuiteTest" time="0.064"/>
  <testcase name="runMozillaTest[659, js=testsrc/tests/ecma/ObjectObjects/15.2.3.1-3.js, opt=-1]" classname="org.mozilla.javascript.tests.MozillaSuiteTest" time="0.021"/>
  <testcase name="runMozillaTest[660, js=testsrc/tests/ecma/ObjectObjects/15.2.3.1-4.js, opt=-1]" classname="org.mozilla.javascript.tests.MozillaSuiteTest" time="0.059"/>
  <testcase name="runMozillaTest[661, js=testsrc/tests/ecma/ObjectObjects/15.2.3.js, opt=-1]" classname="org.mozilla.javascript.tests.MozillaSuiteTest" time="0.034"/>
  <testcase name="runMozillaTest[662, js=testsrc/tests/ecma/ObjectObjects/15.2.4.1.js, opt=-1]" classname="org.mozilla.javascript.tests.MozillaSuiteTest" time="0.035"/>
  <testcase name="runMozillaTest[663, js=testsrc/tests/ecma/ObjectObjects/15.2.4.2.js, opt=-1]" classname="org.mozilla.javascript.tests.MozillaSuiteTest" time="0.024"/>
  <testcase name="runMozillaTest[664, js=testsrc/tests/ecma/ObjectObjects/15.2.4.3.js, opt=-1]" classname="org.mozilla.javascript.tests.MozillaSuiteTest" time="0.024"/>
  <testcase name="runMozillaTest[665, js=testsrc/tests/ecma/SourceText/6-1.js, opt=-1]" classname="org.mozilla.javascript.tests.MozillaSuiteTest" time="0.016"/>
  <testcase name="runMozillaTest[666, js=testsrc/tests/ecma/SourceText/6-2.js, opt=-1]" classname="org.mozilla.javascript.tests.MozillaSuiteTest" time="0.018"/>
  <testcase name="runMozillaTest[667, js=testsrc/tests/ecma/Statements/12.10-1.js, opt=-1]" classname="org.mozilla.javascript.tests.MozillaSuiteTest" time="0.053"/>
  <testcase name="runMozillaTest[668, js=testsrc/tests/ecma/Statements/12.10.js, opt=-1]" classname="org.mozilla.javascript.tests.MozillaSuiteTest" time="0.023"/>
  <testcase name="runMozillaTest[669, js=testsrc/tests/ecma/Statements/12.2-1.js, opt=-1]" classname="org.mozilla.javascript.tests.MozillaSuiteTest" time="0.012"/>
  <testcase name="runMozillaTest[670, js=testsrc/tests/ecma/Statements/12.5-1.js, opt=-1]" classname="org.mozilla.javascript.tests.MozillaSuiteTest" time="0.026"/>
  <testcase name="runMozillaTest[671, js=testsrc/tests/ecma/Statements/12.5-2.js, opt=-1]" classname="org.mozilla.javascript.tests.MozillaSuiteTest" time="0.037"/>
  <testcase name="runMozillaTest[672, js=testsrc/tests/ecma/Statements/12.6.1-1.js, opt=-1]" classname="org.mozilla.javascript.tests.MozillaSuiteTest" time="0.035"/>
  <testcase name="runMozillaTest[673, js=testsrc/tests/ecma/Statements/12.6.2-1.js, opt=-1]" classname="org.mozilla.javascript.tests.MozillaSuiteTest" time="0.032"/>
  <testcase name="runMozillaTest[674, js=testsrc/tests/ecma/Statements/12.6.2-2.js, opt=-1]" classname="org.mozilla.javascript.tests.MozillaSuiteTest" time="0.025"/>
  <testcase name="runMozillaTest[675, js=testsrc/tests/ecma/Statements/12.6.2-3.js, opt=-1]" classname="org.mozilla.javascript.tests.MozillaSuiteTest" time="0.021"/>
  <testcase name="runMozillaTest[676, js=testsrc/tests/ecma/Statements/12.6.2-4.js, opt=-1]" classname="org.mozilla.javascript.tests.MozillaSuiteTest" time="0.018"/>
  <testcase name="runMozillaTest[677, js=testsrc/tests/ecma/Statements/12.6.2-5.js, opt=-1]" classname="org.mozilla.javascript.tests.MozillaSuiteTest" time="0.031"/>
  <testcase name="runMozillaTest[678, js=testsrc/tests/ecma/Statements/12.6.2-6.js, opt=-1]" classname="org.mozilla.javascript.tests.MozillaSuiteTest" time="0.047"/>
  <testcase name="runMozillaTest[679, js=testsrc/tests/ecma/Statements/12.6.2-7.js, opt=-1]" classname="org.mozilla.javascript.tests.MozillaSuiteTest" time="0.03"/>
  <testcase name="runMozillaTest[680, js=testsrc/tests/ecma/Statements/12.6.2-8.js, opt=-1]" classname="org.mozilla.javascript.tests.MozillaSuiteTest" time="0.048"/>
  <testcase name="runMozillaTest[681, js=testsrc/tests/ecma/Statements/12.6.2-9-n.js, opt=-1]" classname="org.mozilla.javascript.tests.MozillaSuiteTest" time="0.039"/>
  <testcase name="runMozillaTest[682, js=testsrc/tests/ecma/Statements/12.6.3-1.js, opt=-1]" classname="org.mozilla.javascript.tests.MozillaSuiteTest" time="0.046"/>
  <testcase name="runMozillaTest[683, js=testsrc/tests/ecma/Statements/12.6.3-10.js, opt=-1]" classname="org.mozilla.javascript.tests.MozillaSuiteTest" time="0.04"/>
  <testcase name="runMozillaTest[684, js=testsrc/tests/ecma/Statements/12.6.3-11.js, opt=-1]" classname="org.mozilla.javascript.tests.MozillaSuiteTest" time="0.016"/>
  <testcase name="runMozillaTest[685, js=testsrc/tests/ecma/Statements/12.6.3-12.js, opt=-1]" classname="org.mozilla.javascript.tests.MozillaSuiteTest" time="0.032"/>
  <testcase name="runMozillaTest[686, js=testsrc/tests/ecma/Statements/12.6.3-19.js, opt=-1]" classname="org.mozilla.javascript.tests.MozillaSuiteTest" time="0.014"/>
  <testcase name="runMozillaTest[687, js=testsrc/tests/ecma/Statements/12.6.3-2.js, opt=-1]" classname="org.mozilla.javascript.tests.MozillaSuiteTest" time="0.027"/>
  <testcase name="runMozillaTest[688, js=testsrc/tests/ecma/Statements/12.6.3-3.js, opt=-1]" classname="org.mozilla.javascript.tests.MozillaSuiteTest" time="0.023"/>
  <testcase name="runMozillaTest[689, js=testsrc/tests/ecma/Statements/12.6.3-4.js, opt=-1]" classname="org.mozilla.javascript.tests.MozillaSuiteTest" time="0.036"/>
  <testcase name="runMozillaTest[690, js=testsrc/tests/ecma/Statements/12.6.3-5-n.js, opt=-1]" classname="org.mozilla.javascript.tests.MozillaSuiteTest" time="0.014"/>
  <testcase name="runMozillaTest[691, js=testsrc/tests/ecma/Statements/12.6.3-6-n.js, opt=-1]" classname="org.mozilla.javascript.tests.MozillaSuiteTest" time="0.028"/>
  <testcase name="runMozillaTest[692, js=testsrc/tests/ecma/Statements/12.6.3-7-n.js, opt=-1]" classname="org.mozilla.javascript.tests.MozillaSuiteTest" time="0.032"/>
  <testcase name="runMozillaTest[693, js=testsrc/tests/ecma/Statements/12.6.3-8-n.js, opt=-1]" classname="org.mozilla.javascript.tests.MozillaSuiteTest" time="0.027"/>
  <testcase name="runMozillaTest[694, js=testsrc/tests/ecma/Statements/12.6.3-9-n.js, opt=-1]" classname="org.mozilla.javascript.tests.MozillaSuiteTest" time="0.02"/>
  <testcase name="runMozillaTest[695, js=testsrc/tests/ecma/Statements/12.7-1-n.js, opt=-1]" classname="org.mozilla.javascript.tests.MozillaSuiteTest" time="0.021"/>
  <testcase name="runMozillaTest[696, js=testsrc/tests/ecma/Statements/12.8-1-n.js, opt=-1]" classname="org.mozilla.javascript.tests.MozillaSuiteTest" time="0.023"/>
  <testcase name="runMozillaTest[697, js=testsrc/tests/ecma/Statements/12.9-1-n.js, opt=-1]" classname="org.mozilla.javascript.tests.MozillaSuiteTest" time="0.013"/>
  <testcase name="runMozillaTest[698, js=testsrc/tests/ecma/String/15.5.1.js, opt=-1]" classname="org.mozilla.javascript.tests.MozillaSuiteTest" time="0.048"/>
  <testcase name="runMozillaTest[699, js=testsrc/tests/ecma/String/15.5.2.js, opt=-1]" classname="org.mozilla.javascript.tests.MozillaSuiteTest" time="0.032"/>
  <testcase name="runMozillaTest[700, js=testsrc/tests/ecma/String/15.5.3.1-1.js, opt=-1]" classname="org.mozilla.javascript.tests.MozillaSuiteTest" time="0.035"/>
  <testcase name="runMozillaTest[701, js=testsrc/tests/ecma/String/15.5.3.1-2.js, opt=-1]" classname="org.mozilla.javascript.tests.MozillaSuiteTest" time="0.02"/>
  <testcase name="runMozillaTest[702, js=testsrc/tests/ecma/String/15.5.3.1-3.js, opt=-1]" classname="org.mozilla.javascript.tests.MozillaSuiteTest" time="0.022"/>
  <testcase name="runMozillaTest[703, js=testsrc/tests/ecma/String/15.5.3.1-4.js, opt=-1]" classname="org.mozilla.javascript.tests.MozillaSuiteTest" time="0.017"/>
  <testcase name="runMozillaTest[704, js=testsrc/tests/ecma/String/15.5.3.2-1.js, opt=-1]" classname="org.mozilla.javascript.tests.MozillaSuiteTest" time="0.028"/>
  <testcase name="runMozillaTest[705, js=testsrc/tests/ecma/String/15.5.3.2-2.js, opt=-1]" classname="org.mozilla.javascript.tests.MozillaSuiteTest" time="0.033"/>
  <testcase name="runMozillaTest[706, js=testsrc/tests/ecma/String/15.5.3.2-3.js, opt=-1]" classname="org.mozilla.javascript.tests.MozillaSuiteTest" time="0.149"/>
  <testcase name="runMozillaTest[707, js=testsrc/tests/ecma/String/15.5.3.js, opt=-1]" classname="org.mozilla.javascript.tests.MozillaSuiteTest" time="0.032"/>
  <testcase name="runMozillaTest[708, js=testsrc/tests/ecma/String/15.5.4.1.js, opt=-1]" classname="org.mozilla.javascript.tests.MozillaSuiteTest" time="0.033"/>
  <testcase name="runMozillaTest[709, js=testsrc/tests/ecma/String/15.5.4.10-1.js, opt=-1]" classname="org.mozilla.javascript.tests.MozillaSuiteTest" time="0.038"/>
  <testcase name="runMozillaTest[710, js=testsrc/tests/ecma/String/15.5.4.11-1.js, opt=-1]" classname="org.mozilla.javascript.tests.MozillaSuiteTest" time="0.212"/>
  <testcase name="runMozillaTest[711, js=testsrc/tests/ecma/String/15.5.4.11-3.js, opt=-1]" classname="org.mozilla.javascript.tests.MozillaSuiteTest" time="0.178"/>
  <testcase name="runMozillaTest[712, js=testsrc/tests/ecma/String/15.5.4.11-4.js, opt=-1]" classname="org.mozilla.javascript.tests.MozillaSuiteTest" time="0.077"/>
  <testcase name="runMozillaTest[713, js=testsrc/tests/ecma/String/15.5.4.11-6.js, opt=-1]" classname="org.mozilla.javascript.tests.MozillaSuiteTest" time="0.092"/>
  <testcase name="runMozillaTest[714, js=testsrc/tests/ecma/String/15.5.4.12-2.js, opt=-1]" classname="org.mozilla.javascript.tests.MozillaSuiteTest" time="0.052"/>
  <testcase name="runMozillaTest[715, js=testsrc/tests/ecma/String/15.5.4.12-3.js, opt=-1]" classname="org.mozilla.javascript.tests.MozillaSuiteTest" time="0.468"/>
  <testcase name="runMozillaTest[716, js=testsrc/tests/ecma/String/15.5.4.2-1.js, opt=-1]" classname="org.mozilla.javascript.tests.MozillaSuiteTest" time="0.036"/>
  <testcase name="runMozillaTest[717, js=testsrc/tests/ecma/String/15.5.4.2-2-n.js, opt=-1]" classname="org.mozilla.javascript.tests.MozillaSuiteTest" time="0.04"/>
  <testcase name="runMozillaTest[718, js=testsrc/tests/ecma/String/15.5.4.2-3.js, opt=-1]" classname="org.mozilla.javascript.tests.MozillaSuiteTest" time="0.043"/>
  <testcase name="runMozillaTest[719, js=testsrc/tests/ecma/String/15.5.4.2.js, opt=-1]" classname="org.mozilla.javascript.tests.MozillaSuiteTest" time="0.047"/>
  <testcase name="runMozillaTest[720, js=testsrc/tests/ecma/String/15.5.4.3-1.js, opt=-1]" classname="org.mozilla.javascript.tests.MozillaSuiteTest" time="0.041"/>
  <testcase name="runMozillaTest[721, js=testsrc/tests/ecma/String/15.5.4.3-2.js, opt=-1]" classname="org.mozilla.javascript.tests.MozillaSuiteTest" time="0.058"/>
  <testcase name="runMozillaTest[722, js=testsrc/tests/ecma/String/15.5.4.3-3-n.js, opt=-1]" classname="org.mozilla.javascript.tests.MozillaSuiteTest" time="0.037"/>
  <testcase name="runMozillaTest[723, js=testsrc/tests/ecma/String/15.5.4.4-1.js, opt=-1]" classname="org.mozilla.javascript.tests.MozillaSuiteTest" time="0.085"/>
  <testcase name="runMozillaTest[724, js=testsrc/tests/ecma/String/15.5.4.4-2.js, opt=-1]" classname="org.mozilla.javascript.tests.MozillaSuiteTest" time="0.077"/>
  <testcase name="runMozillaTest[725, js=testsrc/tests/ecma/String/15.5.4.4-3.js, opt=-1]" classname="org.mozilla.javascript.tests.MozillaSuiteTest" time="0.037"/>
  <testcase name="runMozillaTest[726, js=testsrc/tests/ecma/String/15.5.4.4-4.js, opt=-1]" classname="org.mozilla.javascript.tests.MozillaSuiteTest" time="0.056"/>
  <testcase name="runMozillaTest[727, js=testsrc/tests/ecma/String/15.5.4.5-1.js, opt=-1]" classname="org.mozilla.javascript.tests.MozillaSuiteTest" time="0.061"/>
  <testcase name="runMozillaTest[728, js=testsrc/tests/ecma/String/15.5.4.5-2.js, opt=-1]" classname="org.mozilla.javascript.tests.MozillaSuiteTest" time="0.056"/>
  <testcase name="runMozillaTest[729, js=testsrc/tests/ecma/String/15.5.4.5-3.js, opt=-1]" classname="org.mozilla.javascript.tests.MozillaSuiteTest" time="0.061"/>
  <testcase name="runMozillaTest[730, js=testsrc/tests/ecma/String/15.5.4.5-4.js, opt=-1]" classname="org.mozilla.javascript.tests.MozillaSuiteTest" time="0.099"/>
  <testcase name="runMozillaTest[731, js=testsrc/tests/ecma/String/15.5.4.5-5.js, opt=-1]" classname="org.mozilla.javascript.tests.MozillaSuiteTest" time="0.1"/>
  <testcase name="runMozillaTest[732, js=testsrc/tests/ecma/String/15.5.4.6-1.js, opt=-1]" classname="org.mozilla.javascript.tests.MozillaSuiteTest" time="0.143"/>
  <testcase name="runMozillaTest[733, js=testsrc/tests/ecma/String/15.5.4.6-2.js, opt=-1]" classname="org.mozilla.javascript.tests.MozillaSuiteTest" time="0.084"/>
  <testcase name="runMozillaTest[734, js=testsrc/tests/ecma/String/15.5.4.7-1.js, opt=-1]" classname="org.mozilla.javascript.tests.MozillaSuiteTest" time="0.356"/>
  <testcase name="runMozillaTest[735, js=testsrc/tests/ecma/String/15.5.4.7-2.js, opt=-1]" classname="org.mozilla.javascript.tests.MozillaSuiteTest" time="0.091"/>
  <testcase name="runMozillaTest[736, js=testsrc/tests/ecma/String/15.5.4.8-1.js, opt=-1]" classname="org.mozilla.javascript.tests.MozillaSuiteTest" time="0.077"/>
  <testcase name="runMozillaTest[737, js=testsrc/tests/ecma/String/15.5.4.8-3.js, opt=-1]" classname="org.mozilla.javascript.tests.MozillaSuiteTest" time="0.048"/>
  <testcase name="runMozillaTest[738, js=testsrc/tests/ecma/String/15.5.4.9-1.js, opt=-1]" classname="org.mozilla.javascript.tests.MozillaSuiteTest" time="0.042"/>
  <testcase name="runMozillaTest[739, js=testsrc/tests/ecma/String/15.5.4.js, opt=-1]" classname="org.mozilla.javascript.tests.MozillaSuiteTest" time="0.042"/>
  <testcase name="runMozillaTest[740, js=testsrc/tests/ecma/String/15.5.5.1.js, opt=-1]" classname="org.mozilla.javascript.tests.MozillaSuiteTest" time="0.046"/>
  <testcase name="runMozillaTest[741, js=testsrc/tests/ecma/TypeConversion/9.2.js, opt=-1]" classname="org.mozilla.javascript.tests.MozillaSuiteTest" time="0.043"/>
  <testcase name="runMozillaTest[742, js=testsrc/tests/ecma/TypeConversion/9.3-1.js, opt=-1]" classname="org.mozilla.javascript.tests.MozillaSuiteTest" time="0.057"/>
  <testcase name="runMozillaTest[743, js=testsrc/tests/ecma/TypeConversion/9.3.1-1.js, opt=-1]" classname="org.mozilla.javascript.tests.MozillaSuiteTest" time="0.069"/>
  <testcase name="runMozillaTest[744, js=testsrc/tests/ecma/TypeConversion/9.3.1-2.js, opt=-1]" classname="org.mozilla.javascript.tests.MozillaSuiteTest" time="0.041"/>
  <testcase name="runMozillaTest[745, js=testsrc/tests/ecma/TypeConversion/9.3.1-3.js, opt=-1]" classname="org.mozilla.javascript.tests.MozillaSuiteTest" time="0.061"/>
  <testcase name="runMozillaTest[746, js=testsrc/tests/ecma/TypeConversion/9.3.js, opt=-1]" classname="org.mozilla.javascript.tests.MozillaSuiteTest" time="0.028"/>
  <testcase name="runMozillaTest[747, js=testsrc/tests/ecma/TypeConversion/9.4-1.js, opt=-1]" classname="org.mozilla.javascript.tests.MozillaSuiteTest" time="0.02"/>
  <testcase name="runMozillaTest[748, js=testsrc/tests/ecma/TypeConversion/9.4-2.js, opt=-1]" classname="org.mozilla.javascript.tests.MozillaSuiteTest" time="0.017"/>
  <testcase name="runMozillaTest[749, js=testsrc/tests/ecma/TypeConversion/9.5-2.js, opt=-1]" classname="org.mozilla.javascript.tests.MozillaSuiteTest" time="0.037"/>
  <testcase name="runMozillaTest[750, js=testsrc/tests/ecma/TypeConversion/9.6.js, opt=-1]" classname="org.mozilla.javascript.tests.MozillaSuiteTest" time="0.028"/>
  <testcase name="runMozillaTest[751, js=testsrc/tests/ecma/TypeConversion/9.7.js, opt=-1]" classname="org.mozilla.javascript.tests.MozillaSuiteTest" time="0.022"/>
  <testcase name="runMozillaTest[752, js=testsrc/tests/ecma/TypeConversion/9.8.1.js, opt=-1]" classname="org.mozilla.javascript.tests.MozillaSuiteTest" time="0.03"/>
  <testcase name="runMozillaTest[753, js=testsrc/tests/ecma/TypeConversion/9.9-1.js, opt=-1]" classname="org.mozilla.javascript.tests.MozillaSuiteTest" time="0.046"/>
  <testcase name="runMozillaTest[754, js=testsrc/tests/ecma/Types/8.1.js, opt=-1]" classname="org.mozilla.javascript.tests.MozillaSuiteTest" time="0.02"/>
  <testcase name="runMozillaTest[755, js=testsrc/tests/ecma/Types/8.4.js, opt=-1]" classname="org.mozilla.javascript.tests.MozillaSuiteTest" time="0.019"/>
  <testcase name="runMozillaTest[756, js=testsrc/tests/ecma/Types/8.6.2.1-1.js, opt=-1]" classname="org.mozilla.javascript.tests.MozillaSuiteTest" time="0.031"/>
  <testcase name="runMozillaTest[757, js=testsrc/tests/ecma/extensions/10.1.4-9.js, opt=-1]" classname="org.mozilla.javascript.tests.MozillaSuiteTest" time="0.026"/>
  <testcase name="runMozillaTest[758, js=testsrc/tests/ecma/extensions/10.1.6.js, opt=-1]" classname="org.mozilla.javascript.tests.MozillaSuiteTest" time="0.019"/>
  <testcase name="runMozillaTest[759, js=testsrc/tests/ecma/extensions/10.1.8-1.js, opt=-1]" classname="org.mozilla.javascript.tests.MozillaSuiteTest" time="0.04"/>
  <testcase name="runMozillaTest[760, js=testsrc/tests/ecma/extensions/11.6.1-1.js, opt=-1]" classname="org.mozilla.javascript.tests.MozillaSuiteTest" time="0.045"/>
  <testcase name="runMozillaTest[761, js=testsrc/tests/ecma/extensions/11.6.1-2.js, opt=-1]" classname="org.mozilla.javascript.tests.MozillaSuiteTest" time="0.026"/>
  <testcase name="runMozillaTest[762, js=testsrc/tests/ecma/extensions/11.6.1-3.js, opt=-1]" classname="org.mozilla.javascript.tests.MozillaSuiteTest" time="0.018"/>
  <testcase name="runMozillaTest[763, js=testsrc/tests/ecma/extensions/11.6.2-1.js, opt=-1]" classname="org.mozilla.javascript.tests.MozillaSuiteTest" time="0.027"/>
  <testcase name="runMozillaTest[764, js=testsrc/tests/ecma/extensions/15-1.js, opt=-1]" classname="org.mozilla.javascript.tests.MozillaSuiteTest" time="0.029"/>
  <testcase name="runMozillaTest[765, js=testsrc/tests/ecma/extensions/15-2.js, opt=-1]" classname="org.mozilla.javascript.tests.MozillaSuiteTest" time="0.043"/>
  <testcase name="runMozillaTest[766, js=testsrc/tests/ecma/extensions/15.2.1.1.js, opt=-1]" classname="org.mozilla.javascript.tests.MozillaSuiteTest" time="0.057"/>
  <testcase name="runMozillaTest[767, js=testsrc/tests/ecma/extensions/15.2.3-1.js, opt=-1]" classname="org.mozilla.javascript.tests.MozillaSuiteTest" time="0.077"/>
  <testcase name="runMozillaTest[768, js=testsrc/tests/ecma/extensions/15.2.4.js, opt=-1]" classname="org.mozilla.javascript.tests.MozillaSuiteTest" time="0.04"/>
  <testcase name="runMozillaTest[769, js=testsrc/tests/ecma/extensions/15.3.1.1-1.js, opt=-1]" classname="org.mozilla.javascript.tests.MozillaSuiteTest" time="0.024"/>
  <testcase name="runMozillaTest[770, js=testsrc/tests/ecma/extensions/15.3.1.1-2.js, opt=-1]" classname="org.mozilla.javascript.tests.MozillaSuiteTest" time="0.059"/>
  <testcase name="runMozillaTest[771, js=testsrc/tests/ecma/extensions/15.3.2.1-1.js, opt=-1]" classname="org.mozilla.javascript.tests.MozillaSuiteTest" time="0.035"/>
  <testcase name="runMozillaTest[772, js=testsrc/tests/ecma/extensions/15.3.2.1-2.js, opt=-1]" classname="org.mozilla.javascript.tests.MozillaSuiteTest" time="0.034"/>
  <testcase name="runMozillaTest[773, js=testsrc/tests/ecma/extensions/15.3.3.1-1.js, opt=-1]" classname="org.mozilla.javascript.tests.MozillaSuiteTest" time="0.02"/>
  <testcase name="runMozillaTest[774, js=testsrc/tests/ecma/extensions/15.4.3.js, opt=-1]" classname="org.mozilla.javascript.tests.MozillaSuiteTest" time="0.021"/>
  <testcase name="runMozillaTest[775, js=testsrc/tests/ecma/extensions/15.5.3.js, opt=-1]" classname="org.mozilla.javascript.tests.MozillaSuiteTest" time="0.016"/>
  <testcase name="runMozillaTest[776, js=testsrc/tests/ecma/extensions/15.5.4.2.js, opt=-1]" classname="org.mozilla.javascript.tests.MozillaSuiteTest" time="0.01"/>
  <testcase name="runMozillaTest[777, js=testsrc/tests/ecma/extensions/15.5.4.4-4.js, opt=-1]" classname="org.mozilla.javascript.tests.MozillaSuiteTest" time="0.033"/>
  <testcase name="runMozillaTest[778, js=testsrc/tests/ecma/extensions/15.5.4.5-6.js, opt=-1]" classname="org.mozilla.javascript.tests.MozillaSuiteTest" time="0.022"/>
  <testcase name="runMozillaTest[779, js=testsrc/tests/ecma/extensions/15.5.4.7-3.js, opt=-1]" classname="org.mozilla.javascript.tests.MozillaSuiteTest" time="0.021"/>
  <testcase name="runMozillaTest[780, js=testsrc/tests/ecma/extensions/15.6.3.1-5.js, opt=-1]" classname="org.mozilla.javascript.tests.MozillaSuiteTest" time="0.022"/>
  <testcase name="runMozillaTest[781, js=testsrc/tests/ecma/extensions/15.6.3.js, opt=-1]" classname="org.mozilla.javascript.tests.MozillaSuiteTest" time="0.013"/>
  <testcase name="runMozillaTest[782, js=testsrc/tests/ecma/extensions/15.6.4-2.js, opt=-1]" classname="org.mozilla.javascript.tests.MozillaSuiteTest" time="0.032"/>
  <testcase name="runMozillaTest[783, js=testsrc/tests/ecma/extensions/15.7.3.js, opt=-1]" classname="org.mozilla.javascript.tests.MozillaSuiteTest" time="0.021"/>
  <testcase name="runMozillaTest[784, js=testsrc/tests/ecma/extensions/15.7.4.js, opt=-1]" classname="org.mozilla.javascript.tests.MozillaSuiteTest" time="0.02"/>
  <testcase name="runMozillaTest[785, js=testsrc/tests/ecma/extensions/15.8-1.js, opt=-1]" classname="org.mozilla.javascript.tests.MozillaSuiteTest" time="0.016"/>
  <testcase name="runMozillaTest[786, js=testsrc/tests/ecma/extensions/15.9.5.js, opt=-1]" classname="org.mozilla.javascript.tests.MozillaSuiteTest" time="0.017"/>
  <testcase name="runMozillaTest[787, js=testsrc/tests/ecma/extensions/8.6.2.1-1.js, opt=-1]" classname="org.mozilla.javascript.tests.MozillaSuiteTest" time="0.046"/>
  <testcase name="runMozillaTest[788, js=testsrc/tests/ecma/extensions/9.9-1.js, opt=-1]" classname="org.mozilla.javascript.tests.MozillaSuiteTest" time="0.022"/>
  <testcase name="runMozillaTest[789, js=testsrc/tests/ecma/jsref.js, opt=-1]" classname="org.mozilla.javascript.tests.MozillaSuiteTest" time="0.068"/>
  <testcase name="runMozillaTest[790, js=testsrc/tests/ecma_2/Exceptions/boolean-001.js, opt=-1]" classname="org.mozilla.javascript.tests.MozillaSuiteTest" time="0.002"/>
  <testcase name="runMozillaTest[791, js=testsrc/tests/ecma_2/Exceptions/boolean-002.js, opt=-1]" classname="org.mozilla.javascript.tests.MozillaSuiteTest" time="0.002"/>
  <testcase name="runMozillaTest[792, js=testsrc/tests/ecma_2/Exceptions/date-001.js, opt=-1]" classname="org.mozilla.javascript.tests.MozillaSuiteTest" time="0.002"/>
  <testcase name="runMozillaTest[793, js=testsrc/tests/ecma_2/Exceptions/date-002.js, opt=-1]" classname="org.mozilla.javascript.tests.MozillaSuiteTest" time="0.004"/>
  <testcase name="runMozillaTest[794, js=testsrc/tests/ecma_2/Exceptions/date-003.js, opt=-1]" classname="org.mozilla.javascript.tests.MozillaSuiteTest" time="0.031"/>
  <testcase name="runMozillaTest[795, js=testsrc/tests/ecma_2/Exceptions/date-004.js, opt=-1]" classname="org.mozilla.javascript.tests.MozillaSuiteTest" time="0.002"/>
  <testcase name="runMozillaTest[796, js=testsrc/tests/ecma_2/Exceptions/exception-001.js, opt=-1]" classname="org.mozilla.javascript.tests.MozillaSuiteTest" time="0.003"/>
  <testcase name="runMozillaTest[797, js=testsrc/tests/ecma_2/Exceptions/exception-002.js, opt=-1]" classname="org.mozilla.javascript.tests.MozillaSuiteTest" time="0.018"/>
  <testcase name="runMozillaTest[798, js=testsrc/tests/ecma_2/Exceptions/exception-003.js, opt=-1]" classname="org.mozilla.javascript.tests.MozillaSuiteTest" time="0.03"/>
  <testcase name="runMozillaTest[799, js=testsrc/tests/ecma_2/Exceptions/exception-004.js, opt=-1]" classname="org.mozilla.javascript.tests.MozillaSuiteTest" time="0.006"/>
  <testcase name="runMozillaTest[800, js=testsrc/tests/ecma_2/Exceptions/exception-005.js, opt=-1]" classname="org.mozilla.javascript.tests.MozillaSuiteTest" time="0.003"/>
  <testcase name="runMozillaTest[801, js=testsrc/tests/ecma_2/Exceptions/exception-006.js, opt=-1]" classname="org.mozilla.javascript.tests.MozillaSuiteTest" time="0.017"/>
  <testcase name="runMozillaTest[802, js=testsrc/tests/ecma_2/Exceptions/exception-007.js, opt=-1]" classname="org.mozilla.javascript.tests.MozillaSuiteTest" time="0.023"/>
  <testcase name="runMozillaTest[803, js=testsrc/tests/ecma_2/Exceptions/exception-008.js, opt=-1]" classname="org.mozilla.javascript.tests.MozillaSuiteTest" time="0.002"/>
  <testcase name="runMozillaTest[804, js=testsrc/tests/ecma_2/Exceptions/exception-009.js, opt=-1]" classname="org.mozilla.javascript.tests.MozillaSuiteTest" time="0.001"/>
  <testcase name="runMozillaTest[805, js=testsrc/tests/ecma_2/Exceptions/exception-010-n.js, opt=-1]" classname="org.mozilla.javascript.tests.MozillaSuiteTest" time="0.003"/>
  <testcase name="runMozillaTest[806, js=testsrc/tests/ecma_2/Exceptions/exception-011-n.js, opt=-1]" classname="org.mozilla.javascript.tests.MozillaSuiteTest" time="0.028"/>
  <testcase name="runMozillaTest[807, js=testsrc/tests/ecma_2/Exceptions/expression-001.js, opt=-1]" classname="org.mozilla.javascript.tests.MozillaSuiteTest" time="0.006"/>
  <testcase name="runMozillaTest[808, js=testsrc/tests/ecma_2/Exceptions/expression-002.js, opt=-1]" classname="org.mozilla.javascript.tests.MozillaSuiteTest" time="0.024"/>
  <testcase name="runMozillaTest[809, js=testsrc/tests/ecma_2/Exceptions/expression-003.js, opt=-1]" classname="org.mozilla.javascript.tests.MozillaSuiteTest" time="0.002"/>
  <testcase name="runMozillaTest[810, js=testsrc/tests/ecma_2/Exceptions/expression-004.js, opt=-1]" classname="org.mozilla.javascript.tests.MozillaSuiteTest" time="0.002"/>
  <testcase name="runMozillaTest[811, js=testsrc/tests/ecma_2/Exceptions/expression-005.js, opt=-1]" classname="org.mozilla.javascript.tests.MozillaSuiteTest" time="0.002"/>
  <testcase name="runMozillaTest[812, js=testsrc/tests/ecma_2/Exceptions/expression-006.js, opt=-1]" classname="org.mozilla.javascript.tests.MozillaSuiteTest" time="0.001"/>
  <testcase name="runMozillaTest[813, js=testsrc/tests/ecma_2/Exceptions/expression-007.js, opt=-1]" classname="org.mozilla.javascript.tests.MozillaSuiteTest" time="0.031"/>
  <testcase name="runMozillaTest[814, js=testsrc/tests/ecma_2/Exceptions/expression-008.js, opt=-1]" classname="org.mozilla.javascript.tests.MozillaSuiteTest" time="0.006"/>
  <testcase name="runMozillaTest[815, js=testsrc/tests/ecma_2/Exceptions/expression-009.js, opt=-1]" classname="org.mozilla.javascript.tests.MozillaSuiteTest" time="0.025"/>
  <testcase name="runMozillaTest[816, js=testsrc/tests/ecma_2/Exceptions/expression-010.js, opt=-1]" classname="org.mozilla.javascript.tests.MozillaSuiteTest" time="0.003"/>
  <testcase name="runMozillaTest[817, js=testsrc/tests/ecma_2/Exceptions/expression-011.js, opt=-1]" classname="org.mozilla.javascript.tests.MozillaSuiteTest" time="0.008"/>
  <testcase name="runMozillaTest[818, js=testsrc/tests/ecma_2/Exceptions/expression-012.js, opt=-1]" classname="org.mozilla.javascript.tests.MozillaSuiteTest" time="0.002"/>
  <testcase name="runMozillaTest[819, js=testsrc/tests/ecma_2/Exceptions/expression-013.js, opt=-1]" classname="org.mozilla.javascript.tests.MozillaSuiteTest" time="0.008"/>
  <testcase name="runMozillaTest[820, js=testsrc/tests/ecma_2/Exceptions/expression-014.js, opt=-1]" classname="org.mozilla.javascript.tests.MozillaSuiteTest" time="0.002"/>
  <testcase name="runMozillaTest[821, js=testsrc/tests/ecma_2/Exceptions/expression-015.js, opt=-1]" classname="org.mozilla.javascript.tests.MozillaSuiteTest" time="0.001"/>
  <testcase name="runMozillaTest[822, js=testsrc/tests/ecma_2/Exceptions/expression-016.js, opt=-1]" classname="org.mozilla.javascript.tests.MozillaSuiteTest" time="0.006"/>
  <testcase name="runMozillaTest[823, js=testsrc/tests/ecma_2/Exceptions/expression-017.js, opt=-1]" classname="org.mozilla.javascript.tests.MozillaSuiteTest" time="0.001"/>
  <testcase name="runMozillaTest[824, js=testsrc/tests/ecma_2/Exceptions/expression-019.js, opt=-1]" classname="org.mozilla.javascript.tests.MozillaSuiteTest" time="0.009"/>
  <testcase name="runMozillaTest[825, js=testsrc/tests/ecma_2/Exceptions/function-001.js, opt=-1]" classname="org.mozilla.javascript.tests.MozillaSuiteTest" time="0.003"/>
  <testcase name="runMozillaTest[826, js=testsrc/tests/ecma_2/Exceptions/global-001.js, opt=-1]" classname="org.mozilla.javascript.tests.MozillaSuiteTest" time="0.002"/>
  <testcase name="runMozillaTest[827, js=testsrc/tests/ecma_2/Exceptions/global-002.js, opt=-1]" classname="org.mozilla.javascript.tests.MozillaSuiteTest" time="0.008"/>
  <testcase name="runMozillaTest[828, js=testsrc/tests/ecma_2/Exceptions/lexical-001.js, opt=-1]" classname="org.mozilla.javascript.tests.MozillaSuiteTest" time="0.008"/>
  <testcase name="runMozillaTest[829, js=testsrc/tests/ecma_2/Exceptions/lexical-002.js, opt=-1]" classname="org.mozilla.javascript.tests.MozillaSuiteTest" time="0.003"/>
  <testcase name="runMozillaTest[830, js=testsrc/tests/ecma_2/Exceptions/lexical-003.js, opt=-1]" classname="org.mozilla.javascript.tests.MozillaSuiteTest" time="0.002"/>
  <testcase name="runMozillaTest[831, js=testsrc/tests/ecma_2/Exceptions/lexical-004.js, opt=-1]" classname="org.mozilla.javascript.tests.MozillaSuiteTest" time="0.01"/>
  <testcase name="runMozillaTest[832, js=testsrc/tests/ecma_2/Exceptions/lexical-005.js, opt=-1]" classname="org.mozilla.javascript.tests.MozillaSuiteTest" time="0.026"/>
  <testcase name="runMozillaTest[833, js=testsrc/tests/ecma_2/Exceptions/lexical-006.js, opt=-1]" classname="org.mozilla.javascript.tests.MozillaSuiteTest" time="0.009"/>
  <testcase name="runMozillaTest[834, js=testsrc/tests/ecma_2/Exceptions/lexical-007.js, opt=-1]" classname="org.mozilla.javascript.tests.MozillaSuiteTest" time="0.027"/>
  <testcase name="runMozillaTest[835, js=testsrc/tests/ecma_2/Exceptions/lexical-008.js, opt=-1]" classname="org.mozilla.javascript.tests.MozillaSuiteTest" time="0.003"/>
  <testcase name="runMozillaTest[836, js=testsrc/tests/ecma_2/Exceptions/lexical-009.js, opt=-1]" classname="org.mozilla.javascript.tests.MozillaSuiteTest" time="0.016"/>
  <testcase name="runMozillaTest[837, js=testsrc/tests/ecma_2/Exceptions/lexical-010.js, opt=-1]" classname="org.mozilla.javascript.tests.MozillaSuiteTest" time="0.005"/>
  <testcase name="runMozillaTest[838, js=testsrc/tests/ecma_2/Exceptions/lexical-011.js, opt=-1]" classname="org.mozilla.javascript.tests.MozillaSuiteTest" time="0.021"/>
  <testcase name="runMozillaTest[839, js=testsrc/tests/ecma_2/Exceptions/lexical-012.js, opt=-1]" classname="org.mozilla.javascript.tests.MozillaSuiteTest" time="0.02"/>
  <testcase name="runMozillaTest[840, js=testsrc/tests/ecma_2/Exceptions/lexical-013.js, opt=-1]" classname="org.mozilla.javascript.tests.MozillaSuiteTest" time="0.003"/>
  <testcase name="runMozillaTest[841, js=testsrc/tests/ecma_2/Exceptions/lexical-014.js, opt=-1]" classname="org.mozilla.javascript.tests.MozillaSuiteTest" time="0.032"/>
  <testcase name="runMozillaTest[842, js=testsrc/tests/ecma_2/Exceptions/lexical-015.js, opt=-1]" classname="org.mozilla.javascript.tests.MozillaSuiteTest" time="0.003"/>
  <testcase name="runMozillaTest[843, js=testsrc/tests/ecma_2/Exceptions/lexical-016.js, opt=-1]" classname="org.mozilla.javascript.tests.MozillaSuiteTest" time="0.012"/>
  <testcase name="runMozillaTest[844, js=testsrc/tests/ecma_2/Exceptions/lexical-017.js, opt=-1]" classname="org.mozilla.javascript.tests.MozillaSuiteTest" time="0.01"/>
  <testcase name="runMozillaTest[845, js=testsrc/tests/ecma_2/Exceptions/lexical-018.js, opt=-1]" classname="org.mozilla.javascript.tests.MozillaSuiteTest" time="0.013"/>
  <testcase name="runMozillaTest[846, js=testsrc/tests/ecma_2/Exceptions/lexical-019.js, opt=-1]" classname="org.mozilla.javascript.tests.MozillaSuiteTest" time="0.03"/>
  <testcase name="runMozillaTest[847, js=testsrc/tests/ecma_2/Exceptions/lexical-020.js, opt=-1]" classname="org.mozilla.javascript.tests.MozillaSuiteTest" time="0.003"/>
  <testcase name="runMozillaTest[848, js=testsrc/tests/ecma_2/Exceptions/lexical-021.js, opt=-1]" classname="org.mozilla.javascript.tests.MozillaSuiteTest" time="0.016"/>
  <testcase name="runMozillaTest[849, js=testsrc/tests/ecma_2/Exceptions/lexical-022.js, opt=-1]" classname="org.mozilla.javascript.tests.MozillaSuiteTest" time="0.024"/>
  <testcase name="runMozillaTest[850, js=testsrc/tests/ecma_2/Exceptions/lexical-023.js, opt=-1]" classname="org.mozilla.javascript.tests.MozillaSuiteTest" time="0.007"/>
  <testcase name="runMozillaTest[851, js=testsrc/tests/ecma_2/Exceptions/lexical-024.js, opt=-1]" classname="org.mozilla.javascript.tests.MozillaSuiteTest" time="0.002"/>
  <testcase name="runMozillaTest[852, js=testsrc/tests/ecma_2/Exceptions/lexical-025.js, opt=-1]" classname="org.mozilla.javascript.tests.MozillaSuiteTest" time="0.016"/>
  <testcase name="runMozillaTest[853, js=testsrc/tests/ecma_2/Exceptions/lexical-026.js, opt=-1]" classname="org.mozilla.javascript.tests.MozillaSuiteTest" time="0.013"/>
  <testcase name="runMozillaTest[854, js=testsrc/tests/ecma_2/Exceptions/lexical-027.js, opt=-1]" classname="org.mozilla.javascript.tests.MozillaSuiteTest" time="0.03"/>
  <testcase name="runMozillaTest[855, js=testsrc/tests/ecma_2/Exceptions/lexical-028.js, opt=-1]" classname="org.mozilla.javascript.tests.MozillaSuiteTest" time="0.002"/>
  <testcase name="runMozillaTest[856, js=testsrc/tests/ecma_2/Exceptions/lexical-029.js, opt=-1]" classname="org.mozilla.javascript.tests.MozillaSuiteTest" time="0.002"/>
  <testcase name="runMozillaTest[857, js=testsrc/tests/ecma_2/Exceptions/lexical-030.js, opt=-1]" classname="org.mozilla.javascript.tests.MozillaSuiteTest" time="0.007"/>
  <testcase name="runMozillaTest[858, js=testsrc/tests/ecma_2/Exceptions/lexical-031.js, opt=-1]" classname="org.mozilla.javascript.tests.MozillaSuiteTest" time="0.02"/>
  <testcase name="runMozillaTest[859, js=testsrc/tests/ecma_2/Exceptions/lexical-032.js, opt=-1]" classname="org.mozilla.javascript.tests.MozillaSuiteTest" time="0.002"/>
  <testcase name="runMozillaTest[860, js=testsrc/tests/ecma_2/Exceptions/lexical-033.js, opt=-1]" classname="org.mozilla.javascript.tests.MozillaSuiteTest" time="0.007"/>
  <testcase name="runMozillaTest[861, js=testsrc/tests/ecma_2/Exceptions/lexical-034.js, opt=-1]" classname="org.mozilla.javascript.tests.MozillaSuiteTest" time="0.002"/>
  <testcase name="runMozillaTest[862, js=testsrc/tests/ecma_2/Exceptions/lexical-035.js, opt=-1]" classname="org.mozilla.javascript.tests.MozillaSuiteTest" time="0.017"/>
  <testcase name="runMozillaTest[863, js=testsrc/tests/ecma_2/Exceptions/lexical-036.js, opt=-1]" classname="org.mozilla.javascript.tests.MozillaSuiteTest" time="0.021"/>
  <testcase name="runMozillaTest[864, js=testsrc/tests/ecma_2/Exceptions/lexical-037.js, opt=-1]" classname="org.mozilla.javascript.tests.MozillaSuiteTest" time="0.011"/>
  <testcase name="runMozillaTest[865, js=testsrc/tests/ecma_2/Exceptions/lexical-038.js, opt=-1]" classname="org.mozilla.javascript.tests.MozillaSuiteTest" time="0.011"/>
  <testcase name="runMozillaTest[866, js=testsrc/tests/ecma_2/Exceptions/lexical-039.js, opt=-1]" classname="org.mozilla.javascript.tests.MozillaSuiteTest" time="0.002"/>
  <testcase name="runMozillaTest[867, js=testsrc/tests/ecma_2/Exceptions/lexical-040.js, opt=-1]" classname="org.mozilla.javascript.tests.MozillaSuiteTest" time="0.002"/>
  <testcase name="runMozillaTest[868, js=testsrc/tests/ecma_2/Exceptions/lexical-041.js, opt=-1]" classname="org.mozilla.javascript.tests.MozillaSuiteTest" time="0.022"/>
  <testcase name="runMozillaTest[869, js=testsrc/tests/ecma_2/Exceptions/lexical-042.js, opt=-1]" classname="org.mozilla.javascript.tests.MozillaSuiteTest" time="0.014"/>
  <testcase name="runMozillaTest[870, js=testsrc/tests/ecma_2/Exceptions/lexical-047.js, opt=-1]" classname="org.mozilla.javascript.tests.MozillaSuiteTest" time="0.001"/>
  <testcase name="runMozillaTest[871, js=testsrc/tests/ecma_2/Exceptions/lexical-048.js, opt=-1]" classname="org.mozilla.javascript.tests.MozillaSuiteTest" time="0.013"/>
  <testcase name="runMozillaTest[872, js=testsrc/tests/ecma_2/Exceptions/lexical-049.js, opt=-1]" classname="org.mozilla.javascript.tests.MozillaSuiteTest" time="0.023"/>
  <testcase name="runMozillaTest[873, js=testsrc/tests/ecma_2/Exceptions/lexical-050.js, opt=-1]" classname="org.mozilla.javascript.tests.MozillaSuiteTest" time="0.002"/>
  <testcase name="runMozillaTest[874, js=testsrc/tests/ecma_2/Exceptions/lexical-051.js, opt=-1]" classname="org.mozilla.javascript.tests.MozillaSuiteTest" time="0.006"/>
  <testcase name="runMozillaTest[875, js=testsrc/tests/ecma_2/Exceptions/lexical-052.js, opt=-1]" classname="org.mozilla.javascript.tests.MozillaSuiteTest" time="0.031"/>
  <testcase name="runMozillaTest[876, js=testsrc/tests/ecma_2/Exceptions/lexical-053.js, opt=-1]" classname="org.mozilla.javascript.tests.MozillaSuiteTest" time="0.002"/>
  <testcase name="runMozillaTest[877, js=testsrc/tests/ecma_2/Exceptions/lexical-054.js, opt=-1]" classname="org.mozilla.javascript.tests.MozillaSuiteTest" time="0.002"/>
  <testcase name="runMozillaTest[878, js=testsrc/tests/ecma_2/Exceptions/number-001.js, opt=-1]" classname="org.mozilla.javascript.tests.MozillaSuiteTest" time="0.008"/>
  <testcase name="runMozillaTest[879, js=testsrc/tests/ecma_2/Exceptions/number-002.js, opt=-1]" classname="org.mozilla.javascript.tests.MozillaSuiteTest" time="0.008"/>
  <testcase name="runMozillaTest[880, js=testsrc/tests/ecma_2/Exceptions/number-003.js, opt=-1]" classname="org.mozilla.javascript.tests.MozillaSuiteTest" time="0.019"/>
  <testcase name="runMozillaTest[881, js=testsrc/tests/ecma_2/Exceptions/statement-001.js, opt=-1]" classname="org.mozilla.javascript.tests.MozillaSuiteTest" time="0.018"/>
  <testcase name="runMozillaTest[882, js=testsrc/tests/ecma_2/Exceptions/statement-002.js, opt=-1]" classname="org.mozilla.javascript.tests.MozillaSuiteTest" time="0.003"/>
  <testcase name="runMozillaTest[883, js=testsrc/tests/ecma_2/Exceptions/statement-003.js, opt=-1]" classname="org.mozilla.javascript.tests.MozillaSuiteTest" time="0.002"/>
  <testcase name="runMozillaTest[884, js=testsrc/tests/ecma_2/Exceptions/statement-004.js, opt=-1]" classname="org.mozilla.javascript.tests.MozillaSuiteTest" time="0.02"/>
  <testcase name="runMozillaTest[885, js=testsrc/tests/ecma_2/Exceptions/statement-005.js, opt=-1]" classname="org.mozilla.javascript.tests.MozillaSuiteTest" time="0.002"/>
  <testcase name="runMozillaTest[886, js=testsrc/tests/ecma_2/Exceptions/statement-006.js, opt=-1]" classname="org.mozilla.javascript.tests.MozillaSuiteTest" time="0.008"/>
  <testcase name="runMozillaTest[887, js=testsrc/tests/ecma_2/Exceptions/statement-007.js, opt=-1]" classname="org.mozilla.javascript.tests.MozillaSuiteTest" time="0.001"/>
  <testcase name="runMozillaTest[888, js=testsrc/tests/ecma_2/Exceptions/statement-008.js, opt=-1]" classname="org.mozilla.javascript.tests.MozillaSuiteTest" time="0.017"/>
  <testcase name="runMozillaTest[889, js=testsrc/tests/ecma_2/Exceptions/statement-009.js, opt=-1]" classname="org.mozilla.javascript.tests.MozillaSuiteTest" time="0.008"/>
  <testcase name="runMozillaTest[890, js=testsrc/tests/ecma_2/Exceptions/string-001.js, opt=-1]" classname="org.mozilla.javascript.tests.MozillaSuiteTest" time="0.019"/>
  <testcase name="runMozillaTest[891, js=testsrc/tests/ecma_2/Exceptions/string-002.js, opt=-1]" classname="org.mozilla.javascript.tests.MozillaSuiteTest" time="0.023"/>
  <testcase name="runMozillaTest[892, js=testsrc/tests/ecma_2/Expressions/StrictEquality-001.js, opt=-1]" classname="org.mozilla.javascript.tests.MozillaSuiteTest" time="0.002"/>
  <testcase name="runMozillaTest[893, js=testsrc/tests/ecma_2/FunctionObjects/apply-001-n.js, opt=-1]" classname="org.mozilla.javascript.tests.MozillaSuiteTest" time="0.001"/>
  <testcase name="runMozillaTest[894, js=testsrc/tests/ecma_2/FunctionObjects/call-1.js, opt=-1]" classname="org.mozilla.javascript.tests.MozillaSuiteTest" time="0.015"/>
  <testcase name="runMozillaTest[895, js=testsrc/tests/ecma_2/LexicalConventions/keywords-001.js, opt=-1]" classname="org.mozilla.javascript.tests.MozillaSuiteTest" time="0.005"/>
  <testcase name="runMozillaTest[896, js=testsrc/tests/ecma_2/LexicalConventions/regexp-literals-001.js, opt=-1]" classname="org.mozilla.javascript.tests.MozillaSuiteTest" time="0.017"/>
  <testcase name="runMozillaTest[897, js=testsrc/tests/ecma_2/LexicalConventions/regexp-literals-002.js, opt=-1]" classname="org.mozilla.javascript.tests.MozillaSuiteTest" time="0.001"/>
  <testcase name="runMozillaTest[898, js=testsrc/tests/ecma_2/RegExp/constructor-001.js, opt=-1]" classname="org.mozilla.javascript.tests.MozillaSuiteTest" time="0.001"/>
  <testcase name="runMozillaTest[899, js=testsrc/tests/ecma_2/RegExp/exec-002.js, opt=-1]" classname="org.mozilla.javascript.tests.MozillaSuiteTest" time="0.033"/>
  <testcase name="runMozillaTest[900, js=testsrc/tests/ecma_2/RegExp/function-001.js, opt=-1]" classname="org.mozilla.javascript.tests.MozillaSuiteTest" time="0.004"/>
  <testcase name="runMozillaTest[901, js=testsrc/tests/ecma_2/RegExp/hex-001.js, opt=-1]" classname="org.mozilla.javascript.tests.MozillaSuiteTest" time="0.028"/>
  <testcase name="runMozillaTest[902, js=testsrc/tests/ecma_2/RegExp/multiline-001.js, opt=-1]" classname="org.mozilla.javascript.tests.MozillaSuiteTest" time="0.022"/>
  <testcase name="runMozillaTest[903, js=testsrc/tests/ecma_2/RegExp/octal-001.js, opt=-1]" classname="org.mozilla.javascript.tests.MozillaSuiteTest" time="0.002"/>
  <testcase name="runMozillaTest[904, js=testsrc/tests/ecma_2/RegExp/octal-002.js, opt=-1]" classname="org.mozilla.javascript.tests.MozillaSuiteTest" time="0.009"/>
  <testcase name="runMozillaTest[905, js=testsrc/tests/ecma_2/RegExp/octal-003.js, opt=-1]" classname="org.mozilla.javascript.tests.MozillaSuiteTest" time="0.014"/>
  <testcase name="runMozillaTest[906, js=testsrc/tests/ecma_2/RegExp/properties-001.js, opt=-1]" classname="org.mozilla.javascript.tests.MozillaSuiteTest" time="0.025"/>
  <testcase name="runMozillaTest[907, js=testsrc/tests/ecma_2/RegExp/properties-002.js, opt=-1]" classname="org.mozilla.javascript.tests.MozillaSuiteTest" time="0.049"/>
  <testcase name="runMozillaTest[908, js=testsrc/tests/ecma_2/RegExp/regexp-enumerate-001.js, opt=-1]" classname="org.mozilla.javascript.tests.MozillaSuiteTest" time="0.002"/>
  <testcase name="runMozillaTest[909, js=testsrc/tests/ecma_2/RegExp/regress-001.js, opt=-1]" classname="org.mozilla.javascript.tests.MozillaSuiteTest" time="0.018"/>
  <testcase name="runMozillaTest[910, js=testsrc/tests/ecma_2/RegExp/unicode-001.js, opt=-1]" classname="org.mozilla.javascript.tests.MozillaSuiteTest" time="0.011"/>
  <testcase name="runMozillaTest[911, js=testsrc/tests/ecma_2/Statements/dowhile-001.js, opt=-1]" classname="org.mozilla.javascript.tests.MozillaSuiteTest" time="0.016"/>
  <testcase name="runMozillaTest[912, js=testsrc/tests/ecma_2/Statements/dowhile-002.js, opt=-1]" classname="org.mozilla.javascript.tests.MozillaSuiteTest" time="0.026"/>
  <testcase name="runMozillaTest[913, js=testsrc/tests/ecma_2/Statements/dowhile-003.js, opt=-1]" classname="org.mozilla.javascript.tests.MozillaSuiteTest" time="0.052"/>
  <testcase name="runMozillaTest[914, js=testsrc/tests/ecma_2/Statements/dowhile-004.js, opt=-1]" classname="org.mozilla.javascript.tests.MozillaSuiteTest" time="0.005"/>
  <testcase name="runMozillaTest[915, js=testsrc/tests/ecma_2/Statements/dowhile-005.js, opt=-1]" classname="org.mozilla.javascript.tests.MozillaSuiteTest" time="0.003"/>
  <testcase name="runMozillaTest[916, js=testsrc/tests/ecma_2/Statements/dowhile-006.js, opt=-1]" classname="org.mozilla.javascript.tests.MozillaSuiteTest" time="0.002"/>
  <testcase name="runMozillaTest[917, js=testsrc/tests/ecma_2/Statements/dowhile-007.js, opt=-1]" classname="org.mozilla.javascript.tests.MozillaSuiteTest" time="0.011"/>
  <testcase name="runMozillaTest[918, js=testsrc/tests/ecma_2/Statements/forin-001.js, opt=-1]" classname="org.mozilla.javascript.tests.MozillaSuiteTest" time="0.037"/>
  <testcase name="runMozillaTest[919, js=testsrc/tests/ecma_2/Statements/forin-002.js, opt=-1]" classname="org.mozilla.javascript.tests.MozillaSuiteTest" time="0.046"/>
  <testcase name="runMozillaTest[920, js=testsrc/tests/ecma_2/Statements/if-001.js, opt=-1]" classname="org.mozilla.javascript.tests.MozillaSuiteTest" time="0.005"/>
  <testcase name="runMozillaTest[921, js=testsrc/tests/ecma_2/Statements/label-001.js, opt=-1]" classname="org.mozilla.javascript.tests.MozillaSuiteTest" time="0.008"/>
  <testcase name="runMozillaTest[922, js=testsrc/tests/ecma_2/Statements/label-002.js, opt=-1]" classname="org.mozilla.javascript.tests.MozillaSuiteTest" time="0.013"/>
  <testcase name="runMozillaTest[923, js=testsrc/tests/ecma_2/Statements/switch-001.js, opt=-1]" classname="org.mozilla.javascript.tests.MozillaSuiteTest" time="0.015"/>
  <testcase name="runMozillaTest[924, js=testsrc/tests/ecma_2/Statements/switch-002.js, opt=-1]" classname="org.mozilla.javascript.tests.MozillaSuiteTest" time="0.014"/>
  <testcase name="runMozillaTest[925, js=testsrc/tests/ecma_2/Statements/switch-003.js, opt=-1]" classname="org.mozilla.javascript.tests.MozillaSuiteTest" time="0.006"/>
  <testcase name="runMozillaTest[926, js=testsrc/tests/ecma_2/Statements/switch-004.js, opt=-1]" classname="org.mozilla.javascript.tests.MozillaSuiteTest" time="0.01"/>
  <testcase name="runMozillaTest[927, js=testsrc/tests/ecma_2/Statements/try-001.js, opt=-1]" classname="org.mozilla.javascript.tests.MozillaSuiteTest" time="0.021"/>
  <testcase name="runMozillaTest[928, js=testsrc/tests/ecma_2/Statements/try-003.js, opt=-1]" classname="org.mozilla.javascript.tests.MozillaSuiteTest" time="0.003"/>
  <testcase name="runMozillaTest[929, js=testsrc/tests/ecma_2/Statements/try-004.js, opt=-1]" classname="org.mozilla.javascript.tests.MozillaSuiteTest" time="0.013"/>
  <testcase name="runMozillaTest[930, js=testsrc/tests/ecma_2/Statements/try-005.js, opt=-1]" classname="org.mozilla.javascript.tests.MozillaSuiteTest" time="0.002"/>
  <testcase name="runMozillaTest[931, js=testsrc/tests/ecma_2/Statements/try-006.js, opt=-1]" classname="org.mozilla.javascript.tests.MozillaSuiteTest" time="0.031"/>
  <testcase name="runMozillaTest[932, js=testsrc/tests/ecma_2/Statements/try-007.js, opt=-1]" classname="org.mozilla.javascript.tests.MozillaSuiteTest" time="0.003"/>
  <testcase name="runMozillaTest[933, js=testsrc/tests/ecma_2/Statements/try-008.js, opt=-1]" classname="org.mozilla.javascript.tests.MozillaSuiteTest" time="0.012"/>
  <testcase name="runMozillaTest[934, js=testsrc/tests/ecma_2/Statements/try-009.js, opt=-1]" classname="org.mozilla.javascript.tests.MozillaSuiteTest" time="0.007"/>
  <testcase name="runMozillaTest[935, js=testsrc/tests/ecma_2/Statements/try-010.js, opt=-1]" classname="org.mozilla.javascript.tests.MozillaSuiteTest" time="0.018"/>
  <testcase name="runMozillaTest[936, js=testsrc/tests/ecma_2/Statements/try-012.js, opt=-1]" classname="org.mozilla.javascript.tests.MozillaSuiteTest" time="0.004"/>
  <testcase name="runMozillaTest[937, js=testsrc/tests/ecma_2/Statements/while-001.js, opt=-1]" classname="org.mozilla.javascript.tests.MozillaSuiteTest" time="0.015"/>
  <testcase name="runMozillaTest[938, js=testsrc/tests/ecma_2/Statements/while-002.js, opt=-1]" classname="org.mozilla.javascript.tests.MozillaSuiteTest" time="0.016"/>
  <testcase name="runMozillaTest[939, js=testsrc/tests/ecma_2/Statements/while-003.js, opt=-1]" classname="org.mozilla.javascript.tests.MozillaSuiteTest" time="0.004"/>
  <testcase name="runMozillaTest[940, js=testsrc/tests/ecma_2/Statements/while-004.js, opt=-1]" classname="org.mozilla.javascript.tests.MozillaSuiteTest" time="0.03"/>
  <testcase name="runMozillaTest[941, js=testsrc/tests/ecma_2/String/match-001.js, opt=-1]" classname="org.mozilla.javascript.tests.MozillaSuiteTest" time="0.023"/>
  <testcase name="runMozillaTest[942, js=testsrc/tests/ecma_2/String/match-002.js, opt=-1]" classname="org.mozilla.javascript.tests.MozillaSuiteTest" time="0.008"/>
  <testcase name="runMozillaTest[943, js=testsrc/tests/ecma_2/String/match-003.js, opt=-1]" classname="org.mozilla.javascript.tests.MozillaSuiteTest" time="0.011"/>
  <testcase name="runMozillaTest[944, js=testsrc/tests/ecma_2/String/match-004.js, opt=-1]" classname="org.mozilla.javascript.tests.MozillaSuiteTest" time="0.018"/>
  <testcase name="runMozillaTest[945, js=testsrc/tests/ecma_2/String/split-001.js, opt=-1]" classname="org.mozilla.javascript.tests.MozillaSuiteTest" time="0.005"/>
  <testcase name="runMozillaTest[946, js=testsrc/tests/ecma_2/String/split-002.js, opt=-1]" classname="org.mozilla.javascript.tests.MozillaSuiteTest" time="0.069"/>
  <testcase name="runMozillaTest[947, js=testsrc/tests/ecma_2/String/split-003.js, opt=-1]" classname="org.mozilla.javascript.tests.MozillaSuiteTest" time="0.02"/>
  <testcase name="runMozillaTest[948, js=testsrc/tests/ecma_2/extensions/constructor-001.js, opt=-1]" classname="org.mozilla.javascript.tests.MozillaSuiteTest" time="0.014"/>
  <testcase name="runMozillaTest[949, js=testsrc/tests/ecma_2/extensions/function-001.js, opt=-1]" classname="org.mozilla.javascript.tests.MozillaSuiteTest" time="0.003"/>
  <testcase name="runMozillaTest[950, js=testsrc/tests/ecma_2/extensions/instanceof-001.js, opt=-1]" classname="org.mozilla.javascript.tests.MozillaSuiteTest" time="0.027"/>
  <testcase name="runMozillaTest[951, js=testsrc/tests/ecma_2/extensions/instanceof-002.js, opt=-1]" classname="org.mozilla.javascript.tests.MozillaSuiteTest" time="0.011"/>
  <testcase name="runMozillaTest[952, js=testsrc/tests/ecma_2/extensions/instanceof-003-n.js, opt=-1]" classname="org.mozilla.javascript.tests.MozillaSuiteTest" time="0.002"/>
  <testcase name="runMozillaTest[953, js=testsrc/tests/ecma_2/extensions/instanceof-004-n.js, opt=-1]" classname="org.mozilla.javascript.tests.MozillaSuiteTest" time="0.017"/>
  <testcase name="runMozillaTest[954, js=testsrc/tests/ecma_2/extensions/instanceof-005-n.js, opt=-1]" classname="org.mozilla.javascript.tests.MozillaSuiteTest" time="0.017"/>
  <testcase name="runMozillaTest[955, js=testsrc/tests/ecma_2/extensions/instanceof-006.js, opt=-1]" classname="org.mozilla.javascript.tests.MozillaSuiteTest" time="0.004"/>
  <testcase name="runMozillaTest[956, js=testsrc/tests/ecma_2/instanceof/instanceof-001.js, opt=-1]" classname="org.mozilla.javascript.tests.MozillaSuiteTest" time="0.002"/>
  <testcase name="runMozillaTest[957, js=testsrc/tests/ecma_2/instanceof/instanceof-002.js, opt=-1]" classname="org.mozilla.javascript.tests.MozillaSuiteTest" time="0.009"/>
  <testcase name="runMozillaTest[958, js=testsrc/tests/ecma_2/instanceof/regress-7635.js, opt=-1]" classname="org.mozilla.javascript.tests.MozillaSuiteTest" time="0.004"/>
  <testcase name="runMozillaTest[959, js=testsrc/tests/ecma_2/jsref.js, opt=-1]" classname="org.mozilla.javascript.tests.MozillaSuiteTest" time="0.054"/>
  <testcase name="runMozillaTest[960, js=testsrc/tests/ecma_3/Array/15.4.4.11-01.js, opt=-1]" classname="org.mozilla.javascript.tests.MozillaSuiteTest" time="0.002"/>
  <testcase name="runMozillaTest[961, js=testsrc/tests/ecma_3/Array/15.4.4.3-1.js, opt=-1]" classname="org.mozilla.javascript.tests.MozillaSuiteTest" time="0.001"/>
  <testcase name="runMozillaTest[962, js=testsrc/tests/ecma_3/Array/15.4.4.4-001.js, opt=-1]" classname="org.mozilla.javascript.tests.MozillaSuiteTest" time="0.002"/>
  <testcase name="runMozillaTest[963, js=testsrc/tests/ecma_3/Array/15.5.4.8-01.js, opt=-1]" classname="org.mozilla.javascript.tests.MozillaSuiteTest" time="0.03"/>
  <testcase name="runMozillaTest[964, js=testsrc/tests/ecma_3/Array/regress-101488.js, opt=-1]" classname="org.mozilla.javascript.tests.MozillaSuiteTest" time="0.002"/>
  <testcase name="runMozillaTest[965, js=testsrc/tests/ecma_3/Array/regress-130451.js, opt=-1]" classname="org.mozilla.javascript.tests.MozillaSuiteTest" time="0.016"/>
  <testcase name="runMozillaTest[966, js=testsrc/tests/ecma_3/Array/regress-322135-01.js, opt=-1]" classname="org.mozilla.javascript.tests.MozillaSuiteTest" time="0.015"/>
  <testcase name="runMozillaTest[967, js=testsrc/tests/ecma_3/Array/regress-390598.js, opt=-1]" classname="org.mozilla.javascript.tests.MozillaSuiteTest" time="0.006"/>
  <testcase name="runMozillaTest[968, js=testsrc/tests/ecma_3/Array/regress-421325.js, opt=-1]" classname="org.mozilla.javascript.tests.MozillaSuiteTest" time="0.007"/>
  <testcase name="runMozillaTest[969, js=testsrc/tests/ecma_3/Array/regress-430717.js, opt=-1]" classname="org.mozilla.javascript.tests.MozillaSuiteTest" time="0.018"/>
  <testcase name="runMozillaTest[970, js=testsrc/tests/ecma_3/Array/regress-488989.js, opt=-1]" classname="org.mozilla.javascript.tests.MozillaSuiteTest" time="0.002"/>
  <testcase name="runMozillaTest[971, js=testsrc/tests/ecma_3/Date/15.9.1.2-01.js, opt=-1]" classname="org.mozilla.javascript.tests.MozillaSuiteTest" time="0.017"/>
  <testcase name="runMozillaTest[972, js=testsrc/tests/ecma_3/Date/15.9.4.3.js, opt=-1]" classname="org.mozilla.javascript.tests.MozillaSuiteTest" time="0.015"/>
  <testcase name="runMozillaTest[973, js=testsrc/tests/ecma_3/Date/15.9.5.3.js, opt=-1]" classname="org.mozilla.javascript.tests.MozillaSuiteTest" time="0.007"/>
  <testcase name="runMozillaTest[974, js=testsrc/tests/ecma_3/Date/15.9.5.4.js, opt=-1]" classname="org.mozilla.javascript.tests.MozillaSuiteTest" time="0.033"/>
  <testcase name="runMozillaTest[975, js=testsrc/tests/ecma_3/Date/15.9.5.5.js, opt=-1]" classname="org.mozilla.javascript.tests.MozillaSuiteTest" time="0.026"/>
  <testcase name="runMozillaTest[976, js=testsrc/tests/ecma_3/Date/15.9.5.6.js, opt=-1]" classname="org.mozilla.javascript.tests.MozillaSuiteTest" time="0.003"/>
  <testcase name="runMozillaTest[977, js=testsrc/tests/ecma_3/Date/15.9.5.7.js, opt=-1]" classname="org.mozilla.javascript.tests.MozillaSuiteTest" time="0.027"/>
  <testcase name="runMozillaTest[978, js=testsrc/tests/ecma_3/Date/regress-452786.js, opt=-1]" classname="org.mozilla.javascript.tests.MozillaSuiteTest" time="0.003"/>
  <testcase name="runMozillaTest[979, js=testsrc/tests/ecma_3/Exceptions/15.11.1.1.js, opt=-1]" classname="org.mozilla.javascript.tests.MozillaSuiteTest" time="0.002"/>
  <testcase name="runMozillaTest[980, js=testsrc/tests/ecma_3/Exceptions/15.11.4.4-1.js, opt=-1]" classname="org.mozilla.javascript.tests.MozillaSuiteTest" time="0.04"/>
  <testcase name="runMozillaTest[981, js=testsrc/tests/ecma_3/Exceptions/15.11.7.6-001.js, opt=-1]" classname="org.mozilla.javascript.tests.MozillaSuiteTest" time="0.003"/>
  <testcase name="runMozillaTest[982, js=testsrc/tests/ecma_3/Exceptions/15.11.7.6-002.js, opt=-1]" classname="org.mozilla.javascript.tests.MozillaSuiteTest" time="0.013"/>
  <testcase name="runMozillaTest[983, js=testsrc/tests/ecma_3/Exceptions/15.11.7.6-003.js, opt=-1]" classname="org.mozilla.javascript.tests.MozillaSuiteTest" time="0.019"/>
  <testcase name="runMozillaTest[984, js=testsrc/tests/ecma_3/Exceptions/binding-001.js, opt=-1]" classname="org.mozilla.javascript.tests.MozillaSuiteTest" time="0.003"/>
  <testcase name="runMozillaTest[985, js=testsrc/tests/ecma_3/Exceptions/regress-58946.js, opt=-1]" classname="org.mozilla.javascript.tests.MozillaSuiteTest" time="0.006"/>
  <testcase name="runMozillaTest[986, js=testsrc/tests/ecma_3/Exceptions/regress-95101.js, opt=-1]" classname="org.mozilla.javascript.tests.MozillaSuiteTest" time="0.027"/>
  <testcase name="runMozillaTest[987, js=testsrc/tests/ecma_3/ExecutionContexts/10.1.3-1.js, opt=-1]" classname="org.mozilla.javascript.tests.MozillaSuiteTest" time="0.024"/>
  <testcase name="runMozillaTest[988, js=testsrc/tests/ecma_3/ExecutionContexts/10.1.3-2.js, opt=-1]" classname="org.mozilla.javascript.tests.MozillaSuiteTest" time="0.002"/>
  <testcase name="runMozillaTest[989, js=testsrc/tests/ecma_3/ExecutionContexts/10.1.3.js, opt=-1]" classname="org.mozilla.javascript.tests.MozillaSuiteTest" time="0.015"/>
  <testcase name="runMozillaTest[990, js=testsrc/tests/ecma_3/ExecutionContexts/10.1.4-1.js, opt=-1]" classname="org.mozilla.javascript.tests.MozillaSuiteTest" time="0.001"/>
  <testcase name="runMozillaTest[991, js=testsrc/tests/ecma_3/ExecutionContexts/10.6.1-01.js, opt=-1]" classname="org.mozilla.javascript.tests.MozillaSuiteTest" time="0.018"/>
  <testcase name="runMozillaTest[992, js=testsrc/tests/ecma_3/ExecutionContexts/regress-23346.js, opt=-1]" classname="org.mozilla.javascript.tests.MozillaSuiteTest" time="0.014"/>
  <testcase name="runMozillaTest[993, js=testsrc/tests/ecma_3/ExecutionContexts/regress-448595-01.js, opt=-1]" classname="org.mozilla.javascript.tests.MozillaSuiteTest" time="0.006"/>
  <testcase name="runMozillaTest[994, js=testsrc/tests/ecma_3/Expressions/11.10-01.js, opt=-1]" classname="org.mozilla.javascript.tests.MozillaSuiteTest" time="0.002"/>
  <testcase name="runMozillaTest[995, js=testsrc/tests/ecma_3/Expressions/11.10-02.js, opt=-1]" classname="org.mozilla.javascript.tests.MozillaSuiteTest" time="0.002"/>
  <testcase name="runMozillaTest[996, js=testsrc/tests/ecma_3/Expressions/11.10-03.js, opt=-1]" classname="org.mozilla.javascript.tests.MozillaSuiteTest" time="0.021"/>
  <testcase name="runMozillaTest[997, js=testsrc/tests/ecma_3/Expressions/11.6.1-1.js, opt=-1]" classname="org.mozilla.javascript.tests.MozillaSuiteTest" time="0.034"/>
  <testcase name="runMozillaTest[998, js=testsrc/tests/ecma_3/Expressions/11.7.1-01.js, opt=-1]" classname="org.mozilla.javascript.tests.MozillaSuiteTest" time="0.002"/>
  <testcase name="runMozillaTest[999, js=testsrc/tests/ecma_3/Expressions/11.7.2-01.js, opt=-1]" classname="org.mozilla.javascript.tests.MozillaSuiteTest" time="0.002"/>
  <testcase name="runMozillaTest[1000, js=testsrc/tests/ecma_3/Expressions/11.7.3-01.js, opt=-1]" classname="org.mozilla.javascript.tests.MozillaSuiteTest" time="0.001"/>
  <testcase name="runMozillaTest[1001, js=testsrc/tests/ecma_3/Expressions/11.9.6-1.js, opt=-1]" classname="org.mozilla.javascript.tests.MozillaSuiteTest" time="0.002"/>
  <testcase name="runMozillaTest[1002, js=testsrc/tests/ecma_3/FunExpr/fe-001-n.js, opt=-1]" classname="org.mozilla.javascript.tests.MozillaSuiteTest" time="0.005"/>
  <testcase name="runMozillaTest[1003, js=testsrc/tests/ecma_3/FunExpr/fe-001.js, opt=-1]" classname="org.mozilla.javascript.tests.MozillaSuiteTest" time="0.021"/>
  <testcase name="runMozillaTest[1004, js=testsrc/tests/ecma_3/FunExpr/fe-002.js, opt=-1]" classname="org.mozilla.javascript.tests.MozillaSuiteTest" time="0.001"/>
  <testcase name="runMozillaTest[1005, js=testsrc/tests/ecma_3/Function/15.3.4.3-1.js, opt=-1]" classname="org.mozilla.javascript.tests.MozillaSuiteTest" time="0.014"/>
  <testcase name="runMozillaTest[1006, js=testsrc/tests/ecma_3/Function/15.3.4.4-1.js, opt=-1]" classname="org.mozilla.javascript.tests.MozillaSuiteTest" time="0.014"/>
  <testcase name="runMozillaTest[1007, js=testsrc/tests/ecma_3/Function/arguments-001.js, opt=-1]" classname="org.mozilla.javascript.tests.MozillaSuiteTest" time="0.039"/>
  <testcase name="runMozillaTest[1008, js=testsrc/tests/ecma_3/Function/arguments-002.js, opt=-1]" classname="org.mozilla.javascript.tests.MozillaSuiteTest" time="0.002"/>
  <testcase name="runMozillaTest[1009, js=testsrc/tests/ecma_3/Function/call-001.js, opt=-1]" classname="org.mozilla.javascript.tests.MozillaSuiteTest" time="0.018"/>
  <testcase name="runMozillaTest[1010, js=testsrc/tests/ecma_3/Function/regress-131964.js, opt=-1]" classname="org.mozilla.javascript.tests.MozillaSuiteTest" time="0.017"/>
  <testcase name="runMozillaTest[1011, js=testsrc/tests/ecma_3/Function/regress-137181.js, opt=-1]" classname="org.mozilla.javascript.tests.MozillaSuiteTest" time="0.002"/>
  <testcase name="runMozillaTest[1012, js=testsrc/tests/ecma_3/Function/regress-193555.js, opt=-1]" classname="org.mozilla.javascript.tests.MozillaSuiteTest" time="0.015"/>
  <testcase name="runMozillaTest[1013, js=testsrc/tests/ecma_3/Function/regress-313570.js, opt=-1]" classname="org.mozilla.javascript.tests.MozillaSuiteTest" time="0.004"/>
  <testcase name="runMozillaTest[1014, js=testsrc/tests/ecma_3/Function/regress-49286.js, opt=-1]" classname="org.mozilla.javascript.tests.MozillaSuiteTest" time="0.029"/>
  <testcase name="runMozillaTest[1015, js=testsrc/tests/ecma_3/Function/regress-58274.js, opt=-1]" classname="org.mozilla.javascript.tests.MozillaSuiteTest" time="0.023"/>
  <testcase name="runMozillaTest[1016, js=testsrc/tests/ecma_3/Function/regress-85880.js, opt=-1]" classname="org.mozilla.javascript.tests.MozillaSuiteTest" time="0.006"/>
  <testcase name="runMozillaTest[1017, js=testsrc/tests/ecma_3/Function/regress-94506.js, opt=-1]" classname="org.mozilla.javascript.tests.MozillaSuiteTest" time="0.024"/>
  <testcase name="runMozillaTest[1018, js=testsrc/tests/ecma_3/Function/regress-97921.js, opt=-1]" classname="org.mozilla.javascript.tests.MozillaSuiteTest" time="0.003"/>
  <testcase name="runMozillaTest[1019, js=testsrc/tests/ecma_3/Function/scope-001.js, opt=-1]" classname="org.mozilla.javascript.tests.MozillaSuiteTest" time="0.03"/>
  <testcase name="runMozillaTest[1020, js=testsrc/tests/ecma_3/Function/scope-002.js, opt=-1]" classname="org.mozilla.javascript.tests.MozillaSuiteTest" time="0.004"/>
  <testcase name="runMozillaTest[1021, js=testsrc/tests/ecma_3/Number/15.7.4.2-01.js, opt=-1]" classname="org.mozilla.javascript.tests.MozillaSuiteTest" time="0.011"/>
  <testcase name="runMozillaTest[1022, js=testsrc/tests/ecma_3/Number/15.7.4.3-02.js, opt=-1]" classname="org.mozilla.javascript.tests.MozillaSuiteTest" time="0.007"/>
  <testcase name="runMozillaTest[1023, js=testsrc/tests/ecma_3/Number/15.7.4.5-1.js, opt=-1]" classname="org.mozilla.javascript.tests.MozillaSuiteTest" time="0.019"/>
  <testcase name="runMozillaTest[1024, js=testsrc/tests/ecma_3/Number/15.7.4.5-2.js, opt=-1]" classname="org.mozilla.javascript.tests.MozillaSuiteTest" time="0.002"/>
  <testcase name="runMozillaTest[1025, js=testsrc/tests/ecma_3/Number/15.7.4.6-1.js, opt=-1]" classname="org.mozilla.javascript.tests.MozillaSuiteTest" time="0.002"/>
  <testcase name="runMozillaTest[1026, js=testsrc/tests/ecma_3/Number/15.7.4.7-1.js, opt=-1]" classname="org.mozilla.javascript.tests.MozillaSuiteTest" time="0.022"/>
  <testcase name="runMozillaTest[1027, js=testsrc/tests/ecma_3/Number/15.7.4.7-2.js, opt=-1]" classname="org.mozilla.javascript.tests.MozillaSuiteTest" time="0.002"/>
  <testcase name="runMozillaTest[1028, js=testsrc/tests/ecma_3/Number/regress-442242-01.js, opt=-1]" classname="org.mozilla.javascript.tests.MozillaSuiteTest" time="0.008"/>
  <testcase name="runMozillaTest[1029, js=testsrc/tests/ecma_3/NumberFormatting/tostring-001.js, opt=-1]" classname="org.mozilla.javascript.tests.MozillaSuiteTest" time="0.029"/>
  <testcase name="runMozillaTest[1030, js=testsrc/tests/ecma_3/Object/8.6.2.6-001.js, opt=-1]" classname="org.mozilla.javascript.tests.MozillaSuiteTest" time="0.003"/>
  <testcase name="runMozillaTest[1031, js=testsrc/tests/ecma_3/Object/class-001.js, opt=-1]" classname="org.mozilla.javascript.tests.MozillaSuiteTest" time="0.012"/>
  <testcase name="runMozillaTest[1032, js=testsrc/tests/ecma_3/Object/class-002.js, opt=-1]" classname="org.mozilla.javascript.tests.MozillaSuiteTest" time="0.019"/>
  <testcase name="runMozillaTest[1033, js=testsrc/tests/ecma_3/Object/class-003.js, opt=-1]" classname="org.mozilla.javascript.tests.MozillaSuiteTest" time="0.003"/>
  <testcase name="runMozillaTest[1034, js=testsrc/tests/ecma_3/Object/class-004.js, opt=-1]" classname="org.mozilla.javascript.tests.MozillaSuiteTest" time="0.002"/>
  <testcase name="runMozillaTest[1035, js=testsrc/tests/ecma_3/Object/class-005.js, opt=-1]" classname="org.mozilla.javascript.tests.MozillaSuiteTest" time="0.014"/>
  <testcase name="runMozillaTest[1036, js=testsrc/tests/ecma_3/Object/regress-361274.js, opt=-1]" classname="org.mozilla.javascript.tests.MozillaSuiteTest" time="0.002"/>
  <testcase name="runMozillaTest[1037, js=testsrc/tests/ecma_3/Object/regress-385393-07.js, opt=-1]" classname="org.mozilla.javascript.tests.MozillaSuiteTest" time="0.02"/>
  <testcase name="runMozillaTest[1038, js=testsrc/tests/ecma_3/Object/regress-459405.js, opt=-1]" classname="org.mozilla.javascript.tests.MozillaSuiteTest" time="0.018"/>
  <testcase name="runMozillaTest[1039, js=testsrc/tests/ecma_3/Object/regress-72773.js, opt=-1]" classname="org.mozilla.javascript.tests.MozillaSuiteTest" time="0.02"/>
  <testcase name="runMozillaTest[1040, js=testsrc/tests/ecma_3/Object/regress-79129-001.js, opt=-1]" classname="org.mozilla.javascript.tests.MozillaSuiteTest" time="0.002"/>
  <testcase name="runMozillaTest[1041, js=testsrc/tests/ecma_3/Operators/11.13.1-001.js, opt=-1]" classname="org.mozilla.javascript.tests.MozillaSuiteTest" time="0.002"/>
  <testcase name="runMozillaTest[1042, js=testsrc/tests/ecma_3/Operators/11.13.1-002.js, opt=-1]" classname="org.mozilla.javascript.tests.MozillaSuiteTest" time="0.001"/>
  <testcase name="runMozillaTest[1043, js=testsrc/tests/ecma_3/Operators/11.4.1-001.js, opt=-1]" classname="org.mozilla.javascript.tests.MozillaSuiteTest" time="0.026"/>
  <testcase name="runMozillaTest[1044, js=testsrc/tests/ecma_3/Operators/11.4.1-002.js, opt=-1]" classname="org.mozilla.javascript.tests.MozillaSuiteTest" time="0.007"/>
  <testcase name="runMozillaTest[1045, js=testsrc/tests/ecma_3/RegExp/15.10.2-1.js, opt=-1]" classname="org.mozilla.javascript.tests.MozillaSuiteTest" time="0.007"/>
  <testcase name="runMozillaTest[1046, js=testsrc/tests/ecma_3/RegExp/15.10.2.12.js, opt=-1]" classname="org.mozilla.javascript.tests.MozillaSuiteTest" time="0.014"/>
  <testcase name="runMozillaTest[1047, js=testsrc/tests/ecma_3/RegExp/15.10.3.1-1.js, opt=-1]" classname="org.mozilla.javascript.tests.MozillaSuiteTest" time="0.027"/>
  <testcase name="runMozillaTest[1048, js=testsrc/tests/ecma_3/RegExp/15.10.3.1-2.js, opt=-1]" classname="org.mozilla.javascript.tests.MozillaSuiteTest" time="0.022"/>
  <testcase name="runMozillaTest[1049, js=testsrc/tests/ecma_3/RegExp/15.10.4.1-1.js, opt=-1]" classname="org.mozilla.javascript.tests.MozillaSuiteTest" time="0.012"/>
  <testcase name="runMozillaTest[1050, js=testsrc/tests/ecma_3/RegExp/15.10.4.1-2.js, opt=-1]" classname="org.mozilla.javascript.tests.MozillaSuiteTest" time="0.002"/>
  <testcase name="runMozillaTest[1051, js=testsrc/tests/ecma_3/RegExp/15.10.4.1-3.js, opt=-1]" classname="org.mozilla.javascript.tests.MozillaSuiteTest" time="0.02"/>
  <testcase name="runMozillaTest[1052, js=testsrc/tests/ecma_3/RegExp/15.10.4.1-4.js, opt=-1]" classname="org.mozilla.javascript.tests.MozillaSuiteTest" time="0.012"/>
  <testcase name="runMozillaTest[1053, js=testsrc/tests/ecma_3/RegExp/15.10.4.1-5-n.js, opt=-1]" classname="org.mozilla.javascript.tests.MozillaSuiteTest" time="0.043"/>
  <testcase name="runMozillaTest[1054, js=testsrc/tests/ecma_3/RegExp/15.10.6.2-1.js, opt=-1]" classname="org.mozilla.javascript.tests.MozillaSuiteTest" time="0.002"/>
  <testcase name="runMozillaTest[1055, js=testsrc/tests/ecma_3/RegExp/15.10.6.2-2.js, opt=-1]" classname="org.mozilla.javascript.tests.MozillaSuiteTest" time="0.005"/>
  <testcase name="runMozillaTest[1056, js=testsrc/tests/ecma_3/RegExp/octal-001.js, opt=-1]" classname="org.mozilla.javascript.tests.MozillaSuiteTest" time="0.023"/>
  <testcase name="runMozillaTest[1057, js=testsrc/tests/ecma_3/RegExp/octal-002.js, opt=-1]" classname="org.mozilla.javascript.tests.MozillaSuiteTest" time="0.011"/>
  <testcase name="runMozillaTest[1058, js=testsrc/tests/ecma_3/RegExp/perlstress-001.js, opt=-1]" classname="org.mozilla.javascript.tests.MozillaSuiteTest" time="0.307"/>
  <testcase name="runMozillaTest[1059, js=testsrc/tests/ecma_3/RegExp/perlstress-002.js, opt=-1]" classname="org.mozilla.javascript.tests.MozillaSuiteTest" time="0.166"/>
  <testcase name="runMozillaTest[1060, js=testsrc/tests/ecma_3/RegExp/regress-100199.js, opt=-1]" classname="org.mozilla.javascript.tests.MozillaSuiteTest" time="0.01"/>
  <testcase name="runMozillaTest[1061, js=testsrc/tests/ecma_3/RegExp/regress-105972.js, opt=-1]" classname="org.mozilla.javascript.tests.MozillaSuiteTest" time="0.008"/>
  <testcase name="runMozillaTest[1062, js=testsrc/tests/ecma_3/RegExp/regress-119909.js, opt=-1]" classname="org.mozilla.javascript.tests.MozillaSuiteTest" time="0.02"/>
  <testcase name="runMozillaTest[1063, js=testsrc/tests/ecma_3/RegExp/regress-122076.js, opt=-1]" classname="org.mozilla.javascript.tests.MozillaSuiteTest" time="0.012"/>
  <testcase name="runMozillaTest[1064, js=testsrc/tests/ecma_3/RegExp/regress-123437.js, opt=-1]" classname="org.mozilla.javascript.tests.MozillaSuiteTest" time="0.035"/>
  <testcase name="runMozillaTest[1065, js=testsrc/tests/ecma_3/RegExp/regress-165353.js, opt=-1]" classname="org.mozilla.javascript.tests.MozillaSuiteTest" time="0.002"/>
  <testcase name="runMozillaTest[1066, js=testsrc/tests/ecma_3/RegExp/regress-169497.js, opt=-1]" classname="org.mozilla.javascript.tests.MozillaSuiteTest" time="0.002"/>
  <testcase name="runMozillaTest[1067, js=testsrc/tests/ecma_3/RegExp/regress-169534.js, opt=-1]" classname="org.mozilla.javascript.tests.MozillaSuiteTest" time="0.016"/>
  <testcase name="runMozillaTest[1068, js=testsrc/tests/ecma_3/RegExp/regress-187133.js, opt=-1]" classname="org.mozilla.javascript.tests.MozillaSuiteTest" time="0.022"/>
  <testcase name="runMozillaTest[1069, js=testsrc/tests/ecma_3/RegExp/regress-191479.js, opt=-1]" classname="org.mozilla.javascript.tests.MozillaSuiteTest" time="0.006"/>
  <testcase name="runMozillaTest[1070, js=testsrc/tests/ecma_3/RegExp/regress-202564.js, opt=-1]" classname="org.mozilla.javascript.tests.MozillaSuiteTest" time="0.017"/>
  <testcase name="runMozillaTest[1071, js=testsrc/tests/ecma_3/RegExp/regress-209067.js, opt=-1]" classname="org.mozilla.javascript.tests.MozillaSuiteTest" time="0.345"/>
  <testcase name="runMozillaTest[1072, js=testsrc/tests/ecma_3/RegExp/regress-209919.js, opt=-1]" classname="org.mozilla.javascript.tests.MozillaSuiteTest" time="0.003"/>
  <testcase name="runMozillaTest[1073, js=testsrc/tests/ecma_3/RegExp/regress-216591.js, opt=-1]" classname="org.mozilla.javascript.tests.MozillaSuiteTest" time="0.006"/>
  <testcase name="runMozillaTest[1074, js=testsrc/tests/ecma_3/RegExp/regress-220367-001.js, opt=-1]" classname="org.mozilla.javascript.tests.MozillaSuiteTest" time="0.012"/>
  <testcase name="runMozillaTest[1075, js=testsrc/tests/ecma_3/RegExp/regress-223273.js, opt=-1]" classname="org.mozilla.javascript.tests.MozillaSuiteTest" time="0.02"/>
  <testcase name="runMozillaTest[1076, js=testsrc/tests/ecma_3/RegExp/regress-223535.js, opt=-1]" classname="org.mozilla.javascript.tests.MozillaSuiteTest" time="0.015"/>
  <testcase name="runMozillaTest[1077, js=testsrc/tests/ecma_3/RegExp/regress-224676.js, opt=-1]" classname="org.mozilla.javascript.tests.MozillaSuiteTest" time="0.043"/>
  <testcase name="runMozillaTest[1078, js=testsrc/tests/ecma_3/RegExp/regress-225289.js, opt=-1]" classname="org.mozilla.javascript.tests.MozillaSuiteTest" time="0.003"/>
  <testcase name="runMozillaTest[1079, js=testsrc/tests/ecma_3/RegExp/regress-225343.js, opt=-1]" classname="org.mozilla.javascript.tests.MozillaSuiteTest" time="0.004"/>
  <testcase name="runMozillaTest[1080, js=testsrc/tests/ecma_3/RegExp/regress-24712.js, opt=-1]" classname="org.mozilla.javascript.tests.MozillaSuiteTest" time="0.037"/>
  <testcase name="runMozillaTest[1081, js=testsrc/tests/ecma_3/RegExp/regress-285219.js, opt=-1]" classname="org.mozilla.javascript.tests.MozillaSuiteTest" time="0.002"/>
  <testcase name="runMozillaTest[1082, js=testsrc/tests/ecma_3/RegExp/regress-28686.js, opt=-1]" classname="org.mozilla.javascript.tests.MozillaSuiteTest" time="0.012"/>
  <testcase name="runMozillaTest[1083, js=testsrc/tests/ecma_3/RegExp/regress-309840.js, opt=-1]" classname="org.mozilla.javascript.tests.MozillaSuiteTest" time="0.03"/>
  <testcase name="runMozillaTest[1084, js=testsrc/tests/ecma_3/RegExp/regress-312351.js, opt=-1]" classname="org.mozilla.javascript.tests.MozillaSuiteTest" time="0.001"/>
  <testcase name="runMozillaTest[1085, js=testsrc/tests/ecma_3/RegExp/regress-31316.js, opt=-1]" classname="org.mozilla.javascript.tests.MozillaSuiteTest" time="0.002"/>
  <testcase name="runMozillaTest[1086, js=testsrc/tests/ecma_3/RegExp/regress-334158.js, opt=-1]" classname="org.mozilla.javascript.tests.MozillaSuiteTest" time="0.019"/>
  <testcase name="runMozillaTest[1087, js=testsrc/tests/ecma_3/RegExp/regress-346090.js, opt=-1]" classname="org.mozilla.javascript.tests.MozillaSuiteTest" time="0.002"/>
  <testcase name="runMozillaTest[1088, js=testsrc/tests/ecma_3/RegExp/regress-367888.js, opt=-1]" classname="org.mozilla.javascript.tests.MozillaSuiteTest" time="0.001"/>
  <testcase name="runMozillaTest[1089, js=testsrc/tests/ecma_3/RegExp/regress-375642.js, opt=-1]" classname="org.mozilla.javascript.tests.MozillaSuiteTest" time="0.008"/>
  <testcase name="runMozillaTest[1090, js=testsrc/tests/ecma_3/RegExp/regress-375651.js, opt=-1]" classname="org.mozilla.javascript.tests.MozillaSuiteTest" time="0.001"/>
  <testcase name="runMozillaTest[1091, js=testsrc/tests/ecma_3/RegExp/regress-375715-02.js, opt=-1]" classname="org.mozilla.javascript.tests.MozillaSuiteTest" time="0.018"/>
  <testcase name="runMozillaTest[1092, js=testsrc/tests/ecma_3/RegExp/regress-375715-03.js, opt=-1]" classname="org.mozilla.javascript.tests.MozillaSuiteTest" time="0.003"/>
  <testcase name="runMozillaTest[1093, js=testsrc/tests/ecma_3/RegExp/regress-465862.js, opt=-1]" classname="org.mozilla.javascript.tests.MozillaSuiteTest" time="0.002"/>
  <testcase name="runMozillaTest[1094, js=testsrc/tests/ecma_3/RegExp/regress-57572.js, opt=-1]" classname="org.mozilla.javascript.tests.MozillaSuiteTest" time="0.014"/>
  <testcase name="runMozillaTest[1095, js=testsrc/tests/ecma_3/RegExp/regress-57631.js, opt=-1]" classname="org.mozilla.javascript.tests.MozillaSuiteTest" time="0.059"/>
  <testcase name="runMozillaTest[1096, js=testsrc/tests/ecma_3/RegExp/regress-67773.js, opt=-1]" classname="org.mozilla.javascript.tests.MozillaSuiteTest" time="0.008"/>
  <testcase name="runMozillaTest[1097, js=testsrc/tests/ecma_3/RegExp/regress-72964.js, opt=-1]" classname="org.mozilla.javascript.tests.MozillaSuiteTest" time="0.031"/>
  <testcase name="runMozillaTest[1098, js=testsrc/tests/ecma_3/RegExp/regress-76683.js, opt=-1]" classname="org.mozilla.javascript.tests.MozillaSuiteTest" time="0.019"/>
  <testcase name="runMozillaTest[1099, js=testsrc/tests/ecma_3/RegExp/regress-78156.js, opt=-1]" classname="org.mozilla.javascript.tests.MozillaSuiteTest" time="0.011"/>
  <testcase name="runMozillaTest[1100, js=testsrc/tests/ecma_3/RegExp/regress-85721.js, opt=-1]" classname="org.mozilla.javascript.tests.MozillaSuiteTest" time="0.011"/>
  <testcase name="runMozillaTest[1101, js=testsrc/tests/ecma_3/RegExp/regress-87231.js, opt=-1]" classname="org.mozilla.javascript.tests.MozillaSuiteTest" time="0.002"/>
  <testcase name="runMozillaTest[1102, js=testsrc/tests/ecma_3/RegExp/regress-98306.js, opt=-1]" classname="org.mozilla.javascript.tests.MozillaSuiteTest" time="0.016"/>
  <testcase name="runMozillaTest[1103, js=testsrc/tests/ecma_3/Regress/regress-385393-04.js, opt=-1]" classname="org.mozilla.javascript.tests.MozillaSuiteTest" time="0.012"/>
  <testcase name="runMozillaTest[1104, js=testsrc/tests/ecma_3/Regress/regress-419152.js, opt=-1]" classname="org.mozilla.javascript.tests.MozillaSuiteTest" time="0.008"/>
  <testcase name="runMozillaTest[1105, js=testsrc/tests/ecma_3/Regress/regress-420087.js, opt=-1]" classname="org.mozilla.javascript.tests.MozillaSuiteTest" time="0.017"/>
  <testcase name="runMozillaTest[1106, js=testsrc/tests/ecma_3/Regress/regress-420610.js, opt=-1]" classname="org.mozilla.javascript.tests.MozillaSuiteTest" time="0.006"/>
  <testcase name="runMozillaTest[1107, js=testsrc/tests/ecma_3/Regress/regress-441477-01.js, opt=-1]" classname="org.mozilla.javascript.tests.MozillaSuiteTest" time="0.007"/>
  <testcase name="runMozillaTest[1108, js=testsrc/tests/ecma_3/Regress/regress-469937.js, opt=-1]" classname="org.mozilla.javascript.tests.MozillaSuiteTest" time="0.029"/>
  <testcase name="runMozillaTest[1109, js=testsrc/tests/ecma_3/Statements/12.10-01.js, opt=-1]" classname="org.mozilla.javascript.tests.MozillaSuiteTest" time="0.001"/>
  <testcase name="runMozillaTest[1110, js=testsrc/tests/ecma_3/Statements/12.6.3.js, opt=-1]" classname="org.mozilla.javascript.tests.MozillaSuiteTest" time="0.002"/>
  <testcase name="runMozillaTest[1111, js=testsrc/tests/ecma_3/Statements/regress-131348.js, opt=-1]" classname="org.mozilla.javascript.tests.MozillaSuiteTest" time="0.001"/>
  <testcase name="runMozillaTest[1112, js=testsrc/tests/ecma_3/Statements/regress-157509.js, opt=-1]" classname="org.mozilla.javascript.tests.MozillaSuiteTest" time="0.002"/>
  <testcase name="runMozillaTest[1113, js=testsrc/tests/ecma_3/Statements/regress-194364.js, opt=-1]" classname="org.mozilla.javascript.tests.MozillaSuiteTest" time="0.016"/>
  <testcase name="runMozillaTest[1114, js=testsrc/tests/ecma_3/Statements/regress-226517.js, opt=-1]" classname="org.mozilla.javascript.tests.MozillaSuiteTest" time="0.013"/>
  <testcase name="runMozillaTest[1115, js=testsrc/tests/ecma_3/Statements/regress-302439.js, opt=-1]" classname="org.mozilla.javascript.tests.MozillaSuiteTest" time="0.085"/>
  <testcase name="runMozillaTest[1116, js=testsrc/tests/ecma_3/Statements/regress-324650.js, opt=-1]" classname="org.mozilla.javascript.tests.MozillaSuiteTest" time="0.085"/>
  <testcase name="runMozillaTest[1117, js=testsrc/tests/ecma_3/Statements/regress-444979.js, opt=-1]" classname="org.mozilla.javascript.tests.MozillaSuiteTest" time="0.841"/>
  <testcase name="runMozillaTest[1118, js=testsrc/tests/ecma_3/Statements/regress-74474-001.js, opt=-1]" classname="org.mozilla.javascript.tests.MozillaSuiteTest" time="0.024"/>
  <testcase name="runMozillaTest[1119, js=testsrc/tests/ecma_3/Statements/regress-74474-002.js, opt=-1]" classname="org.mozilla.javascript.tests.MozillaSuiteTest" time="0.069"/>
  <testcase name="runMozillaTest[1120, js=testsrc/tests/ecma_3/Statements/regress-74474-003.js, opt=-1]" classname="org.mozilla.javascript.tests.MozillaSuiteTest" time="0.062"/>
  <testcase name="runMozillaTest[1121, js=testsrc/tests/ecma_3/Statements/regress-83532-001.js, opt=-1]" classname="org.mozilla.javascript.tests.MozillaSuiteTest" time="0.001"/>
  <testcase name="runMozillaTest[1122, js=testsrc/tests/ecma_3/Statements/regress-83532-002.js, opt=-1]" classname="org.mozilla.javascript.tests.MozillaSuiteTest" time="0.017"/>
  <testcase name="runMozillaTest[1123, js=testsrc/tests/ecma_3/Statements/switch-001.js, opt=-1]" classname="org.mozilla.javascript.tests.MozillaSuiteTest" time="0.003"/>
  <testcase name="runMozillaTest[1124, js=testsrc/tests/ecma_3/String/regress-104375.js, opt=-1]" classname="org.mozilla.javascript.tests.MozillaSuiteTest" time="0.002"/>
  <testcase name="runMozillaTest[1125, js=testsrc/tests/ecma_3/String/regress-189898.js, opt=-1]" classname="org.mozilla.javascript.tests.MozillaSuiteTest" time="0.007"/>
  <testcase name="runMozillaTest[1126, js=testsrc/tests/ecma_3/String/regress-304376.js, opt=-1]" classname="org.mozilla.javascript.tests.MozillaSuiteTest" time="0.006"/>
  <testcase name="runMozillaTest[1127, js=testsrc/tests/ecma_3/String/regress-313567.js, opt=-1]" classname="org.mozilla.javascript.tests.MozillaSuiteTest" time="0.002"/>
  <testcase name="runMozillaTest[1128, js=testsrc/tests/ecma_3/String/regress-392378.js, opt=-1]" classname="org.mozilla.javascript.tests.MozillaSuiteTest" time="0.019"/>
  <testcase name="runMozillaTest[1129, js=testsrc/tests/ecma_3/String/regress-83293.js, opt=-1]" classname="org.mozilla.javascript.tests.MozillaSuiteTest" time="0.021"/>
  <testcase name="runMozillaTest[1130, js=testsrc/tests/ecma_3/Unicode/regress-352044-02-n.js, opt=-1]" classname="org.mozilla.javascript.tests.MozillaSuiteTest" time="0.01"/>
  <testcase name="runMozillaTest[1131, js=testsrc/tests/ecma_3/Unicode/uc-001-n.js, opt=-1]" classname="org.mozilla.javascript.tests.MozillaSuiteTest" time="0.046"/>
  <testcase name="runMozillaTest[1132, js=testsrc/tests/ecma_3/Unicode/uc-002-n.js, opt=-1]" classname="org.mozilla.javascript.tests.MozillaSuiteTest" time="0.003"/>
  <testcase name="runMozillaTest[1133, js=testsrc/tests/ecma_3/Unicode/uc-002.js, opt=-1]" classname="org.mozilla.javascript.tests.MozillaSuiteTest" time="0.017"/>
  <testcase name="runMozillaTest[1134, js=testsrc/tests/ecma_3/Unicode/uc-003.js, opt=-1]" classname="org.mozilla.javascript.tests.MozillaSuiteTest" time="0.013"/>
  <testcase name="runMozillaTest[1135, js=testsrc/tests/ecma_3/Unicode/uc-004.js, opt=-1]" classname="org.mozilla.javascript.tests.MozillaSuiteTest" time="0.007"/>
  <testcase name="runMozillaTest[1136, js=testsrc/tests/ecma_3/Unicode/uc-005.js, opt=-1]" classname="org.mozilla.javascript.tests.MozillaSuiteTest" time="0.031"/>
  <testcase name="runMozillaTest[1137, js=testsrc/tests/ecma_3/extensions/10.1.3-2.js, opt=-1]" classname="org.mozilla.javascript.tests.MozillaSuiteTest" time="0.004"/>
  <testcase name="runMozillaTest[1138, js=testsrc/tests/ecma_3/extensions/regress-103087.js, opt=-1]" classname="org.mozilla.javascript.tests.MozillaSuiteTest" time="1.034"/>
  <testcase name="runMozillaTest[1139, js=testsrc/tests/ecma_3/extensions/regress-188206-01.js, opt=-1]" classname="org.mozilla.javascript.tests.MozillaSuiteTest" time="0.014"/>
  <testcase name="runMozillaTest[1140, js=testsrc/tests/ecma_3/extensions/regress-188206-02.js, opt=-1]" classname="org.mozilla.javascript.tests.MozillaSuiteTest" time="0.028"/>
  <testcase name="runMozillaTest[1141, js=testsrc/tests/ecma_3/extensions/regress-220367-002.js, opt=-1]" classname="org.mozilla.javascript.tests.MozillaSuiteTest" time="0.009"/>
  <testcase name="runMozillaTest[1142, js=testsrc/tests/ecma_3/extensions/regress-228087.js, opt=-1]" classname="org.mozilla.javascript.tests.MozillaSuiteTest" time="0.004"/>
  <testcase name="runMozillaTest[1143, js=testsrc/tests/ecma_3/extensions/regress-320854.js, opt=-1]" classname="org.mozilla.javascript.tests.MozillaSuiteTest" time="0.001"/>
  <testcase name="runMozillaTest[1144, js=testsrc/tests/ecma_3/extensions/regress-327170.js, opt=-1]" classname="org.mozilla.javascript.tests.MozillaSuiteTest" time="0.016"/>
  <testcase name="runMozillaTest[1145, js=testsrc/tests/ecma_3/extensions/regress-385393-03.js, opt=-1]" classname="org.mozilla.javascript.tests.MozillaSuiteTest" time="0.002"/>
  <testcase name="runMozillaTest[1146, js=testsrc/tests/ecma_3/extensions/regress-429248.js, opt=-1]" classname="org.mozilla.javascript.tests.MozillaSuiteTest" time="0.01"/>
  <testcase name="runMozillaTest[1147, js=testsrc/tests/js-test-driver-begin.js, opt=-1]" classname="org.mozilla.javascript.tests.MozillaSuiteTest" time="0.003"/>
  <testcase name="runMozillaTest[1148, js=testsrc/tests/js-test-driver-end.js, opt=-1]" classname="org.mozilla.javascript.tests.MozillaSuiteTest" time="0.003"/>
  <testcase name="runMozillaTest[1149, js=testsrc/tests/js1_1/jsref.js, opt=-1]" classname="org.mozilla.javascript.tests.MozillaSuiteTest" time="0.015"/>
  <testcase name="runMozillaTest[1150, js=testsrc/tests/js1_2/Array/array_split_1.js, opt=-1]" classname="org.mozilla.javascript.tests.MozillaSuiteTest" time="0.003"/>
  <testcase name="runMozillaTest[1151, js=testsrc/tests/js1_2/Array/general1.js, opt=-1]" classname="org.mozilla.javascript.tests.MozillaSuiteTest" time="0.02"/>
  <testcase name="runMozillaTest[1152, js=testsrc/tests/js1_2/Array/general2.js, opt=-1]" classname="org.mozilla.javascript.tests.MozillaSuiteTest" time="0.022"/>
  <testcase name="runMozillaTest[1153, js=testsrc/tests/js1_2/Array/slice.js, opt=-1]" classname="org.mozilla.javascript.tests.MozillaSuiteTest" time="0.102"/>
  <testcase name="runMozillaTest[1154, js=testsrc/tests/js1_2/Array/splice1.js, opt=-1]" classname="org.mozilla.javascript.tests.MozillaSuiteTest" time="0.218"/>
  <testcase name="runMozillaTest[1155, js=testsrc/tests/js1_2/Array/splice2.js, opt=-1]" classname="org.mozilla.javascript.tests.MozillaSuiteTest" time="0.224"/>
  <testcase name="runMozillaTest[1156, js=testsrc/tests/js1_2/Array/tostring_1.js, opt=-1]" classname="org.mozilla.javascript.tests.MozillaSuiteTest" time="0.011"/>
  <testcase name="runMozillaTest[1157, js=testsrc/tests/js1_2/Array/tostring_2.js, opt=-1]" classname="org.mozilla.javascript.tests.MozillaSuiteTest" time="0.023"/>
  <testcase name="runMozillaTest[1158, js=testsrc/tests/js1_2/Objects/toString-001.js, opt=-1]" classname="org.mozilla.javascript.tests.MozillaSuiteTest" time="0.009"/>
  <testcase name="runMozillaTest[1159, js=testsrc/tests/js1_2/String/charCodeAt.js, opt=-1]" classname="org.mozilla.javascript.tests.MozillaSuiteTest" time="0.022"/>
  <testcase name="runMozillaTest[1160, js=testsrc/tests/js1_2/String/concat.js, opt=-1]" classname="org.mozilla.javascript.tests.MozillaSuiteTest" time="0.002"/>
  <testcase name="runMozillaTest[1161, js=testsrc/tests/js1_2/String/match.js, opt=-1]" classname="org.mozilla.javascript.tests.MozillaSuiteTest" time="0.008"/>
  <testcase name="runMozillaTest[1162, js=testsrc/tests/js1_2/String/slice.js, opt=-1]" classname="org.mozilla.javascript.tests.MozillaSuiteTest" time="0.799"/>
  <testcase name="runMozillaTest[1163, js=testsrc/tests/js1_2/function/Number.js, opt=-1]" classname="org.mozilla.javascript.tests.MozillaSuiteTest" time="0.002"/>
  <testcase name="runMozillaTest[1164, js=testsrc/tests/js1_2/function/String.js, opt=-1]" classname="org.mozilla.javascript.tests.MozillaSuiteTest" time="0.015"/>
  <testcase name="runMozillaTest[1165, js=testsrc/tests/js1_2/function/definition-1.js, opt=-1]" classname="org.mozilla.javascript.tests.MozillaSuiteTest" time="0.002"/>
  <testcase name="runMozillaTest[1166, js=testsrc/tests/js1_2/function/length.js, opt=-1]" classname="org.mozilla.javascript.tests.MozillaSuiteTest" time="0.001"/>
  <testcase name="runMozillaTest[1167, js=testsrc/tests/js1_2/function/nesting-1.js, opt=-1]" classname="org.mozilla.javascript.tests.MozillaSuiteTest" time="0.017"/>
  <testcase name="runMozillaTest[1168, js=testsrc/tests/js1_2/function/nesting.js, opt=-1]" classname="org.mozilla.javascript.tests.MozillaSuiteTest" time="0.011"/>
  <testcase name="runMozillaTest[1169, js=testsrc/tests/js1_2/function/regexparg-1.js, opt=-1]" classname="org.mozilla.javascript.tests.MozillaSuiteTest" time="0.001"/>
  <testcase name="runMozillaTest[1170, js=testsrc/tests/js1_2/jsref.js, opt=-1]" classname="org.mozilla.javascript.tests.MozillaSuiteTest" time="0.019"/>
  <testcase name="runMozillaTest[1171, js=testsrc/tests/js1_2/operator/strictEquality.js, opt=-1]" classname="org.mozilla.javascript.tests.MozillaSuiteTest" time="0.01"/>
  <testcase name="runMozillaTest[1172, js=testsrc/tests/js1_2/regexp/RegExp_dollar_number.js, opt=-1]" classname="org.mozilla.javascript.tests.MozillaSuiteTest" time="0.001"/>
  <testcase name="runMozillaTest[1173, js=testsrc/tests/js1_2/regexp/RegExp_input.js, opt=-1]" classname="org.mozilla.javascript.tests.MozillaSuiteTest" time="0.017"/>
  <testcase name="runMozillaTest[1174, js=testsrc/tests/js1_2/regexp/RegExp_input_as_array.js, opt=-1]" classname="org.mozilla.javascript.tests.MozillaSuiteTest" time="0.002"/>
  <testcase name="runMozillaTest[1175, js=testsrc/tests/js1_2/regexp/RegExp_lastIndex.js, opt=-1]" classname="org.mozilla.javascript.tests.MozillaSuiteTest" time="0.01"/>
  <testcase name="runMozillaTest[1176, js=testsrc/tests/js1_2/regexp/RegExp_lastMatch.js, opt=-1]" classname="org.mozilla.javascript.tests.MozillaSuiteTest" time="0.006"/>
  <testcase name="runMozillaTest[1177, js=testsrc/tests/js1_2/regexp/RegExp_lastMatch_as_array.js, opt=-1]" classname="org.mozilla.javascript.tests.MozillaSuiteTest" time="0.002"/>
  <testcase name="runMozillaTest[1178, js=testsrc/tests/js1_2/regexp/RegExp_lastParen.js, opt=-1]" classname="org.mozilla.javascript.tests.MozillaSuiteTest" time="0.016"/>
  <testcase name="runMozillaTest[1179, js=testsrc/tests/js1_2/regexp/RegExp_lastParen_as_array.js, opt=-1]" classname="org.mozilla.javascript.tests.MozillaSuiteTest" time="0.021"/>
  <testcase name="runMozillaTest[1180, js=testsrc/tests/js1_2/regexp/RegExp_leftContext.js, opt=-1]" classname="org.mozilla.javascript.tests.MozillaSuiteTest" time="0.02"/>
  <testcase name="runMozillaTest[1181, js=testsrc/tests/js1_2/regexp/RegExp_leftContext_as_array.js, opt=-1]" classname="org.mozilla.javascript.tests.MozillaSuiteTest" time="0.002"/>
  <testcase name="runMozillaTest[1182, js=testsrc/tests/js1_2/regexp/RegExp_multiline.js, opt=-1]" classname="org.mozilla.javascript.tests.MozillaSuiteTest" time="0.003"/>
  <testcase name="runMozillaTest[1183, js=testsrc/tests/js1_2/regexp/RegExp_multiline_as_array.js, opt=-1]" classname="org.mozilla.javascript.tests.MozillaSuiteTest" time="0.003"/>
  <testcase name="runMozillaTest[1184, js=testsrc/tests/js1_2/regexp/RegExp_object.js, opt=-1]" classname="org.mozilla.javascript.tests.MozillaSuiteTest" time="0.026"/>
  <testcase name="runMozillaTest[1185, js=testsrc/tests/js1_2/regexp/RegExp_rightContext.js, opt=-1]" classname="org.mozilla.javascript.tests.MozillaSuiteTest" time="0.004"/>
  <testcase name="runMozillaTest[1186, js=testsrc/tests/js1_2/regexp/RegExp_rightContext_as_array.js, opt=-1]" classname="org.mozilla.javascript.tests.MozillaSuiteTest" time="0.003"/>
  <testcase name="runMozillaTest[1187, js=testsrc/tests/js1_2/regexp/alphanumeric.js, opt=-1]" classname="org.mozilla.javascript.tests.MozillaSuiteTest" time="0.058"/>
  <testcase name="runMozillaTest[1188, js=testsrc/tests/js1_2/regexp/asterisk.js, opt=-1]" classname="org.mozilla.javascript.tests.MozillaSuiteTest" time="0.032"/>
  <testcase name="runMozillaTest[1189, js=testsrc/tests/js1_2/regexp/backslash.js, opt=-1]" classname="org.mozilla.javascript.tests.MozillaSuiteTest" time="0.003"/>
  <testcase name="runMozillaTest[1190, js=testsrc/tests/js1_2/regexp/backspace.js, opt=-1]" classname="org.mozilla.javascript.tests.MozillaSuiteTest" time="0.003"/>
  <testcase name="runMozillaTest[1191, js=testsrc/tests/js1_2/regexp/beginLine.js, opt=-1]" classname="org.mozilla.javascript.tests.MozillaSuiteTest" time="0.035"/>
  <testcase name="runMozillaTest[1192, js=testsrc/tests/js1_2/regexp/character_class.js, opt=-1]" classname="org.mozilla.javascript.tests.MozillaSuiteTest" time="0.017"/>
  <testcase name="runMozillaTest[1193, js=testsrc/tests/js1_2/regexp/compile.js, opt=-1]" classname="org.mozilla.javascript.tests.MozillaSuiteTest" time="0.003"/>
  <testcase name="runMozillaTest[1194, js=testsrc/tests/js1_2/regexp/control_characters.js, opt=-1]" classname="org.mozilla.javascript.tests.MozillaSuiteTest" time="0.002"/>
  <testcase name="runMozillaTest[1195, js=testsrc/tests/js1_2/regexp/digit.js, opt=-1]" classname="org.mozilla.javascript.tests.MozillaSuiteTest" time="0.075"/>
  <testcase name="runMozillaTest[1196, js=testsrc/tests/js1_2/regexp/dot.js, opt=-1]" classname="org.mozilla.javascript.tests.MozillaSuiteTest" time="0.002"/>
  <testcase name="runMozillaTest[1197, js=testsrc/tests/js1_2/regexp/endLine.js, opt=-1]" classname="org.mozilla.javascript.tests.MozillaSuiteTest" time="0.012"/>
  <testcase name="runMozillaTest[1198, js=testsrc/tests/js1_2/regexp/everything.js, opt=-1]" classname="org.mozilla.javascript.tests.MozillaSuiteTest" time="0.016"/>
  <testcase name="runMozillaTest[1199, js=testsrc/tests/js1_2/regexp/exec.js, opt=-1]" classname="org.mozilla.javascript.tests.MozillaSuiteTest" time="0.009"/>
  <testcase name="runMozillaTest[1200, js=testsrc/tests/js1_2/regexp/flags.js, opt=-1]" classname="org.mozilla.javascript.tests.MozillaSuiteTest" time="0.011"/>
  <testcase name="runMozillaTest[1201, js=testsrc/tests/js1_2/regexp/global.js, opt=-1]" classname="org.mozilla.javascript.tests.MozillaSuiteTest" time="0.002"/>
  <testcase name="runMozillaTest[1202, js=testsrc/tests/js1_2/regexp/hexadecimal.js, opt=-1]" classname="org.mozilla.javascript.tests.MozillaSuiteTest" time="0.002"/>
  <testcase name="runMozillaTest[1203, js=testsrc/tests/js1_2/regexp/ignoreCase.js, opt=-1]" classname="org.mozilla.javascript.tests.MozillaSuiteTest" time="0.013"/>
  <testcase name="runMozillaTest[1204, js=testsrc/tests/js1_2/regexp/interval.js, opt=-1]" classname="org.mozilla.javascript.tests.MozillaSuiteTest" time="0.032"/>
  <testcase name="runMozillaTest[1205, js=testsrc/tests/js1_2/regexp/octal.js, opt=-1]" classname="org.mozilla.javascript.tests.MozillaSuiteTest" time="0.002"/>
  <testcase name="runMozillaTest[1206, js=testsrc/tests/js1_2/regexp/parentheses.js, opt=-1]" classname="org.mozilla.javascript.tests.MozillaSuiteTest" time="0.002"/>
  <testcase name="runMozillaTest[1207, js=testsrc/tests/js1_2/regexp/plus.js, opt=-1]" classname="org.mozilla.javascript.tests.MozillaSuiteTest" time="0.002"/>
  <testcase name="runMozillaTest[1208, js=testsrc/tests/js1_2/regexp/question_mark.js, opt=-1]" classname="org.mozilla.javascript.tests.MozillaSuiteTest" time="0.007"/>
  <testcase name="runMozillaTest[1209, js=testsrc/tests/js1_2/regexp/regress-6359.js, opt=-1]" classname="org.mozilla.javascript.tests.MozillaSuiteTest" time="0.017"/>
  <testcase name="runMozillaTest[1210, js=testsrc/tests/js1_2/regexp/regress-9141.js, opt=-1]" classname="org.mozilla.javascript.tests.MozillaSuiteTest" time="0.019"/>
  <testcase name="runMozillaTest[1211, js=testsrc/tests/js1_2/regexp/simple_form.js, opt=-1]" classname="org.mozilla.javascript.tests.MozillaSuiteTest" time="0.016"/>
  <testcase name="runMozillaTest[1212, js=testsrc/tests/js1_2/regexp/source.js, opt=-1]" classname="org.mozilla.javascript.tests.MozillaSuiteTest" time="0.002"/>
  <testcase name="runMozillaTest[1213, js=testsrc/tests/js1_2/regexp/special_characters.js, opt=-1]" classname="org.mozilla.javascript.tests.MozillaSuiteTest" time="0.039"/>
  <testcase name="runMozillaTest[1214, js=testsrc/tests/js1_2/regexp/string_replace.js, opt=-1]" classname="org.mozilla.javascript.tests.MozillaSuiteTest" time="0.002"/>
  <testcase name="runMozillaTest[1215, js=testsrc/tests/js1_2/regexp/string_search.js, opt=-1]" classname="org.mozilla.javascript.tests.MozillaSuiteTest" time="0.011"/>
  <testcase name="runMozillaTest[1216, js=testsrc/tests/js1_2/regexp/string_split.js, opt=-1]" classname="org.mozilla.javascript.tests.MozillaSuiteTest" time="0.002"/>
  <testcase name="runMozillaTest[1217, js=testsrc/tests/js1_2/regexp/test.js, opt=-1]" classname="org.mozilla.javascript.tests.MozillaSuiteTest" time="0.001"/>
  <testcase name="runMozillaTest[1218, js=testsrc/tests/js1_2/regexp/toString.js, opt=-1]" classname="org.mozilla.javascript.tests.MozillaSuiteTest" time="0.017"/>
  <testcase name="runMozillaTest[1219, js=testsrc/tests/js1_2/regexp/vertical_bar.js, opt=-1]" classname="org.mozilla.javascript.tests.MozillaSuiteTest" time="0.004"/>
  <testcase name="runMozillaTest[1220, js=testsrc/tests/js1_2/regexp/whitespace.js, opt=-1]" classname="org.mozilla.javascript.tests.MozillaSuiteTest" time="0.064"/>
  <testcase name="runMozillaTest[1221, js=testsrc/tests/js1_2/regexp/word_boundary.js, opt=-1]" classname="org.mozilla.javascript.tests.MozillaSuiteTest" time="0.046"/>
  <testcase name="runMozillaTest[1222, js=testsrc/tests/js1_2/regress/regress-144834.js, opt=-1]" classname="org.mozilla.javascript.tests.MozillaSuiteTest" time="0.004"/>
  <testcase name="runMozillaTest[1223, js=testsrc/tests/js1_2/regress/regress-7703.js, opt=-1]" classname="org.mozilla.javascript.tests.MozillaSuiteTest" time="0.008"/>
  <testcase name="runMozillaTest[1224, js=testsrc/tests/js1_2/statements/break.js, opt=-1]" classname="org.mozilla.javascript.tests.MozillaSuiteTest" time="0.023"/>
  <testcase name="runMozillaTest[1225, js=testsrc/tests/js1_2/statements/continue.js, opt=-1]" classname="org.mozilla.javascript.tests.MozillaSuiteTest" time="0.044"/>
  <testcase name="runMozillaTest[1226, js=testsrc/tests/js1_2/statements/do_while.js, opt=-1]" classname="org.mozilla.javascript.tests.MozillaSuiteTest" time="0.011"/>
  <testcase name="runMozillaTest[1227, js=testsrc/tests/js1_2/statements/switch.js, opt=-1]" classname="org.mozilla.javascript.tests.MozillaSuiteTest" time="0.002"/>
  <testcase name="runMozillaTest[1228, js=testsrc/tests/js1_2/statements/switch2.js, opt=-1]" classname="org.mozilla.javascript.tests.MozillaSuiteTest" time="0.031"/>
  <testcase name="runMozillaTest[1229, js=testsrc/tests/js1_2/version120/boolean-001.js, opt=-1]" classname="org.mozilla.javascript.tests.MozillaSuiteTest" time="0.002"/>
  <testcase name="runMozillaTest[1230, js=testsrc/tests/js1_3/Boolean/boolean-001.js, opt=-1]" classname="org.mozilla.javascript.tests.MozillaSuiteTest" time="0.001"/>
  <testcase name="runMozillaTest[1231, js=testsrc/tests/js1_3/Script/delete-001.js, opt=-1]" classname="org.mozilla.javascript.tests.MozillaSuiteTest" time="0.026"/>
  <testcase name="runMozillaTest[1232, js=testsrc/tests/js1_3/Script/function-002.js, opt=-1]" classname="org.mozilla.javascript.tests.MozillaSuiteTest" time="0.002"/>
  <testcase name="runMozillaTest[1233, js=testsrc/tests/js1_3/Script/in-001.js, opt=-1]" classname="org.mozilla.javascript.tests.MozillaSuiteTest" time="0.002"/>
  <testcase name="runMozillaTest[1234, js=testsrc/tests/js1_3/Script/new-001.js, opt=-1]" classname="org.mozilla.javascript.tests.MozillaSuiteTest" time="0.018"/>
  <testcase name="runMozillaTest[1235, js=testsrc/tests/js1_3/Script/switch-001.js, opt=-1]" classname="org.mozilla.javascript.tests.MozillaSuiteTest" time="0.001"/>
  <testcase name="runMozillaTest[1236, js=testsrc/tests/js1_3/extensions/proto_10.js, opt=-1]" classname="org.mozilla.javascript.tests.MozillaSuiteTest" time="0.002"/>
  <testcase name="runMozillaTest[1237, js=testsrc/tests/js1_3/extensions/proto_2.js, opt=-1]" classname="org.mozilla.javascript.tests.MozillaSuiteTest" time="0.022"/>
  <testcase name="runMozillaTest[1238, js=testsrc/tests/js1_3/extensions/proto_5.js, opt=-1]" classname="org.mozilla.javascript.tests.MozillaSuiteTest" time="0.006"/>
  <testcase name="runMozillaTest[1239, js=testsrc/tests/js1_3/extensions/script-001.js, opt=-1]" classname="org.mozilla.javascript.tests.MozillaSuiteTest" time="0.007"/>
  <testcase name="runMozillaTest[1240, js=testsrc/tests/js1_3/inherit/proto_1.js, opt=-1]" classname="org.mozilla.javascript.tests.MozillaSuiteTest" time="0.028"/>
  <testcase name="runMozillaTest[1241, js=testsrc/tests/js1_3/inherit/proto_10.js, opt=-1]" classname="org.mozilla.javascript.tests.MozillaSuiteTest" time="0.002"/>
  <testcase name="runMozillaTest[1242, js=testsrc/tests/js1_3/inherit/proto_11.js, opt=-1]" classname="org.mozilla.javascript.tests.MozillaSuiteTest" time="0.001"/>
  <testcase name="runMozillaTest[1243, js=testsrc/tests/js1_3/inherit/proto_12.js, opt=-1]" classname="org.mozilla.javascript.tests.MozillaSuiteTest" time="0.001"/>
  <testcase name="runMozillaTest[1244, js=testsrc/tests/js1_3/inherit/proto_3.js, opt=-1]" classname="org.mozilla.javascript.tests.MozillaSuiteTest" time="0.016"/>
  <testcase name="runMozillaTest[1245, js=testsrc/tests/js1_3/inherit/proto_4.js, opt=-1]" classname="org.mozilla.javascript.tests.MozillaSuiteTest" time="0.002"/>
  <testcase name="runMozillaTest[1246, js=testsrc/tests/js1_3/inherit/proto_6.js, opt=-1]" classname="org.mozilla.javascript.tests.MozillaSuiteTest" time="0.013"/>
  <testcase name="runMozillaTest[1247, js=testsrc/tests/js1_3/inherit/proto_7.js, opt=-1]" classname="org.mozilla.javascript.tests.MozillaSuiteTest" time="0.005"/>
  <testcase name="runMozillaTest[1248, js=testsrc/tests/js1_3/inherit/proto_8.js, opt=-1]" classname="org.mozilla.javascript.tests.MozillaSuiteTest" time="0.016"/>
  <testcase name="runMozillaTest[1249, js=testsrc/tests/js1_3/inherit/proto_9.js, opt=-1]" classname="org.mozilla.javascript.tests.MozillaSuiteTest" time="0.013"/>
  <testcase name="runMozillaTest[1250, js=testsrc/tests/js1_3/jsref.js, opt=-1]" classname="org.mozilla.javascript.tests.MozillaSuiteTest" time="0.03"/>
  <testcase name="runMozillaTest[1251, js=testsrc/tests/js1_3/regress/delete-001.js, opt=-1]" classname="org.mozilla.javascript.tests.MozillaSuiteTest" time="0.004"/>
  <testcase name="runMozillaTest[1252, js=testsrc/tests/js1_3/regress/function-002.js, opt=-1]" classname="org.mozilla.javascript.tests.MozillaSuiteTest" time="0.001"/>
  <testcase name="runMozillaTest[1253, js=testsrc/tests/js1_3/regress/in-001.js, opt=-1]" classname="org.mozilla.javascript.tests.MozillaSuiteTest" time="0.001"/>
  <testcase name="runMozillaTest[1254, js=testsrc/tests/js1_3/regress/new-001.js, opt=-1]" classname="org.mozilla.javascript.tests.MozillaSuiteTest" time="0.013"/>
  <testcase name="runMozillaTest[1255, js=testsrc/tests/js1_3/regress/switch-001.js, opt=-1]" classname="org.mozilla.javascript.tests.MozillaSuiteTest" time="0.009"/>
  <testcase name="runMozillaTest[1256, js=testsrc/tests/js1_4/Eval/eval-001.js, opt=-1]" classname="org.mozilla.javascript.tests.MozillaSuiteTest" time="0.002"/>
  <testcase name="runMozillaTest[1257, js=testsrc/tests/js1_4/Eval/eval-002.js, opt=-1]" classname="org.mozilla.javascript.tests.MozillaSuiteTest" time="0.007"/>
  <testcase name="runMozillaTest[1258, js=testsrc/tests/js1_4/Eval/eval-003.js, opt=-1]" classname="org.mozilla.javascript.tests.MozillaSuiteTest" time="0.002"/>
  <testcase name="runMozillaTest[1259, js=testsrc/tests/js1_4/Functions/function-001.js, opt=-1]" classname="org.mozilla.javascript.tests.MozillaSuiteTest" time="0.017"/>
  <testcase name="runMozillaTest[1260, js=testsrc/tests/js1_4/Regress/date-001-n.js, opt=-1]" classname="org.mozilla.javascript.tests.MozillaSuiteTest" time="0.012"/>
  <testcase name="runMozillaTest[1261, js=testsrc/tests/js1_4/Regress/function-001.js, opt=-1]" classname="org.mozilla.javascript.tests.MozillaSuiteTest" time="0.011"/>
  <testcase name="runMozillaTest[1262, js=testsrc/tests/js1_4/Regress/function-002.js, opt=-1]" classname="org.mozilla.javascript.tests.MozillaSuiteTest" time="0.022"/>
  <testcase name="runMozillaTest[1263, js=testsrc/tests/js1_4/Regress/function-003.js, opt=-1]" classname="org.mozilla.javascript.tests.MozillaSuiteTest" time="0.002"/>
  <testcase name="runMozillaTest[1264, js=testsrc/tests/js1_4/Regress/function-004-n.js, opt=-1]" classname="org.mozilla.javascript.tests.MozillaSuiteTest" time="0.001"/>
  <testcase name="runMozillaTest[1265, js=testsrc/tests/js1_4/Regress/regress-7224.js, opt=-1]" classname="org.mozilla.javascript.tests.MozillaSuiteTest" time="0.024"/>
  <testcase name="runMozillaTest[1266, js=testsrc/tests/js1_4/Regress/toString-001-n.js, opt=-1]" classname="org.mozilla.javascript.tests.MozillaSuiteTest" time="0.006"/>
  <testcase name="runMozillaTest[1267, js=testsrc/tests/js1_4/jsref.js, opt=-1]" classname="org.mozilla.javascript.tests.MozillaSuiteTest" time="0.002"/>
  <testcase name="runMozillaTest[1268, js=testsrc/tests/js1_5/Array/11.1.4.js, opt=-1]" classname="org.mozilla.javascript.tests.MozillaSuiteTest" time="0.001"/>
  <testcase name="runMozillaTest[1269, js=testsrc/tests/js1_5/Array/array-001.js, opt=-1]" classname="org.mozilla.javascript.tests.MozillaSuiteTest" time="0.017"/>
  <testcase name="runMozillaTest[1270, js=testsrc/tests/js1_5/Array/regress-101964.js, opt=-1]" classname="org.mozilla.javascript.tests.MozillaSuiteTest" time="0.021"/>
  <testcase name="runMozillaTest[1271, js=testsrc/tests/js1_5/Array/regress-107138.js, opt=-1]" classname="org.mozilla.javascript.tests.MozillaSuiteTest" time="0.053"/>
  <testcase name="runMozillaTest[1272, js=testsrc/tests/js1_5/Array/regress-108440.js, opt=-1]" classname="org.mozilla.javascript.tests.MozillaSuiteTest" time="0.003"/>
  <testcase name="runMozillaTest[1273, js=testsrc/tests/js1_5/Array/regress-154338.js, opt=-1]" classname="org.mozilla.javascript.tests.MozillaSuiteTest" time="0.008"/>
  <testcase name="runMozillaTest[1274, js=testsrc/tests/js1_5/Array/regress-178722.js, opt=-1]" classname="org.mozilla.javascript.tests.MozillaSuiteTest" time="0.002"/>
  <testcase name="runMozillaTest[1275, js=testsrc/tests/js1_5/Array/regress-255555.js, opt=-1]" classname="org.mozilla.javascript.tests.MozillaSuiteTest" time="0.012"/>
  <testcase name="runMozillaTest[1276, js=testsrc/tests/js1_5/Array/regress-299644.js, opt=-1]" classname="org.mozilla.javascript.tests.MozillaSuiteTest" time="0.031"/>
  <testcase name="runMozillaTest[1277, js=testsrc/tests/js1_5/Array/regress-300858.js, opt=-1]" classname="org.mozilla.javascript.tests.MozillaSuiteTest" time="0.012"/>
  <testcase name="runMozillaTest[1278, js=testsrc/tests/js1_5/Array/regress-310351.js, opt=-1]" classname="org.mozilla.javascript.tests.MozillaSuiteTest" time="0.002"/>
  <testcase name="runMozillaTest[1279, js=testsrc/tests/js1_5/Array/regress-311515.js, opt=-1]" classname="org.mozilla.javascript.tests.MozillaSuiteTest" time="0.001"/>
  <testcase name="runMozillaTest[1280, js=testsrc/tests/js1_5/Array/regress-313153.js, opt=-1]" classname="org.mozilla.javascript.tests.MozillaSuiteTest" time="0.001"/>
  <testcase name="runMozillaTest[1281, js=testsrc/tests/js1_5/Array/regress-315509-01.js, opt=-1]" classname="org.mozilla.javascript.tests.MozillaSuiteTest" time="0.002"/>
  <testcase name="runMozillaTest[1282, js=testsrc/tests/js1_5/Array/regress-345961.js, opt=-1]" classname="org.mozilla.javascript.tests.MozillaSuiteTest" time="0.014"/>
  <testcase name="runMozillaTest[1283, js=testsrc/tests/js1_5/Array/regress-348810.js, opt=-1]" classname="org.mozilla.javascript.tests.MozillaSuiteTest" time="0.015"/>
  <testcase name="runMozillaTest[1284, js=testsrc/tests/js1_5/Array/regress-350256-01.js, opt=-1]" classname="org.mozilla.javascript.tests.MozillaSuiteTest" time="0.083"/>
  <testcase name="runMozillaTest[1285, js=testsrc/tests/js1_5/Array/regress-350256-02.js, opt=-1]" classname="org.mozilla.javascript.tests.MozillaSuiteTest" time="0.652"/>
  <testcase name="runMozillaTest[1286, js=testsrc/tests/js1_5/Array/regress-360681-01.js, opt=-1]" classname="org.mozilla.javascript.tests.MozillaSuiteTest" time="0.194"/>
  <testcase name="runMozillaTest[1287, js=testsrc/tests/js1_5/Array/regress-360681-02.js, opt=-1]" classname="org.mozilla.javascript.tests.MozillaSuiteTest" time="0.502"/>
  <testcase name="runMozillaTest[1288, js=testsrc/tests/js1_5/Array/regress-364104.js, opt=-1]" classname="org.mozilla.javascript.tests.MozillaSuiteTest" time="0.002"/>
  <testcase name="runMozillaTest[1289, js=testsrc/tests/js1_5/Array/regress-422286.js, opt=-1]" classname="org.mozilla.javascript.tests.MozillaSuiteTest" time="0.03"/>
  <testcase name="runMozillaTest[1290, js=testsrc/tests/js1_5/Array/regress-424954.js, opt=-1]" classname="org.mozilla.javascript.tests.MozillaSuiteTest" time="0.002"/>
  <testcase name="runMozillaTest[1291, js=testsrc/tests/js1_5/Array/regress-451483.js, opt=-1]" classname="org.mozilla.javascript.tests.MozillaSuiteTest" time="0.001"/>
  <testcase name="runMozillaTest[1292, js=testsrc/tests/js1_5/Array/regress-451906.js, opt=-1]" classname="org.mozilla.javascript.tests.MozillaSuiteTest" time="0.001"/>
  <testcase name="runMozillaTest[1293, js=testsrc/tests/js1_5/Array/regress-456845.js, opt=-1]" classname="org.mozilla.javascript.tests.MozillaSuiteTest" time="0.496"/>
  <testcase name="runMozillaTest[1294, js=testsrc/tests/js1_5/Array/regress-465980-01.js, opt=-1]" classname="org.mozilla.javascript.tests.MozillaSuiteTest" time="0.002"/>
  <testcase name="runMozillaTest[1295, js=testsrc/tests/js1_5/Array/regress-474529.js, opt=-1]" classname="org.mozilla.javascript.tests.MozillaSuiteTest" time="0.838"/>
  <testcase name="runMozillaTest[1296, js=testsrc/tests/js1_5/Array/regress-94257.js, opt=-1]" classname="org.mozilla.javascript.tests.MozillaSuiteTest" time="0.024"/>
  <testcase name="runMozillaTest[1297, js=testsrc/tests/js1_5/Date/regress-188211.js, opt=-1]" classname="org.mozilla.javascript.tests.MozillaSuiteTest" time="0.001"/>
  <testcase name="runMozillaTest[1298, js=testsrc/tests/js1_5/Date/regress-301738-01.js, opt=-1]" classname="org.mozilla.javascript.tests.MozillaSuiteTest" time="0.011"/>
  <testcase name="runMozillaTest[1299, js=testsrc/tests/js1_5/Date/regress-309925-01.js, opt=-1]" classname="org.mozilla.javascript.tests.MozillaSuiteTest" time="0.024"/>
  <testcase name="runMozillaTest[1300, js=testsrc/tests/js1_5/Date/regress-346027.js, opt=-1]" classname="org.mozilla.javascript.tests.MozillaSuiteTest" time="0.009"/>
  <testcase name="runMozillaTest[1301, js=testsrc/tests/js1_5/Error/regress-354246.js, opt=-1]" classname="org.mozilla.javascript.tests.MozillaSuiteTest" time="0.022"/>
  <testcase name="runMozillaTest[1302, js=testsrc/tests/js1_5/Error/regress-412324.js, opt=-1]" classname="org.mozilla.javascript.tests.MozillaSuiteTest" time="0.001"/>
  <testcase name="runMozillaTest[1303, js=testsrc/tests/js1_5/Error/regress-465377.js, opt=-1]" classname="org.mozilla.javascript.tests.MozillaSuiteTest" time="0.008"/>
  <testcase name="runMozillaTest[1304, js=testsrc/tests/js1_5/Exceptions/catchguard-002-n.js, opt=-1]" classname="org.mozilla.javascript.tests.MozillaSuiteTest" time="0.012"/>
  <testcase name="runMozillaTest[1305, js=testsrc/tests/js1_5/Exceptions/catchguard-003-n.js, opt=-1]" classname="org.mozilla.javascript.tests.MozillaSuiteTest" time="0.001"/>
  <testcase name="runMozillaTest[1306, js=testsrc/tests/js1_5/Exceptions/regress-123002.js, opt=-1]" classname="org.mozilla.javascript.tests.MozillaSuiteTest" time="0.008"/>
  <testcase name="runMozillaTest[1307, js=testsrc/tests/js1_5/Exceptions/regress-232182.js, opt=-1]" classname="org.mozilla.javascript.tests.MozillaSuiteTest" time="0.007"/>
  <testcase name="runMozillaTest[1308, js=testsrc/tests/js1_5/Exceptions/regress-257751.js, opt=-1]" classname="org.mozilla.javascript.tests.MozillaSuiteTest" time="0.016"/>
  <testcase name="runMozillaTest[1309, js=testsrc/tests/js1_5/Exceptions/regress-273931.js, opt=-1]" classname="org.mozilla.javascript.tests.MozillaSuiteTest" time="0.02"/>
  <testcase name="runMozillaTest[1310, js=testsrc/tests/js1_5/Exceptions/regress-347674.js, opt=-1]" classname="org.mozilla.javascript.tests.MozillaSuiteTest" time="0.004"/>
  <testcase name="runMozillaTest[1311, js=testsrc/tests/js1_5/Exceptions/regress-350837.js, opt=-1]" classname="org.mozilla.javascript.tests.MozillaSuiteTest" time="0.032"/>
  <testcase name="runMozillaTest[1312, js=testsrc/tests/js1_5/Expressions/regress-192288.js, opt=-1]" classname="org.mozilla.javascript.tests.MozillaSuiteTest" time="0.003"/>
  <testcase name="runMozillaTest[1313, js=testsrc/tests/js1_5/Expressions/regress-96526-argsub.js, opt=-1]" classname="org.mozilla.javascript.tests.MozillaSuiteTest" time="0.002"/>
  <testcase name="runMozillaTest[1314, js=testsrc/tests/js1_5/Expressions/regress-96526-noargsub.js, opt=-1]" classname="org.mozilla.javascript.tests.MozillaSuiteTest" time="0.002"/>
  <testcase name="runMozillaTest[1315, js=testsrc/tests/js1_5/Function/10.1.6.js, opt=-1]" classname="org.mozilla.javascript.tests.MozillaSuiteTest" time="0.001"/>
  <testcase name="runMozillaTest[1316, js=testsrc/tests/js1_5/Function/15.3.4.4.js, opt=-1]" classname="org.mozilla.javascript.tests.MozillaSuiteTest" time="0.019"/>
  <testcase name="runMozillaTest[1317, js=testsrc/tests/js1_5/Function/regress-123371.js, opt=-1]" classname="org.mozilla.javascript.tests.MozillaSuiteTest" time="0.001"/>
  <testcase name="runMozillaTest[1318, js=testsrc/tests/js1_5/Function/regress-178389.js, opt=-1]" classname="org.mozilla.javascript.tests.MozillaSuiteTest" time="0.008"/>
  <testcase name="runMozillaTest[1319, js=testsrc/tests/js1_5/Function/regress-292215.js, opt=-1]" classname="org.mozilla.javascript.tests.MozillaSuiteTest" time="0.012"/>
  <testcase name="runMozillaTest[1320, js=testsrc/tests/js1_5/Function/regress-344052.js, opt=-1]" classname="org.mozilla.javascript.tests.MozillaSuiteTest" time="0.02"/>
  <testcase name="runMozillaTest[1321, js=testsrc/tests/js1_5/Function/regress-364023.js, opt=-1]" classname="org.mozilla.javascript.tests.MozillaSuiteTest" time="1.369"/>
  <testcase name="runMozillaTest[1322, js=testsrc/tests/js1_5/GC/regress-104584.js, opt=-1]" classname="org.mozilla.javascript.tests.MozillaSuiteTest" time="0.185"/>
  <testcase name="runMozillaTest[1323, js=testsrc/tests/js1_5/GC/regress-203278-3.js, opt=-1]" classname="org.mozilla.javascript.tests.MozillaSuiteTest" time="1.723"/>
  <testcase name="runMozillaTest[1324, js=testsrc/tests/js1_5/GC/regress-278725.js, opt=-1]" classname="org.mozilla.javascript.tests.MozillaSuiteTest" time="3.968"/>
  <testcase name="runMozillaTest[1325, js=testsrc/tests/js1_5/GC/regress-306788.js, opt=-1]" classname="org.mozilla.javascript.tests.MozillaSuiteTest" time="0.705"/>
  <testcase name="runMozillaTest[1326, js=testsrc/tests/js1_5/GC/regress-311497.js, opt=-1]" classname="org.mozilla.javascript.tests.MozillaSuiteTest" time="1.903"/>
  <testcase name="runMozillaTest[1327, js=testsrc/tests/js1_5/GC/regress-313276.js, opt=-1]" classname="org.mozilla.javascript.tests.MozillaSuiteTest" time="0.198"/>
  <testcase name="runMozillaTest[1328, js=testsrc/tests/js1_5/GC/regress-313479.js, opt=-1]" classname="org.mozilla.javascript.tests.MozillaSuiteTest" time="0.087"/>
  <testcase name="runMozillaTest[1329, js=testsrc/tests/js1_5/GC/regress-316885-02.js, opt=-1]" classname="org.mozilla.javascript.tests.MozillaSuiteTest" time="0.162"/>
  <testcase name="runMozillaTest[1330, js=testsrc/tests/js1_5/GC/regress-316885-03.js, opt=-1]" classname="org.mozilla.javascript.tests.MozillaSuiteTest" time="0.168"/>
  <testcase name="runMozillaTest[1331, js=testsrc/tests/js1_5/GC/regress-319980-01.js, opt=-1]" classname="org.mozilla.javascript.tests.MozillaSuiteTest" time="0.029"/>
  <testcase name="runMozillaTest[1332, js=testsrc/tests/js1_5/GC/regress-331719.js, opt=-1]" classname="org.mozilla.javascript.tests.MozillaSuiteTest" time="0.001"/>
  <testcase name="runMozillaTest[1333, js=testsrc/tests/js1_5/GC/regress-341877-01.js, opt=-1]" classname="org.mozilla.javascript.tests.MozillaSuiteTest" time="0.356"/>
  <testcase name="runMozillaTest[1334, js=testsrc/tests/js1_5/GC/regress-341877-02.js, opt=-1]" classname="org.mozilla.javascript.tests.MozillaSuiteTest" time="0.348"/>
  <testcase name="runMozillaTest[1335, js=testsrc/tests/js1_5/GC/regress-352606.js, opt=-1]" classname="org.mozilla.javascript.tests.MozillaSuiteTest" time="0.107"/>
  <testcase name="runMozillaTest[1336, js=testsrc/tests/js1_5/GC/regress-390078.js, opt=-1]" classname="org.mozilla.javascript.tests.MozillaSuiteTest" time="0.251"/>
  <testcase name="runMozillaTest[1337, js=testsrc/tests/js1_5/GC/regress-418128.js, opt=-1]" classname="org.mozilla.javascript.tests.MozillaSuiteTest" time="0.207"/>
  <testcase name="runMozillaTest[1338, js=testsrc/tests/js1_5/GC/regress-440558.js, opt=-1]" classname="org.mozilla.javascript.tests.MozillaSuiteTest" time="0.016"/>
  <testcase name="runMozillaTest[1339, js=testsrc/tests/js1_5/GetSet/regress-375976.js, opt=-1]" classname="org.mozilla.javascript.tests.MozillaSuiteTest" time="0.167"/>
  <testcase name="runMozillaTest[1340, js=testsrc/tests/js1_5/LexicalConventions/lexical-001.js, opt=-1]" classname="org.mozilla.javascript.tests.MozillaSuiteTest" time="0.04"/>
  <testcase name="runMozillaTest[1341, js=testsrc/tests/js1_5/LexicalConventions/regress-177314.js, opt=-1]" classname="org.mozilla.javascript.tests.MozillaSuiteTest" time="0.002"/>
  <testcase name="runMozillaTest[1342, js=testsrc/tests/js1_5/LexicalConventions/regress-469940.js, opt=-1]" classname="org.mozilla.javascript.tests.MozillaSuiteTest" time="0.001"/>
  <testcase name="runMozillaTest[1343, js=testsrc/tests/js1_5/Object/regress-137000.js, opt=-1]" classname="org.mozilla.javascript.tests.MozillaSuiteTest" time="0.015"/>
  <testcase name="runMozillaTest[1344, js=testsrc/tests/js1_5/Object/regress-192105.js, opt=-1]" classname="org.mozilla.javascript.tests.MozillaSuiteTest" time="0.005"/>
  <testcase name="runMozillaTest[1345, js=testsrc/tests/js1_5/Object/regress-338709.js, opt=-1]" classname="org.mozilla.javascript.tests.MozillaSuiteTest" time="0.012"/>
  <testcase name="runMozillaTest[1346, js=testsrc/tests/js1_5/Object/regress-382503.js, opt=-1]" classname="org.mozilla.javascript.tests.MozillaSuiteTest" time="0.002"/>
  <testcase name="runMozillaTest[1347, js=testsrc/tests/js1_5/Object/regress-382532.js, opt=-1]" classname="org.mozilla.javascript.tests.MozillaSuiteTest" time="0.005"/>
  <testcase name="runMozillaTest[1348, js=testsrc/tests/js1_5/Object/regress-465476.js, opt=-1]" classname="org.mozilla.javascript.tests.MozillaSuiteTest" time="0.016"/>
  <testcase name="runMozillaTest[1349, js=testsrc/tests/js1_5/Object/regress-90596-003.js, opt=-1]" classname="org.mozilla.javascript.tests.MozillaSuiteTest" time="0.054"/>
  <testcase name="runMozillaTest[1350, js=testsrc/tests/js1_5/Regress/regress-102725.js, opt=-1]" classname="org.mozilla.javascript.tests.MozillaSuiteTest" time="0.01"/>
  <testcase name="runMozillaTest[1351, js=testsrc/tests/js1_5/Regress/regress-10278.js, opt=-1]" classname="org.mozilla.javascript.tests.MozillaSuiteTest" time="0.001"/>
  <testcase name="runMozillaTest[1352, js=testsrc/tests/js1_5/Regress/regress-104077.js, opt=-1]" classname="org.mozilla.javascript.tests.MozillaSuiteTest" time="0.033"/>
  <testcase name="runMozillaTest[1353, js=testsrc/tests/js1_5/Regress/regress-110286.js, opt=-1]" classname="org.mozilla.javascript.tests.MozillaSuiteTest" time="0.003"/>
  <testcase name="runMozillaTest[1354, js=testsrc/tests/js1_5/Regress/regress-111557.js, opt=-1]" classname="org.mozilla.javascript.tests.MozillaSuiteTest" time="0.315"/>
  <testcase name="runMozillaTest[1355, js=testsrc/tests/js1_5/Regress/regress-114491.js, opt=-1]" classname="org.mozilla.javascript.tests.MozillaSuiteTest" time="0.029"/>
  <testcase name="runMozillaTest[1356, js=testsrc/tests/js1_5/Regress/regress-114493.js, opt=-1]" classname="org.mozilla.javascript.tests.MozillaSuiteTest" time="0.007"/>
  <testcase name="runMozillaTest[1357, js=testsrc/tests/js1_5/Regress/regress-115436.js, opt=-1]" classname="org.mozilla.javascript.tests.MozillaSuiteTest" time="0.001"/>
  <testcase name="runMozillaTest[1358, js=testsrc/tests/js1_5/Regress/regress-116228.js, opt=-1]" classname="org.mozilla.javascript.tests.MozillaSuiteTest" time="0.002"/>
  <testcase name="runMozillaTest[1359, js=testsrc/tests/js1_5/Regress/regress-118849.js, opt=-1]" classname="org.mozilla.javascript.tests.MozillaSuiteTest" time="0.007"/>
  <testcase name="runMozillaTest[1360, js=testsrc/tests/js1_5/Regress/regress-127243.js, opt=-1]" classname="org.mozilla.javascript.tests.MozillaSuiteTest" time="0.02"/>
  <testcase name="runMozillaTest[1361, js=testsrc/tests/js1_5/Regress/regress-127557.js, opt=-1]" classname="org.mozilla.javascript.tests.MozillaSuiteTest" time="0.001"/>
  <testcase name="runMozillaTest[1362, js=testsrc/tests/js1_5/Regress/regress-131510-001.js, opt=-1]" classname="org.mozilla.javascript.tests.MozillaSuiteTest" time="0.002"/>
  <testcase name="runMozillaTest[1363, js=testsrc/tests/js1_5/Regress/regress-139316.js, opt=-1]" classname="org.mozilla.javascript.tests.MozillaSuiteTest" time="0.009"/>
  <testcase name="runMozillaTest[1364, js=testsrc/tests/js1_5/Regress/regress-140852.js, opt=-1]" classname="org.mozilla.javascript.tests.MozillaSuiteTest" time="0.01"/>
  <testcase name="runMozillaTest[1365, js=testsrc/tests/js1_5/Regress/regress-140974.js, opt=-1]" classname="org.mozilla.javascript.tests.MozillaSuiteTest" time="0.002"/>
  <testcase name="runMozillaTest[1366, js=testsrc/tests/js1_5/Regress/regress-146596.js, opt=-1]" classname="org.mozilla.javascript.tests.MozillaSuiteTest" time="0.024"/>
  <testcase name="runMozillaTest[1367, js=testsrc/tests/js1_5/Regress/regress-152646.js, opt=-1]" classname="org.mozilla.javascript.tests.MozillaSuiteTest" time="0.014"/>
  <testcase name="runMozillaTest[1368, js=testsrc/tests/js1_5/Regress/regress-155081-2.js, opt=-1]" classname="org.mozilla.javascript.tests.MozillaSuiteTest" time="0.615"/>
  <testcase name="runMozillaTest[1369, js=testsrc/tests/js1_5/Regress/regress-155081.js, opt=-1]" classname="org.mozilla.javascript.tests.MozillaSuiteTest" time="0.681"/>
  <testcase name="runMozillaTest[1370, js=testsrc/tests/js1_5/Regress/regress-156354.js, opt=-1]" classname="org.mozilla.javascript.tests.MozillaSuiteTest" time="0.018"/>
  <testcase name="runMozillaTest[1371, js=testsrc/tests/js1_5/Regress/regress-159334.js, opt=-1]" classname="org.mozilla.javascript.tests.MozillaSuiteTest" time="2.442"/>
  <testcase name="runMozillaTest[1372, js=testsrc/tests/js1_5/Regress/regress-162392.js, opt=-1]" classname="org.mozilla.javascript.tests.MozillaSuiteTest" time="0.03"/>
  <testcase name="runMozillaTest[1373, js=testsrc/tests/js1_5/Regress/regress-165201.js, opt=-1]" classname="org.mozilla.javascript.tests.MozillaSuiteTest" time="0.002"/>
  <testcase name="runMozillaTest[1374, js=testsrc/tests/js1_5/Regress/regress-167328.js, opt=-1]" classname="org.mozilla.javascript.tests.MozillaSuiteTest" time="0.006"/>
  <testcase name="runMozillaTest[1375, js=testsrc/tests/js1_5/Regress/regress-167658.js, opt=-1]" classname="org.mozilla.javascript.tests.MozillaSuiteTest" time="0.054"/>
  <testcase name="runMozillaTest[1376, js=testsrc/tests/js1_5/Regress/regress-168347.js, opt=-1]" classname="org.mozilla.javascript.tests.MozillaSuiteTest" time="0.003"/>
  <testcase name="runMozillaTest[1377, js=testsrc/tests/js1_5/Regress/regress-170193.js, opt=-1]" classname="org.mozilla.javascript.tests.MozillaSuiteTest" time="0.013"/>
  <testcase name="runMozillaTest[1378, js=testsrc/tests/js1_5/Regress/regress-174709.js, opt=-1]" classname="org.mozilla.javascript.tests.MozillaSuiteTest" time="0.127"/>
  <testcase name="runMozillaTest[1379, js=testsrc/tests/js1_5/Regress/regress-176125.js, opt=-1]" classname="org.mozilla.javascript.tests.MozillaSuiteTest" time="0.002"/>
  <testcase name="runMozillaTest[1380, js=testsrc/tests/js1_5/Regress/regress-179524.js, opt=-1]" classname="org.mozilla.javascript.tests.MozillaSuiteTest" time="0.01"/>
  <testcase name="runMozillaTest[1381, js=testsrc/tests/js1_5/Regress/regress-185165.js, opt=-1]" classname="org.mozilla.javascript.tests.MozillaSuiteTest" time="0.02"/>
  <testcase name="runMozillaTest[1382, js=testsrc/tests/js1_5/Regress/regress-191633.js, opt=-1]" classname="org.mozilla.javascript.tests.MozillaSuiteTest" time="0.287"/>
  <testcase name="runMozillaTest[1383, js=testsrc/tests/js1_5/Regress/regress-191668.js, opt=-1]" classname="org.mozilla.javascript.tests.MozillaSuiteTest" time="0.052"/>
  <testcase name="runMozillaTest[1384, js=testsrc/tests/js1_5/Regress/regress-192414.js, opt=-1]" classname="org.mozilla.javascript.tests.MozillaSuiteTest" time="0.095"/>
  <testcase name="runMozillaTest[1385, js=testsrc/tests/js1_5/Regress/regress-193418.js, opt=-1]" classname="org.mozilla.javascript.tests.MozillaSuiteTest" time="0.005"/>
  <testcase name="runMozillaTest[1386, js=testsrc/tests/js1_5/Regress/regress-203402.js, opt=-1]" classname="org.mozilla.javascript.tests.MozillaSuiteTest" time="0.017"/>
  <testcase name="runMozillaTest[1387, js=testsrc/tests/js1_5/Regress/regress-203841.js, opt=-1]" classname="org.mozilla.javascript.tests.MozillaSuiteTest" time="0.02"/>
  <testcase name="runMozillaTest[1388, js=testsrc/tests/js1_5/Regress/regress-204210.js, opt=-1]" classname="org.mozilla.javascript.tests.MozillaSuiteTest" time="0.03"/>
  <testcase name="runMozillaTest[1389, js=testsrc/tests/js1_5/Regress/regress-210682.js, opt=-1]" classname="org.mozilla.javascript.tests.MozillaSuiteTest" time="0.01"/>
  <testcase name="runMozillaTest[1390, js=testsrc/tests/js1_5/Regress/regress-211590.js, opt=-1]" classname="org.mozilla.javascript.tests.MozillaSuiteTest" time="0.19"/>
  <testcase name="runMozillaTest[1391, js=testsrc/tests/js1_5/Regress/regress-214761.js, opt=-1]" classname="org.mozilla.javascript.tests.MozillaSuiteTest" time="0.027"/>
  <testcase name="runMozillaTest[1392, js=testsrc/tests/js1_5/Regress/regress-216320.js, opt=-1]" classname="org.mozilla.javascript.tests.MozillaSuiteTest" time="0.009"/>
  <testcase name="runMozillaTest[1393, js=testsrc/tests/js1_5/Regress/regress-224956.js, opt=-1]" classname="org.mozilla.javascript.tests.MozillaSuiteTest" time="0.056"/>
  <testcase name="runMozillaTest[1394, js=testsrc/tests/js1_5/Regress/regress-229006.js, opt=-1]" classname="org.mozilla.javascript.tests.MozillaSuiteTest" time="0.003"/>
  <testcase name="runMozillaTest[1395, js=testsrc/tests/js1_5/Regress/regress-230216-1.js, opt=-1]" classname="org.mozilla.javascript.tests.MozillaSuiteTest" time="0.001"/>
  <testcase name="runMozillaTest[1396, js=testsrc/tests/js1_5/Regress/regress-230216-2.js, opt=-1]" classname="org.mozilla.javascript.tests.MozillaSuiteTest" time="0.016"/>
  <testcase name="runMozillaTest[1397, js=testsrc/tests/js1_5/Regress/regress-230216-3.js, opt=-1]" classname="org.mozilla.javascript.tests.MozillaSuiteTest" time="0.01"/>
  <testcase name="runMozillaTest[1398, js=testsrc/tests/js1_5/Regress/regress-233483-2.js, opt=-1]" classname="org.mozilla.javascript.tests.MozillaSuiteTest" time="0.006"/>
  <testcase name="runMozillaTest[1399, js=testsrc/tests/js1_5/Regress/regress-233483.js, opt=-1]" classname="org.mozilla.javascript.tests.MozillaSuiteTest" time="0.003"/>
  <testcase name="runMozillaTest[1400, js=testsrc/tests/js1_5/Regress/regress-238881.js, opt=-1]" classname="org.mozilla.javascript.tests.MozillaSuiteTest" time="0.045"/>
  <testcase name="runMozillaTest[1401, js=testsrc/tests/js1_5/Regress/regress-238945.js, opt=-1]" classname="org.mozilla.javascript.tests.MozillaSuiteTest" time="0.002"/>
  <testcase name="runMozillaTest[1402, js=testsrc/tests/js1_5/Regress/regress-243174.js, opt=-1]" classname="org.mozilla.javascript.tests.MozillaSuiteTest" time="0.031"/>
  <testcase name="runMozillaTest[1403, js=testsrc/tests/js1_5/Regress/regress-243389-n.js, opt=-1]" classname="org.mozilla.javascript.tests.MozillaSuiteTest" time="0.012"/>
  <testcase name="runMozillaTest[1404, js=testsrc/tests/js1_5/Regress/regress-243869.js, opt=-1]" classname="org.mozilla.javascript.tests.MozillaSuiteTest" time="0.008"/>
  <testcase name="runMozillaTest[1405, js=testsrc/tests/js1_5/Regress/regress-244470.js, opt=-1]" classname="org.mozilla.javascript.tests.MozillaSuiteTest" time="3.493"/>
  <testcase name="runMozillaTest[1406, js=testsrc/tests/js1_5/Regress/regress-244619.js, opt=-1]" classname="org.mozilla.javascript.tests.MozillaSuiteTest" time="0.003"/>
  <testcase name="runMozillaTest[1407, js=testsrc/tests/js1_5/Regress/regress-245113.js, opt=-1]" classname="org.mozilla.javascript.tests.MozillaSuiteTest" time="0.013"/>
  <testcase name="runMozillaTest[1408, js=testsrc/tests/js1_5/Regress/regress-245308.js, opt=-1]" classname="org.mozilla.javascript.tests.MozillaSuiteTest" time="0.002"/>
  <testcase name="runMozillaTest[1409, js=testsrc/tests/js1_5/Regress/regress-246911.js, opt=-1]" classname="org.mozilla.javascript.tests.MozillaSuiteTest" time="0.033"/>
  <testcase name="runMozillaTest[1410, js=testsrc/tests/js1_5/Regress/regress-246964.js, opt=-1]" classname="org.mozilla.javascript.tests.MozillaSuiteTest" time="0.002"/>
  <testcase name="runMozillaTest[1411, js=testsrc/tests/js1_5/Regress/regress-247179.js, opt=-1]" classname="org.mozilla.javascript.tests.MozillaSuiteTest" time="0.001"/>
  <testcase name="runMozillaTest[1412, js=testsrc/tests/js1_5/Regress/regress-248444.js, opt=-1]" classname="org.mozilla.javascript.tests.MozillaSuiteTest" time="0.016"/>
  <testcase name="runMozillaTest[1413, js=testsrc/tests/js1_5/Regress/regress-253150.js, opt=-1]" classname="org.mozilla.javascript.tests.MozillaSuiteTest" time="0.004"/>
  <testcase name="runMozillaTest[1414, js=testsrc/tests/js1_5/Regress/regress-254296.js, opt=-1]" classname="org.mozilla.javascript.tests.MozillaSuiteTest" time="0.002"/>
  <testcase name="runMozillaTest[1415, js=testsrc/tests/js1_5/Regress/regress-254974.js, opt=-1]" classname="org.mozilla.javascript.tests.MozillaSuiteTest" time="0.021"/>
  <testcase name="runMozillaTest[1416, js=testsrc/tests/js1_5/Regress/regress-256501.js, opt=-1]" classname="org.mozilla.javascript.tests.MozillaSuiteTest" time="1.167"/>
  <testcase name="runMozillaTest[1417, js=testsrc/tests/js1_5/Regress/regress-256617.js, opt=-1]" classname="org.mozilla.javascript.tests.MozillaSuiteTest" time="0.074"/>
  <testcase name="runMozillaTest[1418, js=testsrc/tests/js1_5/Regress/regress-256798.js, opt=-1]" classname="org.mozilla.javascript.tests.MozillaSuiteTest" time="0.002"/>
  <testcase name="runMozillaTest[1419, js=testsrc/tests/js1_5/Regress/regress-259935.js, opt=-1]" classname="org.mozilla.javascript.tests.MozillaSuiteTest" time="0.007"/>
  <testcase name="runMozillaTest[1420, js=testsrc/tests/js1_5/Regress/regress-260541.js, opt=-1]" classname="org.mozilla.javascript.tests.MozillaSuiteTest" time="0.012"/>
  <testcase name="runMozillaTest[1421, js=testsrc/tests/js1_5/Regress/regress-261886.js, opt=-1]" classname="org.mozilla.javascript.tests.MozillaSuiteTest" time="0.003"/>
  <testcase name="runMozillaTest[1422, js=testsrc/tests/js1_5/Regress/regress-261887.js, opt=-1]" classname="org.mozilla.javascript.tests.MozillaSuiteTest" time="0.002"/>
  <testcase name="runMozillaTest[1423, js=testsrc/tests/js1_5/Regress/regress-274035.js, opt=-1]" classname="org.mozilla.javascript.tests.MozillaSuiteTest" time="0.001"/>
  <testcase name="runMozillaTest[1424, js=testsrc/tests/js1_5/Regress/regress-274888.js, opt=-1]" classname="org.mozilla.javascript.tests.MozillaSuiteTest" time="0.05"/>
  <testcase name="runMozillaTest[1425, js=testsrc/tests/js1_5/Regress/regress-275378.js, opt=-1]" classname="org.mozilla.javascript.tests.MozillaSuiteTest" time="0.013"/>
  <testcase name="runMozillaTest[1426, js=testsrc/tests/js1_5/Regress/regress-276103.js, opt=-1]" classname="org.mozilla.javascript.tests.MozillaSuiteTest" time="0.001"/>
  <testcase name="runMozillaTest[1427, js=testsrc/tests/js1_5/Regress/regress-278873.js, opt=-1]" classname="org.mozilla.javascript.tests.MozillaSuiteTest" time="0.01"/>
  <testcase name="runMozillaTest[1428, js=testsrc/tests/js1_5/Regress/regress-280769-3.js, opt=-1]" classname="org.mozilla.javascript.tests.MozillaSuiteTest" time="1.097"/>
  <testcase name="runMozillaTest[1429, js=testsrc/tests/js1_5/Regress/regress-280769-4.js, opt=-1]" classname="org.mozilla.javascript.tests.MozillaSuiteTest" time="0.64"/>
  <testcase name="runMozillaTest[1430, js=testsrc/tests/js1_5/Regress/regress-281487.js, opt=-1]" classname="org.mozilla.javascript.tests.MozillaSuiteTest" time="0.001"/>
  <testcase name="runMozillaTest[1431, js=testsrc/tests/js1_5/Regress/regress-281930.js, opt=-1]" classname="org.mozilla.javascript.tests.MozillaSuiteTest" time="0.001"/>
  <testcase name="runMozillaTest[1432, js=testsrc/tests/js1_5/Regress/regress-283477.js, opt=-1]" classname="org.mozilla.javascript.tests.MozillaSuiteTest" time="0.014"/>
  <testcase name="runMozillaTest[1433, js=testsrc/tests/js1_5/Regress/regress-286216.js, opt=-1]" classname="org.mozilla.javascript.tests.MozillaSuiteTest" time="0.002"/>
  <testcase name="runMozillaTest[1434, js=testsrc/tests/js1_5/Regress/regress-288688.js, opt=-1]" classname="org.mozilla.javascript.tests.MozillaSuiteTest" time="0.002"/>
  <testcase name="runMozillaTest[1435, js=testsrc/tests/js1_5/Regress/regress-289094.js, opt=-1]" classname="org.mozilla.javascript.tests.MozillaSuiteTest" time="0.018"/>
  <testcase name="runMozillaTest[1436, js=testsrc/tests/js1_5/Regress/regress-290656.js, opt=-1]" classname="org.mozilla.javascript.tests.MozillaSuiteTest" time="0.011"/>
  <testcase name="runMozillaTest[1437, js=testsrc/tests/js1_5/Regress/regress-294191.js, opt=-1]" classname="org.mozilla.javascript.tests.MozillaSuiteTest" time="0.002"/>
  <testcase name="runMozillaTest[1438, js=testsrc/tests/js1_5/Regress/regress-294195-01.js, opt=-1]" classname="org.mozilla.javascript.tests.MozillaSuiteTest" time="0.028"/>
  <testcase name="runMozillaTest[1439, js=testsrc/tests/js1_5/Regress/regress-294195-02.js, opt=-1]" classname="org.mozilla.javascript.tests.MozillaSuiteTest" time="0.002"/>
  <testcase name="runMozillaTest[1440, js=testsrc/tests/js1_5/Regress/regress-294302.js, opt=-1]" classname="org.mozilla.javascript.tests.MozillaSuiteTest" time="0.001"/>
  <testcase name="runMozillaTest[1441, js=testsrc/tests/js1_5/Regress/regress-295052.js, opt=-1]" classname="org.mozilla.javascript.tests.MozillaSuiteTest" time="0.001"/>
  <testcase name="runMozillaTest[1442, js=testsrc/tests/js1_5/Regress/regress-295666.js, opt=-1]" classname="org.mozilla.javascript.tests.MozillaSuiteTest" time="0.002"/>
  <testcase name="runMozillaTest[1443, js=testsrc/tests/js1_5/Regress/regress-299209.js, opt=-1]" classname="org.mozilla.javascript.tests.MozillaSuiteTest" time="0.081"/>
  <testcase name="runMozillaTest[1444, js=testsrc/tests/js1_5/Regress/regress-299641.js, opt=-1]" classname="org.mozilla.javascript.tests.MozillaSuiteTest" time="0.001"/>
  <testcase name="runMozillaTest[1445, js=testsrc/tests/js1_5/Regress/regress-306633.js, opt=-1]" classname="org.mozilla.javascript.tests.MozillaSuiteTest" time="0.002"/>
  <testcase name="runMozillaTest[1446, js=testsrc/tests/js1_5/Regress/regress-306727.js, opt=-1]" classname="org.mozilla.javascript.tests.MozillaSuiteTest" time="0.01"/>
  <testcase name="runMozillaTest[1447, js=testsrc/tests/js1_5/Regress/regress-306794.js, opt=-1]" classname="org.mozilla.javascript.tests.MozillaSuiteTest" time="0.02"/>
  <testcase name="runMozillaTest[1448, js=testsrc/tests/js1_5/Regress/regress-308085.js, opt=-1]" classname="org.mozilla.javascript.tests.MozillaSuiteTest" time="0.026"/>
  <testcase name="runMozillaTest[1449, js=testsrc/tests/js1_5/Regress/regress-308566.js, opt=-1]" classname="org.mozilla.javascript.tests.MozillaSuiteTest" time="0.009"/>
  <testcase name="runMozillaTest[1450, js=testsrc/tests/js1_5/Regress/regress-310295.js, opt=-1]" classname="org.mozilla.javascript.tests.MozillaSuiteTest" time="0.002"/>
  <testcase name="runMozillaTest[1451, js=testsrc/tests/js1_5/Regress/regress-310607.js, opt=-1]" classname="org.mozilla.javascript.tests.MozillaSuiteTest" time="0.031"/>
  <testcase name="runMozillaTest[1452, js=testsrc/tests/js1_5/Regress/regress-310993.js, opt=-1]" classname="org.mozilla.javascript.tests.MozillaSuiteTest" time="0.011"/>
  <testcase name="runMozillaTest[1453, js=testsrc/tests/js1_5/Regress/regress-311071.js, opt=-1]" classname="org.mozilla.javascript.tests.MozillaSuiteTest" time="0.019"/>
  <testcase name="runMozillaTest[1454, js=testsrc/tests/js1_5/Regress/regress-311629.js, opt=-1]" classname="org.mozilla.javascript.tests.MozillaSuiteTest" time="0.09"/>
  <testcase name="runMozillaTest[1455, js=testsrc/tests/js1_5/Regress/regress-312260.js, opt=-1]" classname="org.mozilla.javascript.tests.MozillaSuiteTest" time="0.008"/>
  <testcase name="runMozillaTest[1456, js=testsrc/tests/js1_5/Regress/regress-31255.js, opt=-1]" classname="org.mozilla.javascript.tests.MozillaSuiteTest" time="0.003"/>
  <testcase name="runMozillaTest[1457, js=testsrc/tests/js1_5/Regress/regress-314401.js, opt=-1]" classname="org.mozilla.javascript.tests.MozillaSuiteTest" time="0.007"/>
  <testcase name="runMozillaTest[1458, js=testsrc/tests/js1_5/Regress/regress-315990.js, opt=-1]" classname="org.mozilla.javascript.tests.MozillaSuiteTest" time="0.016"/>
  <testcase name="runMozillaTest[1459, js=testsrc/tests/js1_5/Regress/regress-317476.js, opt=-1]" classname="org.mozilla.javascript.tests.MozillaSuiteTest" time="0.016"/>
  <testcase name="runMozillaTest[1460, js=testsrc/tests/js1_5/Regress/regress-317714-01.js, opt=-1]" classname="org.mozilla.javascript.tests.MozillaSuiteTest" time="0.001"/>
  <testcase name="runMozillaTest[1461, js=testsrc/tests/js1_5/Regress/regress-317714-02.js, opt=-1]" classname="org.mozilla.javascript.tests.MozillaSuiteTest" time="0.001"/>
  <testcase name="runMozillaTest[1462, js=testsrc/tests/js1_5/Regress/regress-319384.js, opt=-1]" classname="org.mozilla.javascript.tests.MozillaSuiteTest" time="0.0"/>
  <testcase name="runMozillaTest[1463, js=testsrc/tests/js1_5/Regress/regress-319391.js, opt=-1]" classname="org.mozilla.javascript.tests.MozillaSuiteTest" time="0.009"/>
  <testcase name="runMozillaTest[1464, js=testsrc/tests/js1_5/Regress/regress-320032.js, opt=-1]" classname="org.mozilla.javascript.tests.MozillaSuiteTest" time="0.017"/>
  <testcase name="runMozillaTest[1465, js=testsrc/tests/js1_5/Regress/regress-321757.js, opt=-1]" classname="org.mozilla.javascript.tests.MozillaSuiteTest" time="0.022"/>
  <testcase name="runMozillaTest[1466, js=testsrc/tests/js1_5/Regress/regress-321874.js, opt=-1]" classname="org.mozilla.javascript.tests.MozillaSuiteTest" time="0.012"/>
  <testcase name="runMozillaTest[1467, js=testsrc/tests/js1_5/Regress/regress-321971.js, opt=-1]" classname="org.mozilla.javascript.tests.MozillaSuiteTest" time="1.894"/>
  <testcase name="runMozillaTest[1468, js=testsrc/tests/js1_5/Regress/regress-322430.js, opt=-1]" classname="org.mozilla.javascript.tests.MozillaSuiteTest" time="0.002"/>
  <testcase name="runMozillaTest[1469, js=testsrc/tests/js1_5/Regress/regress-325925.js, opt=-1]" classname="org.mozilla.javascript.tests.MozillaSuiteTest" time="0.014"/>
  <testcase name="runMozillaTest[1470, js=testsrc/tests/js1_5/Regress/regress-326453.js, opt=-1]" classname="org.mozilla.javascript.tests.MozillaSuiteTest" time="0.006"/>
  <testcase name="runMozillaTest[1471, js=testsrc/tests/js1_5/Regress/regress-326467.js, opt=-1]" classname="org.mozilla.javascript.tests.MozillaSuiteTest" time="0.001"/>
  <testcase name="runMozillaTest[1472, js=testsrc/tests/js1_5/Regress/regress-328012.js, opt=-1]" classname="org.mozilla.javascript.tests.MozillaSuiteTest" time="0.001"/>
  <testcase name="runMozillaTest[1473, js=testsrc/tests/js1_5/Regress/regress-328897.js, opt=-1]" classname="org.mozilla.javascript.tests.MozillaSuiteTest" time="0.01"/>
  <testcase name="runMozillaTest[1474, js=testsrc/tests/js1_5/Regress/regress-329383.js, opt=-1]" classname="org.mozilla.javascript.tests.MozillaSuiteTest" time="0.026"/>
  <testcase name="runMozillaTest[1475, js=testsrc/tests/js1_5/Regress/regress-330951.js, opt=-1]" classname="org.mozilla.javascript.tests.MozillaSuiteTest" time="0.149"/>
  <testcase name="runMozillaTest[1476, js=testsrc/tests/js1_5/Regress/regress-334807-01.js, opt=-1]" classname="org.mozilla.javascript.tests.MozillaSuiteTest" time="0.002"/>
  <testcase name="runMozillaTest[1477, js=testsrc/tests/js1_5/Regress/regress-334807-02.js, opt=-1]" classname="org.mozilla.javascript.tests.MozillaSuiteTest" time="0.001"/>
  <testcase name="runMozillaTest[1478, js=testsrc/tests/js1_5/Regress/regress-334807-03.js, opt=-1]" classname="org.mozilla.javascript.tests.MozillaSuiteTest" time="0.001"/>
  <testcase name="runMozillaTest[1479, js=testsrc/tests/js1_5/Regress/regress-334807-04.js, opt=-1]" classname="org.mozilla.javascript.tests.MozillaSuiteTest" time="0.002"/>
  <testcase name="runMozillaTest[1480, js=testsrc/tests/js1_5/Regress/regress-334807-05.js, opt=-1]" classname="org.mozilla.javascript.tests.MozillaSuiteTest" time="0.001"/>
  <testcase name="runMozillaTest[1481, js=testsrc/tests/js1_5/Regress/regress-334807-06.js, opt=-1]" classname="org.mozilla.javascript.tests.MozillaSuiteTest" time="0.007"/>
  <testcase name="runMozillaTest[1482, js=testsrc/tests/js1_5/Regress/regress-338307.js, opt=-1]" classname="org.mozilla.javascript.tests.MozillaSuiteTest" time="0.007"/>
  <testcase name="runMozillaTest[1483, js=testsrc/tests/js1_5/Regress/regress-340369.js, opt=-1]" classname="org.mozilla.javascript.tests.MozillaSuiteTest" time="0.012"/>
  <testcase name="runMozillaTest[1484, js=testsrc/tests/js1_5/Regress/regress-341360.js, opt=-1]" classname="org.mozilla.javascript.tests.MozillaSuiteTest" time="0.016"/>
  <testcase name="runMozillaTest[1485, js=testsrc/tests/js1_5/Regress/regress-343713.js, opt=-1]" classname="org.mozilla.javascript.tests.MozillaSuiteTest" time="0.002"/>
  <testcase name="runMozillaTest[1486, js=testsrc/tests/js1_5/Regress/regress-343966.js, opt=-1]" classname="org.mozilla.javascript.tests.MozillaSuiteTest" time="0.003"/>
  <testcase name="runMozillaTest[1487, js=testsrc/tests/js1_5/Regress/regress-344711-n.js, opt=-1]" classname="org.mozilla.javascript.tests.MozillaSuiteTest" time="0.002"/>
  <testcase name="runMozillaTest[1488, js=testsrc/tests/js1_5/Regress/regress-344804.js, opt=-1]" classname="org.mozilla.javascript.tests.MozillaSuiteTest" time="0.001"/>
  <testcase name="runMozillaTest[1489, js=testsrc/tests/js1_5/Regress/regress-344959.js, opt=-1]" classname="org.mozilla.javascript.tests.MozillaSuiteTest" time="0.005"/>
  <testcase name="runMozillaTest[1490, js=testsrc/tests/js1_5/Regress/regress-346237.js, opt=-1]" classname="org.mozilla.javascript.tests.MozillaSuiteTest" time="0.006"/>
  <testcase name="runMozillaTest[1491, js=testsrc/tests/js1_5/Regress/regress-346801.js, opt=-1]" classname="org.mozilla.javascript.tests.MozillaSuiteTest" time="0.002"/>
  <testcase name="runMozillaTest[1492, js=testsrc/tests/js1_5/Regress/regress-349482-01.js, opt=-1]" classname="org.mozilla.javascript.tests.MozillaSuiteTest" time="0.009"/>
  <testcase name="runMozillaTest[1493, js=testsrc/tests/js1_5/Regress/regress-349482-02.js, opt=-1]" classname="org.mozilla.javascript.tests.MozillaSuiteTest" time="0.001"/>
  <testcase name="runMozillaTest[1494, js=testsrc/tests/js1_5/Regress/regress-349592.js, opt=-1]" classname="org.mozilla.javascript.tests.MozillaSuiteTest" time="0.004"/>
  <testcase name="runMozillaTest[1495, js=testsrc/tests/js1_5/Regress/regress-350253.js, opt=-1]" classname="org.mozilla.javascript.tests.MozillaSuiteTest" time="0.005"/>
  <testcase name="runMozillaTest[1496, js=testsrc/tests/js1_5/Regress/regress-350312.js, opt=-1]" classname="org.mozilla.javascript.tests.MozillaSuiteTest" time="0.009"/>
  <testcase name="runMozillaTest[1497, js=testsrc/tests/js1_5/Regress/regress-350415.js, opt=-1]" classname="org.mozilla.javascript.tests.MozillaSuiteTest" time="0.004"/>
  <testcase name="runMozillaTest[1498, js=testsrc/tests/js1_5/Regress/regress-350529.js, opt=-1]" classname="org.mozilla.javascript.tests.MozillaSuiteTest" time="0.012"/>
  <testcase name="runMozillaTest[1499, js=testsrc/tests/js1_5/Regress/regress-351116.js, opt=-1]" classname="org.mozilla.javascript.tests.MozillaSuiteTest" time="0.018"/>
  <testcase name="runMozillaTest[1500, js=testsrc/tests/js1_5/Regress/regress-351515.js, opt=-1]" classname="org.mozilla.javascript.tests.MozillaSuiteTest" time="0.016"/>
  <testcase name="runMozillaTest[1501, js=testsrc/tests/js1_5/Regress/regress-352009.js, opt=-1]" classname="org.mozilla.javascript.tests.MozillaSuiteTest" time="0.031"/>
  <testcase name="runMozillaTest[1502, js=testsrc/tests/js1_5/Regress/regress-352208.js, opt=-1]" classname="org.mozilla.javascript.tests.MozillaSuiteTest" time="0.001"/>
  <testcase name="runMozillaTest[1503, js=testsrc/tests/js1_5/Regress/regress-355829-01.js, opt=-1]" classname="org.mozilla.javascript.tests.MozillaSuiteTest" time="0.001"/>
  <testcase name="runMozillaTest[1504, js=testsrc/tests/js1_5/Regress/regress-355829-02.js, opt=-1]" classname="org.mozilla.javascript.tests.MozillaSuiteTest" time="0.015"/>
  <testcase name="runMozillaTest[1505, js=testsrc/tests/js1_5/Regress/regress-355829-03.js, opt=-1]" classname="org.mozilla.javascript.tests.MozillaSuiteTest" time="0.002"/>
  <testcase name="runMozillaTest[1506, js=testsrc/tests/js1_5/Regress/regress-356250.js, opt=-1]" classname="org.mozilla.javascript.tests.MozillaSuiteTest" time="0.015"/>
  <testcase name="runMozillaTest[1507, js=testsrc/tests/js1_5/Regress/regress-360969-01.js, opt=-1]" classname="org.mozilla.javascript.tests.MozillaSuiteTest" time="2.385"/>
  <testcase name="runMozillaTest[1508, js=testsrc/tests/js1_5/Regress/regress-360969-02.js, opt=-1]" classname="org.mozilla.javascript.tests.MozillaSuiteTest" time="1.288"/>
  <testcase name="runMozillaTest[1509, js=testsrc/tests/js1_5/Regress/regress-360969-03.js, opt=-1]" classname="org.mozilla.javascript.tests.MozillaSuiteTest" time="2.127"/>
  <testcase name="runMozillaTest[1510, js=testsrc/tests/js1_5/Regress/regress-360969-04.js, opt=-1]" classname="org.mozilla.javascript.tests.MozillaSuiteTest" time="2.295"/>
  <testcase name="runMozillaTest[1511, js=testsrc/tests/js1_5/Regress/regress-366122.js, opt=-1]" classname="org.mozilla.javascript.tests.MozillaSuiteTest" time="0.648"/>
  <testcase name="runMozillaTest[1512, js=testsrc/tests/js1_5/Regress/regress-366468.js, opt=-1]" classname="org.mozilla.javascript.tests.MozillaSuiteTest" time="0.002"/>
  <testcase name="runMozillaTest[1513, js=testsrc/tests/js1_5/Regress/regress-366601.js, opt=-1]" classname="org.mozilla.javascript.tests.MozillaSuiteTest" time="1.146"/>
  <testcase name="runMozillaTest[1514, js=testsrc/tests/js1_5/Regress/regress-367561-01.js, opt=-1]" classname="org.mozilla.javascript.tests.MozillaSuiteTest" time="1.32"/>
  <testcase name="runMozillaTest[1515, js=testsrc/tests/js1_5/Regress/regress-379245.js, opt=-1]" classname="org.mozilla.javascript.tests.MozillaSuiteTest" time="0.002"/>
  <testcase name="runMozillaTest[1516, js=testsrc/tests/js1_5/Regress/regress-383674.js, opt=-1]" classname="org.mozilla.javascript.tests.MozillaSuiteTest" time="0.01"/>
  <testcase name="runMozillaTest[1517, js=testsrc/tests/js1_5/Regress/regress-387951-01.js, opt=-1]" classname="org.mozilla.javascript.tests.MozillaSuiteTest" time="0.019"/>
  <testcase name="runMozillaTest[1518, js=testsrc/tests/js1_5/Regress/regress-387951-02.js, opt=-1]" classname="org.mozilla.javascript.tests.MozillaSuiteTest" time="0.002"/>
  <testcase name="runMozillaTest[1519, js=testsrc/tests/js1_5/Regress/regress-387951-03.js, opt=-1]" classname="org.mozilla.javascript.tests.MozillaSuiteTest" time="0.001"/>
  <testcase name="runMozillaTest[1520, js=testsrc/tests/js1_5/Regress/regress-39309.js, opt=-1]" classname="org.mozilla.javascript.tests.MozillaSuiteTest" time="0.001"/>
  <testcase name="runMozillaTest[1521, js=testsrc/tests/js1_5/Regress/regress-396684.js, opt=-1]" classname="org.mozilla.javascript.tests.MozillaSuiteTest" time="0.021"/>
  <testcase name="runMozillaTest[1522, js=testsrc/tests/js1_5/Regress/regress-398085-01.js, opt=-1]" classname="org.mozilla.javascript.tests.MozillaSuiteTest" time="0.054"/>
  <testcase name="runMozillaTest[1523, js=testsrc/tests/js1_5/Regress/regress-398085-02.js, opt=-1]" classname="org.mozilla.javascript.tests.MozillaSuiteTest" time="0.006"/>
  <testcase name="runMozillaTest[1524, js=testsrc/tests/js1_5/Regress/regress-398609.js, opt=-1]" classname="org.mozilla.javascript.tests.MozillaSuiteTest" time="0.001"/>
  <testcase name="runMozillaTest[1525, js=testsrc/tests/js1_5/Regress/regress-406769.js, opt=-1]" classname="org.mozilla.javascript.tests.MozillaSuiteTest" time="0.014"/>
  <testcase name="runMozillaTest[1526, js=testsrc/tests/js1_5/Regress/regress-407024.js, opt=-1]" classname="org.mozilla.javascript.tests.MozillaSuiteTest" time="0.024"/>
  <testcase name="runMozillaTest[1527, js=testsrc/tests/js1_5/Regress/regress-407323.js, opt=-1]" classname="org.mozilla.javascript.tests.MozillaSuiteTest" time="0.002"/>
  <testcase name="runMozillaTest[1528, js=testsrc/tests/js1_5/Regress/regress-407957.js, opt=-1]" classname="org.mozilla.javascript.tests.MozillaSuiteTest" time="0.009"/>
  <testcase name="runMozillaTest[1529, js=testsrc/tests/js1_5/Regress/regress-416737-01.js, opt=-1]" classname="org.mozilla.javascript.tests.MozillaSuiteTest" time="0.023"/>
  <testcase name="runMozillaTest[1530, js=testsrc/tests/js1_5/Regress/regress-416737-02.js, opt=-1]" classname="org.mozilla.javascript.tests.MozillaSuiteTest" time="0.011"/>
  <testcase name="runMozillaTest[1531, js=testsrc/tests/js1_5/Regress/regress-417893.js, opt=-1]" classname="org.mozilla.javascript.tests.MozillaSuiteTest" time="0.011"/>
  <testcase name="runMozillaTest[1532, js=testsrc/tests/js1_5/Regress/regress-418504.js, opt=-1]" classname="org.mozilla.javascript.tests.MozillaSuiteTest" time="0.001"/>
  <testcase name="runMozillaTest[1533, js=testsrc/tests/js1_5/Regress/regress-418540.js, opt=-1]" classname="org.mozilla.javascript.tests.MozillaSuiteTest" time="0.002"/>
  <testcase name="runMozillaTest[1534, js=testsrc/tests/js1_5/Regress/regress-419018.js, opt=-1]" classname="org.mozilla.javascript.tests.MozillaSuiteTest" time="0.015"/>
  <testcase name="runMozillaTest[1535, js=testsrc/tests/js1_5/Regress/regress-419803.js, opt=-1]" classname="org.mozilla.javascript.tests.MozillaSuiteTest" time="0.001"/>
  <testcase name="runMozillaTest[1536, js=testsrc/tests/js1_5/Regress/regress-424311.js, opt=-1]" classname="org.mozilla.javascript.tests.MozillaSuiteTest" time="0.016"/>
  <testcase name="runMozillaTest[1537, js=testsrc/tests/js1_5/Regress/regress-425360.js, opt=-1]" classname="org.mozilla.javascript.tests.MozillaSuiteTest" time="0.003"/>
  <testcase name="runMozillaTest[1538, js=testsrc/tests/js1_5/Regress/regress-428366.js, opt=-1]" classname="org.mozilla.javascript.tests.MozillaSuiteTest" time="0.001"/>
  <testcase name="runMozillaTest[1539, js=testsrc/tests/js1_5/Regress/regress-438415-01.js, opt=-1]" classname="org.mozilla.javascript.tests.MozillaSuiteTest" time="0.001"/>
  <testcase name="runMozillaTest[1540, js=testsrc/tests/js1_5/Regress/regress-438415-02.js, opt=-1]" classname="org.mozilla.javascript.tests.MozillaSuiteTest" time="0.015"/>
  <testcase name="runMozillaTest[1541, js=testsrc/tests/js1_5/Regress/regress-449627.js, opt=-1]" classname="org.mozilla.javascript.tests.MozillaSuiteTest" time="0.024"/>
  <testcase name="runMozillaTest[1542, js=testsrc/tests/js1_5/Regress/regress-449666.js, opt=-1]" classname="org.mozilla.javascript.tests.MozillaSuiteTest" time="0.018"/>
  <testcase name="runMozillaTest[1543, js=testsrc/tests/js1_5/Regress/regress-450369.js, opt=-1]" classname="org.mozilla.javascript.tests.MozillaSuiteTest" time="0.009"/>
  <testcase name="runMozillaTest[1544, js=testsrc/tests/js1_5/Regress/regress-450833.js, opt=-1]" classname="org.mozilla.javascript.tests.MozillaSuiteTest" time="0.033"/>
  <testcase name="runMozillaTest[1545, js=testsrc/tests/js1_5/Regress/regress-451884.js, opt=-1]" classname="org.mozilla.javascript.tests.MozillaSuiteTest" time="0.002"/>
  <testcase name="runMozillaTest[1546, js=testsrc/tests/js1_5/Regress/regress-451946.js, opt=-1]" classname="org.mozilla.javascript.tests.MozillaSuiteTest" time="2.097"/>
  <testcase name="runMozillaTest[1547, js=testsrc/tests/js1_5/Regress/regress-452008.js, opt=-1]" classname="org.mozilla.javascript.tests.MozillaSuiteTest" time="0.005"/>
  <testcase name="runMozillaTest[1548, js=testsrc/tests/js1_5/Regress/regress-452170.js, opt=-1]" classname="org.mozilla.javascript.tests.MozillaSuiteTest" time="0.013"/>
  <testcase name="runMozillaTest[1549, js=testsrc/tests/js1_5/Regress/regress-452333.js, opt=-1]" classname="org.mozilla.javascript.tests.MozillaSuiteTest" time="0.009"/>
  <testcase name="runMozillaTest[1550, js=testsrc/tests/js1_5/Regress/regress-452336.js, opt=-1]" classname="org.mozilla.javascript.tests.MozillaSuiteTest" time="0.01"/>
  <testcase name="runMozillaTest[1551, js=testsrc/tests/js1_5/Regress/regress-452346.js, opt=-1]" classname="org.mozilla.javascript.tests.MozillaSuiteTest" time="0.01"/>
  <testcase name="runMozillaTest[1552, js=testsrc/tests/js1_5/Regress/regress-452495.js, opt=-1]" classname="org.mozilla.javascript.tests.MozillaSuiteTest" time="0.018"/>
  <testcase name="runMozillaTest[1553, js=testsrc/tests/js1_5/Regress/regress-452573-01.js, opt=-1]" classname="org.mozilla.javascript.tests.MozillaSuiteTest" time="0.002"/>
  <testcase name="runMozillaTest[1554, js=testsrc/tests/js1_5/Regress/regress-452573-02.js, opt=-1]" classname="org.mozilla.javascript.tests.MozillaSuiteTest" time="0.001"/>
  <testcase name="runMozillaTest[1555, js=testsrc/tests/js1_5/Regress/regress-452713.js, opt=-1]" classname="org.mozilla.javascript.tests.MozillaSuiteTest" time="0.001"/>
  <testcase name="runMozillaTest[1556, js=testsrc/tests/js1_5/Regress/regress-452724-01.js, opt=-1]" classname="org.mozilla.javascript.tests.MozillaSuiteTest" time="0.002"/>
  <testcase name="runMozillaTest[1557, js=testsrc/tests/js1_5/Regress/regress-452724-02.js, opt=-1]" classname="org.mozilla.javascript.tests.MozillaSuiteTest" time="0.001"/>
  <testcase name="runMozillaTest[1558, js=testsrc/tests/js1_5/Regress/regress-452742-01.js, opt=-1]" classname="org.mozilla.javascript.tests.MozillaSuiteTest" time="0.014"/>
  <testcase name="runMozillaTest[1559, js=testsrc/tests/js1_5/Regress/regress-452742-02.js, opt=-1]" classname="org.mozilla.javascript.tests.MozillaSuiteTest" time="0.01"/>
  <testcase name="runMozillaTest[1560, js=testsrc/tests/js1_5/Regress/regress-452853.js, opt=-1]" classname="org.mozilla.javascript.tests.MozillaSuiteTest" time="0.002"/>
  <testcase name="runMozillaTest[1561, js=testsrc/tests/js1_5/Regress/regress-452884-01.js, opt=-1]" classname="org.mozilla.javascript.tests.MozillaSuiteTest" time="0.001"/>
  <testcase name="runMozillaTest[1562, js=testsrc/tests/js1_5/Regress/regress-452884-02.js, opt=-1]" classname="org.mozilla.javascript.tests.MozillaSuiteTest" time="0.005"/>
  <testcase name="runMozillaTest[1563, js=testsrc/tests/js1_5/Regress/regress-453024.js, opt=-1]" classname="org.mozilla.javascript.tests.MozillaSuiteTest" time="0.015"/>
  <testcase name="runMozillaTest[1564, js=testsrc/tests/js1_5/Regress/regress-453173.js, opt=-1]" classname="org.mozilla.javascript.tests.MozillaSuiteTest" time="0.006"/>
  <testcase name="runMozillaTest[1565, js=testsrc/tests/js1_5/Regress/regress-453397.js, opt=-1]" classname="org.mozilla.javascript.tests.MozillaSuiteTest" time="0.022"/>
  <testcase name="runMozillaTest[1566, js=testsrc/tests/js1_5/Regress/regress-453701.js, opt=-1]" classname="org.mozilla.javascript.tests.MozillaSuiteTest" time="0.008"/>
  <testcase name="runMozillaTest[1567, js=testsrc/tests/js1_5/Regress/regress-453747.js, opt=-1]" classname="org.mozilla.javascript.tests.MozillaSuiteTest" time="0.001"/>
  <testcase name="runMozillaTest[1568, js=testsrc/tests/js1_5/Regress/regress-454682.js, opt=-1]" classname="org.mozilla.javascript.tests.MozillaSuiteTest" time="0.009"/>
  <testcase name="runMozillaTest[1569, js=testsrc/tests/js1_5/Regress/regress-454981.js, opt=-1]" classname="org.mozilla.javascript.tests.MozillaSuiteTest" time="0.018"/>
  <testcase name="runMozillaTest[1570, js=testsrc/tests/js1_5/Regress/regress-455605.js, opt=-1]" classname="org.mozilla.javascript.tests.MozillaSuiteTest" time="0.004"/>
  <testcase name="runMozillaTest[1571, js=testsrc/tests/js1_5/Regress/regress-455748.js, opt=-1]" classname="org.mozilla.javascript.tests.MozillaSuiteTest" time="0.011"/>
  <testcase name="runMozillaTest[1572, js=testsrc/tests/js1_5/Regress/regress-455758-01.js, opt=-1]" classname="org.mozilla.javascript.tests.MozillaSuiteTest" time="0.035"/>
  <testcase name="runMozillaTest[1573, js=testsrc/tests/js1_5/Regress/regress-455758-02.js, opt=-1]" classname="org.mozilla.javascript.tests.MozillaSuiteTest" time="0.03"/>
  <testcase name="runMozillaTest[1574, js=testsrc/tests/js1_5/Regress/regress-455775.js, opt=-1]" classname="org.mozilla.javascript.tests.MozillaSuiteTest" time="0.014"/>
  <testcase name="runMozillaTest[1575, js=testsrc/tests/js1_5/Regress/regress-456470.js, opt=-1]" classname="org.mozilla.javascript.tests.MozillaSuiteTest" time="0.001"/>
  <testcase name="runMozillaTest[1576, js=testsrc/tests/js1_5/Regress/regress-456477-01.js, opt=-1]" classname="org.mozilla.javascript.tests.MozillaSuiteTest" time="0.001"/>
  <testcase name="runMozillaTest[1577, js=testsrc/tests/js1_5/Regress/regress-456477-02.js, opt=-1]" classname="org.mozilla.javascript.tests.MozillaSuiteTest" time="0.001"/>
  <testcase name="runMozillaTest[1578, js=testsrc/tests/js1_5/Regress/regress-456494.js, opt=-1]" classname="org.mozilla.javascript.tests.MozillaSuiteTest" time="0.009"/>
  <testcase name="runMozillaTest[1579, js=testsrc/tests/js1_5/Regress/regress-456540-01.js, opt=-1]" classname="org.mozilla.javascript.tests.MozillaSuiteTest" time="0.021"/>
  <testcase name="runMozillaTest[1580, js=testsrc/tests/js1_5/Regress/regress-456540-02.js, opt=-1]" classname="org.mozilla.javascript.tests.MozillaSuiteTest" time="0.004"/>
  <testcase name="runMozillaTest[1581, js=testsrc/tests/js1_5/Regress/regress-457065-03.js, opt=-1]" classname="org.mozilla.javascript.tests.MozillaSuiteTest" time="0.027"/>
  <testcase name="runMozillaTest[1582, js=testsrc/tests/js1_5/Regress/regress-457456.js, opt=-1]" classname="org.mozilla.javascript.tests.MozillaSuiteTest" time="0.001"/>
  <testcase name="runMozillaTest[1583, js=testsrc/tests/js1_5/Regress/regress-457778.js, opt=-1]" classname="org.mozilla.javascript.tests.MozillaSuiteTest" time="0.02"/>
  <testcase name="runMozillaTest[1584, js=testsrc/tests/js1_5/Regress/regress-458851.js, opt=-1]" classname="org.mozilla.javascript.tests.MozillaSuiteTest" time="0.002"/>
  <testcase name="runMozillaTest[1585, js=testsrc/tests/js1_5/Regress/regress-459085.js, opt=-1]" classname="org.mozilla.javascript.tests.MozillaSuiteTest" time="0.026"/>
  <testcase name="runMozillaTest[1586, js=testsrc/tests/js1_5/Regress/regress-459628.js, opt=-1]" classname="org.mozilla.javascript.tests.MozillaSuiteTest" time="0.008"/>
  <testcase name="runMozillaTest[1587, js=testsrc/tests/js1_5/Regress/regress-459990.js, opt=-1]" classname="org.mozilla.javascript.tests.MozillaSuiteTest" time="0.016"/>
  <testcase name="runMozillaTest[1588, js=testsrc/tests/js1_5/Regress/regress-460024.js, opt=-1]" classname="org.mozilla.javascript.tests.MozillaSuiteTest" time="0.008"/>
  <testcase name="runMozillaTest[1589, js=testsrc/tests/js1_5/Regress/regress-460117.js, opt=-1]" classname="org.mozilla.javascript.tests.MozillaSuiteTest" time="0.019"/>
  <testcase name="runMozillaTest[1590, js=testsrc/tests/js1_5/Regress/regress-460886-01.js, opt=-1]" classname="org.mozilla.javascript.tests.MozillaSuiteTest" time="0.001"/>
  <testcase name="runMozillaTest[1591, js=testsrc/tests/js1_5/Regress/regress-460886-02.js, opt=-1]" classname="org.mozilla.javascript.tests.MozillaSuiteTest" time="0.017"/>
  <testcase name="runMozillaTest[1592, js=testsrc/tests/js1_5/Regress/regress-461307.js, opt=-1]" classname="org.mozilla.javascript.tests.MozillaSuiteTest" time="0.007"/>
  <testcase name="runMozillaTest[1593, js=testsrc/tests/js1_5/Regress/regress-461723.js, opt=-1]" classname="org.mozilla.javascript.tests.MozillaSuiteTest" time="0.004"/>
  <testcase name="runMozillaTest[1594, js=testsrc/tests/js1_5/Regress/regress-462292.js, opt=-1]" classname="org.mozilla.javascript.tests.MozillaSuiteTest" time="0.007"/>
  <testcase name="runMozillaTest[1595, js=testsrc/tests/js1_5/Regress/regress-462879.js, opt=-1]" classname="org.mozilla.javascript.tests.MozillaSuiteTest" time="0.015"/>
  <testcase name="runMozillaTest[1596, js=testsrc/tests/js1_5/Regress/regress-462989.js, opt=-1]" classname="org.mozilla.javascript.tests.MozillaSuiteTest" time="0.009"/>
  <testcase name="runMozillaTest[1597, js=testsrc/tests/js1_5/Regress/regress-463259.js, opt=-1]" classname="org.mozilla.javascript.tests.MozillaSuiteTest" time="0.032"/>
  <testcase name="runMozillaTest[1598, js=testsrc/tests/js1_5/Regress/regress-463782.js, opt=-1]" classname="org.mozilla.javascript.tests.MozillaSuiteTest" time="0.017"/>
  <testcase name="runMozillaTest[1599, js=testsrc/tests/js1_5/Regress/regress-464334.js, opt=-1]" classname="org.mozilla.javascript.tests.MozillaSuiteTest" time="0.137"/>
  <testcase name="runMozillaTest[1600, js=testsrc/tests/js1_5/Regress/regress-464862.js, opt=-1]" classname="org.mozilla.javascript.tests.MozillaSuiteTest" time="0.03"/>
  <testcase name="runMozillaTest[1601, js=testsrc/tests/js1_5/Regress/regress-465013.js, opt=-1]" classname="org.mozilla.javascript.tests.MozillaSuiteTest" time="0.001"/>
  <testcase name="runMozillaTest[1602, js=testsrc/tests/js1_5/Regress/regress-465132.js, opt=-1]" classname="org.mozilla.javascript.tests.MozillaSuiteTest" time="0.014"/>
  <testcase name="runMozillaTest[1603, js=testsrc/tests/js1_5/Regress/regress-465133.js, opt=-1]" classname="org.mozilla.javascript.tests.MozillaSuiteTest" time="0.016"/>
  <testcase name="runMozillaTest[1604, js=testsrc/tests/js1_5/Regress/regress-465135.js, opt=-1]" classname="org.mozilla.javascript.tests.MozillaSuiteTest" time="0.002"/>
  <testcase name="runMozillaTest[1605, js=testsrc/tests/js1_5/Regress/regress-465136.js, opt=-1]" classname="org.mozilla.javascript.tests.MozillaSuiteTest" time="0.001"/>
  <testcase name="runMozillaTest[1606, js=testsrc/tests/js1_5/Regress/regress-465137.js, opt=-1]" classname="org.mozilla.javascript.tests.MozillaSuiteTest" time="0.001"/>
  <testcase name="runMozillaTest[1607, js=testsrc/tests/js1_5/Regress/regress-465262.js, opt=-1]" classname="org.mozilla.javascript.tests.MozillaSuiteTest" time="0.014"/>
  <testcase name="runMozillaTest[1608, js=testsrc/tests/js1_5/Regress/regress-465272.js, opt=-1]" classname="org.mozilla.javascript.tests.MozillaSuiteTest" time="0.005"/>
  <testcase name="runMozillaTest[1609, js=testsrc/tests/js1_5/Regress/regress-465347.js, opt=-1]" classname="org.mozilla.javascript.tests.MozillaSuiteTest" time="0.031"/>
  <testcase name="runMozillaTest[1610, js=testsrc/tests/js1_5/Regress/regress-465366.js, opt=-1]" classname="org.mozilla.javascript.tests.MozillaSuiteTest" time="0.004"/>
  <testcase name="runMozillaTest[1611, js=testsrc/tests/js1_5/Regress/regress-466262.js, opt=-1]" classname="org.mozilla.javascript.tests.MozillaSuiteTest" time="0.013"/>
  <testcase name="runMozillaTest[1612, js=testsrc/tests/js1_5/Regress/regress-466747.js, opt=-1]" classname="org.mozilla.javascript.tests.MozillaSuiteTest" time="0.017"/>
  <testcase name="runMozillaTest[1613, js=testsrc/tests/js1_5/Regress/regress-469044.js, opt=-1]" classname="org.mozilla.javascript.tests.MozillaSuiteTest" time="0.002"/>
  <testcase name="runMozillaTest[1614, js=testsrc/tests/js1_5/Regress/regress-470061.js, opt=-1]" classname="org.mozilla.javascript.tests.MozillaSuiteTest" time="0.002"/>
  <testcase name="runMozillaTest[1615, js=testsrc/tests/js1_5/Regress/regress-470187-01.js, opt=-1]" classname="org.mozilla.javascript.tests.MozillaSuiteTest" time="0.001"/>
  <testcase name="runMozillaTest[1616, js=testsrc/tests/js1_5/Regress/regress-470187-02.js, opt=-1]" classname="org.mozilla.javascript.tests.MozillaSuiteTest" time="0.007"/>
  <testcase name="runMozillaTest[1617, js=testsrc/tests/js1_5/Regress/regress-470758-01.js, opt=-1]" classname="org.mozilla.javascript.tests.MozillaSuiteTest" time="0.007"/>
  <testcase name="runMozillaTest[1618, js=testsrc/tests/js1_5/Regress/regress-470758-02.js, opt=-1]" classname="org.mozilla.javascript.tests.MozillaSuiteTest" time="0.012"/>
  <testcase name="runMozillaTest[1619, js=testsrc/tests/js1_5/Regress/regress-472533.js, opt=-1]" classname="org.mozilla.javascript.tests.MozillaSuiteTest" time="0.028"/>
  <testcase name="runMozillaTest[1620, js=testsrc/tests/js1_5/Regress/regress-475645-01.js, opt=-1]" classname="org.mozilla.javascript.tests.MozillaSuiteTest" time="0.003"/>
  <testcase name="runMozillaTest[1621, js=testsrc/tests/js1_5/Regress/regress-475645-02.js, opt=-1]" classname="org.mozilla.javascript.tests.MozillaSuiteTest" time="0.009"/>
  <testcase name="runMozillaTest[1622, js=testsrc/tests/js1_5/Regress/regress-476049.js, opt=-1]" classname="org.mozilla.javascript.tests.MozillaSuiteTest" time="0.001"/>
  <testcase name="runMozillaTest[1623, js=testsrc/tests/js1_5/Regress/regress-476192.js, opt=-1]" classname="org.mozilla.javascript.tests.MozillaSuiteTest" time="0.004"/>
  <testcase name="runMozillaTest[1624, js=testsrc/tests/js1_5/Regress/regress-477733.js, opt=-1]" classname="org.mozilla.javascript.tests.MozillaSuiteTest" time="0.002"/>
  <testcase name="runMozillaTest[1625, js=testsrc/tests/js1_5/Regress/regress-477758.js, opt=-1]" classname="org.mozilla.javascript.tests.MozillaSuiteTest" time="0.013"/>
  <testcase name="runMozillaTest[1626, js=testsrc/tests/js1_5/Regress/regress-478314.js, opt=-1]" classname="org.mozilla.javascript.tests.MozillaSuiteTest" time="0.003"/>
  <testcase name="runMozillaTest[1627, js=testsrc/tests/js1_5/Regress/regress-479353.js, opt=-1]" classname="org.mozilla.javascript.tests.MozillaSuiteTest" time="0.001"/>
  <testcase name="runMozillaTest[1628, js=testsrc/tests/js1_5/Regress/regress-480147.js, opt=-1]" classname="org.mozilla.javascript.tests.MozillaSuiteTest" time="0.001"/>
  <testcase name="runMozillaTest[1629, js=testsrc/tests/js1_5/Regress/regress-480244.js, opt=-1]" classname="org.mozilla.javascript.tests.MozillaSuiteTest" time="0.42"/>
  <testcase name="runMozillaTest[1630, js=testsrc/tests/js1_5/Regress/regress-481436.js, opt=-1]" classname="org.mozilla.javascript.tests.MozillaSuiteTest" time="0.012"/>
  <testcase name="runMozillaTest[1631, js=testsrc/tests/js1_5/Regress/regress-482421.js, opt=-1]" classname="org.mozilla.javascript.tests.MozillaSuiteTest" time="0.022"/>
  <testcase name="runMozillaTest[1632, js=testsrc/tests/js1_5/Regress/regress-482783.js, opt=-1]" classname="org.mozilla.javascript.tests.MozillaSuiteTest" time="0.002"/>
  <testcase name="runMozillaTest[1633, js=testsrc/tests/js1_5/Regress/regress-483103.js, opt=-1]" classname="org.mozilla.javascript.tests.MozillaSuiteTest" time="0.007"/>
  <testcase name="runMozillaTest[1634, js=testsrc/tests/js1_5/Regress/regress-501124.js, opt=-1]" classname="org.mozilla.javascript.tests.MozillaSuiteTest" time="0.03"/>
  <testcase name="runMozillaTest[1635, js=testsrc/tests/js1_5/Regress/regress-504078.js, opt=-1]" classname="org.mozilla.javascript.tests.MozillaSuiteTest" time="0.002"/>
  <testcase name="runMozillaTest[1636, js=testsrc/tests/js1_5/Regress/regress-57043.js, opt=-1]" classname="org.mozilla.javascript.tests.MozillaSuiteTest" time="0.003"/>
  <testcase name="runMozillaTest[1637, js=testsrc/tests/js1_5/Regress/regress-58116.js, opt=-1]" classname="org.mozilla.javascript.tests.MozillaSuiteTest" time="0.002"/>
  <testcase name="runMozillaTest[1638, js=testsrc/tests/js1_5/Regress/regress-68498-001.js, opt=-1]" classname="org.mozilla.javascript.tests.MozillaSuiteTest" time="0.003"/>
  <testcase name="runMozillaTest[1639, js=testsrc/tests/js1_5/Regress/regress-68498-002.js, opt=-1]" classname="org.mozilla.javascript.tests.MozillaSuiteTest" time="0.01"/>
  <testcase name="runMozillaTest[1640, js=testsrc/tests/js1_5/Regress/regress-68498-004.js, opt=-1]" classname="org.mozilla.javascript.tests.MozillaSuiteTest" time="0.007"/>
  <testcase name="runMozillaTest[1641, js=testsrc/tests/js1_5/Regress/regress-69607.js, opt=-1]" classname="org.mozilla.javascript.tests.MozillaSuiteTest" time="0.022"/>
  <testcase name="runMozillaTest[1642, js=testsrc/tests/js1_5/Regress/regress-71107.js, opt=-1]" classname="org.mozilla.javascript.tests.MozillaSuiteTest" time="0.001"/>
  <testcase name="runMozillaTest[1643, js=testsrc/tests/js1_5/Regress/regress-76054.js, opt=-1]" classname="org.mozilla.javascript.tests.MozillaSuiteTest" time="0.011"/>
  <testcase name="runMozillaTest[1644, js=testsrc/tests/js1_5/Regress/regress-80981.js, opt=-1]" classname="org.mozilla.javascript.tests.MozillaSuiteTest" time="3.412"/>
  <testcase name="runMozillaTest[1645, js=testsrc/tests/js1_5/Regress/regress-82306.js, opt=-1]" classname="org.mozilla.javascript.tests.MozillaSuiteTest" time="0.015"/>
  <testcase name="runMozillaTest[1646, js=testsrc/tests/js1_5/Regress/regress-89443.js, opt=-1]" classname="org.mozilla.javascript.tests.MozillaSuiteTest" time="0.024"/>
  <testcase name="runMozillaTest[1647, js=testsrc/tests/js1_5/Regress/regress-89474.js, opt=-1]" classname="org.mozilla.javascript.tests.MozillaSuiteTest" time="0.003"/>
  <testcase name="runMozillaTest[1648, js=testsrc/tests/js1_5/Regress/regress-90445.js, opt=-1]" classname="org.mozilla.javascript.tests.MozillaSuiteTest" time="0.05"/>
  <testcase name="runMozillaTest[1649, js=testsrc/tests/js1_5/Regress/regress-96526-001.js, opt=-1]" classname="org.mozilla.javascript.tests.MozillaSuiteTest" time="0.015"/>
  <testcase name="runMozillaTest[1650, js=testsrc/tests/js1_5/Regress/regress-96526-003.js, opt=-1]" classname="org.mozilla.javascript.tests.MozillaSuiteTest" time="0.034"/>
  <testcase name="runMozillaTest[1651, js=testsrc/tests/js1_5/Regress/regress-98901.js, opt=-1]" classname="org.mozilla.javascript.tests.MozillaSuiteTest" time="0.064"/>
  <testcase name="runMozillaTest[1652, js=testsrc/tests/js1_5/Scope/regress-154693.js, opt=-1]" classname="org.mozilla.javascript.tests.MozillaSuiteTest" time="0.006"/>
  <testcase name="runMozillaTest[1653, js=testsrc/tests/js1_5/Scope/regress-184107.js, opt=-1]" classname="org.mozilla.javascript.tests.MozillaSuiteTest" time="0.01"/>
  <testcase name="runMozillaTest[1654, js=testsrc/tests/js1_5/Scope/regress-185485.js, opt=-1]" classname="org.mozilla.javascript.tests.MozillaSuiteTest" time="0.004"/>
  <testcase name="runMozillaTest[1655, js=testsrc/tests/js1_5/Scope/regress-191276.js, opt=-1]" classname="org.mozilla.javascript.tests.MozillaSuiteTest" time="0.025"/>
  <testcase name="runMozillaTest[1656, js=testsrc/tests/js1_5/Scope/regress-192226.js, opt=-1]" classname="org.mozilla.javascript.tests.MozillaSuiteTest" time="0.003"/>
  <testcase name="runMozillaTest[1657, js=testsrc/tests/js1_5/Scope/regress-202678-001.js, opt=-1]" classname="org.mozilla.javascript.tests.MozillaSuiteTest" time="0.002"/>
  <testcase name="runMozillaTest[1658, js=testsrc/tests/js1_5/Scope/regress-202678-002.js, opt=-1]" classname="org.mozilla.javascript.tests.MozillaSuiteTest" time="0.04"/>
  <testcase name="runMozillaTest[1659, js=testsrc/tests/js1_5/Scope/regress-208496-001.js, opt=-1]" classname="org.mozilla.javascript.tests.MozillaSuiteTest" time="0.004"/>
  <testcase name="runMozillaTest[1660, js=testsrc/tests/js1_5/Scope/regress-208496-002.js, opt=-1]" classname="org.mozilla.javascript.tests.MozillaSuiteTest" time="0.01"/>
  <testcase name="runMozillaTest[1661, js=testsrc/tests/js1_5/Scope/regress-220362.js, opt=-1]" classname="org.mozilla.javascript.tests.MozillaSuiteTest" time="0.001"/>
  <testcase name="runMozillaTest[1662, js=testsrc/tests/js1_5/Scope/regress-446026-02.js, opt=-1]" classname="org.mozilla.javascript.tests.MozillaSuiteTest" time="0.002"/>
  <testcase name="runMozillaTest[1663, js=testsrc/tests/js1_5/Scope/regress-77578-001.js, opt=-1]" classname="org.mozilla.javascript.tests.MozillaSuiteTest" time="0.02"/>
  <testcase name="runMozillaTest[1664, js=testsrc/tests/js1_5/Scope/scope-002.js, opt=-1]" classname="org.mozilla.javascript.tests.MozillaSuiteTest" time="0.011"/>
  <testcase name="runMozillaTest[1665, js=testsrc/tests/js1_5/Scope/scope-003.js, opt=-1]" classname="org.mozilla.javascript.tests.MozillaSuiteTest" time="0.002"/>
  <testcase name="runMozillaTest[1666, js=testsrc/tests/js1_5/Scope/scope-004.js, opt=-1]" classname="org.mozilla.javascript.tests.MozillaSuiteTest" time="0.02"/>
  <testcase name="runMozillaTest[1667, js=testsrc/tests/js1_5/String/regress-107771.js, opt=-1]" classname="org.mozilla.javascript.tests.MozillaSuiteTest" time="0.012"/>
  <testcase name="runMozillaTest[1668, js=testsrc/tests/js1_5/String/regress-112626.js, opt=-1]" classname="org.mozilla.javascript.tests.MozillaSuiteTest" time="0.001"/>
  <testcase name="runMozillaTest[1669, js=testsrc/tests/js1_5/String/regress-179068.js, opt=-1]" classname="org.mozilla.javascript.tests.MozillaSuiteTest" time="0.158"/>
  <testcase name="runMozillaTest[1670, js=testsrc/tests/js1_5/decompilation/regress-344120.js, opt=-1]" classname="org.mozilla.javascript.tests.MozillaSuiteTest" time="0.002"/>
  <testcase name="runMozillaTest[1671, js=testsrc/tests/js1_5/decompilation/regress-349489.js, opt=-1]" classname="org.mozilla.javascript.tests.MozillaSuiteTest" time="0.007"/>
  <testcase name="runMozillaTest[1672, js=testsrc/tests/js1_5/decompilation/regress-349663.js, opt=-1]" classname="org.mozilla.javascript.tests.MozillaSuiteTest" time="0.003"/>
  <testcase name="runMozillaTest[1673, js=testsrc/tests/js1_5/decompilation/regress-350670.js, opt=-1]" classname="org.mozilla.javascript.tests.MozillaSuiteTest" time="0.017"/>
  <testcase name="runMozillaTest[1674, js=testsrc/tests/js1_5/decompilation/regress-351336.js, opt=-1]" classname="org.mozilla.javascript.tests.MozillaSuiteTest" time="0.023"/>
  <testcase name="runMozillaTest[1675, js=testsrc/tests/js1_5/decompilation/regress-351625.js, opt=-1]" classname="org.mozilla.javascript.tests.MozillaSuiteTest" time="0.001"/>
  <testcase name="runMozillaTest[1676, js=testsrc/tests/js1_5/decompilation/regress-351626.js, opt=-1]" classname="org.mozilla.javascript.tests.MozillaSuiteTest" time="0.007"/>
  <testcase name="runMozillaTest[1677, js=testsrc/tests/js1_5/decompilation/regress-352022.js, opt=-1]" classname="org.mozilla.javascript.tests.MozillaSuiteTest" time="0.011"/>
  <testcase name="runMozillaTest[1678, js=testsrc/tests/js1_5/decompilation/regress-352360.js, opt=-1]" classname="org.mozilla.javascript.tests.MozillaSuiteTest" time="0.002"/>
  <testcase name="runMozillaTest[1679, js=testsrc/tests/js1_5/decompilation/regress-352873-01.js, opt=-1]" classname="org.mozilla.javascript.tests.MozillaSuiteTest" time="0.006"/>
  <testcase name="runMozillaTest[1680, js=testsrc/tests/js1_5/decompilation/regress-352873-02.js, opt=-1]" classname="org.mozilla.javascript.tests.MozillaSuiteTest" time="0.012"/>
  <testcase name="runMozillaTest[1681, js=testsrc/tests/js1_5/decompilation/regress-353120.js, opt=-1]" classname="org.mozilla.javascript.tests.MozillaSuiteTest" time="0.003"/>
  <testcase name="runMozillaTest[1682, js=testsrc/tests/js1_5/decompilation/regress-354878.js, opt=-1]" classname="org.mozilla.javascript.tests.MozillaSuiteTest" time="0.002"/>
  <testcase name="runMozillaTest[1683, js=testsrc/tests/js1_5/decompilation/regress-354910.js, opt=-1]" classname="org.mozilla.javascript.tests.MozillaSuiteTest" time="0.019"/>
  <testcase name="runMozillaTest[1684, js=testsrc/tests/js1_5/decompilation/regress-371692.js, opt=-1]" classname="org.mozilla.javascript.tests.MozillaSuiteTest" time="0.002"/>
  <testcase name="runMozillaTest[1685, js=testsrc/tests/js1_5/decompilation/regress-373678.js, opt=-1]" classname="org.mozilla.javascript.tests.MozillaSuiteTest" time="0.013"/>
  <testcase name="runMozillaTest[1686, js=testsrc/tests/js1_5/decompilation/regress-375639.js, opt=-1]" classname="org.mozilla.javascript.tests.MozillaSuiteTest" time="0.002"/>
  <testcase name="runMozillaTest[1687, js=testsrc/tests/js1_5/decompilation/regress-383721.js, opt=-1]" classname="org.mozilla.javascript.tests.MozillaSuiteTest" time="0.007"/>
  <testcase name="runMozillaTest[1688, js=testsrc/tests/js1_5/decompilation/regress-406555.js, opt=-1]" classname="org.mozilla.javascript.tests.MozillaSuiteTest" time="0.002"/>
  <testcase name="runMozillaTest[1689, js=testsrc/tests/js1_5/decompilation/regress-437288-02.js, opt=-1]" classname="org.mozilla.javascript.tests.MozillaSuiteTest" time="0.031"/>
  <testcase name="runMozillaTest[1690, js=testsrc/tests/js1_5/decompilation/regress-443071-01.js, opt=-1]" classname="org.mozilla.javascript.tests.MozillaSuiteTest" time="0.002"/>
  <testcase name="runMozillaTest[1691, js=testsrc/tests/js1_5/decompilation/regress-456964-01.js, opt=-1]" classname="org.mozilla.javascript.tests.MozillaSuiteTest" time="0.001"/>
  <testcase name="runMozillaTest[1692, js=testsrc/tests/js1_5/decompilation/regress-457093-01.js, opt=-1]" classname="org.mozilla.javascript.tests.MozillaSuiteTest" time="0.006"/>
  <testcase name="runMozillaTest[1693, js=testsrc/tests/js1_5/decompilation/regress-460116-01.js, opt=-1]" classname="org.mozilla.javascript.tests.MozillaSuiteTest" time="0.008"/>
  <testcase name="runMozillaTest[1694, js=testsrc/tests/js1_5/decompilation/regress-460116-02.js, opt=-1]" classname="org.mozilla.javascript.tests.MozillaSuiteTest" time="0.011"/>
  <testcase name="runMozillaTest[1695, js=testsrc/tests/js1_5/decompilation/regress-460116-03.js, opt=-1]" classname="org.mozilla.javascript.tests.MozillaSuiteTest" time="0.016"/>
  <testcase name="runMozillaTest[1696, js=testsrc/tests/js1_5/decompilation/regress-461108.js, opt=-1]" classname="org.mozilla.javascript.tests.MozillaSuiteTest" time="0.001"/>
  <testcase name="runMozillaTest[1697, js=testsrc/tests/js1_5/decompilation/regress-461110.js, opt=-1]" classname="org.mozilla.javascript.tests.MozillaSuiteTest" time="0.002"/>
  <testcase name="runMozillaTest[1698, js=testsrc/tests/js1_5/decompilation/regress-461111.js, opt=-1]" classname="org.mozilla.javascript.tests.MozillaSuiteTest" time="0.015"/>
  <testcase name="runMozillaTest[1699, js=testsrc/tests/js1_5/extensions/catchguard-001-n.js, opt=-1]" classname="org.mozilla.javascript.tests.MozillaSuiteTest" time="0.001"/>
  <testcase name="runMozillaTest[1700, js=testsrc/tests/js1_5/extensions/catchguard-001.js, opt=-1]" classname="org.mozilla.javascript.tests.MozillaSuiteTest" time="0.011"/>
  <testcase name="runMozillaTest[1701, js=testsrc/tests/js1_5/extensions/catchguard-002.js, opt=-1]" classname="org.mozilla.javascript.tests.MozillaSuiteTest" time="0.03"/>
  <testcase name="runMozillaTest[1702, js=testsrc/tests/js1_5/extensions/catchguard-003.js, opt=-1]" classname="org.mozilla.javascript.tests.MozillaSuiteTest" time="0.003"/>
  <testcase name="runMozillaTest[1703, js=testsrc/tests/js1_5/extensions/getset-004.js, opt=-1]" classname="org.mozilla.javascript.tests.MozillaSuiteTest" time="0.003"/>
  <testcase name="runMozillaTest[1704, js=testsrc/tests/js1_5/extensions/getset-005.js, opt=-1]" classname="org.mozilla.javascript.tests.MozillaSuiteTest" time="0.006"/>
  <testcase name="runMozillaTest[1705, js=testsrc/tests/js1_5/extensions/getset-006.js, opt=-1]" classname="org.mozilla.javascript.tests.MozillaSuiteTest" time="0.027"/>
  <testcase name="runMozillaTest[1706, js=testsrc/tests/js1_5/extensions/no-such-method.js, opt=-1]" classname="org.mozilla.javascript.tests.MozillaSuiteTest" time="0.002"/>
  <testcase name="runMozillaTest[1707, js=testsrc/tests/js1_5/extensions/regress-104077.js, opt=-1]" classname="org.mozilla.javascript.tests.MozillaSuiteTest" time="0.002"/>
  <testcase name="runMozillaTest[1708, js=testsrc/tests/js1_5/extensions/regress-178722.js, opt=-1]" classname="org.mozilla.javascript.tests.MozillaSuiteTest" time="0.007"/>
  <testcase name="runMozillaTest[1709, js=testsrc/tests/js1_5/extensions/regress-220584.js, opt=-1]" classname="org.mozilla.javascript.tests.MozillaSuiteTest" time="0.002"/>
  <testcase name="runMozillaTest[1710, js=testsrc/tests/js1_5/extensions/regress-225831.js, opt=-1]" classname="org.mozilla.javascript.tests.MozillaSuiteTest" time="0.061"/>
  <testcase name="runMozillaTest[1711, js=testsrc/tests/js1_5/extensions/regress-226078.js, opt=-1]" classname="org.mozilla.javascript.tests.MozillaSuiteTest" time="0.001"/>
  <testcase name="runMozillaTest[1712, js=testsrc/tests/js1_5/extensions/regress-226507.js, opt=-1]" classname="org.mozilla.javascript.tests.MozillaSuiteTest" time="0.021"/>
  <testcase name="runMozillaTest[1713, js=testsrc/tests/js1_5/extensions/regress-231518.js, opt=-1]" classname="org.mozilla.javascript.tests.MozillaSuiteTest" time="0.002"/>
  <testcase name="runMozillaTest[1714, js=testsrc/tests/js1_5/extensions/regress-237461.js, opt=-1]" classname="org.mozilla.javascript.tests.MozillaSuiteTest" time="0.002"/>
  <testcase name="runMozillaTest[1715, js=testsrc/tests/js1_5/extensions/regress-245148.js, opt=-1]" classname="org.mozilla.javascript.tests.MozillaSuiteTest" time="0.025"/>
  <testcase name="runMozillaTest[1716, js=testsrc/tests/js1_5/extensions/regress-245795.js, opt=-1]" classname="org.mozilla.javascript.tests.MozillaSuiteTest" time="0.003"/>
  <testcase name="runMozillaTest[1717, js=testsrc/tests/js1_5/extensions/regress-255245.js, opt=-1]" classname="org.mozilla.javascript.tests.MozillaSuiteTest" time="0.001"/>
  <testcase name="runMozillaTest[1718, js=testsrc/tests/js1_5/extensions/regress-291213.js, opt=-1]" classname="org.mozilla.javascript.tests.MozillaSuiteTest" time="0.002"/>
  <testcase name="runMozillaTest[1719, js=testsrc/tests/js1_5/extensions/regress-300079.js, opt=-1]" classname="org.mozilla.javascript.tests.MozillaSuiteTest" time="0.008"/>
  <testcase name="runMozillaTest[1720, js=testsrc/tests/js1_5/extensions/regress-304897.js, opt=-1]" classname="org.mozilla.javascript.tests.MozillaSuiteTest" time="0.002"/>
  <testcase name="runMozillaTest[1721, js=testsrc/tests/js1_5/extensions/regress-311161.js, opt=-1]" classname="org.mozilla.javascript.tests.MozillaSuiteTest" time="0.22"/>
  <testcase name="runMozillaTest[1722, js=testsrc/tests/js1_5/extensions/regress-311583.js, opt=-1]" classname="org.mozilla.javascript.tests.MozillaSuiteTest" time="0.009"/>
  <testcase name="runMozillaTest[1723, js=testsrc/tests/js1_5/extensions/regress-311792-01.js, opt=-1]" classname="org.mozilla.javascript.tests.MozillaSuiteTest" time="0.1"/>
  <testcase name="runMozillaTest[1724, js=testsrc/tests/js1_5/extensions/regress-311792-02.js, opt=-1]" classname="org.mozilla.javascript.tests.MozillaSuiteTest" time="0.215"/>
  <testcase name="runMozillaTest[1725, js=testsrc/tests/js1_5/extensions/regress-312278.js, opt=-1]" classname="org.mozilla.javascript.tests.MozillaSuiteTest" time="0.162"/>
  <testcase name="runMozillaTest[1726, js=testsrc/tests/js1_5/extensions/regress-313500.js, opt=-1]" classname="org.mozilla.javascript.tests.MozillaSuiteTest" time="0.003"/>
  <testcase name="runMozillaTest[1727, js=testsrc/tests/js1_5/extensions/regress-313630.js, opt=-1]" classname="org.mozilla.javascript.tests.MozillaSuiteTest" time="0.103"/>
  <testcase name="runMozillaTest[1728, js=testsrc/tests/js1_5/extensions/regress-313763.js, opt=-1]" classname="org.mozilla.javascript.tests.MozillaSuiteTest" time="0.005"/>
  <testcase name="runMozillaTest[1729, js=testsrc/tests/js1_5/extensions/regress-313803.js, opt=-1]" classname="org.mozilla.javascript.tests.MozillaSuiteTest" time="0.003"/>
  <testcase name="runMozillaTest[1730, js=testsrc/tests/js1_5/extensions/regress-313938.js, opt=-1]" classname="org.mozilla.javascript.tests.MozillaSuiteTest" time="0.037"/>
  <testcase name="runMozillaTest[1731, js=testsrc/tests/js1_5/extensions/regress-314874.js, opt=-1]" classname="org.mozilla.javascript.tests.MozillaSuiteTest" time="0.002"/>
  <testcase name="runMozillaTest[1732, js=testsrc/tests/js1_5/extensions/regress-315509-02.js, opt=-1]" classname="org.mozilla.javascript.tests.MozillaSuiteTest" time="0.008"/>
  <testcase name="runMozillaTest[1733, js=testsrc/tests/js1_5/extensions/regress-319683.js, opt=-1]" classname="org.mozilla.javascript.tests.MozillaSuiteTest" time="0.008"/>
  <testcase name="runMozillaTest[1734, js=testsrc/tests/js1_5/extensions/regress-322957.js, opt=-1]" classname="org.mozilla.javascript.tests.MozillaSuiteTest" time="0.002"/>
  <testcase name="runMozillaTest[1735, js=testsrc/tests/js1_5/extensions/regress-325269.js, opt=-1]" classname="org.mozilla.javascript.tests.MozillaSuiteTest" time="0.016"/>
  <testcase name="runMozillaTest[1736, js=testsrc/tests/js1_5/extensions/regress-327608.js, opt=-1]" classname="org.mozilla.javascript.tests.MozillaSuiteTest" time="0.002"/>
  <testcase name="runMozillaTest[1737, js=testsrc/tests/js1_5/extensions/regress-328443.js, opt=-1]" classname="org.mozilla.javascript.tests.MozillaSuiteTest" time="0.002"/>
  <testcase name="runMozillaTest[1738, js=testsrc/tests/js1_5/extensions/regress-328556.js, opt=-1]" classname="org.mozilla.javascript.tests.MozillaSuiteTest" time="0.012"/>
  <testcase name="runMozillaTest[1739, js=testsrc/tests/js1_5/extensions/regress-338804-01.js, opt=-1]" classname="org.mozilla.javascript.tests.MozillaSuiteTest" time="0.002"/>
  <testcase name="runMozillaTest[1740, js=testsrc/tests/js1_5/extensions/regress-338804-03.js, opt=-1]" classname="org.mozilla.javascript.tests.MozillaSuiteTest" time="0.566"/>
  <testcase name="runMozillaTest[1741, js=testsrc/tests/js1_5/extensions/regress-339685.js, opt=-1]" classname="org.mozilla.javascript.tests.MozillaSuiteTest" time="0.007"/>
  <testcase name="runMozillaTest[1742, js=testsrc/tests/js1_5/extensions/regress-340199.js, opt=-1]" classname="org.mozilla.javascript.tests.MozillaSuiteTest" time="0.002"/>
  <testcase name="runMozillaTest[1743, js=testsrc/tests/js1_5/extensions/regress-341956-01.js, opt=-1]" classname="org.mozilla.javascript.tests.MozillaSuiteTest" time="0.397"/>
  <testcase name="runMozillaTest[1744, js=testsrc/tests/js1_5/extensions/regress-341956-02.js, opt=-1]" classname="org.mozilla.javascript.tests.MozillaSuiteTest" time="0.392"/>
  <testcase name="runMozillaTest[1745, js=testsrc/tests/js1_5/extensions/regress-341956-03.js, opt=-1]" classname="org.mozilla.javascript.tests.MozillaSuiteTest" time="0.229"/>
  <testcase name="runMozillaTest[1746, js=testsrc/tests/js1_5/extensions/regress-346494-01.js, opt=-1]" classname="org.mozilla.javascript.tests.MozillaSuiteTest" time="0.036"/>
  <testcase name="runMozillaTest[1747, js=testsrc/tests/js1_5/extensions/regress-350312-01.js, opt=-1]" classname="org.mozilla.javascript.tests.MozillaSuiteTest" time="0.022"/>
  <testcase name="runMozillaTest[1748, js=testsrc/tests/js1_5/extensions/regress-350312-02.js, opt=-1]" classname="org.mozilla.javascript.tests.MozillaSuiteTest" time="0.003"/>
  <testcase name="runMozillaTest[1749, js=testsrc/tests/js1_5/extensions/regress-350312-03.js, opt=-1]" classname="org.mozilla.javascript.tests.MozillaSuiteTest" time="0.047"/>
  <testcase name="runMozillaTest[1750, js=testsrc/tests/js1_5/extensions/regress-351102-01.js, opt=-1]" classname="org.mozilla.javascript.tests.MozillaSuiteTest" time="0.105"/>
  <testcase name="runMozillaTest[1751, js=testsrc/tests/js1_5/extensions/regress-351102-02.js, opt=-1]" classname="org.mozilla.javascript.tests.MozillaSuiteTest" time="0.002"/>
  <testcase name="runMozillaTest[1752, js=testsrc/tests/js1_5/extensions/regress-351102-06.js, opt=-1]" classname="org.mozilla.javascript.tests.MozillaSuiteTest" time="0.104"/>
  <testcase name="runMozillaTest[1753, js=testsrc/tests/js1_5/extensions/regress-351973.js, opt=-1]" classname="org.mozilla.javascript.tests.MozillaSuiteTest" time="0.599"/>
  <testcase name="runMozillaTest[1754, js=testsrc/tests/js1_5/extensions/regress-352261.js, opt=-1]" classname="org.mozilla.javascript.tests.MozillaSuiteTest" time="0.016"/>
  <testcase name="runMozillaTest[1755, js=testsrc/tests/js1_5/extensions/regress-352281.js, opt=-1]" classname="org.mozilla.javascript.tests.MozillaSuiteTest" time="0.007"/>
  <testcase name="runMozillaTest[1756, js=testsrc/tests/js1_5/extensions/regress-352291.js, opt=-1]" classname="org.mozilla.javascript.tests.MozillaSuiteTest" time="0.016"/>
  <testcase name="runMozillaTest[1757, js=testsrc/tests/js1_5/extensions/regress-354297.js, opt=-1]" classname="org.mozilla.javascript.tests.MozillaSuiteTest" time="0.119"/>
  <testcase name="runMozillaTest[1758, js=testsrc/tests/js1_5/extensions/regress-354541-01.js, opt=-1]" classname="org.mozilla.javascript.tests.MozillaSuiteTest" time="0.002"/>
  <testcase name="runMozillaTest[1759, js=testsrc/tests/js1_5/extensions/regress-354541-03.js, opt=-1]" classname="org.mozilla.javascript.tests.MozillaSuiteTest" time="0.009"/>
  <testcase name="runMozillaTest[1760, js=testsrc/tests/js1_5/extensions/regress-355982.js, opt=-1]" classname="org.mozilla.javascript.tests.MozillaSuiteTest" time="0.002"/>
  <testcase name="runMozillaTest[1761, js=testsrc/tests/js1_5/extensions/regress-356402.js, opt=-1]" classname="org.mozilla.javascript.tests.MozillaSuiteTest" time="0.001"/>
  <testcase name="runMozillaTest[1762, js=testsrc/tests/js1_5/extensions/regress-363258.js, opt=-1]" classname="org.mozilla.javascript.tests.MozillaSuiteTest" time="0.016"/>
  <testcase name="runMozillaTest[1763, js=testsrc/tests/js1_5/extensions/regress-363988.js, opt=-1]" classname="org.mozilla.javascript.tests.MozillaSuiteTest" time="0.427"/>
  <testcase name="runMozillaTest[1764, js=testsrc/tests/js1_5/extensions/regress-365527.js, opt=-1]" classname="org.mozilla.javascript.tests.MozillaSuiteTest" time="9.995"/>
  <testcase name="runMozillaTest[1765, js=testsrc/tests/js1_5/extensions/regress-365692.js, opt=-1]" classname="org.mozilla.javascript.tests.MozillaSuiteTest" time="0.841"/>
  <testcase name="runMozillaTest[1766, js=testsrc/tests/js1_5/extensions/regress-366288.js, opt=-1]" classname="org.mozilla.javascript.tests.MozillaSuiteTest" time="0.001"/>
  <testcase name="runMozillaTest[1767, js=testsrc/tests/js1_5/extensions/regress-366292.js, opt=-1]" classname="org.mozilla.javascript.tests.MozillaSuiteTest" time="0.001"/>
  <testcase name="runMozillaTest[1768, js=testsrc/tests/js1_5/extensions/regress-366396.js, opt=-1]" classname="org.mozilla.javascript.tests.MozillaSuiteTest" time="0.001"/>
  <testcase name="runMozillaTest[1769, js=testsrc/tests/js1_5/extensions/regress-367118-01.js, opt=-1]" classname="org.mozilla.javascript.tests.MozillaSuiteTest" time="0.01"/>
  <testcase name="runMozillaTest[1770, js=testsrc/tests/js1_5/extensions/regress-367118-02.js, opt=-1]" classname="org.mozilla.javascript.tests.MozillaSuiteTest" time="0.001"/>
  <testcase name="runMozillaTest[1771, js=testsrc/tests/js1_5/extensions/regress-367120-01.js, opt=-1]" classname="org.mozilla.javascript.tests.MozillaSuiteTest" time="0.001"/>
  <testcase name="runMozillaTest[1772, js=testsrc/tests/js1_5/extensions/regress-367120-02.js, opt=-1]" classname="org.mozilla.javascript.tests.MozillaSuiteTest" time="0.006"/>
  <testcase name="runMozillaTest[1773, js=testsrc/tests/js1_5/extensions/regress-367121.js, opt=-1]" classname="org.mozilla.javascript.tests.MozillaSuiteTest" time="0.018"/>
  <testcase name="runMozillaTest[1774, js=testsrc/tests/js1_5/extensions/regress-367501-01.js, opt=-1]" classname="org.mozilla.javascript.tests.MozillaSuiteTest" time="0.003"/>
  <testcase name="runMozillaTest[1775, js=testsrc/tests/js1_5/extensions/regress-367501-02.js, opt=-1]" classname="org.mozilla.javascript.tests.MozillaSuiteTest" time="0.418"/>
  <testcase name="runMozillaTest[1776, js=testsrc/tests/js1_5/extensions/regress-367501-03.js, opt=-1]" classname="org.mozilla.javascript.tests.MozillaSuiteTest" time="1.659"/>
  <testcase name="runMozillaTest[1777, js=testsrc/tests/js1_5/extensions/regress-367501-04.js, opt=-1]" classname="org.mozilla.javascript.tests.MozillaSuiteTest" time="5.076"/>
  <testcase name="runMozillaTest[1778, js=testsrc/tests/js1_5/extensions/regress-367589.js, opt=-1]" classname="org.mozilla.javascript.tests.MozillaSuiteTest" time="0.002"/>
  <testcase name="runMozillaTest[1779, js=testsrc/tests/js1_5/extensions/regress-369404.js, opt=-1]" classname="org.mozilla.javascript.tests.MozillaSuiteTest" time="0.003"/>
  <testcase name="runMozillaTest[1780, js=testsrc/tests/js1_5/extensions/regress-369696-01.js, opt=-1]" classname="org.mozilla.javascript.tests.MozillaSuiteTest" time="0.006"/>
  <testcase name="runMozillaTest[1781, js=testsrc/tests/js1_5/extensions/regress-369696-03.js, opt=-1]" classname="org.mozilla.javascript.tests.MozillaSuiteTest" time="0.982"/>
  <testcase name="runMozillaTest[1782, js=testsrc/tests/js1_5/extensions/regress-372309.js, opt=-1]" classname="org.mozilla.javascript.tests.MozillaSuiteTest" time="0.002"/>
  <testcase name="runMozillaTest[1783, js=testsrc/tests/js1_5/extensions/regress-374589.js, opt=-1]" classname="org.mozilla.javascript.tests.MozillaSuiteTest" time="0.005"/>
  <testcase name="runMozillaTest[1784, js=testsrc/tests/js1_5/extensions/regress-375183.js, opt=-1]" classname="org.mozilla.javascript.tests.MozillaSuiteTest" time="0.014"/>
  <testcase name="runMozillaTest[1785, js=testsrc/tests/js1_5/extensions/regress-375344.js, opt=-1]" classname="org.mozilla.javascript.tests.MozillaSuiteTest" time="0.012"/>
  <testcase name="runMozillaTest[1786, js=testsrc/tests/js1_5/extensions/regress-380889.js, opt=-1]" classname="org.mozilla.javascript.tests.MozillaSuiteTest" time="0.002"/>
  <testcase name="runMozillaTest[1787, js=testsrc/tests/js1_5/extensions/regress-385134.js, opt=-1]" classname="org.mozilla.javascript.tests.MozillaSuiteTest" time="0.002"/>
  <testcase name="runMozillaTest[1788, js=testsrc/tests/js1_5/extensions/regress-385393-02.js, opt=-1]" classname="org.mozilla.javascript.tests.MozillaSuiteTest" time="0.004"/>
  <testcase name="runMozillaTest[1789, js=testsrc/tests/js1_5/extensions/regress-390597.js, opt=-1]" classname="org.mozilla.javascript.tests.MozillaSuiteTest" time="0.01"/>
  <testcase name="runMozillaTest[1790, js=testsrc/tests/js1_5/extensions/regress-390598.js, opt=-1]" classname="org.mozilla.javascript.tests.MozillaSuiteTest" time="0.004"/>
  <testcase name="runMozillaTest[1791, js=testsrc/tests/js1_5/extensions/regress-394967.js, opt=-1]" classname="org.mozilla.javascript.tests.MozillaSuiteTest" time="0.005"/>
  <testcase name="runMozillaTest[1792, js=testsrc/tests/js1_5/extensions/regress-396326.js, opt=-1]" classname="org.mozilla.javascript.tests.MozillaSuiteTest" time="0.037"/>
  <testcase name="runMozillaTest[1793, js=testsrc/tests/js1_5/extensions/regress-406572.js, opt=-1]" classname="org.mozilla.javascript.tests.MozillaSuiteTest" time="0.001"/>
  <testcase name="runMozillaTest[1794, js=testsrc/tests/js1_5/extensions/regress-407019.js, opt=-1]" classname="org.mozilla.javascript.tests.MozillaSuiteTest" time="0.001"/>
  <testcase name="runMozillaTest[1795, js=testsrc/tests/js1_5/extensions/regress-407501.js, opt=-1]" classname="org.mozilla.javascript.tests.MozillaSuiteTest" time="0.004"/>
  <testcase name="runMozillaTest[1796, js=testsrc/tests/js1_5/extensions/regress-407720.js, opt=-1]" classname="org.mozilla.javascript.tests.MozillaSuiteTest" time="0.001"/>
  <testcase name="runMozillaTest[1797, js=testsrc/tests/js1_5/extensions/regress-412926.js, opt=-1]" classname="org.mozilla.javascript.tests.MozillaSuiteTest" time="0.108"/>
  <testcase name="runMozillaTest[1798, js=testsrc/tests/js1_5/extensions/regress-414755.js, opt=-1]" classname="org.mozilla.javascript.tests.MozillaSuiteTest" time="0.001"/>
  <testcase name="runMozillaTest[1799, js=testsrc/tests/js1_5/extensions/regress-416354.js, opt=-1]" classname="org.mozilla.javascript.tests.MozillaSuiteTest" time="0.004"/>
  <testcase name="runMozillaTest[1800, js=testsrc/tests/js1_5/extensions/regress-416460.js, opt=-1]" classname="org.mozilla.javascript.tests.MozillaSuiteTest" time="0.023"/>
  <testcase name="runMozillaTest[1801, js=testsrc/tests/js1_5/extensions/regress-416834.js, opt=-1]" classname="org.mozilla.javascript.tests.MozillaSuiteTest" time="0.002"/>
  <testcase name="runMozillaTest[1802, js=testsrc/tests/js1_5/extensions/regress-422137.js, opt=-1]" classname="org.mozilla.javascript.tests.MozillaSuiteTest" time="0.006"/>
  <testcase name="runMozillaTest[1803, js=testsrc/tests/js1_5/extensions/regress-422592.js, opt=-1]" classname="org.mozilla.javascript.tests.MozillaSuiteTest" time="0.002"/>
  <testcase name="runMozillaTest[1804, js=testsrc/tests/js1_5/extensions/regress-426711.js, opt=-1]" classname="org.mozilla.javascript.tests.MozillaSuiteTest" time="0.002"/>
  <testcase name="runMozillaTest[1805, js=testsrc/tests/js1_5/extensions/regress-427196-01.js, opt=-1]" classname="org.mozilla.javascript.tests.MozillaSuiteTest" time="0.018"/>
  <testcase name="runMozillaTest[1806, js=testsrc/tests/js1_5/extensions/regress-427196-02.js, opt=-1]" classname="org.mozilla.javascript.tests.MozillaSuiteTest" time="0.011"/>
  <testcase name="runMozillaTest[1807, js=testsrc/tests/js1_5/extensions/regress-427196-03.js, opt=-1]" classname="org.mozilla.javascript.tests.MozillaSuiteTest" time="0.001"/>
  <testcase name="runMozillaTest[1808, js=testsrc/tests/js1_5/extensions/regress-429264.js, opt=-1]" classname="org.mozilla.javascript.tests.MozillaSuiteTest" time="0.029"/>
  <testcase name="runMozillaTest[1809, js=testsrc/tests/js1_5/extensions/regress-431428.js, opt=-1]" classname="org.mozilla.javascript.tests.MozillaSuiteTest" time="0.002"/>
  <testcase name="runMozillaTest[1810, js=testsrc/tests/js1_5/extensions/regress-434837-01.js, opt=-1]" classname="org.mozilla.javascript.tests.MozillaSuiteTest" time="0.001"/>
  <testcase name="runMozillaTest[1811, js=testsrc/tests/js1_5/extensions/regress-435497-01.js, opt=-1]" classname="org.mozilla.javascript.tests.MozillaSuiteTest" time="0.003"/>
  <testcase name="runMozillaTest[1812, js=testsrc/tests/js1_5/extensions/regress-435497-02.js, opt=-1]" classname="org.mozilla.javascript.tests.MozillaSuiteTest" time="0.001"/>
  <testcase name="runMozillaTest[1813, js=testsrc/tests/js1_5/extensions/regress-435497-03.js, opt=-1]" classname="org.mozilla.javascript.tests.MozillaSuiteTest" time="0.014"/>
  <testcase name="runMozillaTest[1814, js=testsrc/tests/js1_5/extensions/regress-436741.js, opt=-1]" classname="org.mozilla.javascript.tests.MozillaSuiteTest" time="0.011"/>
  <testcase name="runMozillaTest[1815, js=testsrc/tests/js1_5/extensions/regress-437288-01.js, opt=-1]" classname="org.mozilla.javascript.tests.MozillaSuiteTest" time="0.002"/>
  <testcase name="runMozillaTest[1816, js=testsrc/tests/js1_5/extensions/regress-44009.js, opt=-1]" classname="org.mozilla.javascript.tests.MozillaSuiteTest" time="0.012"/>
  <testcase name="runMozillaTest[1817, js=testsrc/tests/js1_5/extensions/regress-443569.js, opt=-1]" classname="org.mozilla.javascript.tests.MozillaSuiteTest" time="0.012"/>
  <testcase name="runMozillaTest[1818, js=testsrc/tests/js1_5/extensions/regress-446386.js, opt=-1]" classname="org.mozilla.javascript.tests.MozillaSuiteTest" time="0.031"/>
  <testcase name="runMozillaTest[1819, js=testsrc/tests/js1_5/extensions/regress-452168.js, opt=-1]" classname="org.mozilla.javascript.tests.MozillaSuiteTest" time="0.01"/>
  <testcase name="runMozillaTest[1820, js=testsrc/tests/js1_5/extensions/regress-452329.js, opt=-1]" classname="org.mozilla.javascript.tests.MozillaSuiteTest" time="0.002"/>
  <testcase name="runMozillaTest[1821, js=testsrc/tests/js1_5/extensions/regress-452338.js, opt=-1]" classname="org.mozilla.javascript.tests.MozillaSuiteTest" time="0.001"/>
  <testcase name="runMozillaTest[1822, js=testsrc/tests/js1_5/extensions/regress-452372.js, opt=-1]" classname="org.mozilla.javascript.tests.MozillaSuiteTest" time="0.001"/>
  <testcase name="runMozillaTest[1823, js=testsrc/tests/js1_5/extensions/regress-452565.js, opt=-1]" classname="org.mozilla.javascript.tests.MozillaSuiteTest" time="0.001"/>
  <testcase name="runMozillaTest[1824, js=testsrc/tests/js1_5/extensions/regress-453249.js, opt=-1]" classname="org.mozilla.javascript.tests.MozillaSuiteTest" time="0.001"/>
  <testcase name="runMozillaTest[1825, js=testsrc/tests/js1_5/extensions/regress-454040.js, opt=-1]" classname="org.mozilla.javascript.tests.MozillaSuiteTest" time="0.016"/>
  <testcase name="runMozillaTest[1826, js=testsrc/tests/js1_5/extensions/regress-454704.js, opt=-1]" classname="org.mozilla.javascript.tests.MozillaSuiteTest" time="0.001"/>
  <testcase name="runMozillaTest[1827, js=testsrc/tests/js1_5/extensions/regress-455380.js, opt=-1]" classname="org.mozilla.javascript.tests.MozillaSuiteTest" time="0.015"/>
  <testcase name="runMozillaTest[1828, js=testsrc/tests/js1_5/extensions/regress-455408.js, opt=-1]" classname="org.mozilla.javascript.tests.MozillaSuiteTest" time="0.003"/>
  <testcase name="runMozillaTest[1829, js=testsrc/tests/js1_5/extensions/regress-459606.js, opt=-1]" classname="org.mozilla.javascript.tests.MozillaSuiteTest" time="0.001"/>
  <testcase name="runMozillaTest[1830, js=testsrc/tests/js1_5/extensions/regress-465276.js, opt=-1]" classname="org.mozilla.javascript.tests.MozillaSuiteTest" time="0.016"/>
  <testcase name="runMozillaTest[1831, js=testsrc/tests/js1_5/extensions/regress-469625.js, opt=-1]" classname="org.mozilla.javascript.tests.MozillaSuiteTest" time="0.012"/>
  <testcase name="runMozillaTest[1832, js=testsrc/tests/js1_5/extensions/regress-469761.js, opt=-1]" classname="org.mozilla.javascript.tests.MozillaSuiteTest" time="0.021"/>
  <testcase name="runMozillaTest[1833, js=testsrc/tests/js1_5/extensions/regress-472599.js, opt=-1]" classname="org.mozilla.javascript.tests.MozillaSuiteTest" time="0.012"/>
  <testcase name="runMozillaTest[1834, js=testsrc/tests/js1_5/extensions/regress-476447.js, opt=-1]" classname="org.mozilla.javascript.tests.MozillaSuiteTest" time="0.001"/>
  <testcase name="runMozillaTest[1835, js=testsrc/tests/js1_5/extensions/regress-479487.js, opt=-1]" classname="org.mozilla.javascript.tests.MozillaSuiteTest" time="0.001"/>
  <testcase name="runMozillaTest[1836, js=testsrc/tests/js1_5/extensions/regress-479551.js, opt=-1]" classname="org.mozilla.javascript.tests.MozillaSuiteTest" time="0.002"/>
  <testcase name="runMozillaTest[1837, js=testsrc/tests/js1_5/extensions/regress-480579.js, opt=-1]" classname="org.mozilla.javascript.tests.MozillaSuiteTest" time="0.025"/>
  <testcase name="runMozillaTest[1838, js=testsrc/tests/js1_5/extensions/regress-481516.js, opt=-1]" classname="org.mozilla.javascript.tests.MozillaSuiteTest" time="0.005"/>
  <testcase name="runMozillaTest[1839, js=testsrc/tests/js1_5/extensions/regress-488995.js, opt=-1]" classname="org.mozilla.javascript.tests.MozillaSuiteTest" time="0.003"/>
  <testcase name="runMozillaTest[1840, js=testsrc/tests/js1_5/extensions/regress-50447.js, opt=-1]" classname="org.mozilla.javascript.tests.MozillaSuiteTest" time="0.003"/>
  <testcase name="runMozillaTest[1841, js=testsrc/tests/js1_5/extensions/regress-90596-001.js, opt=-1]" classname="org.mozilla.javascript.tests.MozillaSuiteTest" time="0.06"/>
  <testcase name="runMozillaTest[1842, js=testsrc/tests/js1_5/extensions/regress-90596-002.js, opt=-1]" classname="org.mozilla.javascript.tests.MozillaSuiteTest" time="0.041"/>
  <testcase name="runMozillaTest[1843, js=testsrc/tests/js1_5/extensions/regress-96284-001.js, opt=-1]" classname="org.mozilla.javascript.tests.MozillaSuiteTest" time="0.003"/>
  <testcase name="runMozillaTest[1844, js=testsrc/tests/js1_5/extensions/regress-96284-002.js, opt=-1]" classname="org.mozilla.javascript.tests.MozillaSuiteTest" time="0.01"/>
  <testcase name="runMozillaTest[1845, js=testsrc/tests/js1_5/extensions/scope-001.js, opt=-1]" classname="org.mozilla.javascript.tests.MozillaSuiteTest" time="0.042"/>
  <testcase name="runMozillaTest[1846, js=testsrc/tests/js1_6/Array/filter.js, opt=-1]" classname="org.mozilla.javascript.tests.MozillaSuiteTest" time="0.002"/>
  <testcase name="runMozillaTest[1847, js=testsrc/tests/js1_6/Array/regress-290592.js, opt=-1]" classname="org.mozilla.javascript.tests.MozillaSuiteTest" time="0.028"/>
  <testcase name="runMozillaTest[1848, js=testsrc/tests/js1_6/Array/regress-304828.js, opt=-1]" classname="org.mozilla.javascript.tests.MozillaSuiteTest" time="0.027"/>
  <testcase name="runMozillaTest[1849, js=testsrc/tests/js1_6/Array/regress-305002.js, opt=-1]" classname="org.mozilla.javascript.tests.MozillaSuiteTest" time="0.002"/>
  <testcase name="runMozillaTest[1850, js=testsrc/tests/js1_6/Array/regress-310425-01.js, opt=-1]" classname="org.mozilla.javascript.tests.MozillaSuiteTest" time="0.011"/>
  <testcase name="runMozillaTest[1851, js=testsrc/tests/js1_6/Array/regress-310425-02.js, opt=-1]" classname="org.mozilla.javascript.tests.MozillaSuiteTest" time="0.02"/>
  <testcase name="runMozillaTest[1852, js=testsrc/tests/js1_6/Array/regress-320887.js, opt=-1]" classname="org.mozilla.javascript.tests.MozillaSuiteTest" time="0.011"/>
  <testcase name="runMozillaTest[1853, js=testsrc/tests/js1_6/Array/regress-352742-01.js, opt=-1]" classname="org.mozilla.javascript.tests.MozillaSuiteTest" time="0.002"/>
  <testcase name="runMozillaTest[1854, js=testsrc/tests/js1_6/Array/regress-352742-02.js, opt=-1]" classname="org.mozilla.javascript.tests.MozillaSuiteTest" time="0.001"/>
  <testcase name="runMozillaTest[1855, js=testsrc/tests/js1_6/Array/regress-386030.js, opt=-1]" classname="org.mozilla.javascript.tests.MozillaSuiteTest" time="0.001"/>
  <testcase name="runMozillaTest[1856, js=testsrc/tests/js1_6/Array/regress-415451.js, opt=-1]" classname="org.mozilla.javascript.tests.MozillaSuiteTest" time="0.015"/>
  <testcase name="runMozillaTest[1857, js=testsrc/tests/js1_6/Array/regress-415540.js, opt=-1]" classname="org.mozilla.javascript.tests.MozillaSuiteTest" time="0.002"/>
  <testcase name="runMozillaTest[1858, js=testsrc/tests/js1_6/Regress/regress-301574.js, opt=-1]" classname="org.mozilla.javascript.tests.MozillaSuiteTest" time="0.01"/>
  <testcase name="runMozillaTest[1859, js=testsrc/tests/js1_6/Regress/regress-311157-01.js, opt=-1]" classname="org.mozilla.javascript.tests.MozillaSuiteTest" time="0.009"/>
  <testcase name="runMozillaTest[1860, js=testsrc/tests/js1_6/Regress/regress-311157-02.js, opt=-1]" classname="org.mozilla.javascript.tests.MozillaSuiteTest" time="0.016"/>
  <testcase name="runMozillaTest[1861, js=testsrc/tests/js1_6/Regress/regress-314887.js, opt=-1]" classname="org.mozilla.javascript.tests.MozillaSuiteTest" time="0.008"/>
  <testcase name="runMozillaTest[1862, js=testsrc/tests/js1_6/Regress/regress-320172.js, opt=-1]" classname="org.mozilla.javascript.tests.MozillaSuiteTest" time="0.026"/>
  <testcase name="runMozillaTest[1863, js=testsrc/tests/js1_6/Regress/regress-351795.js, opt=-1]" classname="org.mozilla.javascript.tests.MozillaSuiteTest" time="0.01"/>
  <testcase name="runMozillaTest[1864, js=testsrc/tests/js1_6/Regress/regress-352271.js, opt=-1]" classname="org.mozilla.javascript.tests.MozillaSuiteTest" time="0.002"/>
  <testcase name="runMozillaTest[1865, js=testsrc/tests/js1_6/Regress/regress-353078.js, opt=-1]" classname="org.mozilla.javascript.tests.MozillaSuiteTest" time="0.001"/>
  <testcase name="runMozillaTest[1866, js=testsrc/tests/js1_6/Regress/regress-372565.js, opt=-1]" classname="org.mozilla.javascript.tests.MozillaSuiteTest" time="0.001"/>
  <testcase name="runMozillaTest[1867, js=testsrc/tests/js1_6/Regress/regress-378492.js, opt=-1]" classname="org.mozilla.javascript.tests.MozillaSuiteTest" time="0.017"/>
  <testcase name="runMozillaTest[1868, js=testsrc/tests/js1_6/Regress/regress-475469.js, opt=-1]" classname="org.mozilla.javascript.tests.MozillaSuiteTest" time="0.002"/>
  <testcase name="runMozillaTest[1869, js=testsrc/tests/js1_6/Regress/regress-476655.js, opt=-1]" classname="org.mozilla.javascript.tests.MozillaSuiteTest" time="0.024"/>
  <testcase name="runMozillaTest[1870, js=testsrc/tests/js1_6/decompilation/regress-352084.js, opt=-1]" classname="org.mozilla.javascript.tests.MozillaSuiteTest" time="0.038"/>
  <testcase name="runMozillaTest[1871, js=testsrc/tests/js1_6/extensions/regress-385393-08.js, opt=-1]" classname="org.mozilla.javascript.tests.MozillaSuiteTest" time="0.002"/>
  <testcase name="runMozillaTest[1872, js=testsrc/tests/js1_6/extensions/regress-455464-01.js, opt=-1]" classname="org.mozilla.javascript.tests.MozillaSuiteTest" time="0.158"/>
  <testcase name="runMozillaTest[1873, js=testsrc/tests/js1_6/extensions/regress-455464-02.js, opt=-1]" classname="org.mozilla.javascript.tests.MozillaSuiteTest" time="0.185"/>
  <testcase name="runMozillaTest[1874, js=testsrc/tests/js1_6/extensions/regress-455464-03.js, opt=-1]" classname="org.mozilla.javascript.tests.MozillaSuiteTest" time="0.2"/>
  <testcase name="runMozillaTest[1875, js=testsrc/tests/js1_6/extensions/regress-455464-04.js, opt=-1]" classname="org.mozilla.javascript.tests.MozillaSuiteTest" time="0.005"/>
  <testcase name="runMozillaTest[1876, js=testsrc/tests/js1_6/extensions/regress-457521.js, opt=-1]" classname="org.mozilla.javascript.tests.MozillaSuiteTest" time="0.002"/>
  <testcase name="runMozillaTest[1877, js=testsrc/tests/js1_6/extensions/regress-472508.js, opt=-1]" classname="org.mozilla.javascript.tests.MozillaSuiteTest" time="0.018"/>
  <testcase name="runMozillaTest[1878, js=testsrc/tests/js1_6/extensions/regress-475144.js, opt=-1]" classname="org.mozilla.javascript.tests.MozillaSuiteTest" time="0.008"/>
  <testcase name="runMozillaTest[1879, js=testsrc/tests/js1_6/extensions/regress-479567.js, opt=-1]" classname="org.mozilla.javascript.tests.MozillaSuiteTest" time="0.006"/>
  <testcase name="runMozillaTest[1880, js=testsrc/tests/js1_7/GC/regress-341675.js, opt=-1]" classname="org.mozilla.javascript.tests.MozillaSuiteTest" time="0.13"/>
  <testcase name="runMozillaTest[1881, js=testsrc/tests/js1_7/block/order-of-operation.js, opt=-1]" classname="org.mozilla.javascript.tests.MozillaSuiteTest" time="0.02"/>
  <testcase name="runMozillaTest[1882, js=testsrc/tests/js1_7/block/regress-341939.js, opt=-1]" classname="org.mozilla.javascript.tests.MozillaSuiteTest" time="0.001"/>
  <testcase name="runMozillaTest[1883, js=testsrc/tests/js1_7/block/regress-343765.js, opt=-1]" classname="org.mozilla.javascript.tests.MozillaSuiteTest" time="0.002"/>
  <testcase name="runMozillaTest[1884, js=testsrc/tests/js1_7/block/regress-344139.js, opt=-1]" classname="org.mozilla.javascript.tests.MozillaSuiteTest" time="0.014"/>
  <testcase name="runMozillaTest[1885, js=testsrc/tests/js1_7/block/regress-344262.js, opt=-1]" classname="org.mozilla.javascript.tests.MozillaSuiteTest" time="0.004"/>
  <testcase name="runMozillaTest[1886, js=testsrc/tests/js1_7/block/regress-344370.js, opt=-1]" classname="org.mozilla.javascript.tests.MozillaSuiteTest" time="0.017"/>
  <testcase name="runMozillaTest[1887, js=testsrc/tests/js1_7/block/regress-345542.js, opt=-1]" classname="org.mozilla.javascript.tests.MozillaSuiteTest" time="0.011"/>
  <testcase name="runMozillaTest[1888, js=testsrc/tests/js1_7/block/regress-348685.js, opt=-1]" classname="org.mozilla.javascript.tests.MozillaSuiteTest" time="0.012"/>
  <testcase name="runMozillaTest[1889, js=testsrc/tests/js1_7/block/regress-349283.js, opt=-1]" classname="org.mozilla.javascript.tests.MozillaSuiteTest" time="0.018"/>
  <testcase name="runMozillaTest[1890, js=testsrc/tests/js1_7/block/regress-349298.js, opt=-1]" classname="org.mozilla.javascript.tests.MozillaSuiteTest" time="0.002"/>
  <testcase name="runMozillaTest[1891, js=testsrc/tests/js1_7/block/regress-349507.js, opt=-1]" classname="org.mozilla.javascript.tests.MozillaSuiteTest" time="0.002"/>
  <testcase name="runMozillaTest[1892, js=testsrc/tests/js1_7/block/regress-349653.js, opt=-1]" classname="org.mozilla.javascript.tests.MozillaSuiteTest" time="0.001"/>
  <testcase name="runMozillaTest[1893, js=testsrc/tests/js1_7/block/regress-349962.js, opt=-1]" classname="org.mozilla.javascript.tests.MozillaSuiteTest" time="0.015"/>
  <testcase name="runMozillaTest[1894, js=testsrc/tests/js1_7/block/regress-350279.js, opt=-1]" classname="org.mozilla.javascript.tests.MozillaSuiteTest" time="0.002"/>
  <testcase name="runMozillaTest[1895, js=testsrc/tests/js1_7/block/regress-350730.js, opt=-1]" classname="org.mozilla.javascript.tests.MozillaSuiteTest" time="0.007"/>
  <testcase name="runMozillaTest[1896, js=testsrc/tests/js1_7/block/regress-350793-01.js, opt=-1]" classname="org.mozilla.javascript.tests.MozillaSuiteTest" time="0.032"/>
  <testcase name="runMozillaTest[1897, js=testsrc/tests/js1_7/block/regress-351497.js, opt=-1]" classname="org.mozilla.javascript.tests.MozillaSuiteTest" time="0.001"/>
  <testcase name="runMozillaTest[1898, js=testsrc/tests/js1_7/block/regress-351606.js, opt=-1]" classname="org.mozilla.javascript.tests.MozillaSuiteTest" time="0.006"/>
  <testcase name="runMozillaTest[1899, js=testsrc/tests/js1_7/block/regress-352092.js, opt=-1]" classname="org.mozilla.javascript.tests.MozillaSuiteTest" time="0.002"/>
  <testcase name="runMozillaTest[1900, js=testsrc/tests/js1_7/block/regress-352185.js, opt=-1]" classname="org.mozilla.javascript.tests.MozillaSuiteTest" time="0.005"/>
  <testcase name="runMozillaTest[1901, js=testsrc/tests/js1_7/block/regress-352212.js, opt=-1]" classname="org.mozilla.javascript.tests.MozillaSuiteTest" time="0.015"/>
  <testcase name="runMozillaTest[1902, js=testsrc/tests/js1_7/block/regress-352267.js, opt=-1]" classname="org.mozilla.javascript.tests.MozillaSuiteTest" time="0.02"/>
  <testcase name="runMozillaTest[1903, js=testsrc/tests/js1_7/block/regress-352616.js, opt=-1]" classname="org.mozilla.javascript.tests.MozillaSuiteTest" time="0.002"/>
  <testcase name="runMozillaTest[1904, js=testsrc/tests/js1_7/block/regress-352624.js, opt=-1]" classname="org.mozilla.javascript.tests.MozillaSuiteTest" time="0.001"/>
  <testcase name="runMozillaTest[1905, js=testsrc/tests/js1_7/block/regress-352907.js, opt=-1]" classname="org.mozilla.javascript.tests.MozillaSuiteTest" time="0.002"/>
  <testcase name="runMozillaTest[1906, js=testsrc/tests/js1_7/block/regress-357754.js, opt=-1]" classname="org.mozilla.javascript.tests.MozillaSuiteTest" time="0.012"/>
  <testcase name="runMozillaTest[1907, js=testsrc/tests/js1_7/block/regress-358508.js, opt=-1]" classname="org.mozilla.javascript.tests.MozillaSuiteTest" time="0.015"/>
  <testcase name="runMozillaTest[1908, js=testsrc/tests/js1_7/block/regress-376410.js, opt=-1]" classname="org.mozilla.javascript.tests.MozillaSuiteTest" time="0.016"/>
  <testcase name="runMozillaTest[1909, js=testsrc/tests/js1_7/block/regress-396900.js, opt=-1]" classname="org.mozilla.javascript.tests.MozillaSuiteTest" time="0.013"/>
  <testcase name="runMozillaTest[1910, js=testsrc/tests/js1_7/block/regress-411279.js, opt=-1]" classname="org.mozilla.javascript.tests.MozillaSuiteTest" time="0.007"/>
  <testcase name="runMozillaTest[1911, js=testsrc/tests/js1_7/decompilation/regress-349633.js, opt=-1]" classname="org.mozilla.javascript.tests.MozillaSuiteTest" time="0.003"/>
  <testcase name="runMozillaTest[1912, js=testsrc/tests/js1_7/decompilation/regress-350810.js, opt=-1]" classname="org.mozilla.javascript.tests.MozillaSuiteTest" time="0.001"/>
  <testcase name="runMozillaTest[1913, js=testsrc/tests/js1_7/decompilation/regress-352015.js, opt=-1]" classname="org.mozilla.javascript.tests.MozillaSuiteTest" time="0.019"/>
  <testcase name="runMozillaTest[1914, js=testsrc/tests/js1_7/decompilation/regress-352025.js, opt=-1]" classname="org.mozilla.javascript.tests.MozillaSuiteTest" time="0.001"/>
  <testcase name="runMozillaTest[1915, js=testsrc/tests/js1_7/decompilation/regress-352198.js, opt=-1]" classname="org.mozilla.javascript.tests.MozillaSuiteTest" time="0.001"/>
  <testcase name="runMozillaTest[1916, js=testsrc/tests/js1_7/decompilation/regress-352269.js, opt=-1]" classname="org.mozilla.javascript.tests.MozillaSuiteTest" time="0.019"/>
  <testcase name="runMozillaTest[1917, js=testsrc/tests/js1_7/decompilation/regress-352272.js, opt=-1]" classname="org.mozilla.javascript.tests.MozillaSuiteTest" time="0.035"/>
  <testcase name="runMozillaTest[1918, js=testsrc/tests/js1_7/decompilation/regress-352283.js, opt=-1]" classname="org.mozilla.javascript.tests.MozillaSuiteTest" time="0.002"/>
  <testcase name="runMozillaTest[1919, js=testsrc/tests/js1_7/decompilation/regress-352732.js, opt=-1]" classname="org.mozilla.javascript.tests.MozillaSuiteTest" time="0.013"/>
  <testcase name="runMozillaTest[1920, js=testsrc/tests/js1_7/decompilation/regress-355635.js, opt=-1]" classname="org.mozilla.javascript.tests.MozillaSuiteTest" time="0.002"/>
  <testcase name="runMozillaTest[1921, js=testsrc/tests/js1_7/decompilation/regress-355786.js, opt=-1]" classname="org.mozilla.javascript.tests.MozillaSuiteTest" time="0.001"/>
  <testcase name="runMozillaTest[1922, js=testsrc/tests/js1_7/decompilation/regress-375794.js, opt=-1]" classname="org.mozilla.javascript.tests.MozillaSuiteTest" time="0.017"/>
  <testcase name="runMozillaTest[1923, js=testsrc/tests/js1_7/decompilation/regress-380506.js, opt=-1]" classname="org.mozilla.javascript.tests.MozillaSuiteTest" time="0.004"/>
  <testcase name="runMozillaTest[1924, js=testsrc/tests/js1_7/decompilation/regress-410649.js, opt=-1]" classname="org.mozilla.javascript.tests.MozillaSuiteTest" time="0.009"/>
  <testcase name="runMozillaTest[1925, js=testsrc/tests/js1_7/expressions/destructuring-scope.js, opt=-1]" classname="org.mozilla.javascript.tests.MozillaSuiteTest" time="0.005"/>
  <testcase name="runMozillaTest[1926, js=testsrc/tests/js1_7/expressions/regress-346203.js, opt=-1]" classname="org.mozilla.javascript.tests.MozillaSuiteTest" time="0.032"/>
  <testcase name="runMozillaTest[1927, js=testsrc/tests/js1_7/expressions/regress-346645-01.js, opt=-1]" classname="org.mozilla.javascript.tests.MozillaSuiteTest" time="0.001"/>
  <testcase name="runMozillaTest[1928, js=testsrc/tests/js1_7/expressions/regress-346645-02.js, opt=-1]" classname="org.mozilla.javascript.tests.MozillaSuiteTest" time="0.001"/>
  <testcase name="runMozillaTest[1929, js=testsrc/tests/js1_7/expressions/regress-346645-03.js, opt=-1]" classname="org.mozilla.javascript.tests.MozillaSuiteTest" time="0.017"/>
  <testcase name="runMozillaTest[1930, js=testsrc/tests/js1_7/expressions/regress-349624.js, opt=-1]" classname="org.mozilla.javascript.tests.MozillaSuiteTest" time="0.004"/>
  <testcase name="runMozillaTest[1931, js=testsrc/tests/js1_7/expressions/regress-349818.js, opt=-1]" classname="org.mozilla.javascript.tests.MozillaSuiteTest" time="0.001"/>
  <testcase name="runMozillaTest[1932, js=testsrc/tests/js1_7/expressions/regress-418051.js, opt=-1]" classname="org.mozilla.javascript.tests.MozillaSuiteTest" time="0.016"/>
  <testcase name="runMozillaTest[1933, js=testsrc/tests/js1_7/expressions/regress-421806.js, opt=-1]" classname="org.mozilla.javascript.tests.MozillaSuiteTest" time="0.002"/>
  <testcase name="runMozillaTest[1934, js=testsrc/tests/js1_7/expressions/regress-451340.js, opt=-1]" classname="org.mozilla.javascript.tests.MozillaSuiteTest" time="0.014"/>
  <testcase name="runMozillaTest[1935, js=testsrc/tests/js1_7/extensions/basic-Iterator.js, opt=-1]" classname="org.mozilla.javascript.tests.MozillaSuiteTest" time="0.009"/>
  <testcase name="runMozillaTest[1936, js=testsrc/tests/js1_7/extensions/basic-for-each.js, opt=-1]" classname="org.mozilla.javascript.tests.MozillaSuiteTest" time="0.025"/>
  <testcase name="runMozillaTest[1937, js=testsrc/tests/js1_7/extensions/basic-for-in.js, opt=-1]" classname="org.mozilla.javascript.tests.MozillaSuiteTest" time="0.012"/>
  <testcase name="runMozillaTest[1938, js=testsrc/tests/js1_7/extensions/destructuring-order.js, opt=-1]" classname="org.mozilla.javascript.tests.MozillaSuiteTest" time="0.007"/>
  <testcase name="runMozillaTest[1939, js=testsrc/tests/js1_7/extensions/iterator-ctor.js, opt=-1]" classname="org.mozilla.javascript.tests.MozillaSuiteTest" time="0.012"/>
  <testcase name="runMozillaTest[1940, js=testsrc/tests/js1_7/extensions/regress-346021.js, opt=-1]" classname="org.mozilla.javascript.tests.MozillaSuiteTest" time="0.02"/>
  <testcase name="runMozillaTest[1941, js=testsrc/tests/js1_7/extensions/regress-346642-02.js, opt=-1]" classname="org.mozilla.javascript.tests.MozillaSuiteTest" time="0.001"/>
  <testcase name="runMozillaTest[1942, js=testsrc/tests/js1_7/extensions/regress-346773.js, opt=-1]" classname="org.mozilla.javascript.tests.MozillaSuiteTest" time="0.001"/>
  <testcase name="runMozillaTest[1943, js=testsrc/tests/js1_7/extensions/regress-349619.js, opt=-1]" classname="org.mozilla.javascript.tests.MozillaSuiteTest" time="0.002"/>
  <testcase name="runMozillaTest[1944, js=testsrc/tests/js1_7/extensions/regress-350312.js, opt=-1]" classname="org.mozilla.javascript.tests.MozillaSuiteTest" time="0.02"/>
  <testcase name="runMozillaTest[1945, js=testsrc/tests/js1_7/extensions/regress-351070-02.js, opt=-1]" classname="org.mozilla.javascript.tests.MozillaSuiteTest" time="0.032"/>
  <testcase name="runMozillaTest[1946, js=testsrc/tests/js1_7/extensions/regress-352797-01.js, opt=-1]" classname="org.mozilla.javascript.tests.MozillaSuiteTest" time="0.011"/>
  <testcase name="runMozillaTest[1947, js=testsrc/tests/js1_7/extensions/regress-352885-01.js, opt=-1]" classname="org.mozilla.javascript.tests.MozillaSuiteTest" time="0.002"/>
  <testcase name="runMozillaTest[1948, js=testsrc/tests/js1_7/extensions/regress-352885-02.js, opt=-1]" classname="org.mozilla.javascript.tests.MozillaSuiteTest" time="0.002"/>
  <testcase name="runMozillaTest[1949, js=testsrc/tests/js1_7/extensions/regress-353214-02.js, opt=-1]" classname="org.mozilla.javascript.tests.MozillaSuiteTest" time="0.002"/>
  <testcase name="runMozillaTest[1950, js=testsrc/tests/js1_7/extensions/regress-354499-01.js, opt=-1]" classname="org.mozilla.javascript.tests.MozillaSuiteTest" time="0.001"/>
  <testcase name="runMozillaTest[1951, js=testsrc/tests/js1_7/extensions/regress-354499-02.js, opt=-1]" classname="org.mozilla.javascript.tests.MozillaSuiteTest" time="0.024"/>
  <testcase name="runMozillaTest[1952, js=testsrc/tests/js1_7/extensions/regress-354945-01.js, opt=-1]" classname="org.mozilla.javascript.tests.MozillaSuiteTest" time="0.006"/>
  <testcase name="runMozillaTest[1953, js=testsrc/tests/js1_7/extensions/regress-355052-01.js, opt=-1]" classname="org.mozilla.javascript.tests.MozillaSuiteTest" time="0.182"/>
  <testcase name="runMozillaTest[1954, js=testsrc/tests/js1_7/extensions/regress-355052-02.js, opt=-1]" classname="org.mozilla.javascript.tests.MozillaSuiteTest" time="0.103"/>
  <testcase name="runMozillaTest[1955, js=testsrc/tests/js1_7/extensions/regress-355052-03.js, opt=-1]" classname="org.mozilla.javascript.tests.MozillaSuiteTest" time="0.107"/>
  <testcase name="runMozillaTest[1956, js=testsrc/tests/js1_7/extensions/regress-355410.js, opt=-1]" classname="org.mozilla.javascript.tests.MozillaSuiteTest" time="0.022"/>
  <testcase name="runMozillaTest[1957, js=testsrc/tests/js1_7/extensions/regress-355512.js, opt=-1]" classname="org.mozilla.javascript.tests.MozillaSuiteTest" time="0.216"/>
  <testcase name="runMozillaTest[1958, js=testsrc/tests/js1_7/extensions/regress-355578.js, opt=-1]" classname="org.mozilla.javascript.tests.MozillaSuiteTest" time="0.109"/>
  <testcase name="runMozillaTest[1959, js=testsrc/tests/js1_7/extensions/regress-355583.js, opt=-1]" classname="org.mozilla.javascript.tests.MozillaSuiteTest" time="0.002"/>
  <testcase name="runMozillaTest[1960, js=testsrc/tests/js1_7/extensions/regress-363040-01.js, opt=-1]" classname="org.mozilla.javascript.tests.MozillaSuiteTest" time="0.024"/>
  <testcase name="runMozillaTest[1961, js=testsrc/tests/js1_7/extensions/regress-363040-02.js, opt=-1]" classname="org.mozilla.javascript.tests.MozillaSuiteTest" time="0.037"/>
  <testcase name="runMozillaTest[1962, js=testsrc/tests/js1_7/extensions/regress-366668-01.js, opt=-1]" classname="org.mozilla.javascript.tests.MozillaSuiteTest" time="0.002"/>
  <testcase name="runMozillaTest[1963, js=testsrc/tests/js1_7/extensions/regress-366668-02.js, opt=-1]" classname="org.mozilla.javascript.tests.MozillaSuiteTest" time="0.001"/>
  <testcase name="runMozillaTest[1964, js=testsrc/tests/js1_7/extensions/regress-372364.js, opt=-1]" classname="org.mozilla.javascript.tests.MozillaSuiteTest" time="0.002"/>
  <testcase name="runMozillaTest[1965, js=testsrc/tests/js1_7/extensions/regress-387955-01.js, opt=-1]" classname="org.mozilla.javascript.tests.MozillaSuiteTest" time="0.115"/>
  <testcase name="runMozillaTest[1966, js=testsrc/tests/js1_7/extensions/regress-387955-02.js, opt=-1]" classname="org.mozilla.javascript.tests.MozillaSuiteTest" time="0.002"/>
  <testcase name="runMozillaTest[1967, js=testsrc/tests/js1_7/extensions/regress-392308.js, opt=-1]" classname="org.mozilla.javascript.tests.MozillaSuiteTest" time="0.001"/>
  <testcase name="runMozillaTest[1968, js=testsrc/tests/js1_7/extensions/regress-396326.js, opt=-1]" classname="org.mozilla.javascript.tests.MozillaSuiteTest" time="0.008"/>
  <testcase name="runMozillaTest[1969, js=testsrc/tests/js1_7/extensions/regress-429266.js, opt=-1]" classname="org.mozilla.javascript.tests.MozillaSuiteTest" time="0.007"/>
  <testcase name="runMozillaTest[1970, js=testsrc/tests/js1_7/extensions/regress-455982-01.js, opt=-1]" classname="org.mozilla.javascript.tests.MozillaSuiteTest" time="0.019"/>
  <testcase name="runMozillaTest[1971, js=testsrc/tests/js1_7/extensions/regress-455982-02.js, opt=-1]" classname="org.mozilla.javascript.tests.MozillaSuiteTest" time="0.004"/>
  <testcase name="runMozillaTest[1972, js=testsrc/tests/js1_7/extensions/regress-469234.js, opt=-1]" classname="org.mozilla.javascript.tests.MozillaSuiteTest" time="0.019"/>
  <testcase name="runMozillaTest[1973, js=testsrc/tests/js1_7/extensions/regress-469405-01.js, opt=-1]" classname="org.mozilla.javascript.tests.MozillaSuiteTest" time="0.002"/>
  <testcase name="runMozillaTest[1974, js=testsrc/tests/js1_7/extensions/regress-469405-02.js, opt=-1]" classname="org.mozilla.javascript.tests.MozillaSuiteTest" time="0.009"/>
  <testcase name="runMozillaTest[1975, js=testsrc/tests/js1_7/extensions/regress-470176.js, opt=-1]" classname="org.mozilla.javascript.tests.MozillaSuiteTest" time="0.01"/>
  <testcase name="runMozillaTest[1976, js=testsrc/tests/js1_7/extensions/regress-470300-01.js, opt=-1]" classname="org.mozilla.javascript.tests.MozillaSuiteTest" time="0.001"/>
  <testcase name="runMozillaTest[1977, js=testsrc/tests/js1_7/extensions/regress-470300-02.js, opt=-1]" classname="org.mozilla.javascript.tests.MozillaSuiteTest" time="0.001"/>
  <testcase name="runMozillaTest[1978, js=testsrc/tests/js1_7/extensions/regress-474771-01.js, opt=-1]" classname="org.mozilla.javascript.tests.MozillaSuiteTest" time="0.016"/>
  <testcase name="runMozillaTest[1979, js=testsrc/tests/js1_7/extensions/regress-474771-02.js, opt=-1]" classname="org.mozilla.javascript.tests.MozillaSuiteTest" time="0.002"/>
  <testcase name="runMozillaTest[1980, js=testsrc/tests/js1_7/extensions/regress-477048.js, opt=-1]" classname="org.mozilla.javascript.tests.MozillaSuiteTest" time="0.001"/>
  <testcase name="runMozillaTest[1981, js=testsrc/tests/js1_7/geniter/326466-01.js, opt=-1]" classname="org.mozilla.javascript.tests.MozillaSuiteTest" time="0.001"/>
  <testcase name="runMozillaTest[1982, js=testsrc/tests/js1_7/geniter/builtin-Iterator-function.js, opt=-1]" classname="org.mozilla.javascript.tests.MozillaSuiteTest" time="0.009"/>
  <testcase name="runMozillaTest[1983, js=testsrc/tests/js1_7/geniter/evens.js, opt=-1]" classname="org.mozilla.javascript.tests.MozillaSuiteTest" time="0.009"/>
  <testcase name="runMozillaTest[1984, js=testsrc/tests/js1_7/geniter/fibonacci-matrix-generator.js, opt=-1]" classname="org.mozilla.javascript.tests.MozillaSuiteTest" time="0.033"/>
  <testcase name="runMozillaTest[1985, js=testsrc/tests/js1_7/geniter/iterator-toString.js, opt=-1]" classname="org.mozilla.javascript.tests.MozillaSuiteTest" time="0.002"/>
  <testcase name="runMozillaTest[1986, js=testsrc/tests/js1_7/geniter/message-value-passing.js, opt=-1]" classname="org.mozilla.javascript.tests.MozillaSuiteTest" time="0.001"/>
  <testcase name="runMozillaTest[1987, js=testsrc/tests/js1_7/geniter/multiple-close.js, opt=-1]" classname="org.mozilla.javascript.tests.MozillaSuiteTest" time="0.002"/>
  <testcase name="runMozillaTest[1988, js=testsrc/tests/js1_7/geniter/nested-yield.js, opt=-1]" classname="org.mozilla.javascript.tests.MozillaSuiteTest" time="0.03"/>
  <testcase name="runMozillaTest[1989, js=testsrc/tests/js1_7/geniter/pi-generator.js, opt=-1]" classname="org.mozilla.javascript.tests.MozillaSuiteTest" time="0.002"/>
  <testcase name="runMozillaTest[1990, js=testsrc/tests/js1_7/geniter/regress-345736.js, opt=-1]" classname="org.mozilla.javascript.tests.MozillaSuiteTest" time="0.002"/>
  <testcase name="runMozillaTest[1991, js=testsrc/tests/js1_7/geniter/regress-345855.js, opt=-1]" classname="org.mozilla.javascript.tests.MozillaSuiteTest" time="0.003"/>
  <testcase name="runMozillaTest[1992, js=testsrc/tests/js1_7/geniter/regress-345879-01.js, opt=-1]" classname="org.mozilla.javascript.tests.MozillaSuiteTest" time="0.001"/>
  <testcase name="runMozillaTest[1993, js=testsrc/tests/js1_7/geniter/regress-345879-02.js, opt=-1]" classname="org.mozilla.javascript.tests.MozillaSuiteTest" time="0.015"/>
  <testcase name="runMozillaTest[1994, js=testsrc/tests/js1_7/geniter/regress-347593.js, opt=-1]" classname="org.mozilla.javascript.tests.MozillaSuiteTest" time="0.01"/>
  <testcase name="runMozillaTest[1995, js=testsrc/tests/js1_7/geniter/regress-349012-02.js, opt=-1]" classname="org.mozilla.javascript.tests.MozillaSuiteTest" time="0.017"/>
  <testcase name="runMozillaTest[1996, js=testsrc/tests/js1_7/geniter/regress-349012-03.js, opt=-1]" classname="org.mozilla.javascript.tests.MozillaSuiteTest" time="0.015"/>
  <testcase name="runMozillaTest[1997, js=testsrc/tests/js1_7/geniter/regress-349012-04.js, opt=-1]" classname="org.mozilla.javascript.tests.MozillaSuiteTest" time="0.002"/>
  <testcase name="runMozillaTest[1998, js=testsrc/tests/js1_7/geniter/regress-349012-05.js, opt=-1]" classname="org.mozilla.javascript.tests.MozillaSuiteTest" time="0.004"/>
  <testcase name="runMozillaTest[1999, js=testsrc/tests/js1_7/geniter/regress-349023-01.js, opt=-1]" classname="org.mozilla.javascript.tests.MozillaSuiteTest" time="0.01"/>
  <testcase name="runMozillaTest[2000, js=testsrc/tests/js1_7/geniter/regress-349023-02.js, opt=-1]" classname="org.mozilla.javascript.tests.MozillaSuiteTest" time="0.001"/>
  <testcase name="runMozillaTest[2001, js=testsrc/tests/js1_7/geniter/regress-349023-03.js, opt=-1]" classname="org.mozilla.javascript.tests.MozillaSuiteTest" time="0.019"/>
  <testcase name="runMozillaTest[2002, js=testsrc/tests/js1_7/geniter/regress-349362.js, opt=-1]" classname="org.mozilla.javascript.tests.MozillaSuiteTest" time="0.001"/>
  <testcase name="runMozillaTest[2003, js=testsrc/tests/js1_7/geniter/regress-349851.js, opt=-1]" classname="org.mozilla.javascript.tests.MozillaSuiteTest" time="0.001"/>
  <testcase name="runMozillaTest[2004, js=testsrc/tests/js1_7/geniter/regress-350621.js, opt=-1]" classname="org.mozilla.javascript.tests.MozillaSuiteTest" time="0.327"/>
  <testcase name="runMozillaTest[2005, js=testsrc/tests/js1_7/geniter/regress-350809.js, opt=-1]" classname="org.mozilla.javascript.tests.MozillaSuiteTest" time="0.014"/>
  <testcase name="runMozillaTest[2006, js=testsrc/tests/js1_7/geniter/regress-351120.js, opt=-1]" classname="org.mozilla.javascript.tests.MozillaSuiteTest" time="0.013"/>
  <testcase name="runMozillaTest[2007, js=testsrc/tests/js1_7/geniter/regress-351514.js, opt=-1]" classname="org.mozilla.javascript.tests.MozillaSuiteTest" time="0.002"/>
  <testcase name="runMozillaTest[2008, js=testsrc/tests/js1_7/geniter/regress-352197.js, opt=-1]" classname="org.mozilla.javascript.tests.MozillaSuiteTest" time="0.014"/>
  <testcase name="runMozillaTest[2009, js=testsrc/tests/js1_7/geniter/regress-352605.js, opt=-1]" classname="org.mozilla.javascript.tests.MozillaSuiteTest" time="0.004"/>
  <testcase name="runMozillaTest[2010, js=testsrc/tests/js1_7/geniter/regress-352876.js, opt=-1]" classname="org.mozilla.javascript.tests.MozillaSuiteTest" time="0.014"/>
  <testcase name="runMozillaTest[2011, js=testsrc/tests/js1_7/geniter/regress-355834.js, opt=-1]" classname="org.mozilla.javascript.tests.MozillaSuiteTest" time="0.015"/>
  <testcase name="runMozillaTest[2012, js=testsrc/tests/js1_7/geniter/regress-359062.js, opt=-1]" classname="org.mozilla.javascript.tests.MozillaSuiteTest" time="0.003"/>
  <testcase name="runMozillaTest[2013, js=testsrc/tests/js1_7/geniter/regress-366941.js, opt=-1]" classname="org.mozilla.javascript.tests.MozillaSuiteTest" time="0.004"/>
  <testcase name="runMozillaTest[2014, js=testsrc/tests/js1_7/geniter/regress-382335.js, opt=-1]" classname="org.mozilla.javascript.tests.MozillaSuiteTest" time="0.01"/>
  <testcase name="runMozillaTest[2015, js=testsrc/tests/js1_7/geniter/regress-387871.js, opt=-1]" classname="org.mozilla.javascript.tests.MozillaSuiteTest" time="0.005"/>
  <testcase name="runMozillaTest[2016, js=testsrc/tests/js1_7/geniter/regress-390918.js, opt=-1]" classname="org.mozilla.javascript.tests.MozillaSuiteTest" time="0.373"/>
  <testcase name="runMozillaTest[2017, js=testsrc/tests/js1_7/geniter/regress-392310.js, opt=-1]" classname="org.mozilla.javascript.tests.MozillaSuiteTest" time="0.006"/>
  <testcase name="runMozillaTest[2018, js=testsrc/tests/js1_7/geniter/regress-466206.js, opt=-1]" classname="org.mozilla.javascript.tests.MozillaSuiteTest" time="0.13"/>
  <testcase name="runMozillaTest[2019, js=testsrc/tests/js1_7/geniter/send-no-rhs.js, opt=-1]" classname="org.mozilla.javascript.tests.MozillaSuiteTest" time="0.002"/>
  <testcase name="runMozillaTest[2020, js=testsrc/tests/js1_7/geniter/sequential-yields.js, opt=-1]" classname="org.mozilla.javascript.tests.MozillaSuiteTest" time="0.002"/>
  <testcase name="runMozillaTest[2021, js=testsrc/tests/js1_7/geniter/simple-fib.js, opt=-1]" classname="org.mozilla.javascript.tests.MozillaSuiteTest" time="0.007"/>
  <testcase name="runMozillaTest[2022, js=testsrc/tests/js1_7/geniter/throw-after-close.js, opt=-1]" classname="org.mozilla.javascript.tests.MozillaSuiteTest" time="0.002"/>
  <testcase name="runMozillaTest[2023, js=testsrc/tests/js1_7/geniter/throw-forever.js, opt=-1]" classname="org.mozilla.javascript.tests.MozillaSuiteTest" time="0.002"/>
  <testcase name="runMozillaTest[2024, js=testsrc/tests/js1_7/geniter/unreachable-yield.js, opt=-1]" classname="org.mozilla.javascript.tests.MozillaSuiteTest" time="0.017"/>
  <testcase name="runMozillaTest[2025, js=testsrc/tests/js1_7/geniter/yield-undefined.js, opt=-1]" classname="org.mozilla.javascript.tests.MozillaSuiteTest" time="0.001"/>
  <testcase name="runMozillaTest[2026, js=testsrc/tests/js1_7/iterable/regress-340526-01.js, opt=-1]" classname="org.mozilla.javascript.tests.MozillaSuiteTest" time="0.001"/>
  <testcase name="runMozillaTest[2027, js=testsrc/tests/js1_7/iterable/regress-341496.js, opt=-1]" classname="org.mozilla.javascript.tests.MozillaSuiteTest" time="0.098"/>
  <testcase name="runMozillaTest[2028, js=testsrc/tests/js1_7/iterable/regress-341499.js, opt=-1]" classname="org.mozilla.javascript.tests.MozillaSuiteTest" time="0.102"/>
  <testcase name="runMozillaTest[2029, js=testsrc/tests/js1_7/iterable/regress-341510.js, opt=-1]" classname="org.mozilla.javascript.tests.MozillaSuiteTest" time="0.111"/>
  <testcase name="runMozillaTest[2030, js=testsrc/tests/js1_7/iterable/regress-341815.js, opt=-1]" classname="org.mozilla.javascript.tests.MozillaSuiteTest" time="0.028"/>
  <testcase name="runMozillaTest[2031, js=testsrc/tests/js1_7/iterable/regress-341821.js, opt=-1]" classname="org.mozilla.javascript.tests.MozillaSuiteTest" time="0.002"/>
  <testcase name="runMozillaTest[2032, js=testsrc/tests/js1_7/iterable/regress-354750-01.js, opt=-1]" classname="org.mozilla.javascript.tests.MozillaSuiteTest" time="0.005"/>
  <testcase name="runMozillaTest[2033, js=testsrc/tests/js1_7/iterable/regress-355025.js, opt=-1]" classname="org.mozilla.javascript.tests.MozillaSuiteTest" time="0.001"/>
  <testcase name="runMozillaTest[2034, js=testsrc/tests/js1_7/iterable/regress-355075-01.js, opt=-1]" classname="org.mozilla.javascript.tests.MozillaSuiteTest" time="0.009"/>
  <testcase name="runMozillaTest[2035, js=testsrc/tests/js1_7/iterable/regress-355075-02.js, opt=-1]" classname="org.mozilla.javascript.tests.MozillaSuiteTest" time="0.002"/>
  <testcase name="runMozillaTest[2036, js=testsrc/tests/js1_7/iterable/regress-355090.js, opt=-1]" classname="org.mozilla.javascript.tests.MozillaSuiteTest" time="0.016"/>
  <testcase name="runMozillaTest[2037, js=testsrc/tests/js1_7/iterable/regress-412467.js, opt=-1]" classname="org.mozilla.javascript.tests.MozillaSuiteTest" time="0.002"/>
  <testcase name="runMozillaTest[2038, js=testsrc/tests/js1_7/iterable/regress-415922.js, opt=-1]" classname="org.mozilla.javascript.tests.MozillaSuiteTest" time="0.001"/>
  <testcase name="runMozillaTest[2039, js=testsrc/tests/js1_7/lexical/regress-346642-04.js, opt=-1]" classname="org.mozilla.javascript.tests.MozillaSuiteTest" time="0.024"/>
  <testcase name="runMozillaTest[2040, js=testsrc/tests/js1_7/regress/regress-352640-01.js, opt=-1]" classname="org.mozilla.javascript.tests.MozillaSuiteTest" time="0.002"/>
  <testcase name="runMozillaTest[2041, js=testsrc/tests/js1_7/regress/regress-352640-02.js, opt=-1]" classname="org.mozilla.javascript.tests.MozillaSuiteTest" time="0.031"/>
  <testcase name="runMozillaTest[2042, js=testsrc/tests/js1_7/regress/regress-352640-03.js, opt=-1]" classname="org.mozilla.javascript.tests.MozillaSuiteTest" time="0.012"/>
  <testcase name="runMozillaTest[2043, js=testsrc/tests/js1_7/regress/regress-352640-04.js, opt=-1]" classname="org.mozilla.javascript.tests.MozillaSuiteTest" time="0.01"/>
  <testcase name="runMozillaTest[2044, js=testsrc/tests/js1_7/regress/regress-352797-02.js, opt=-1]" classname="org.mozilla.javascript.tests.MozillaSuiteTest" time="0.002"/>
  <testcase name="runMozillaTest[2045, js=testsrc/tests/js1_7/regress/regress-352870-03.js, opt=-1]" classname="org.mozilla.javascript.tests.MozillaSuiteTest" time="0.013"/>
  <testcase name="runMozillaTest[2046, js=testsrc/tests/js1_7/regress/regress-353079.js, opt=-1]" classname="org.mozilla.javascript.tests.MozillaSuiteTest" time="0.003"/>
  <testcase name="runMozillaTest[2047, js=testsrc/tests/js1_7/regress/regress-355023.js, opt=-1]" classname="org.mozilla.javascript.tests.MozillaSuiteTest" time="0.017"/>
  <testcase name="runMozillaTest[2048, js=testsrc/tests/js1_7/regress/regress-355832-01.js, opt=-1]" classname="org.mozilla.javascript.tests.MozillaSuiteTest" time="0.001"/>
  <testcase name="runMozillaTest[2049, js=testsrc/tests/js1_7/regress/regress-355832-02.js, opt=-1]" classname="org.mozilla.javascript.tests.MozillaSuiteTest" time="0.001"/>
  <testcase name="runMozillaTest[2050, js=testsrc/tests/js1_7/regress/regress-361566.js, opt=-1]" classname="org.mozilla.javascript.tests.MozillaSuiteTest" time="0.009"/>
  <testcase name="runMozillaTest[2051, js=testsrc/tests/js1_7/regress/regress-363040-02.js, opt=-1]" classname="org.mozilla.javascript.tests.MozillaSuiteTest" time="0.033"/>
  <testcase name="runMozillaTest[2052, js=testsrc/tests/js1_7/regress/regress-369666-01.js, opt=-1]" classname="org.mozilla.javascript.tests.MozillaSuiteTest" time="0.01"/>
  <testcase name="runMozillaTest[2053, js=testsrc/tests/js1_7/regress/regress-369666-02.js, opt=-1]" classname="org.mozilla.javascript.tests.MozillaSuiteTest" time="0.002"/>
  <testcase name="runMozillaTest[2054, js=testsrc/tests/js1_7/regress/regress-372331.js, opt=-1]" classname="org.mozilla.javascript.tests.MozillaSuiteTest" time="0.001"/>
  <testcase name="runMozillaTest[2055, js=testsrc/tests/js1_7/regress/regress-373827-01.js, opt=-1]" classname="org.mozilla.javascript.tests.MozillaSuiteTest" time="0.001"/>
  <testcase name="runMozillaTest[2056, js=testsrc/tests/js1_7/regress/regress-373827-02.js, opt=-1]" classname="org.mozilla.javascript.tests.MozillaSuiteTest" time="0.015"/>
  <testcase name="runMozillaTest[2057, js=testsrc/tests/js1_7/regress/regress-373828.js, opt=-1]" classname="org.mozilla.javascript.tests.MozillaSuiteTest" time="0.002"/>
  <testcase name="runMozillaTest[2058, js=testsrc/tests/js1_7/regress/regress-379442.js, opt=-1]" classname="org.mozilla.javascript.tests.MozillaSuiteTest" time="0.017"/>
  <testcase name="runMozillaTest[2059, js=testsrc/tests/js1_7/regress/regress-385393-05.js, opt=-1]" classname="org.mozilla.javascript.tests.MozillaSuiteTest" time="0.009"/>
  <testcase name="runMozillaTest[2060, js=testsrc/tests/js1_7/regress/regress-387951.js, opt=-1]" classname="org.mozilla.javascript.tests.MozillaSuiteTest" time="0.013"/>
  <testcase name="runMozillaTest[2061, js=testsrc/tests/js1_7/regress/regress-407727-01.js, opt=-1]" classname="org.mozilla.javascript.tests.MozillaSuiteTest" time="0.019"/>
  <testcase name="runMozillaTest[2062, js=testsrc/tests/js1_7/regress/regress-407727-02.js, opt=-1]" classname="org.mozilla.javascript.tests.MozillaSuiteTest" time="0.021"/>
  <testcase name="runMozillaTest[2063, js=testsrc/tests/js1_7/regress/regress-407957.js, opt=-1]" classname="org.mozilla.javascript.tests.MozillaSuiteTest" time="0.001"/>
  <testcase name="runMozillaTest[2064, js=testsrc/tests/js1_7/regress/regress-414553.js, opt=-1]" classname="org.mozilla.javascript.tests.MozillaSuiteTest" time="0.001"/>
  <testcase name="runMozillaTest[2065, js=testsrc/tests/js1_7/regress/regress-416601.js, opt=-1]" classname="org.mozilla.javascript.tests.MozillaSuiteTest" time="0.001"/>
  <testcase name="runMozillaTest[2066, js=testsrc/tests/js1_7/regress/regress-416705.js, opt=-1]" classname="org.mozilla.javascript.tests.MozillaSuiteTest" time="0.005"/>
  <testcase name="runMozillaTest[2067, js=testsrc/tests/js1_7/regress/regress-418641.js, opt=-1]" classname="org.mozilla.javascript.tests.MozillaSuiteTest" time="0.022"/>
  <testcase name="runMozillaTest[2068, js=testsrc/tests/js1_7/regress/regress-419803.js, opt=-1]" classname="org.mozilla.javascript.tests.MozillaSuiteTest" time="0.007"/>
  <testcase name="runMozillaTest[2069, js=testsrc/tests/js1_7/regress/regress-428706.js, opt=-1]" classname="org.mozilla.javascript.tests.MozillaSuiteTest" time="0.016"/>
  <testcase name="runMozillaTest[2070, js=testsrc/tests/js1_7/regress/regress-428708.js, opt=-1]" classname="org.mozilla.javascript.tests.MozillaSuiteTest" time="0.013"/>
  <testcase name="runMozillaTest[2071, js=testsrc/tests/js1_7/regress/regress-452703.js, opt=-1]" classname="org.mozilla.javascript.tests.MozillaSuiteTest" time="0.002"/>
  <testcase name="runMozillaTest[2072, js=testsrc/tests/js1_7/regress/regress-452960.js, opt=-1]" classname="org.mozilla.javascript.tests.MozillaSuiteTest" time="0.028"/>
  <testcase name="runMozillaTest[2073, js=testsrc/tests/js1_7/regress/regress-453049.js, opt=-1]" classname="org.mozilla.javascript.tests.MozillaSuiteTest" time="0.002"/>
  <testcase name="runMozillaTest[2074, js=testsrc/tests/js1_7/regress/regress-453051.js, opt=-1]" classname="org.mozilla.javascript.tests.MozillaSuiteTest" time="0.001"/>
  <testcase name="runMozillaTest[2075, js=testsrc/tests/js1_7/regress/regress-453411.js, opt=-1]" classname="org.mozilla.javascript.tests.MozillaSuiteTest" time="0.001"/>
  <testcase name="runMozillaTest[2076, js=testsrc/tests/js1_7/regress/regress-461235.js, opt=-1]" classname="org.mozilla.javascript.tests.MozillaSuiteTest" time="0.001"/>
  <testcase name="runMozillaTest[2077, js=testsrc/tests/js1_7/regress/regress-461945.js, opt=-1]" classname="org.mozilla.javascript.tests.MozillaSuiteTest" time="0.002"/>
  <testcase name="runMozillaTest[2078, js=testsrc/tests/js1_7/regress/regress-462071.js, opt=-1]" classname="org.mozilla.javascript.tests.MozillaSuiteTest" time="0.014"/>
  <testcase name="runMozillaTest[2079, js=testsrc/tests/js1_7/regress/regress-462282.js, opt=-1]" classname="org.mozilla.javascript.tests.MozillaSuiteTest" time="0.014"/>
  <testcase name="runMozillaTest[2080, js=testsrc/tests/js1_7/regress/regress-462388.js, opt=-1]" classname="org.mozilla.javascript.tests.MozillaSuiteTest" time="0.007"/>
  <testcase name="runMozillaTest[2081, js=testsrc/tests/js1_7/regress/regress-462407.js, opt=-1]" classname="org.mozilla.javascript.tests.MozillaSuiteTest" time="0.002"/>
  <testcase name="runMozillaTest[2082, js=testsrc/tests/js1_7/regress/regress-464403.js, opt=-1]" classname="org.mozilla.javascript.tests.MozillaSuiteTest" time="0.001"/>
  <testcase name="runMozillaTest[2083, js=testsrc/tests/js1_7/regress/regress-465236.js, opt=-1]" classname="org.mozilla.javascript.tests.MozillaSuiteTest" time="0.014"/>
  <testcase name="runMozillaTest[2084, js=testsrc/tests/js1_7/regress/regress-465424.js, opt=-1]" classname="org.mozilla.javascript.tests.MozillaSuiteTest" time="0.032"/>
  <testcase name="runMozillaTest[2085, js=testsrc/tests/js1_7/regress/regress-465484.js, opt=-1]" classname="org.mozilla.javascript.tests.MozillaSuiteTest" time="0.002"/>
  <testcase name="runMozillaTest[2086, js=testsrc/tests/js1_7/regress/regress-465686.js, opt=-1]" classname="org.mozilla.javascript.tests.MozillaSuiteTest" time="0.009"/>
  <testcase name="runMozillaTest[2087, js=testsrc/tests/js1_7/regress/regress-469239-01.js, opt=-1]" classname="org.mozilla.javascript.tests.MozillaSuiteTest" time="0.002"/>
  <testcase name="runMozillaTest[2088, js=testsrc/tests/js1_7/regress/regress-469239-02.js, opt=-1]" classname="org.mozilla.javascript.tests.MozillaSuiteTest" time="0.007"/>
  <testcase name="runMozillaTest[2089, js=testsrc/tests/js1_7/regress/regress-470223.js, opt=-1]" classname="org.mozilla.javascript.tests.MozillaSuiteTest" time="0.001"/>
  <testcase name="runMozillaTest[2090, js=testsrc/tests/js1_7/regress/regress-470388-01.js, opt=-1]" classname="org.mozilla.javascript.tests.MozillaSuiteTest" time="0.018"/>
  <testcase name="runMozillaTest[2091, js=testsrc/tests/js1_7/regress/regress-470388-02.js, opt=-1]" classname="org.mozilla.javascript.tests.MozillaSuiteTest" time="0.002"/>
  <testcase name="runMozillaTest[2092, js=testsrc/tests/js1_7/regress/regress-470388-03.js, opt=-1]" classname="org.mozilla.javascript.tests.MozillaSuiteTest" time="0.001"/>
  <testcase name="runMozillaTest[2093, js=testsrc/tests/js1_7/regress/regress-474771.js, opt=-1]" classname="org.mozilla.javascript.tests.MozillaSuiteTest" time="0.002"/>
  <testcase name="runMozillaTest[2094, js=testsrc/tests/js1_8/decompilation/regress-260106.js, opt=-1]" classname="org.mozilla.javascript.tests.MozillaSuiteTest" time="0.022"/>
  <testcase name="runMozillaTest[2095, js=testsrc/tests/js1_8/decompilation/regress-381504.js, opt=-1]" classname="org.mozilla.javascript.tests.MozillaSuiteTest" time="0.03"/>
  <testcase name="runMozillaTest[2096, js=testsrc/tests/js1_8/decompilation/regress-461233.js, opt=-1]" classname="org.mozilla.javascript.tests.MozillaSuiteTest" time="0.003"/>
  <testcase name="runMozillaTest[2097, js=testsrc/tests/js1_8/decompilation/regress-469625-01.js, opt=-1]" classname="org.mozilla.javascript.tests.MozillaSuiteTest" time="0.009"/>
  <testcase name="runMozillaTest[2098, js=testsrc/tests/js1_8/extensions/dekker.js, opt=-1]" classname="org.mozilla.javascript.tests.MozillaSuiteTest" time="0.002"/>
  <testcase name="runMozillaTest[2099, js=testsrc/tests/js1_8/extensions/for-in.js, opt=-1]" classname="org.mozilla.javascript.tests.MozillaSuiteTest" time="0.001"/>
  <testcase name="runMozillaTest[2100, js=testsrc/tests/js1_8/extensions/lamport.js, opt=-1]" classname="org.mozilla.javascript.tests.MozillaSuiteTest" time="0.017"/>
  <testcase name="runMozillaTest[2101, js=testsrc/tests/js1_8/extensions/peterson.js, opt=-1]" classname="org.mozilla.javascript.tests.MozillaSuiteTest" time="0.002"/>
  <testcase name="runMozillaTest[2102, js=testsrc/tests/js1_8/extensions/regress-378789.js, opt=-1]" classname="org.mozilla.javascript.tests.MozillaSuiteTest" time="0.001"/>
  <testcase name="runMozillaTest[2103, js=testsrc/tests/js1_8/extensions/regress-385393-01.js, opt=-1]" classname="org.mozilla.javascript.tests.MozillaSuiteTest" time="0.013"/>
  <testcase name="runMozillaTest[2104, js=testsrc/tests/js1_8/extensions/regress-385393-10.js, opt=-1]" classname="org.mozilla.javascript.tests.MozillaSuiteTest" time="0.026"/>
  <testcase name="runMozillaTest[2105, js=testsrc/tests/js1_8/extensions/regress-385393-11.js, opt=-1]" classname="org.mozilla.javascript.tests.MozillaSuiteTest" time="0.033"/>
  <testcase name="runMozillaTest[2106, js=testsrc/tests/js1_8/extensions/regress-415721.js, opt=-1]" classname="org.mozilla.javascript.tests.MozillaSuiteTest" time="0.005"/>
  <testcase name="runMozillaTest[2107, js=testsrc/tests/js1_8/extensions/regress-417131.js, opt=-1]" classname="org.mozilla.javascript.tests.MozillaSuiteTest" time="3.26"/>
  <testcase name="runMozillaTest[2108, js=testsrc/tests/js1_8/extensions/regress-417817.js, opt=-1]" classname="org.mozilla.javascript.tests.MozillaSuiteTest" time="0.003"/>
  <testcase name="runMozillaTest[2109, js=testsrc/tests/js1_8/extensions/regress-419091.js, opt=-1]" classname="org.mozilla.javascript.tests.MozillaSuiteTest" time="0.001"/>
  <testcase name="runMozillaTest[2110, js=testsrc/tests/js1_8/extensions/regress-422269.js, opt=-1]" classname="org.mozilla.javascript.tests.MozillaSuiteTest" time="0.001"/>
  <testcase name="runMozillaTest[2111, js=testsrc/tests/js1_8/extensions/regress-445818.js, opt=-1]" classname="org.mozilla.javascript.tests.MozillaSuiteTest" time="0.012"/>
  <testcase name="runMozillaTest[2112, js=testsrc/tests/js1_8/extensions/regress-446169-01.js, opt=-1]" classname="org.mozilla.javascript.tests.MozillaSuiteTest" time="0.002"/>
  <testcase name="runMozillaTest[2113, js=testsrc/tests/js1_8/extensions/regress-446169-02.js, opt=-1]" classname="org.mozilla.javascript.tests.MozillaSuiteTest" time="0.77"/>
  <testcase name="runMozillaTest[2114, js=testsrc/tests/js1_8/extensions/regress-452476.js, opt=-1]" classname="org.mozilla.javascript.tests.MozillaSuiteTest" time="0.026"/>
  <testcase name="runMozillaTest[2115, js=testsrc/tests/js1_8/extensions/regress-452913.js, opt=-1]" classname="org.mozilla.javascript.tests.MozillaSuiteTest" time="0.002"/>
  <testcase name="runMozillaTest[2116, js=testsrc/tests/js1_8/extensions/regress-454744.js, opt=-1]" classname="org.mozilla.javascript.tests.MozillaSuiteTest" time="0.007"/>
  <testcase name="runMozillaTest[2117, js=testsrc/tests/js1_8/extensions/regress-455973.js, opt=-1]" classname="org.mozilla.javascript.tests.MozillaSuiteTest" time="0.01"/>
  <testcase name="runMozillaTest[2118, js=testsrc/tests/js1_8/extensions/regress-465337.js, opt=-1]" classname="org.mozilla.javascript.tests.MozillaSuiteTest" time="0.012"/>
  <testcase name="runMozillaTest[2119, js=testsrc/tests/js1_8/extensions/regress-471197.js, opt=-1]" classname="org.mozilla.javascript.tests.MozillaSuiteTest" time="0.019"/>
  <testcase name="runMozillaTest[2120, js=testsrc/tests/js1_8/extensions/regress-475971.js, opt=-1]" classname="org.mozilla.javascript.tests.MozillaSuiteTest" time="0.013"/>
  <testcase name="runMozillaTest[2121, js=testsrc/tests/js1_8/extensions/regress-476427.js, opt=-1]" classname="org.mozilla.javascript.tests.MozillaSuiteTest" time="7.251"/>
  <testcase name="runMozillaTest[2122, js=testsrc/tests/js1_8/extensions/regress-476653.js, opt=-1]" classname="org.mozilla.javascript.tests.MozillaSuiteTest" time="0.01"/>
  <testcase name="runMozillaTest[2123, js=testsrc/tests/js1_8/extensions/regress-476871-02.js, opt=-1]" classname="org.mozilla.javascript.tests.MozillaSuiteTest" time="0.007"/>
  <testcase name="runMozillaTest[2124, js=testsrc/tests/js1_8/extensions/regress-479252.js, opt=-1]" classname="org.mozilla.javascript.tests.MozillaSuiteTest" time="0.021"/>
  <testcase name="runMozillaTest[2125, js=testsrc/tests/js1_8/extensions/regress-479381.js, opt=-1]" classname="org.mozilla.javascript.tests.MozillaSuiteTest" time="0.016"/>
  <testcase name="runMozillaTest[2126, js=testsrc/tests/js1_8/extensions/simple-tree.js, opt=-1]" classname="org.mozilla.javascript.tests.MozillaSuiteTest" time="0.002"/>
  <testcase name="runMozillaTest[2127, js=testsrc/tests/js1_8/genexps/regress-347739.js, opt=-1]" classname="org.mozilla.javascript.tests.MozillaSuiteTest" time="0.003"/>
  <testcase name="runMozillaTest[2128, js=testsrc/tests/js1_8/regress/regress-404734.js, opt=-1]" classname="org.mozilla.javascript.tests.MozillaSuiteTest" time="0.001"/>
  <testcase name="runMozillaTest[2129, js=testsrc/tests/js1_8/regress/regress-427798.js, opt=-1]" classname="org.mozilla.javascript.tests.MozillaSuiteTest" time="1.113"/>
  <testcase name="runMozillaTest[2130, js=testsrc/tests/js1_8/regress/regress-433279-01.js, opt=-1]" classname="org.mozilla.javascript.tests.MozillaSuiteTest" time="0.011"/>
  <testcase name="runMozillaTest[2131, js=testsrc/tests/js1_8/regress/regress-433279-02.js, opt=-1]" classname="org.mozilla.javascript.tests.MozillaSuiteTest" time="0.002"/>
  <testcase name="runMozillaTest[2132, js=testsrc/tests/js1_8/regress/regress-433279-03.js, opt=-1]" classname="org.mozilla.javascript.tests.MozillaSuiteTest" time="0.001"/>
  <testcase name="runMozillaTest[2133, js=testsrc/tests/js1_8/regress/regress-452491.js, opt=-1]" classname="org.mozilla.javascript.tests.MozillaSuiteTest" time="0.001"/>
  <testcase name="runMozillaTest[2134, js=testsrc/tests/js1_8/regress/regress-457065-01.js, opt=-1]" classname="org.mozilla.javascript.tests.MozillaSuiteTest" time="0.001"/>
  <testcase name="runMozillaTest[2135, js=testsrc/tests/js1_8/regress/regress-457065-02.js, opt=-1]" classname="org.mozilla.javascript.tests.MozillaSuiteTest" time="0.011"/>
  <testcase name="runMozillaTest[2136, js=testsrc/tests/js1_8/regress/regress-458076.js, opt=-1]" classname="org.mozilla.javascript.tests.MozillaSuiteTest" time="0.003"/>
  <testcase name="runMozillaTest[2137, js=testsrc/tests/js1_8/regress/regress-459389.js, opt=-1]" classname="org.mozilla.javascript.tests.MozillaSuiteTest" time="0.015"/>
  <testcase name="runMozillaTest[2138, js=testsrc/tests/js1_8/regress/regress-461930.js, opt=-1]" classname="org.mozilla.javascript.tests.MozillaSuiteTest" time="0.341"/>
  <testcase name="runMozillaTest[2139, js=testsrc/tests/js1_8/regress/regress-461932.js, opt=-1]" classname="org.mozilla.javascript.tests.MozillaSuiteTest" time="0.003"/>
  <testcase name="runMozillaTest[2140, js=testsrc/tests/js1_8/regress/regress-463334-01.js, opt=-1]" classname="org.mozilla.javascript.tests.MozillaSuiteTest" time="0.001"/>
  <testcase name="runMozillaTest[2141, js=testsrc/tests/js1_8/regress/regress-463334-02.js, opt=-1]" classname="org.mozilla.javascript.tests.MozillaSuiteTest" time="0.001"/>
  <testcase name="runMozillaTest[2142, js=testsrc/tests/js1_8/regress/regress-463783.js, opt=-1]" classname="org.mozilla.javascript.tests.MozillaSuiteTest" time="0.008"/>
  <testcase name="runMozillaTest[2143, js=testsrc/tests/js1_8/regress/regress-464092-01.js, opt=-1]" classname="org.mozilla.javascript.tests.MozillaSuiteTest" time="0.001"/>
  <testcase name="runMozillaTest[2144, js=testsrc/tests/js1_8/regress/regress-464092-02.js, opt=-1]" classname="org.mozilla.javascript.tests.MozillaSuiteTest" time="0.001"/>
  <testcase name="runMozillaTest[2145, js=testsrc/tests/js1_8/regress/regress-464096.js, opt=-1]" classname="org.mozilla.javascript.tests.MozillaSuiteTest" time="0.086"/>
  <testcase name="runMozillaTest[2146, js=testsrc/tests/js1_8/regress/regress-464418.js, opt=-1]" classname="org.mozilla.javascript.tests.MozillaSuiteTest" time="0.012"/>
  <testcase name="runMozillaTest[2147, js=testsrc/tests/js1_8/regress/regress-464978.js, opt=-1]" classname="org.mozilla.javascript.tests.MozillaSuiteTest" time="0.001"/>
  <testcase name="runMozillaTest[2148, js=testsrc/tests/js1_8/regress/regress-465220.js, opt=-1]" classname="org.mozilla.javascript.tests.MozillaSuiteTest" time="0.008"/>
  <testcase name="runMozillaTest[2149, js=testsrc/tests/js1_8/regress/regress-465234.js, opt=-1]" classname="org.mozilla.javascript.tests.MozillaSuiteTest" time="0.012"/>
  <testcase name="runMozillaTest[2150, js=testsrc/tests/js1_8/regress/regress-465239.js, opt=-1]" classname="org.mozilla.javascript.tests.MozillaSuiteTest" time="0.001"/>
  <testcase name="runMozillaTest[2151, js=testsrc/tests/js1_8/regress/regress-465241.js, opt=-1]" classname="org.mozilla.javascript.tests.MozillaSuiteTest" time="0.001"/>
  <testcase name="runMozillaTest[2152, js=testsrc/tests/js1_8/regress/regress-465249.js, opt=-1]" classname="org.mozilla.javascript.tests.MozillaSuiteTest" time="0.001"/>
  <testcase name="runMozillaTest[2153, js=testsrc/tests/js1_8/regress/regress-465261.js, opt=-1]" classname="org.mozilla.javascript.tests.MozillaSuiteTest" time="0.001"/>
  <testcase name="runMozillaTest[2154, js=testsrc/tests/js1_8/regress/regress-465308.js, opt=-1]" classname="org.mozilla.javascript.tests.MozillaSuiteTest" time="0.001"/>
  <testcase name="runMozillaTest[2155, js=testsrc/tests/js1_8/regress/regress-465454.js, opt=-1]" classname="org.mozilla.javascript.tests.MozillaSuiteTest" time="0.004"/>
  <testcase name="runMozillaTest[2156, js=testsrc/tests/js1_8/regress/regress-465460-01.js, opt=-1]" classname="org.mozilla.javascript.tests.MozillaSuiteTest" time="0.003"/>
  <testcase name="runMozillaTest[2157, js=testsrc/tests/js1_8/regress/regress-465460-02.js, opt=-1]" classname="org.mozilla.javascript.tests.MozillaSuiteTest" time="0.007"/>
  <testcase name="runMozillaTest[2158, js=testsrc/tests/js1_8/regress/regress-465460-03.js, opt=-1]" classname="org.mozilla.javascript.tests.MozillaSuiteTest" time="0.011"/>
  <testcase name="runMozillaTest[2159, js=testsrc/tests/js1_8/regress/regress-465460-04.js, opt=-1]" classname="org.mozilla.javascript.tests.MozillaSuiteTest" time="0.027"/>
  <testcase name="runMozillaTest[2160, js=testsrc/tests/js1_8/regress/regress-465460-05.js, opt=-1]" classname="org.mozilla.javascript.tests.MozillaSuiteTest" time="0.002"/>
  <testcase name="runMozillaTest[2161, js=testsrc/tests/js1_8/regress/regress-465460-06.js, opt=-1]" classname="org.mozilla.javascript.tests.MozillaSuiteTest" time="0.001"/>
  <testcase name="runMozillaTest[2162, js=testsrc/tests/js1_8/regress/regress-465460-07.js, opt=-1]" classname="org.mozilla.javascript.tests.MozillaSuiteTest" time="0.004"/>
  <testcase name="runMozillaTest[2163, js=testsrc/tests/js1_8/regress/regress-465460-08.js, opt=-1]" classname="org.mozilla.javascript.tests.MozillaSuiteTest" time="0.004"/>
  <testcase name="runMozillaTest[2164, js=testsrc/tests/js1_8/regress/regress-465460-09.js, opt=-1]" classname="org.mozilla.javascript.tests.MozillaSuiteTest" time="0.001"/>
  <testcase name="runMozillaTest[2165, js=testsrc/tests/js1_8/regress/regress-465460-10.js, opt=-1]" classname="org.mozilla.javascript.tests.MozillaSuiteTest" time="0.008"/>
  <testcase name="runMozillaTest[2166, js=testsrc/tests/js1_8/regress/regress-465460-11.js, opt=-1]" classname="org.mozilla.javascript.tests.MozillaSuiteTest" time="0.001"/>
  <testcase name="runMozillaTest[2167, js=testsrc/tests/js1_8/regress/regress-465460-12.js, opt=-1]" classname="org.mozilla.javascript.tests.MozillaSuiteTest" time="0.002"/>
  <testcase name="runMozillaTest[2168, js=testsrc/tests/js1_8/regress/regress-465483.js, opt=-1]" classname="org.mozilla.javascript.tests.MozillaSuiteTest" time="0.006"/>
  <testcase name="runMozillaTest[2169, js=testsrc/tests/js1_8/regress/regress-465567-01.js, opt=-1]" classname="org.mozilla.javascript.tests.MozillaSuiteTest" time="0.001"/>
  <testcase name="runMozillaTest[2170, js=testsrc/tests/js1_8/regress/regress-465567-02.js, opt=-1]" classname="org.mozilla.javascript.tests.MozillaSuiteTest" time="0.001"/>
  <testcase name="runMozillaTest[2171, js=testsrc/tests/js1_8/regress/regress-465688.js, opt=-1]" classname="org.mozilla.javascript.tests.MozillaSuiteTest" time="0.001"/>
  <testcase name="runMozillaTest[2172, js=testsrc/tests/js1_8/regress/regress-466128.js, opt=-1]" classname="org.mozilla.javascript.tests.MozillaSuiteTest" time="0.007"/>
  <testcase name="runMozillaTest[2173, js=testsrc/tests/js1_8/regress/regress-466787.js, opt=-1]" classname="org.mozilla.javascript.tests.MozillaSuiteTest" time="0.001"/>
  <testcase name="runMozillaTest[2174, js=testsrc/tests/js1_8/regress/regress-467495-01.js, opt=-1]" classname="org.mozilla.javascript.tests.MozillaSuiteTest" time="0.002"/>
  <testcase name="runMozillaTest[2175, js=testsrc/tests/js1_8/regress/regress-467495-02.js, opt=-1]" classname="org.mozilla.javascript.tests.MozillaSuiteTest" time="0.011"/>
  <testcase name="runMozillaTest[2176, js=testsrc/tests/js1_8/regress/regress-467495-04.js, opt=-1]" classname="org.mozilla.javascript.tests.MozillaSuiteTest" time="0.011"/>
  <testcase name="runMozillaTest[2177, js=testsrc/tests/js1_8/regress/regress-467495-06.js, opt=-1]" classname="org.mozilla.javascript.tests.MozillaSuiteTest" time="0.016"/>
  <testcase name="runMozillaTest[2178, js=testsrc/tests/js1_8/regress/regress-468711.js, opt=-1]" classname="org.mozilla.javascript.tests.MozillaSuiteTest" time="0.017"/>
  <testcase name="runMozillaTest[2179, js=testsrc/tests/js1_8/regress/regress-469547.js, opt=-1]" classname="org.mozilla.javascript.tests.MozillaSuiteTest" time="0.001"/>
  <testcase name="runMozillaTest[2180, js=testsrc/tests/js1_8/regress/regress-469625-02.js, opt=-1]" classname="org.mozilla.javascript.tests.MozillaSuiteTest" time="0.001"/>
  <testcase name="runMozillaTest[2181, js=testsrc/tests/js1_8/regress/regress-471660.js, opt=-1]" classname="org.mozilla.javascript.tests.MozillaSuiteTest" time="0.004"/>
  <testcase name="runMozillaTest[2182, js=testsrc/tests/js1_8/regress/regress-472450-01.js, opt=-1]" classname="org.mozilla.javascript.tests.MozillaSuiteTest" time="0.023"/>
  <testcase name="runMozillaTest[2183, js=testsrc/tests/js1_8/regress/regress-472450-02.js, opt=-1]" classname="org.mozilla.javascript.tests.MozillaSuiteTest" time="0.001"/>
  <testcase name="runMozillaTest[2184, js=testsrc/tests/js1_8/regress/regress-472528-01.js, opt=-1]" classname="org.mozilla.javascript.tests.MozillaSuiteTest" time="0.001"/>
  <testcase name="runMozillaTest[2185, js=testsrc/tests/js1_8/regress/regress-472528-02.js, opt=-1]" classname="org.mozilla.javascript.tests.MozillaSuiteTest" time="0.001"/>
  <testcase name="runMozillaTest[2186, js=testsrc/tests/js1_8/regress/regress-472703.js, opt=-1]" classname="org.mozilla.javascript.tests.MozillaSuiteTest" time="0.017"/>
  <testcase name="runMozillaTest[2187, js=testsrc/tests/js1_8/regress/regress-474769.js, opt=-1]" classname="org.mozilla.javascript.tests.MozillaSuiteTest" time="0.001"/>
  <testcase name="runMozillaTest[2188, js=testsrc/tests/js1_8/regress/regress-474771.js, opt=-1]" classname="org.mozilla.javascript.tests.MozillaSuiteTest" time="0.008"/>
  <testcase name="runMozillaTest[2189, js=testsrc/tests/js1_8/regress/regress-474935.js, opt=-1]" classname="org.mozilla.javascript.tests.MozillaSuiteTest" time="0.014"/>
  <testcase name="runMozillaTest[2190, js=testsrc/tests/js1_8/regress/regress-476655.js, opt=-1]" classname="org.mozilla.javascript.tests.MozillaSuiteTest" time="0.01"/>
  <testcase name="runMozillaTest[2191, js=testsrc/tests/js1_8/regress/regress-477581.js, opt=-1]" classname="org.mozilla.javascript.tests.MozillaSuiteTest" time="0.017"/>
  <testcase name="runMozillaTest[2192, js=testsrc/tests/js1_8/regress/regress-478205.js, opt=-1]" classname="org.mozilla.javascript.tests.MozillaSuiteTest" time="0.014"/>
  <testcase name="runMozillaTest[2193, js=testsrc/tests/js1_8/regress/regress-479353.js, opt=-1]" classname="org.mozilla.javascript.tests.MozillaSuiteTest" time="0.007"/>
  <testcase name="runMozillaTest[2194, js=testsrc/tests/js1_8/regress/regress-479740.js, opt=-1]" classname="org.mozilla.javascript.tests.MozillaSuiteTest" time="0.009"/>
  <testcase name="runMozillaTest[2195, js=testsrc/tests/js1_8/regress/regress-481800.js, opt=-1]" classname="org.mozilla.javascript.tests.MozillaSuiteTest" time="0.001"/>
  <testcase name="runMozillaTest[2196, js=testsrc/tests/js1_8/regress/regress-483749.js, opt=-1]" classname="org.mozilla.javascript.tests.MozillaSuiteTest" time="0.015"/>
  <testcase name="runMozillaTest[2197, js=testsrc/tests/js1_8_1/JSON/regress-458959.js, opt=-1]" classname="org.mozilla.javascript.tests.MozillaSuiteTest" time="0.003"/>
  <testcase name="runMozillaTest[2198, js=testsrc/tests/js1_8_1/JSON/regress-459293.js, opt=-1]" classname="org.mozilla.javascript.tests.MozillaSuiteTest" time="0.007"/>
  <testcase name="runMozillaTest[2199, js=testsrc/tests/js1_8_1/decompilation/regress-371802.js, opt=-1]" classname="org.mozilla.javascript.tests.MozillaSuiteTest" time="0.017"/>
  <testcase name="runMozillaTest[2200, js=testsrc/tests/js1_8_1/extensions/regress-466905-04.js, opt=-1]" classname="org.mozilla.javascript.tests.MozillaSuiteTest" time="0.002"/>
  <testcase name="runMozillaTest[2201, js=testsrc/tests/js1_8_1/extensions/regress-466905-05.js, opt=-1]" classname="org.mozilla.javascript.tests.MozillaSuiteTest" time="0.001"/>
  <testcase name="runMozillaTest[2202, js=testsrc/tests/js1_8_1/extensions/regress-477158.js, opt=-1]" classname="org.mozilla.javascript.tests.MozillaSuiteTest" time="0.002"/>
  <testcase name="runMozillaTest[2203, js=testsrc/tests/js1_8_1/extensions/regress-477187.js, opt=-1]" classname="org.mozilla.javascript.tests.MozillaSuiteTest" time="0.01"/>
  <testcase name="runMozillaTest[2204, js=testsrc/tests/js1_8_1/regress/regress-452498-006.js, opt=-1]" classname="org.mozilla.javascript.tests.MozillaSuiteTest" time="0.026"/>
  <testcase name="runMozillaTest[2205, js=testsrc/tests/js1_8_1/regress/regress-452498-027.js, opt=-1]" classname="org.mozilla.javascript.tests.MozillaSuiteTest" time="0.001"/>
  <testcase name="runMozillaTest[2206, js=testsrc/tests/js1_8_1/regress/regress-452498-030.js, opt=-1]" classname="org.mozilla.javascript.tests.MozillaSuiteTest" time="0.004"/>
  <testcase name="runMozillaTest[2207, js=testsrc/tests/js1_8_1/regress/regress-452498-038.js, opt=-1]" classname="org.mozilla.javascript.tests.MozillaSuiteTest" time="0.001"/>
  <testcase name="runMozillaTest[2208, js=testsrc/tests/js1_8_1/regress/regress-452498-040.js, opt=-1]" classname="org.mozilla.javascript.tests.MozillaSuiteTest" time="0.001"/>
  <testcase name="runMozillaTest[2209, js=testsrc/tests/js1_8_1/regress/regress-452498-050.js, opt=-1]" classname="org.mozilla.javascript.tests.MozillaSuiteTest" time="0.028"/>
  <testcase name="runMozillaTest[2210, js=testsrc/tests/js1_8_1/regress/regress-452498-051.js, opt=-1]" classname="org.mozilla.javascript.tests.MozillaSuiteTest" time="0.002"/>
  <testcase name="runMozillaTest[2211, js=testsrc/tests/js1_8_1/regress/regress-452498-052-a.js, opt=-1]" classname="org.mozilla.javascript.tests.MozillaSuiteTest" time="0.001"/>
  <testcase name="runMozillaTest[2212, js=testsrc/tests/js1_8_1/regress/regress-452498-058.js, opt=-1]" classname="org.mozilla.javascript.tests.MozillaSuiteTest" time="0.001"/>
  <testcase name="runMozillaTest[2213, js=testsrc/tests/js1_8_1/regress/regress-452498-062.js, opt=-1]" classname="org.mozilla.javascript.tests.MozillaSuiteTest" time="0.001"/>
  <testcase name="runMozillaTest[2214, js=testsrc/tests/js1_8_1/regress/regress-452498-063.js, opt=-1]" classname="org.mozilla.javascript.tests.MozillaSuiteTest" time="0.001"/>
  <testcase name="runMozillaTest[2215, js=testsrc/tests/js1_8_1/regress/regress-452498-071.js, opt=-1]" classname="org.mozilla.javascript.tests.MozillaSuiteTest" time="0.008"/>
  <testcase name="runMozillaTest[2216, js=testsrc/tests/js1_8_1/regress/regress-452498-072.js, opt=-1]" classname="org.mozilla.javascript.tests.MozillaSuiteTest" time="0.014"/>
  <testcase name="runMozillaTest[2217, js=testsrc/tests/js1_8_1/regress/regress-452498-073.js, opt=-1]" classname="org.mozilla.javascript.tests.MozillaSuiteTest" time="0.004"/>
  <testcase name="runMozillaTest[2218, js=testsrc/tests/js1_8_1/regress/regress-452498-074.js, opt=-1]" classname="org.mozilla.javascript.tests.MozillaSuiteTest" time="0.024"/>
  <testcase name="runMozillaTest[2219, js=testsrc/tests/js1_8_1/regress/regress-452498-075.js, opt=-1]" classname="org.mozilla.javascript.tests.MozillaSuiteTest" time="0.001"/>
  <testcase name="runMozillaTest[2220, js=testsrc/tests/js1_8_1/regress/regress-452498-076.js, opt=-1]" classname="org.mozilla.javascript.tests.MozillaSuiteTest" time="0.0"/>
  <testcase name="runMozillaTest[2221, js=testsrc/tests/js1_8_1/regress/regress-452498-077.js, opt=-1]" classname="org.mozilla.javascript.tests.MozillaSuiteTest" time="0.001"/>
  <testcase name="runMozillaTest[2222, js=testsrc/tests/js1_8_1/regress/regress-452498-079.js, opt=-1]" classname="org.mozilla.javascript.tests.MozillaSuiteTest" time="0.021"/>
  <testcase name="runMozillaTest[2223, js=testsrc/tests/js1_8_1/regress/regress-452498-101.js, opt=-1]" classname="org.mozilla.javascript.tests.MozillaSuiteTest" time="0.01"/>
  <testcase name="runMozillaTest[2224, js=testsrc/tests/js1_8_1/regress/regress-452498-102.js, opt=-1]" classname="org.mozilla.javascript.tests.MozillaSuiteTest" time="0.002"/>
  <testcase name="runMozillaTest[2225, js=testsrc/tests/js1_8_1/regress/regress-452498-103.js, opt=-1]" classname="org.mozilla.javascript.tests.MozillaSuiteTest" time="0.001"/>
  <testcase name="runMozillaTest[2226, js=testsrc/tests/js1_8_1/regress/regress-452498-104.js, opt=-1]" classname="org.mozilla.javascript.tests.MozillaSuiteTest" time="0.001"/>
  <testcase name="runMozillaTest[2227, js=testsrc/tests/js1_8_1/regress/regress-452498-108.js, opt=-1]" classname="org.mozilla.javascript.tests.MozillaSuiteTest" time="0.01"/>
  <testcase name="runMozillaTest[2228, js=testsrc/tests/js1_8_1/regress/regress-452498-111.js, opt=-1]" classname="org.mozilla.javascript.tests.MozillaSuiteTest" time="0.004"/>
  <testcase name="runMozillaTest[2229, js=testsrc/tests/js1_8_1/regress/regress-452498-114-a.js, opt=-1]" classname="org.mozilla.javascript.tests.MozillaSuiteTest" time="0.03"/>
  <testcase name="runMozillaTest[2230, js=testsrc/tests/js1_8_1/regress/regress-452498-114.js, opt=-1]" classname="org.mozilla.javascript.tests.MozillaSuiteTest" time="0.002"/>
  <testcase name="runMozillaTest[2231, js=testsrc/tests/js1_8_1/regress/regress-452498-116.js, opt=-1]" classname="org.mozilla.javascript.tests.MozillaSuiteTest" time="0.001"/>
  <testcase name="runMozillaTest[2232, js=testsrc/tests/js1_8_1/regress/regress-452498-118.js, opt=-1]" classname="org.mozilla.javascript.tests.MozillaSuiteTest" time="0.018"/>
  <testcase name="runMozillaTest[2233, js=testsrc/tests/js1_8_1/regress/regress-452498-121.js, opt=-1]" classname="org.mozilla.javascript.tests.MozillaSuiteTest" time="0.003"/>
  <testcase name="runMozillaTest[2234, js=testsrc/tests/js1_8_1/regress/regress-452498-123.js, opt=-1]" classname="org.mozilla.javascript.tests.MozillaSuiteTest" time="0.008"/>
  <testcase name="runMozillaTest[2235, js=testsrc/tests/js1_8_1/regress/regress-452498-129.js, opt=-1]" classname="org.mozilla.javascript.tests.MozillaSuiteTest" time="0.001"/>
  <testcase name="runMozillaTest[2236, js=testsrc/tests/js1_8_1/regress/regress-452498-130.js, opt=-1]" classname="org.mozilla.javascript.tests.MozillaSuiteTest" time="0.018"/>
  <testcase name="runMozillaTest[2237, js=testsrc/tests/js1_8_1/regress/regress-452498-131.js, opt=-1]" classname="org.mozilla.javascript.tests.MozillaSuiteTest" time="0.001"/>
  <testcase name="runMozillaTest[2238, js=testsrc/tests/js1_8_1/regress/regress-452498-135-a.js, opt=-1]" classname="org.mozilla.javascript.tests.MozillaSuiteTest" time="0.003"/>
  <testcase name="runMozillaTest[2239, js=testsrc/tests/js1_8_1/regress/regress-452498-155.js, opt=-1]" classname="org.mozilla.javascript.tests.MozillaSuiteTest" time="0.017"/>
  <testcase name="runMozillaTest[2240, js=testsrc/tests/js1_8_1/regress/regress-452498-168-1.js, opt=-1]" classname="org.mozilla.javascript.tests.MozillaSuiteTest" time="0.001"/>
  <testcase name="runMozillaTest[2241, js=testsrc/tests/js1_8_1/regress/regress-452498-176.js, opt=-1]" classname="org.mozilla.javascript.tests.MozillaSuiteTest" time="0.001"/>
  <testcase name="runMozillaTest[2242, js=testsrc/tests/js1_8_1/regress/regress-452498-181.js, opt=-1]" classname="org.mozilla.javascript.tests.MozillaSuiteTest" time="0.001"/>
  <testcase name="runMozillaTest[2243, js=testsrc/tests/js1_8_1/regress/regress-452498-184.js, opt=-1]" classname="org.mozilla.javascript.tests.MozillaSuiteTest" time="0.001"/>
  <testcase name="runMozillaTest[2244, js=testsrc/tests/js1_8_1/regress/regress-452498-192.js, opt=-1]" classname="org.mozilla.javascript.tests.MozillaSuiteTest" time="0.008"/>
  <testcase name="runMozillaTest[2245, js=testsrc/tests/js1_8_1/regress/regress-466905-01.js, opt=-1]" classname="org.mozilla.javascript.tests.MozillaSuiteTest" time="0.016"/>
  <testcase name="runMozillaTest[2246, js=testsrc/tests/js1_8_1/regress/regress-466905-02.js, opt=-1]" classname="org.mozilla.javascript.tests.MozillaSuiteTest" time="0.014"/>
  <testcase name="runMozillaTest[2247, js=testsrc/tests/js1_8_1/regress/regress-479430-01.js, opt=-1]" classname="org.mozilla.javascript.tests.MozillaSuiteTest" time="0.007"/>
  <testcase name="runMozillaTest[2248, js=testsrc/tests/js1_8_1/regress/regress-479430-02.js, opt=-1]" classname="org.mozilla.javascript.tests.MozillaSuiteTest" time="0.002"/>
  <testcase name="runMozillaTest[2249, js=testsrc/tests/js1_8_1/regress/regress-479430-03.js, opt=-1]" classname="org.mozilla.javascript.tests.MozillaSuiteTest" time="0.001"/>
  <testcase name="runMozillaTest[2250, js=testsrc/tests/js1_8_1/regress/regress-479430-04.js, opt=-1]" classname="org.mozilla.javascript.tests.MozillaSuiteTest" time="0.001"/>
  <testcase name="runMozillaTest[2251, js=testsrc/tests/js1_8_1/regress/regress-479430-05.js, opt=-1]" classname="org.mozilla.javascript.tests.MozillaSuiteTest" time="0.006"/>
  <testcase name="runMozillaTest[2252, js=testsrc/tests/js1_8_1/regress/regress-495907.js, opt=-1]" classname="org.mozilla.javascript.tests.MozillaSuiteTest" time="0.021"/>
  <testcase name="runMozillaTest[2253, js=testsrc/tests/js1_8_1/trace/math-trace-tests.js, opt=-1]" classname="org.mozilla.javascript.tests.MozillaSuiteTest" time="0.359"/>
  <testcase name="runMozillaTest[2254, js=testsrc/tests/js1_8_1/trace/regress-458838.js, opt=-1]" classname="org.mozilla.javascript.tests.MozillaSuiteTest" time="0.012"/>
  <testcase name="runMozillaTest[2255, js=testsrc/tests/js1_8_1/trace/regress-462459-01.js, opt=-1]" classname="org.mozilla.javascript.tests.MozillaSuiteTest" time="0.001"/>
  <testcase name="runMozillaTest[2256, js=testsrc/tests/js1_8_1/trace/regress-462459-02.js, opt=-1]" classname="org.mozilla.javascript.tests.MozillaSuiteTest" time="0.001"/>
  <testcase name="runMozillaTest[2257, js=testsrc/tests/js1_8_1/trace/regress-462459-03.js, opt=-1]" classname="org.mozilla.javascript.tests.MozillaSuiteTest" time="0.006"/>
  <testcase name="runMozillaTest[2258, js=testsrc/tests/js1_8_1/trace/regress-462459-04.js, opt=-1]" classname="org.mozilla.javascript.tests.MozillaSuiteTest" time="0.001"/>
  <testcase name="runMozillaTest[2259, js=testsrc/tests/js1_8_1/trace/regress-462459-05.js, opt=-1]" classname="org.mozilla.javascript.tests.MozillaSuiteTest" time="0.019"/>
  <testcase name="runMozillaTest[2260, js=testsrc/tests/js1_8_1/trace/regress-462459-06.js, opt=-1]" classname="org.mozilla.javascript.tests.MozillaSuiteTest" time="0.001"/>
  <testcase name="runMozillaTest[2261, js=testsrc/tests/js1_8_1/trace/regress-462459-07.js, opt=-1]" classname="org.mozilla.javascript.tests.MozillaSuiteTest" time="0.001"/>
  <testcase name="runMozillaTest[2262, js=testsrc/tests/js1_8_1/trace/regress-462459-08.js, opt=-1]" classname="org.mozilla.javascript.tests.MozillaSuiteTest" time="0.007"/>
  <testcase name="runMozillaTest[2263, js=testsrc/tests/js1_8_1/trace/regress-462459-09.js, opt=-1]" classname="org.mozilla.javascript.tests.MozillaSuiteTest" time="0.014"/>
  <testcase name="runMozillaTest[2264, js=testsrc/tests/js1_8_1/trace/regress-462459-10.js, opt=-1]" classname="org.mozilla.javascript.tests.MozillaSuiteTest" time="0.001"/>
  <testcase name="runMozillaTest[2265, js=testsrc/tests/js1_8_1/trace/regress-462459-11.js, opt=-1]" classname="org.mozilla.javascript.tests.MozillaSuiteTest" time="0.001"/>
  <testcase name="runMozillaTest[2266, js=testsrc/tests/js1_8_1/trace/regress-462459-12.js, opt=-1]" classname="org.mozilla.javascript.tests.MozillaSuiteTest" time="0.001"/>
  <testcase name="runMozillaTest[2267, js=testsrc/tests/js1_8_1/trace/regress-471635.js, opt=-1]" classname="org.mozilla.javascript.tests.MozillaSuiteTest" time="0.031"/>
  <testcase name="runMozillaTest[2268, js=testsrc/tests/js1_8_1/trace/regress-489682.js, opt=-1]" classname="org.mozilla.javascript.tests.MozillaSuiteTest" time="0.002"/>
  <testcase name="runMozillaTest[2269, js=testsrc/tests/lc2/Arrays/array-001.js, opt=-1]" classname="org.mozilla.javascript.tests.MozillaSuiteTest" time="0.038"/>
  <testcase name="runMozillaTest[2270, js=testsrc/tests/lc2/Arrays/array-002.js, opt=-1]" classname="org.mozilla.javascript.tests.MozillaSuiteTest" time="0.025"/>
  <testcase name="runMozillaTest[2271, js=testsrc/tests/lc2/Arrays/array-003.js, opt=-1]" classname="org.mozilla.javascript.tests.MozillaSuiteTest" time="0.012"/>
  <testcase name="runMozillaTest[2272, js=testsrc/tests/lc2/Arrays/array-004.js, opt=-1]" classname="org.mozilla.javascript.tests.MozillaSuiteTest" time="0.031"/>
  <testcase name="runMozillaTest[2273, js=testsrc/tests/lc2/Arrays/array-005.js, opt=-1]" classname="org.mozilla.javascript.tests.MozillaSuiteTest" time="0.003"/>
  <testcase name="runMozillaTest[2274, js=testsrc/tests/lc2/Arrays/array-006-n.js, opt=-1]" classname="org.mozilla.javascript.tests.MozillaSuiteTest" time="0.02"/>
  <testcase name="runMozillaTest[2275, js=testsrc/tests/lc2/Arrays/array-007-n.js, opt=-1]" classname="org.mozilla.javascript.tests.MozillaSuiteTest" time="0.002"/>
  <testcase name="runMozillaTest[2276, js=testsrc/tests/lc2/Classes/class-001.js, opt=-1]" classname="org.mozilla.javascript.tests.MozillaSuiteTest" time="0.047"/>
  <testcase name="runMozillaTest[2277, js=testsrc/tests/lc2/Classes/class-002.js, opt=-1]" classname="org.mozilla.javascript.tests.MozillaSuiteTest" time="0.039"/>
  <testcase name="runMozillaTest[2278, js=testsrc/tests/lc2/JSToJava/character-001.js, opt=-1]" classname="org.mozilla.javascript.tests.MozillaSuiteTest" time="0.01"/>
  <testcase name="runMozillaTest[2279, js=testsrc/tests/lc2/JSToJava/double-001.js, opt=-1]" classname="org.mozilla.javascript.tests.MozillaSuiteTest" time="0.003"/>
  <testcase name="runMozillaTest[2280, js=testsrc/tests/lc2/JSToJava/double-002.js, opt=-1]" classname="org.mozilla.javascript.tests.MozillaSuiteTest" time="0.025"/>
  <testcase name="runMozillaTest[2281, js=testsrc/tests/lc2/JSToJava/float-001.js, opt=-1]" classname="org.mozilla.javascript.tests.MozillaSuiteTest" time="0.006"/>
  <testcase name="runMozillaTest[2282, js=testsrc/tests/lc2/JSToJava/float-002.js, opt=-1]" classname="org.mozilla.javascript.tests.MozillaSuiteTest" time="0.013"/>
  <testcase name="runMozillaTest[2283, js=testsrc/tests/lc2/JSToJava/integer-001.js, opt=-1]" classname="org.mozilla.javascript.tests.MozillaSuiteTest" time="0.025"/>
  <testcase name="runMozillaTest[2284, js=testsrc/tests/lc2/JSToJava/integer-002.js, opt=-1]" classname="org.mozilla.javascript.tests.MozillaSuiteTest" time="0.029"/>
  <testcase name="runMozillaTest[2285, js=testsrc/tests/lc2/JSToJava/long-001.js, opt=-1]" classname="org.mozilla.javascript.tests.MozillaSuiteTest" time="0.012"/>
  <testcase name="runMozillaTest[2286, js=testsrc/tests/lc2/JSToJava/long-002.js, opt=-1]" classname="org.mozilla.javascript.tests.MozillaSuiteTest" time="0.002"/>
  <testcase name="runMozillaTest[2287, js=testsrc/tests/lc2/JSToJava/long-003-n.js, opt=-1]" classname="org.mozilla.javascript.tests.MozillaSuiteTest" time="0.002"/>
  <testcase name="runMozillaTest[2288, js=testsrc/tests/lc2/JSToJava/short-001.js, opt=-1]" classname="org.mozilla.javascript.tests.MozillaSuiteTest" time="0.018"/>
  <testcase name="runMozillaTest[2289, js=testsrc/tests/lc2/JSToJava/short-002.js, opt=-1]" classname="org.mozilla.javascript.tests.MozillaSuiteTest" time="0.003"/>
  <testcase name="runMozillaTest[2290, js=testsrc/tests/lc2/JSToJava/short-003-n.js, opt=-1]" classname="org.mozilla.javascript.tests.MozillaSuiteTest" time="0.017"/>
  <testcase name="runMozillaTest[2291, js=testsrc/tests/lc2/JavaToJS/String-001.js, opt=-1]" classname="org.mozilla.javascript.tests.MozillaSuiteTest" time="0.016"/>
  <testcase name="runMozillaTest[2292, js=testsrc/tests/lc2/JavaToJS/boolean-001.js, opt=-1]" classname="org.mozilla.javascript.tests.MozillaSuiteTest" time="0.003"/>
  <testcase name="runMozillaTest[2293, js=testsrc/tests/lc2/JavaToJS/boolean-003.js, opt=-1]" classname="org.mozilla.javascript.tests.MozillaSuiteTest" time="0.004"/>
  <testcase name="runMozillaTest[2294, js=testsrc/tests/lc2/JavaToJS/boolean-004.js, opt=-1]" classname="org.mozilla.javascript.tests.MozillaSuiteTest" time="0.021"/>
  <testcase name="runMozillaTest[2295, js=testsrc/tests/lc2/JavaToJS/boolean-005.js, opt=-1]" classname="org.mozilla.javascript.tests.MozillaSuiteTest" time="0.003"/>
  <testcase name="runMozillaTest[2296, js=testsrc/tests/lc2/JavaToJS/char-001.js, opt=-1]" classname="org.mozilla.javascript.tests.MozillaSuiteTest" time="0.011"/>
  <testcase name="runMozillaTest[2297, js=testsrc/tests/lc2/JavaToJS/char-002.js, opt=-1]" classname="org.mozilla.javascript.tests.MozillaSuiteTest" time="0.01"/>
  <testcase name="runMozillaTest[2298, js=testsrc/tests/lc2/JavaToJS/enum-001.js, opt=-1]" classname="org.mozilla.javascript.tests.MozillaSuiteTest" time="0.023"/>
  <testcase name="runMozillaTest[2299, js=testsrc/tests/lc2/JavaToJS/enum-002.js, opt=-1]" classname="org.mozilla.javascript.tests.MozillaSuiteTest" time="0.009"/>
  <testcase name="runMozillaTest[2300, js=testsrc/tests/lc2/JavaToJS/null-001.js, opt=-1]" classname="org.mozilla.javascript.tests.MozillaSuiteTest" time="0.026"/>
  <testcase name="runMozillaTest[2301, js=testsrc/tests/lc2/JavaToJS/number-001.js, opt=-1]" classname="org.mozilla.javascript.tests.MozillaSuiteTest" time="0.012"/>
  <testcase name="runMozillaTest[2302, js=testsrc/tests/lc2/JavaToJS/number-002.js, opt=-1]" classname="org.mozilla.javascript.tests.MozillaSuiteTest" time="0.037"/>
  <testcase name="runMozillaTest[2303, js=testsrc/tests/lc2/Methods/method-001.js, opt=-1]" classname="org.mozilla.javascript.tests.MozillaSuiteTest" time="0.02"/>
  <testcase name="runMozillaTest[2304, js=testsrc/tests/lc2/Methods/method-002.js, opt=-1]" classname="org.mozilla.javascript.tests.MozillaSuiteTest" time="0.028"/>
  <testcase name="runMozillaTest[2305, js=testsrc/tests/lc2/Methods/method-003.js, opt=-1]" classname="org.mozilla.javascript.tests.MozillaSuiteTest" time="0.011"/>
  <testcase name="runMozillaTest[2306, js=testsrc/tests/lc2/Methods/method-004-n.js, opt=-1]" classname="org.mozilla.javascript.tests.MozillaSuiteTest" time="0.003"/>
  <testcase name="runMozillaTest[2307, js=testsrc/tests/lc2/Methods/method-005.js, opt=-1]" classname="org.mozilla.javascript.tests.MozillaSuiteTest" time="0.017"/>
  <testcase name="runMozillaTest[2308, js=testsrc/tests/lc2/Methods/method-006.js, opt=-1]" classname="org.mozilla.javascript.tests.MozillaSuiteTest" time="0.001"/>
  <testcase name="runMozillaTest[2309, js=testsrc/tests/lc2/Methods/println-001.js, opt=-1]" classname="org.mozilla.javascript.tests.MozillaSuiteTest" time="0.016"/>
  <testcase name="runMozillaTest[2310, js=testsrc/tests/lc2/Objects/object-001.js, opt=-1]" classname="org.mozilla.javascript.tests.MozillaSuiteTest" time="0.018"/>
  <testcase name="runMozillaTest[2311, js=testsrc/tests/lc2/Objects/object-002.js, opt=-1]" classname="org.mozilla.javascript.tests.MozillaSuiteTest" time="0.032"/>
  <testcase name="runMozillaTest[2312, js=testsrc/tests/lc2/Objects/object-003.js, opt=-1]" classname="org.mozilla.javascript.tests.MozillaSuiteTest" time="0.011"/>
  <testcase name="runMozillaTest[2313, js=testsrc/tests/lc2/Objects/object-004.js, opt=-1]" classname="org.mozilla.javascript.tests.MozillaSuiteTest" time="0.002"/>
  <testcase name="runMozillaTest[2314, js=testsrc/tests/lc2/Objects/object-005.js, opt=-1]" classname="org.mozilla.javascript.tests.MozillaSuiteTest" time="0.017"/>
  <testcase name="runMozillaTest[2315, js=testsrc/tests/lc2/Objects/object-006.js, opt=-1]" classname="org.mozilla.javascript.tests.MozillaSuiteTest" time="0.011"/>
  <testcase name="runMozillaTest[2316, js=testsrc/tests/lc2/Packages/package-001.js, opt=-1]" classname="org.mozilla.javascript.tests.MozillaSuiteTest" time="0.01"/>
  <testcase name="runMozillaTest[2317, js=testsrc/tests/lc2/Packages/package-002.js, opt=-1]" classname="org.mozilla.javascript.tests.MozillaSuiteTest" time="0.017"/>
  <testcase name="runMozillaTest[2318, js=testsrc/tests/lc2/Packages/package-003.js, opt=-1]" classname="org.mozilla.javascript.tests.MozillaSuiteTest" time="0.024"/>
  <testcase name="runMozillaTest[2319, js=testsrc/tests/lc2/Packages/package-004.js, opt=-1]" classname="org.mozilla.javascript.tests.MozillaSuiteTest" time="0.018"/>
  <testcase name="runMozillaTest[2320, js=testsrc/tests/lc2/Packages/package-005.js, opt=-1]" classname="org.mozilla.javascript.tests.MozillaSuiteTest" time="0.002"/>
  <testcase name="runMozillaTest[2321, js=testsrc/tests/lc2/Packages/package-006.js, opt=-1]" classname="org.mozilla.javascript.tests.MozillaSuiteTest" time="0.001"/>
  <testcase name="runMozillaTest[2322, js=testsrc/tests/lc2/Packages/package-007-n.js, opt=-1]" classname="org.mozilla.javascript.tests.MozillaSuiteTest" time="0.017"/>
  <testcase name="runMozillaTest[2323, js=testsrc/tests/lc2/Packages/package-008-n.js, opt=-1]" classname="org.mozilla.javascript.tests.MozillaSuiteTest" time="0.002"/>
  <testcase name="runMozillaTest[2324, js=testsrc/tests/lc2/misc/constructor.js, opt=-1]" classname="org.mozilla.javascript.tests.MozillaSuiteTest" time="0.029"/>
  <testcase name="runMozillaTest[2325, js=testsrc/tests/lc2/misc/wrapUnwrap.js, opt=-1]" classname="org.mozilla.javascript.tests.MozillaSuiteTest" time="0.014"/>
  <testcase name="runMozillaTest[2326, js=testsrc/tests/lc3/ArrayMethods/byte-001.js, opt=-1]" classname="org.mozilla.javascript.tests.MozillaSuiteTest" time="0.045"/>
  <testcase name="runMozillaTest[2327, js=testsrc/tests/lc3/ArrayMethods/byte-002.js, opt=-1]" classname="org.mozilla.javascript.tests.MozillaSuiteTest" time="0.008"/>
  <testcase name="runMozillaTest[2328, js=testsrc/tests/lc3/ConvertBoolean/boolean-005-n.js, opt=-1]" classname="org.mozilla.javascript.tests.MozillaSuiteTest" time="0.03"/>
  <testcase name="runMozillaTest[2329, js=testsrc/tests/lc3/ConvertBoolean/boolean-006-n.js, opt=-1]" classname="org.mozilla.javascript.tests.MozillaSuiteTest" time="0.002"/>
  <testcase name="runMozillaTest[2330, js=testsrc/tests/lc3/ConvertBoolean/boolean-007-n.js, opt=-1]" classname="org.mozilla.javascript.tests.MozillaSuiteTest" time="0.001"/>
  <testcase name="runMozillaTest[2331, js=testsrc/tests/lc3/ConvertBoolean/boolean-008-n.js, opt=-1]" classname="org.mozilla.javascript.tests.MozillaSuiteTest" time="0.004"/>
  <testcase name="runMozillaTest[2332, js=testsrc/tests/lc3/ConvertBoolean/boolean-009-n.js, opt=-1]" classname="org.mozilla.javascript.tests.MozillaSuiteTest" time="0.003"/>
  <testcase name="runMozillaTest[2333, js=testsrc/tests/lc3/ConvertBoolean/boolean-010-n.js, opt=-1]" classname="org.mozilla.javascript.tests.MozillaSuiteTest" time="0.029"/>
  <testcase name="runMozillaTest[2334, js=testsrc/tests/lc3/ConvertBoolean/boolean-011-n.js, opt=-1]" classname="org.mozilla.javascript.tests.MozillaSuiteTest" time="0.002"/>
  <testcase name="runMozillaTest[2335, js=testsrc/tests/lc3/ConvertBoolean/boolean-012-n.js, opt=-1]" classname="org.mozilla.javascript.tests.MozillaSuiteTest" time="0.002"/>
  <testcase name="runMozillaTest[2336, js=testsrc/tests/lc3/ConvertBoolean/boolean-013-n.js, opt=-1]" classname="org.mozilla.javascript.tests.MozillaSuiteTest" time="0.012"/>
  <testcase name="runMozillaTest[2337, js=testsrc/tests/lc3/ConvertNull/null-002.js, opt=-1]" classname="org.mozilla.javascript.tests.MozillaSuiteTest" time="0.011"/>
  <testcase name="runMozillaTest[2338, js=testsrc/tests/lc3/ConvertNull/null-003-n.js, opt=-1]" classname="org.mozilla.javascript.tests.MozillaSuiteTest" time="0.031"/>
  <testcase name="runMozillaTest[2339, js=testsrc/tests/lc3/ConvertNull/null-004-n.js, opt=-1]" classname="org.mozilla.javascript.tests.MozillaSuiteTest" time="0.003"/>
  <testcase name="runMozillaTest[2340, js=testsrc/tests/lc3/ConvertNull/null-006-n.js, opt=-1]" classname="org.mozilla.javascript.tests.MozillaSuiteTest" time="0.011"/>
  <testcase name="runMozillaTest[2341, js=testsrc/tests/lc3/ConvertString/string-004-n.js, opt=-1]" classname="org.mozilla.javascript.tests.MozillaSuiteTest" time="0.018"/>
  <testcase name="runMozillaTest[2342, js=testsrc/tests/lc3/ConvertString/string-005-n.js, opt=-1]" classname="org.mozilla.javascript.tests.MozillaSuiteTest" time="0.002"/>
  <testcase name="runMozillaTest[2343, js=testsrc/tests/lc3/ConvertString/string-007-n.js, opt=-1]" classname="org.mozilla.javascript.tests.MozillaSuiteTest" time="0.002"/>
  <testcase name="runMozillaTest[2344, js=testsrc/tests/lc3/ConvertUndefined/undefined-001-n.js, opt=-1]" classname="org.mozilla.javascript.tests.MozillaSuiteTest" time="0.015"/>
  <testcase name="runMozillaTest[2345, js=testsrc/tests/lc3/JSBoolean/boolean-002-n.js, opt=-1]" classname="org.mozilla.javascript.tests.MozillaSuiteTest" time="0.004"/>
  <testcase name="runMozillaTest[2346, js=testsrc/tests/lc3/JSBoolean/boolean-003-n.js, opt=-1]" classname="org.mozilla.javascript.tests.MozillaSuiteTest" time="0.026"/>
  <testcase name="runMozillaTest[2347, js=testsrc/tests/lc3/JSBoolean/boolean-004-n.js, opt=-1]" classname="org.mozilla.javascript.tests.MozillaSuiteTest" time="0.012"/>
  <testcase name="runMozillaTest[2348, js=testsrc/tests/lc3/JSBoolean/boolean-005-n.js, opt=-1]" classname="org.mozilla.javascript.tests.MozillaSuiteTest" time="0.014"/>
  <testcase name="runMozillaTest[2349, js=testsrc/tests/lc3/JSBoolean/boolean-006-n.js, opt=-1]" classname="org.mozilla.javascript.tests.MozillaSuiteTest" time="0.002"/>
  <testcase name="runMozillaTest[2350, js=testsrc/tests/lc3/JSBoolean/boolean-007-n.js, opt=-1]" classname="org.mozilla.javascript.tests.MozillaSuiteTest" time="0.023"/>
  <testcase name="runMozillaTest[2351, js=testsrc/tests/lc3/JSBoolean/boolean-008-n.js, opt=-1]" classname="org.mozilla.javascript.tests.MozillaSuiteTest" time="0.011"/>
  <testcase name="runMozillaTest[2352, js=testsrc/tests/lc3/JSNull/ToBoolean-001-n.js, opt=-1]" classname="org.mozilla.javascript.tests.MozillaSuiteTest" time="0.002"/>
  <testcase name="runMozillaTest[2353, js=testsrc/tests/lc3/JSNull/ToFloat-001-n.js, opt=-1]" classname="org.mozilla.javascript.tests.MozillaSuiteTest" time="0.001"/>
  <testcase name="runMozillaTest[2354, js=testsrc/tests/lc3/JSNull/ToLong-001-n.js, opt=-1]" classname="org.mozilla.javascript.tests.MozillaSuiteTest" time="0.009"/>
  <testcase name="runMozillaTest[2355, js=testsrc/tests/lc3/JSNull/ToNumber-001-n.js, opt=-1]" classname="org.mozilla.javascript.tests.MozillaSuiteTest" time="0.006"/>
  <testcase name="runMozillaTest[2356, js=testsrc/tests/lc3/JSNumber/ToByte-002-n.js, opt=-1]" classname="org.mozilla.javascript.tests.MozillaSuiteTest" time="0.03"/>
  <testcase name="runMozillaTest[2357, js=testsrc/tests/lc3/JSNumber/ToByte-003-n.js, opt=-1]" classname="org.mozilla.javascript.tests.MozillaSuiteTest" time="0.002"/>
  <testcase name="runMozillaTest[2358, js=testsrc/tests/lc3/JSNumber/ToByte-005-n.js, opt=-1]" classname="org.mozilla.javascript.tests.MozillaSuiteTest" time="0.002"/>
  <testcase name="runMozillaTest[2359, js=testsrc/tests/lc3/JSNumber/ToChar-002-n.js, opt=-1]" classname="org.mozilla.javascript.tests.MozillaSuiteTest" time="0.01"/>
  <testcase name="runMozillaTest[2360, js=testsrc/tests/lc3/JSNumber/ToChar-003-n.js, opt=-1]" classname="org.mozilla.javascript.tests.MozillaSuiteTest" time="0.026"/>
  <testcase name="runMozillaTest[2361, js=testsrc/tests/lc3/JSNumber/ToChar-005-n.js, opt=-1]" classname="org.mozilla.javascript.tests.MozillaSuiteTest" time="0.002"/>
  <testcase name="runMozillaTest[2362, js=testsrc/tests/lc3/JSNumber/ToChar-006-n.js, opt=-1]" classname="org.mozilla.javascript.tests.MozillaSuiteTest" time="0.008"/>
  <testcase name="runMozillaTest[2363, js=testsrc/tests/lc3/JSNumber/ToInt-002-n.js, opt=-1]" classname="org.mozilla.javascript.tests.MozillaSuiteTest" time="0.002"/>
  <testcase name="runMozillaTest[2364, js=testsrc/tests/lc3/JSNumber/ToInt-003-n.js, opt=-1]" classname="org.mozilla.javascript.tests.MozillaSuiteTest" time="0.002"/>
  <testcase name="runMozillaTest[2365, js=testsrc/tests/lc3/JSNumber/ToInt-005-n.js, opt=-1]" classname="org.mozilla.javascript.tests.MozillaSuiteTest" time="0.014"/>
  <testcase name="runMozillaTest[2366, js=testsrc/tests/lc3/JSNumber/ToLong-002-n.js, opt=-1]" classname="org.mozilla.javascript.tests.MozillaSuiteTest" time="0.006"/>
  <testcase name="runMozillaTest[2367, js=testsrc/tests/lc3/JSNumber/ToLong-003-n.js, opt=-1]" classname="org.mozilla.javascript.tests.MozillaSuiteTest" time="0.031"/>
  <testcase name="runMozillaTest[2368, js=testsrc/tests/lc3/JSNumber/ToLong-004-n.js, opt=-1]" classname="org.mozilla.javascript.tests.MozillaSuiteTest" time="0.003"/>
  <testcase name="runMozillaTest[2369, js=testsrc/tests/lc3/JSNumber/ToLong-005-n.js, opt=-1]" classname="org.mozilla.javascript.tests.MozillaSuiteTest" time="0.001"/>
  <testcase name="runMozillaTest[2370, js=testsrc/tests/lc3/JSNumber/ToLong-006-n.js, opt=-1]" classname="org.mozilla.javascript.tests.MozillaSuiteTest" time="0.031"/>
  <testcase name="runMozillaTest[2371, js=testsrc/tests/lc3/JSNumber/ToLong-007-n.js, opt=-1]" classname="org.mozilla.javascript.tests.MozillaSuiteTest" time="0.002"/>
  <testcase name="runMozillaTest[2372, js=testsrc/tests/lc3/JSNumber/ToLong-008-n.js, opt=-1]" classname="org.mozilla.javascript.tests.MozillaSuiteTest" time="0.002"/>
  <testcase name="runMozillaTest[2373, js=testsrc/tests/lc3/JSNumber/ToLong-009-n.js, opt=-1]" classname="org.mozilla.javascript.tests.MozillaSuiteTest" time="0.001"/>
  <testcase name="runMozillaTest[2374, js=testsrc/tests/lc3/JSNumber/ToLong-010-n.js, opt=-1]" classname="org.mozilla.javascript.tests.MozillaSuiteTest" time="0.006"/>
  <testcase name="runMozillaTest[2375, js=testsrc/tests/lc3/JSNumber/ToLong-011-n.js, opt=-1]" classname="org.mozilla.javascript.tests.MozillaSuiteTest" time="0.015"/>
  <testcase name="runMozillaTest[2376, js=testsrc/tests/lc3/JSNumber/ToShort-002-n.js, opt=-1]" classname="org.mozilla.javascript.tests.MozillaSuiteTest" time="0.034"/>
  <testcase name="runMozillaTest[2377, js=testsrc/tests/lc3/JSNumber/ToShort-003-n.js, opt=-1]" classname="org.mozilla.javascript.tests.MozillaSuiteTest" time="0.009"/>
  <testcase name="runMozillaTest[2378, js=testsrc/tests/lc3/JSNumber/ToShort-005-n.js, opt=-1]" classname="org.mozilla.javascript.tests.MozillaSuiteTest" time="0.002"/>
  <testcase name="runMozillaTest[2379, js=testsrc/tests/lc3/JSObject/ToDouble-002-n.js, opt=-1]" classname="org.mozilla.javascript.tests.MozillaSuiteTest" time="0.002"/>
  <testcase name="runMozillaTest[2380, js=testsrc/tests/lc3/JSObject/ToDouble-003-n.js, opt=-1]" classname="org.mozilla.javascript.tests.MozillaSuiteTest" time="0.018"/>
  <testcase name="runMozillaTest[2381, js=testsrc/tests/lc3/JSObject/ToFloat-002-n.js, opt=-1]" classname="org.mozilla.javascript.tests.MozillaSuiteTest" time="0.002"/>
  <testcase name="runMozillaTest[2382, js=testsrc/tests/lc3/JSObject/ToFloat-003-n.js, opt=-1]" classname="org.mozilla.javascript.tests.MozillaSuiteTest" time="0.014"/>
  <testcase name="runMozillaTest[2383, js=testsrc/tests/lc3/JSUndefined/undefined-002-n.js, opt=-1]" classname="org.mozilla.javascript.tests.MozillaSuiteTest" time="0.003"/>
  <testcase name="runMozillaTest[2384, js=testsrc/tests/lc3/JSUndefined/undefined-003-n.js, opt=-1]" classname="org.mozilla.javascript.tests.MozillaSuiteTest" time="0.016"/>
  <testcase name="runMozillaTest[2385, js=testsrc/tests/lc3/JSUndefined/undefined-004-n.js, opt=-1]" classname="org.mozilla.javascript.tests.MozillaSuiteTest" time="0.002"/>
  <testcase name="runMozillaTest[2386, js=testsrc/tests/lc3/JSUndefined/undefined-005-n.js, opt=-1]" classname="org.mozilla.javascript.tests.MozillaSuiteTest" time="0.021"/>
  <testcase name="runMozillaTest[2387, js=testsrc/tests/lc3/JSUndefined/undefined-006-n.js, opt=-1]" classname="org.mozilla.javascript.tests.MozillaSuiteTest" time="0.019"/>
  <testcase name="runMozillaTest[2388, js=testsrc/tests/lc3/JSUndefined/undefined-007-n.js, opt=-1]" classname="org.mozilla.javascript.tests.MozillaSuiteTest" time="0.002"/>
  <testcase name="runMozillaTest[2389, js=testsrc/tests/lc3/JSUndefined/undefined-008-n.js, opt=-1]" classname="org.mozilla.javascript.tests.MozillaSuiteTest" time="0.002"/>
  <testcase name="runMozillaTest[2390, js=testsrc/tests/lc3/JSUndefined/undefined-009-n.js, opt=-1]" classname="org.mozilla.javascript.tests.MozillaSuiteTest" time="0.009"/>
  <testcase name="runMozillaTest[2391, js=testsrc/tests/lc3/JSUndefined/undefined-010-n.js, opt=-1]" classname="org.mozilla.javascript.tests.MozillaSuiteTest" time="0.018"/>
  <testcase name="runMozillaTest[2392, js=testsrc/tests/lc3/JavaArray/ToArray-002-n.js, opt=-1]" classname="org.mozilla.javascript.tests.MozillaSuiteTest" time="0.009"/>
  <testcase name="runMozillaTest[2393, js=testsrc/tests/lc3/JavaArray/ToBoolean-001-n.js, opt=-1]" classname="org.mozilla.javascript.tests.MozillaSuiteTest" time="0.004"/>
  <testcase name="runMozillaTest[2394, js=testsrc/tests/lc3/JavaObject/JavaObjectToBoolean-001-n.js, opt=-1]" classname="org.mozilla.javascript.tests.MozillaSuiteTest" time="0.016"/>
  <testcase name="runMozillaTest[2395, js=testsrc/tests/lc3/JavaObject/JavaObjectToBoolean-002-n.js, opt=-1]" classname="org.mozilla.javascript.tests.MozillaSuiteTest" time="0.02"/>
  <testcase name="runMozillaTest[2396, js=testsrc/tests/lc3/JavaObject/JavaObjectToByte-002-n.js, opt=-1]" classname="org.mozilla.javascript.tests.MozillaSuiteTest" time="0.012"/>
  <testcase name="runMozillaTest[2397, js=testsrc/tests/lc3/JavaObject/JavaObjectToByte-003-n.js, opt=-1]" classname="org.mozilla.javascript.tests.MozillaSuiteTest" time="0.01"/>
  <testcase name="runMozillaTest[2398, js=testsrc/tests/lc3/JavaObject/JavaObjectToByte-004-n.js, opt=-1]" classname="org.mozilla.javascript.tests.MozillaSuiteTest" time="0.002"/>
  <testcase name="runMozillaTest[2399, js=testsrc/tests/lc3/JavaObject/JavaObjectToByte-007-n.js, opt=-1]" classname="org.mozilla.javascript.tests.MozillaSuiteTest" time="0.016"/>
  <testcase name="runMozillaTest[2400, js=testsrc/tests/lc3/JavaObject/JavaObjectToByte-008-n.js, opt=-1]" classname="org.mozilla.javascript.tests.MozillaSuiteTest" time="0.002"/>
  <testcase name="runMozillaTest[2401, js=testsrc/tests/lc3/JavaObject/JavaObjectToChar-003-n.js, opt=-1]" classname="org.mozilla.javascript.tests.MozillaSuiteTest" time="0.012"/>
  <testcase name="runMozillaTest[2402, js=testsrc/tests/lc3/JavaObject/JavaObjectToChar-005-n.js, opt=-1]" classname="org.mozilla.javascript.tests.MozillaSuiteTest" time="0.007"/>
  <testcase name="runMozillaTest[2403, js=testsrc/tests/lc3/JavaObject/JavaObjectToChar-006-n.js, opt=-1]" classname="org.mozilla.javascript.tests.MozillaSuiteTest" time="0.002"/>
  <testcase name="runMozillaTest[2404, js=testsrc/tests/lc3/JavaObject/JavaObjectToInt-002-n.js, opt=-1]" classname="org.mozilla.javascript.tests.MozillaSuiteTest" time="0.016"/>
  <testcase name="runMozillaTest[2405, js=testsrc/tests/lc3/JavaObject/JavaObjectToInt-003-n.js, opt=-1]" classname="org.mozilla.javascript.tests.MozillaSuiteTest" time="0.021"/>
  <testcase name="runMozillaTest[2406, js=testsrc/tests/lc3/JavaObject/JavaObjectToInt-004-n.js, opt=-1]" classname="org.mozilla.javascript.tests.MozillaSuiteTest" time="0.012"/>
  <testcase name="runMozillaTest[2407, js=testsrc/tests/lc3/JavaObject/JavaObjectToLong-002-n.js, opt=-1]" classname="org.mozilla.javascript.tests.MozillaSuiteTest" time="0.01"/>
  <testcase name="runMozillaTest[2408, js=testsrc/tests/lc3/JavaObject/JavaObjectToLong-003-n.js, opt=-1]" classname="org.mozilla.javascript.tests.MozillaSuiteTest" time="0.001"/>
  <testcase name="runMozillaTest[2409, js=testsrc/tests/lc3/JavaObject/JavaObjectToLong-004-n.js, opt=-1]" classname="org.mozilla.javascript.tests.MozillaSuiteTest" time="0.017"/>
  <testcase name="runMozillaTest[2410, js=testsrc/tests/lc3/JavaObject/JavaObjectToLong-006-n.js, opt=-1]" classname="org.mozilla.javascript.tests.MozillaSuiteTest" time="0.002"/>
  <testcase name="runMozillaTest[2411, js=testsrc/tests/lc3/JavaObject/JavaObjectToShort-002-n.js, opt=-1]" classname="org.mozilla.javascript.tests.MozillaSuiteTest" time="0.012"/>
  <testcase name="runMozillaTest[2412, js=testsrc/tests/lc3/JavaObject/JavaObjectToShort-003-n.js, opt=-1]" classname="org.mozilla.javascript.tests.MozillaSuiteTest" time="0.007"/>
  <testcase name="runMozillaTest[2413, js=testsrc/tests/lc3/JavaObject/JavaObjectToShort-004-n.js, opt=-1]" classname="org.mozilla.javascript.tests.MozillaSuiteTest" time="0.016"/>
  <testcase name="runMozillaTest[2414, js=testsrc/tests/lc3/StringMethods/string-001.js, opt=-1]" classname="org.mozilla.javascript.tests.MozillaSuiteTest" time="0.069"/>
  <testcase name="runMozillaTest[2415, js=testsrc/tests/lc3/instanceof/instanceof-001.js, opt=-1]" classname="org.mozilla.javascript.tests.MozillaSuiteTest" time="0.003"/>
  <testcase name="runMozillaTest[2416, js=testsrc/tests/bigo-test.js, opt=0]" classname="org.mozilla.javascript.tests.MozillaSuiteTest" time="0.509"/>
  <testcase name="runMozillaTest[2417, js=testsrc/tests/e4x/Expressions/11.1.1.js, opt=0]" classname="org.mozilla.javascript.tests.MozillaSuiteTest" time="0.098"/>
  <testcase name="runMozillaTest[2418, js=testsrc/tests/e4x/Expressions/11.1.2.js, opt=0]" classname="org.mozilla.javascript.tests.MozillaSuiteTest" time="0.054"/>
  <testcase name="runMozillaTest[2419, js=testsrc/tests/e4x/Expressions/11.1.3.js, opt=0]" classname="org.mozilla.javascript.tests.MozillaSuiteTest" time="0.029"/>
  <testcase name="runMozillaTest[2420, js=testsrc/tests/e4x/Expressions/11.1.4-05.js, opt=0]" classname="org.mozilla.javascript.tests.MozillaSuiteTest" time="0.017"/>
  <testcase name="runMozillaTest[2421, js=testsrc/tests/e4x/Expressions/11.1.4-06.js, opt=0]" classname="org.mozilla.javascript.tests.MozillaSuiteTest" time="0.053"/>
  <testcase name="runMozillaTest[2422, js=testsrc/tests/e4x/Expressions/11.1.4-07.js, opt=0]" classname="org.mozilla.javascript.tests.MozillaSuiteTest" time="0.021"/>
  <testcase name="runMozillaTest[2423, js=testsrc/tests/e4x/Expressions/11.1.5.js, opt=0]" classname="org.mozilla.javascript.tests.MozillaSuiteTest" time="0.027"/>
  <testcase name="runMozillaTest[2424, js=testsrc/tests/e4x/Expressions/11.2.1.js, opt=0]" classname="org.mozilla.javascript.tests.MozillaSuiteTest" time="0.066"/>
  <testcase name="runMozillaTest[2425, js=testsrc/tests/e4x/Expressions/11.2.2.js, opt=0]" classname="org.mozilla.javascript.tests.MozillaSuiteTest" time="0.046"/>
  <testcase name="runMozillaTest[2426, js=testsrc/tests/e4x/Expressions/11.2.3.js, opt=0]" classname="org.mozilla.javascript.tests.MozillaSuiteTest" time="0.029"/>
  <testcase name="runMozillaTest[2427, js=testsrc/tests/e4x/Expressions/11.2.4.js, opt=0]" classname="org.mozilla.javascript.tests.MozillaSuiteTest" time="0.045"/>
  <testcase name="runMozillaTest[2428, js=testsrc/tests/e4x/Expressions/11.3.1.js, opt=0]" classname="org.mozilla.javascript.tests.MozillaSuiteTest" time="0.063"/>
  <testcase name="runMozillaTest[2429, js=testsrc/tests/e4x/Expressions/11.3.2.js, opt=0]" classname="org.mozilla.javascript.tests.MozillaSuiteTest" time="0.012"/>
  <testcase name="runMozillaTest[2430, js=testsrc/tests/e4x/Expressions/11.4.1.js, opt=0]" classname="org.mozilla.javascript.tests.MozillaSuiteTest" time="0.041"/>
  <testcase name="runMozillaTest[2431, js=testsrc/tests/e4x/Expressions/11.5.1.js, opt=0]" classname="org.mozilla.javascript.tests.MozillaSuiteTest" time="0.05"/>
  <testcase name="runMozillaTest[2432, js=testsrc/tests/e4x/Expressions/11.6.2.js, opt=0]" classname="org.mozilla.javascript.tests.MozillaSuiteTest" time="0.08"/>
  <testcase name="runMozillaTest[2433, js=testsrc/tests/e4x/Expressions/11.6.3.js, opt=0]" classname="org.mozilla.javascript.tests.MozillaSuiteTest" time="0.03"/>
  <testcase name="runMozillaTest[2434, js=testsrc/tests/e4x/Expressions/regress-301545.js, opt=0]" classname="org.mozilla.javascript.tests.MozillaSuiteTest" time="0.009"/>
  <testcase name="runMozillaTest[2435, js=testsrc/tests/e4x/Expressions/regress-302531.js, opt=0]" classname="org.mozilla.javascript.tests.MozillaSuiteTest" time="0.03"/>
  <testcase name="runMozillaTest[2436, js=testsrc/tests/e4x/Expressions/regress-340024.js, opt=0]" classname="org.mozilla.javascript.tests.MozillaSuiteTest" time="0.029"/>
  <testcase name="runMozillaTest[2437, js=testsrc/tests/e4x/Expressions/regress-496113.js, opt=0]" classname="org.mozilla.javascript.tests.MozillaSuiteTest" time="0.021"/>
  <testcase name="runMozillaTest[2438, js=testsrc/tests/e4x/GC/regress-292455.js, opt=0]" classname="org.mozilla.javascript.tests.MozillaSuiteTest" time="0.248"/>
  <testcase name="runMozillaTest[2439, js=testsrc/tests/e4x/GC/regress-313952-01.js, opt=0]" classname="org.mozilla.javascript.tests.MozillaSuiteTest" time="0.032"/>
  <testcase name="runMozillaTest[2440, js=testsrc/tests/e4x/GC/regress-324117.js, opt=0]" classname="org.mozilla.javascript.tests.MozillaSuiteTest" time="0.782"/>
  <testcase name="runMozillaTest[2441, js=testsrc/tests/e4x/Namespace/13.2.1.js, opt=0]" classname="org.mozilla.javascript.tests.MozillaSuiteTest" time="0.028"/>
  <testcase name="runMozillaTest[2442, js=testsrc/tests/e4x/Namespace/13.2.2.js, opt=0]" classname="org.mozilla.javascript.tests.MozillaSuiteTest" time="0.025"/>
  <testcase name="runMozillaTest[2443, js=testsrc/tests/e4x/Namespace/13.2.5.js, opt=0]" classname="org.mozilla.javascript.tests.MozillaSuiteTest" time="0.034"/>
  <testcase name="runMozillaTest[2444, js=testsrc/tests/e4x/Namespace/regress-283972.js, opt=0]" classname="org.mozilla.javascript.tests.MozillaSuiteTest" time="0.033"/>
  <testcase name="runMozillaTest[2445, js=testsrc/tests/e4x/Namespace/regress-292863.js, opt=0]" classname="org.mozilla.javascript.tests.MozillaSuiteTest" time="0.024"/>
  <testcase name="runMozillaTest[2446, js=testsrc/tests/e4x/Namespace/regress-350442.js, opt=0]" classname="org.mozilla.javascript.tests.MozillaSuiteTest" time="0.016"/>
  <testcase name="runMozillaTest[2447, js=testsrc/tests/e4x/Namespace/regress-444608-02.js, opt=0]" classname="org.mozilla.javascript.tests.MozillaSuiteTest" time="0.03"/>
  <testcase name="runMozillaTest[2448, js=testsrc/tests/e4x/Namespace/regress-444608.js, opt=0]" classname="org.mozilla.javascript.tests.MozillaSuiteTest" time="0.009"/>
  <testcase name="runMozillaTest[2449, js=testsrc/tests/e4x/QName/13.3.1.js, opt=0]" classname="org.mozilla.javascript.tests.MozillaSuiteTest" time="0.028"/>
  <testcase name="runMozillaTest[2450, js=testsrc/tests/e4x/QName/13.3.2.js, opt=0]" classname="org.mozilla.javascript.tests.MozillaSuiteTest" time="0.028"/>
  <testcase name="runMozillaTest[2451, js=testsrc/tests/e4x/QName/13.3.5.js, opt=0]" classname="org.mozilla.javascript.tests.MozillaSuiteTest" time="0.026"/>
  <testcase name="runMozillaTest[2452, js=testsrc/tests/e4x/QName/regress-373595-01.js, opt=0]" classname="org.mozilla.javascript.tests.MozillaSuiteTest" time="0.011"/>
  <testcase name="runMozillaTest[2453, js=testsrc/tests/e4x/QName/regress-373595-02.js, opt=0]" classname="org.mozilla.javascript.tests.MozillaSuiteTest" time="0.034"/>
  <testcase name="runMozillaTest[2454, js=testsrc/tests/e4x/QName/regress-373595-03.js, opt=0]" classname="org.mozilla.javascript.tests.MozillaSuiteTest" time="0.006"/>
  <testcase name="runMozillaTest[2455, js=testsrc/tests/e4x/QName/regress-444608.js, opt=0]" classname="org.mozilla.javascript.tests.MozillaSuiteTest" time="0.02"/>
  <testcase name="runMozillaTest[2456, js=testsrc/tests/e4x/Regress/regress-263934.js, opt=0]" classname="org.mozilla.javascript.tests.MozillaSuiteTest" time="0.043"/>
  <testcase name="runMozillaTest[2457, js=testsrc/tests/e4x/Regress/regress-263935.js, opt=0]" classname="org.mozilla.javascript.tests.MozillaSuiteTest" time="0.004"/>
  <testcase name="runMozillaTest[2458, js=testsrc/tests/e4x/Regress/regress-263936.js, opt=0]" classname="org.mozilla.javascript.tests.MozillaSuiteTest" time="0.025"/>
  <testcase name="runMozillaTest[2459, js=testsrc/tests/e4x/Regress/regress-264369.js, opt=0]" classname="org.mozilla.javascript.tests.MozillaSuiteTest" time="0.011"/>
  <testcase name="runMozillaTest[2460, js=testsrc/tests/e4x/Regress/regress-271545.js, opt=0]" classname="org.mozilla.javascript.tests.MozillaSuiteTest" time="0.031"/>
  <testcase name="runMozillaTest[2461, js=testsrc/tests/e4x/Regress/regress-277650.js, opt=0]" classname="org.mozilla.javascript.tests.MozillaSuiteTest" time="0.04"/>
  <testcase name="runMozillaTest[2462, js=testsrc/tests/e4x/Regress/regress-277664.js, opt=0]" classname="org.mozilla.javascript.tests.MozillaSuiteTest" time="0.018"/>
  <testcase name="runMozillaTest[2463, js=testsrc/tests/e4x/Regress/regress-277683.js, opt=0]" classname="org.mozilla.javascript.tests.MozillaSuiteTest" time="0.033"/>
  <testcase name="runMozillaTest[2464, js=testsrc/tests/e4x/Regress/regress-277779.js, opt=0]" classname="org.mozilla.javascript.tests.MozillaSuiteTest" time="0.016"/>
  <testcase name="runMozillaTest[2465, js=testsrc/tests/e4x/Regress/regress-277935.js, opt=0]" classname="org.mozilla.javascript.tests.MozillaSuiteTest" time="0.029"/>
  <testcase name="runMozillaTest[2466, js=testsrc/tests/e4x/Regress/regress-283349.js, opt=0]" classname="org.mozilla.javascript.tests.MozillaSuiteTest" time="0.004"/>
  <testcase name="runMozillaTest[2467, js=testsrc/tests/e4x/Regress/regress-290056.js, opt=0]" classname="org.mozilla.javascript.tests.MozillaSuiteTest" time="0.032"/>
  <testcase name="runMozillaTest[2468, js=testsrc/tests/e4x/Regress/regress-290499.js, opt=0]" classname="org.mozilla.javascript.tests.MozillaSuiteTest" time="0.007"/>
  <testcase name="runMozillaTest[2469, js=testsrc/tests/e4x/Regress/regress-301553.js, opt=0]" classname="org.mozilla.javascript.tests.MozillaSuiteTest" time="0.038"/>
  <testcase name="runMozillaTest[2470, js=testsrc/tests/e4x/Regress/regress-301573.js, opt=0]" classname="org.mozilla.javascript.tests.MozillaSuiteTest" time="0.01"/>
  <testcase name="runMozillaTest[2471, js=testsrc/tests/e4x/Regress/regress-301596.js, opt=0]" classname="org.mozilla.javascript.tests.MozillaSuiteTest" time="0.027"/>
  <testcase name="runMozillaTest[2472, js=testsrc/tests/e4x/Regress/regress-301692.js, opt=0]" classname="org.mozilla.javascript.tests.MozillaSuiteTest" time="0.029"/>
  <testcase name="runMozillaTest[2473, js=testsrc/tests/e4x/Regress/regress-313799.js, opt=0]" classname="org.mozilla.javascript.tests.MozillaSuiteTest" time="0.042"/>
  <testcase name="runMozillaTest[2474, js=testsrc/tests/e4x/Regress/regress-318922.js, opt=0]" classname="org.mozilla.javascript.tests.MozillaSuiteTest" time="0.008"/>
  <testcase name="runMozillaTest[2475, js=testsrc/tests/e4x/Regress/regress-325425.js, opt=0]" classname="org.mozilla.javascript.tests.MozillaSuiteTest" time="0.022"/>
  <testcase name="runMozillaTest[2476, js=testsrc/tests/e4x/Regress/regress-327691-01.js, opt=0]" classname="org.mozilla.javascript.tests.MozillaSuiteTest" time="0.014"/>
  <testcase name="runMozillaTest[2477, js=testsrc/tests/e4x/Regress/regress-327691-02.js, opt=0]" classname="org.mozilla.javascript.tests.MozillaSuiteTest" time="0.176"/>
  <testcase name="runMozillaTest[2478, js=testsrc/tests/e4x/Regress/regress-327697.js, opt=0]" classname="org.mozilla.javascript.tests.MozillaSuiteTest" time="0.009"/>
  <testcase name="runMozillaTest[2479, js=testsrc/tests/e4x/Regress/regress-328249.js, opt=0]" classname="org.mozilla.javascript.tests.MozillaSuiteTest" time="0.022"/>
  <testcase name="runMozillaTest[2480, js=testsrc/tests/e4x/Regress/regress-329257.js, opt=0]" classname="org.mozilla.javascript.tests.MozillaSuiteTest" time="0.029"/>
  <testcase name="runMozillaTest[2481, js=testsrc/tests/e4x/Regress/regress-331664.js, opt=0]" classname="org.mozilla.javascript.tests.MozillaSuiteTest" time="0.028"/>
  <testcase name="runMozillaTest[2482, js=testsrc/tests/e4x/Regress/regress-350206-1.js, opt=0]" classname="org.mozilla.javascript.tests.MozillaSuiteTest" time="0.01"/>
  <testcase name="runMozillaTest[2483, js=testsrc/tests/e4x/Regress/regress-350206.js, opt=0]" classname="org.mozilla.javascript.tests.MozillaSuiteTest" time="0.02"/>
  <testcase name="runMozillaTest[2484, js=testsrc/tests/e4x/Regress/regress-352103.js, opt=0]" classname="org.mozilla.javascript.tests.MozillaSuiteTest" time="0.005"/>
  <testcase name="runMozillaTest[2485, js=testsrc/tests/e4x/Regress/regress-354145-01.js, opt=0]" classname="org.mozilla.javascript.tests.MozillaSuiteTest" time="0.043"/>
  <testcase name="runMozillaTest[2486, js=testsrc/tests/e4x/Regress/regress-354145-02.js, opt=0]" classname="org.mozilla.javascript.tests.MozillaSuiteTest" time="0.155"/>
  <testcase name="runMozillaTest[2487, js=testsrc/tests/e4x/Regress/regress-354145-03.js, opt=0]" classname="org.mozilla.javascript.tests.MozillaSuiteTest" time="0.175"/>
  <testcase name="runMozillaTest[2488, js=testsrc/tests/e4x/Regress/regress-354145-04.js, opt=0]" classname="org.mozilla.javascript.tests.MozillaSuiteTest" time="0.13"/>
  <testcase name="runMozillaTest[2489, js=testsrc/tests/e4x/Regress/regress-354145-05.js, opt=0]" classname="org.mozilla.javascript.tests.MozillaSuiteTest" time="0.16"/>
  <testcase name="runMozillaTest[2490, js=testsrc/tests/e4x/Regress/regress-354145-07.js, opt=0]" classname="org.mozilla.javascript.tests.MozillaSuiteTest" time="0.031"/>
  <testcase name="runMozillaTest[2491, js=testsrc/tests/e4x/Regress/regress-355474-02.js, opt=0]" classname="org.mozilla.javascript.tests.MozillaSuiteTest" time="0.007"/>
  <testcase name="runMozillaTest[2492, js=testsrc/tests/e4x/Regress/regress-356238-01.js, opt=0]" classname="org.mozilla.javascript.tests.MozillaSuiteTest" time="0.036"/>
  <testcase name="runMozillaTest[2493, js=testsrc/tests/e4x/Regress/regress-369032.js, opt=0]" classname="org.mozilla.javascript.tests.MozillaSuiteTest" time="0.026"/>
  <testcase name="runMozillaTest[2494, js=testsrc/tests/e4x/Regress/regress-369536.js, opt=0]" classname="org.mozilla.javascript.tests.MozillaSuiteTest" time="0.004"/>
  <testcase name="runMozillaTest[2495, js=testsrc/tests/e4x/Regress/regress-372564.js, opt=0]" classname="org.mozilla.javascript.tests.MozillaSuiteTest" time="0.026"/>
  <testcase name="runMozillaTest[2496, js=testsrc/tests/e4x/Regress/regress-374106.js, opt=0]" classname="org.mozilla.javascript.tests.MozillaSuiteTest" time="0.004"/>
  <testcase name="runMozillaTest[2497, js=testsrc/tests/e4x/Regress/regress-374112.js, opt=0]" classname="org.mozilla.javascript.tests.MozillaSuiteTest" time="0.019"/>
  <testcase name="runMozillaTest[2498, js=testsrc/tests/e4x/Regress/regress-374116.js, opt=0]" classname="org.mozilla.javascript.tests.MozillaSuiteTest" time="0.017"/>
  <testcase name="runMozillaTest[2499, js=testsrc/tests/e4x/Regress/regress-374160.js, opt=0]" classname="org.mozilla.javascript.tests.MozillaSuiteTest" time="0.005"/>
  <testcase name="runMozillaTest[2500, js=testsrc/tests/e4x/Regress/regress-375406.js, opt=0]" classname="org.mozilla.javascript.tests.MozillaSuiteTest" time="0.023"/>
  <testcase name="runMozillaTest[2501, js=testsrc/tests/e4x/Regress/regress-378492.js, opt=0]" classname="org.mozilla.javascript.tests.MozillaSuiteTest" time="0.023"/>
  <testcase name="runMozillaTest[2502, js=testsrc/tests/e4x/Regress/regress-407323.js, opt=0]" classname="org.mozilla.javascript.tests.MozillaSuiteTest" time="0.003"/>
  <testcase name="runMozillaTest[2503, js=testsrc/tests/e4x/Regress/regress-426520.js, opt=0]" classname="org.mozilla.javascript.tests.MozillaSuiteTest" time="0.022"/>
  <testcase name="runMozillaTest[2504, js=testsrc/tests/e4x/Regress/regress-453915.js, opt=0]" classname="org.mozilla.javascript.tests.MozillaSuiteTest" time="0.03"/>
  <testcase name="runMozillaTest[2505, js=testsrc/tests/e4x/Regress/regress-460180.js, opt=0]" classname="org.mozilla.javascript.tests.MozillaSuiteTest" time="0.012"/>
  <testcase name="runMozillaTest[2506, js=testsrc/tests/e4x/Regress/regress-465063.js, opt=0]" classname="org.mozilla.javascript.tests.MozillaSuiteTest" time="0.02"/>
  <testcase name="runMozillaTest[2507, js=testsrc/tests/e4x/Regress/regress-470619.js, opt=0]" classname="org.mozilla.javascript.tests.MozillaSuiteTest" time="0.004"/>
  <testcase name="runMozillaTest[2508, js=testsrc/tests/e4x/Regress/regress-473709.js, opt=0]" classname="org.mozilla.javascript.tests.MozillaSuiteTest" time="0.016"/>
  <testcase name="runMozillaTest[2509, js=testsrc/tests/e4x/Regress/regress-474319.js, opt=0]" classname="org.mozilla.javascript.tests.MozillaSuiteTest" time="0.029"/>
  <testcase name="runMozillaTest[2510, js=testsrc/tests/e4x/Regress/regress-477053.js, opt=0]" classname="org.mozilla.javascript.tests.MozillaSuiteTest" time="0.03"/>
  <testcase name="runMozillaTest[2511, js=testsrc/tests/e4x/Statements/12.1.js, opt=0]" classname="org.mozilla.javascript.tests.MozillaSuiteTest" time="0.032"/>
  <testcase name="runMozillaTest[2512, js=testsrc/tests/e4x/Statements/12.2.js, opt=0]" classname="org.mozilla.javascript.tests.MozillaSuiteTest" time="0.057"/>
  <testcase name="runMozillaTest[2513, js=testsrc/tests/e4x/Statements/12.3-01.js, opt=0]" classname="org.mozilla.javascript.tests.MozillaSuiteTest" time="0.004"/>
  <testcase name="runMozillaTest[2514, js=testsrc/tests/e4x/TypeConversion/10.1.1.js, opt=0]" classname="org.mozilla.javascript.tests.MozillaSuiteTest" time="0.048"/>
  <testcase name="runMozillaTest[2515, js=testsrc/tests/e4x/TypeConversion/10.1.2.js, opt=0]" classname="org.mozilla.javascript.tests.MozillaSuiteTest" time="0.011"/>
  <testcase name="runMozillaTest[2516, js=testsrc/tests/e4x/TypeConversion/10.3.1.js, opt=0]" classname="org.mozilla.javascript.tests.MozillaSuiteTest" time="0.027"/>
  <testcase name="runMozillaTest[2517, js=testsrc/tests/e4x/TypeConversion/10.3.js, opt=0]" classname="org.mozilla.javascript.tests.MozillaSuiteTest" time="0.025"/>
  <testcase name="runMozillaTest[2518, js=testsrc/tests/e4x/TypeConversion/10.4.1.js, opt=0]" classname="org.mozilla.javascript.tests.MozillaSuiteTest" time="0.033"/>
  <testcase name="runMozillaTest[2519, js=testsrc/tests/e4x/TypeConversion/10.4.js, opt=0]" classname="org.mozilla.javascript.tests.MozillaSuiteTest" time="0.011"/>
  <testcase name="runMozillaTest[2520, js=testsrc/tests/e4x/Types/9.1.1.1.js, opt=0]" classname="org.mozilla.javascript.tests.MozillaSuiteTest" time="0.102"/>
  <testcase name="runMozillaTest[2521, js=testsrc/tests/e4x/Types/9.1.1.2.js, opt=0]" classname="org.mozilla.javascript.tests.MozillaSuiteTest" time="0.029"/>
  <testcase name="runMozillaTest[2522, js=testsrc/tests/e4x/Types/9.1.1.3.js, opt=0]" classname="org.mozilla.javascript.tests.MozillaSuiteTest" time="0.029"/>
  <testcase name="runMozillaTest[2523, js=testsrc/tests/e4x/Types/9.1.1.6.js, opt=0]" classname="org.mozilla.javascript.tests.MozillaSuiteTest" time="0.024"/>
  <testcase name="runMozillaTest[2524, js=testsrc/tests/e4x/Types/9.2.1.1.js, opt=0]" classname="org.mozilla.javascript.tests.MozillaSuiteTest" time="0.036"/>
  <testcase name="runMozillaTest[2525, js=testsrc/tests/e4x/Types/9.2.1.2.js, opt=0]" classname="org.mozilla.javascript.tests.MozillaSuiteTest" time="0.03"/>
  <testcase name="runMozillaTest[2526, js=testsrc/tests/e4x/Types/9.2.1.8.js, opt=0]" classname="org.mozilla.javascript.tests.MozillaSuiteTest" time="0.01"/>
  <testcase name="runMozillaTest[2527, js=testsrc/tests/e4x/XML/13.4.1.js, opt=0]" classname="org.mozilla.javascript.tests.MozillaSuiteTest" time="0.019"/>
  <testcase name="runMozillaTest[2528, js=testsrc/tests/e4x/XML/13.4.2.js, opt=0]" classname="org.mozilla.javascript.tests.MozillaSuiteTest" time="0.029"/>
  <testcase name="runMozillaTest[2529, js=testsrc/tests/e4x/XML/13.4.3.10.js, opt=0]" classname="org.mozilla.javascript.tests.MozillaSuiteTest" time="0.042"/>
  <testcase name="runMozillaTest[2530, js=testsrc/tests/e4x/XML/13.4.4.11.js, opt=0]" classname="org.mozilla.javascript.tests.MozillaSuiteTest" time="0.005"/>
  <testcase name="runMozillaTest[2531, js=testsrc/tests/e4x/XML/13.4.4.12-1.js, opt=0]" classname="org.mozilla.javascript.tests.MozillaSuiteTest" time="0.022"/>
  <testcase name="runMozillaTest[2532, js=testsrc/tests/e4x/XML/13.4.4.12.js, opt=0]" classname="org.mozilla.javascript.tests.MozillaSuiteTest" time="0.051"/>
  <testcase name="runMozillaTest[2533, js=testsrc/tests/e4x/XML/13.4.4.13.js, opt=0]" classname="org.mozilla.javascript.tests.MozillaSuiteTest" time="0.004"/>
  <testcase name="runMozillaTest[2534, js=testsrc/tests/e4x/XML/13.4.4.14.js, opt=0]" classname="org.mozilla.javascript.tests.MozillaSuiteTest" time="0.028"/>
  <testcase name="runMozillaTest[2535, js=testsrc/tests/e4x/XML/13.4.4.15.js, opt=0]" classname="org.mozilla.javascript.tests.MozillaSuiteTest" time="0.004"/>
  <testcase name="runMozillaTest[2536, js=testsrc/tests/e4x/XML/13.4.4.16.js, opt=0]" classname="org.mozilla.javascript.tests.MozillaSuiteTest" time="0.02"/>
  <testcase name="runMozillaTest[2537, js=testsrc/tests/e4x/XML/13.4.4.18.js, opt=0]" classname="org.mozilla.javascript.tests.MozillaSuiteTest" time="0.009"/>
  <testcase name="runMozillaTest[2538, js=testsrc/tests/e4x/XML/13.4.4.19.js, opt=0]" classname="org.mozilla.javascript.tests.MozillaSuiteTest" time="0.015"/>
  <testcase name="runMozillaTest[2539, js=testsrc/tests/e4x/XML/13.4.4.2.js, opt=0]" classname="org.mozilla.javascript.tests.MozillaSuiteTest" time="0.032"/>
  <testcase name="runMozillaTest[2540, js=testsrc/tests/e4x/XML/13.4.4.20.js, opt=0]" classname="org.mozilla.javascript.tests.MozillaSuiteTest" time="0.019"/>
  <testcase name="runMozillaTest[2541, js=testsrc/tests/e4x/XML/13.4.4.21.js, opt=0]" classname="org.mozilla.javascript.tests.MozillaSuiteTest" time="0.01"/>
  <testcase name="runMozillaTest[2542, js=testsrc/tests/e4x/XML/13.4.4.22.js, opt=0]" classname="org.mozilla.javascript.tests.MozillaSuiteTest" time="0.026"/>
  <testcase name="runMozillaTest[2543, js=testsrc/tests/e4x/XML/13.4.4.23.js, opt=0]" classname="org.mozilla.javascript.tests.MozillaSuiteTest" time="0.039"/>
  <testcase name="runMozillaTest[2544, js=testsrc/tests/e4x/XML/13.4.4.24.js, opt=0]" classname="org.mozilla.javascript.tests.MozillaSuiteTest" time="0.015"/>
  <testcase name="runMozillaTest[2545, js=testsrc/tests/e4x/XML/13.4.4.25.js, opt=0]" classname="org.mozilla.javascript.tests.MozillaSuiteTest" time="0.004"/>
  <testcase name="runMozillaTest[2546, js=testsrc/tests/e4x/XML/13.4.4.27.js, opt=0]" classname="org.mozilla.javascript.tests.MozillaSuiteTest" time="0.025"/>
  <testcase name="runMozillaTest[2547, js=testsrc/tests/e4x/XML/13.4.4.29.js, opt=0]" classname="org.mozilla.javascript.tests.MozillaSuiteTest" time="0.009"/>
  <testcase name="runMozillaTest[2548, js=testsrc/tests/e4x/XML/13.4.4.3.js, opt=0]" classname="org.mozilla.javascript.tests.MozillaSuiteTest" time="0.016"/>
  <testcase name="runMozillaTest[2549, js=testsrc/tests/e4x/XML/13.4.4.30.js, opt=0]" classname="org.mozilla.javascript.tests.MozillaSuiteTest" time="0.043"/>
  <testcase name="runMozillaTest[2550, js=testsrc/tests/e4x/XML/13.4.4.31.js, opt=0]" classname="org.mozilla.javascript.tests.MozillaSuiteTest" time="0.004"/>
  <testcase name="runMozillaTest[2551, js=testsrc/tests/e4x/XML/13.4.4.32-01.js, opt=0]" classname="org.mozilla.javascript.tests.MozillaSuiteTest" time="0.016"/>
  <testcase name="runMozillaTest[2552, js=testsrc/tests/e4x/XML/13.4.4.32.js, opt=0]" classname="org.mozilla.javascript.tests.MozillaSuiteTest" time="0.019"/>
  <testcase name="runMozillaTest[2553, js=testsrc/tests/e4x/XML/13.4.4.33.js, opt=0]" classname="org.mozilla.javascript.tests.MozillaSuiteTest" time="0.018"/>
  <testcase name="runMozillaTest[2554, js=testsrc/tests/e4x/XML/13.4.4.34.js, opt=0]" classname="org.mozilla.javascript.tests.MozillaSuiteTest" time="0.043"/>
  <testcase name="runMozillaTest[2555, js=testsrc/tests/e4x/XML/13.4.4.35.js, opt=0]" classname="org.mozilla.javascript.tests.MozillaSuiteTest" time="0.005"/>
  <testcase name="runMozillaTest[2556, js=testsrc/tests/e4x/XML/13.4.4.36.js, opt=0]" classname="org.mozilla.javascript.tests.MozillaSuiteTest" time="0.028"/>
  <testcase name="runMozillaTest[2557, js=testsrc/tests/e4x/XML/13.4.4.37.js, opt=0]" classname="org.mozilla.javascript.tests.MozillaSuiteTest" time="0.007"/>
  <testcase name="runMozillaTest[2558, js=testsrc/tests/e4x/XML/13.4.4.38.js, opt=0]" classname="org.mozilla.javascript.tests.MozillaSuiteTest" time="0.014"/>
  <testcase name="runMozillaTest[2559, js=testsrc/tests/e4x/XML/13.4.4.39.js, opt=0]" classname="org.mozilla.javascript.tests.MozillaSuiteTest" time="0.055"/>
  <testcase name="runMozillaTest[2560, js=testsrc/tests/e4x/XML/13.4.4.4.js, opt=0]" classname="org.mozilla.javascript.tests.MozillaSuiteTest" time="0.01"/>
  <testcase name="runMozillaTest[2561, js=testsrc/tests/e4x/XML/13.4.4.40.js, opt=0]" classname="org.mozilla.javascript.tests.MozillaSuiteTest" time="0.023"/>
  <testcase name="runMozillaTest[2562, js=testsrc/tests/e4x/XML/13.4.4.5.js, opt=0]" classname="org.mozilla.javascript.tests.MozillaSuiteTest" time="0.009"/>
  <testcase name="runMozillaTest[2563, js=testsrc/tests/e4x/XML/13.4.4.6.js, opt=0]" classname="org.mozilla.javascript.tests.MozillaSuiteTest" time="0.028"/>
  <testcase name="runMozillaTest[2564, js=testsrc/tests/e4x/XML/13.4.4.7.js, opt=0]" classname="org.mozilla.javascript.tests.MozillaSuiteTest" time="0.022"/>
  <testcase name="runMozillaTest[2565, js=testsrc/tests/e4x/XML/13.4.4.8.js, opt=0]" classname="org.mozilla.javascript.tests.MozillaSuiteTest" time="0.026"/>
  <testcase name="runMozillaTest[2566, js=testsrc/tests/e4x/XML/13.4.4.9.js, opt=0]" classname="org.mozilla.javascript.tests.MozillaSuiteTest" time="0.004"/>
  <testcase name="runMozillaTest[2567, js=testsrc/tests/e4x/XML/regress-291930.js, opt=0]" classname="org.mozilla.javascript.tests.MozillaSuiteTest" time="0.022"/>
  <testcase name="runMozillaTest[2568, js=testsrc/tests/e4x/XML/regress-324688.js, opt=0]" classname="org.mozilla.javascript.tests.MozillaSuiteTest" time="0.026"/>
  <testcase name="runMozillaTest[2569, js=testsrc/tests/e4x/XML/regress-336921.js, opt=0]" classname="org.mozilla.javascript.tests.MozillaSuiteTest" time="0.019"/>
  <testcase name="runMozillaTest[2570, js=testsrc/tests/e4x/XMLList/13.5.1.js, opt=0]" classname="org.mozilla.javascript.tests.MozillaSuiteTest" time="0.023"/>
  <testcase name="runMozillaTest[2571, js=testsrc/tests/e4x/XMLList/13.5.2.js, opt=0]" classname="org.mozilla.javascript.tests.MozillaSuiteTest" time="0.024"/>
  <testcase name="runMozillaTest[2572, js=testsrc/tests/e4x/XMLList/13.5.4.10.js, opt=0]" classname="org.mozilla.javascript.tests.MozillaSuiteTest" time="0.018"/>
  <testcase name="runMozillaTest[2573, js=testsrc/tests/e4x/XMLList/13.5.4.11.js, opt=0]" classname="org.mozilla.javascript.tests.MozillaSuiteTest" time="0.036"/>
  <testcase name="runMozillaTest[2574, js=testsrc/tests/e4x/XMLList/13.5.4.12.js, opt=0]" classname="org.mozilla.javascript.tests.MozillaSuiteTest" time="0.004"/>
  <testcase name="runMozillaTest[2575, js=testsrc/tests/e4x/XMLList/13.5.4.13.js, opt=0]" classname="org.mozilla.javascript.tests.MozillaSuiteTest" time="0.026"/>
  <testcase name="runMozillaTest[2576, js=testsrc/tests/e4x/XMLList/13.5.4.14.js, opt=0]" classname="org.mozilla.javascript.tests.MozillaSuiteTest" time="0.012"/>
  <testcase name="runMozillaTest[2577, js=testsrc/tests/e4x/XMLList/13.5.4.15.js, opt=0]" classname="org.mozilla.javascript.tests.MozillaSuiteTest" time="0.037"/>
  <testcase name="runMozillaTest[2578, js=testsrc/tests/e4x/XMLList/13.5.4.16.js, opt=0]" classname="org.mozilla.javascript.tests.MozillaSuiteTest" time="0.014"/>
  <testcase name="runMozillaTest[2579, js=testsrc/tests/e4x/XMLList/13.5.4.17.js, opt=0]" classname="org.mozilla.javascript.tests.MozillaSuiteTest" time="0.016"/>
  <testcase name="runMozillaTest[2580, js=testsrc/tests/e4x/XMLList/13.5.4.18.js, opt=0]" classname="org.mozilla.javascript.tests.MozillaSuiteTest" time="0.017"/>
  <testcase name="runMozillaTest[2581, js=testsrc/tests/e4x/XMLList/13.5.4.19.js, opt=0]" classname="org.mozilla.javascript.tests.MozillaSuiteTest" time="0.003"/>
  <testcase name="runMozillaTest[2582, js=testsrc/tests/e4x/XMLList/13.5.4.2.js, opt=0]" classname="org.mozilla.javascript.tests.MozillaSuiteTest" time="0.033"/>
  <testcase name="runMozillaTest[2583, js=testsrc/tests/e4x/XMLList/13.5.4.20.js, opt=0]" classname="org.mozilla.javascript.tests.MozillaSuiteTest" time="0.04"/>
  <testcase name="runMozillaTest[2584, js=testsrc/tests/e4x/XMLList/13.5.4.21.js, opt=0]" classname="org.mozilla.javascript.tests.MozillaSuiteTest" time="0.006"/>
  <testcase name="runMozillaTest[2585, js=testsrc/tests/e4x/XMLList/13.5.4.22.js, opt=0]" classname="org.mozilla.javascript.tests.MozillaSuiteTest" time="0.011"/>
  <testcase name="runMozillaTest[2586, js=testsrc/tests/e4x/XMLList/13.5.4.3.js, opt=0]" classname="org.mozilla.javascript.tests.MozillaSuiteTest" time="0.017"/>
  <testcase name="runMozillaTest[2587, js=testsrc/tests/e4x/XMLList/13.5.4.4.js, opt=0]" classname="org.mozilla.javascript.tests.MozillaSuiteTest" time="0.023"/>
  <testcase name="runMozillaTest[2588, js=testsrc/tests/e4x/XMLList/13.5.4.5.js, opt=0]" classname="org.mozilla.javascript.tests.MozillaSuiteTest" time="0.037"/>
  <testcase name="runMozillaTest[2589, js=testsrc/tests/e4x/XMLList/13.5.4.6.js, opt=0]" classname="org.mozilla.javascript.tests.MozillaSuiteTest" time="0.009"/>
  <testcase name="runMozillaTest[2590, js=testsrc/tests/e4x/XMLList/13.5.4.7.js, opt=0]" classname="org.mozilla.javascript.tests.MozillaSuiteTest" time="0.021"/>
  <testcase name="runMozillaTest[2591, js=testsrc/tests/e4x/XMLList/13.5.4.8.js, opt=0]" classname="org.mozilla.javascript.tests.MozillaSuiteTest" time="0.013"/>
  <testcase name="runMozillaTest[2592, js=testsrc/tests/e4x/XMLList/13.5.4.9.js, opt=0]" classname="org.mozilla.javascript.tests.MozillaSuiteTest" time="0.055"/>
  <testcase name="runMozillaTest[2593, js=testsrc/tests/e4x/decompilation/regress-349814.js, opt=0]" classname="org.mozilla.javascript.tests.MozillaSuiteTest" time="0.004"/>
  <testcase name="runMozillaTest[2594, js=testsrc/tests/e4x/decompilation/regress-349815.js, opt=0]" classname="org.mozilla.javascript.tests.MozillaSuiteTest" time="0.002"/>
  <testcase name="runMozillaTest[2595, js=testsrc/tests/e4x/decompilation/regress-349822.js, opt=0]" classname="org.mozilla.javascript.tests.MozillaSuiteTest" time="0.027"/>
  <testcase name="runMozillaTest[2596, js=testsrc/tests/e4x/decompilation/regress-349956.js, opt=0]" classname="org.mozilla.javascript.tests.MozillaSuiteTest" time="0.007"/>
  <testcase name="runMozillaTest[2597, js=testsrc/tests/e4x/decompilation/regress-355101.js, opt=0]" classname="org.mozilla.javascript.tests.MozillaSuiteTest" time="0.003"/>
  <testcase name="runMozillaTest[2598, js=testsrc/tests/e4x/decompilation/regress-355474-01.js, opt=0]" classname="org.mozilla.javascript.tests.MozillaSuiteTest" time="0.035"/>
  <testcase name="runMozillaTest[2599, js=testsrc/tests/e4x/decompilation/regress-373678.js, opt=0]" classname="org.mozilla.javascript.tests.MozillaSuiteTest" time="0.009"/>
  <testcase name="runMozillaTest[2600, js=testsrc/tests/e4x/decompilation/regress-429249.js, opt=0]" classname="org.mozilla.javascript.tests.MozillaSuiteTest" time="0.02"/>
  <testcase name="runMozillaTest[2601, js=testsrc/tests/e4x/extensions/regress-305335.js, opt=0]" classname="org.mozilla.javascript.tests.MozillaSuiteTest" time="0.004"/>
  <testcase name="runMozillaTest[2602, js=testsrc/tests/e4x/extensions/regress-321547.js, opt=0]" classname="org.mozilla.javascript.tests.MozillaSuiteTest" time="0.029"/>
  <testcase name="runMozillaTest[2603, js=testsrc/tests/e4x/extensions/regress-327534.js, opt=0]" classname="org.mozilla.javascript.tests.MozillaSuiteTest" time="0.004"/>
  <testcase name="runMozillaTest[2604, js=testsrc/tests/e4x/extensions/regress-327897.js, opt=0]" classname="org.mozilla.javascript.tests.MozillaSuiteTest" time="0.018"/>
  <testcase name="runMozillaTest[2605, js=testsrc/tests/e4x/extensions/regress-354145-06.js, opt=0]" classname="org.mozilla.javascript.tests.MozillaSuiteTest" time="0.315"/>
  <testcase name="runMozillaTest[2606, js=testsrc/tests/e4x/extensions/regress-354151-01.js, opt=0]" classname="org.mozilla.javascript.tests.MozillaSuiteTest" time="0.032"/>
  <testcase name="runMozillaTest[2607, js=testsrc/tests/e4x/extensions/regress-354151-02.js, opt=0]" classname="org.mozilla.javascript.tests.MozillaSuiteTest" time="0.009"/>
  <testcase name="runMozillaTest[2608, js=testsrc/tests/e4x/extensions/regress-374025.js, opt=0]" classname="org.mozilla.javascript.tests.MozillaSuiteTest" time="0.025"/>
  <testcase name="runMozillaTest[2609, js=testsrc/tests/e4x/extensions/regress-450871-01.js, opt=0]" classname="org.mozilla.javascript.tests.MozillaSuiteTest" time="0.008"/>
  <testcase name="runMozillaTest[2610, js=testsrc/tests/e4x/extensions/regress-450871-02.js, opt=0]" classname="org.mozilla.javascript.tests.MozillaSuiteTest" time="0.028"/>
  <testcase name="runMozillaTest[2611, js=testsrc/tests/e4x/extensions/regress-462734-01.js, opt=0]" classname="org.mozilla.javascript.tests.MozillaSuiteTest" time="0.027"/>
  <testcase name="runMozillaTest[2612, js=testsrc/tests/ecma/Array/15.4-1.js, opt=0]" classname="org.mozilla.javascript.tests.MozillaSuiteTest" time="0.147"/>
  <testcase name="runMozillaTest[2613, js=testsrc/tests/ecma/Array/15.4-2.js, opt=0]" classname="org.mozilla.javascript.tests.MozillaSuiteTest" time="0.046"/>
  <testcase name="runMozillaTest[2614, js=testsrc/tests/ecma/Array/15.4.1.1.js, opt=0]" classname="org.mozilla.javascript.tests.MozillaSuiteTest" time="0.017"/>
  <testcase name="runMozillaTest[2615, js=testsrc/tests/ecma/Array/15.4.1.2.js, opt=0]" classname="org.mozilla.javascript.tests.MozillaSuiteTest" time="0.014"/>
  <testcase name="runMozillaTest[2616, js=testsrc/tests/ecma/Array/15.4.1.3.js, opt=0]" classname="org.mozilla.javascript.tests.MozillaSuiteTest" time="0.017"/>
  <testcase name="runMozillaTest[2617, js=testsrc/tests/ecma/Array/15.4.1.js, opt=0]" classname="org.mozilla.javascript.tests.MozillaSuiteTest" time="0.028"/>
  <testcase name="runMozillaTest[2618, js=testsrc/tests/ecma/Array/15.4.2.1-1.js, opt=0]" classname="org.mozilla.javascript.tests.MozillaSuiteTest" time="0.035"/>
  <testcase name="runMozillaTest[2619, js=testsrc/tests/ecma/Array/15.4.2.1-2.js, opt=0]" classname="org.mozilla.javascript.tests.MozillaSuiteTest" time="0.085"/>
  <testcase name="runMozillaTest[2620, js=testsrc/tests/ecma/Array/15.4.2.1-3.js, opt=0]" classname="org.mozilla.javascript.tests.MozillaSuiteTest" time="0.08"/>
  <testcase name="runMozillaTest[2621, js=testsrc/tests/ecma/Array/15.4.2.2-1.js, opt=0]" classname="org.mozilla.javascript.tests.MozillaSuiteTest" time="0.007"/>
  <testcase name="runMozillaTest[2622, js=testsrc/tests/ecma/Array/15.4.2.2-2.js, opt=0]" classname="org.mozilla.javascript.tests.MozillaSuiteTest" time="0.032"/>
  <testcase name="runMozillaTest[2623, js=testsrc/tests/ecma/Array/15.4.2.3.js, opt=0]" classname="org.mozilla.javascript.tests.MozillaSuiteTest" time="0.011"/>
  <testcase name="runMozillaTest[2624, js=testsrc/tests/ecma/Array/15.4.3.1-2.js, opt=0]" classname="org.mozilla.javascript.tests.MozillaSuiteTest" time="0.015"/>
  <testcase name="runMozillaTest[2625, js=testsrc/tests/ecma/Array/15.4.3.2.js, opt=0]" classname="org.mozilla.javascript.tests.MozillaSuiteTest" time="0.019"/>
  <testcase name="runMozillaTest[2626, js=testsrc/tests/ecma/Array/15.4.4.1.js, opt=0]" classname="org.mozilla.javascript.tests.MozillaSuiteTest" time="0.016"/>
  <testcase name="runMozillaTest[2627, js=testsrc/tests/ecma/Array/15.4.4.2.js, opt=0]" classname="org.mozilla.javascript.tests.MozillaSuiteTest" time="0.031"/>
  <testcase name="runMozillaTest[2628, js=testsrc/tests/ecma/Array/15.4.4.3-1.js, opt=0]" classname="org.mozilla.javascript.tests.MozillaSuiteTest" time="0.04"/>
  <testcase name="runMozillaTest[2629, js=testsrc/tests/ecma/Array/15.4.4.4-1.js, opt=0]" classname="org.mozilla.javascript.tests.MozillaSuiteTest" time="0.168"/>
  <testcase name="runMozillaTest[2630, js=testsrc/tests/ecma/Array/15.4.4.4-2.js, opt=0]" classname="org.mozilla.javascript.tests.MozillaSuiteTest" time="0.022"/>
  <testcase name="runMozillaTest[2631, js=testsrc/tests/ecma/Array/15.4.4.5-1.js, opt=0]" classname="org.mozilla.javascript.tests.MozillaSuiteTest" time="0.048"/>
  <testcase name="runMozillaTest[2632, js=testsrc/tests/ecma/Array/15.4.4.5-2.js, opt=0]" classname="org.mozilla.javascript.tests.MozillaSuiteTest" time="0.029"/>
  <testcase name="runMozillaTest[2633, js=testsrc/tests/ecma/Array/15.4.4.5-3.js, opt=0]" classname="org.mozilla.javascript.tests.MozillaSuiteTest" time="0.08"/>
  <testcase name="runMozillaTest[2634, js=testsrc/tests/ecma/Array/15.4.4.js, opt=0]" classname="org.mozilla.javascript.tests.MozillaSuiteTest" time="0.01"/>
  <testcase name="runMozillaTest[2635, js=testsrc/tests/ecma/Array/15.4.5.1-2.js, opt=0]" classname="org.mozilla.javascript.tests.MozillaSuiteTest" time="0.02"/>
  <testcase name="runMozillaTest[2636, js=testsrc/tests/ecma/Array/15.4.5.2-1.js, opt=0]" classname="org.mozilla.javascript.tests.MozillaSuiteTest" time="0.028"/>
  <testcase name="runMozillaTest[2637, js=testsrc/tests/ecma/Array/15.4.5.2-2.js, opt=0]" classname="org.mozilla.javascript.tests.MozillaSuiteTest" time="0.093"/>
  <testcase name="runMozillaTest[2638, js=testsrc/tests/ecma/Boolean/15.6.1.js, opt=0]" classname="org.mozilla.javascript.tests.MozillaSuiteTest" time="0.029"/>
  <testcase name="runMozillaTest[2639, js=testsrc/tests/ecma/Boolean/15.6.2.js, opt=0]" classname="org.mozilla.javascript.tests.MozillaSuiteTest" time="0.04"/>
  <testcase name="runMozillaTest[2640, js=testsrc/tests/ecma/Boolean/15.6.3.1-1.js, opt=0]" classname="org.mozilla.javascript.tests.MozillaSuiteTest" time="0.014"/>
  <testcase name="runMozillaTest[2641, js=testsrc/tests/ecma/Boolean/15.6.3.1-2.js, opt=0]" classname="org.mozilla.javascript.tests.MozillaSuiteTest" time="0.016"/>
  <testcase name="runMozillaTest[2642, js=testsrc/tests/ecma/Boolean/15.6.3.1-3.js, opt=0]" classname="org.mozilla.javascript.tests.MozillaSuiteTest" time="0.029"/>
  <testcase name="runMozillaTest[2643, js=testsrc/tests/ecma/Boolean/15.6.3.1-4.js, opt=0]" classname="org.mozilla.javascript.tests.MozillaSuiteTest" time="0.031"/>
  <testcase name="runMozillaTest[2644, js=testsrc/tests/ecma/Boolean/15.6.3.1.js, opt=0]" classname="org.mozilla.javascript.tests.MozillaSuiteTest" time="0.003"/>
  <testcase name="runMozillaTest[2645, js=testsrc/tests/ecma/Boolean/15.6.4-1.js, opt=0]" classname="org.mozilla.javascript.tests.MozillaSuiteTest" time="0.009"/>
  <testcase name="runMozillaTest[2646, js=testsrc/tests/ecma/Boolean/15.6.4.1.js, opt=0]" classname="org.mozilla.javascript.tests.MozillaSuiteTest" time="0.021"/>
  <testcase name="runMozillaTest[2647, js=testsrc/tests/ecma/Boolean/15.6.4.2-1.js, opt=0]" classname="org.mozilla.javascript.tests.MozillaSuiteTest" time="0.035"/>
  <testcase name="runMozillaTest[2648, js=testsrc/tests/ecma/Boolean/15.6.4.2-2.js, opt=0]" classname="org.mozilla.javascript.tests.MozillaSuiteTest" time="0.004"/>
  <testcase name="runMozillaTest[2649, js=testsrc/tests/ecma/Boolean/15.6.4.2-3.js, opt=0]" classname="org.mozilla.javascript.tests.MozillaSuiteTest" time="0.011"/>
  <testcase name="runMozillaTest[2650, js=testsrc/tests/ecma/Boolean/15.6.4.2-4-n.js, opt=0]" classname="org.mozilla.javascript.tests.MozillaSuiteTest" time="0.027"/>
  <testcase name="runMozillaTest[2651, js=testsrc/tests/ecma/Boolean/15.6.4.3-1.js, opt=0]" classname="org.mozilla.javascript.tests.MozillaSuiteTest" time="0.008"/>
  <testcase name="runMozillaTest[2652, js=testsrc/tests/ecma/Boolean/15.6.4.3-2.js, opt=0]" classname="org.mozilla.javascript.tests.MozillaSuiteTest" time="0.016"/>
  <testcase name="runMozillaTest[2653, js=testsrc/tests/ecma/Boolean/15.6.4.3-3.js, opt=0]" classname="org.mozilla.javascript.tests.MozillaSuiteTest" time="0.025"/>
  <testcase name="runMozillaTest[2654, js=testsrc/tests/ecma/Boolean/15.6.4.3-4-n.js, opt=0]" classname="org.mozilla.javascript.tests.MozillaSuiteTest" time="0.031"/>
  <testcase name="runMozillaTest[2655, js=testsrc/tests/ecma/Boolean/15.6.4.3.js, opt=0]" classname="org.mozilla.javascript.tests.MozillaSuiteTest" time="0.021"/>
  <testcase name="runMozillaTest[2656, js=testsrc/tests/ecma/Boolean/15.6.4.js, opt=0]" classname="org.mozilla.javascript.tests.MozillaSuiteTest" time="0.008"/>
  <testcase name="runMozillaTest[2657, js=testsrc/tests/ecma/Date/15.9.1.1-1.js, opt=0]" classname="org.mozilla.javascript.tests.MozillaSuiteTest" time="0.088"/>
  <testcase name="runMozillaTest[2658, js=testsrc/tests/ecma/Date/15.9.1.1-2.js, opt=0]" classname="org.mozilla.javascript.tests.MozillaSuiteTest" time="0.056"/>
  <testcase name="runMozillaTest[2659, js=testsrc/tests/ecma/Date/15.9.1.13-1.js, opt=0]" classname="org.mozilla.javascript.tests.MozillaSuiteTest" time="0.004"/>
  <testcase name="runMozillaTest[2660, js=testsrc/tests/ecma/Date/15.9.2.1.js, opt=0]" classname="org.mozilla.javascript.tests.MozillaSuiteTest" time="0.033"/>
  <testcase name="runMozillaTest[2661, js=testsrc/tests/ecma/Date/15.9.2.2-1.js, opt=0]" classname="org.mozilla.javascript.tests.MozillaSuiteTest" time="0.023"/>
  <testcase name="runMozillaTest[2662, js=testsrc/tests/ecma/Date/15.9.2.2-2.js, opt=0]" classname="org.mozilla.javascript.tests.MozillaSuiteTest" time="0.004"/>
  <testcase name="runMozillaTest[2663, js=testsrc/tests/ecma/Date/15.9.2.2-3.js, opt=0]" classname="org.mozilla.javascript.tests.MozillaSuiteTest" time="0.012"/>
  <testcase name="runMozillaTest[2664, js=testsrc/tests/ecma/Date/15.9.2.2-4.js, opt=0]" classname="org.mozilla.javascript.tests.MozillaSuiteTest" time="0.028"/>
  <testcase name="runMozillaTest[2665, js=testsrc/tests/ecma/Date/15.9.2.2-5.js, opt=0]" classname="org.mozilla.javascript.tests.MozillaSuiteTest" time="0.03"/>
  <testcase name="runMozillaTest[2666, js=testsrc/tests/ecma/Date/15.9.2.2-6.js, opt=0]" classname="org.mozilla.javascript.tests.MozillaSuiteTest" time="0.01"/>
  <testcase name="runMozillaTest[2667, js=testsrc/tests/ecma/Date/15.9.3.1-1.js, opt=0]" classname="org.mozilla.javascript.tests.MozillaSuiteTest" time="0.08"/>
  <testcase name="runMozillaTest[2668, js=testsrc/tests/ecma/Date/15.9.3.1-2.js, opt=0]" classname="org.mozilla.javascript.tests.MozillaSuiteTest" time="0.038"/>
  <testcase name="runMozillaTest[2669, js=testsrc/tests/ecma/Date/15.9.3.1-3.js, opt=0]" classname="org.mozilla.javascript.tests.MozillaSuiteTest" time="0.008"/>
  <testcase name="runMozillaTest[2670, js=testsrc/tests/ecma/Date/15.9.3.1-4.js, opt=0]" classname="org.mozilla.javascript.tests.MozillaSuiteTest" time="0.054"/>
  <testcase name="runMozillaTest[2671, js=testsrc/tests/ecma/Date/15.9.3.1-5.js, opt=0]" classname="org.mozilla.javascript.tests.MozillaSuiteTest" time="0.028"/>
  <testcase name="runMozillaTest[2672, js=testsrc/tests/ecma/Date/15.9.3.2-1.js, opt=0]" classname="org.mozilla.javascript.tests.MozillaSuiteTest" time="0.023"/>
  <testcase name="runMozillaTest[2673, js=testsrc/tests/ecma/Date/15.9.3.2-2.js, opt=0]" classname="org.mozilla.javascript.tests.MozillaSuiteTest" time="0.03"/>
  <testcase name="runMozillaTest[2674, js=testsrc/tests/ecma/Date/15.9.3.2-3.js, opt=0]" classname="org.mozilla.javascript.tests.MozillaSuiteTest" time="0.046"/>
  <testcase name="runMozillaTest[2675, js=testsrc/tests/ecma/Date/15.9.3.2-4.js, opt=0]" classname="org.mozilla.javascript.tests.MozillaSuiteTest" time="0.027"/>
  <testcase name="runMozillaTest[2676, js=testsrc/tests/ecma/Date/15.9.3.2-5.js, opt=0]" classname="org.mozilla.javascript.tests.MozillaSuiteTest" time="0.055"/>
  <testcase name="runMozillaTest[2677, js=testsrc/tests/ecma/Date/15.9.3.8-1.js, opt=0]" classname="org.mozilla.javascript.tests.MozillaSuiteTest" time="0.033"/>
  <testcase name="runMozillaTest[2678, js=testsrc/tests/ecma/Date/15.9.3.8-2.js, opt=0]" classname="org.mozilla.javascript.tests.MozillaSuiteTest" time="0.046"/>
  <testcase name="runMozillaTest[2679, js=testsrc/tests/ecma/Date/15.9.3.8-3.js, opt=0]" classname="org.mozilla.javascript.tests.MozillaSuiteTest" time="0.021"/>
  <testcase name="runMozillaTest[2680, js=testsrc/tests/ecma/Date/15.9.3.8-4.js, opt=0]" classname="org.mozilla.javascript.tests.MozillaSuiteTest" time="0.035"/>
  <testcase name="runMozillaTest[2681, js=testsrc/tests/ecma/Date/15.9.3.8-5.js, opt=0]" classname="org.mozilla.javascript.tests.MozillaSuiteTest" time="0.074"/>
  <testcase name="runMozillaTest[2682, js=testsrc/tests/ecma/Date/15.9.4.2-1.js, opt=0]" classname="org.mozilla.javascript.tests.MozillaSuiteTest" time="0.01"/>
  <testcase name="runMozillaTest[2683, js=testsrc/tests/ecma/Date/15.9.4.2.js, opt=0]" classname="org.mozilla.javascript.tests.MozillaSuiteTest" time="0.027"/>
  <testcase name="runMozillaTest[2684, js=testsrc/tests/ecma/Date/15.9.4.3.js, opt=0]" classname="org.mozilla.javascript.tests.MozillaSuiteTest" time="0.072"/>
  <testcase name="runMozillaTest[2685, js=testsrc/tests/ecma/Date/15.9.5.1.js, opt=0]" classname="org.mozilla.javascript.tests.MozillaSuiteTest" time="0.011"/>
  <testcase name="runMozillaTest[2686, js=testsrc/tests/ecma/Date/15.9.5.10-1.js, opt=0]" classname="org.mozilla.javascript.tests.MozillaSuiteTest" time="0.359"/>
  <testcase name="runMozillaTest[2687, js=testsrc/tests/ecma/Date/15.9.5.10-10.js, opt=0]" classname="org.mozilla.javascript.tests.MozillaSuiteTest" time="0.151"/>
  <testcase name="runMozillaTest[2688, js=testsrc/tests/ecma/Date/15.9.5.10-11.js, opt=0]" classname="org.mozilla.javascript.tests.MozillaSuiteTest" time="0.23"/>
  <testcase name="runMozillaTest[2689, js=testsrc/tests/ecma/Date/15.9.5.10-12.js, opt=0]" classname="org.mozilla.javascript.tests.MozillaSuiteTest" time="0.209"/>
  <testcase name="runMozillaTest[2690, js=testsrc/tests/ecma/Date/15.9.5.10-13.js, opt=0]" classname="org.mozilla.javascript.tests.MozillaSuiteTest" time="0.174"/>
  <testcase name="runMozillaTest[2691, js=testsrc/tests/ecma/Date/15.9.5.10-3.js, opt=0]" classname="org.mozilla.javascript.tests.MozillaSuiteTest" time="0.081"/>
  <testcase name="runMozillaTest[2692, js=testsrc/tests/ecma/Date/15.9.5.10-4.js, opt=0]" classname="org.mozilla.javascript.tests.MozillaSuiteTest" time="0.376"/>
  <testcase name="runMozillaTest[2693, js=testsrc/tests/ecma/Date/15.9.5.10-5.js, opt=0]" classname="org.mozilla.javascript.tests.MozillaSuiteTest" time="0.289"/>
  <testcase name="runMozillaTest[2694, js=testsrc/tests/ecma/Date/15.9.5.10-6.js, opt=0]" classname="org.mozilla.javascript.tests.MozillaSuiteTest" time="0.27"/>
  <testcase name="runMozillaTest[2695, js=testsrc/tests/ecma/Date/15.9.5.10-7.js, opt=0]" classname="org.mozilla.javascript.tests.MozillaSuiteTest" time="0.24"/>
  <testcase name="runMozillaTest[2696, js=testsrc/tests/ecma/Date/15.9.5.10-8.js, opt=0]" classname="org.mozilla.javascript.tests.MozillaSuiteTest" time="0.19"/>
  <testcase name="runMozillaTest[2697, js=testsrc/tests/ecma/Date/15.9.5.10-9.js, opt=0]" classname="org.mozilla.javascript.tests.MozillaSuiteTest" time="0.189"/>
  <testcase name="runMozillaTest[2698, js=testsrc/tests/ecma/Date/15.9.5.11-1.js, opt=0]" classname="org.mozilla.javascript.tests.MozillaSuiteTest" time="0.144"/>
  <testcase name="runMozillaTest[2699, js=testsrc/tests/ecma/Date/15.9.5.11-3.js, opt=0]" classname="org.mozilla.javascript.tests.MozillaSuiteTest" time="0.035"/>
  <testcase name="runMozillaTest[2700, js=testsrc/tests/ecma/Date/15.9.5.11-4.js, opt=0]" classname="org.mozilla.javascript.tests.MozillaSuiteTest" time="0.199"/>
  <testcase name="runMozillaTest[2701, js=testsrc/tests/ecma/Date/15.9.5.11-5.js, opt=0]" classname="org.mozilla.javascript.tests.MozillaSuiteTest" time="0.14"/>
  <testcase name="runMozillaTest[2702, js=testsrc/tests/ecma/Date/15.9.5.11-6.js, opt=0]" classname="org.mozilla.javascript.tests.MozillaSuiteTest" time="0.145"/>
  <testcase name="runMozillaTest[2703, js=testsrc/tests/ecma/Date/15.9.5.11-7.js, opt=0]" classname="org.mozilla.javascript.tests.MozillaSuiteTest" time="0.115"/>
  <testcase name="runMozillaTest[2704, js=testsrc/tests/ecma/Date/15.9.5.12-1.js, opt=0]" classname="org.mozilla.javascript.tests.MozillaSuiteTest" time="0.167"/>
  <testcase name="runMozillaTest[2705, js=testsrc/tests/ecma/Date/15.9.5.12-3.js, opt=0]" classname="org.mozilla.javascript.tests.MozillaSuiteTest" time="0.064"/>
  <testcase name="runMozillaTest[2706, js=testsrc/tests/ecma/Date/15.9.5.12-4.js, opt=0]" classname="org.mozilla.javascript.tests.MozillaSuiteTest" time="0.199"/>
  <testcase name="runMozillaTest[2707, js=testsrc/tests/ecma/Date/15.9.5.12-5.js, opt=0]" classname="org.mozilla.javascript.tests.MozillaSuiteTest" time="0.169"/>
  <testcase name="runMozillaTest[2708, js=testsrc/tests/ecma/Date/15.9.5.12-6.js, opt=0]" classname="org.mozilla.javascript.tests.MozillaSuiteTest" time="0.163"/>
  <testcase name="runMozillaTest[2709, js=testsrc/tests/ecma/Date/15.9.5.12-7.js, opt=0]" classname="org.mozilla.javascript.tests.MozillaSuiteTest" time="0.114"/>
  <testcase name="runMozillaTest[2710, js=testsrc/tests/ecma/Date/15.9.5.12-8.js, opt=0]" classname="org.mozilla.javascript.tests.MozillaSuiteTest" time="0.037"/>
  <testcase name="runMozillaTest[2711, js=testsrc/tests/ecma/Date/15.9.5.13-1.js, opt=0]" classname="org.mozilla.javascript.tests.MozillaSuiteTest" time="0.018"/>
  <testcase name="runMozillaTest[2712, js=testsrc/tests/ecma/Date/15.9.5.13-2.js, opt=0]" classname="org.mozilla.javascript.tests.MozillaSuiteTest" time="0.036"/>
  <testcase name="runMozillaTest[2713, js=testsrc/tests/ecma/Date/15.9.5.13-3.js, opt=0]" classname="org.mozilla.javascript.tests.MozillaSuiteTest" time="0.063"/>
  <testcase name="runMozillaTest[2714, js=testsrc/tests/ecma/Date/15.9.5.13-4.js, opt=0]" classname="org.mozilla.javascript.tests.MozillaSuiteTest" time="0.034"/>
  <testcase name="runMozillaTest[2715, js=testsrc/tests/ecma/Date/15.9.5.13-5.js, opt=0]" classname="org.mozilla.javascript.tests.MozillaSuiteTest" time="0.033"/>
  <testcase name="runMozillaTest[2716, js=testsrc/tests/ecma/Date/15.9.5.13-6.js, opt=0]" classname="org.mozilla.javascript.tests.MozillaSuiteTest" time="0.03"/>
  <testcase name="runMozillaTest[2717, js=testsrc/tests/ecma/Date/15.9.5.13-7.js, opt=0]" classname="org.mozilla.javascript.tests.MozillaSuiteTest" time="0.026"/>
  <testcase name="runMozillaTest[2718, js=testsrc/tests/ecma/Date/15.9.5.13-8.js, opt=0]" classname="org.mozilla.javascript.tests.MozillaSuiteTest" time="0.028"/>
  <testcase name="runMozillaTest[2719, js=testsrc/tests/ecma/Date/15.9.5.14.js, opt=0]" classname="org.mozilla.javascript.tests.MozillaSuiteTest" time="0.153"/>
  <testcase name="runMozillaTest[2720, js=testsrc/tests/ecma/Date/15.9.5.15.js, opt=0]" classname="org.mozilla.javascript.tests.MozillaSuiteTest" time="0.013"/>
  <testcase name="runMozillaTest[2721, js=testsrc/tests/ecma/Date/15.9.5.16.js, opt=0]" classname="org.mozilla.javascript.tests.MozillaSuiteTest" time="0.147"/>
  <testcase name="runMozillaTest[2722, js=testsrc/tests/ecma/Date/15.9.5.17.js, opt=0]" classname="org.mozilla.javascript.tests.MozillaSuiteTest" time="0.02"/>
  <testcase name="runMozillaTest[2723, js=testsrc/tests/ecma/Date/15.9.5.18.js, opt=0]" classname="org.mozilla.javascript.tests.MozillaSuiteTest" time="0.147"/>
  <testcase name="runMozillaTest[2724, js=testsrc/tests/ecma/Date/15.9.5.19.js, opt=0]" classname="org.mozilla.javascript.tests.MozillaSuiteTest" time="0.007"/>
  <testcase name="runMozillaTest[2725, js=testsrc/tests/ecma/Date/15.9.5.2-1.js, opt=0]" classname="org.mozilla.javascript.tests.MozillaSuiteTest" time="0.03"/>
  <testcase name="runMozillaTest[2726, js=testsrc/tests/ecma/Date/15.9.5.2-2-n.js, opt=0]" classname="org.mozilla.javascript.tests.MozillaSuiteTest" time="0.026"/>
  <testcase name="runMozillaTest[2727, js=testsrc/tests/ecma/Date/15.9.5.2.js, opt=0]" classname="org.mozilla.javascript.tests.MozillaSuiteTest" time="0.023"/>
  <testcase name="runMozillaTest[2728, js=testsrc/tests/ecma/Date/15.9.5.20.js, opt=0]" classname="org.mozilla.javascript.tests.MozillaSuiteTest" time="0.231"/>
  <testcase name="runMozillaTest[2729, js=testsrc/tests/ecma/Date/15.9.5.21-1.js, opt=0]" classname="org.mozilla.javascript.tests.MozillaSuiteTest" time="0.036"/>
  <testcase name="runMozillaTest[2730, js=testsrc/tests/ecma/Date/15.9.5.21-2.js, opt=0]" classname="org.mozilla.javascript.tests.MozillaSuiteTest" time="0.003"/>
  <testcase name="runMozillaTest[2731, js=testsrc/tests/ecma/Date/15.9.5.21-3.js, opt=0]" classname="org.mozilla.javascript.tests.MozillaSuiteTest" time="0.01"/>
  <testcase name="runMozillaTest[2732, js=testsrc/tests/ecma/Date/15.9.5.21-4.js, opt=0]" classname="org.mozilla.javascript.tests.MozillaSuiteTest" time="0.016"/>
  <testcase name="runMozillaTest[2733, js=testsrc/tests/ecma/Date/15.9.5.21-5.js, opt=0]" classname="org.mozilla.javascript.tests.MozillaSuiteTest" time="0.02"/>
  <testcase name="runMozillaTest[2734, js=testsrc/tests/ecma/Date/15.9.5.21-6.js, opt=0]" classname="org.mozilla.javascript.tests.MozillaSuiteTest" time="0.016"/>
  <testcase name="runMozillaTest[2735, js=testsrc/tests/ecma/Date/15.9.5.21-7.js, opt=0]" classname="org.mozilla.javascript.tests.MozillaSuiteTest" time="0.03"/>
  <testcase name="runMozillaTest[2736, js=testsrc/tests/ecma/Date/15.9.5.21-8.js, opt=0]" classname="org.mozilla.javascript.tests.MozillaSuiteTest" time="0.014"/>
  <testcase name="runMozillaTest[2737, js=testsrc/tests/ecma/Date/15.9.5.22-1.js, opt=0]" classname="org.mozilla.javascript.tests.MozillaSuiteTest" time="0.2"/>
  <testcase name="runMozillaTest[2738, js=testsrc/tests/ecma/Date/15.9.5.22-2.js, opt=0]" classname="org.mozilla.javascript.tests.MozillaSuiteTest" time="0.191"/>
  <testcase name="runMozillaTest[2739, js=testsrc/tests/ecma/Date/15.9.5.22-3.js, opt=0]" classname="org.mozilla.javascript.tests.MozillaSuiteTest" time="0.013"/>
  <testcase name="runMozillaTest[2740, js=testsrc/tests/ecma/Date/15.9.5.22-4.js, opt=0]" classname="org.mozilla.javascript.tests.MozillaSuiteTest" time="0.016"/>
  <testcase name="runMozillaTest[2741, js=testsrc/tests/ecma/Date/15.9.5.22-5.js, opt=0]" classname="org.mozilla.javascript.tests.MozillaSuiteTest" time="0.019"/>
  <testcase name="runMozillaTest[2742, js=testsrc/tests/ecma/Date/15.9.5.22-6.js, opt=0]" classname="org.mozilla.javascript.tests.MozillaSuiteTest" time="0.05"/>
  <testcase name="runMozillaTest[2743, js=testsrc/tests/ecma/Date/15.9.5.22-7.js, opt=0]" classname="org.mozilla.javascript.tests.MozillaSuiteTest" time="0.004"/>
  <testcase name="runMozillaTest[2744, js=testsrc/tests/ecma/Date/15.9.5.22-8.js, opt=0]" classname="org.mozilla.javascript.tests.MozillaSuiteTest" time="0.009"/>
  <testcase name="runMozillaTest[2745, js=testsrc/tests/ecma/Date/15.9.5.23-1.js, opt=0]" classname="org.mozilla.javascript.tests.MozillaSuiteTest" time="0.032"/>
  <testcase name="runMozillaTest[2746, js=testsrc/tests/ecma/Date/15.9.5.23-10.js, opt=0]" classname="org.mozilla.javascript.tests.MozillaSuiteTest" time="0.022"/>
  <testcase name="runMozillaTest[2747, js=testsrc/tests/ecma/Date/15.9.5.23-11.js, opt=0]" classname="org.mozilla.javascript.tests.MozillaSuiteTest" time="0.034"/>
  <testcase name="runMozillaTest[2748, js=testsrc/tests/ecma/Date/15.9.5.23-12.js, opt=0]" classname="org.mozilla.javascript.tests.MozillaSuiteTest" time="0.035"/>
  <testcase name="runMozillaTest[2749, js=testsrc/tests/ecma/Date/15.9.5.23-13.js, opt=0]" classname="org.mozilla.javascript.tests.MozillaSuiteTest" time="0.023"/>
  <testcase name="runMozillaTest[2750, js=testsrc/tests/ecma/Date/15.9.5.23-14.js, opt=0]" classname="org.mozilla.javascript.tests.MozillaSuiteTest" time="0.041"/>
  <testcase name="runMozillaTest[2751, js=testsrc/tests/ecma/Date/15.9.5.23-15.js, opt=0]" classname="org.mozilla.javascript.tests.MozillaSuiteTest" time="0.04"/>
  <testcase name="runMozillaTest[2752, js=testsrc/tests/ecma/Date/15.9.5.23-16.js, opt=0]" classname="org.mozilla.javascript.tests.MozillaSuiteTest" time="0.027"/>
  <testcase name="runMozillaTest[2753, js=testsrc/tests/ecma/Date/15.9.5.23-17.js, opt=0]" classname="org.mozilla.javascript.tests.MozillaSuiteTest" time="0.042"/>
  <testcase name="runMozillaTest[2754, js=testsrc/tests/ecma/Date/15.9.5.23-18.js, opt=0]" classname="org.mozilla.javascript.tests.MozillaSuiteTest" time="0.033"/>
  <testcase name="runMozillaTest[2755, js=testsrc/tests/ecma/Date/15.9.5.23-2.js, opt=0]" classname="org.mozilla.javascript.tests.MozillaSuiteTest" time="0.011"/>
  <testcase name="runMozillaTest[2756, js=testsrc/tests/ecma/Date/15.9.5.23-3-n.js, opt=0]" classname="org.mozilla.javascript.tests.MozillaSuiteTest" time="0.014"/>
  <testcase name="runMozillaTest[2757, js=testsrc/tests/ecma/Date/15.9.5.23-4.js, opt=0]" classname="org.mozilla.javascript.tests.MozillaSuiteTest" time="0.033"/>
  <testcase name="runMozillaTest[2758, js=testsrc/tests/ecma/Date/15.9.5.23-5.js, opt=0]" classname="org.mozilla.javascript.tests.MozillaSuiteTest" time="0.026"/>
  <testcase name="runMozillaTest[2759, js=testsrc/tests/ecma/Date/15.9.5.23-6.js, opt=0]" classname="org.mozilla.javascript.tests.MozillaSuiteTest" time="0.032"/>
  <testcase name="runMozillaTest[2760, js=testsrc/tests/ecma/Date/15.9.5.23-7.js, opt=0]" classname="org.mozilla.javascript.tests.MozillaSuiteTest" time="0.051"/>
  <testcase name="runMozillaTest[2761, js=testsrc/tests/ecma/Date/15.9.5.23-8.js, opt=0]" classname="org.mozilla.javascript.tests.MozillaSuiteTest" time="0.005"/>
  <testcase name="runMozillaTest[2762, js=testsrc/tests/ecma/Date/15.9.5.23-9.js, opt=0]" classname="org.mozilla.javascript.tests.MozillaSuiteTest" time="0.028"/>
  <testcase name="runMozillaTest[2763, js=testsrc/tests/ecma/Date/15.9.5.24-1.js, opt=0]" classname="org.mozilla.javascript.tests.MozillaSuiteTest" time="0.025"/>
  <testcase name="runMozillaTest[2764, js=testsrc/tests/ecma/Date/15.9.5.24-2.js, opt=0]" classname="org.mozilla.javascript.tests.MozillaSuiteTest" time="0.04"/>
  <testcase name="runMozillaTest[2765, js=testsrc/tests/ecma/Date/15.9.5.24-3.js, opt=0]" classname="org.mozilla.javascript.tests.MozillaSuiteTest" time="0.03"/>
  <testcase name="runMozillaTest[2766, js=testsrc/tests/ecma/Date/15.9.5.24-4.js, opt=0]" classname="org.mozilla.javascript.tests.MozillaSuiteTest" time="0.012"/>
  <testcase name="runMozillaTest[2767, js=testsrc/tests/ecma/Date/15.9.5.24-5.js, opt=0]" classname="org.mozilla.javascript.tests.MozillaSuiteTest" time="0.021"/>
  <testcase name="runMozillaTest[2768, js=testsrc/tests/ecma/Date/15.9.5.24-6.js, opt=0]" classname="org.mozilla.javascript.tests.MozillaSuiteTest" time="0.042"/>
  <testcase name="runMozillaTest[2769, js=testsrc/tests/ecma/Date/15.9.5.24-7.js, opt=0]" classname="org.mozilla.javascript.tests.MozillaSuiteTest" time="0.033"/>
  <testcase name="runMozillaTest[2770, js=testsrc/tests/ecma/Date/15.9.5.24-8.js, opt=0]" classname="org.mozilla.javascript.tests.MozillaSuiteTest" time="0.018"/>
  <testcase name="runMozillaTest[2771, js=testsrc/tests/ecma/Date/15.9.5.25-1.js, opt=0]" classname="org.mozilla.javascript.tests.MozillaSuiteTest" time="0.063"/>
  <testcase name="runMozillaTest[2772, js=testsrc/tests/ecma/Date/15.9.5.26-1.js, opt=0]" classname="org.mozilla.javascript.tests.MozillaSuiteTest" time="0.04"/>
  <testcase name="runMozillaTest[2773, js=testsrc/tests/ecma/Date/15.9.5.27-1.js, opt=0]" classname="org.mozilla.javascript.tests.MozillaSuiteTest" time="0.049"/>
  <testcase name="runMozillaTest[2774, js=testsrc/tests/ecma/Date/15.9.5.28-1.js, opt=0]" classname="org.mozilla.javascript.tests.MozillaSuiteTest" time="0.051"/>
  <testcase name="runMozillaTest[2775, js=testsrc/tests/ecma/Date/15.9.5.29-1.js, opt=0]" classname="org.mozilla.javascript.tests.MozillaSuiteTest" time="0.062"/>
  <testcase name="runMozillaTest[2776, js=testsrc/tests/ecma/Date/15.9.5.3-1-n.js, opt=0]" classname="org.mozilla.javascript.tests.MozillaSuiteTest" time="0.004"/>
  <testcase name="runMozillaTest[2777, js=testsrc/tests/ecma/Date/15.9.5.3-2.js, opt=0]" classname="org.mozilla.javascript.tests.MozillaSuiteTest" time="0.03"/>
  <testcase name="runMozillaTest[2778, js=testsrc/tests/ecma/Date/15.9.5.30-1.js, opt=0]" classname="org.mozilla.javascript.tests.MozillaSuiteTest" time="0.051"/>
  <testcase name="runMozillaTest[2779, js=testsrc/tests/ecma/Date/15.9.5.31-1.js, opt=0]" classname="org.mozilla.javascript.tests.MozillaSuiteTest" time="0.092"/>
  <testcase name="runMozillaTest[2780, js=testsrc/tests/ecma/Date/15.9.5.32-1.js, opt=0]" classname="org.mozilla.javascript.tests.MozillaSuiteTest" time="0.007"/>
  <testcase name="runMozillaTest[2781, js=testsrc/tests/ecma/Date/15.9.5.33-1.js, opt=0]" classname="org.mozilla.javascript.tests.MozillaSuiteTest" time="0.034"/>
  <testcase name="runMozillaTest[2782, js=testsrc/tests/ecma/Date/15.9.5.34-1.js, opt=0]" classname="org.mozilla.javascript.tests.MozillaSuiteTest" time="0.069"/>
  <testcase name="runMozillaTest[2783, js=testsrc/tests/ecma/Date/15.9.5.35-1.js, opt=0]" classname="org.mozilla.javascript.tests.MozillaSuiteTest" time="0.046"/>
  <testcase name="runMozillaTest[2784, js=testsrc/tests/ecma/Date/15.9.5.36-1.js, opt=0]" classname="org.mozilla.javascript.tests.MozillaSuiteTest" time="0.043"/>
  <testcase name="runMozillaTest[2785, js=testsrc/tests/ecma/Date/15.9.5.36-2.js, opt=0]" classname="org.mozilla.javascript.tests.MozillaSuiteTest" time="0.045"/>
  <testcase name="runMozillaTest[2786, js=testsrc/tests/ecma/Date/15.9.5.36-3.js, opt=0]" classname="org.mozilla.javascript.tests.MozillaSuiteTest" time="0.055"/>
  <testcase name="runMozillaTest[2787, js=testsrc/tests/ecma/Date/15.9.5.36-4.js, opt=0]" classname="org.mozilla.javascript.tests.MozillaSuiteTest" time="0.035"/>
  <testcase name="runMozillaTest[2788, js=testsrc/tests/ecma/Date/15.9.5.36-5.js, opt=0]" classname="org.mozilla.javascript.tests.MozillaSuiteTest" time="0.064"/>
  <testcase name="runMozillaTest[2789, js=testsrc/tests/ecma/Date/15.9.5.36-6.js, opt=0]" classname="org.mozilla.javascript.tests.MozillaSuiteTest" time="0.036"/>
  <testcase name="runMozillaTest[2790, js=testsrc/tests/ecma/Date/15.9.5.36-7.js, opt=0]" classname="org.mozilla.javascript.tests.MozillaSuiteTest" time="0.05"/>
  <testcase name="runMozillaTest[2791, js=testsrc/tests/ecma/Date/15.9.5.37-1.js, opt=0]" classname="org.mozilla.javascript.tests.MozillaSuiteTest" time="0.033"/>
  <testcase name="runMozillaTest[2792, js=testsrc/tests/ecma/Date/15.9.5.37-2.js, opt=0]" classname="org.mozilla.javascript.tests.MozillaSuiteTest" time="0.035"/>
  <testcase name="runMozillaTest[2793, js=testsrc/tests/ecma/Date/15.9.5.37-3.js, opt=0]" classname="org.mozilla.javascript.tests.MozillaSuiteTest" time="0.047"/>
  <testcase name="runMozillaTest[2794, js=testsrc/tests/ecma/Date/15.9.5.37-4.js, opt=0]" classname="org.mozilla.javascript.tests.MozillaSuiteTest" time="0.047"/>
  <testcase name="runMozillaTest[2795, js=testsrc/tests/ecma/Date/15.9.5.37-5.js, opt=0]" classname="org.mozilla.javascript.tests.MozillaSuiteTest" time="0.052"/>
  <testcase name="runMozillaTest[2796, js=testsrc/tests/ecma/Date/15.9.5.4-1.js, opt=0]" classname="org.mozilla.javascript.tests.MozillaSuiteTest" time="0.03"/>
  <testcase name="runMozillaTest[2797, js=testsrc/tests/ecma/Date/15.9.5.4-2-n.js, opt=0]" classname="org.mozilla.javascript.tests.MozillaSuiteTest" time="0.018"/>
  <testcase name="runMozillaTest[2798, js=testsrc/tests/ecma/Date/15.9.5.5.js, opt=0]" classname="org.mozilla.javascript.tests.MozillaSuiteTest" time="0.142"/>
  <testcase name="runMozillaTest[2799, js=testsrc/tests/ecma/Date/15.9.5.6.js, opt=0]" classname="org.mozilla.javascript.tests.MozillaSuiteTest" time="0.12"/>
  <testcase name="runMozillaTest[2800, js=testsrc/tests/ecma/Date/15.9.5.7.js, opt=0]" classname="org.mozilla.javascript.tests.MozillaSuiteTest" time="0.024"/>
  <testcase name="runMozillaTest[2801, js=testsrc/tests/ecma/Date/15.9.5.8.js, opt=0]" classname="org.mozilla.javascript.tests.MozillaSuiteTest" time="1.691"/>
  <testcase name="runMozillaTest[2802, js=testsrc/tests/ecma/Date/15.9.5.9.js, opt=0]" classname="org.mozilla.javascript.tests.MozillaSuiteTest" time="0.664"/>
  <testcase name="runMozillaTest[2803, js=testsrc/tests/ecma/Date/15.9.5.js, opt=0]" classname="org.mozilla.javascript.tests.MozillaSuiteTest" time="0.02"/>
  <testcase name="runMozillaTest[2804, js=testsrc/tests/ecma/ExecutionContexts/10.1.3-1.js, opt=0]" classname="org.mozilla.javascript.tests.MozillaSuiteTest" time="0.016"/>
  <testcase name="runMozillaTest[2805, js=testsrc/tests/ecma/ExecutionContexts/10.1.3-2.js, opt=0]" classname="org.mozilla.javascript.tests.MozillaSuiteTest" time="0.033"/>
  <testcase name="runMozillaTest[2806, js=testsrc/tests/ecma/ExecutionContexts/10.1.3.js, opt=0]" classname="org.mozilla.javascript.tests.MozillaSuiteTest" time="0.021"/>
  <testcase name="runMozillaTest[2807, js=testsrc/tests/ecma/ExecutionContexts/10.1.4-1.js, opt=0]" classname="org.mozilla.javascript.tests.MozillaSuiteTest" time="0.028"/>
  <testcase name="runMozillaTest[2808, js=testsrc/tests/ecma/ExecutionContexts/10.1.4-10.js, opt=0]" classname="org.mozilla.javascript.tests.MozillaSuiteTest" time="0.016"/>
  <testcase name="runMozillaTest[2809, js=testsrc/tests/ecma/ExecutionContexts/10.1.4-2.js, opt=0]" classname="org.mozilla.javascript.tests.MozillaSuiteTest" time="0.019"/>
  <testcase name="runMozillaTest[2810, js=testsrc/tests/ecma/ExecutionContexts/10.1.4-3.js, opt=0]" classname="org.mozilla.javascript.tests.MozillaSuiteTest" time="0.018"/>
  <testcase name="runMozillaTest[2811, js=testsrc/tests/ecma/ExecutionContexts/10.1.4-4.js, opt=0]" classname="org.mozilla.javascript.tests.MozillaSuiteTest" time="0.011"/>
  <testcase name="runMozillaTest[2812, js=testsrc/tests/ecma/ExecutionContexts/10.1.4-5.js, opt=0]" classname="org.mozilla.javascript.tests.MozillaSuiteTest" time="0.028"/>
  <testcase name="runMozillaTest[2813, js=testsrc/tests/ecma/ExecutionContexts/10.1.4-6.js, opt=0]" classname="org.mozilla.javascript.tests.MozillaSuiteTest" time="0.009"/>
  <testcase name="runMozillaTest[2814, js=testsrc/tests/ecma/ExecutionContexts/10.1.4-7.js, opt=0]" classname="org.mozilla.javascript.tests.MozillaSuiteTest" time="0.022"/>
  <testcase name="runMozillaTest[2815, js=testsrc/tests/ecma/ExecutionContexts/10.1.4-8.js, opt=0]" classname="org.mozilla.javascript.tests.MozillaSuiteTest" time="0.036"/>
  <testcase name="runMozillaTest[2816, js=testsrc/tests/ecma/ExecutionContexts/10.1.5-1.js, opt=0]" classname="org.mozilla.javascript.tests.MozillaSuiteTest" time="0.025"/>
  <testcase name="runMozillaTest[2817, js=testsrc/tests/ecma/ExecutionContexts/10.1.5-2.js, opt=0]" classname="org.mozilla.javascript.tests.MozillaSuiteTest" time="0.008"/>
  <testcase name="runMozillaTest[2818, js=testsrc/tests/ecma/ExecutionContexts/10.1.5-3.js, opt=0]" classname="org.mozilla.javascript.tests.MozillaSuiteTest" time="0.022"/>
  <testcase name="runMozillaTest[2819, js=testsrc/tests/ecma/ExecutionContexts/10.1.5-4.js, opt=0]" classname="org.mozilla.javascript.tests.MozillaSuiteTest" time="0.007"/>
  <testcase name="runMozillaTest[2820, js=testsrc/tests/ecma/ExecutionContexts/10.1.8-2.js, opt=0]" classname="org.mozilla.javascript.tests.MozillaSuiteTest" time="0.029"/>
  <testcase name="runMozillaTest[2821, js=testsrc/tests/ecma/ExecutionContexts/10.1.8-3.js, opt=0]" classname="org.mozilla.javascript.tests.MozillaSuiteTest" time="0.029"/>
  <testcase name="runMozillaTest[2822, js=testsrc/tests/ecma/ExecutionContexts/10.2.1.js, opt=0]" classname="org.mozilla.javascript.tests.MozillaSuiteTest" time="0.033"/>
  <testcase name="runMozillaTest[2823, js=testsrc/tests/ecma/ExecutionContexts/10.2.2-1.js, opt=0]" classname="org.mozilla.javascript.tests.MozillaSuiteTest" time="0.037"/>
  <testcase name="runMozillaTest[2824, js=testsrc/tests/ecma/ExecutionContexts/10.2.2-2.js, opt=0]" classname="org.mozilla.javascript.tests.MozillaSuiteTest" time="0.04"/>
  <testcase name="runMozillaTest[2825, js=testsrc/tests/ecma/ExecutionContexts/10.2.3-1.js, opt=0]" classname="org.mozilla.javascript.tests.MozillaSuiteTest" time="0.004"/>
  <testcase name="runMozillaTest[2826, js=testsrc/tests/ecma/ExecutionContexts/10.2.3-2.js, opt=0]" classname="org.mozilla.javascript.tests.MozillaSuiteTest" time="0.012"/>
  <testcase name="runMozillaTest[2827, js=testsrc/tests/ecma/Expressions/11.1.1.js, opt=0]" classname="org.mozilla.javascript.tests.MozillaSuiteTest" time="0.022"/>
  <testcase name="runMozillaTest[2828, js=testsrc/tests/ecma/Expressions/11.10-1.js, opt=0]" classname="org.mozilla.javascript.tests.MozillaSuiteTest" time="0.073"/>
  <testcase name="runMozillaTest[2829, js=testsrc/tests/ecma/Expressions/11.10-2.js, opt=0]" classname="org.mozilla.javascript.tests.MozillaSuiteTest" time="0.678"/>
  <testcase name="runMozillaTest[2830, js=testsrc/tests/ecma/Expressions/11.10-3.js, opt=0]" classname="org.mozilla.javascript.tests.MozillaSuiteTest" time="0.71"/>
  <testcase name="runMozillaTest[2831, js=testsrc/tests/ecma/Expressions/11.12-1.js, opt=0]" classname="org.mozilla.javascript.tests.MozillaSuiteTest" time="0.003"/>
  <testcase name="runMozillaTest[2832, js=testsrc/tests/ecma/Expressions/11.12-2-n.js, opt=0]" classname="org.mozilla.javascript.tests.MozillaSuiteTest" time="0.009"/>
  <testcase name="runMozillaTest[2833, js=testsrc/tests/ecma/Expressions/11.12-3.js, opt=0]" classname="org.mozilla.javascript.tests.MozillaSuiteTest" time="0.019"/>
  <testcase name="runMozillaTest[2834, js=testsrc/tests/ecma/Expressions/11.12-4.js, opt=0]" classname="org.mozilla.javascript.tests.MozillaSuiteTest" time="0.004"/>
  <testcase name="runMozillaTest[2835, js=testsrc/tests/ecma/Expressions/11.13.1.js, opt=0]" classname="org.mozilla.javascript.tests.MozillaSuiteTest" time="0.025"/>
  <testcase name="runMozillaTest[2836, js=testsrc/tests/ecma/Expressions/11.13.2-1.js, opt=0]" classname="org.mozilla.javascript.tests.MozillaSuiteTest" time="0.03"/>
  <testcase name="runMozillaTest[2837, js=testsrc/tests/ecma/Expressions/11.13.2-2.js, opt=0]" classname="org.mozilla.javascript.tests.MozillaSuiteTest" time="0.02"/>
  <testcase name="runMozillaTest[2838, js=testsrc/tests/ecma/Expressions/11.13.2-3.js, opt=0]" classname="org.mozilla.javascript.tests.MozillaSuiteTest" time="0.021"/>
  <testcase name="runMozillaTest[2839, js=testsrc/tests/ecma/Expressions/11.13.2-4.js, opt=0]" classname="org.mozilla.javascript.tests.MozillaSuiteTest" time="0.029"/>
  <testcase name="runMozillaTest[2840, js=testsrc/tests/ecma/Expressions/11.13.2-5.js, opt=0]" classname="org.mozilla.javascript.tests.MozillaSuiteTest" time="0.039"/>
  <testcase name="runMozillaTest[2841, js=testsrc/tests/ecma/Expressions/11.13.js, opt=0]" classname="org.mozilla.javascript.tests.MozillaSuiteTest" time="0.02"/>
  <testcase name="runMozillaTest[2842, js=testsrc/tests/ecma/Expressions/11.14-1.js, opt=0]" classname="org.mozilla.javascript.tests.MozillaSuiteTest" time="0.042"/>
  <testcase name="runMozillaTest[2843, js=testsrc/tests/ecma/Expressions/11.2.1-1.js, opt=0]" classname="org.mozilla.javascript.tests.MozillaSuiteTest" time="0.115"/>
  <testcase name="runMozillaTest[2844, js=testsrc/tests/ecma/Expressions/11.2.1-2.js, opt=0]" classname="org.mozilla.javascript.tests.MozillaSuiteTest" time="0.055"/>
  <testcase name="runMozillaTest[2845, js=testsrc/tests/ecma/Expressions/11.2.1-3-n.js, opt=0]" classname="org.mozilla.javascript.tests.MozillaSuiteTest" time="0.018"/>
  <testcase name="runMozillaTest[2846, js=testsrc/tests/ecma/Expressions/11.2.1-4-n.js, opt=0]" classname="org.mozilla.javascript.tests.MozillaSuiteTest" time="0.04"/>
  <testcase name="runMozillaTest[2847, js=testsrc/tests/ecma/Expressions/11.2.1-5.js, opt=0]" classname="org.mozilla.javascript.tests.MozillaSuiteTest" time="0.013"/>
  <testcase name="runMozillaTest[2848, js=testsrc/tests/ecma/Expressions/11.2.2-1-n.js, opt=0]" classname="org.mozilla.javascript.tests.MozillaSuiteTest" time="0.053"/>
  <testcase name="runMozillaTest[2849, js=testsrc/tests/ecma/Expressions/11.2.2-1.js, opt=0]" classname="org.mozilla.javascript.tests.MozillaSuiteTest" time="0.024"/>
  <testcase name="runMozillaTest[2850, js=testsrc/tests/ecma/Expressions/11.2.2-10-n.js, opt=0]" classname="org.mozilla.javascript.tests.MozillaSuiteTest" time="0.004"/>
  <testcase name="runMozillaTest[2851, js=testsrc/tests/ecma/Expressions/11.2.2-11.js, opt=0]" classname="org.mozilla.javascript.tests.MozillaSuiteTest" time="0.016"/>
  <testcase name="runMozillaTest[2852, js=testsrc/tests/ecma/Expressions/11.2.2-2-n.js, opt=0]" classname="org.mozilla.javascript.tests.MozillaSuiteTest" time="0.037"/>
  <testcase name="runMozillaTest[2853, js=testsrc/tests/ecma/Expressions/11.2.2-3-n.js, opt=0]" classname="org.mozilla.javascript.tests.MozillaSuiteTest" time="0.023"/>
  <testcase name="runMozillaTest[2854, js=testsrc/tests/ecma/Expressions/11.2.2-4-n.js, opt=0]" classname="org.mozilla.javascript.tests.MozillaSuiteTest" time="0.039"/>
  <testcase name="runMozillaTest[2855, js=testsrc/tests/ecma/Expressions/11.2.2-5-n.js, opt=0]" classname="org.mozilla.javascript.tests.MozillaSuiteTest" time="0.004"/>
  <testcase name="runMozillaTest[2856, js=testsrc/tests/ecma/Expressions/11.2.2-6-n.js, opt=0]" classname="org.mozilla.javascript.tests.MozillaSuiteTest" time="0.046"/>
  <testcase name="runMozillaTest[2857, js=testsrc/tests/ecma/Expressions/11.2.2-7-n.js, opt=0]" classname="org.mozilla.javascript.tests.MozillaSuiteTest" time="0.009"/>
  <testcase name="runMozillaTest[2858, js=testsrc/tests/ecma/Expressions/11.2.2-8-n.js, opt=0]" classname="org.mozilla.javascript.tests.MozillaSuiteTest" time="0.023"/>
  <testcase name="runMozillaTest[2859, js=testsrc/tests/ecma/Expressions/11.2.2-9-n.js, opt=0]" classname="org.mozilla.javascript.tests.MozillaSuiteTest" time="0.032"/>
  <testcase name="runMozillaTest[2860, js=testsrc/tests/ecma/Expressions/11.2.3-1.js, opt=0]" classname="org.mozilla.javascript.tests.MozillaSuiteTest" time="0.018"/>
  <testcase name="runMozillaTest[2861, js=testsrc/tests/ecma/Expressions/11.2.3-2-n.js, opt=0]" classname="org.mozilla.javascript.tests.MozillaSuiteTest" time="0.038"/>
  <testcase name="runMozillaTest[2862, js=testsrc/tests/ecma/Expressions/11.2.3-3-n.js, opt=0]" classname="org.mozilla.javascript.tests.MozillaSuiteTest" time="0.01"/>
  <testcase name="runMozillaTest[2863, js=testsrc/tests/ecma/Expressions/11.2.3-4-n.js, opt=0]" classname="org.mozilla.javascript.tests.MozillaSuiteTest" time="0.008"/>
  <testcase name="runMozillaTest[2864, js=testsrc/tests/ecma/Expressions/11.2.3-5.js, opt=0]" classname="org.mozilla.javascript.tests.MozillaSuiteTest" time="0.052"/>
  <testcase name="runMozillaTest[2865, js=testsrc/tests/ecma/Expressions/11.3.1.js, opt=0]" classname="org.mozilla.javascript.tests.MozillaSuiteTest" time="0.02"/>
  <testcase name="runMozillaTest[2866, js=testsrc/tests/ecma/Expressions/11.3.2.js, opt=0]" classname="org.mozilla.javascript.tests.MozillaSuiteTest" time="0.058"/>
  <testcase name="runMozillaTest[2867, js=testsrc/tests/ecma/Expressions/11.4.1.js, opt=0]" classname="org.mozilla.javascript.tests.MozillaSuiteTest" time="0.052"/>
  <testcase name="runMozillaTest[2868, js=testsrc/tests/ecma/Expressions/11.4.2.js, opt=0]" classname="org.mozilla.javascript.tests.MozillaSuiteTest" time="0.03"/>
  <testcase name="runMozillaTest[2869, js=testsrc/tests/ecma/Expressions/11.4.3.js, opt=0]" classname="org.mozilla.javascript.tests.MozillaSuiteTest" time="0.044"/>
  <testcase name="runMozillaTest[2870, js=testsrc/tests/ecma/Expressions/11.4.4.js, opt=0]" classname="org.mozilla.javascript.tests.MozillaSuiteTest" time="0.036"/>
  <testcase name="runMozillaTest[2871, js=testsrc/tests/ecma/Expressions/11.4.5.js, opt=0]" classname="org.mozilla.javascript.tests.MozillaSuiteTest" time="0.072"/>
  <testcase name="runMozillaTest[2872, js=testsrc/tests/ecma/Expressions/11.4.6.js, opt=0]" classname="org.mozilla.javascript.tests.MozillaSuiteTest" time="0.068"/>
  <testcase name="runMozillaTest[2873, js=testsrc/tests/ecma/Expressions/11.4.7-01.js, opt=0]" classname="org.mozilla.javascript.tests.MozillaSuiteTest" time="0.096"/>
  <testcase name="runMozillaTest[2874, js=testsrc/tests/ecma/Expressions/11.4.7-02.js, opt=0]" classname="org.mozilla.javascript.tests.MozillaSuiteTest" time="0.018"/>
  <testcase name="runMozillaTest[2875, js=testsrc/tests/ecma/Expressions/11.4.8.js, opt=0]" classname="org.mozilla.javascript.tests.MozillaSuiteTest" time="0.123"/>
  <testcase name="runMozillaTest[2876, js=testsrc/tests/ecma/Expressions/11.4.9.js, opt=0]" classname="org.mozilla.javascript.tests.MozillaSuiteTest" time="0.07"/>
  <testcase name="runMozillaTest[2877, js=testsrc/tests/ecma/Expressions/11.5.1.js, opt=0]" classname="org.mozilla.javascript.tests.MozillaSuiteTest" time="0.012"/>
  <testcase name="runMozillaTest[2878, js=testsrc/tests/ecma/Expressions/11.5.2.js, opt=0]" classname="org.mozilla.javascript.tests.MozillaSuiteTest" time="0.045"/>
  <testcase name="runMozillaTest[2879, js=testsrc/tests/ecma/Expressions/11.5.3.js, opt=0]" classname="org.mozilla.javascript.tests.MozillaSuiteTest" time="0.035"/>
  <testcase name="runMozillaTest[2880, js=testsrc/tests/ecma/Expressions/11.6.1-1.js, opt=0]" classname="org.mozilla.javascript.tests.MozillaSuiteTest" time="0.06"/>
  <testcase name="runMozillaTest[2881, js=testsrc/tests/ecma/Expressions/11.6.1-2.js, opt=0]" classname="org.mozilla.javascript.tests.MozillaSuiteTest" time="0.014"/>
  <testcase name="runMozillaTest[2882, js=testsrc/tests/ecma/Expressions/11.6.1-3.js, opt=0]" classname="org.mozilla.javascript.tests.MozillaSuiteTest" time="0.046"/>
  <testcase name="runMozillaTest[2883, js=testsrc/tests/ecma/Expressions/11.6.2-1.js, opt=0]" classname="org.mozilla.javascript.tests.MozillaSuiteTest" time="0.029"/>
  <testcase name="runMozillaTest[2884, js=testsrc/tests/ecma/Expressions/11.6.3.js, opt=0]" classname="org.mozilla.javascript.tests.MozillaSuiteTest" time="0.04"/>
  <testcase name="runMozillaTest[2885, js=testsrc/tests/ecma/Expressions/11.7.1.js, opt=0]" classname="org.mozilla.javascript.tests.MozillaSuiteTest" time="1.029"/>
  <testcase name="runMozillaTest[2886, js=testsrc/tests/ecma/Expressions/11.7.2.js, opt=0]" classname="org.mozilla.javascript.tests.MozillaSuiteTest" time="1.487"/>
  <testcase name="runMozillaTest[2887, js=testsrc/tests/ecma/Expressions/11.7.3.js, opt=0]" classname="org.mozilla.javascript.tests.MozillaSuiteTest" time="0.6"/>
  <testcase name="runMozillaTest[2888, js=testsrc/tests/ecma/Expressions/11.8.1.js, opt=0]" classname="org.mozilla.javascript.tests.MozillaSuiteTest" time="0.027"/>
  <testcase name="runMozillaTest[2889, js=testsrc/tests/ecma/Expressions/11.8.2.js, opt=0]" classname="org.mozilla.javascript.tests.MozillaSuiteTest" time="0.047"/>
  <testcase name="runMozillaTest[2890, js=testsrc/tests/ecma/Expressions/11.8.3.js, opt=0]" classname="org.mozilla.javascript.tests.MozillaSuiteTest" time="0.034"/>
  <testcase name="runMozillaTest[2891, js=testsrc/tests/ecma/Expressions/11.8.4.js, opt=0]" classname="org.mozilla.javascript.tests.MozillaSuiteTest" time="0.022"/>
  <testcase name="runMozillaTest[2892, js=testsrc/tests/ecma/Expressions/11.9.1.js, opt=0]" classname="org.mozilla.javascript.tests.MozillaSuiteTest" time="0.042"/>
  <testcase name="runMozillaTest[2893, js=testsrc/tests/ecma/Expressions/11.9.2.js, opt=0]" classname="org.mozilla.javascript.tests.MozillaSuiteTest" time="0.03"/>
  <testcase name="runMozillaTest[2894, js=testsrc/tests/ecma/Expressions/11.9.3.js, opt=0]" classname="org.mozilla.javascript.tests.MozillaSuiteTest" time="0.027"/>
  <testcase name="runMozillaTest[2895, js=testsrc/tests/ecma/FunctionObjects/15.3.1.1-1.js, opt=0]" classname="org.mozilla.javascript.tests.MozillaSuiteTest" time="0.043"/>
  <testcase name="runMozillaTest[2896, js=testsrc/tests/ecma/FunctionObjects/15.3.1.1-2.js, opt=0]" classname="org.mozilla.javascript.tests.MozillaSuiteTest" time="0.01"/>
  <testcase name="runMozillaTest[2897, js=testsrc/tests/ecma/FunctionObjects/15.3.1.1-3.js, opt=0]" classname="org.mozilla.javascript.tests.MozillaSuiteTest" time="0.355"/>
  <testcase name="runMozillaTest[2898, js=testsrc/tests/ecma/FunctionObjects/15.3.2.1-1.js, opt=0]" classname="org.mozilla.javascript.tests.MozillaSuiteTest" time="0.018"/>
  <testcase name="runMozillaTest[2899, js=testsrc/tests/ecma/FunctionObjects/15.3.2.1-2.js, opt=0]" classname="org.mozilla.javascript.tests.MozillaSuiteTest" time="0.005"/>
  <testcase name="runMozillaTest[2900, js=testsrc/tests/ecma/FunctionObjects/15.3.2.1-3.js, opt=0]" classname="org.mozilla.javascript.tests.MozillaSuiteTest" time="0.173"/>
  <testcase name="runMozillaTest[2901, js=testsrc/tests/ecma/FunctionObjects/15.3.3.1-2.js, opt=0]" classname="org.mozilla.javascript.tests.MozillaSuiteTest" time="0.011"/>
  <testcase name="runMozillaTest[2902, js=testsrc/tests/ecma/FunctionObjects/15.3.3.1-3.js, opt=0]" classname="org.mozilla.javascript.tests.MozillaSuiteTest" time="0.003"/>
  <testcase name="runMozillaTest[2903, js=testsrc/tests/ecma/FunctionObjects/15.3.3.1-4.js, opt=0]" classname="org.mozilla.javascript.tests.MozillaSuiteTest" time="0.007"/>
  <testcase name="runMozillaTest[2904, js=testsrc/tests/ecma/FunctionObjects/15.3.3.2.js, opt=0]" classname="org.mozilla.javascript.tests.MozillaSuiteTest" time="0.01"/>
  <testcase name="runMozillaTest[2905, js=testsrc/tests/ecma/FunctionObjects/15.3.4-1.js, opt=0]" classname="org.mozilla.javascript.tests.MozillaSuiteTest" time="0.008"/>
  <testcase name="runMozillaTest[2906, js=testsrc/tests/ecma/FunctionObjects/15.3.4.1.js, opt=0]" classname="org.mozilla.javascript.tests.MozillaSuiteTest" time="0.009"/>
  <testcase name="runMozillaTest[2907, js=testsrc/tests/ecma/FunctionObjects/15.3.4.js, opt=0]" classname="org.mozilla.javascript.tests.MozillaSuiteTest" time="0.004"/>
  <testcase name="runMozillaTest[2908, js=testsrc/tests/ecma/FunctionObjects/15.3.5-1.js, opt=0]" classname="org.mozilla.javascript.tests.MozillaSuiteTest" time="0.176"/>
  <testcase name="runMozillaTest[2909, js=testsrc/tests/ecma/FunctionObjects/15.3.5-2.js, opt=0]" classname="org.mozilla.javascript.tests.MozillaSuiteTest" time="0.02"/>
  <testcase name="runMozillaTest[2910, js=testsrc/tests/ecma/FunctionObjects/15.3.5.1.js, opt=0]" classname="org.mozilla.javascript.tests.MozillaSuiteTest" time="0.015"/>
  <testcase name="runMozillaTest[2911, js=testsrc/tests/ecma/FunctionObjects/15.3.5.3.js, opt=0]" classname="org.mozilla.javascript.tests.MozillaSuiteTest" time="0.008"/>
  <testcase name="runMozillaTest[2912, js=testsrc/tests/ecma/GlobalObject/15.1-1-n.js, opt=0]" classname="org.mozilla.javascript.tests.MozillaSuiteTest" time="0.011"/>
  <testcase name="runMozillaTest[2913, js=testsrc/tests/ecma/GlobalObject/15.1-2-n.js, opt=0]" classname="org.mozilla.javascript.tests.MozillaSuiteTest" time="0.009"/>
  <testcase name="runMozillaTest[2914, js=testsrc/tests/ecma/GlobalObject/15.1.1.1.js, opt=0]" classname="org.mozilla.javascript.tests.MozillaSuiteTest" time="0.026"/>
  <testcase name="runMozillaTest[2915, js=testsrc/tests/ecma/GlobalObject/15.1.1.2.js, opt=0]" classname="org.mozilla.javascript.tests.MozillaSuiteTest" time="0.022"/>
  <testcase name="runMozillaTest[2916, js=testsrc/tests/ecma/GlobalObject/15.1.2.1-2.js, opt=0]" classname="org.mozilla.javascript.tests.MozillaSuiteTest" time="0.003"/>
  <testcase name="runMozillaTest[2917, js=testsrc/tests/ecma/GlobalObject/15.1.2.2-2.js, opt=0]" classname="org.mozilla.javascript.tests.MozillaSuiteTest" time="0.032"/>
  <testcase name="runMozillaTest[2918, js=testsrc/tests/ecma/GlobalObject/15.1.2.3-2.js, opt=0]" classname="org.mozilla.javascript.tests.MozillaSuiteTest" time="0.063"/>
  <testcase name="runMozillaTest[2919, js=testsrc/tests/ecma/GlobalObject/15.1.2.5-2.js, opt=0]" classname="org.mozilla.javascript.tests.MozillaSuiteTest" time="0.033"/>
  <testcase name="runMozillaTest[2920, js=testsrc/tests/ecma/GlobalObject/15.1.2.5-3.js, opt=0]" classname="org.mozilla.javascript.tests.MozillaSuiteTest" time="0.124"/>
  <testcase name="runMozillaTest[2921, js=testsrc/tests/ecma/LexicalConventions/7.1-1.js, opt=0]" classname="org.mozilla.javascript.tests.MozillaSuiteTest" time="0.031"/>
  <testcase name="runMozillaTest[2922, js=testsrc/tests/ecma/LexicalConventions/7.1-2.js, opt=0]" classname="org.mozilla.javascript.tests.MozillaSuiteTest" time="0.011"/>
  <testcase name="runMozillaTest[2923, js=testsrc/tests/ecma/LexicalConventions/7.1-3.js, opt=0]" classname="org.mozilla.javascript.tests.MozillaSuiteTest" time="0.02"/>
  <testcase name="runMozillaTest[2924, js=testsrc/tests/ecma/LexicalConventions/7.2-1.js, opt=0]" classname="org.mozilla.javascript.tests.MozillaSuiteTest" time="0.017"/>
  <testcase name="runMozillaTest[2925, js=testsrc/tests/ecma/LexicalConventions/7.2-2-n.js, opt=0]" classname="org.mozilla.javascript.tests.MozillaSuiteTest" time="0.004"/>
  <testcase name="runMozillaTest[2926, js=testsrc/tests/ecma/LexicalConventions/7.2-3-n.js, opt=0]" classname="org.mozilla.javascript.tests.MozillaSuiteTest" time="0.015"/>
  <testcase name="runMozillaTest[2927, js=testsrc/tests/ecma/LexicalConventions/7.2-4-n.js, opt=0]" classname="org.mozilla.javascript.tests.MozillaSuiteTest" time="0.03"/>
  <testcase name="runMozillaTest[2928, js=testsrc/tests/ecma/LexicalConventions/7.2-5-n.js, opt=0]" classname="org.mozilla.javascript.tests.MozillaSuiteTest" time="0.014"/>
  <testcase name="runMozillaTest[2929, js=testsrc/tests/ecma/LexicalConventions/7.2-6.js, opt=0]" classname="org.mozilla.javascript.tests.MozillaSuiteTest" time="0.003"/>
  <testcase name="runMozillaTest[2930, js=testsrc/tests/ecma/LexicalConventions/7.3-1.js, opt=0]" classname="org.mozilla.javascript.tests.MozillaSuiteTest" time="0.03"/>
  <testcase name="runMozillaTest[2931, js=testsrc/tests/ecma/LexicalConventions/7.3-10.js, opt=0]" classname="org.mozilla.javascript.tests.MozillaSuiteTest" time="0.006"/>
  <testcase name="runMozillaTest[2932, js=testsrc/tests/ecma/LexicalConventions/7.3-11.js, opt=0]" classname="org.mozilla.javascript.tests.MozillaSuiteTest" time="0.003"/>
  <testcase name="runMozillaTest[2933, js=testsrc/tests/ecma/LexicalConventions/7.3-12.js, opt=0]" classname="org.mozilla.javascript.tests.MozillaSuiteTest" time="0.014"/>
  <testcase name="runMozillaTest[2934, js=testsrc/tests/ecma/LexicalConventions/7.3-13-n.js, opt=0]" classname="org.mozilla.javascript.tests.MozillaSuiteTest" time="0.034"/>
  <testcase name="runMozillaTest[2935, js=testsrc/tests/ecma/LexicalConventions/7.3-2.js, opt=0]" classname="org.mozilla.javascript.tests.MozillaSuiteTest" time="0.012"/>
  <testcase name="runMozillaTest[2936, js=testsrc/tests/ecma/LexicalConventions/7.3-3.js, opt=0]" classname="org.mozilla.javascript.tests.MozillaSuiteTest" time="0.003"/>
  <testcase name="runMozillaTest[2937, js=testsrc/tests/ecma/LexicalConventions/7.3-4.js, opt=0]" classname="org.mozilla.javascript.tests.MozillaSuiteTest" time="0.03"/>
  <testcase name="runMozillaTest[2938, js=testsrc/tests/ecma/LexicalConventions/7.3-5.js, opt=0]" classname="org.mozilla.javascript.tests.MozillaSuiteTest" time="0.014"/>
  <testcase name="runMozillaTest[2939, js=testsrc/tests/ecma/LexicalConventions/7.3-6.js, opt=0]" classname="org.mozilla.javascript.tests.MozillaSuiteTest" time="0.02"/>
  <testcase name="runMozillaTest[2940, js=testsrc/tests/ecma/LexicalConventions/7.3-7.js, opt=0]" classname="org.mozilla.javascript.tests.MozillaSuiteTest" time="0.02"/>
  <testcase name="runMozillaTest[2941, js=testsrc/tests/ecma/LexicalConventions/7.3-8.js, opt=0]" classname="org.mozilla.javascript.tests.MozillaSuiteTest" time="0.004"/>
  <testcase name="runMozillaTest[2942, js=testsrc/tests/ecma/LexicalConventions/7.3-9.js, opt=0]" classname="org.mozilla.javascript.tests.MozillaSuiteTest" time="0.022"/>
  <testcase name="runMozillaTest[2943, js=testsrc/tests/ecma/LexicalConventions/7.4.1-1-n.js, opt=0]" classname="org.mozilla.javascript.tests.MozillaSuiteTest" time="0.004"/>
  <testcase name="runMozillaTest[2944, js=testsrc/tests/ecma/LexicalConventions/7.4.1-2-n.js, opt=0]" classname="org.mozilla.javascript.tests.MozillaSuiteTest" time="0.01"/>
  <testcase name="runMozillaTest[2945, js=testsrc/tests/ecma/LexicalConventions/7.4.1-3-n.js, opt=0]" classname="org.mozilla.javascript.tests.MozillaSuiteTest" time="0.014"/>
  <testcase name="runMozillaTest[2946, js=testsrc/tests/ecma/LexicalConventions/7.4.2-1-n.js, opt=0]" classname="org.mozilla.javascript.tests.MozillaSuiteTest" time="0.003"/>
  <testcase name="runMozillaTest[2947, js=testsrc/tests/ecma/LexicalConventions/7.4.2-10-n.js, opt=0]" classname="org.mozilla.javascript.tests.MozillaSuiteTest" time="0.03"/>
  <testcase name="runMozillaTest[2948, js=testsrc/tests/ecma/LexicalConventions/7.4.2-11-n.js, opt=0]" classname="org.mozilla.javascript.tests.MozillaSuiteTest" time="0.003"/>
  <testcase name="runMozillaTest[2949, js=testsrc/tests/ecma/LexicalConventions/7.4.2-12-n.js, opt=0]" classname="org.mozilla.javascript.tests.MozillaSuiteTest" time="0.02"/>
  <testcase name="runMozillaTest[2950, js=testsrc/tests/ecma/LexicalConventions/7.4.2-13-n.js, opt=0]" classname="org.mozilla.javascript.tests.MozillaSuiteTest" time="0.003"/>
  <testcase name="runMozillaTest[2951, js=testsrc/tests/ecma/LexicalConventions/7.4.2-14-n.js, opt=0]" classname="org.mozilla.javascript.tests.MozillaSuiteTest" time="0.032"/>
  <testcase name="runMozillaTest[2952, js=testsrc/tests/ecma/LexicalConventions/7.4.2-15-n.js, opt=0]" classname="org.mozilla.javascript.tests.MozillaSuiteTest" time="0.019"/>
  <testcase name="runMozillaTest[2953, js=testsrc/tests/ecma/LexicalConventions/7.4.2-16-n.js, opt=0]" classname="org.mozilla.javascript.tests.MozillaSuiteTest" time="0.034"/>
  <testcase name="runMozillaTest[2954, js=testsrc/tests/ecma/LexicalConventions/7.4.2-2-n.js, opt=0]" classname="org.mozilla.javascript.tests.MozillaSuiteTest" time="0.004"/>
  <testcase name="runMozillaTest[2955, js=testsrc/tests/ecma/LexicalConventions/7.4.2-3-n.js, opt=0]" classname="org.mozilla.javascript.tests.MozillaSuiteTest" time="0.009"/>
  <testcase name="runMozillaTest[2956, js=testsrc/tests/ecma/LexicalConventions/7.4.2-4-n.js, opt=0]" classname="org.mozilla.javascript.tests.MozillaSuiteTest" time="0.016"/>
  <testcase name="runMozillaTest[2957, js=testsrc/tests/ecma/LexicalConventions/7.4.2-5-n.js, opt=0]" classname="org.mozilla.javascript.tests.MozillaSuiteTest" time="0.017"/>
  <testcase name="runMozillaTest[2958, js=testsrc/tests/ecma/LexicalConventions/7.4.2-6-n.js, opt=0]" classname="org.mozilla.javascript.tests.MozillaSuiteTest" time="0.003"/>
  <testcase name="runMozillaTest[2959, js=testsrc/tests/ecma/LexicalConventions/7.4.2-7-n.js, opt=0]" classname="org.mozilla.javascript.tests.MozillaSuiteTest" time="0.036"/>
  <testcase name="runMozillaTest[2960, js=testsrc/tests/ecma/LexicalConventions/7.4.2-8-n.js, opt=0]" classname="org.mozilla.javascript.tests.MozillaSuiteTest" time="0.004"/>
  <testcase name="runMozillaTest[2961, js=testsrc/tests/ecma/LexicalConventions/7.4.2-9-n.js, opt=0]" classname="org.mozilla.javascript.tests.MozillaSuiteTest" time="0.014"/>
  <testcase name="runMozillaTest[2962, js=testsrc/tests/ecma/LexicalConventions/7.4.3-1-n.js, opt=0]" classname="org.mozilla.javascript.tests.MozillaSuiteTest" time="0.02"/>
  <testcase name="runMozillaTest[2963, js=testsrc/tests/ecma/LexicalConventions/7.4.3-10-n.js, opt=0]" classname="org.mozilla.javascript.tests.MozillaSuiteTest" time="0.013"/>
  <testcase name="runMozillaTest[2964, js=testsrc/tests/ecma/LexicalConventions/7.4.3-11-n.js, opt=0]" classname="org.mozilla.javascript.tests.MozillaSuiteTest" time="0.015"/>
  <testcase name="runMozillaTest[2965, js=testsrc/tests/ecma/LexicalConventions/7.4.3-12-n.js, opt=0]" classname="org.mozilla.javascript.tests.MozillaSuiteTest" time="0.004"/>
  <testcase name="runMozillaTest[2966, js=testsrc/tests/ecma/LexicalConventions/7.4.3-13-n.js, opt=0]" classname="org.mozilla.javascript.tests.MozillaSuiteTest" time="0.003"/>
  <testcase name="runMozillaTest[2967, js=testsrc/tests/ecma/LexicalConventions/7.4.3-14-n.js, opt=0]" classname="org.mozilla.javascript.tests.MozillaSuiteTest" time="0.031"/>
  <testcase name="runMozillaTest[2968, js=testsrc/tests/ecma/LexicalConventions/7.4.3-15-n.js, opt=0]" classname="org.mozilla.javascript.tests.MozillaSuiteTest" time="0.02"/>
  <testcase name="runMozillaTest[2969, js=testsrc/tests/ecma/LexicalConventions/7.4.3-16-n.js, opt=0]" classname="org.mozilla.javascript.tests.MozillaSuiteTest" time="0.003"/>
  <testcase name="runMozillaTest[2970, js=testsrc/tests/ecma/LexicalConventions/7.4.3-2-n.js, opt=0]" classname="org.mozilla.javascript.tests.MozillaSuiteTest" time="0.033"/>
  <testcase name="runMozillaTest[2971, js=testsrc/tests/ecma/LexicalConventions/7.4.3-3-n.js, opt=0]" classname="org.mozilla.javascript.tests.MozillaSuiteTest" time="0.005"/>
  <testcase name="runMozillaTest[2972, js=testsrc/tests/ecma/LexicalConventions/7.4.3-4-n.js, opt=0]" classname="org.mozilla.javascript.tests.MozillaSuiteTest" time="0.013"/>
  <testcase name="runMozillaTest[2973, js=testsrc/tests/ecma/LexicalConventions/7.4.3-5-n.js, opt=0]" classname="org.mozilla.javascript.tests.MozillaSuiteTest" time="0.017"/>
  <testcase name="runMozillaTest[2974, js=testsrc/tests/ecma/LexicalConventions/7.4.3-6-n.js, opt=0]" classname="org.mozilla.javascript.tests.MozillaSuiteTest" time="0.02"/>
  <testcase name="runMozillaTest[2975, js=testsrc/tests/ecma/LexicalConventions/7.4.3-7-n.js, opt=0]" classname="org.mozilla.javascript.tests.MozillaSuiteTest" time="0.027"/>
  <testcase name="runMozillaTest[2976, js=testsrc/tests/ecma/LexicalConventions/7.4.3-8-n.js, opt=0]" classname="org.mozilla.javascript.tests.MozillaSuiteTest" time="0.004"/>
  <testcase name="runMozillaTest[2977, js=testsrc/tests/ecma/LexicalConventions/7.4.3-9-n.js, opt=0]" classname="org.mozilla.javascript.tests.MozillaSuiteTest" time="0.017"/>
  <testcase name="runMozillaTest[2978, js=testsrc/tests/ecma/LexicalConventions/7.5-1.js, opt=0]" classname="org.mozilla.javascript.tests.MozillaSuiteTest" time="0.015"/>
  <testcase name="runMozillaTest[2979, js=testsrc/tests/ecma/LexicalConventions/7.5-10-n.js, opt=0]" classname="org.mozilla.javascript.tests.MozillaSuiteTest" time="0.032"/>
  <testcase name="runMozillaTest[2980, js=testsrc/tests/ecma/LexicalConventions/7.5-2-n.js, opt=0]" classname="org.mozilla.javascript.tests.MozillaSuiteTest" time="0.014"/>
  <testcase name="runMozillaTest[2981, js=testsrc/tests/ecma/LexicalConventions/7.5-3-n.js, opt=0]" classname="org.mozilla.javascript.tests.MozillaSuiteTest" time="0.004"/>
  <testcase name="runMozillaTest[2982, js=testsrc/tests/ecma/LexicalConventions/7.5-4-n.js, opt=0]" classname="org.mozilla.javascript.tests.MozillaSuiteTest" time="0.015"/>
  <testcase name="runMozillaTest[2983, js=testsrc/tests/ecma/LexicalConventions/7.5-5-n.js, opt=0]" classname="org.mozilla.javascript.tests.MozillaSuiteTest" time="0.018"/>
  <testcase name="runMozillaTest[2984, js=testsrc/tests/ecma/LexicalConventions/7.5-6.js, opt=0]" classname="org.mozilla.javascript.tests.MozillaSuiteTest" time="0.022"/>
  <testcase name="runMozillaTest[2985, js=testsrc/tests/ecma/LexicalConventions/7.5-7.js, opt=0]" classname="org.mozilla.javascript.tests.MozillaSuiteTest" time="0.019"/>
  <testcase name="runMozillaTest[2986, js=testsrc/tests/ecma/LexicalConventions/7.5-8-n.js, opt=0]" classname="org.mozilla.javascript.tests.MozillaSuiteTest" time="0.011"/>
  <testcase name="runMozillaTest[2987, js=testsrc/tests/ecma/LexicalConventions/7.5-9-n.js, opt=0]" classname="org.mozilla.javascript.tests.MozillaSuiteTest" time="0.02"/>
  <testcase name="runMozillaTest[2988, js=testsrc/tests/ecma/LexicalConventions/7.6.js, opt=0]" classname="org.mozilla.javascript.tests.MozillaSuiteTest" time="0.023"/>
  <testcase name="runMozillaTest[2989, js=testsrc/tests/ecma/LexicalConventions/7.7.1.js, opt=0]" classname="org.mozilla.javascript.tests.MozillaSuiteTest" time="0.005"/>
  <testcase name="runMozillaTest[2990, js=testsrc/tests/ecma/LexicalConventions/7.7.2.js, opt=0]" classname="org.mozilla.javascript.tests.MozillaSuiteTest" time="0.033"/>
  <testcase name="runMozillaTest[2991, js=testsrc/tests/ecma/LexicalConventions/7.7.3-1.js, opt=0]" classname="org.mozilla.javascript.tests.MozillaSuiteTest" time="0.018"/>
  <testcase name="runMozillaTest[2992, js=testsrc/tests/ecma/LexicalConventions/7.7.3-2.js, opt=0]" classname="org.mozilla.javascript.tests.MozillaSuiteTest" time="0.02"/>
  <testcase name="runMozillaTest[2993, js=testsrc/tests/ecma/LexicalConventions/7.7.3.js, opt=0]" classname="org.mozilla.javascript.tests.MozillaSuiteTest" time="0.02"/>
  <testcase name="runMozillaTest[2994, js=testsrc/tests/ecma/LexicalConventions/7.7.4.js, opt=0]" classname="org.mozilla.javascript.tests.MozillaSuiteTest" time="0.061"/>
  <testcase name="runMozillaTest[2995, js=testsrc/tests/ecma/LexicalConventions/7.8.2-n.js, opt=0]" classname="org.mozilla.javascript.tests.MozillaSuiteTest" time="0.004"/>
  <testcase name="runMozillaTest[2996, js=testsrc/tests/ecma/Math/15.8-2-n.js, opt=0]" classname="org.mozilla.javascript.tests.MozillaSuiteTest" time="0.03"/>
  <testcase name="runMozillaTest[2997, js=testsrc/tests/ecma/Math/15.8-3-n.js, opt=0]" classname="org.mozilla.javascript.tests.MozillaSuiteTest" time="0.003"/>
  <testcase name="runMozillaTest[2998, js=testsrc/tests/ecma/Math/15.8.1.1-1.js, opt=0]" classname="org.mozilla.javascript.tests.MozillaSuiteTest" time="0.012"/>
  <testcase name="runMozillaTest[2999, js=testsrc/tests/ecma/Math/15.8.1.1-2.js, opt=0]" classname="org.mozilla.javascript.tests.MozillaSuiteTest" time="0.012"/>
  <testcase name="runMozillaTest[3000, js=testsrc/tests/ecma/Math/15.8.1.2-1.js, opt=0]" classname="org.mozilla.javascript.tests.MozillaSuiteTest" time="0.019"/>
  <testcase name="runMozillaTest[3001, js=testsrc/tests/ecma/Math/15.8.1.2-2.js, opt=0]" classname="org.mozilla.javascript.tests.MozillaSuiteTest" time="0.01"/>
  <testcase name="runMozillaTest[3002, js=testsrc/tests/ecma/Math/15.8.1.3-1.js, opt=0]" classname="org.mozilla.javascript.tests.MozillaSuiteTest" time="0.027"/>
  <testcase name="runMozillaTest[3003, js=testsrc/tests/ecma/Math/15.8.1.3-2.js, opt=0]" classname="org.mozilla.javascript.tests.MozillaSuiteTest" time="0.016"/>
  <testcase name="runMozillaTest[3004, js=testsrc/tests/ecma/Math/15.8.1.4-1.js, opt=0]" classname="org.mozilla.javascript.tests.MozillaSuiteTest" time="0.004"/>
  <testcase name="runMozillaTest[3005, js=testsrc/tests/ecma/Math/15.8.1.4-2.js, opt=0]" classname="org.mozilla.javascript.tests.MozillaSuiteTest" time="0.013"/>
  <testcase name="runMozillaTest[3006, js=testsrc/tests/ecma/Math/15.8.1.5-1.js, opt=0]" classname="org.mozilla.javascript.tests.MozillaSuiteTest" time="0.027"/>
  <testcase name="runMozillaTest[3007, js=testsrc/tests/ecma/Math/15.8.1.5-2.js, opt=0]" classname="org.mozilla.javascript.tests.MozillaSuiteTest" time="0.03"/>
  <testcase name="runMozillaTest[3008, js=testsrc/tests/ecma/Math/15.8.1.6-1.js, opt=0]" classname="org.mozilla.javascript.tests.MozillaSuiteTest" time="0.003"/>
  <testcase name="runMozillaTest[3009, js=testsrc/tests/ecma/Math/15.8.1.6-2.js, opt=0]" classname="org.mozilla.javascript.tests.MozillaSuiteTest" time="0.017"/>
  <testcase name="runMozillaTest[3010, js=testsrc/tests/ecma/Math/15.8.1.7-1.js, opt=0]" classname="org.mozilla.javascript.tests.MozillaSuiteTest" time="0.015"/>
  <testcase name="runMozillaTest[3011, js=testsrc/tests/ecma/Math/15.8.1.7-2.js, opt=0]" classname="org.mozilla.javascript.tests.MozillaSuiteTest" time="0.014"/>
  <testcase name="runMozillaTest[3012, js=testsrc/tests/ecma/Math/15.8.1.8-1.js, opt=0]" classname="org.mozilla.javascript.tests.MozillaSuiteTest" time="0.024"/>
  <testcase name="runMozillaTest[3013, js=testsrc/tests/ecma/Math/15.8.1.8-2.js, opt=0]" classname="org.mozilla.javascript.tests.MozillaSuiteTest" time="0.015"/>
  <testcase name="runMozillaTest[3014, js=testsrc/tests/ecma/Math/15.8.1.8-3.js, opt=0]" classname="org.mozilla.javascript.tests.MozillaSuiteTest" time="0.021"/>
  <testcase name="runMozillaTest[3015, js=testsrc/tests/ecma/Math/15.8.1.js, opt=0]" classname="org.mozilla.javascript.tests.MozillaSuiteTest" time="0.005"/>
  <testcase name="runMozillaTest[3016, js=testsrc/tests/ecma/Math/15.8.2.1.js, opt=0]" classname="org.mozilla.javascript.tests.MozillaSuiteTest" time="0.025"/>
  <testcase name="runMozillaTest[3017, js=testsrc/tests/ecma/Math/15.8.2.10.js, opt=0]" classname="org.mozilla.javascript.tests.MozillaSuiteTest" time="0.004"/>
  <testcase name="runMozillaTest[3018, js=testsrc/tests/ecma/Math/15.8.2.11.js, opt=0]" classname="org.mozilla.javascript.tests.MozillaSuiteTest" time="0.024"/>
  <testcase name="runMozillaTest[3019, js=testsrc/tests/ecma/Math/15.8.2.12.js, opt=0]" classname="org.mozilla.javascript.tests.MozillaSuiteTest" time="0.036"/>
  <testcase name="runMozillaTest[3020, js=testsrc/tests/ecma/Math/15.8.2.13.js, opt=0]" classname="org.mozilla.javascript.tests.MozillaSuiteTest" time="0.023"/>
  <testcase name="runMozillaTest[3021, js=testsrc/tests/ecma/Math/15.8.2.14.js, opt=0]" classname="org.mozilla.javascript.tests.MozillaSuiteTest" time="0.011"/>
  <testcase name="runMozillaTest[3022, js=testsrc/tests/ecma/Math/15.8.2.15.js, opt=0]" classname="org.mozilla.javascript.tests.MozillaSuiteTest" time="0.038"/>
  <testcase name="runMozillaTest[3023, js=testsrc/tests/ecma/Math/15.8.2.16.js, opt=0]" classname="org.mozilla.javascript.tests.MozillaSuiteTest" time="0.024"/>
  <testcase name="runMozillaTest[3024, js=testsrc/tests/ecma/Math/15.8.2.17.js, opt=0]" classname="org.mozilla.javascript.tests.MozillaSuiteTest" time="0.029"/>
  <testcase name="runMozillaTest[3025, js=testsrc/tests/ecma/Math/15.8.2.18.js, opt=0]" classname="org.mozilla.javascript.tests.MozillaSuiteTest" time="0.006"/>
  <testcase name="runMozillaTest[3026, js=testsrc/tests/ecma/Math/15.8.2.2.js, opt=0]" classname="org.mozilla.javascript.tests.MozillaSuiteTest" time="0.004"/>
  <testcase name="runMozillaTest[3027, js=testsrc/tests/ecma/Math/15.8.2.3.js, opt=0]" classname="org.mozilla.javascript.tests.MozillaSuiteTest" time="0.02"/>
  <testcase name="runMozillaTest[3028, js=testsrc/tests/ecma/Math/15.8.2.4.js, opt=0]" classname="org.mozilla.javascript.tests.MozillaSuiteTest" time="0.035"/>
  <testcase name="runMozillaTest[3029, js=testsrc/tests/ecma/Math/15.8.2.5.js, opt=0]" classname="org.mozilla.javascript.tests.MozillaSuiteTest" time="0.013"/>
  <testcase name="runMozillaTest[3030, js=testsrc/tests/ecma/Math/15.8.2.6.js, opt=0]" classname="org.mozilla.javascript.tests.MozillaSuiteTest" time="0.033"/>
  <testcase name="runMozillaTest[3031, js=testsrc/tests/ecma/Math/15.8.2.7.js, opt=0]" classname="org.mozilla.javascript.tests.MozillaSuiteTest" time="0.018"/>
  <testcase name="runMozillaTest[3032, js=testsrc/tests/ecma/Math/15.8.2.8.js, opt=0]" classname="org.mozilla.javascript.tests.MozillaSuiteTest" time="0.015"/>
  <testcase name="runMozillaTest[3033, js=testsrc/tests/ecma/Math/15.8.2.9.js, opt=0]" classname="org.mozilla.javascript.tests.MozillaSuiteTest" time="0.025"/>
  <testcase name="runMozillaTest[3034, js=testsrc/tests/ecma/Number/15.7.1.js, opt=0]" classname="org.mozilla.javascript.tests.MozillaSuiteTest" time="0.025"/>
  <testcase name="runMozillaTest[3035, js=testsrc/tests/ecma/Number/15.7.2.js, opt=0]" classname="org.mozilla.javascript.tests.MozillaSuiteTest" time="0.021"/>
  <testcase name="runMozillaTest[3036, js=testsrc/tests/ecma/Number/15.7.3.1-1.js, opt=0]" classname="org.mozilla.javascript.tests.MozillaSuiteTest" time="0.005"/>
  <testcase name="runMozillaTest[3037, js=testsrc/tests/ecma/Number/15.7.3.1-2.js, opt=0]" classname="org.mozilla.javascript.tests.MozillaSuiteTest" time="0.019"/>
  <testcase name="runMozillaTest[3038, js=testsrc/tests/ecma/Number/15.7.3.1-3.js, opt=0]" classname="org.mozilla.javascript.tests.MozillaSuiteTest" time="0.019"/>
  <testcase name="runMozillaTest[3039, js=testsrc/tests/ecma/Number/15.7.3.2-1.js, opt=0]" classname="org.mozilla.javascript.tests.MozillaSuiteTest" time="0.008"/>
  <testcase name="runMozillaTest[3040, js=testsrc/tests/ecma/Number/15.7.3.2-2.js, opt=0]" classname="org.mozilla.javascript.tests.MozillaSuiteTest" time="0.023"/>
  <testcase name="runMozillaTest[3041, js=testsrc/tests/ecma/Number/15.7.3.2-3.js, opt=0]" classname="org.mozilla.javascript.tests.MozillaSuiteTest" time="0.025"/>
  <testcase name="runMozillaTest[3042, js=testsrc/tests/ecma/Number/15.7.3.2-4.js, opt=0]" classname="org.mozilla.javascript.tests.MozillaSuiteTest" time="0.006"/>
  <testcase name="runMozillaTest[3043, js=testsrc/tests/ecma/Number/15.7.3.3-1.js, opt=0]" classname="org.mozilla.javascript.tests.MozillaSuiteTest" time="0.034"/>
  <testcase name="runMozillaTest[3044, js=testsrc/tests/ecma/Number/15.7.3.3-2.js, opt=0]" classname="org.mozilla.javascript.tests.MozillaSuiteTest" time="0.004"/>
  <testcase name="runMozillaTest[3045, js=testsrc/tests/ecma/Number/15.7.3.3-3.js, opt=0]" classname="org.mozilla.javascript.tests.MozillaSuiteTest" time="0.017"/>
  <testcase name="runMozillaTest[3046, js=testsrc/tests/ecma/Number/15.7.3.3-4.js, opt=0]" classname="org.mozilla.javascript.tests.MozillaSuiteTest" time="0.029"/>
  <testcase name="runMozillaTest[3047, js=testsrc/tests/ecma/Number/15.7.3.4-1.js, opt=0]" classname="org.mozilla.javascript.tests.MozillaSuiteTest" time="0.003"/>
  <testcase name="runMozillaTest[3048, js=testsrc/tests/ecma/Number/15.7.3.4-2.js, opt=0]" classname="org.mozilla.javascript.tests.MozillaSuiteTest" time="0.011"/>
  <testcase name="runMozillaTest[3049, js=testsrc/tests/ecma/Number/15.7.3.4-3.js, opt=0]" classname="org.mozilla.javascript.tests.MozillaSuiteTest" time="0.036"/>
  <testcase name="runMozillaTest[3050, js=testsrc/tests/ecma/Number/15.7.3.4-4.js, opt=0]" classname="org.mozilla.javascript.tests.MozillaSuiteTest" time="0.003"/>
  <testcase name="runMozillaTest[3051, js=testsrc/tests/ecma/Number/15.7.3.5-1.js, opt=0]" classname="org.mozilla.javascript.tests.MozillaSuiteTest" time="0.017"/>
  <testcase name="runMozillaTest[3052, js=testsrc/tests/ecma/Number/15.7.3.5-2.js, opt=0]" classname="org.mozilla.javascript.tests.MozillaSuiteTest" time="0.019"/>
  <testcase name="runMozillaTest[3053, js=testsrc/tests/ecma/Number/15.7.3.5-3.js, opt=0]" classname="org.mozilla.javascript.tests.MozillaSuiteTest" time="0.003"/>
  <testcase name="runMozillaTest[3054, js=testsrc/tests/ecma/Number/15.7.3.5-4.js, opt=0]" classname="org.mozilla.javascript.tests.MozillaSuiteTest" time="0.012"/>
  <testcase name="runMozillaTest[3055, js=testsrc/tests/ecma/Number/15.7.3.6-1.js, opt=0]" classname="org.mozilla.javascript.tests.MozillaSuiteTest" time="0.005"/>
  <testcase name="runMozillaTest[3056, js=testsrc/tests/ecma/Number/15.7.3.6-2.js, opt=0]" classname="org.mozilla.javascript.tests.MozillaSuiteTest" time="0.013"/>
  <testcase name="runMozillaTest[3057, js=testsrc/tests/ecma/Number/15.7.3.6-3.js, opt=0]" classname="org.mozilla.javascript.tests.MozillaSuiteTest" time="0.003"/>
  <testcase name="runMozillaTest[3058, js=testsrc/tests/ecma/Number/15.7.3.6-4.js, opt=0]" classname="org.mozilla.javascript.tests.MozillaSuiteTest" time="0.013"/>
  <testcase name="runMozillaTest[3059, js=testsrc/tests/ecma/Number/15.7.3.js, opt=0]" classname="org.mozilla.javascript.tests.MozillaSuiteTest" time="0.003"/>
  <testcase name="runMozillaTest[3060, js=testsrc/tests/ecma/Number/15.7.4-1.js, opt=0]" classname="org.mozilla.javascript.tests.MozillaSuiteTest" time="0.003"/>
  <testcase name="runMozillaTest[3061, js=testsrc/tests/ecma/Number/15.7.4.1.js, opt=0]" classname="org.mozilla.javascript.tests.MozillaSuiteTest" time="0.014"/>
  <testcase name="runMozillaTest[3062, js=testsrc/tests/ecma/Number/15.7.4.2-1.js, opt=0]" classname="org.mozilla.javascript.tests.MozillaSuiteTest" time="0.007"/>
  <testcase name="runMozillaTest[3063, js=testsrc/tests/ecma/Number/15.7.4.2-2-n.js, opt=0]" classname="org.mozilla.javascript.tests.MozillaSuiteTest" time="0.014"/>
  <testcase name="runMozillaTest[3064, js=testsrc/tests/ecma/Number/15.7.4.2-3-n.js, opt=0]" classname="org.mozilla.javascript.tests.MozillaSuiteTest" time="0.006"/>
  <testcase name="runMozillaTest[3065, js=testsrc/tests/ecma/Number/15.7.4.2-4.js, opt=0]" classname="org.mozilla.javascript.tests.MozillaSuiteTest" time="0.003"/>
  <testcase name="runMozillaTest[3066, js=testsrc/tests/ecma/Number/15.7.4.3-1.js, opt=0]" classname="org.mozilla.javascript.tests.MozillaSuiteTest" time="0.015"/>
  <testcase name="runMozillaTest[3067, js=testsrc/tests/ecma/Number/15.7.4.3-2.js, opt=0]" classname="org.mozilla.javascript.tests.MozillaSuiteTest" time="0.003"/>
  <testcase name="runMozillaTest[3068, js=testsrc/tests/ecma/Number/15.7.4.3-3-n.js, opt=0]" classname="org.mozilla.javascript.tests.MozillaSuiteTest" time="0.029"/>
  <testcase name="runMozillaTest[3069, js=testsrc/tests/ecma/ObjectObjects/15.2.1.1.js, opt=0]" classname="org.mozilla.javascript.tests.MozillaSuiteTest" time="0.033"/>
  <testcase name="runMozillaTest[3070, js=testsrc/tests/ecma/ObjectObjects/15.2.1.2.js, opt=0]" classname="org.mozilla.javascript.tests.MozillaSuiteTest" time="0.004"/>
  <testcase name="runMozillaTest[3071, js=testsrc/tests/ecma/ObjectObjects/15.2.2.1.js, opt=0]" classname="org.mozilla.javascript.tests.MozillaSuiteTest" time="0.028"/>
  <testcase name="runMozillaTest[3072, js=testsrc/tests/ecma/ObjectObjects/15.2.2.2.js, opt=0]" classname="org.mozilla.javascript.tests.MozillaSuiteTest" time="0.003"/>
  <testcase name="runMozillaTest[3073, js=testsrc/tests/ecma/ObjectObjects/15.2.3-1.js, opt=0]" classname="org.mozilla.javascript.tests.MozillaSuiteTest" time="0.045"/>
  <testcase name="runMozillaTest[3074, js=testsrc/tests/ecma/ObjectObjects/15.2.3.1-1.js, opt=0]" classname="org.mozilla.javascript.tests.MozillaSuiteTest" time="0.003"/>
  <testcase name="runMozillaTest[3075, js=testsrc/tests/ecma/ObjectObjects/15.2.3.1-2.js, opt=0]" classname="org.mozilla.javascript.tests.MozillaSuiteTest" time="0.006"/>
  <testcase name="runMozillaTest[3076, js=testsrc/tests/ecma/ObjectObjects/15.2.3.1-3.js, opt=0]" classname="org.mozilla.javascript.tests.MozillaSuiteTest" time="0.027"/>
  <testcase name="runMozillaTest[3077, js=testsrc/tests/ecma/ObjectObjects/15.2.3.1-4.js, opt=0]" classname="org.mozilla.javascript.tests.MozillaSuiteTest" time="0.008"/>
  <testcase name="runMozillaTest[3078, js=testsrc/tests/ecma/ObjectObjects/15.2.3.js, opt=0]" classname="org.mozilla.javascript.tests.MozillaSuiteTest" time="0.04"/>
  <testcase name="runMozillaTest[3079, js=testsrc/tests/ecma/ObjectObjects/15.2.4.1.js, opt=0]" classname="org.mozilla.javascript.tests.MozillaSuiteTest" time="0.003"/>
  <testcase name="runMozillaTest[3080, js=testsrc/tests/ecma/ObjectObjects/15.2.4.2.js, opt=0]" classname="org.mozilla.javascript.tests.MozillaSuiteTest" time="0.032"/>
  <testcase name="runMozillaTest[3081, js=testsrc/tests/ecma/ObjectObjects/15.2.4.3.js, opt=0]" classname="org.mozilla.javascript.tests.MozillaSuiteTest" time="0.018"/>
  <testcase name="runMozillaTest[3082, js=testsrc/tests/ecma/SourceText/6-1.js, opt=0]" classname="org.mozilla.javascript.tests.MozillaSuiteTest" time="0.009"/>
  <testcase name="runMozillaTest[3083, js=testsrc/tests/ecma/SourceText/6-2.js, opt=0]" classname="org.mozilla.javascript.tests.MozillaSuiteTest" time="0.021"/>
  <testcase name="runMozillaTest[3084, js=testsrc/tests/ecma/Statements/12.10-1.js, opt=0]" classname="org.mozilla.javascript.tests.MozillaSuiteTest" time="0.048"/>
  <testcase name="runMozillaTest[3085, js=testsrc/tests/ecma/Statements/12.10.js, opt=0]" classname="org.mozilla.javascript.tests.MozillaSuiteTest" time="0.023"/>
  <testcase name="runMozillaTest[3086, js=testsrc/tests/ecma/Statements/12.2-1.js, opt=0]" classname="org.mozilla.javascript.tests.MozillaSuiteTest" time="0.009"/>
  <testcase name="runMozillaTest[3087, js=testsrc/tests/ecma/Statements/12.5-1.js, opt=0]" classname="org.mozilla.javascript.tests.MozillaSuiteTest" time="0.004"/>
  <testcase name="runMozillaTest[3088, js=testsrc/tests/ecma/Statements/12.5-2.js, opt=0]" classname="org.mozilla.javascript.tests.MozillaSuiteTest" time="0.047"/>
  <testcase name="runMozillaTest[3089, js=testsrc/tests/ecma/Statements/12.6.1-1.js, opt=0]" classname="org.mozilla.javascript.tests.MozillaSuiteTest" time="0.013"/>
  <testcase name="runMozillaTest[3090, js=testsrc/tests/ecma/Statements/12.6.2-1.js, opt=0]" classname="org.mozilla.javascript.tests.MozillaSuiteTest" time="0.004"/>
  <testcase name="runMozillaTest[3091, js=testsrc/tests/ecma/Statements/12.6.2-2.js, opt=0]" classname="org.mozilla.javascript.tests.MozillaSuiteTest" time="0.024"/>
  <testcase name="runMozillaTest[3092, js=testsrc/tests/ecma/Statements/12.6.2-3.js, opt=0]" classname="org.mozilla.javascript.tests.MozillaSuiteTest" time="0.011"/>
  <testcase name="runMozillaTest[3093, js=testsrc/tests/ecma/Statements/12.6.2-4.js, opt=0]" classname="org.mozilla.javascript.tests.MozillaSuiteTest" time="0.014"/>
  <testcase name="runMozillaTest[3094, js=testsrc/tests/ecma/Statements/12.6.2-5.js, opt=0]" classname="org.mozilla.javascript.tests.MozillaSuiteTest" time="0.024"/>
  <testcase name="runMozillaTest[3095, js=testsrc/tests/ecma/Statements/12.6.2-6.js, opt=0]" classname="org.mozilla.javascript.tests.MozillaSuiteTest" time="0.029"/>
  <testcase name="runMozillaTest[3096, js=testsrc/tests/ecma/Statements/12.6.2-7.js, opt=0]" classname="org.mozilla.javascript.tests.MozillaSuiteTest" time="0.01"/>
  <testcase name="runMozillaTest[3097, js=testsrc/tests/ecma/Statements/12.6.2-8.js, opt=0]" classname="org.mozilla.javascript.tests.MozillaSuiteTest" time="0.003"/>
  <testcase name="runMozillaTest[3098, js=testsrc/tests/ecma/Statements/12.6.2-9-n.js, opt=0]" classname="org.mozilla.javascript.tests.MozillaSuiteTest" time="0.024"/>
  <testcase name="runMozillaTest[3099, js=testsrc/tests/ecma/Statements/12.6.3-1.js, opt=0]" classname="org.mozilla.javascript.tests.MozillaSuiteTest" time="0.011"/>
  <testcase name="runMozillaTest[3100, js=testsrc/tests/ecma/Statements/12.6.3-10.js, opt=0]" classname="org.mozilla.javascript.tests.MozillaSuiteTest" time="0.041"/>
  <testcase name="runMozillaTest[3101, js=testsrc/tests/ecma/Statements/12.6.3-11.js, opt=0]" classname="org.mozilla.javascript.tests.MozillaSuiteTest" time="0.004"/>
  <testcase name="runMozillaTest[3102, js=testsrc/tests/ecma/Statements/12.6.3-12.js, opt=0]" classname="org.mozilla.javascript.tests.MozillaSuiteTest" time="0.002"/>
  <testcase name="runMozillaTest[3103, js=testsrc/tests/ecma/Statements/12.6.3-19.js, opt=0]" classname="org.mozilla.javascript.tests.MozillaSuiteTest" time="0.023"/>
  <testcase name="runMozillaTest[3104, js=testsrc/tests/ecma/Statements/12.6.3-2.js, opt=0]" classname="org.mozilla.javascript.tests.MozillaSuiteTest" time="0.009"/>
  <testcase name="runMozillaTest[3105, js=testsrc/tests/ecma/Statements/12.6.3-3.js, opt=0]" classname="org.mozilla.javascript.tests.MozillaSuiteTest" time="0.019"/>
  <testcase name="runMozillaTest[3106, js=testsrc/tests/ecma/Statements/12.6.3-4.js, opt=0]" classname="org.mozilla.javascript.tests.MozillaSuiteTest" time="0.035"/>
  <testcase name="runMozillaTest[3107, js=testsrc/tests/ecma/Statements/12.6.3-5-n.js, opt=0]" classname="org.mozilla.javascript.tests.MozillaSuiteTest" time="0.028"/>
  <testcase name="runMozillaTest[3108, js=testsrc/tests/ecma/Statements/12.6.3-6-n.js, opt=0]" classname="org.mozilla.javascript.tests.MozillaSuiteTest" time="0.003"/>
  <testcase name="runMozillaTest[3109, js=testsrc/tests/ecma/Statements/12.6.3-7-n.js, opt=0]" classname="org.mozilla.javascript.tests.MozillaSuiteTest" time="0.021"/>
  <testcase name="runMozillaTest[3110, js=testsrc/tests/ecma/Statements/12.6.3-8-n.js, opt=0]" classname="org.mozilla.javascript.tests.MozillaSuiteTest" time="0.003"/>
  <testcase name="runMozillaTest[3111, js=testsrc/tests/ecma/Statements/12.6.3-9-n.js, opt=0]" classname="org.mozilla.javascript.tests.MozillaSuiteTest" time="0.04"/>
  <testcase name="runMozillaTest[3112, js=testsrc/tests/ecma/Statements/12.7-1-n.js, opt=0]" classname="org.mozilla.javascript.tests.MozillaSuiteTest" time="0.012"/>
  <testcase name="runMozillaTest[3113, js=testsrc/tests/ecma/Statements/12.8-1-n.js, opt=0]" classname="org.mozilla.javascript.tests.MozillaSuiteTest" time="0.003"/>
  <testcase name="runMozillaTest[3114, js=testsrc/tests/ecma/Statements/12.9-1-n.js, opt=0]" classname="org.mozilla.javascript.tests.MozillaSuiteTest" time="0.028"/>
  <testcase name="runMozillaTest[3115, js=testsrc/tests/ecma/String/15.5.1.js, opt=0]" classname="org.mozilla.javascript.tests.MozillaSuiteTest" time="0.01"/>
  <testcase name="runMozillaTest[3116, js=testsrc/tests/ecma/String/15.5.2.js, opt=0]" classname="org.mozilla.javascript.tests.MozillaSuiteTest" time="0.017"/>
  <testcase name="runMozillaTest[3117, js=testsrc/tests/ecma/String/15.5.3.1-1.js, opt=0]" classname="org.mozilla.javascript.tests.MozillaSuiteTest" time="0.028"/>
  <testcase name="runMozillaTest[3118, js=testsrc/tests/ecma/String/15.5.3.1-2.js, opt=0]" classname="org.mozilla.javascript.tests.MozillaSuiteTest" time="0.021"/>
  <testcase name="runMozillaTest[3119, js=testsrc/tests/ecma/String/15.5.3.1-3.js, opt=0]" classname="org.mozilla.javascript.tests.MozillaSuiteTest" time="0.003"/>
  <testcase name="runMozillaTest[3120, js=testsrc/tests/ecma/String/15.5.3.1-4.js, opt=0]" classname="org.mozilla.javascript.tests.MozillaSuiteTest" time="0.028"/>
  <testcase name="runMozillaTest[3121, js=testsrc/tests/ecma/String/15.5.3.2-1.js, opt=0]" classname="org.mozilla.javascript.tests.MozillaSuiteTest" time="0.059"/>
  <testcase name="runMozillaTest[3122, js=testsrc/tests/ecma/String/15.5.3.2-2.js, opt=0]" classname="org.mozilla.javascript.tests.MozillaSuiteTest" time="0.004"/>
  <testcase name="runMozillaTest[3123, js=testsrc/tests/ecma/String/15.5.3.2-3.js, opt=0]" classname="org.mozilla.javascript.tests.MozillaSuiteTest" time="0.053"/>
  <testcase name="runMozillaTest[3124, js=testsrc/tests/ecma/String/15.5.3.js, opt=0]" classname="org.mozilla.javascript.tests.MozillaSuiteTest" time="0.045"/>
  <testcase name="runMozillaTest[3125, js=testsrc/tests/ecma/String/15.5.4.1.js, opt=0]" classname="org.mozilla.javascript.tests.MozillaSuiteTest" time="0.003"/>
  <testcase name="runMozillaTest[3126, js=testsrc/tests/ecma/String/15.5.4.10-1.js, opt=0]" classname="org.mozilla.javascript.tests.MozillaSuiteTest" time="0.031"/>
  <testcase name="runMozillaTest[3127, js=testsrc/tests/ecma/String/15.5.4.11-1.js, opt=0]" classname="org.mozilla.javascript.tests.MozillaSuiteTest" time="0.105"/>
  <testcase name="runMozillaTest[3128, js=testsrc/tests/ecma/String/15.5.4.11-3.js, opt=0]" classname="org.mozilla.javascript.tests.MozillaSuiteTest" time="0.086"/>
  <testcase name="runMozillaTest[3129, js=testsrc/tests/ecma/String/15.5.4.11-4.js, opt=0]" classname="org.mozilla.javascript.tests.MozillaSuiteTest" time="0.06"/>
  <testcase name="runMozillaTest[3130, js=testsrc/tests/ecma/String/15.5.4.11-6.js, opt=0]" classname="org.mozilla.javascript.tests.MozillaSuiteTest" time="0.043"/>
  <testcase name="runMozillaTest[3131, js=testsrc/tests/ecma/String/15.5.4.12-2.js, opt=0]" classname="org.mozilla.javascript.tests.MozillaSuiteTest" time="0.055"/>
  <testcase name="runMozillaTest[3132, js=testsrc/tests/ecma/String/15.5.4.12-3.js, opt=0]" classname="org.mozilla.javascript.tests.MozillaSuiteTest" time="0.24"/>
  <testcase name="runMozillaTest[3133, js=testsrc/tests/ecma/String/15.5.4.2-1.js, opt=0]" classname="org.mozilla.javascript.tests.MozillaSuiteTest" time="0.005"/>
  <testcase name="runMozillaTest[3134, js=testsrc/tests/ecma/String/15.5.4.2-2-n.js, opt=0]" classname="org.mozilla.javascript.tests.MozillaSuiteTest" time="0.01"/>
  <testcase name="runMozillaTest[3135, js=testsrc/tests/ecma/String/15.5.4.2-3.js, opt=0]" classname="org.mozilla.javascript.tests.MozillaSuiteTest" time="0.012"/>
  <testcase name="runMozillaTest[3136, js=testsrc/tests/ecma/String/15.5.4.2.js, opt=0]" classname="org.mozilla.javascript.tests.MozillaSuiteTest" time="0.029"/>
  <testcase name="runMozillaTest[3137, js=testsrc/tests/ecma/String/15.5.4.3-1.js, opt=0]" classname="org.mozilla.javascript.tests.MozillaSuiteTest" time="0.013"/>
  <testcase name="runMozillaTest[3138, js=testsrc/tests/ecma/String/15.5.4.3-2.js, opt=0]" classname="org.mozilla.javascript.tests.MozillaSuiteTest" time="0.024"/>
  <testcase name="runMozillaTest[3139, js=testsrc/tests/ecma/String/15.5.4.3-3-n.js, opt=0]" classname="org.mozilla.javascript.tests.MozillaSuiteTest" time="0.003"/>
  <testcase name="runMozillaTest[3140, js=testsrc/tests/ecma/String/15.5.4.4-1.js, opt=0]" classname="org.mozilla.javascript.tests.MozillaSuiteTest" time="0.031"/>
  <testcase name="runMozillaTest[3141, js=testsrc/tests/ecma/String/15.5.4.4-2.js, opt=0]" classname="org.mozilla.javascript.tests.MozillaSuiteTest" time="0.02"/>
  <testcase name="runMozillaTest[3142, js=testsrc/tests/ecma/String/15.5.4.4-3.js, opt=0]" classname="org.mozilla.javascript.tests.MozillaSuiteTest" time="0.03"/>
  <testcase name="runMozillaTest[3143, js=testsrc/tests/ecma/String/15.5.4.4-4.js, opt=0]" classname="org.mozilla.javascript.tests.MozillaSuiteTest" time="0.033"/>
  <testcase name="runMozillaTest[3144, js=testsrc/tests/ecma/String/15.5.4.5-1.js, opt=0]" classname="org.mozilla.javascript.tests.MozillaSuiteTest" time="0.005"/>
  <testcase name="runMozillaTest[3145, js=testsrc/tests/ecma/String/15.5.4.5-2.js, opt=0]" classname="org.mozilla.javascript.tests.MozillaSuiteTest" time="0.056"/>
  <testcase name="runMozillaTest[3146, js=testsrc/tests/ecma/String/15.5.4.5-3.js, opt=0]" classname="org.mozilla.javascript.tests.MozillaSuiteTest" time="0.006"/>
  <testcase name="runMozillaTest[3147, js=testsrc/tests/ecma/String/15.5.4.5-4.js, opt=0]" classname="org.mozilla.javascript.tests.MozillaSuiteTest" time="0.035"/>
  <testcase name="runMozillaTest[3148, js=testsrc/tests/ecma/String/15.5.4.5-5.js, opt=0]" classname="org.mozilla.javascript.tests.MozillaSuiteTest" time="0.02"/>
  <testcase name="runMozillaTest[3149, js=testsrc/tests/ecma/String/15.5.4.6-1.js, opt=0]" classname="org.mozilla.javascript.tests.MozillaSuiteTest" time="0.079"/>
  <testcase name="runMozillaTest[3150, js=testsrc/tests/ecma/String/15.5.4.6-2.js, opt=0]" classname="org.mozilla.javascript.tests.MozillaSuiteTest" time="0.029"/>
  <testcase name="runMozillaTest[3151, js=testsrc/tests/ecma/String/15.5.4.7-1.js, opt=0]" classname="org.mozilla.javascript.tests.MozillaSuiteTest" time="0.13"/>
  <testcase name="runMozillaTest[3152, js=testsrc/tests/ecma/String/15.5.4.7-2.js, opt=0]" classname="org.mozilla.javascript.tests.MozillaSuiteTest" time="0.047"/>
  <testcase name="runMozillaTest[3153, js=testsrc/tests/ecma/String/15.5.4.8-1.js, opt=0]" classname="org.mozilla.javascript.tests.MozillaSuiteTest" time="0.023"/>
  <testcase name="runMozillaTest[3154, js=testsrc/tests/ecma/String/15.5.4.8-3.js, opt=0]" classname="org.mozilla.javascript.tests.MozillaSuiteTest" time="0.031"/>
  <testcase name="runMozillaTest[3155, js=testsrc/tests/ecma/String/15.5.4.9-1.js, opt=0]" classname="org.mozilla.javascript.tests.MozillaSuiteTest" time="0.03"/>
  <testcase name="runMozillaTest[3156, js=testsrc/tests/ecma/String/15.5.4.js, opt=0]" classname="org.mozilla.javascript.tests.MozillaSuiteTest" time="0.01"/>
  <testcase name="runMozillaTest[3157, js=testsrc/tests/ecma/String/15.5.5.1.js, opt=0]" classname="org.mozilla.javascript.tests.MozillaSuiteTest" time="0.004"/>
  <testcase name="runMozillaTest[3158, js=testsrc/tests/ecma/TypeConversion/9.2.js, opt=0]" classname="org.mozilla.javascript.tests.MozillaSuiteTest" time="0.055"/>
  <testcase name="runMozillaTest[3159, js=testsrc/tests/ecma/TypeConversion/9.3-1.js, opt=0]" classname="org.mozilla.javascript.tests.MozillaSuiteTest" time="0.011"/>
  <testcase name="runMozillaTest[3160, js=testsrc/tests/ecma/TypeConversion/9.3.1-1.js, opt=0]" classname="org.mozilla.javascript.tests.MozillaSuiteTest" time="0.047"/>
  <testcase name="runMozillaTest[3161, js=testsrc/tests/ecma/TypeConversion/9.3.1-2.js, opt=0]" classname="org.mozilla.javascript.tests.MozillaSuiteTest" time="0.042"/>
  <testcase name="runMozillaTest[3162, js=testsrc/tests/ecma/TypeConversion/9.3.1-3.js, opt=0]" classname="org.mozilla.javascript.tests.MozillaSuiteTest" time="0.04"/>
  <testcase name="runMozillaTest[3163, js=testsrc/tests/ecma/TypeConversion/9.3.js, opt=0]" classname="org.mozilla.javascript.tests.MozillaSuiteTest" time="0.039"/>
  <testcase name="runMozillaTest[3164, js=testsrc/tests/ecma/TypeConversion/9.4-1.js, opt=0]" classname="org.mozilla.javascript.tests.MozillaSuiteTest" time="0.01"/>
  <testcase name="runMozillaTest[3165, js=testsrc/tests/ecma/TypeConversion/9.4-2.js, opt=0]" classname="org.mozilla.javascript.tests.MozillaSuiteTest" time="0.03"/>
  <testcase name="runMozillaTest[3166, js=testsrc/tests/ecma/TypeConversion/9.5-2.js, opt=0]" classname="org.mozilla.javascript.tests.MozillaSuiteTest" time="0.018"/>
  <testcase name="runMozillaTest[3167, js=testsrc/tests/ecma/TypeConversion/9.6.js, opt=0]" classname="org.mozilla.javascript.tests.MozillaSuiteTest" time="0.046"/>
  <testcase name="runMozillaTest[3168, js=testsrc/tests/ecma/TypeConversion/9.7.js, opt=0]" classname="org.mozilla.javascript.tests.MozillaSuiteTest" time="0.016"/>
  <testcase name="runMozillaTest[3169, js=testsrc/tests/ecma/TypeConversion/9.8.1.js, opt=0]" classname="org.mozilla.javascript.tests.MozillaSuiteTest" time="0.034"/>
  <testcase name="runMozillaTest[3170, js=testsrc/tests/ecma/TypeConversion/9.9-1.js, opt=0]" classname="org.mozilla.javascript.tests.MozillaSuiteTest" time="0.036"/>
  <testcase name="runMozillaTest[3171, js=testsrc/tests/ecma/Types/8.1.js, opt=0]" classname="org.mozilla.javascript.tests.MozillaSuiteTest" time="0.023"/>
  <testcase name="runMozillaTest[3172, js=testsrc/tests/ecma/Types/8.4.js, opt=0]" classname="org.mozilla.javascript.tests.MozillaSuiteTest" time="0.017"/>
  <testcase name="runMozillaTest[3173, js=testsrc/tests/ecma/Types/8.6.2.1-1.js, opt=0]" classname="org.mozilla.javascript.tests.MozillaSuiteTest" time="0.025"/>
  <testcase name="runMozillaTest[3174, js=testsrc/tests/ecma/extensions/10.1.4-9.js, opt=0]" classname="org.mozilla.javascript.tests.MozillaSuiteTest" time="0.023"/>
  <testcase name="runMozillaTest[3175, js=testsrc/tests/ecma/extensions/10.1.6.js, opt=0]" classname="org.mozilla.javascript.tests.MozillaSuiteTest" time="0.044"/>
  <testcase name="runMozillaTest[3176, js=testsrc/tests/ecma/extensions/10.1.8-1.js, opt=0]" classname="org.mozilla.javascript.tests.MozillaSuiteTest" time="0.035"/>
  <testcase name="runMozillaTest[3177, js=testsrc/tests/ecma/extensions/11.6.1-1.js, opt=0]" classname="org.mozilla.javascript.tests.MozillaSuiteTest" time="0.006"/>
  <testcase name="runMozillaTest[3178, js=testsrc/tests/ecma/extensions/11.6.1-2.js, opt=0]" classname="org.mozilla.javascript.tests.MozillaSuiteTest" time="0.039"/>
  <testcase name="runMozillaTest[3179, js=testsrc/tests/ecma/extensions/11.6.1-3.js, opt=0]" classname="org.mozilla.javascript.tests.MozillaSuiteTest" time="0.018"/>
  <testcase name="runMozillaTest[3180, js=testsrc/tests/ecma/extensions/11.6.2-1.js, opt=0]" classname="org.mozilla.javascript.tests.MozillaSuiteTest" time="0.023"/>
  <testcase name="runMozillaTest[3181, js=testsrc/tests/ecma/extensions/15-1.js, opt=0]" classname="org.mozilla.javascript.tests.MozillaSuiteTest" time="0.008"/>
  <testcase name="runMozillaTest[3182, js=testsrc/tests/ecma/extensions/15-2.js, opt=0]" classname="org.mozilla.javascript.tests.MozillaSuiteTest" time="0.013"/>
  <testcase name="runMozillaTest[3183, js=testsrc/tests/ecma/extensions/15.2.1.1.js, opt=0]" classname="org.mozilla.javascript.tests.MozillaSuiteTest" time="0.011"/>
  <testcase name="runMozillaTest[3184, js=testsrc/tests/ecma/extensions/15.2.3-1.js, opt=0]" classname="org.mozilla.javascript.tests.MozillaSuiteTest" time="0.036"/>
  <testcase name="runMozillaTest[3185, js=testsrc/tests/ecma/extensions/15.2.4.js, opt=0]" classname="org.mozilla.javascript.tests.MozillaSuiteTest" time="0.009"/>
  <testcase name="runMozillaTest[3186, js=testsrc/tests/ecma/extensions/15.3.1.1-1.js, opt=0]" classname="org.mozilla.javascript.tests.MozillaSuiteTest" time="0.02"/>
  <testcase name="runMozillaTest[3187, js=testsrc/tests/ecma/extensions/15.3.1.1-2.js, opt=0]" classname="org.mozilla.javascript.tests.MozillaSuiteTest" time="0.006"/>
  <testcase name="runMozillaTest[3188, js=testsrc/tests/ecma/extensions/15.3.2.1-1.js, opt=0]" classname="org.mozilla.javascript.tests.MozillaSuiteTest" time="0.02"/>
  <testcase name="runMozillaTest[3189, js=testsrc/tests/ecma/extensions/15.3.2.1-2.js, opt=0]" classname="org.mozilla.javascript.tests.MozillaSuiteTest" time="0.023"/>
  <testcase name="runMozillaTest[3190, js=testsrc/tests/ecma/extensions/15.3.3.1-1.js, opt=0]" classname="org.mozilla.javascript.tests.MozillaSuiteTest" time="0.041"/>
  <testcase name="runMozillaTest[3191, js=testsrc/tests/ecma/extensions/15.4.3.js, opt=0]" classname="org.mozilla.javascript.tests.MozillaSuiteTest" time="0.003"/>
  <testcase name="runMozillaTest[3192, js=testsrc/tests/ecma/extensions/15.5.3.js, opt=0]" classname="org.mozilla.javascript.tests.MozillaSuiteTest" time="0.002"/>
  <testcase name="runMozillaTest[3193, js=testsrc/tests/ecma/extensions/15.5.4.2.js, opt=0]" classname="org.mozilla.javascript.tests.MozillaSuiteTest" time="0.013"/>
  <testcase name="runMozillaTest[3194, js=testsrc/tests/ecma/extensions/15.5.4.4-4.js, opt=0]" classname="org.mozilla.javascript.tests.MozillaSuiteTest" time="0.023"/>
  <testcase name="runMozillaTest[3195, js=testsrc/tests/ecma/extensions/15.5.4.5-6.js, opt=0]" classname="org.mozilla.javascript.tests.MozillaSuiteTest" time="0.016"/>
  <testcase name="runMozillaTest[3196, js=testsrc/tests/ecma/extensions/15.5.4.7-3.js, opt=0]" classname="org.mozilla.javascript.tests.MozillaSuiteTest" time="0.02"/>
  <testcase name="runMozillaTest[3197, js=testsrc/tests/ecma/extensions/15.6.3.1-5.js, opt=0]" classname="org.mozilla.javascript.tests.MozillaSuiteTest" time="0.003"/>
  <testcase name="runMozillaTest[3198, js=testsrc/tests/ecma/extensions/15.6.3.js, opt=0]" classname="org.mozilla.javascript.tests.MozillaSuiteTest" time="0.027"/>
  <testcase name="runMozillaTest[3199, js=testsrc/tests/ecma/extensions/15.6.4-2.js, opt=0]" classname="org.mozilla.javascript.tests.MozillaSuiteTest" time="0.003"/>
  <testcase name="runMozillaTest[3200, js=testsrc/tests/ecma/extensions/15.7.3.js, opt=0]" classname="org.mozilla.javascript.tests.MozillaSuiteTest" time="0.011"/>
  <testcase name="runMozillaTest[3201, js=testsrc/tests/ecma/extensions/15.7.4.js, opt=0]" classname="org.mozilla.javascript.tests.MozillaSuiteTest" time="0.009"/>
  <testcase name="runMozillaTest[3202, js=testsrc/tests/ecma/extensions/15.8-1.js, opt=0]" classname="org.mozilla.javascript.tests.MozillaSuiteTest" time="0.011"/>
  <testcase name="runMozillaTest[3203, js=testsrc/tests/ecma/extensions/15.9.5.js, opt=0]" classname="org.mozilla.javascript.tests.MozillaSuiteTest" time="0.018"/>
  <testcase name="runMozillaTest[3204, js=testsrc/tests/ecma/extensions/8.6.2.1-1.js, opt=0]" classname="org.mozilla.javascript.tests.MozillaSuiteTest" time="0.027"/>
  <testcase name="runMozillaTest[3205, js=testsrc/tests/ecma/extensions/9.9-1.js, opt=0]" classname="org.mozilla.javascript.tests.MozillaSuiteTest" time="0.019"/>
  <testcase name="runMozillaTest[3206, js=testsrc/tests/ecma/jsref.js, opt=0]" classname="org.mozilla.javascript.tests.MozillaSuiteTest" time="0.08"/>
  <testcase name="runMozillaTest[3207, js=testsrc/tests/ecma_2/Exceptions/boolean-001.js, opt=0]" classname="org.mozilla.javascript.tests.MozillaSuiteTest" time="0.02"/>
  <testcase name="runMozillaTest[3208, js=testsrc/tests/ecma_2/Exceptions/boolean-002.js, opt=0]" classname="org.mozilla.javascript.tests.MozillaSuiteTest" time="0.003"/>
  <testcase name="runMozillaTest[3209, js=testsrc/tests/ecma_2/Exceptions/date-001.js, opt=0]" classname="org.mozilla.javascript.tests.MozillaSuiteTest" time="0.047"/>
  <testcase name="runMozillaTest[3210, js=testsrc/tests/ecma_2/Exceptions/date-002.js, opt=0]" classname="org.mozilla.javascript.tests.MozillaSuiteTest" time="0.03"/>
  <testcase name="runMozillaTest[3211, js=testsrc/tests/ecma_2/Exceptions/date-003.js, opt=0]" classname="org.mozilla.javascript.tests.MozillaSuiteTest" time="0.003"/>
  <testcase name="runMozillaTest[3212, js=testsrc/tests/ecma_2/Exceptions/date-004.js, opt=0]" classname="org.mozilla.javascript.tests.MozillaSuiteTest" time="0.01"/>
  <testcase name="runMozillaTest[3213, js=testsrc/tests/ecma_2/Exceptions/exception-001.js, opt=0]" classname="org.mozilla.javascript.tests.MozillaSuiteTest" time="0.019"/>
  <testcase name="runMozillaTest[3214, js=testsrc/tests/ecma_2/Exceptions/exception-002.js, opt=0]" classname="org.mozilla.javascript.tests.MozillaSuiteTest" time="0.026"/>
  <testcase name="runMozillaTest[3215, js=testsrc/tests/ecma_2/Exceptions/exception-003.js, opt=0]" classname="org.mozilla.javascript.tests.MozillaSuiteTest" time="0.022"/>
  <testcase name="runMozillaTest[3216, js=testsrc/tests/ecma_2/Exceptions/exception-004.js, opt=0]" classname="org.mozilla.javascript.tests.MozillaSuiteTest" time="0.02"/>
  <testcase name="runMozillaTest[3217, js=testsrc/tests/ecma_2/Exceptions/exception-005.js, opt=0]" classname="org.mozilla.javascript.tests.MozillaSuiteTest" time="0.02"/>
  <testcase name="runMozillaTest[3218, js=testsrc/tests/ecma_2/Exceptions/exception-006.js, opt=0]" classname="org.mozilla.javascript.tests.MozillaSuiteTest" time="0.004"/>
  <testcase name="runMozillaTest[3219, js=testsrc/tests/ecma_2/Exceptions/exception-007.js, opt=0]" classname="org.mozilla.javascript.tests.MozillaSuiteTest" time="0.02"/>
  <testcase name="runMozillaTest[3220, js=testsrc/tests/ecma_2/Exceptions/exception-008.js, opt=0]" classname="org.mozilla.javascript.tests.MozillaSuiteTest" time="0.004"/>
  <testcase name="runMozillaTest[3221, js=testsrc/tests/ecma_2/Exceptions/exception-009.js, opt=0]" classname="org.mozilla.javascript.tests.MozillaSuiteTest" time="0.038"/>
  <testcase name="runMozillaTest[3222, js=testsrc/tests/ecma_2/Exceptions/exception-010-n.js, opt=0]" classname="org.mozilla.javascript.tests.MozillaSuiteTest" time="0.002"/>
  <testcase name="runMozillaTest[3223, js=testsrc/tests/ecma_2/Exceptions/exception-011-n.js, opt=0]" classname="org.mozilla.javascript.tests.MozillaSuiteTest" time="0.017"/>
  <testcase name="runMozillaTest[3224, js=testsrc/tests/ecma_2/Exceptions/expression-001.js, opt=0]" classname="org.mozilla.javascript.tests.MozillaSuiteTest" time="0.025"/>
  <testcase name="runMozillaTest[3225, js=testsrc/tests/ecma_2/Exceptions/expression-002.js, opt=0]" classname="org.mozilla.javascript.tests.MozillaSuiteTest" time="0.009"/>
  <testcase name="runMozillaTest[3226, js=testsrc/tests/ecma_2/Exceptions/expression-003.js, opt=0]" classname="org.mozilla.javascript.tests.MozillaSuiteTest" time="0.004"/>
  <testcase name="runMozillaTest[3227, js=testsrc/tests/ecma_2/Exceptions/expression-004.js, opt=0]" classname="org.mozilla.javascript.tests.MozillaSuiteTest" time="0.047"/>
  <testcase name="runMozillaTest[3228, js=testsrc/tests/ecma_2/Exceptions/expression-005.js, opt=0]" classname="org.mozilla.javascript.tests.MozillaSuiteTest" time="0.01"/>
  <testcase name="runMozillaTest[3229, js=testsrc/tests/ecma_2/Exceptions/expression-006.js, opt=0]" classname="org.mozilla.javascript.tests.MozillaSuiteTest" time="0.004"/>
  <testcase name="runMozillaTest[3230, js=testsrc/tests/ecma_2/Exceptions/expression-007.js, opt=0]" classname="org.mozilla.javascript.tests.MozillaSuiteTest" time="0.023"/>
  <testcase name="runMozillaTest[3231, js=testsrc/tests/ecma_2/Exceptions/expression-008.js, opt=0]" classname="org.mozilla.javascript.tests.MozillaSuiteTest" time="0.004"/>
  <testcase name="runMozillaTest[3232, js=testsrc/tests/ecma_2/Exceptions/expression-009.js, opt=0]" classname="org.mozilla.javascript.tests.MozillaSuiteTest" time="0.024"/>
  <testcase name="runMozillaTest[3233, js=testsrc/tests/ecma_2/Exceptions/expression-010.js, opt=0]" classname="org.mozilla.javascript.tests.MozillaSuiteTest" time="0.043"/>
  <testcase name="runMozillaTest[3234, js=testsrc/tests/ecma_2/Exceptions/expression-011.js, opt=0]" classname="org.mozilla.javascript.tests.MozillaSuiteTest" time="0.003"/>
  <testcase name="runMozillaTest[3235, js=testsrc/tests/ecma_2/Exceptions/expression-012.js, opt=0]" classname="org.mozilla.javascript.tests.MozillaSuiteTest" time="0.004"/>
  <testcase name="runMozillaTest[3236, js=testsrc/tests/ecma_2/Exceptions/expression-013.js, opt=0]" classname="org.mozilla.javascript.tests.MozillaSuiteTest" time="0.003"/>
  <testcase name="runMozillaTest[3237, js=testsrc/tests/ecma_2/Exceptions/expression-014.js, opt=0]" classname="org.mozilla.javascript.tests.MozillaSuiteTest" time="0.028"/>
  <testcase name="runMozillaTest[3238, js=testsrc/tests/ecma_2/Exceptions/expression-015.js, opt=0]" classname="org.mozilla.javascript.tests.MozillaSuiteTest" time="0.007"/>
  <testcase name="runMozillaTest[3239, js=testsrc/tests/ecma_2/Exceptions/expression-016.js, opt=0]" classname="org.mozilla.javascript.tests.MozillaSuiteTest" time="0.015"/>
  <testcase name="runMozillaTest[3240, js=testsrc/tests/ecma_2/Exceptions/expression-017.js, opt=0]" classname="org.mozilla.javascript.tests.MozillaSuiteTest" time="0.04"/>
  <testcase name="runMozillaTest[3241, js=testsrc/tests/ecma_2/Exceptions/expression-019.js, opt=0]" classname="org.mozilla.javascript.tests.MozillaSuiteTest" time="0.003"/>
  <testcase name="runMozillaTest[3242, js=testsrc/tests/ecma_2/Exceptions/function-001.js, opt=0]" classname="org.mozilla.javascript.tests.MozillaSuiteTest" time="0.002"/>
  <testcase name="runMozillaTest[3243, js=testsrc/tests/ecma_2/Exceptions/global-001.js, opt=0]" classname="org.mozilla.javascript.tests.MozillaSuiteTest" time="0.014"/>
  <testcase name="runMozillaTest[3244, js=testsrc/tests/ecma_2/Exceptions/global-002.js, opt=0]" classname="org.mozilla.javascript.tests.MozillaSuiteTest" time="0.015"/>
  <testcase name="runMozillaTest[3245, js=testsrc/tests/ecma_2/Exceptions/lexical-001.js, opt=0]" classname="org.mozilla.javascript.tests.MozillaSuiteTest" time="0.007"/>
  <testcase name="runMozillaTest[3246, js=testsrc/tests/ecma_2/Exceptions/lexical-002.js, opt=0]" classname="org.mozilla.javascript.tests.MozillaSuiteTest" time="0.015"/>
  <testcase name="runMozillaTest[3247, js=testsrc/tests/ecma_2/Exceptions/lexical-003.js, opt=0]" classname="org.mozilla.javascript.tests.MozillaSuiteTest" time="0.043"/>
  <testcase name="runMozillaTest[3248, js=testsrc/tests/ecma_2/Exceptions/lexical-004.js, opt=0]" classname="org.mozilla.javascript.tests.MozillaSuiteTest" time="0.003"/>
  <testcase name="runMozillaTest[3249, js=testsrc/tests/ecma_2/Exceptions/lexical-005.js, opt=0]" classname="org.mozilla.javascript.tests.MozillaSuiteTest" time="0.002"/>
  <testcase name="runMozillaTest[3250, js=testsrc/tests/ecma_2/Exceptions/lexical-006.js, opt=0]" classname="org.mozilla.javascript.tests.MozillaSuiteTest" time="0.002"/>
  <testcase name="runMozillaTest[3251, js=testsrc/tests/ecma_2/Exceptions/lexical-007.js, opt=0]" classname="org.mozilla.javascript.tests.MozillaSuiteTest" time="0.022"/>
  <testcase name="runMozillaTest[3252, js=testsrc/tests/ecma_2/Exceptions/lexical-008.js, opt=0]" classname="org.mozilla.javascript.tests.MozillaSuiteTest" time="0.009"/>
  <testcase name="runMozillaTest[3253, js=testsrc/tests/ecma_2/Exceptions/lexical-009.js, opt=0]" classname="org.mozilla.javascript.tests.MozillaSuiteTest" time="0.03"/>
  <testcase name="runMozillaTest[3254, js=testsrc/tests/ecma_2/Exceptions/lexical-010.js, opt=0]" classname="org.mozilla.javascript.tests.MozillaSuiteTest" time="0.01"/>
  <testcase name="runMozillaTest[3255, js=testsrc/tests/ecma_2/Exceptions/lexical-011.js, opt=0]" classname="org.mozilla.javascript.tests.MozillaSuiteTest" time="0.019"/>
  <testcase name="runMozillaTest[3256, js=testsrc/tests/ecma_2/Exceptions/lexical-012.js, opt=0]" classname="org.mozilla.javascript.tests.MozillaSuiteTest" time="0.003"/>
  <testcase name="runMozillaTest[3257, js=testsrc/tests/ecma_2/Exceptions/lexical-013.js, opt=0]" classname="org.mozilla.javascript.tests.MozillaSuiteTest" time="0.02"/>
  <testcase name="runMozillaTest[3258, js=testsrc/tests/ecma_2/Exceptions/lexical-014.js, opt=0]" classname="org.mozilla.javascript.tests.MozillaSuiteTest" time="0.012"/>
  <testcase name="runMozillaTest[3259, js=testsrc/tests/ecma_2/Exceptions/lexical-015.js, opt=0]" classname="org.mozilla.javascript.tests.MozillaSuiteTest" time="0.022"/>
  <testcase name="runMozillaTest[3260, js=testsrc/tests/ecma_2/Exceptions/lexical-016.js, opt=0]" classname="org.mozilla.javascript.tests.MozillaSuiteTest" time="0.022"/>
  <testcase name="runMozillaTest[3261, js=testsrc/tests/ecma_2/Exceptions/lexical-017.js, opt=0]" classname="org.mozilla.javascript.tests.MozillaSuiteTest" time="0.01"/>
  <testcase name="runMozillaTest[3262, js=testsrc/tests/ecma_2/Exceptions/lexical-018.js, opt=0]" classname="org.mozilla.javascript.tests.MozillaSuiteTest" time="0.012"/>
  <testcase name="runMozillaTest[3263, js=testsrc/tests/ecma_2/Exceptions/lexical-019.js, opt=0]" classname="org.mozilla.javascript.tests.MozillaSuiteTest" time="0.017"/>
  <testcase name="runMozillaTest[3264, js=testsrc/tests/ecma_2/Exceptions/lexical-020.js, opt=0]" classname="org.mozilla.javascript.tests.MozillaSuiteTest" time="0.014"/>
  <testcase name="runMozillaTest[3265, js=testsrc/tests/ecma_2/Exceptions/lexical-021.js, opt=0]" classname="org.mozilla.javascript.tests.MozillaSuiteTest" time="0.006"/>
  <testcase name="runMozillaTest[3266, js=testsrc/tests/ecma_2/Exceptions/lexical-022.js, opt=0]" classname="org.mozilla.javascript.tests.MozillaSuiteTest" time="0.017"/>
  <testcase name="runMozillaTest[3267, js=testsrc/tests/ecma_2/Exceptions/lexical-023.js, opt=0]" classname="org.mozilla.javascript.tests.MozillaSuiteTest" time="0.022"/>
  <testcase name="runMozillaTest[3268, js=testsrc/tests/ecma_2/Exceptions/lexical-024.js, opt=0]" classname="org.mozilla.javascript.tests.MozillaSuiteTest" time="0.02"/>
  <testcase name="runMozillaTest[3269, js=testsrc/tests/ecma_2/Exceptions/lexical-025.js, opt=0]" classname="org.mozilla.javascript.tests.MozillaSuiteTest" time="0.003"/>
  <testcase name="runMozillaTest[3270, js=testsrc/tests/ecma_2/Exceptions/lexical-026.js, opt=0]" classname="org.mozilla.javascript.tests.MozillaSuiteTest" time="0.032"/>
  <testcase name="runMozillaTest[3271, js=testsrc/tests/ecma_2/Exceptions/lexical-027.js, opt=0]" classname="org.mozilla.javascript.tests.MozillaSuiteTest" time="0.008"/>
  <testcase name="runMozillaTest[3272, js=testsrc/tests/ecma_2/Exceptions/lexical-028.js, opt=0]" classname="org.mozilla.javascript.tests.MozillaSuiteTest" time="0.003"/>
  <testcase name="runMozillaTest[3273, js=testsrc/tests/ecma_2/Exceptions/lexical-029.js, opt=0]" classname="org.mozilla.javascript.tests.MozillaSuiteTest" time="0.022"/>
  <testcase name="runMozillaTest[3274, js=testsrc/tests/ecma_2/Exceptions/lexical-030.js, opt=0]" classname="org.mozilla.javascript.tests.MozillaSuiteTest" time="0.029"/>
  <testcase name="runMozillaTest[3275, js=testsrc/tests/ecma_2/Exceptions/lexical-031.js, opt=0]" classname="org.mozilla.javascript.tests.MozillaSuiteTest" time="0.003"/>
  <testcase name="runMozillaTest[3276, js=testsrc/tests/ecma_2/Exceptions/lexical-032.js, opt=0]" classname="org.mozilla.javascript.tests.MozillaSuiteTest" time="0.007"/>
  <testcase name="runMozillaTest[3277, js=testsrc/tests/ecma_2/Exceptions/lexical-033.js, opt=0]" classname="org.mozilla.javascript.tests.MozillaSuiteTest" time="0.026"/>
  <testcase name="runMozillaTest[3278, js=testsrc/tests/ecma_2/Exceptions/lexical-034.js, opt=0]" classname="org.mozilla.javascript.tests.MozillaSuiteTest" time="0.013"/>
  <testcase name="runMozillaTest[3279, js=testsrc/tests/ecma_2/Exceptions/lexical-035.js, opt=0]" classname="org.mozilla.javascript.tests.MozillaSuiteTest" time="0.025"/>
  <testcase name="runMozillaTest[3280, js=testsrc/tests/ecma_2/Exceptions/lexical-036.js, opt=0]" classname="org.mozilla.javascript.tests.MozillaSuiteTest" time="0.003"/>
  <testcase name="runMozillaTest[3281, js=testsrc/tests/ecma_2/Exceptions/lexical-037.js, opt=0]" classname="org.mozilla.javascript.tests.MozillaSuiteTest" time="0.031"/>
  <testcase name="runMozillaTest[3282, js=testsrc/tests/ecma_2/Exceptions/lexical-038.js, opt=0]" classname="org.mozilla.javascript.tests.MozillaSuiteTest" time="0.003"/>
  <testcase name="runMozillaTest[3283, js=testsrc/tests/ecma_2/Exceptions/lexical-039.js, opt=0]" classname="org.mozilla.javascript.tests.MozillaSuiteTest" time="0.013"/>
  <testcase name="runMozillaTest[3284, js=testsrc/tests/ecma_2/Exceptions/lexical-040.js, opt=0]" classname="org.mozilla.javascript.tests.MozillaSuiteTest" time="0.005"/>
  <testcase name="runMozillaTest[3285, js=testsrc/tests/ecma_2/Exceptions/lexical-041.js, opt=0]" classname="org.mozilla.javascript.tests.MozillaSuiteTest" time="0.013"/>
  <testcase name="runMozillaTest[3286, js=testsrc/tests/ecma_2/Exceptions/lexical-042.js, opt=0]" classname="org.mozilla.javascript.tests.MozillaSuiteTest" time="0.003"/>
  <testcase name="runMozillaTest[3287, js=testsrc/tests/ecma_2/Exceptions/lexical-047.js, opt=0]" classname="org.mozilla.javascript.tests.MozillaSuiteTest" time="0.023"/>
  <testcase name="runMozillaTest[3288, js=testsrc/tests/ecma_2/Exceptions/lexical-048.js, opt=0]" classname="org.mozilla.javascript.tests.MozillaSuiteTest" time="0.01"/>
  <testcase name="runMozillaTest[3289, js=testsrc/tests/ecma_2/Exceptions/lexical-049.js, opt=0]" classname="org.mozilla.javascript.tests.MozillaSuiteTest" time="0.021"/>
  <testcase name="runMozillaTest[3290, js=testsrc/tests/ecma_2/Exceptions/lexical-050.js, opt=0]" classname="org.mozilla.javascript.tests.MozillaSuiteTest" time="0.017"/>
  <testcase name="runMozillaTest[3291, js=testsrc/tests/ecma_2/Exceptions/lexical-051.js, opt=0]" classname="org.mozilla.javascript.tests.MozillaSuiteTest" time="0.017"/>
  <testcase name="runMozillaTest[3292, js=testsrc/tests/ecma_2/Exceptions/lexical-052.js, opt=0]" classname="org.mozilla.javascript.tests.MozillaSuiteTest" time="0.004"/>
  <testcase name="runMozillaTest[3293, js=testsrc/tests/ecma_2/Exceptions/lexical-053.js, opt=0]" classname="org.mozilla.javascript.tests.MozillaSuiteTest" time="0.018"/>
  <testcase name="runMozillaTest[3294, js=testsrc/tests/ecma_2/Exceptions/lexical-054.js, opt=0]" classname="org.mozilla.javascript.tests.MozillaSuiteTest" time="0.033"/>
  <testcase name="runMozillaTest[3295, js=testsrc/tests/ecma_2/Exceptions/number-001.js, opt=0]" classname="org.mozilla.javascript.tests.MozillaSuiteTest" time="0.012"/>
  <testcase name="runMozillaTest[3296, js=testsrc/tests/ecma_2/Exceptions/number-002.js, opt=0]" classname="org.mozilla.javascript.tests.MozillaSuiteTest" time="0.003"/>
  <testcase name="runMozillaTest[3297, js=testsrc/tests/ecma_2/Exceptions/number-003.js, opt=0]" classname="org.mozilla.javascript.tests.MozillaSuiteTest" time="0.014"/>
  <testcase name="runMozillaTest[3298, js=testsrc/tests/ecma_2/Exceptions/statement-001.js, opt=0]" classname="org.mozilla.javascript.tests.MozillaSuiteTest" time="0.014"/>
  <testcase name="runMozillaTest[3299, js=testsrc/tests/ecma_2/Exceptions/statement-002.js, opt=0]" classname="org.mozilla.javascript.tests.MozillaSuiteTest" time="0.006"/>
  <testcase name="runMozillaTest[3300, js=testsrc/tests/ecma_2/Exceptions/statement-003.js, opt=0]" classname="org.mozilla.javascript.tests.MozillaSuiteTest" time="0.039"/>
  <testcase name="runMozillaTest[3301, js=testsrc/tests/ecma_2/Exceptions/statement-004.js, opt=0]" classname="org.mozilla.javascript.tests.MozillaSuiteTest" time="0.007"/>
  <testcase name="runMozillaTest[3302, js=testsrc/tests/ecma_2/Exceptions/statement-005.js, opt=0]" classname="org.mozilla.javascript.tests.MozillaSuiteTest" time="0.033"/>
  <testcase name="runMozillaTest[3303, js=testsrc/tests/ecma_2/Exceptions/statement-006.js, opt=0]" classname="org.mozilla.javascript.tests.MozillaSuiteTest" time="0.004"/>
  <testcase name="runMozillaTest[3304, js=testsrc/tests/ecma_2/Exceptions/statement-007.js, opt=0]" classname="org.mozilla.javascript.tests.MozillaSuiteTest" time="0.006"/>
  <testcase name="runMozillaTest[3305, js=testsrc/tests/ecma_2/Exceptions/statement-008.js, opt=0]" classname="org.mozilla.javascript.tests.MozillaSuiteTest" time="0.018"/>
  <testcase name="runMozillaTest[3306, js=testsrc/tests/ecma_2/Exceptions/statement-009.js, opt=0]" classname="org.mozilla.javascript.tests.MozillaSuiteTest" time="0.011"/>
  <testcase name="runMozillaTest[3307, js=testsrc/tests/ecma_2/Exceptions/string-001.js, opt=0]" classname="org.mozilla.javascript.tests.MozillaSuiteTest" time="0.041"/>
  <testcase name="runMozillaTest[3308, js=testsrc/tests/ecma_2/Exceptions/string-002.js, opt=0]" classname="org.mozilla.javascript.tests.MozillaSuiteTest" time="0.003"/>
  <testcase name="runMozillaTest[3309, js=testsrc/tests/ecma_2/Expressions/StrictEquality-001.js, opt=0]" classname="org.mozilla.javascript.tests.MozillaSuiteTest" time="0.017"/>
  <testcase name="runMozillaTest[3310, js=testsrc/tests/ecma_2/FunctionObjects/apply-001-n.js, opt=0]" classname="org.mozilla.javascript.tests.MozillaSuiteTest" time="0.014"/>
  <testcase name="runMozillaTest[3311, js=testsrc/tests/ecma_2/FunctionObjects/call-1.js, opt=0]" classname="org.mozilla.javascript.tests.MozillaSuiteTest" time="0.004"/>
  <testcase name="runMozillaTest[3312, js=testsrc/tests/ecma_2/LexicalConventions/keywords-001.js, opt=0]" classname="org.mozilla.javascript.tests.MozillaSuiteTest" time="0.031"/>
  <testcase name="runMozillaTest[3313, js=testsrc/tests/ecma_2/LexicalConventions/regexp-literals-001.js, opt=0]" classname="org.mozilla.javascript.tests.MozillaSuiteTest" time="0.013"/>
  <testcase name="runMozillaTest[3314, js=testsrc/tests/ecma_2/LexicalConventions/regexp-literals-002.js, opt=0]" classname="org.mozilla.javascript.tests.MozillaSuiteTest" time="0.018"/>
  <testcase name="runMozillaTest[3315, js=testsrc/tests/ecma_2/RegExp/constructor-001.js, opt=0]" classname="org.mozilla.javascript.tests.MozillaSuiteTest" time="0.003"/>
  <testcase name="runMozillaTest[3316, js=testsrc/tests/ecma_2/RegExp/exec-002.js, opt=0]" classname="org.mozilla.javascript.tests.MozillaSuiteTest" time="0.021"/>
  <testcase name="runMozillaTest[3317, js=testsrc/tests/ecma_2/RegExp/function-001.js, opt=0]" classname="org.mozilla.javascript.tests.MozillaSuiteTest" time="0.005"/>
  <testcase name="runMozillaTest[3318, js=testsrc/tests/ecma_2/RegExp/hex-001.js, opt=0]" classname="org.mozilla.javascript.tests.MozillaSuiteTest" time="0.027"/>
  <testcase name="runMozillaTest[3319, js=testsrc/tests/ecma_2/RegExp/multiline-001.js, opt=0]" classname="org.mozilla.javascript.tests.MozillaSuiteTest" time="0.022"/>
  <testcase name="runMozillaTest[3320, js=testsrc/tests/ecma_2/RegExp/octal-001.js, opt=0]" classname="org.mozilla.javascript.tests.MozillaSuiteTest" time="0.021"/>
  <testcase name="runMozillaTest[3321, js=testsrc/tests/ecma_2/RegExp/octal-002.js, opt=0]" classname="org.mozilla.javascript.tests.MozillaSuiteTest" time="0.003"/>
  <testcase name="runMozillaTest[3322, js=testsrc/tests/ecma_2/RegExp/octal-003.js, opt=0]" classname="org.mozilla.javascript.tests.MozillaSuiteTest" time="0.015"/>
  <testcase name="runMozillaTest[3323, js=testsrc/tests/ecma_2/RegExp/properties-001.js, opt=0]" classname="org.mozilla.javascript.tests.MozillaSuiteTest" time="0.022"/>
  <testcase name="runMozillaTest[3324, js=testsrc/tests/ecma_2/RegExp/properties-002.js, opt=0]" classname="org.mozilla.javascript.tests.MozillaSuiteTest" time="0.016"/>
  <testcase name="runMozillaTest[3325, js=testsrc/tests/ecma_2/RegExp/regexp-enumerate-001.js, opt=0]" classname="org.mozilla.javascript.tests.MozillaSuiteTest" time="0.046"/>
  <testcase name="runMozillaTest[3326, js=testsrc/tests/ecma_2/RegExp/regress-001.js, opt=0]" classname="org.mozilla.javascript.tests.MozillaSuiteTest" time="0.003"/>
  <testcase name="runMozillaTest[3327, js=testsrc/tests/ecma_2/RegExp/unicode-001.js, opt=0]" classname="org.mozilla.javascript.tests.MozillaSuiteTest" time="0.024"/>
  <testcase name="runMozillaTest[3328, js=testsrc/tests/ecma_2/Statements/dowhile-001.js, opt=0]" classname="org.mozilla.javascript.tests.MozillaSuiteTest" time="0.026"/>
  <testcase name="runMozillaTest[3329, js=testsrc/tests/ecma_2/Statements/dowhile-002.js, opt=0]" classname="org.mozilla.javascript.tests.MozillaSuiteTest" time="0.032"/>
  <testcase name="runMozillaTest[3330, js=testsrc/tests/ecma_2/Statements/dowhile-003.js, opt=0]" classname="org.mozilla.javascript.tests.MozillaSuiteTest" time="0.031"/>
  <testcase name="runMozillaTest[3331, js=testsrc/tests/ecma_2/Statements/dowhile-004.js, opt=0]" classname="org.mozilla.javascript.tests.MozillaSuiteTest" time="0.017"/>
  <testcase name="runMozillaTest[3332, js=testsrc/tests/ecma_2/Statements/dowhile-005.js, opt=0]" classname="org.mozilla.javascript.tests.MozillaSuiteTest" time="0.007"/>
  <testcase name="runMozillaTest[3333, js=testsrc/tests/ecma_2/Statements/dowhile-006.js, opt=0]" classname="org.mozilla.javascript.tests.MozillaSuiteTest" time="0.074"/>
  <testcase name="runMozillaTest[3334, js=testsrc/tests/ecma_2/Statements/dowhile-007.js, opt=0]" classname="org.mozilla.javascript.tests.MozillaSuiteTest" time="0.004"/>
  <testcase name="runMozillaTest[3335, js=testsrc/tests/ecma_2/Statements/forin-001.js, opt=0]" classname="org.mozilla.javascript.tests.MozillaSuiteTest" time="0.032"/>
  <testcase name="runMozillaTest[3336, js=testsrc/tests/ecma_2/Statements/forin-002.js, opt=0]" classname="org.mozilla.javascript.tests.MozillaSuiteTest" time="0.045"/>
  <testcase name="runMozillaTest[3337, js=testsrc/tests/ecma_2/Statements/if-001.js, opt=0]" classname="org.mozilla.javascript.tests.MozillaSuiteTest" time="0.011"/>
  <testcase name="runMozillaTest[3338, js=testsrc/tests/ecma_2/Statements/label-001.js, opt=0]" classname="org.mozilla.javascript.tests.MozillaSuiteTest" time="0.014"/>
  <testcase name="runMozillaTest[3339, js=testsrc/tests/ecma_2/Statements/label-002.js, opt=0]" classname="org.mozilla.javascript.tests.MozillaSuiteTest" time="0.021"/>
  <testcase name="runMozillaTest[3340, js=testsrc/tests/ecma_2/Statements/switch-001.js, opt=0]" classname="org.mozilla.javascript.tests.MozillaSuiteTest" time="0.038"/>
  <testcase name="runMozillaTest[3341, js=testsrc/tests/ecma_2/Statements/switch-002.js, opt=0]" classname="org.mozilla.javascript.tests.MozillaSuiteTest" time="0.004"/>
  <testcase name="runMozillaTest[3342, js=testsrc/tests/ecma_2/Statements/switch-003.js, opt=0]" classname="org.mozilla.javascript.tests.MozillaSuiteTest" time="0.044"/>
  <testcase name="runMozillaTest[3343, js=testsrc/tests/ecma_2/Statements/switch-004.js, opt=0]" classname="org.mozilla.javascript.tests.MozillaSuiteTest" time="0.012"/>
  <testcase name="runMozillaTest[3344, js=testsrc/tests/ecma_2/Statements/try-001.js, opt=0]" classname="org.mozilla.javascript.tests.MozillaSuiteTest" time="0.041"/>
  <testcase name="runMozillaTest[3345, js=testsrc/tests/ecma_2/Statements/try-003.js, opt=0]" classname="org.mozilla.javascript.tests.MozillaSuiteTest" time="0.012"/>
  <testcase name="runMozillaTest[3346, js=testsrc/tests/ecma_2/Statements/try-004.js, opt=0]" classname="org.mozilla.javascript.tests.MozillaSuiteTest" time="0.02"/>
  <testcase name="runMozillaTest[3347, js=testsrc/tests/ecma_2/Statements/try-005.js, opt=0]" classname="org.mozilla.javascript.tests.MozillaSuiteTest" time="0.019"/>
  <testcase name="runMozillaTest[3348, js=testsrc/tests/ecma_2/Statements/try-006.js, opt=0]" classname="org.mozilla.javascript.tests.MozillaSuiteTest" time="0.037"/>
  <testcase name="runMozillaTest[3349, js=testsrc/tests/ecma_2/Statements/try-007.js, opt=0]" classname="org.mozilla.javascript.tests.MozillaSuiteTest" time="0.015"/>
  <testcase name="runMozillaTest[3350, js=testsrc/tests/ecma_2/Statements/try-008.js, opt=0]" classname="org.mozilla.javascript.tests.MozillaSuiteTest" time="0.242"/>
  <testcase name="runMozillaTest[3351, js=testsrc/tests/ecma_2/Statements/try-009.js, opt=0]" classname="org.mozilla.javascript.tests.MozillaSuiteTest" time="0.02"/>
  <testcase name="runMozillaTest[3352, js=testsrc/tests/ecma_2/Statements/try-010.js, opt=0]" classname="org.mozilla.javascript.tests.MozillaSuiteTest" time="0.02"/>
  <testcase name="runMozillaTest[3353, js=testsrc/tests/ecma_2/Statements/try-012.js, opt=0]" classname="org.mozilla.javascript.tests.MozillaSuiteTest" time="0.026"/>
  <testcase name="runMozillaTest[3354, js=testsrc/tests/ecma_2/Statements/while-001.js, opt=0]" classname="org.mozilla.javascript.tests.MozillaSuiteTest" time="0.002"/>
  <testcase name="runMozillaTest[3355, js=testsrc/tests/ecma_2/Statements/while-002.js, opt=0]" classname="org.mozilla.javascript.tests.MozillaSuiteTest" time="0.01"/>
  <testcase name="runMozillaTest[3356, js=testsrc/tests/ecma_2/Statements/while-003.js, opt=0]" classname="org.mozilla.javascript.tests.MozillaSuiteTest" time="0.021"/>
  <testcase name="runMozillaTest[3357, js=testsrc/tests/ecma_2/Statements/while-004.js, opt=0]" classname="org.mozilla.javascript.tests.MozillaSuiteTest" time="0.022"/>
  <testcase name="runMozillaTest[3358, js=testsrc/tests/ecma_2/String/match-001.js, opt=0]" classname="org.mozilla.javascript.tests.MozillaSuiteTest" time="0.036"/>
  <testcase name="runMozillaTest[3359, js=testsrc/tests/ecma_2/String/match-002.js, opt=0]" classname="org.mozilla.javascript.tests.MozillaSuiteTest" time="0.032"/>
  <testcase name="runMozillaTest[3360, js=testsrc/tests/ecma_2/String/match-003.js, opt=0]" classname="org.mozilla.javascript.tests.MozillaSuiteTest" time="0.004"/>
  <testcase name="runMozillaTest[3361, js=testsrc/tests/ecma_2/String/match-004.js, opt=0]" classname="org.mozilla.javascript.tests.MozillaSuiteTest" time="0.012"/>
  <testcase name="runMozillaTest[3362, js=testsrc/tests/ecma_2/String/split-001.js, opt=0]" classname="org.mozilla.javascript.tests.MozillaSuiteTest" time="0.031"/>
  <testcase name="runMozillaTest[3363, js=testsrc/tests/ecma_2/String/split-002.js, opt=0]" classname="org.mozilla.javascript.tests.MozillaSuiteTest" time="0.049"/>
  <testcase name="runMozillaTest[3364, js=testsrc/tests/ecma_2/String/split-003.js, opt=0]" classname="org.mozilla.javascript.tests.MozillaSuiteTest" time="0.006"/>
  <testcase name="runMozillaTest[3365, js=testsrc/tests/ecma_2/extensions/constructor-001.js, opt=0]" classname="org.mozilla.javascript.tests.MozillaSuiteTest" time="0.017"/>
  <testcase name="runMozillaTest[3366, js=testsrc/tests/ecma_2/extensions/function-001.js, opt=0]" classname="org.mozilla.javascript.tests.MozillaSuiteTest" time="0.002"/>
  <testcase name="runMozillaTest[3367, js=testsrc/tests/ecma_2/extensions/instanceof-001.js, opt=0]" classname="org.mozilla.javascript.tests.MozillaSuiteTest" time="0.026"/>
  <testcase name="runMozillaTest[3368, js=testsrc/tests/ecma_2/extensions/instanceof-002.js, opt=0]" classname="org.mozilla.javascript.tests.MozillaSuiteTest" time="0.028"/>
  <testcase name="runMozillaTest[3369, js=testsrc/tests/ecma_2/extensions/instanceof-003-n.js, opt=0]" classname="org.mozilla.javascript.tests.MozillaSuiteTest" time="0.012"/>
  <testcase name="runMozillaTest[3370, js=testsrc/tests/ecma_2/extensions/instanceof-004-n.js, opt=0]" classname="org.mozilla.javascript.tests.MozillaSuiteTest" time="0.008"/>
  <testcase name="runMozillaTest[3371, js=testsrc/tests/ecma_2/extensions/instanceof-005-n.js, opt=0]" classname="org.mozilla.javascript.tests.MozillaSuiteTest" time="0.044"/>
  <testcase name="runMozillaTest[3372, js=testsrc/tests/ecma_2/extensions/instanceof-006.js, opt=0]" classname="org.mozilla.javascript.tests.MozillaSuiteTest" time="0.004"/>
  <testcase name="runMozillaTest[3373, js=testsrc/tests/ecma_2/instanceof/instanceof-001.js, opt=0]" classname="org.mozilla.javascript.tests.MozillaSuiteTest" time="0.023"/>
  <testcase name="runMozillaTest[3374, js=testsrc/tests/ecma_2/instanceof/instanceof-002.js, opt=0]" classname="org.mozilla.javascript.tests.MozillaSuiteTest" time="0.002"/>
  <testcase name="runMozillaTest[3375, js=testsrc/tests/ecma_2/instanceof/regress-7635.js, opt=0]" classname="org.mozilla.javascript.tests.MozillaSuiteTest" time="0.016"/>
  <testcase name="runMozillaTest[3376, js=testsrc/tests/ecma_2/jsref.js, opt=0]" classname="org.mozilla.javascript.tests.MozillaSuiteTest" time="0.051"/>
  <testcase name="runMozillaTest[3377, js=testsrc/tests/ecma_3/Array/15.4.4.11-01.js, opt=0]" classname="org.mozilla.javascript.tests.MozillaSuiteTest" time="0.021"/>
  <testcase name="runMozillaTest[3378, js=testsrc/tests/ecma_3/Array/15.4.4.3-1.js, opt=0]" classname="org.mozilla.javascript.tests.MozillaSuiteTest" time="0.019"/>
  <testcase name="runMozillaTest[3379, js=testsrc/tests/ecma_3/Array/15.4.4.4-001.js, opt=0]" classname="org.mozilla.javascript.tests.MozillaSuiteTest" time="0.027"/>
  <testcase name="runMozillaTest[3380, js=testsrc/tests/ecma_3/Array/15.5.4.8-01.js, opt=0]" classname="org.mozilla.javascript.tests.MozillaSuiteTest" time="0.044"/>
  <testcase name="runMozillaTest[3381, js=testsrc/tests/ecma_3/Array/regress-101488.js, opt=0]" classname="org.mozilla.javascript.tests.MozillaSuiteTest" time="0.01"/>
  <testcase name="runMozillaTest[3382, js=testsrc/tests/ecma_3/Array/regress-130451.js, opt=0]" classname="org.mozilla.javascript.tests.MozillaSuiteTest" time="0.031"/>
  <testcase name="runMozillaTest[3383, js=testsrc/tests/ecma_3/Array/regress-322135-01.js, opt=0]" classname="org.mozilla.javascript.tests.MozillaSuiteTest" time="0.008"/>
  <testcase name="runMozillaTest[3384, js=testsrc/tests/ecma_3/Array/regress-390598.js, opt=0]" classname="org.mozilla.javascript.tests.MozillaSuiteTest" time="0.003"/>
  <testcase name="runMozillaTest[3385, js=testsrc/tests/ecma_3/Array/regress-421325.js, opt=0]" classname="org.mozilla.javascript.tests.MozillaSuiteTest" time="0.012"/>
  <testcase name="runMozillaTest[3386, js=testsrc/tests/ecma_3/Array/regress-430717.js, opt=0]" classname="org.mozilla.javascript.tests.MozillaSuiteTest" time="0.03"/>
  <testcase name="runMozillaTest[3387, js=testsrc/tests/ecma_3/Array/regress-488989.js, opt=0]" classname="org.mozilla.javascript.tests.MozillaSuiteTest" time="0.003"/>
  <testcase name="runMozillaTest[3388, js=testsrc/tests/ecma_3/Date/15.9.1.2-01.js, opt=0]" classname="org.mozilla.javascript.tests.MozillaSuiteTest" time="0.053"/>
  <testcase name="runMozillaTest[3389, js=testsrc/tests/ecma_3/Date/15.9.4.3.js, opt=0]" classname="org.mozilla.javascript.tests.MozillaSuiteTest" time="0.056"/>
  <testcase name="runMozillaTest[3390, js=testsrc/tests/ecma_3/Date/15.9.5.3.js, opt=0]" classname="org.mozilla.javascript.tests.MozillaSuiteTest" time="0.004"/>
  <testcase name="runMozillaTest[3391, js=testsrc/tests/ecma_3/Date/15.9.5.4.js, opt=0]" classname="org.mozilla.javascript.tests.MozillaSuiteTest" time="0.025"/>
  <testcase name="runMozillaTest[3392, js=testsrc/tests/ecma_3/Date/15.9.5.5.js, opt=0]" classname="org.mozilla.javascript.tests.MozillaSuiteTest" time="0.047"/>
  <testcase name="runMozillaTest[3393, js=testsrc/tests/ecma_3/Date/15.9.5.6.js, opt=0]" classname="org.mozilla.javascript.tests.MozillaSuiteTest" time="0.014"/>
  <testcase name="runMozillaTest[3394, js=testsrc/tests/ecma_3/Date/15.9.5.7.js, opt=0]" classname="org.mozilla.javascript.tests.MozillaSuiteTest" time="0.02"/>
  <testcase name="runMozillaTest[3395, js=testsrc/tests/ecma_3/Date/regress-452786.js, opt=0]" classname="org.mozilla.javascript.tests.MozillaSuiteTest" time="0.019"/>
  <testcase name="runMozillaTest[3396, js=testsrc/tests/ecma_3/Exceptions/15.11.1.1.js, opt=0]" classname="org.mozilla.javascript.tests.MozillaSuiteTest" time="0.012"/>
  <testcase name="runMozillaTest[3397, js=testsrc/tests/ecma_3/Exceptions/15.11.4.4-1.js, opt=0]" classname="org.mozilla.javascript.tests.MozillaSuiteTest" time="0.009"/>
  <testcase name="runMozillaTest[3398, js=testsrc/tests/ecma_3/Exceptions/15.11.7.6-001.js, opt=0]" classname="org.mozilla.javascript.tests.MozillaSuiteTest" time="0.011"/>
  <testcase name="runMozillaTest[3399, js=testsrc/tests/ecma_3/Exceptions/15.11.7.6-002.js, opt=0]" classname="org.mozilla.javascript.tests.MozillaSuiteTest" time="0.012"/>
  <testcase name="runMozillaTest[3400, js=testsrc/tests/ecma_3/Exceptions/15.11.7.6-003.js, opt=0]" classname="org.mozilla.javascript.tests.MozillaSuiteTest" time="0.019"/>
  <testcase name="runMozillaTest[3401, js=testsrc/tests/ecma_3/Exceptions/binding-001.js, opt=0]" classname="org.mozilla.javascript.tests.MozillaSuiteTest" time="0.017"/>
  <testcase name="runMozillaTest[3402, js=testsrc/tests/ecma_3/Exceptions/regress-58946.js, opt=0]" classname="org.mozilla.javascript.tests.MozillaSuiteTest" time="0.029"/>
  <testcase name="runMozillaTest[3403, js=testsrc/tests/ecma_3/Exceptions/regress-95101.js, opt=0]" classname="org.mozilla.javascript.tests.MozillaSuiteTest" time="0.009"/>
  <testcase name="runMozillaTest[3404, js=testsrc/tests/ecma_3/ExecutionContexts/10.1.3-1.js, opt=0]" classname="org.mozilla.javascript.tests.MozillaSuiteTest" time="0.016"/>
  <testcase name="runMozillaTest[3405, js=testsrc/tests/ecma_3/ExecutionContexts/10.1.3-2.js, opt=0]" classname="org.mozilla.javascript.tests.MozillaSuiteTest" time="0.026"/>
  <testcase name="runMozillaTest[3406, js=testsrc/tests/ecma_3/ExecutionContexts/10.1.3.js, opt=0]" classname="org.mozilla.javascript.tests.MozillaSuiteTest" time="0.016"/>
  <testcase name="runMozillaTest[3407, js=testsrc/tests/ecma_3/ExecutionContexts/10.1.4-1.js, opt=0]" classname="org.mozilla.javascript.tests.MozillaSuiteTest" time="0.014"/>
  <testcase name="runMozillaTest[3408, js=testsrc/tests/ecma_3/ExecutionContexts/10.6.1-01.js, opt=0]" classname="org.mozilla.javascript.tests.MozillaSuiteTest" time="0.021"/>
  <testcase name="runMozillaTest[3409, js=testsrc/tests/ecma_3/ExecutionContexts/regress-23346.js, opt=0]" classname="org.mozilla.javascript.tests.MozillaSuiteTest" time="0.014"/>
  <testcase name="runMozillaTest[3410, js=testsrc/tests/ecma_3/ExecutionContexts/regress-448595-01.js, opt=0]" classname="org.mozilla.javascript.tests.MozillaSuiteTest" time="0.004"/>
  <testcase name="runMozillaTest[3411, js=testsrc/tests/ecma_3/Expressions/11.10-01.js, opt=0]" classname="org.mozilla.javascript.tests.MozillaSuiteTest" time="0.025"/>
  <testcase name="runMozillaTest[3412, js=testsrc/tests/ecma_3/Expressions/11.10-02.js, opt=0]" classname="org.mozilla.javascript.tests.MozillaSuiteTest" time="0.016"/>
  <testcase name="runMozillaTest[3413, js=testsrc/tests/ecma_3/Expressions/11.10-03.js, opt=0]" classname="org.mozilla.javascript.tests.MozillaSuiteTest" time="0.02"/>
  <testcase name="runMozillaTest[3414, js=testsrc/tests/ecma_3/Expressions/11.6.1-1.js, opt=0]" classname="org.mozilla.javascript.tests.MozillaSuiteTest" time="0.004"/>
  <testcase name="runMozillaTest[3415, js=testsrc/tests/ecma_3/Expressions/11.7.1-01.js, opt=0]" classname="org.mozilla.javascript.tests.MozillaSuiteTest" time="0.019"/>
  <testcase name="runMozillaTest[3416, js=testsrc/tests/ecma_3/Expressions/11.7.2-01.js, opt=0]" classname="org.mozilla.javascript.tests.MozillaSuiteTest" time="0.015"/>
  <testcase name="runMozillaTest[3417, js=testsrc/tests/ecma_3/Expressions/11.7.3-01.js, opt=0]" classname="org.mozilla.javascript.tests.MozillaSuiteTest" time="0.005"/>
  <testcase name="runMozillaTest[3418, js=testsrc/tests/ecma_3/Expressions/11.9.6-1.js, opt=0]" classname="org.mozilla.javascript.tests.MozillaSuiteTest" time="0.057"/>
  <testcase name="runMozillaTest[3419, js=testsrc/tests/ecma_3/FunExpr/fe-001-n.js, opt=0]" classname="org.mozilla.javascript.tests.MozillaSuiteTest" time="0.003"/>
  <testcase name="runMozillaTest[3420, js=testsrc/tests/ecma_3/FunExpr/fe-001.js, opt=0]" classname="org.mozilla.javascript.tests.MozillaSuiteTest" time="0.002"/>
  <testcase name="runMozillaTest[3421, js=testsrc/tests/ecma_3/FunExpr/fe-002.js, opt=0]" classname="org.mozilla.javascript.tests.MozillaSuiteTest" time="0.002"/>
  <testcase name="runMozillaTest[3422, js=testsrc/tests/ecma_3/Function/15.3.4.3-1.js, opt=0]" classname="org.mozilla.javascript.tests.MozillaSuiteTest" time="0.058"/>
  <testcase name="runMozillaTest[3423, js=testsrc/tests/ecma_3/Function/15.3.4.4-1.js, opt=0]" classname="org.mozilla.javascript.tests.MozillaSuiteTest" time="0.023"/>
  <testcase name="runMozillaTest[3424, js=testsrc/tests/ecma_3/Function/arguments-001.js, opt=0]" classname="org.mozilla.javascript.tests.MozillaSuiteTest" time="0.023"/>
  <testcase name="runMozillaTest[3425, js=testsrc/tests/ecma_3/Function/arguments-002.js, opt=0]" classname="org.mozilla.javascript.tests.MozillaSuiteTest" time="0.003"/>
  <testcase name="runMozillaTest[3426, js=testsrc/tests/ecma_3/Function/call-001.js, opt=0]" classname="org.mozilla.javascript.tests.MozillaSuiteTest" time="0.021"/>
  <testcase name="runMozillaTest[3427, js=testsrc/tests/ecma_3/Function/regress-131964.js, opt=0]" classname="org.mozilla.javascript.tests.MozillaSuiteTest" time="0.007"/>
  <testcase name="runMozillaTest[3428, js=testsrc/tests/ecma_3/Function/regress-137181.js, opt=0]" classname="org.mozilla.javascript.tests.MozillaSuiteTest" time="0.025"/>
  <testcase name="runMozillaTest[3429, js=testsrc/tests/ecma_3/Function/regress-193555.js, opt=0]" classname="org.mozilla.javascript.tests.MozillaSuiteTest" time="0.034"/>
  <testcase name="runMozillaTest[3430, js=testsrc/tests/ecma_3/Function/regress-313570.js, opt=0]" classname="org.mozilla.javascript.tests.MozillaSuiteTest" time="0.006"/>
  <testcase name="runMozillaTest[3431, js=testsrc/tests/ecma_3/Function/regress-49286.js, opt=0]" classname="org.mozilla.javascript.tests.MozillaSuiteTest" time="0.019"/>
  <testcase name="runMozillaTest[3432, js=testsrc/tests/ecma_3/Function/regress-58274.js, opt=0]" classname="org.mozilla.javascript.tests.MozillaSuiteTest" time="0.031"/>
  <testcase name="runMozillaTest[3433, js=testsrc/tests/ecma_3/Function/regress-85880.js, opt=0]" classname="org.mozilla.javascript.tests.MozillaSuiteTest" time="0.029"/>
  <testcase name="runMozillaTest[3434, js=testsrc/tests/ecma_3/Function/regress-94506.js, opt=0]" classname="org.mozilla.javascript.tests.MozillaSuiteTest" time="0.03"/>
  <testcase name="runMozillaTest[3435, js=testsrc/tests/ecma_3/Function/regress-97921.js, opt=0]" classname="org.mozilla.javascript.tests.MozillaSuiteTest" time="0.011"/>
  <testcase name="runMozillaTest[3436, js=testsrc/tests/ecma_3/Function/scope-001.js, opt=0]" classname="org.mozilla.javascript.tests.MozillaSuiteTest" time="0.011"/>
  <testcase name="runMozillaTest[3437, js=testsrc/tests/ecma_3/Function/scope-002.js, opt=0]" classname="org.mozilla.javascript.tests.MozillaSuiteTest" time="0.048"/>
  <testcase name="runMozillaTest[3438, js=testsrc/tests/ecma_3/Number/15.7.4.2-01.js, opt=0]" classname="org.mozilla.javascript.tests.MozillaSuiteTest" time="0.003"/>
  <testcase name="runMozillaTest[3439, js=testsrc/tests/ecma_3/Number/15.7.4.3-02.js, opt=0]" classname="org.mozilla.javascript.tests.MozillaSuiteTest" time="0.028"/>
  <testcase name="runMozillaTest[3440, js=testsrc/tests/ecma_3/Number/15.7.4.5-1.js, opt=0]" classname="org.mozilla.javascript.tests.MozillaSuiteTest" time="0.012"/>
  <testcase name="runMozillaTest[3441, js=testsrc/tests/ecma_3/Number/15.7.4.5-2.js, opt=0]" classname="org.mozilla.javascript.tests.MozillaSuiteTest" time="0.034"/>
  <testcase name="runMozillaTest[3442, js=testsrc/tests/ecma_3/Number/15.7.4.6-1.js, opt=0]" classname="org.mozilla.javascript.tests.MozillaSuiteTest" time="0.005"/>
  <testcase name="runMozillaTest[3443, js=testsrc/tests/ecma_3/Number/15.7.4.7-1.js, opt=0]" classname="org.mozilla.javascript.tests.MozillaSuiteTest" time="0.037"/>
  <testcase name="runMozillaTest[3444, js=testsrc/tests/ecma_3/Number/15.7.4.7-2.js, opt=0]" classname="org.mozilla.javascript.tests.MozillaSuiteTest" time="0.015"/>
  <testcase name="runMozillaTest[3445, js=testsrc/tests/ecma_3/Number/regress-442242-01.js, opt=0]" classname="org.mozilla.javascript.tests.MozillaSuiteTest" time="0.003"/>
  <testcase name="runMozillaTest[3446, js=testsrc/tests/ecma_3/NumberFormatting/tostring-001.js, opt=0]" classname="org.mozilla.javascript.tests.MozillaSuiteTest" time="0.031"/>
  <testcase name="runMozillaTest[3447, js=testsrc/tests/ecma_3/Object/8.6.2.6-001.js, opt=0]" classname="org.mozilla.javascript.tests.MozillaSuiteTest" time="0.005"/>
  <testcase name="runMozillaTest[3448, js=testsrc/tests/ecma_3/Object/class-001.js, opt=0]" classname="org.mozilla.javascript.tests.MozillaSuiteTest" time="0.025"/>
  <testcase name="runMozillaTest[3449, js=testsrc/tests/ecma_3/Object/class-002.js, opt=0]" classname="org.mozilla.javascript.tests.MozillaSuiteTest" time="0.004"/>
  <testcase name="runMozillaTest[3450, js=testsrc/tests/ecma_3/Object/class-003.js, opt=0]" classname="org.mozilla.javascript.tests.MozillaSuiteTest" time="0.03"/>
  <testcase name="runMozillaTest[3451, js=testsrc/tests/ecma_3/Object/class-004.js, opt=0]" classname="org.mozilla.javascript.tests.MozillaSuiteTest" time="0.004"/>
  <testcase name="runMozillaTest[3452, js=testsrc/tests/ecma_3/Object/class-005.js, opt=0]" classname="org.mozilla.javascript.tests.MozillaSuiteTest" time="0.052"/>
  <testcase name="runMozillaTest[3453, js=testsrc/tests/ecma_3/Object/regress-361274.js, opt=0]" classname="org.mozilla.javascript.tests.MozillaSuiteTest" time="0.003"/>
  <testcase name="runMozillaTest[3454, js=testsrc/tests/ecma_3/Object/regress-385393-07.js, opt=0]" classname="org.mozilla.javascript.tests.MozillaSuiteTest" time="0.004"/>
  <testcase name="runMozillaTest[3455, js=testsrc/tests/ecma_3/Object/regress-459405.js, opt=0]" classname="org.mozilla.javascript.tests.MozillaSuiteTest" time="0.015"/>
  <testcase name="runMozillaTest[3456, js=testsrc/tests/ecma_3/Object/regress-72773.js, opt=0]" classname="org.mozilla.javascript.tests.MozillaSuiteTest" time="0.015"/>
  <testcase name="runMozillaTest[3457, js=testsrc/tests/ecma_3/Object/regress-79129-001.js, opt=0]" classname="org.mozilla.javascript.tests.MozillaSuiteTest" time="0.019"/>
  <testcase name="runMozillaTest[3458, js=testsrc/tests/ecma_3/Operators/11.13.1-001.js, opt=0]" classname="org.mozilla.javascript.tests.MozillaSuiteTest" time="0.042"/>
  <testcase name="runMozillaTest[3459, js=testsrc/tests/ecma_3/Operators/11.13.1-002.js, opt=0]" classname="org.mozilla.javascript.tests.MozillaSuiteTest" time="0.003"/>
  <testcase name="runMozillaTest[3460, js=testsrc/tests/ecma_3/Operators/11.4.1-001.js, opt=0]" classname="org.mozilla.javascript.tests.MozillaSuiteTest" time="0.004"/>
  <testcase name="runMozillaTest[3461, js=testsrc/tests/ecma_3/Operators/11.4.1-002.js, opt=0]" classname="org.mozilla.javascript.tests.MozillaSuiteTest" time="0.029"/>
  <testcase name="runMozillaTest[3462, js=testsrc/tests/ecma_3/RegExp/15.10.2-1.js, opt=0]" classname="org.mozilla.javascript.tests.MozillaSuiteTest" time="0.054"/>
  <testcase name="runMozillaTest[3463, js=testsrc/tests/ecma_3/RegExp/15.10.2.12.js, opt=0]" classname="org.mozilla.javascript.tests.MozillaSuiteTest" time="0.021"/>
  <testcase name="runMozillaTest[3464, js=testsrc/tests/ecma_3/RegExp/15.10.3.1-1.js, opt=0]" classname="org.mozilla.javascript.tests.MozillaSuiteTest" time="0.017"/>
  <testcase name="runMozillaTest[3465, js=testsrc/tests/ecma_3/RegExp/15.10.3.1-2.js, opt=0]" classname="org.mozilla.javascript.tests.MozillaSuiteTest" time="0.004"/>
  <testcase name="runMozillaTest[3466, js=testsrc/tests/ecma_3/RegExp/15.10.4.1-1.js, opt=0]" classname="org.mozilla.javascript.tests.MozillaSuiteTest" time="0.016"/>
  <testcase name="runMozillaTest[3467, js=testsrc/tests/ecma_3/RegExp/15.10.4.1-2.js, opt=0]" classname="org.mozilla.javascript.tests.MozillaSuiteTest" time="0.015"/>
  <testcase name="runMozillaTest[3468, js=testsrc/tests/ecma_3/RegExp/15.10.4.1-3.js, opt=0]" classname="org.mozilla.javascript.tests.MozillaSuiteTest" time="0.036"/>
  <testcase name="runMozillaTest[3469, js=testsrc/tests/ecma_3/RegExp/15.10.4.1-4.js, opt=0]" classname="org.mozilla.javascript.tests.MozillaSuiteTest" time="0.004"/>
  <testcase name="runMozillaTest[3470, js=testsrc/tests/ecma_3/RegExp/15.10.4.1-5-n.js, opt=0]" classname="org.mozilla.javascript.tests.MozillaSuiteTest" time="0.008"/>
  <testcase name="runMozillaTest[3471, js=testsrc/tests/ecma_3/RegExp/15.10.6.2-1.js, opt=0]" classname="org.mozilla.javascript.tests.MozillaSuiteTest" time="0.019"/>
  <testcase name="runMozillaTest[3472, js=testsrc/tests/ecma_3/RegExp/15.10.6.2-2.js, opt=0]" classname="org.mozilla.javascript.tests.MozillaSuiteTest" time="0.037"/>
  <testcase name="runMozillaTest[3473, js=testsrc/tests/ecma_3/RegExp/octal-001.js, opt=0]" classname="org.mozilla.javascript.tests.MozillaSuiteTest" time="0.013"/>
  <testcase name="runMozillaTest[3474, js=testsrc/tests/ecma_3/RegExp/octal-002.js, opt=0]" classname="org.mozilla.javascript.tests.MozillaSuiteTest" time="0.038"/>
  <testcase name="runMozillaTest[3475, js=testsrc/tests/ecma_3/RegExp/perlstress-001.js, opt=0]" classname="org.mozilla.javascript.tests.MozillaSuiteTest" time="0.381"/>
  <testcase name="runMozillaTest[3476, js=testsrc/tests/ecma_3/RegExp/perlstress-002.js, opt=0]" classname="org.mozilla.javascript.tests.MozillaSuiteTest" time="0.184"/>
  <testcase name="runMozillaTest[3477, js=testsrc/tests/ecma_3/RegExp/regress-100199.js, opt=0]" classname="org.mozilla.javascript.tests.MozillaSuiteTest" time="0.035"/>
  <testcase name="runMozillaTest[3478, js=testsrc/tests/ecma_3/RegExp/regress-105972.js, opt=0]" classname="org.mozilla.javascript.tests.MozillaSuiteTest" time="0.004"/>
  <testcase name="runMozillaTest[3479, js=testsrc/tests/ecma_3/RegExp/regress-119909.js, opt=0]" classname="org.mozilla.javascript.tests.MozillaSuiteTest" time="0.046"/>
  <testcase name="runMozillaTest[3480, js=testsrc/tests/ecma_3/RegExp/regress-122076.js, opt=0]" classname="org.mozilla.javascript.tests.MozillaSuiteTest" time="0.009"/>
  <testcase name="runMozillaTest[3481, js=testsrc/tests/ecma_3/RegExp/regress-123437.js, opt=0]" classname="org.mozilla.javascript.tests.MozillaSuiteTest" time="0.01"/>
  <testcase name="runMozillaTest[3482, js=testsrc/tests/ecma_3/RegExp/regress-165353.js, opt=0]" classname="org.mozilla.javascript.tests.MozillaSuiteTest" time="0.019"/>
  <testcase name="runMozillaTest[3483, js=testsrc/tests/ecma_3/RegExp/regress-169497.js, opt=0]" classname="org.mozilla.javascript.tests.MozillaSuiteTest" time="0.013"/>
  <testcase name="runMozillaTest[3484, js=testsrc/tests/ecma_3/RegExp/regress-169534.js, opt=0]" classname="org.mozilla.javascript.tests.MozillaSuiteTest" time="0.02"/>
  <testcase name="runMozillaTest[3485, js=testsrc/tests/ecma_3/RegExp/regress-187133.js, opt=0]" classname="org.mozilla.javascript.tests.MozillaSuiteTest" time="0.037"/>
  <testcase name="runMozillaTest[3486, js=testsrc/tests/ecma_3/RegExp/regress-191479.js, opt=0]" classname="org.mozilla.javascript.tests.MozillaSuiteTest" time="0.005"/>
  <testcase name="runMozillaTest[3487, js=testsrc/tests/ecma_3/RegExp/regress-202564.js, opt=0]" classname="org.mozilla.javascript.tests.MozillaSuiteTest" time="0.026"/>
  <testcase name="runMozillaTest[3488, js=testsrc/tests/ecma_3/RegExp/regress-209067.js, opt=0]" classname="org.mozilla.javascript.tests.MozillaSuiteTest" time="0.159"/>
  <testcase name="runMozillaTest[3489, js=testsrc/tests/ecma_3/RegExp/regress-209919.js, opt=0]" classname="org.mozilla.javascript.tests.MozillaSuiteTest" time="0.013"/>
  <testcase name="runMozillaTest[3490, js=testsrc/tests/ecma_3/RegExp/regress-216591.js, opt=0]" classname="org.mozilla.javascript.tests.MozillaSuiteTest" time="0.027"/>
  <testcase name="runMozillaTest[3491, js=testsrc/tests/ecma_3/RegExp/regress-220367-001.js, opt=0]" classname="org.mozilla.javascript.tests.MozillaSuiteTest" time="0.009"/>
  <testcase name="runMozillaTest[3492, js=testsrc/tests/ecma_3/RegExp/regress-223273.js, opt=0]" classname="org.mozilla.javascript.tests.MozillaSuiteTest" time="0.053"/>
  <testcase name="runMozillaTest[3493, js=testsrc/tests/ecma_3/RegExp/regress-223535.js, opt=0]" classname="org.mozilla.javascript.tests.MozillaSuiteTest" time="0.018"/>
  <testcase name="runMozillaTest[3494, js=testsrc/tests/ecma_3/RegExp/regress-224676.js, opt=0]" classname="org.mozilla.javascript.tests.MozillaSuiteTest" time="0.016"/>
  <testcase name="runMozillaTest[3495, js=testsrc/tests/ecma_3/RegExp/regress-225289.js, opt=0]" classname="org.mozilla.javascript.tests.MozillaSuiteTest" time="0.034"/>
  <testcase name="runMozillaTest[3496, js=testsrc/tests/ecma_3/RegExp/regress-225343.js, opt=0]" classname="org.mozilla.javascript.tests.MozillaSuiteTest" time="0.024"/>
  <testcase name="runMozillaTest[3497, js=testsrc/tests/ecma_3/RegExp/regress-24712.js, opt=0]" classname="org.mozilla.javascript.tests.MozillaSuiteTest" time="0.01"/>
  <testcase name="runMozillaTest[3498, js=testsrc/tests/ecma_3/RegExp/regress-285219.js, opt=0]" classname="org.mozilla.javascript.tests.MozillaSuiteTest" time="0.027"/>
  <testcase name="runMozillaTest[3499, js=testsrc/tests/ecma_3/RegExp/regress-28686.js, opt=0]" classname="org.mozilla.javascript.tests.MozillaSuiteTest" time="0.007"/>
  <testcase name="runMozillaTest[3500, js=testsrc/tests/ecma_3/RegExp/regress-309840.js, opt=0]" classname="org.mozilla.javascript.tests.MozillaSuiteTest" time="0.023"/>
  <testcase name="runMozillaTest[3501, js=testsrc/tests/ecma_3/RegExp/regress-312351.js, opt=0]" classname="org.mozilla.javascript.tests.MozillaSuiteTest" time="0.016"/>
  <testcase name="runMozillaTest[3502, js=testsrc/tests/ecma_3/RegExp/regress-31316.js, opt=0]" classname="org.mozilla.javascript.tests.MozillaSuiteTest" time="0.014"/>
  <testcase name="runMozillaTest[3503, js=testsrc/tests/ecma_3/RegExp/regress-334158.js, opt=0]" classname="org.mozilla.javascript.tests.MozillaSuiteTest" time="0.003"/>
  <testcase name="runMozillaTest[3504, js=testsrc/tests/ecma_3/RegExp/regress-346090.js, opt=0]" classname="org.mozilla.javascript.tests.MozillaSuiteTest" time="0.02"/>
  <testcase name="runMozillaTest[3505, js=testsrc/tests/ecma_3/RegExp/regress-367888.js, opt=0]" classname="org.mozilla.javascript.tests.MozillaSuiteTest" time="0.002"/>
  <testcase name="runMozillaTest[3506, js=testsrc/tests/ecma_3/RegExp/regress-375642.js, opt=0]" classname="org.mozilla.javascript.tests.MozillaSuiteTest" time="0.01"/>
  <testcase name="runMozillaTest[3507, js=testsrc/tests/ecma_3/RegExp/regress-375651.js, opt=0]" classname="org.mozilla.javascript.tests.MozillaSuiteTest" time="0.013"/>
  <testcase name="runMozillaTest[3508, js=testsrc/tests/ecma_3/RegExp/regress-375715-02.js, opt=0]" classname="org.mozilla.javascript.tests.MozillaSuiteTest" time="0.032"/>
  <testcase name="runMozillaTest[3509, js=testsrc/tests/ecma_3/RegExp/regress-375715-03.js, opt=0]" classname="org.mozilla.javascript.tests.MozillaSuiteTest" time="0.009"/>
  <testcase name="runMozillaTest[3510, js=testsrc/tests/ecma_3/RegExp/regress-465862.js, opt=0]" classname="org.mozilla.javascript.tests.MozillaSuiteTest" time="0.004"/>
  <testcase name="runMozillaTest[3511, js=testsrc/tests/ecma_3/RegExp/regress-57572.js, opt=0]" classname="org.mozilla.javascript.tests.MozillaSuiteTest" time="0.02"/>
  <testcase name="runMozillaTest[3512, js=testsrc/tests/ecma_3/RegExp/regress-57631.js, opt=0]" classname="org.mozilla.javascript.tests.MozillaSuiteTest" time="0.057"/>
  <testcase name="runMozillaTest[3513, js=testsrc/tests/ecma_3/RegExp/regress-67773.js, opt=0]" classname="org.mozilla.javascript.tests.MozillaSuiteTest" time="0.019"/>
  <testcase name="runMozillaTest[3514, js=testsrc/tests/ecma_3/RegExp/regress-72964.js, opt=0]" classname="org.mozilla.javascript.tests.MozillaSuiteTest" time="0.02"/>
  <testcase name="runMozillaTest[3515, js=testsrc/tests/ecma_3/RegExp/regress-76683.js, opt=0]" classname="org.mozilla.javascript.tests.MozillaSuiteTest" time="0.004"/>
  <testcase name="runMozillaTest[3516, js=testsrc/tests/ecma_3/RegExp/regress-78156.js, opt=0]" classname="org.mozilla.javascript.tests.MozillaSuiteTest" time="0.018"/>
  <testcase name="runMozillaTest[3517, js=testsrc/tests/ecma_3/RegExp/regress-85721.js, opt=0]" classname="org.mozilla.javascript.tests.MozillaSuiteTest" time="0.019"/>
  <testcase name="runMozillaTest[3518, js=testsrc/tests/ecma_3/RegExp/regress-87231.js, opt=0]" classname="org.mozilla.javascript.tests.MozillaSuiteTest" time="0.04"/>
  <testcase name="runMozillaTest[3519, js=testsrc/tests/ecma_3/RegExp/regress-98306.js, opt=0]" classname="org.mozilla.javascript.tests.MozillaSuiteTest" time="0.008"/>
  <testcase name="runMozillaTest[3520, js=testsrc/tests/ecma_3/Regress/regress-385393-04.js, opt=0]" classname="org.mozilla.javascript.tests.MozillaSuiteTest" time="0.026"/>
  <testcase name="runMozillaTest[3521, js=testsrc/tests/ecma_3/Regress/regress-419152.js, opt=0]" classname="org.mozilla.javascript.tests.MozillaSuiteTest" time="0.009"/>
  <testcase name="runMozillaTest[3522, js=testsrc/tests/ecma_3/Regress/regress-420087.js, opt=0]" classname="org.mozilla.javascript.tests.MozillaSuiteTest" time="0.003"/>
  <testcase name="runMozillaTest[3523, js=testsrc/tests/ecma_3/Regress/regress-420610.js, opt=0]" classname="org.mozilla.javascript.tests.MozillaSuiteTest" time="0.014"/>
  <testcase name="runMozillaTest[3524, js=testsrc/tests/ecma_3/Regress/regress-441477-01.js, opt=0]" classname="org.mozilla.javascript.tests.MozillaSuiteTest" time="0.038"/>
  <testcase name="runMozillaTest[3525, js=testsrc/tests/ecma_3/Regress/regress-469937.js, opt=0]" classname="org.mozilla.javascript.tests.MozillaSuiteTest" time="0.003"/>
  <testcase name="runMozillaTest[3526, js=testsrc/tests/ecma_3/Statements/12.10-01.js, opt=0]" classname="org.mozilla.javascript.tests.MozillaSuiteTest" time="0.017"/>
  <testcase name="runMozillaTest[3527, js=testsrc/tests/ecma_3/Statements/12.6.3.js, opt=0]" classname="org.mozilla.javascript.tests.MozillaSuiteTest" time="0.003"/>
  <testcase name="runMozillaTest[3528, js=testsrc/tests/ecma_3/Statements/regress-131348.js, opt=0]" classname="org.mozilla.javascript.tests.MozillaSuiteTest" time="0.02"/>
  <testcase name="runMozillaTest[3529, js=testsrc/tests/ecma_3/Statements/regress-157509.js, opt=0]" classname="org.mozilla.javascript.tests.MozillaSuiteTest" time="0.016"/>
  <testcase name="runMozillaTest[3530, js=testsrc/tests/ecma_3/Statements/regress-194364.js, opt=0]" classname="org.mozilla.javascript.tests.MozillaSuiteTest" time="0.021"/>
  <testcase name="runMozillaTest[3531, js=testsrc/tests/ecma_3/Statements/regress-226517.js, opt=0]" classname="org.mozilla.javascript.tests.MozillaSuiteTest" time="0.019"/>
  <testcase name="runMozillaTest[3532, js=testsrc/tests/ecma_3/Statements/regress-444979.js, opt=0]" classname="org.mozilla.javascript.tests.MozillaSuiteTest" time="0.36"/>
  <testcase name="runMozillaTest[3533, js=testsrc/tests/ecma_3/Statements/regress-74474-001.js, opt=0]" classname="org.mozilla.javascript.tests.MozillaSuiteTest" time="0.041"/>
  <testcase name="runMozillaTest[3534, js=testsrc/tests/ecma_3/Statements/regress-83532-001.js, opt=0]" classname="org.mozilla.javascript.tests.MozillaSuiteTest" time="0.003"/>
  <testcase name="runMozillaTest[3535, js=testsrc/tests/ecma_3/Statements/regress-83532-002.js, opt=0]" classname="org.mozilla.javascript.tests.MozillaSuiteTest" time="0.006"/>
  <testcase name="runMozillaTest[3536, js=testsrc/tests/ecma_3/Statements/switch-001.js, opt=0]" classname="org.mozilla.javascript.tests.MozillaSuiteTest" time="0.01"/>
  <testcase name="runMozillaTest[3537, js=testsrc/tests/ecma_3/String/regress-104375.js, opt=0]" classname="org.mozilla.javascript.tests.MozillaSuiteTest" time="0.025"/>
  <testcase name="runMozillaTest[3538, js=testsrc/tests/ecma_3/String/regress-189898.js, opt=0]" classname="org.mozilla.javascript.tests.MozillaSuiteTest" time="0.008"/>
  <testcase name="runMozillaTest[3539, js=testsrc/tests/ecma_3/String/regress-304376.js, opt=0]" classname="org.mozilla.javascript.tests.MozillaSuiteTest" time="0.029"/>
  <testcase name="runMozillaTest[3540, js=testsrc/tests/ecma_3/String/regress-313567.js, opt=0]" classname="org.mozilla.javascript.tests.MozillaSuiteTest" time="0.003"/>
  <testcase name="runMozillaTest[3541, js=testsrc/tests/ecma_3/String/regress-392378.js, opt=0]" classname="org.mozilla.javascript.tests.MozillaSuiteTest" time="0.008"/>
  <testcase name="runMozillaTest[3542, js=testsrc/tests/ecma_3/String/regress-83293.js, opt=0]" classname="org.mozilla.javascript.tests.MozillaSuiteTest" time="0.024"/>
  <testcase name="runMozillaTest[3543, js=testsrc/tests/ecma_3/Unicode/regress-352044-02-n.js, opt=0]" classname="org.mozilla.javascript.tests.MozillaSuiteTest" time="0.006"/>
  <testcase name="runMozillaTest[3544, js=testsrc/tests/ecma_3/Unicode/uc-001-n.js, opt=0]" classname="org.mozilla.javascript.tests.MozillaSuiteTest" time="0.036"/>
  <testcase name="runMozillaTest[3545, js=testsrc/tests/ecma_3/Unicode/uc-002-n.js, opt=0]" classname="org.mozilla.javascript.tests.MozillaSuiteTest" time="0.004"/>
  <testcase name="runMozillaTest[3546, js=testsrc/tests/ecma_3/Unicode/uc-002.js, opt=0]" classname="org.mozilla.javascript.tests.MozillaSuiteTest" time="0.016"/>
  <testcase name="runMozillaTest[3547, js=testsrc/tests/ecma_3/Unicode/uc-003.js, opt=0]" classname="org.mozilla.javascript.tests.MozillaSuiteTest" time="0.023"/>
  <testcase name="runMozillaTest[3548, js=testsrc/tests/ecma_3/Unicode/uc-004.js, opt=0]" classname="org.mozilla.javascript.tests.MozillaSuiteTest" time="0.003"/>
  <testcase name="runMozillaTest[3549, js=testsrc/tests/ecma_3/Unicode/uc-005.js, opt=0]" classname="org.mozilla.javascript.tests.MozillaSuiteTest" time="0.034"/>
  <testcase name="runMozillaTest[3550, js=testsrc/tests/ecma_3/extensions/10.1.3-2.js, opt=0]" classname="org.mozilla.javascript.tests.MozillaSuiteTest" time="0.04"/>
  <testcase name="runMozillaTest[3551, js=testsrc/tests/ecma_3/extensions/regress-103087.js, opt=0]" classname="org.mozilla.javascript.tests.MozillaSuiteTest" time="0.46"/>
  <testcase name="runMozillaTest[3552, js=testsrc/tests/ecma_3/extensions/regress-188206-01.js, opt=0]" classname="org.mozilla.javascript.tests.MozillaSuiteTest" time="0.004"/>
  <testcase name="runMozillaTest[3553, js=testsrc/tests/ecma_3/extensions/regress-188206-02.js, opt=0]" classname="org.mozilla.javascript.tests.MozillaSuiteTest" time="0.023"/>
  <testcase name="runMozillaTest[3554, js=testsrc/tests/ecma_3/extensions/regress-220367-002.js, opt=0]" classname="org.mozilla.javascript.tests.MozillaSuiteTest" time="0.023"/>
  <testcase name="runMozillaTest[3555, js=testsrc/tests/ecma_3/extensions/regress-228087.js, opt=0]" classname="org.mozilla.javascript.tests.MozillaSuiteTest" time="0.06"/>
  <testcase name="runMozillaTest[3556, js=testsrc/tests/ecma_3/extensions/regress-320854.js, opt=0]" classname="org.mozilla.javascript.tests.MozillaSuiteTest" time="0.002"/>
  <testcase name="runMozillaTest[3557, js=testsrc/tests/ecma_3/extensions/regress-327170.js, opt=0]" classname="org.mozilla.javascript.tests.MozillaSuiteTest" time="0.019"/>
  <testcase name="runMozillaTest[3558, js=testsrc/tests/ecma_3/extensions/regress-385393-03.js, opt=0]" classname="org.mozilla.javascript.tests.MozillaSuiteTest" time="0.003"/>
  <testcase name="runMozillaTest[3559, js=testsrc/tests/ecma_3/extensions/regress-429248.js, opt=0]" classname="org.mozilla.javascript.tests.MozillaSuiteTest" time="0.015"/>
  <testcase name="runMozillaTest[3560, js=testsrc/tests/js-test-driver-begin.js, opt=0]" classname="org.mozilla.javascript.tests.MozillaSuiteTest" time="0.02"/>
  <testcase name="runMozillaTest[3561, js=testsrc/tests/js-test-driver-end.js, opt=0]" classname="org.mozilla.javascript.tests.MozillaSuiteTest" time="0.002"/>
  <testcase name="runMozillaTest[3562, js=testsrc/tests/js1_1/jsref.js, opt=0]" classname="org.mozilla.javascript.tests.MozillaSuiteTest" time="0.028"/>
  <testcase name="runMozillaTest[3563, js=testsrc/tests/js1_2/Array/array_split_1.js, opt=0]" classname="org.mozilla.javascript.tests.MozillaSuiteTest" time="0.01"/>
  <testcase name="runMozillaTest[3564, js=testsrc/tests/js1_2/Array/general1.js, opt=0]" classname="org.mozilla.javascript.tests.MozillaSuiteTest" time="0.003"/>
  <testcase name="runMozillaTest[3565, js=testsrc/tests/js1_2/Array/general2.js, opt=0]" classname="org.mozilla.javascript.tests.MozillaSuiteTest" time="0.019"/>
  <testcase name="runMozillaTest[3566, js=testsrc/tests/js1_2/Array/slice.js, opt=0]" classname="org.mozilla.javascript.tests.MozillaSuiteTest" time="0.068"/>
  <testcase name="runMozillaTest[3567, js=testsrc/tests/js1_2/Array/splice1.js, opt=0]" classname="org.mozilla.javascript.tests.MozillaSuiteTest" time="0.077"/>
  <testcase name="runMozillaTest[3568, js=testsrc/tests/js1_2/Array/splice2.js, opt=0]" classname="org.mozilla.javascript.tests.MozillaSuiteTest" time="0.09"/>
  <testcase name="runMozillaTest[3569, js=testsrc/tests/js1_2/Array/tostring_1.js, opt=0]" classname="org.mozilla.javascript.tests.MozillaSuiteTest" time="0.042"/>
  <testcase name="runMozillaTest[3570, js=testsrc/tests/js1_2/Array/tostring_2.js, opt=0]" classname="org.mozilla.javascript.tests.MozillaSuiteTest" time="0.002"/>
  <testcase name="runMozillaTest[3571, js=testsrc/tests/js1_2/Objects/toString-001.js, opt=0]" classname="org.mozilla.javascript.tests.MozillaSuiteTest" time="0.007"/>
  <testcase name="runMozillaTest[3572, js=testsrc/tests/js1_2/String/charCodeAt.js, opt=0]" classname="org.mozilla.javascript.tests.MozillaSuiteTest" time="0.03"/>
  <testcase name="runMozillaTest[3573, js=testsrc/tests/js1_2/String/concat.js, opt=0]" classname="org.mozilla.javascript.tests.MozillaSuiteTest" time="0.01"/>
  <testcase name="runMozillaTest[3574, js=testsrc/tests/js1_2/String/match.js, opt=0]" classname="org.mozilla.javascript.tests.MozillaSuiteTest" time="0.003"/>
  <testcase name="runMozillaTest[3575, js=testsrc/tests/js1_2/String/slice.js, opt=0]" classname="org.mozilla.javascript.tests.MozillaSuiteTest" time="0.167"/>
  <testcase name="runMozillaTest[3576, js=testsrc/tests/js1_2/function/Number.js, opt=0]" classname="org.mozilla.javascript.tests.MozillaSuiteTest" time="0.01"/>
  <testcase name="runMozillaTest[3577, js=testsrc/tests/js1_2/function/String.js, opt=0]" classname="org.mozilla.javascript.tests.MozillaSuiteTest" time="0.003"/>
  <testcase name="runMozillaTest[3578, js=testsrc/tests/js1_2/function/definition-1.js, opt=0]" classname="org.mozilla.javascript.tests.MozillaSuiteTest" time="0.027"/>
  <testcase name="runMozillaTest[3579, js=testsrc/tests/js1_2/function/length.js, opt=0]" classname="org.mozilla.javascript.tests.MozillaSuiteTest" time="0.009"/>
  <testcase name="runMozillaTest[3580, js=testsrc/tests/js1_2/function/nesting-1.js, opt=0]" classname="org.mozilla.javascript.tests.MozillaSuiteTest" time="0.002"/>
  <testcase name="runMozillaTest[3581, js=testsrc/tests/js1_2/function/nesting.js, opt=0]" classname="org.mozilla.javascript.tests.MozillaSuiteTest" time="0.002"/>
  <testcase name="runMozillaTest[3582, js=testsrc/tests/js1_2/function/regexparg-1.js, opt=0]" classname="org.mozilla.javascript.tests.MozillaSuiteTest" time="0.018"/>
  <testcase name="runMozillaTest[3583, js=testsrc/tests/js1_2/jsref.js, opt=0]" classname="org.mozilla.javascript.tests.MozillaSuiteTest" time="0.037"/>
  <testcase name="runMozillaTest[3584, js=testsrc/tests/js1_2/operator/strictEquality.js, opt=0]" classname="org.mozilla.javascript.tests.MozillaSuiteTest" time="0.004"/>
  <testcase name="runMozillaTest[3585, js=testsrc/tests/js1_2/regexp/RegExp_dollar_number.js, opt=0]" classname="org.mozilla.javascript.tests.MozillaSuiteTest" time="0.006"/>
  <testcase name="runMozillaTest[3586, js=testsrc/tests/js1_2/regexp/RegExp_input.js, opt=0]" classname="org.mozilla.javascript.tests.MozillaSuiteTest" time="0.03"/>
  <testcase name="runMozillaTest[3587, js=testsrc/tests/js1_2/regexp/RegExp_input_as_array.js, opt=0]" classname="org.mozilla.javascript.tests.MozillaSuiteTest" time="0.005"/>
  <testcase name="runMozillaTest[3588, js=testsrc/tests/js1_2/regexp/RegExp_lastIndex.js, opt=0]" classname="org.mozilla.javascript.tests.MozillaSuiteTest" time="0.006"/>
  <testcase name="runMozillaTest[3589, js=testsrc/tests/js1_2/regexp/RegExp_lastMatch.js, opt=0]" classname="org.mozilla.javascript.tests.MozillaSuiteTest" time="0.018"/>
  <testcase name="runMozillaTest[3590, js=testsrc/tests/js1_2/regexp/RegExp_lastMatch_as_array.js, opt=0]" classname="org.mozilla.javascript.tests.MozillaSuiteTest" time="0.013"/>
  <testcase name="runMozillaTest[3591, js=testsrc/tests/js1_2/regexp/RegExp_lastParen.js, opt=0]" classname="org.mozilla.javascript.tests.MozillaSuiteTest" time="0.038"/>
  <testcase name="runMozillaTest[3592, js=testsrc/tests/js1_2/regexp/RegExp_lastParen_as_array.js, opt=0]" classname="org.mozilla.javascript.tests.MozillaSuiteTest" time="0.003"/>
  <testcase name="runMozillaTest[3593, js=testsrc/tests/js1_2/regexp/RegExp_leftContext.js, opt=0]" classname="org.mozilla.javascript.tests.MozillaSuiteTest" time="0.003"/>
  <testcase name="runMozillaTest[3594, js=testsrc/tests/js1_2/regexp/RegExp_leftContext_as_array.js, opt=0]" classname="org.mozilla.javascript.tests.MozillaSuiteTest" time="0.016"/>
  <testcase name="runMozillaTest[3595, js=testsrc/tests/js1_2/regexp/RegExp_multiline.js, opt=0]" classname="org.mozilla.javascript.tests.MozillaSuiteTest" time="0.018"/>
  <testcase name="runMozillaTest[3596, js=testsrc/tests/js1_2/regexp/RegExp_multiline_as_array.js, opt=0]" classname="org.mozilla.javascript.tests.MozillaSuiteTest" time="0.02"/>
  <testcase name="runMozillaTest[3597, js=testsrc/tests/js1_2/regexp/RegExp_object.js, opt=0]" classname="org.mozilla.javascript.tests.MozillaSuiteTest" time="0.003"/>
  <testcase name="runMozillaTest[3598, js=testsrc/tests/js1_2/regexp/RegExp_rightContext.js, opt=0]" classname="org.mozilla.javascript.tests.MozillaSuiteTest" time="0.026"/>
  <testcase name="runMozillaTest[3599, js=testsrc/tests/js1_2/regexp/RegExp_rightContext_as_array.js, opt=0]" classname="org.mozilla.javascript.tests.MozillaSuiteTest" time="0.023"/>
  <testcase name="runMozillaTest[3600, js=testsrc/tests/js1_2/regexp/alphanumeric.js, opt=0]" classname="org.mozilla.javascript.tests.MozillaSuiteTest" time="0.005"/>
  <testcase name="runMozillaTest[3601, js=testsrc/tests/js1_2/regexp/asterisk.js, opt=0]" classname="org.mozilla.javascript.tests.MozillaSuiteTest" time="0.033"/>
  <testcase name="runMozillaTest[3602, js=testsrc/tests/js1_2/regexp/backslash.js, opt=0]" classname="org.mozilla.javascript.tests.MozillaSuiteTest" time="0.003"/>
  <testcase name="runMozillaTest[3603, js=testsrc/tests/js1_2/regexp/backspace.js, opt=0]" classname="org.mozilla.javascript.tests.MozillaSuiteTest" time="0.01"/>
  <testcase name="runMozillaTest[3604, js=testsrc/tests/js1_2/regexp/beginLine.js, opt=0]" classname="org.mozilla.javascript.tests.MozillaSuiteTest" time="0.016"/>
  <testcase name="runMozillaTest[3605, js=testsrc/tests/js1_2/regexp/character_class.js, opt=0]" classname="org.mozilla.javascript.tests.MozillaSuiteTest" time="0.04"/>
  <testcase name="runMozillaTest[3606, js=testsrc/tests/js1_2/regexp/compile.js, opt=0]" classname="org.mozilla.javascript.tests.MozillaSuiteTest" time="0.003"/>
  <testcase name="runMozillaTest[3607, js=testsrc/tests/js1_2/regexp/control_characters.js, opt=0]" classname="org.mozilla.javascript.tests.MozillaSuiteTest" time="0.002"/>
  <testcase name="runMozillaTest[3608, js=testsrc/tests/js1_2/regexp/digit.js, opt=0]" classname="org.mozilla.javascript.tests.MozillaSuiteTest" time="0.034"/>
  <testcase name="runMozillaTest[3609, js=testsrc/tests/js1_2/regexp/dot.js, opt=0]" classname="org.mozilla.javascript.tests.MozillaSuiteTest" time="0.02"/>
  <testcase name="runMozillaTest[3610, js=testsrc/tests/js1_2/regexp/endLine.js, opt=0]" classname="org.mozilla.javascript.tests.MozillaSuiteTest" time="0.01"/>
  <testcase name="runMozillaTest[3611, js=testsrc/tests/js1_2/regexp/everything.js, opt=0]" classname="org.mozilla.javascript.tests.MozillaSuiteTest" time="0.01"/>
  <testcase name="runMozillaTest[3612, js=testsrc/tests/js1_2/regexp/exec.js, opt=0]" classname="org.mozilla.javascript.tests.MozillaSuiteTest" time="0.022"/>
  <testcase name="runMozillaTest[3613, js=testsrc/tests/js1_2/regexp/flags.js, opt=0]" classname="org.mozilla.javascript.tests.MozillaSuiteTest" time="0.007"/>
  <testcase name="runMozillaTest[3614, js=testsrc/tests/js1_2/regexp/global.js, opt=0]" classname="org.mozilla.javascript.tests.MozillaSuiteTest" time="0.03"/>
  <testcase name="runMozillaTest[3615, js=testsrc/tests/js1_2/regexp/hexadecimal.js, opt=0]" classname="org.mozilla.javascript.tests.MozillaSuiteTest" time="0.003"/>
  <testcase name="runMozillaTest[3616, js=testsrc/tests/js1_2/regexp/ignoreCase.js, opt=0]" classname="org.mozilla.javascript.tests.MozillaSuiteTest" time="0.006"/>
  <testcase name="runMozillaTest[3617, js=testsrc/tests/js1_2/regexp/interval.js, opt=0]" classname="org.mozilla.javascript.tests.MozillaSuiteTest" time="0.01"/>
  <testcase name="runMozillaTest[3618, js=testsrc/tests/js1_2/regexp/octal.js, opt=0]" classname="org.mozilla.javascript.tests.MozillaSuiteTest" time="0.017"/>
  <testcase name="runMozillaTest[3619, js=testsrc/tests/js1_2/regexp/parentheses.js, opt=0]" classname="org.mozilla.javascript.tests.MozillaSuiteTest" time="0.031"/>
  <testcase name="runMozillaTest[3620, js=testsrc/tests/js1_2/regexp/plus.js, opt=0]" classname="org.mozilla.javascript.tests.MozillaSuiteTest" time="0.003"/>
  <testcase name="runMozillaTest[3621, js=testsrc/tests/js1_2/regexp/question_mark.js, opt=0]" classname="org.mozilla.javascript.tests.MozillaSuiteTest" time="0.02"/>
  <testcase name="runMozillaTest[3622, js=testsrc/tests/js1_2/regexp/regress-6359.js, opt=0]" classname="org.mozilla.javascript.tests.MozillaSuiteTest" time="0.017"/>
  <testcase name="runMozillaTest[3623, js=testsrc/tests/js1_2/regexp/regress-9141.js, opt=0]" classname="org.mozilla.javascript.tests.MozillaSuiteTest" time="0.004"/>
  <testcase name="runMozillaTest[3624, js=testsrc/tests/js1_2/regexp/simple_form.js, opt=0]" classname="org.mozilla.javascript.tests.MozillaSuiteTest" time="0.018"/>
  <testcase name="runMozillaTest[3625, js=testsrc/tests/js1_2/regexp/source.js, opt=0]" classname="org.mozilla.javascript.tests.MozillaSuiteTest" time="0.018"/>
  <testcase name="runMozillaTest[3626, js=testsrc/tests/js1_2/regexp/special_characters.js, opt=0]" classname="org.mozilla.javascript.tests.MozillaSuiteTest" time="0.016"/>
  <testcase name="runMozillaTest[3627, js=testsrc/tests/js1_2/regexp/string_replace.js, opt=0]" classname="org.mozilla.javascript.tests.MozillaSuiteTest" time="0.014"/>
  <testcase name="runMozillaTest[3628, js=testsrc/tests/js1_2/regexp/string_search.js, opt=0]" classname="org.mozilla.javascript.tests.MozillaSuiteTest" time="0.02"/>
  <testcase name="runMozillaTest[3629, js=testsrc/tests/js1_2/regexp/string_split.js, opt=0]" classname="org.mozilla.javascript.tests.MozillaSuiteTest" time="0.003"/>
  <testcase name="runMozillaTest[3630, js=testsrc/tests/js1_2/regexp/test.js, opt=0]" classname="org.mozilla.javascript.tests.MozillaSuiteTest" time="0.017"/>
  <testcase name="runMozillaTest[3631, js=testsrc/tests/js1_2/regexp/toString.js, opt=0]" classname="org.mozilla.javascript.tests.MozillaSuiteTest" time="0.009"/>
  <testcase name="runMozillaTest[3632, js=testsrc/tests/js1_2/regexp/vertical_bar.js, opt=0]" classname="org.mozilla.javascript.tests.MozillaSuiteTest" time="0.011"/>
  <testcase name="runMozillaTest[3633, js=testsrc/tests/js1_2/regexp/whitespace.js, opt=0]" classname="org.mozilla.javascript.tests.MozillaSuiteTest" time="0.023"/>
  <testcase name="runMozillaTest[3634, js=testsrc/tests/js1_2/regexp/word_boundary.js, opt=0]" classname="org.mozilla.javascript.tests.MozillaSuiteTest" time="0.037"/>
  <testcase name="runMozillaTest[3635, js=testsrc/tests/js1_2/regress/regress-144834.js, opt=0]" classname="org.mozilla.javascript.tests.MozillaSuiteTest" time="0.03"/>
  <testcase name="runMozillaTest[3636, js=testsrc/tests/js1_2/regress/regress-7703.js, opt=0]" classname="org.mozilla.javascript.tests.MozillaSuiteTest" time="0.003"/>
  <testcase name="runMozillaTest[3637, js=testsrc/tests/js1_2/statements/break.js, opt=0]" classname="org.mozilla.javascript.tests.MozillaSuiteTest" time="0.035"/>
  <testcase name="runMozillaTest[3638, js=testsrc/tests/js1_2/statements/continue.js, opt=0]" classname="org.mozilla.javascript.tests.MozillaSuiteTest" time="0.005"/>
  <testcase name="runMozillaTest[3639, js=testsrc/tests/js1_2/statements/do_while.js, opt=0]" classname="org.mozilla.javascript.tests.MozillaSuiteTest" time="0.002"/>
  <testcase name="runMozillaTest[3640, js=testsrc/tests/js1_2/statements/switch.js, opt=0]" classname="org.mozilla.javascript.tests.MozillaSuiteTest" time="0.024"/>
  <testcase name="runMozillaTest[3641, js=testsrc/tests/js1_2/statements/switch2.js, opt=0]" classname="org.mozilla.javascript.tests.MozillaSuiteTest" time="0.003"/>
  <testcase name="runMozillaTest[3642, js=testsrc/tests/js1_2/version120/boolean-001.js, opt=0]" classname="org.mozilla.javascript.tests.MozillaSuiteTest" time="0.019"/>
  <testcase name="runMozillaTest[3643, js=testsrc/tests/js1_3/Boolean/boolean-001.js, opt=0]" classname="org.mozilla.javascript.tests.MozillaSuiteTest" time="0.017"/>
  <testcase name="runMozillaTest[3644, js=testsrc/tests/js1_3/Script/delete-001.js, opt=0]" classname="org.mozilla.javascript.tests.MozillaSuiteTest" time="0.017"/>
  <testcase name="runMozillaTest[3645, js=testsrc/tests/js1_3/Script/function-002.js, opt=0]" classname="org.mozilla.javascript.tests.MozillaSuiteTest" time="0.003"/>
  <testcase name="runMozillaTest[3646, js=testsrc/tests/js1_3/Script/in-001.js, opt=0]" classname="org.mozilla.javascript.tests.MozillaSuiteTest" time="0.017"/>
  <testcase name="runMozillaTest[3647, js=testsrc/tests/js1_3/Script/new-001.js, opt=0]" classname="org.mozilla.javascript.tests.MozillaSuiteTest" time="0.007"/>
  <testcase name="runMozillaTest[3648, js=testsrc/tests/js1_3/Script/switch-001.js, opt=0]" classname="org.mozilla.javascript.tests.MozillaSuiteTest" time="0.035"/>
  <testcase name="runMozillaTest[3649, js=testsrc/tests/js1_3/extensions/proto_10.js, opt=0]" classname="org.mozilla.javascript.tests.MozillaSuiteTest" time="0.005"/>
  <testcase name="runMozillaTest[3650, js=testsrc/tests/js1_3/extensions/proto_2.js, opt=0]" classname="org.mozilla.javascript.tests.MozillaSuiteTest" time="0.035"/>
  <testcase name="runMozillaTest[3651, js=testsrc/tests/js1_3/extensions/proto_5.js, opt=0]" classname="org.mozilla.javascript.tests.MozillaSuiteTest" time="0.003"/>
  <testcase name="runMozillaTest[3652, js=testsrc/tests/js1_3/extensions/script-001.js, opt=0]" classname="org.mozilla.javascript.tests.MozillaSuiteTest" time="0.003"/>
  <testcase name="runMozillaTest[3653, js=testsrc/tests/js1_3/inherit/proto_1.js, opt=0]" classname="org.mozilla.javascript.tests.MozillaSuiteTest" time="0.032"/>
  <testcase name="runMozillaTest[3654, js=testsrc/tests/js1_3/inherit/proto_10.js, opt=0]" classname="org.mozilla.javascript.tests.MozillaSuiteTest" time="0.004"/>
  <testcase name="runMozillaTest[3655, js=testsrc/tests/js1_3/inherit/proto_11.js, opt=0]" classname="org.mozilla.javascript.tests.MozillaSuiteTest" time="0.008"/>
  <testcase name="runMozillaTest[3656, js=testsrc/tests/js1_3/inherit/proto_12.js, opt=0]" classname="org.mozilla.javascript.tests.MozillaSuiteTest" time="0.029"/>
  <testcase name="runMozillaTest[3657, js=testsrc/tests/js1_3/inherit/proto_3.js, opt=0]" classname="org.mozilla.javascript.tests.MozillaSuiteTest" time="0.004"/>
  <testcase name="runMozillaTest[3658, js=testsrc/tests/js1_3/inherit/proto_4.js, opt=0]" classname="org.mozilla.javascript.tests.MozillaSuiteTest" time="0.009"/>
  <testcase name="runMozillaTest[3659, js=testsrc/tests/js1_3/inherit/proto_6.js, opt=0]" classname="org.mozilla.javascript.tests.MozillaSuiteTest" time="0.023"/>
  <testcase name="runMozillaTest[3660, js=testsrc/tests/js1_3/inherit/proto_7.js, opt=0]" classname="org.mozilla.javascript.tests.MozillaSuiteTest" time="0.022"/>
  <testcase name="runMozillaTest[3661, js=testsrc/tests/js1_3/inherit/proto_8.js, opt=0]" classname="org.mozilla.javascript.tests.MozillaSuiteTest" time="0.035"/>
  <testcase name="runMozillaTest[3662, js=testsrc/tests/js1_3/inherit/proto_9.js, opt=0]" classname="org.mozilla.javascript.tests.MozillaSuiteTest" time="0.003"/>
  <testcase name="runMozillaTest[3663, js=testsrc/tests/js1_3/jsref.js, opt=0]" classname="org.mozilla.javascript.tests.MozillaSuiteTest" time="0.035"/>
  <testcase name="runMozillaTest[3664, js=testsrc/tests/js1_3/regress/delete-001.js, opt=0]" classname="org.mozilla.javascript.tests.MozillaSuiteTest" time="0.003"/>
  <testcase name="runMozillaTest[3665, js=testsrc/tests/js1_3/regress/function-002.js, opt=0]" classname="org.mozilla.javascript.tests.MozillaSuiteTest" time="0.003"/>
  <testcase name="runMozillaTest[3666, js=testsrc/tests/js1_3/regress/in-001.js, opt=0]" classname="org.mozilla.javascript.tests.MozillaSuiteTest" time="0.005"/>
  <testcase name="runMozillaTest[3667, js=testsrc/tests/js1_3/regress/new-001.js, opt=0]" classname="org.mozilla.javascript.tests.MozillaSuiteTest" time="0.022"/>
  <testcase name="runMozillaTest[3668, js=testsrc/tests/js1_3/regress/switch-001.js, opt=0]" classname="org.mozilla.javascript.tests.MozillaSuiteTest" time="0.009"/>
  <testcase name="runMozillaTest[3669, js=testsrc/tests/js1_4/Eval/eval-001.js, opt=0]" classname="org.mozilla.javascript.tests.MozillaSuiteTest" time="0.018"/>
  <testcase name="runMozillaTest[3670, js=testsrc/tests/js1_4/Eval/eval-002.js, opt=0]" classname="org.mozilla.javascript.tests.MozillaSuiteTest" time="0.019"/>
  <testcase name="runMozillaTest[3671, js=testsrc/tests/js1_4/Eval/eval-003.js, opt=0]" classname="org.mozilla.javascript.tests.MozillaSuiteTest" time="0.003"/>
  <testcase name="runMozillaTest[3672, js=testsrc/tests/js1_4/Functions/function-001.js, opt=0]" classname="org.mozilla.javascript.tests.MozillaSuiteTest" time="0.017"/>
  <testcase name="runMozillaTest[3673, js=testsrc/tests/js1_4/Regress/date-001-n.js, opt=0]" classname="org.mozilla.javascript.tests.MozillaSuiteTest" time="0.017"/>
  <testcase name="runMozillaTest[3674, js=testsrc/tests/js1_4/Regress/function-001.js, opt=0]" classname="org.mozilla.javascript.tests.MozillaSuiteTest" time="0.004"/>
  <testcase name="runMozillaTest[3675, js=testsrc/tests/js1_4/Regress/function-002.js, opt=0]" classname="org.mozilla.javascript.tests.MozillaSuiteTest" time="0.024"/>
  <testcase name="runMozillaTest[3676, js=testsrc/tests/js1_4/Regress/function-003.js, opt=0]" classname="org.mozilla.javascript.tests.MozillaSuiteTest" time="0.035"/>
  <testcase name="runMozillaTest[3677, js=testsrc/tests/js1_4/Regress/function-004-n.js, opt=0]" classname="org.mozilla.javascript.tests.MozillaSuiteTest" time="0.003"/>
  <testcase name="runMozillaTest[3678, js=testsrc/tests/js1_4/Regress/regress-7224.js, opt=0]" classname="org.mozilla.javascript.tests.MozillaSuiteTest" time="0.017"/>
  <testcase name="runMozillaTest[3679, js=testsrc/tests/js1_4/Regress/toString-001-n.js, opt=0]" classname="org.mozilla.javascript.tests.MozillaSuiteTest" time="0.003"/>
  <testcase name="runMozillaTest[3680, js=testsrc/tests/js1_4/jsref.js, opt=0]" classname="org.mozilla.javascript.tests.MozillaSuiteTest" time="0.037"/>
  <testcase name="runMozillaTest[3681, js=testsrc/tests/js1_5/Array/11.1.4.js, opt=0]" classname="org.mozilla.javascript.tests.MozillaSuiteTest" time="0.004"/>
  <testcase name="runMozillaTest[3682, js=testsrc/tests/js1_5/Array/array-001.js, opt=0]" classname="org.mozilla.javascript.tests.MozillaSuiteTest" time="0.003"/>
  <testcase name="runMozillaTest[3683, js=testsrc/tests/js1_5/Array/regress-101964.js, opt=0]" classname="org.mozilla.javascript.tests.MozillaSuiteTest" time="0.033"/>
  <testcase name="runMozillaTest[3684, js=testsrc/tests/js1_5/Array/regress-107138.js, opt=0]" classname="org.mozilla.javascript.tests.MozillaSuiteTest" time="0.02"/>
  <testcase name="runMozillaTest[3685, js=testsrc/tests/js1_5/Array/regress-108440.js, opt=0]" classname="org.mozilla.javascript.tests.MozillaSuiteTest" time="0.02"/>
  <testcase name="runMozillaTest[3686, js=testsrc/tests/js1_5/Array/regress-154338.js, opt=0]" classname="org.mozilla.javascript.tests.MozillaSuiteTest" time="0.003"/>
  <testcase name="runMozillaTest[3687, js=testsrc/tests/js1_5/Array/regress-178722.js, opt=0]" classname="org.mozilla.javascript.tests.MozillaSuiteTest" time="0.032"/>
  <testcase name="runMozillaTest[3688, js=testsrc/tests/js1_5/Array/regress-255555.js, opt=0]" classname="org.mozilla.javascript.tests.MozillaSuiteTest" time="0.017"/>
  <testcase name="runMozillaTest[3689, js=testsrc/tests/js1_5/Array/regress-299644.js, opt=0]" classname="org.mozilla.javascript.tests.MozillaSuiteTest" time="0.006"/>
  <testcase name="runMozillaTest[3690, js=testsrc/tests/js1_5/Array/regress-300858.js, opt=0]" classname="org.mozilla.javascript.tests.MozillaSuiteTest" time="0.015"/>
  <testcase name="runMozillaTest[3691, js=testsrc/tests/js1_5/Array/regress-310351.js, opt=0]" classname="org.mozilla.javascript.tests.MozillaSuiteTest" time="0.036"/>
  <testcase name="runMozillaTest[3692, js=testsrc/tests/js1_5/Array/regress-311515.js, opt=0]" classname="org.mozilla.javascript.tests.MozillaSuiteTest" time="0.004"/>
  <testcase name="runMozillaTest[3693, js=testsrc/tests/js1_5/Array/regress-313153.js, opt=0]" classname="org.mozilla.javascript.tests.MozillaSuiteTest" time="0.033"/>
  <testcase name="runMozillaTest[3694, js=testsrc/tests/js1_5/Array/regress-315509-01.js, opt=0]" classname="org.mozilla.javascript.tests.MozillaSuiteTest" time="0.003"/>
  <testcase name="runMozillaTest[3695, js=testsrc/tests/js1_5/Array/regress-345961.js, opt=0]" classname="org.mozilla.javascript.tests.MozillaSuiteTest" time="0.002"/>
  <testcase name="runMozillaTest[3696, js=testsrc/tests/js1_5/Array/regress-348810.js, opt=0]" classname="org.mozilla.javascript.tests.MozillaSuiteTest" time="0.027"/>
  <testcase name="runMozillaTest[3697, js=testsrc/tests/js1_5/Array/regress-350256-01.js, opt=0]" classname="org.mozilla.javascript.tests.MozillaSuiteTest" time="0.048"/>
  <testcase name="runMozillaTest[3698, js=testsrc/tests/js1_5/Array/regress-350256-02.js, opt=0]" classname="org.mozilla.javascript.tests.MozillaSuiteTest" time="0.354"/>
  <testcase name="runMozillaTest[3699, js=testsrc/tests/js1_5/Array/regress-360681-01.js, opt=0]" classname="org.mozilla.javascript.tests.MozillaSuiteTest" time="0.147"/>
  <testcase name="runMozillaTest[3700, js=testsrc/tests/js1_5/Array/regress-360681-02.js, opt=0]" classname="org.mozilla.javascript.tests.MozillaSuiteTest" time="0.387"/>
  <testcase name="runMozillaTest[3701, js=testsrc/tests/js1_5/Array/regress-364104.js, opt=0]" classname="org.mozilla.javascript.tests.MozillaSuiteTest" time="0.044"/>
  <testcase name="runMozillaTest[3702, js=testsrc/tests/js1_5/Array/regress-422286.js, opt=0]" classname="org.mozilla.javascript.tests.MozillaSuiteTest" time="0.003"/>
  <testcase name="runMozillaTest[3703, js=testsrc/tests/js1_5/Array/regress-424954.js, opt=0]" classname="org.mozilla.javascript.tests.MozillaSuiteTest" time="0.002"/>
  <testcase name="runMozillaTest[3704, js=testsrc/tests/js1_5/Array/regress-451483.js, opt=0]" classname="org.mozilla.javascript.tests.MozillaSuiteTest" time="0.032"/>
  <testcase name="runMozillaTest[3705, js=testsrc/tests/js1_5/Array/regress-451906.js, opt=0]" classname="org.mozilla.javascript.tests.MozillaSuiteTest" time="0.003"/>
  <testcase name="runMozillaTest[3706, js=testsrc/tests/js1_5/Array/regress-456845.js, opt=0]" classname="org.mozilla.javascript.tests.MozillaSuiteTest" time="0.21"/>
  <testcase name="runMozillaTest[3707, js=testsrc/tests/js1_5/Array/regress-465980-01.js, opt=0]" classname="org.mozilla.javascript.tests.MozillaSuiteTest" time="0.028"/>
  <testcase name="runMozillaTest[3708, js=testsrc/tests/js1_5/Array/regress-474529.js, opt=0]" classname="org.mozilla.javascript.tests.MozillaSuiteTest" time="1.519"/>
  <testcase name="runMozillaTest[3709, js=testsrc/tests/js1_5/Array/regress-94257.js, opt=0]" classname="org.mozilla.javascript.tests.MozillaSuiteTest" time="0.004"/>
  <testcase name="runMozillaTest[3710, js=testsrc/tests/js1_5/Date/regress-188211.js, opt=0]" classname="org.mozilla.javascript.tests.MozillaSuiteTest" time="0.003"/>
  <testcase name="runMozillaTest[3711, js=testsrc/tests/js1_5/Date/regress-301738-01.js, opt=0]" classname="org.mozilla.javascript.tests.MozillaSuiteTest" time="0.031"/>
  <testcase name="runMozillaTest[3712, js=testsrc/tests/js1_5/Date/regress-309925-01.js, opt=0]" classname="org.mozilla.javascript.tests.MozillaSuiteTest" time="0.012"/>
  <testcase name="runMozillaTest[3713, js=testsrc/tests/js1_5/Date/regress-346027.js, opt=0]" classname="org.mozilla.javascript.tests.MozillaSuiteTest" time="0.024"/>
  <testcase name="runMozillaTest[3714, js=testsrc/tests/js1_5/Error/regress-354246.js, opt=0]" classname="org.mozilla.javascript.tests.MozillaSuiteTest" time="0.003"/>
  <testcase name="runMozillaTest[3715, js=testsrc/tests/js1_5/Error/regress-412324.js, opt=0]" classname="org.mozilla.javascript.tests.MozillaSuiteTest" time="0.031"/>
  <testcase name="runMozillaTest[3716, js=testsrc/tests/js1_5/Error/regress-465377.js, opt=0]" classname="org.mozilla.javascript.tests.MozillaSuiteTest" time="0.007"/>
  <testcase name="runMozillaTest[3717, js=testsrc/tests/js1_5/Exceptions/catchguard-002-n.js, opt=0]" classname="org.mozilla.javascript.tests.MozillaSuiteTest" time="0.009"/>
  <testcase name="runMozillaTest[3718, js=testsrc/tests/js1_5/Exceptions/catchguard-003-n.js, opt=0]" classname="org.mozilla.javascript.tests.MozillaSuiteTest" time="0.008"/>
  <testcase name="runMozillaTest[3719, js=testsrc/tests/js1_5/Exceptions/regress-123002.js, opt=0]" classname="org.mozilla.javascript.tests.MozillaSuiteTest" time="0.03"/>
  <testcase name="runMozillaTest[3720, js=testsrc/tests/js1_5/Exceptions/regress-232182.js, opt=0]" classname="org.mozilla.javascript.tests.MozillaSuiteTest" time="0.021"/>
  <testcase name="runMozillaTest[3721, js=testsrc/tests/js1_5/Exceptions/regress-273931.js, opt=0]" classname="org.mozilla.javascript.tests.MozillaSuiteTest" time="0.035"/>
  <testcase name="runMozillaTest[3722, js=testsrc/tests/js1_5/Exceptions/regress-347674.js, opt=0]" classname="org.mozilla.javascript.tests.MozillaSuiteTest" time="0.02"/>
  <testcase name="runMozillaTest[3723, js=testsrc/tests/js1_5/Exceptions/regress-350837.js, opt=0]" classname="org.mozilla.javascript.tests.MozillaSuiteTest" time="0.004"/>
  <testcase name="runMozillaTest[3724, js=testsrc/tests/js1_5/Expressions/regress-192288.js, opt=0]" classname="org.mozilla.javascript.tests.MozillaSuiteTest" time="0.026"/>
  <testcase name="runMozillaTest[3725, js=testsrc/tests/js1_5/Expressions/regress-96526-argsub.js, opt=0]" classname="org.mozilla.javascript.tests.MozillaSuiteTest" time="0.024"/>
  <testcase name="runMozillaTest[3726, js=testsrc/tests/js1_5/Expressions/regress-96526-noargsub.js, opt=0]" classname="org.mozilla.javascript.tests.MozillaSuiteTest" time="0.003"/>
  <testcase name="runMozillaTest[3727, js=testsrc/tests/js1_5/Function/10.1.6.js, opt=0]" classname="org.mozilla.javascript.tests.MozillaSuiteTest" time="0.028"/>
  <testcase name="runMozillaTest[3728, js=testsrc/tests/js1_5/Function/15.3.4.4.js, opt=0]" classname="org.mozilla.javascript.tests.MozillaSuiteTest" time="0.002"/>
  <testcase name="runMozillaTest[3729, js=testsrc/tests/js1_5/Function/regress-123371.js, opt=0]" classname="org.mozilla.javascript.tests.MozillaSuiteTest" time="0.007"/>
  <testcase name="runMozillaTest[3730, js=testsrc/tests/js1_5/Function/regress-178389.js, opt=0]" classname="org.mozilla.javascript.tests.MozillaSuiteTest" time="0.004"/>
  <testcase name="runMozillaTest[3731, js=testsrc/tests/js1_5/Function/regress-292215.js, opt=0]" classname="org.mozilla.javascript.tests.MozillaSuiteTest" time="0.052"/>
  <testcase name="runMozillaTest[3732, js=testsrc/tests/js1_5/Function/regress-344052.js, opt=0]" classname="org.mozilla.javascript.tests.MozillaSuiteTest" time="0.003"/>
  <testcase name="runMozillaTest[3733, js=testsrc/tests/js1_5/Function/regress-364023.js, opt=0]" classname="org.mozilla.javascript.tests.MozillaSuiteTest" time="0.59"/>
  <testcase name="runMozillaTest[3734, js=testsrc/tests/js1_5/GC/regress-104584.js, opt=0]" classname="org.mozilla.javascript.tests.MozillaSuiteTest" time="0.222"/>
  <testcase name="runMozillaTest[3735, js=testsrc/tests/js1_5/GC/regress-203278-3.js, opt=0]" classname="org.mozilla.javascript.tests.MozillaSuiteTest" time="0.779"/>
  <testcase name="runMozillaTest[3736, js=testsrc/tests/js1_5/GC/regress-278725.js, opt=0]" classname="org.mozilla.javascript.tests.MozillaSuiteTest" time="1.152"/>
  <testcase name="runMozillaTest[3737, js=testsrc/tests/js1_5/GC/regress-306788.js, opt=0]" classname="org.mozilla.javascript.tests.MozillaSuiteTest" time="0.592"/>
  <testcase name="runMozillaTest[3738, js=testsrc/tests/js1_5/GC/regress-311497.js, opt=0]" classname="org.mozilla.javascript.tests.MozillaSuiteTest" time="1.166"/>
  <testcase name="runMozillaTest[3739, js=testsrc/tests/js1_5/GC/regress-313276.js, opt=0]" classname="org.mozilla.javascript.tests.MozillaSuiteTest" time="0.127"/>
  <testcase name="runMozillaTest[3740, js=testsrc/tests/js1_5/GC/regress-313479.js, opt=0]" classname="org.mozilla.javascript.tests.MozillaSuiteTest" time="0.107"/>
  <testcase name="runMozillaTest[3741, js=testsrc/tests/js1_5/GC/regress-316885-02.js, opt=0]" classname="org.mozilla.javascript.tests.MozillaSuiteTest" time="0.122"/>
  <testcase name="runMozillaTest[3742, js=testsrc/tests/js1_5/GC/regress-316885-03.js, opt=0]" classname="org.mozilla.javascript.tests.MozillaSuiteTest" time="0.186"/>
  <testcase name="runMozillaTest[3743, js=testsrc/tests/js1_5/GC/regress-319980-01.js, opt=0]" classname="org.mozilla.javascript.tests.MozillaSuiteTest" time="0.015"/>
  <testcase name="runMozillaTest[3744, js=testsrc/tests/js1_5/GC/regress-331719.js, opt=0]" classname="org.mozilla.javascript.tests.MozillaSuiteTest" time="0.003"/>
  <testcase name="runMozillaTest[3745, js=testsrc/tests/js1_5/GC/regress-341877-01.js, opt=0]" classname="org.mozilla.javascript.tests.MozillaSuiteTest" time="0.317"/>
  <testcase name="runMozillaTest[3746, js=testsrc/tests/js1_5/GC/regress-341877-02.js, opt=0]" classname="org.mozilla.javascript.tests.MozillaSuiteTest" time="0.375"/>
  <testcase name="runMozillaTest[3747, js=testsrc/tests/js1_5/GC/regress-352606.js, opt=0]" classname="org.mozilla.javascript.tests.MozillaSuiteTest" time="0.177"/>
  <testcase name="runMozillaTest[3748, js=testsrc/tests/js1_5/GC/regress-383269-01.js, opt=0]" classname="org.mozilla.javascript.tests.MozillaSuiteTest" time="1.286"/>
  <testcase name="runMozillaTest[3749, js=testsrc/tests/js1_5/GC/regress-383269-02.js, opt=0]" classname="org.mozilla.javascript.tests.MozillaSuiteTest" time="1.066"/>
  <testcase name="runMozillaTest[3750, js=testsrc/tests/js1_5/GC/regress-390078.js, opt=0]" classname="org.mozilla.javascript.tests.MozillaSuiteTest" time="0.2"/>
  <testcase name="runMozillaTest[3751, js=testsrc/tests/js1_5/GC/regress-418128.js, opt=0]" classname="org.mozilla.javascript.tests.MozillaSuiteTest" time="0.258"/>
  <testcase name="runMozillaTest[3752, js=testsrc/tests/js1_5/GC/regress-440558.js, opt=0]" classname="org.mozilla.javascript.tests.MozillaSuiteTest" time="0.008"/>
  <testcase name="runMozillaTest[3753, js=testsrc/tests/js1_5/GetSet/regress-375976.js, opt=0]" classname="org.mozilla.javascript.tests.MozillaSuiteTest" time="0.229"/>
  <testcase name="runMozillaTest[3754, js=testsrc/tests/js1_5/LexicalConventions/lexical-001.js, opt=0]" classname="org.mozilla.javascript.tests.MozillaSuiteTest" time="0.035"/>
  <testcase name="runMozillaTest[3755, js=testsrc/tests/js1_5/LexicalConventions/regress-177314.js, opt=0]" classname="org.mozilla.javascript.tests.MozillaSuiteTest" time="0.009"/>
  <testcase name="runMozillaTest[3756, js=testsrc/tests/js1_5/LexicalConventions/regress-469940.js, opt=0]" classname="org.mozilla.javascript.tests.MozillaSuiteTest" time="0.02"/>
  <testcase name="runMozillaTest[3757, js=testsrc/tests/js1_5/Object/regress-137000.js, opt=0]" classname="org.mozilla.javascript.tests.MozillaSuiteTest" time="0.031"/>
  <testcase name="runMozillaTest[3758, js=testsrc/tests/js1_5/Object/regress-192105.js, opt=0]" classname="org.mozilla.javascript.tests.MozillaSuiteTest" time="0.009"/>
  <testcase name="runMozillaTest[3759, js=testsrc/tests/js1_5/Object/regress-338709.js, opt=0]" classname="org.mozilla.javascript.tests.MozillaSuiteTest" time="0.012"/>
  <testcase name="runMozillaTest[3760, js=testsrc/tests/js1_5/Object/regress-382503.js, opt=0]" classname="org.mozilla.javascript.tests.MozillaSuiteTest" time="0.021"/>
  <testcase name="runMozillaTest[3761, js=testsrc/tests/js1_5/Object/regress-382532.js, opt=0]" classname="org.mozilla.javascript.tests.MozillaSuiteTest" time="0.002"/>
  <testcase name="runMozillaTest[3762, js=testsrc/tests/js1_5/Object/regress-465476.js, opt=0]" classname="org.mozilla.javascript.tests.MozillaSuiteTest" time="0.024"/>
  <testcase name="runMozillaTest[3763, js=testsrc/tests/js1_5/Object/regress-90596-003.js, opt=0]" classname="org.mozilla.javascript.tests.MozillaSuiteTest" time="0.036"/>
  <testcase name="runMozillaTest[3764, js=testsrc/tests/js1_5/Regress/regress-102725.js, opt=0]" classname="org.mozilla.javascript.tests.MozillaSuiteTest" time="0.044"/>
  <testcase name="runMozillaTest[3765, js=testsrc/tests/js1_5/Regress/regress-10278.js, opt=0]" classname="org.mozilla.javascript.tests.MozillaSuiteTest" time="0.014"/>
  <testcase name="runMozillaTest[3766, js=testsrc/tests/js1_5/Regress/regress-104077.js, opt=0]" classname="org.mozilla.javascript.tests.MozillaSuiteTest" time="0.072"/>
  <testcase name="runMozillaTest[3767, js=testsrc/tests/js1_5/Regress/regress-110286.js, opt=0]" classname="org.mozilla.javascript.tests.MozillaSuiteTest" time="0.034"/>
  <testcase name="runMozillaTest[3768, js=testsrc/tests/js1_5/Regress/regress-114491.js, opt=0]" classname="org.mozilla.javascript.tests.MozillaSuiteTest" time="0.004"/>
  <testcase name="runMozillaTest[3769, js=testsrc/tests/js1_5/Regress/regress-114493.js, opt=0]" classname="org.mozilla.javascript.tests.MozillaSuiteTest" time="0.019"/>
  <testcase name="runMozillaTest[3770, js=testsrc/tests/js1_5/Regress/regress-115436.js, opt=0]" classname="org.mozilla.javascript.tests.MozillaSuiteTest" time="0.014"/>
  <testcase name="runMozillaTest[3771, js=testsrc/tests/js1_5/Regress/regress-116228.js, opt=0]" classname="org.mozilla.javascript.tests.MozillaSuiteTest" time="0.004"/>
  <testcase name="runMozillaTest[3772, js=testsrc/tests/js1_5/Regress/regress-118849.js, opt=0]" classname="org.mozilla.javascript.tests.MozillaSuiteTest" time="0.026"/>
  <testcase name="runMozillaTest[3773, js=testsrc/tests/js1_5/Regress/regress-127243.js, opt=0]" classname="org.mozilla.javascript.tests.MozillaSuiteTest" time="0.046"/>
  <testcase name="runMozillaTest[3774, js=testsrc/tests/js1_5/Regress/regress-127557.js, opt=0]" classname="org.mozilla.javascript.tests.MozillaSuiteTest" time="0.018"/>
  <testcase name="runMozillaTest[3775, js=testsrc/tests/js1_5/Regress/regress-131510-001.js, opt=0]" classname="org.mozilla.javascript.tests.MozillaSuiteTest" time="0.008"/>
  <testcase name="runMozillaTest[3776, js=testsrc/tests/js1_5/Regress/regress-139316.js, opt=0]" classname="org.mozilla.javascript.tests.MozillaSuiteTest" time="0.03"/>
  <testcase name="runMozillaTest[3777, js=testsrc/tests/js1_5/Regress/regress-140852.js, opt=0]" classname="org.mozilla.javascript.tests.MozillaSuiteTest" time="0.003"/>
  <testcase name="runMozillaTest[3778, js=testsrc/tests/js1_5/Regress/regress-140974.js, opt=0]" classname="org.mozilla.javascript.tests.MozillaSuiteTest" time="0.011"/>
  <testcase name="runMozillaTest[3779, js=testsrc/tests/js1_5/Regress/regress-146596.js, opt=0]" classname="org.mozilla.javascript.tests.MozillaSuiteTest" time="0.036"/>
  <testcase name="runMozillaTest[3780, js=testsrc/tests/js1_5/Regress/regress-152646.js, opt=0]" classname="org.mozilla.javascript.tests.MozillaSuiteTest" time="0.005"/>
  <testcase name="runMozillaTest[3781, js=testsrc/tests/js1_5/Regress/regress-156354.js, opt=0]" classname="org.mozilla.javascript.tests.MozillaSuiteTest" time="0.015"/>
  <testcase name="runMozillaTest[3782, js=testsrc/tests/js1_5/Regress/regress-159334.js, opt=0]" classname="org.mozilla.javascript.tests.MozillaSuiteTest" time="1.363"/>
  <testcase name="runMozillaTest[3783, js=testsrc/tests/js1_5/Regress/regress-162392.js, opt=0]" classname="org.mozilla.javascript.tests.MozillaSuiteTest" time="0.036"/>
  <testcase name="runMozillaTest[3784, js=testsrc/tests/js1_5/Regress/regress-165201.js, opt=0]" classname="org.mozilla.javascript.tests.MozillaSuiteTest" time="0.003"/>
  <testcase name="runMozillaTest[3785, js=testsrc/tests/js1_5/Regress/regress-167658.js, opt=0]" classname="org.mozilla.javascript.tests.MozillaSuiteTest" time="0.027"/>
  <testcase name="runMozillaTest[3786, js=testsrc/tests/js1_5/Regress/regress-168347.js, opt=0]" classname="org.mozilla.javascript.tests.MozillaSuiteTest" time="0.01"/>
  <testcase name="runMozillaTest[3787, js=testsrc/tests/js1_5/Regress/regress-170193.js, opt=0]" classname="org.mozilla.javascript.tests.MozillaSuiteTest" time="0.03"/>
  <testcase name="runMozillaTest[3788, js=testsrc/tests/js1_5/Regress/regress-174709.js, opt=0]" classname="org.mozilla.javascript.tests.MozillaSuiteTest" time="0.05"/>
  <testcase name="runMozillaTest[3789, js=testsrc/tests/js1_5/Regress/regress-176125.js, opt=0]" classname="org.mozilla.javascript.tests.MozillaSuiteTest" time="0.003"/>
  <testcase name="runMozillaTest[3790, js=testsrc/tests/js1_5/Regress/regress-179524.js, opt=0]" classname="org.mozilla.javascript.tests.MozillaSuiteTest" time="0.049"/>
  <testcase name="runMozillaTest[3791, js=testsrc/tests/js1_5/Regress/regress-185165.js, opt=0]" classname="org.mozilla.javascript.tests.MozillaSuiteTest" time="0.005"/>
  <testcase name="runMozillaTest[3792, js=testsrc/tests/js1_5/Regress/regress-191633.js, opt=0]" classname="org.mozilla.javascript.tests.MozillaSuiteTest" time="0.173"/>
  <testcase name="runMozillaTest[3793, js=testsrc/tests/js1_5/Regress/regress-191668.js, opt=0]" classname="org.mozilla.javascript.tests.MozillaSuiteTest" time="0.037"/>
  <testcase name="runMozillaTest[3794, js=testsrc/tests/js1_5/Regress/regress-192414.js, opt=0]" classname="org.mozilla.javascript.tests.MozillaSuiteTest" time="0.05"/>
  <testcase name="runMozillaTest[3795, js=testsrc/tests/js1_5/Regress/regress-193418.js, opt=0]" classname="org.mozilla.javascript.tests.MozillaSuiteTest" time="0.033"/>
  <testcase name="runMozillaTest[3796, js=testsrc/tests/js1_5/Regress/regress-203402.js, opt=0]" classname="org.mozilla.javascript.tests.MozillaSuiteTest" time="0.01"/>
  <testcase name="runMozillaTest[3797, js=testsrc/tests/js1_5/Regress/regress-203841.js, opt=0]" classname="org.mozilla.javascript.tests.MozillaSuiteTest" time="0.03"/>
  <testcase name="runMozillaTest[3798, js=testsrc/tests/js1_5/Regress/regress-204210.js, opt=0]" classname="org.mozilla.javascript.tests.MozillaSuiteTest" time="0.008"/>
  <testcase name="runMozillaTest[3799, js=testsrc/tests/js1_5/Regress/regress-210682.js, opt=0]" classname="org.mozilla.javascript.tests.MozillaSuiteTest" time="0.032"/>
  <testcase name="runMozillaTest[3800, js=testsrc/tests/js1_5/Regress/regress-211590.js, opt=0]" classname="org.mozilla.javascript.tests.MozillaSuiteTest" time="0.063"/>
  <testcase name="runMozillaTest[3801, js=testsrc/tests/js1_5/Regress/regress-214761.js, opt=0]" classname="org.mozilla.javascript.tests.MozillaSuiteTest" time="0.004"/>
  <testcase name="runMozillaTest[3802, js=testsrc/tests/js1_5/Regress/regress-216320.js, opt=0]" classname="org.mozilla.javascript.tests.MozillaSuiteTest" time="0.121"/>
  <testcase name="runMozillaTest[3803, js=testsrc/tests/js1_5/Regress/regress-224956.js, opt=0]" classname="org.mozilla.javascript.tests.MozillaSuiteTest" time="0.041"/>
  <testcase name="runMozillaTest[3804, js=testsrc/tests/js1_5/Regress/regress-229006.js, opt=0]" classname="org.mozilla.javascript.tests.MozillaSuiteTest" time="0.003"/>
  <testcase name="runMozillaTest[3805, js=testsrc/tests/js1_5/Regress/regress-230216-1.js, opt=0]" classname="org.mozilla.javascript.tests.MozillaSuiteTest" time="0.002"/>
  <testcase name="runMozillaTest[3806, js=testsrc/tests/js1_5/Regress/regress-230216-2.js, opt=0]" classname="org.mozilla.javascript.tests.MozillaSuiteTest" time="0.028"/>
  <testcase name="runMozillaTest[3807, js=testsrc/tests/js1_5/Regress/regress-230216-3.js, opt=0]" classname="org.mozilla.javascript.tests.MozillaSuiteTest" time="0.003"/>
  <testcase name="runMozillaTest[3808, js=testsrc/tests/js1_5/Regress/regress-233483-2.js, opt=0]" classname="org.mozilla.javascript.tests.MozillaSuiteTest" time="0.011"/>
  <testcase name="runMozillaTest[3809, js=testsrc/tests/js1_5/Regress/regress-233483.js, opt=0]" classname="org.mozilla.javascript.tests.MozillaSuiteTest" time="0.032"/>
  <testcase name="runMozillaTest[3810, js=testsrc/tests/js1_5/Regress/regress-238881.js, opt=0]" classname="org.mozilla.javascript.tests.MozillaSuiteTest" time="0.003"/>
  <testcase name="runMozillaTest[3811, js=testsrc/tests/js1_5/Regress/regress-238945.js, opt=0]" classname="org.mozilla.javascript.tests.MozillaSuiteTest" time="0.027"/>
  <testcase name="runMozillaTest[3812, js=testsrc/tests/js1_5/Regress/regress-243174.js, opt=0]" classname="org.mozilla.javascript.tests.MozillaSuiteTest" time="0.004"/>
  <testcase name="runMozillaTest[3813, js=testsrc/tests/js1_5/Regress/regress-243389-n.js, opt=0]" classname="org.mozilla.javascript.tests.MozillaSuiteTest" time="0.015"/>
  <testcase name="runMozillaTest[3814, js=testsrc/tests/js1_5/Regress/regress-243869.js, opt=0]" classname="org.mozilla.javascript.tests.MozillaSuiteTest" time="0.019"/>
  <testcase name="runMozillaTest[3815, js=testsrc/tests/js1_5/Regress/regress-244619.js, opt=0]" classname="org.mozilla.javascript.tests.MozillaSuiteTest" time="0.003"/>
  <testcase name="runMozillaTest[3816, js=testsrc/tests/js1_5/Regress/regress-245113.js, opt=0]" classname="org.mozilla.javascript.tests.MozillaSuiteTest" time="0.017"/>
  <testcase name="runMozillaTest[3817, js=testsrc/tests/js1_5/Regress/regress-245308.js, opt=0]" classname="org.mozilla.javascript.tests.MozillaSuiteTest" time="0.006"/>
  <testcase name="runMozillaTest[3818, js=testsrc/tests/js1_5/Regress/regress-246911.js, opt=0]" classname="org.mozilla.javascript.tests.MozillaSuiteTest" time="0.017"/>
  <testcase name="runMozillaTest[3819, js=testsrc/tests/js1_5/Regress/regress-246964.js, opt=0]" classname="org.mozilla.javascript.tests.MozillaSuiteTest" time="0.021"/>
  <testcase name="runMozillaTest[3820, js=testsrc/tests/js1_5/Regress/regress-247179.js, opt=0]" classname="org.mozilla.javascript.tests.MozillaSuiteTest" time="0.017"/>
  <testcase name="runMozillaTest[3821, js=testsrc/tests/js1_5/Regress/regress-248444.js, opt=0]" classname="org.mozilla.javascript.tests.MozillaSuiteTest" time="0.016"/>
  <testcase name="runMozillaTest[3822, js=testsrc/tests/js1_5/Regress/regress-253150.js, opt=0]" classname="org.mozilla.javascript.tests.MozillaSuiteTest" time="0.004"/>
  <testcase name="runMozillaTest[3823, js=testsrc/tests/js1_5/Regress/regress-254296.js, opt=0]" classname="org.mozilla.javascript.tests.MozillaSuiteTest" time="0.014"/>
  <testcase name="runMozillaTest[3824, js=testsrc/tests/js1_5/Regress/regress-254974.js, opt=0]" classname="org.mozilla.javascript.tests.MozillaSuiteTest" time="0.003"/>
  <testcase name="runMozillaTest[3825, js=testsrc/tests/js1_5/Regress/regress-256501.js, opt=0]" classname="org.mozilla.javascript.tests.MozillaSuiteTest" time="1.007"/>
  <testcase name="runMozillaTest[3826, js=testsrc/tests/js1_5/Regress/regress-256617.js, opt=0]" classname="org.mozilla.javascript.tests.MozillaSuiteTest" time="0.019"/>
  <testcase name="runMozillaTest[3827, js=testsrc/tests/js1_5/Regress/regress-256798.js, opt=0]" classname="org.mozilla.javascript.tests.MozillaSuiteTest" time="0.002"/>
  <testcase name="runMozillaTest[3828, js=testsrc/tests/js1_5/Regress/regress-259935.js, opt=0]" classname="org.mozilla.javascript.tests.MozillaSuiteTest" time="0.003"/>
  <testcase name="runMozillaTest[3829, js=testsrc/tests/js1_5/Regress/regress-260541.js, opt=0]" classname="org.mozilla.javascript.tests.MozillaSuiteTest" time="0.013"/>
  <testcase name="runMozillaTest[3830, js=testsrc/tests/js1_5/Regress/regress-261886.js, opt=0]" classname="org.mozilla.javascript.tests.MozillaSuiteTest" time="0.002"/>
  <testcase name="runMozillaTest[3831, js=testsrc/tests/js1_5/Regress/regress-261887.js, opt=0]" classname="org.mozilla.javascript.tests.MozillaSuiteTest" time="0.016"/>
  <testcase name="runMozillaTest[3832, js=testsrc/tests/js1_5/Regress/regress-274035.js, opt=0]" classname="org.mozilla.javascript.tests.MozillaSuiteTest" time="0.003"/>
  <testcase name="runMozillaTest[3833, js=testsrc/tests/js1_5/Regress/regress-274888.js, opt=0]" classname="org.mozilla.javascript.tests.MozillaSuiteTest" time="0.048"/>
  <testcase name="runMozillaTest[3834, js=testsrc/tests/js1_5/Regress/regress-275378.js, opt=0]" classname="org.mozilla.javascript.tests.MozillaSuiteTest" time="0.026"/>
  <testcase name="runMozillaTest[3835, js=testsrc/tests/js1_5/Regress/regress-276103.js, opt=0]" classname="org.mozilla.javascript.tests.MozillaSuiteTest" time="0.013"/>
  <testcase name="runMozillaTest[3836, js=testsrc/tests/js1_5/Regress/regress-278873.js, opt=0]" classname="org.mozilla.javascript.tests.MozillaSuiteTest" time="0.003"/>
  <testcase name="runMozillaTest[3837, js=testsrc/tests/js1_5/Regress/regress-280769-3.js, opt=0]" classname="org.mozilla.javascript.tests.MozillaSuiteTest" time="0.679"/>
  <testcase name="runMozillaTest[3838, js=testsrc/tests/js1_5/Regress/regress-280769-4.js, opt=0]" classname="org.mozilla.javascript.tests.MozillaSuiteTest" time="0.247"/>
  <testcase name="runMozillaTest[3839, js=testsrc/tests/js1_5/Regress/regress-281487.js, opt=0]" classname="org.mozilla.javascript.tests.MozillaSuiteTest" time="0.01"/>
  <testcase name="runMozillaTest[3840, js=testsrc/tests/js1_5/Regress/regress-281930.js, opt=0]" classname="org.mozilla.javascript.tests.MozillaSuiteTest" time="0.031"/>
  <testcase name="runMozillaTest[3841, js=testsrc/tests/js1_5/Regress/regress-283477.js, opt=0]" classname="org.mozilla.javascript.tests.MozillaSuiteTest" time="0.002"/>
  <testcase name="runMozillaTest[3842, js=testsrc/tests/js1_5/Regress/regress-286216.js, opt=0]" classname="org.mozilla.javascript.tests.MozillaSuiteTest" time="0.003"/>
  <testcase name="runMozillaTest[3843, js=testsrc/tests/js1_5/Regress/regress-288688.js, opt=0]" classname="org.mozilla.javascript.tests.MozillaSuiteTest" time="0.015"/>
  <testcase name="runMozillaTest[3844, js=testsrc/tests/js1_5/Regress/regress-289094.js, opt=0]" classname="org.mozilla.javascript.tests.MozillaSuiteTest" time="0.009"/>
  <testcase name="runMozillaTest[3845, js=testsrc/tests/js1_5/Regress/regress-290656.js, opt=0]" classname="org.mozilla.javascript.tests.MozillaSuiteTest" time="0.014"/>
  <testcase name="runMozillaTest[3846, js=testsrc/tests/js1_5/Regress/regress-294191.js, opt=0]" classname="org.mozilla.javascript.tests.MozillaSuiteTest" time="0.015"/>
  <testcase name="runMozillaTest[3847, js=testsrc/tests/js1_5/Regress/regress-294195-01.js, opt=0]" classname="org.mozilla.javascript.tests.MozillaSuiteTest" time="0.003"/>
  <testcase name="runMozillaTest[3848, js=testsrc/tests/js1_5/Regress/regress-294195-02.js, opt=0]" classname="org.mozilla.javascript.tests.MozillaSuiteTest" time="0.013"/>
  <testcase name="runMozillaTest[3849, js=testsrc/tests/js1_5/Regress/regress-294302.js, opt=0]" classname="org.mozilla.javascript.tests.MozillaSuiteTest" time="0.002"/>
  <testcase name="runMozillaTest[3850, js=testsrc/tests/js1_5/Regress/regress-295052.js, opt=0]" classname="org.mozilla.javascript.tests.MozillaSuiteTest" time="0.014"/>
  <testcase name="runMozillaTest[3851, js=testsrc/tests/js1_5/Regress/regress-295666.js, opt=0]" classname="org.mozilla.javascript.tests.MozillaSuiteTest" time="0.038"/>
  <testcase name="runMozillaTest[3852, js=testsrc/tests/js1_5/Regress/regress-299209.js, opt=0]" classname="org.mozilla.javascript.tests.MozillaSuiteTest" time="0.05"/>
  <testcase name="runMozillaTest[3853, js=testsrc/tests/js1_5/Regress/regress-299641.js, opt=0]" classname="org.mozilla.javascript.tests.MozillaSuiteTest" time="0.003"/>
  <testcase name="runMozillaTest[3854, js=testsrc/tests/js1_5/Regress/regress-306633.js, opt=0]" classname="org.mozilla.javascript.tests.MozillaSuiteTest" time="0.002"/>
  <testcase name="runMozillaTest[3855, js=testsrc/tests/js1_5/Regress/regress-306727.js, opt=0]" classname="org.mozilla.javascript.tests.MozillaSuiteTest" time="0.017"/>
  <testcase name="runMozillaTest[3856, js=testsrc/tests/js1_5/Regress/regress-306794.js, opt=0]" classname="org.mozilla.javascript.tests.MozillaSuiteTest" time="0.02"/>
  <testcase name="runMozillaTest[3857, js=testsrc/tests/js1_5/Regress/regress-308566.js, opt=0]" classname="org.mozilla.javascript.tests.MozillaSuiteTest" time="0.002"/>
  <testcase name="runMozillaTest[3858, js=testsrc/tests/js1_5/Regress/regress-310295.js, opt=0]" classname="org.mozilla.javascript.tests.MozillaSuiteTest" time="0.002"/>
  <testcase name="runMozillaTest[3859, js=testsrc/tests/js1_5/Regress/regress-310607.js, opt=0]" classname="org.mozilla.javascript.tests.MozillaSuiteTest" time="0.016"/>
  <testcase name="runMozillaTest[3860, js=testsrc/tests/js1_5/Regress/regress-310993.js, opt=0]" classname="org.mozilla.javascript.tests.MozillaSuiteTest" time="0.019"/>
  <testcase name="runMozillaTest[3861, js=testsrc/tests/js1_5/Regress/regress-311071.js, opt=0]" classname="org.mozilla.javascript.tests.MozillaSuiteTest" time="0.017"/>
  <testcase name="runMozillaTest[3862, js=testsrc/tests/js1_5/Regress/regress-311629.js, opt=0]" classname="org.mozilla.javascript.tests.MozillaSuiteTest" time="0.061"/>
  <testcase name="runMozillaTest[3863, js=testsrc/tests/js1_5/Regress/regress-312260.js, opt=0]" classname="org.mozilla.javascript.tests.MozillaSuiteTest" time="0.003"/>
  <testcase name="runMozillaTest[3864, js=testsrc/tests/js1_5/Regress/regress-31255.js, opt=0]" classname="org.mozilla.javascript.tests.MozillaSuiteTest" time="0.003"/>
  <testcase name="runMozillaTest[3865, js=testsrc/tests/js1_5/Regress/regress-314401.js, opt=0]" classname="org.mozilla.javascript.tests.MozillaSuiteTest" time="0.034"/>
  <testcase name="runMozillaTest[3866, js=testsrc/tests/js1_5/Regress/regress-315990.js, opt=0]" classname="org.mozilla.javascript.tests.MozillaSuiteTest" time="0.004"/>
  <testcase name="runMozillaTest[3867, js=testsrc/tests/js1_5/Regress/regress-317476.js, opt=0]" classname="org.mozilla.javascript.tests.MozillaSuiteTest" time="0.002"/>
  <testcase name="runMozillaTest[3868, js=testsrc/tests/js1_5/Regress/regress-317714-01.js, opt=0]" classname="org.mozilla.javascript.tests.MozillaSuiteTest" time="0.002"/>
  <testcase name="runMozillaTest[3869, js=testsrc/tests/js1_5/Regress/regress-317714-02.js, opt=0]" classname="org.mozilla.javascript.tests.MozillaSuiteTest" time="0.023"/>
  <testcase name="runMozillaTest[3870, js=testsrc/tests/js1_5/Regress/regress-319384.js, opt=0]" classname="org.mozilla.javascript.tests.MozillaSuiteTest" time="0.01"/>
  <testcase name="runMozillaTest[3871, js=testsrc/tests/js1_5/Regress/regress-319391.js, opt=0]" classname="org.mozilla.javascript.tests.MozillaSuiteTest" time="0.003"/>
  <testcase name="runMozillaTest[3872, js=testsrc/tests/js1_5/Regress/regress-320032.js, opt=0]" classname="org.mozilla.javascript.tests.MozillaSuiteTest" time="0.017"/>
  <testcase name="runMozillaTest[3873, js=testsrc/tests/js1_5/Regress/regress-321757.js, opt=0]" classname="org.mozilla.javascript.tests.MozillaSuiteTest" time="0.03"/>
  <testcase name="runMozillaTest[3874, js=testsrc/tests/js1_5/Regress/regress-321874.js, opt=0]" classname="org.mozilla.javascript.tests.MozillaSuiteTest" time="0.057"/>
  <testcase name="runMozillaTest[3875, js=testsrc/tests/js1_5/Regress/regress-321971.js, opt=0]" classname="org.mozilla.javascript.tests.MozillaSuiteTest" time="0.961"/>
  <testcase name="runMozillaTest[3876, js=testsrc/tests/js1_5/Regress/regress-322430.js, opt=0]" classname="org.mozilla.javascript.tests.MozillaSuiteTest" time="0.016"/>
  <testcase name="runMozillaTest[3877, js=testsrc/tests/js1_5/Regress/regress-325925.js, opt=0]" classname="org.mozilla.javascript.tests.MozillaSuiteTest" time="0.006"/>
  <testcase name="runMozillaTest[3878, js=testsrc/tests/js1_5/Regress/regress-326453.js, opt=0]" classname="org.mozilla.javascript.tests.MozillaSuiteTest" time="0.026"/>
  <testcase name="runMozillaTest[3879, js=testsrc/tests/js1_5/Regress/regress-326467.js, opt=0]" classname="org.mozilla.javascript.tests.MozillaSuiteTest" time="0.013"/>
  <testcase name="runMozillaTest[3880, js=testsrc/tests/js1_5/Regress/regress-328012.js, opt=0]" classname="org.mozilla.javascript.tests.MozillaSuiteTest" time="0.003"/>
  <testcase name="runMozillaTest[3881, js=testsrc/tests/js1_5/Regress/regress-328897.js, opt=0]" classname="org.mozilla.javascript.tests.MozillaSuiteTest" time="0.017"/>
  <testcase name="runMozillaTest[3882, js=testsrc/tests/js1_5/Regress/regress-329383.js, opt=0]" classname="org.mozilla.javascript.tests.MozillaSuiteTest" time="0.01"/>
  <testcase name="runMozillaTest[3883, js=testsrc/tests/js1_5/Regress/regress-330951.js, opt=0]" classname="org.mozilla.javascript.tests.MozillaSuiteTest" time="0.022"/>
  <testcase name="runMozillaTest[3884, js=testsrc/tests/js1_5/Regress/regress-334807-01.js, opt=0]" classname="org.mozilla.javascript.tests.MozillaSuiteTest" time="0.002"/>
  <testcase name="runMozillaTest[3885, js=testsrc/tests/js1_5/Regress/regress-334807-02.js, opt=0]" classname="org.mozilla.javascript.tests.MozillaSuiteTest" time="0.023"/>
  <testcase name="runMozillaTest[3886, js=testsrc/tests/js1_5/Regress/regress-334807-03.js, opt=0]" classname="org.mozilla.javascript.tests.MozillaSuiteTest" time="0.007"/>
  <testcase name="runMozillaTest[3887, js=testsrc/tests/js1_5/Regress/regress-334807-04.js, opt=0]" classname="org.mozilla.javascript.tests.MozillaSuiteTest" time="0.02"/>
  <testcase name="runMozillaTest[3888, js=testsrc/tests/js1_5/Regress/regress-334807-05.js, opt=0]" classname="org.mozilla.javascript.tests.MozillaSuiteTest" time="0.095"/>
  <testcase name="runMozillaTest[3889, js=testsrc/tests/js1_5/Regress/regress-334807-06.js, opt=0]" classname="org.mozilla.javascript.tests.MozillaSuiteTest" time="0.004"/>
  <testcase name="runMozillaTest[3890, js=testsrc/tests/js1_5/Regress/regress-338307.js, opt=0]" classname="org.mozilla.javascript.tests.MozillaSuiteTest" time="0.003"/>
  <testcase name="runMozillaTest[3891, js=testsrc/tests/js1_5/Regress/regress-340369.js, opt=0]" classname="org.mozilla.javascript.tests.MozillaSuiteTest" time="0.024"/>
  <testcase name="runMozillaTest[3892, js=testsrc/tests/js1_5/Regress/regress-341360.js, opt=0]" classname="org.mozilla.javascript.tests.MozillaSuiteTest" time="0.003"/>
  <testcase name="runMozillaTest[3893, js=testsrc/tests/js1_5/Regress/regress-343713.js, opt=0]" classname="org.mozilla.javascript.tests.MozillaSuiteTest" time="0.009"/>
  <testcase name="runMozillaTest[3894, js=testsrc/tests/js1_5/Regress/regress-343966.js, opt=0]" classname="org.mozilla.javascript.tests.MozillaSuiteTest" time="0.018"/>
  <testcase name="runMozillaTest[3895, js=testsrc/tests/js1_5/Regress/regress-344711-n.js, opt=0]" classname="org.mozilla.javascript.tests.MozillaSuiteTest" time="0.003"/>
  <testcase name="runMozillaTest[3896, js=testsrc/tests/js1_5/Regress/regress-344804.js, opt=0]" classname="org.mozilla.javascript.tests.MozillaSuiteTest" time="0.016"/>
  <testcase name="runMozillaTest[3897, js=testsrc/tests/js1_5/Regress/regress-344959.js, opt=0]" classname="org.mozilla.javascript.tests.MozillaSuiteTest" time="0.009"/>
  <testcase name="runMozillaTest[3898, js=testsrc/tests/js1_5/Regress/regress-346237.js, opt=0]" classname="org.mozilla.javascript.tests.MozillaSuiteTest" time="0.043"/>
  <testcase name="runMozillaTest[3899, js=testsrc/tests/js1_5/Regress/regress-346801.js, opt=0]" classname="org.mozilla.javascript.tests.MozillaSuiteTest" time="0.004"/>
  <testcase name="runMozillaTest[3900, js=testsrc/tests/js1_5/Regress/regress-349482-01.js, opt=0]" classname="org.mozilla.javascript.tests.MozillaSuiteTest" time="0.015"/>
  <testcase name="runMozillaTest[3901, js=testsrc/tests/js1_5/Regress/regress-349482-02.js, opt=0]" classname="org.mozilla.javascript.tests.MozillaSuiteTest" time="0.021"/>
  <testcase name="runMozillaTest[3902, js=testsrc/tests/js1_5/Regress/regress-349592.js, opt=0]" classname="org.mozilla.javascript.tests.MozillaSuiteTest" time="0.003"/>
  <testcase name="runMozillaTest[3903, js=testsrc/tests/js1_5/Regress/regress-350253.js, opt=0]" classname="org.mozilla.javascript.tests.MozillaSuiteTest" time="0.017"/>
  <testcase name="runMozillaTest[3904, js=testsrc/tests/js1_5/Regress/regress-350312.js, opt=0]" classname="org.mozilla.javascript.tests.MozillaSuiteTest" time="0.018"/>
  <testcase name="runMozillaTest[3905, js=testsrc/tests/js1_5/Regress/regress-350415.js, opt=0]" classname="org.mozilla.javascript.tests.MozillaSuiteTest" time="0.021"/>
  <testcase name="runMozillaTest[3906, js=testsrc/tests/js1_5/Regress/regress-350529.js, opt=0]" classname="org.mozilla.javascript.tests.MozillaSuiteTest" time="0.003"/>
  <testcase name="runMozillaTest[3907, js=testsrc/tests/js1_5/Regress/regress-351116.js, opt=0]" classname="org.mozilla.javascript.tests.MozillaSuiteTest" time="0.003"/>
  <testcase name="runMozillaTest[3908, js=testsrc/tests/js1_5/Regress/regress-351515.js, opt=0]" classname="org.mozilla.javascript.tests.MozillaSuiteTest" time="0.016"/>
  <testcase name="runMozillaTest[3909, js=testsrc/tests/js1_5/Regress/regress-352009.js, opt=0]" classname="org.mozilla.javascript.tests.MozillaSuiteTest" time="0.017"/>
  <testcase name="runMozillaTest[3910, js=testsrc/tests/js1_5/Regress/regress-352208.js, opt=0]" classname="org.mozilla.javascript.tests.MozillaSuiteTest" time="0.003"/>
  <testcase name="runMozillaTest[3911, js=testsrc/tests/js1_5/Regress/regress-355829-01.js, opt=0]" classname="org.mozilla.javascript.tests.MozillaSuiteTest" time="0.017"/>
  <testcase name="runMozillaTest[3912, js=testsrc/tests/js1_5/Regress/regress-355829-02.js, opt=0]" classname="org.mozilla.javascript.tests.MozillaSuiteTest" time="0.006"/>
  <testcase name="runMozillaTest[3913, js=testsrc/tests/js1_5/Regress/regress-355829-03.js, opt=0]" classname="org.mozilla.javascript.tests.MozillaSuiteTest" time="0.019"/>
  <testcase name="runMozillaTest[3914, js=testsrc/tests/js1_5/Regress/regress-356250.js, opt=0]" classname="org.mozilla.javascript.tests.MozillaSuiteTest" time="0.023"/>
  <testcase name="runMozillaTest[3915, js=testsrc/tests/js1_5/Regress/regress-360969-01.js, opt=0]" classname="org.mozilla.javascript.tests.MozillaSuiteTest" time="1.778"/>
  <testcase name="runMozillaTest[3916, js=testsrc/tests/js1_5/Regress/regress-360969-02.js, opt=0]" classname="org.mozilla.javascript.tests.MozillaSuiteTest" time="1.132"/>
  <testcase name="runMozillaTest[3917, js=testsrc/tests/js1_5/Regress/regress-360969-03.js, opt=0]" classname="org.mozilla.javascript.tests.MozillaSuiteTest" time="1.873"/>
  <testcase name="runMozillaTest[3918, js=testsrc/tests/js1_5/Regress/regress-360969-04.js, opt=0]" classname="org.mozilla.javascript.tests.MozillaSuiteTest" time="1.729"/>
  <testcase name="runMozillaTest[3919, js=testsrc/tests/js1_5/Regress/regress-366122.js, opt=0]" classname="org.mozilla.javascript.tests.MozillaSuiteTest" time="0.297"/>
  <testcase name="runMozillaTest[3920, js=testsrc/tests/js1_5/Regress/regress-366468.js, opt=0]" classname="org.mozilla.javascript.tests.MozillaSuiteTest" time="0.003"/>
  <testcase name="runMozillaTest[3921, js=testsrc/tests/js1_5/Regress/regress-366601.js, opt=0]" classname="org.mozilla.javascript.tests.MozillaSuiteTest" time="1.098"/>
  <testcase name="runMozillaTest[3922, js=testsrc/tests/js1_5/Regress/regress-367561-01.js, opt=0]" classname="org.mozilla.javascript.tests.MozillaSuiteTest" time="0.868"/>
  <testcase name="runMozillaTest[3923, js=testsrc/tests/js1_5/Regress/regress-379245.js, opt=0]" classname="org.mozilla.javascript.tests.MozillaSuiteTest" time="0.004"/>
  <testcase name="runMozillaTest[3924, js=testsrc/tests/js1_5/Regress/regress-383674.js, opt=0]" classname="org.mozilla.javascript.tests.MozillaSuiteTest" time="0.009"/>
  <testcase name="runMozillaTest[3925, js=testsrc/tests/js1_5/Regress/regress-387951-01.js, opt=0]" classname="org.mozilla.javascript.tests.MozillaSuiteTest" time="0.01"/>
  <testcase name="runMozillaTest[3926, js=testsrc/tests/js1_5/Regress/regress-387951-02.js, opt=0]" classname="org.mozilla.javascript.tests.MozillaSuiteTest" time="0.004"/>
  <testcase name="runMozillaTest[3927, js=testsrc/tests/js1_5/Regress/regress-387951-03.js, opt=0]" classname="org.mozilla.javascript.tests.MozillaSuiteTest" time="0.014"/>
  <testcase name="runMozillaTest[3928, js=testsrc/tests/js1_5/Regress/regress-39309.js, opt=0]" classname="org.mozilla.javascript.tests.MozillaSuiteTest" time="0.003"/>
  <testcase name="runMozillaTest[3929, js=testsrc/tests/js1_5/Regress/regress-396684.js, opt=0]" classname="org.mozilla.javascript.tests.MozillaSuiteTest" time="0.018"/>
  <testcase name="runMozillaTest[3930, js=testsrc/tests/js1_5/Regress/regress-398609.js, opt=0]" classname="org.mozilla.javascript.tests.MozillaSuiteTest" time="0.017"/>
  <testcase name="runMozillaTest[3931, js=testsrc/tests/js1_5/Regress/regress-406769.js, opt=0]" classname="org.mozilla.javascript.tests.MozillaSuiteTest" time="0.033"/>
  <testcase name="runMozillaTest[3932, js=testsrc/tests/js1_5/Regress/regress-407024.js, opt=0]" classname="org.mozilla.javascript.tests.MozillaSuiteTest" time="0.003"/>
  <testcase name="runMozillaTest[3933, js=testsrc/tests/js1_5/Regress/regress-407323.js, opt=0]" classname="org.mozilla.javascript.tests.MozillaSuiteTest" time="0.005"/>
  <testcase name="runMozillaTest[3934, js=testsrc/tests/js1_5/Regress/regress-407957.js, opt=0]" classname="org.mozilla.javascript.tests.MozillaSuiteTest" time="0.03"/>
  <testcase name="runMozillaTest[3935, js=testsrc/tests/js1_5/Regress/regress-416737-01.js, opt=0]" classname="org.mozilla.javascript.tests.MozillaSuiteTest" time="0.017"/>
  <testcase name="runMozillaTest[3936, js=testsrc/tests/js1_5/Regress/regress-416737-02.js, opt=0]" classname="org.mozilla.javascript.tests.MozillaSuiteTest" time="0.054"/>
  <testcase name="runMozillaTest[3937, js=testsrc/tests/js1_5/Regress/regress-417893.js, opt=0]" classname="org.mozilla.javascript.tests.MozillaSuiteTest" time="0.02"/>
  <testcase name="runMozillaTest[3938, js=testsrc/tests/js1_5/Regress/regress-418504.js, opt=0]" classname="org.mozilla.javascript.tests.MozillaSuiteTest" time="0.02"/>
  <testcase name="runMozillaTest[3939, js=testsrc/tests/js1_5/Regress/regress-418540.js, opt=0]" classname="org.mozilla.javascript.tests.MozillaSuiteTest" time="0.008"/>
  <testcase name="runMozillaTest[3940, js=testsrc/tests/js1_5/Regress/regress-419018.js, opt=0]" classname="org.mozilla.javascript.tests.MozillaSuiteTest" time="0.008"/>
  <testcase name="runMozillaTest[3941, js=testsrc/tests/js1_5/Regress/regress-419803.js, opt=0]" classname="org.mozilla.javascript.tests.MozillaSuiteTest" time="0.011"/>
  <testcase name="runMozillaTest[3942, js=testsrc/tests/js1_5/Regress/regress-424311.js, opt=0]" classname="org.mozilla.javascript.tests.MozillaSuiteTest" time="0.003"/>
  <testcase name="runMozillaTest[3943, js=testsrc/tests/js1_5/Regress/regress-425360.js, opt=0]" classname="org.mozilla.javascript.tests.MozillaSuiteTest" time="0.003"/>
  <testcase name="runMozillaTest[3944, js=testsrc/tests/js1_5/Regress/regress-428366.js, opt=0]" classname="org.mozilla.javascript.tests.MozillaSuiteTest" time="0.005"/>
  <testcase name="runMozillaTest[3945, js=testsrc/tests/js1_5/Regress/regress-438415-01.js, opt=0]" classname="org.mozilla.javascript.tests.MozillaSuiteTest" time="0.013"/>
  <testcase name="runMozillaTest[3946, js=testsrc/tests/js1_5/Regress/regress-438415-02.js, opt=0]" classname="org.mozilla.javascript.tests.MozillaSuiteTest" time="0.002"/>
  <testcase name="runMozillaTest[3947, js=testsrc/tests/js1_5/Regress/regress-449627.js, opt=0]" classname="org.mozilla.javascript.tests.MozillaSuiteTest" time="0.017"/>
  <testcase name="runMozillaTest[3948, js=testsrc/tests/js1_5/Regress/regress-449666.js, opt=0]" classname="org.mozilla.javascript.tests.MozillaSuiteTest" time="0.004"/>
  <testcase name="runMozillaTest[3949, js=testsrc/tests/js1_5/Regress/regress-450369.js, opt=0]" classname="org.mozilla.javascript.tests.MozillaSuiteTest" time="0.016"/>
  <testcase name="runMozillaTest[3950, js=testsrc/tests/js1_5/Regress/regress-450833.js, opt=0]" classname="org.mozilla.javascript.tests.MozillaSuiteTest" time="0.016"/>
  <testcase name="runMozillaTest[3951, js=testsrc/tests/js1_5/Regress/regress-451884.js, opt=0]" classname="org.mozilla.javascript.tests.MozillaSuiteTest" time="0.005"/>
  <testcase name="runMozillaTest[3952, js=testsrc/tests/js1_5/Regress/regress-451946.js, opt=0]" classname="org.mozilla.javascript.tests.MozillaSuiteTest" time="0.144"/>
  <testcase name="runMozillaTest[3953, js=testsrc/tests/js1_5/Regress/regress-452008.js, opt=0]" classname="org.mozilla.javascript.tests.MozillaSuiteTest" time="0.013"/>
  <testcase name="runMozillaTest[3954, js=testsrc/tests/js1_5/Regress/regress-452170.js, opt=0]" classname="org.mozilla.javascript.tests.MozillaSuiteTest" time="0.033"/>
  <testcase name="runMozillaTest[3955, js=testsrc/tests/js1_5/Regress/regress-452333.js, opt=0]" classname="org.mozilla.javascript.tests.MozillaSuiteTest" time="0.002"/>
  <testcase name="runMozillaTest[3956, js=testsrc/tests/js1_5/Regress/regress-452336.js, opt=0]" classname="org.mozilla.javascript.tests.MozillaSuiteTest" time="0.006"/>
  <testcase name="runMozillaTest[3957, js=testsrc/tests/js1_5/Regress/regress-452346.js, opt=0]" classname="org.mozilla.javascript.tests.MozillaSuiteTest" time="0.03"/>
  <testcase name="runMozillaTest[3958, js=testsrc/tests/js1_5/Regress/regress-452495.js, opt=0]" classname="org.mozilla.javascript.tests.MozillaSuiteTest" time="0.009"/>
  <testcase name="runMozillaTest[3959, js=testsrc/tests/js1_5/Regress/regress-452573-01.js, opt=0]" classname="org.mozilla.javascript.tests.MozillaSuiteTest" time="0.013"/>
  <testcase name="runMozillaTest[3960, js=testsrc/tests/js1_5/Regress/regress-452573-02.js, opt=0]" classname="org.mozilla.javascript.tests.MozillaSuiteTest" time="0.015"/>
  <testcase name="runMozillaTest[3961, js=testsrc/tests/js1_5/Regress/regress-452713.js, opt=0]" classname="org.mozilla.javascript.tests.MozillaSuiteTest" time="0.023"/>
  <testcase name="runMozillaTest[3962, js=testsrc/tests/js1_5/Regress/regress-452724-01.js, opt=0]" classname="org.mozilla.javascript.tests.MozillaSuiteTest" time="0.003"/>
  <testcase name="runMozillaTest[3963, js=testsrc/tests/js1_5/Regress/regress-452724-02.js, opt=0]" classname="org.mozilla.javascript.tests.MozillaSuiteTest" time="0.014"/>
  <testcase name="runMozillaTest[3964, js=testsrc/tests/js1_5/Regress/regress-452742-01.js, opt=0]" classname="org.mozilla.javascript.tests.MozillaSuiteTest" time="0.022"/>
  <testcase name="runMozillaTest[3965, js=testsrc/tests/js1_5/Regress/regress-452742-02.js, opt=0]" classname="org.mozilla.javascript.tests.MozillaSuiteTest" time="0.004"/>
  <testcase name="runMozillaTest[3966, js=testsrc/tests/js1_5/Regress/regress-452853.js, opt=0]" classname="org.mozilla.javascript.tests.MozillaSuiteTest" time="0.004"/>
  <testcase name="runMozillaTest[3967, js=testsrc/tests/js1_5/Regress/regress-452884-01.js, opt=0]" classname="org.mozilla.javascript.tests.MozillaSuiteTest" time="0.027"/>
  <testcase name="runMozillaTest[3968, js=testsrc/tests/js1_5/Regress/regress-452884-02.js, opt=0]" classname="org.mozilla.javascript.tests.MozillaSuiteTest" time="0.003"/>
  <testcase name="runMozillaTest[3969, js=testsrc/tests/js1_5/Regress/regress-453024.js, opt=0]" classname="org.mozilla.javascript.tests.MozillaSuiteTest" time="0.021"/>
  <testcase name="runMozillaTest[3970, js=testsrc/tests/js1_5/Regress/regress-453173.js, opt=0]" classname="org.mozilla.javascript.tests.MozillaSuiteTest" time="0.012"/>
  <testcase name="runMozillaTest[3971, js=testsrc/tests/js1_5/Regress/regress-453397.js, opt=0]" classname="org.mozilla.javascript.tests.MozillaSuiteTest" time="0.004"/>
  <testcase name="runMozillaTest[3972, js=testsrc/tests/js1_5/Regress/regress-453701.js, opt=0]" classname="org.mozilla.javascript.tests.MozillaSuiteTest" time="0.031"/>
  <testcase name="runMozillaTest[3973, js=testsrc/tests/js1_5/Regress/regress-453747.js, opt=0]" classname="org.mozilla.javascript.tests.MozillaSuiteTest" time="0.003"/>
  <testcase name="runMozillaTest[3974, js=testsrc/tests/js1_5/Regress/regress-454682.js, opt=0]" classname="org.mozilla.javascript.tests.MozillaSuiteTest" time="0.003"/>
  <testcase name="runMozillaTest[3975, js=testsrc/tests/js1_5/Regress/regress-454981.js, opt=0]" classname="org.mozilla.javascript.tests.MozillaSuiteTest" time="0.012"/>
  <testcase name="runMozillaTest[3976, js=testsrc/tests/js1_5/Regress/regress-455605.js, opt=0]" classname="org.mozilla.javascript.tests.MozillaSuiteTest" time="0.014"/>
  <testcase name="runMozillaTest[3977, js=testsrc/tests/js1_5/Regress/regress-455748.js, opt=0]" classname="org.mozilla.javascript.tests.MozillaSuiteTest" time="0.031"/>
  <testcase name="runMozillaTest[3978, js=testsrc/tests/js1_5/Regress/regress-455758-01.js, opt=0]" classname="org.mozilla.javascript.tests.MozillaSuiteTest" time="0.002"/>
  <testcase name="runMozillaTest[3979, js=testsrc/tests/js1_5/Regress/regress-455758-02.js, opt=0]" classname="org.mozilla.javascript.tests.MozillaSuiteTest" time="0.015"/>
  <testcase name="runMozillaTest[3980, js=testsrc/tests/js1_5/Regress/regress-455775.js, opt=0]" classname="org.mozilla.javascript.tests.MozillaSuiteTest" time="0.02"/>
  <testcase name="runMozillaTest[3981, js=testsrc/tests/js1_5/Regress/regress-456470.js, opt=0]" classname="org.mozilla.javascript.tests.MozillaSuiteTest" time="0.003"/>
  <testcase name="runMozillaTest[3982, js=testsrc/tests/js1_5/Regress/regress-456477-01.js, opt=0]" classname="org.mozilla.javascript.tests.MozillaSuiteTest" time="0.027"/>
  <testcase name="runMozillaTest[3983, js=testsrc/tests/js1_5/Regress/regress-456477-02.js, opt=0]" classname="org.mozilla.javascript.tests.MozillaSuiteTest" time="0.003"/>
  <testcase name="runMozillaTest[3984, js=testsrc/tests/js1_5/Regress/regress-456494.js, opt=0]" classname="org.mozilla.javascript.tests.MozillaSuiteTest" time="0.003"/>
  <testcase name="runMozillaTest[3985, js=testsrc/tests/js1_5/Regress/regress-456540-01.js, opt=0]" classname="org.mozilla.javascript.tests.MozillaSuiteTest" time="0.025"/>
  <testcase name="runMozillaTest[3986, js=testsrc/tests/js1_5/Regress/regress-456540-02.js, opt=0]" classname="org.mozilla.javascript.tests.MozillaSuiteTest" time="0.003"/>
  <testcase name="runMozillaTest[3987, js=testsrc/tests/js1_5/Regress/regress-457065-03.js, opt=0]" classname="org.mozilla.javascript.tests.MozillaSuiteTest" time="0.019"/>
  <testcase name="runMozillaTest[3988, js=testsrc/tests/js1_5/Regress/regress-457456.js, opt=0]" classname="org.mozilla.javascript.tests.MozillaSuiteTest" time="0.002"/>
  <testcase name="runMozillaTest[3989, js=testsrc/tests/js1_5/Regress/regress-457778.js, opt=0]" classname="org.mozilla.javascript.tests.MozillaSuiteTest" time="0.028"/>
  <testcase name="runMozillaTest[3990, js=testsrc/tests/js1_5/Regress/regress-458851.js, opt=0]" classname="org.mozilla.javascript.tests.MozillaSuiteTest" time="0.007"/>
  <testcase name="runMozillaTest[3991, js=testsrc/tests/js1_5/Regress/regress-459085.js, opt=0]" classname="org.mozilla.javascript.tests.MozillaSuiteTest" time="0.003"/>
  <testcase name="runMozillaTest[3992, js=testsrc/tests/js1_5/Regress/regress-459628.js, opt=0]" classname="org.mozilla.javascript.tests.MozillaSuiteTest" time="0.024"/>
  <testcase name="runMozillaTest[3993, js=testsrc/tests/js1_5/Regress/regress-459990.js, opt=0]" classname="org.mozilla.javascript.tests.MozillaSuiteTest" time="0.014"/>
  <testcase name="runMozillaTest[3994, js=testsrc/tests/js1_5/Regress/regress-460024.js, opt=0]" classname="org.mozilla.javascript.tests.MozillaSuiteTest" time="0.028"/>
  <testcase name="runMozillaTest[3995, js=testsrc/tests/js1_5/Regress/regress-460117.js, opt=0]" classname="org.mozilla.javascript.tests.MozillaSuiteTest" time="0.003"/>
  <testcase name="runMozillaTest[3996, js=testsrc/tests/js1_5/Regress/regress-460886-01.js, opt=0]" classname="org.mozilla.javascript.tests.MozillaSuiteTest" time="0.003"/>
  <testcase name="runMozillaTest[3997, js=testsrc/tests/js1_5/Regress/regress-460886-02.js, opt=0]" classname="org.mozilla.javascript.tests.MozillaSuiteTest" time="0.017"/>
  <testcase name="runMozillaTest[3998, js=testsrc/tests/js1_5/Regress/regress-461307.js, opt=0]" classname="org.mozilla.javascript.tests.MozillaSuiteTest" time="0.017"/>
  <testcase name="runMozillaTest[3999, js=testsrc/tests/js1_5/Regress/regress-461723.js, opt=0]" classname="org.mozilla.javascript.tests.MozillaSuiteTest" time="0.003"/>
  <testcase name="runMozillaTest[4000, js=testsrc/tests/js1_5/Regress/regress-462292.js, opt=0]" classname="org.mozilla.javascript.tests.MozillaSuiteTest" time="0.017"/>
  <testcase name="runMozillaTest[4001, js=testsrc/tests/js1_5/Regress/regress-462879.js, opt=0]" classname="org.mozilla.javascript.tests.MozillaSuiteTest" time="0.015"/>
  <testcase name="runMozillaTest[4002, js=testsrc/tests/js1_5/Regress/regress-462989.js, opt=0]" classname="org.mozilla.javascript.tests.MozillaSuiteTest" time="0.003"/>
  <testcase name="runMozillaTest[4003, js=testsrc/tests/js1_5/Regress/regress-463259.js, opt=0]" classname="org.mozilla.javascript.tests.MozillaSuiteTest" time="0.012"/>
  <testcase name="runMozillaTest[4004, js=testsrc/tests/js1_5/Regress/regress-463782.js, opt=0]" classname="org.mozilla.javascript.tests.MozillaSuiteTest" time="0.026"/>
  <testcase name="runMozillaTest[4005, js=testsrc/tests/js1_5/Regress/regress-464334.js, opt=0]" classname="org.mozilla.javascript.tests.MozillaSuiteTest" time="0.165"/>
  <testcase name="runMozillaTest[4006, js=testsrc/tests/js1_5/Regress/regress-464862.js, opt=0]" classname="org.mozilla.javascript.tests.MozillaSuiteTest" time="0.007"/>
  <testcase name="runMozillaTest[4007, js=testsrc/tests/js1_5/Regress/regress-465013.js, opt=0]" classname="org.mozilla.javascript.tests.MozillaSuiteTest" time="0.015"/>
  <testcase name="runMozillaTest[4008, js=testsrc/tests/js1_5/Regress/regress-465132.js, opt=0]" classname="org.mozilla.javascript.tests.MozillaSuiteTest" time="0.027"/>
  <testcase name="runMozillaTest[4009, js=testsrc/tests/js1_5/Regress/regress-465133.js, opt=0]" classname="org.mozilla.javascript.tests.MozillaSuiteTest" time="0.01"/>
  <testcase name="runMozillaTest[4010, js=testsrc/tests/js1_5/Regress/regress-465135.js, opt=0]" classname="org.mozilla.javascript.tests.MozillaSuiteTest" time="0.02"/>
  <testcase name="runMozillaTest[4011, js=testsrc/tests/js1_5/Regress/regress-465136.js, opt=0]" classname="org.mozilla.javascript.tests.MozillaSuiteTest" time="0.003"/>
  <testcase name="runMozillaTest[4012, js=testsrc/tests/js1_5/Regress/regress-465137.js, opt=0]" classname="org.mozilla.javascript.tests.MozillaSuiteTest" time="0.008"/>
  <testcase name="runMozillaTest[4013, js=testsrc/tests/js1_5/Regress/regress-465262.js, opt=0]" classname="org.mozilla.javascript.tests.MozillaSuiteTest" time="0.03"/>
  <testcase name="runMozillaTest[4014, js=testsrc/tests/js1_5/Regress/regress-465272.js, opt=0]" classname="org.mozilla.javascript.tests.MozillaSuiteTest" time="0.009"/>
  <testcase name="runMozillaTest[4015, js=testsrc/tests/js1_5/Regress/regress-465347.js, opt=0]" classname="org.mozilla.javascript.tests.MozillaSuiteTest" time="0.031"/>
  <testcase name="runMozillaTest[4016, js=testsrc/tests/js1_5/Regress/regress-465366.js, opt=0]" classname="org.mozilla.javascript.tests.MozillaSuiteTest" time="0.003"/>
  <testcase name="runMozillaTest[4017, js=testsrc/tests/js1_5/Regress/regress-466262.js, opt=0]" classname="org.mozilla.javascript.tests.MozillaSuiteTest" time="0.006"/>
  <testcase name="runMozillaTest[4018, js=testsrc/tests/js1_5/Regress/regress-466747.js, opt=0]" classname="org.mozilla.javascript.tests.MozillaSuiteTest" time="0.011"/>
  <testcase name="runMozillaTest[4019, js=testsrc/tests/js1_5/Regress/regress-469044.js, opt=0]" classname="org.mozilla.javascript.tests.MozillaSuiteTest" time="0.024"/>
  <testcase name="runMozillaTest[4020, js=testsrc/tests/js1_5/Regress/regress-470061.js, opt=0]" classname="org.mozilla.javascript.tests.MozillaSuiteTest" time="0.005"/>
  <testcase name="runMozillaTest[4021, js=testsrc/tests/js1_5/Regress/regress-470187-01.js, opt=0]" classname="org.mozilla.javascript.tests.MozillaSuiteTest" time="0.03"/>
  <testcase name="runMozillaTest[4022, js=testsrc/tests/js1_5/Regress/regress-470187-02.js, opt=0]" classname="org.mozilla.javascript.tests.MozillaSuiteTest" time="0.003"/>
  <testcase name="runMozillaTest[4023, js=testsrc/tests/js1_5/Regress/regress-470758-01.js, opt=0]" classname="org.mozilla.javascript.tests.MozillaSuiteTest" time="0.004"/>
  <testcase name="runMozillaTest[4024, js=testsrc/tests/js1_5/Regress/regress-470758-02.js, opt=0]" classname="org.mozilla.javascript.tests.MozillaSuiteTest" time="0.033"/>
  <testcase name="runMozillaTest[4025, js=testsrc/tests/js1_5/Regress/regress-472533.js, opt=0]" classname="org.mozilla.javascript.tests.MozillaSuiteTest" time="0.003"/>
  <testcase name="runMozillaTest[4026, js=testsrc/tests/js1_5/Regress/regress-475645-01.js, opt=0]" classname="org.mozilla.javascript.tests.MozillaSuiteTest" time="0.004"/>
  <testcase name="runMozillaTest[4027, js=testsrc/tests/js1_5/Regress/regress-475645-02.js, opt=0]" classname="org.mozilla.javascript.tests.MozillaSuiteTest" time="0.028"/>
  <testcase name="runMozillaTest[4028, js=testsrc/tests/js1_5/Regress/regress-476049.js, opt=0]" classname="org.mozilla.javascript.tests.MozillaSuiteTest" time="0.003"/>
  <testcase name="runMozillaTest[4029, js=testsrc/tests/js1_5/Regress/regress-476192.js, opt=0]" classname="org.mozilla.javascript.tests.MozillaSuiteTest" time="0.023"/>
  <testcase name="runMozillaTest[4030, js=testsrc/tests/js1_5/Regress/regress-477733.js, opt=0]" classname="org.mozilla.javascript.tests.MozillaSuiteTest" time="0.019"/>
  <testcase name="runMozillaTest[4031, js=testsrc/tests/js1_5/Regress/regress-477758.js, opt=0]" classname="org.mozilla.javascript.tests.MozillaSuiteTest" time="0.004"/>
  <testcase name="runMozillaTest[4032, js=testsrc/tests/js1_5/Regress/regress-478314.js, opt=0]" classname="org.mozilla.javascript.tests.MozillaSuiteTest" time="0.019"/>
  <testcase name="runMozillaTest[4033, js=testsrc/tests/js1_5/Regress/regress-479353.js, opt=0]" classname="org.mozilla.javascript.tests.MozillaSuiteTest" time="0.003"/>
  <testcase name="runMozillaTest[4034, js=testsrc/tests/js1_5/Regress/regress-480147.js, opt=0]" classname="org.mozilla.javascript.tests.MozillaSuiteTest" time="0.017"/>
  <testcase name="runMozillaTest[4035, js=testsrc/tests/js1_5/Regress/regress-480244.js, opt=0]" classname="org.mozilla.javascript.tests.MozillaSuiteTest" time="0.058"/>
  <testcase name="runMozillaTest[4036, js=testsrc/tests/js1_5/Regress/regress-481436.js, opt=0]" classname="org.mozilla.javascript.tests.MozillaSuiteTest" time="0.003"/>
  <testcase name="runMozillaTest[4037, js=testsrc/tests/js1_5/Regress/regress-482421.js, opt=0]" classname="org.mozilla.javascript.tests.MozillaSuiteTest" time="0.008"/>
  <testcase name="runMozillaTest[4038, js=testsrc/tests/js1_5/Regress/regress-482783.js, opt=0]" classname="org.mozilla.javascript.tests.MozillaSuiteTest" time="0.007"/>
  <testcase name="runMozillaTest[4039, js=testsrc/tests/js1_5/Regress/regress-483103.js, opt=0]" classname="org.mozilla.javascript.tests.MozillaSuiteTest" time="0.011"/>
  <testcase name="runMozillaTest[4040, js=testsrc/tests/js1_5/Regress/regress-501124.js, opt=0]" classname="org.mozilla.javascript.tests.MozillaSuiteTest" time="0.003"/>
  <testcase name="runMozillaTest[4041, js=testsrc/tests/js1_5/Regress/regress-504078.js, opt=0]" classname="org.mozilla.javascript.tests.MozillaSuiteTest" time="0.006"/>
  <testcase name="runMozillaTest[4042, js=testsrc/tests/js1_5/Regress/regress-57043.js, opt=0]" classname="org.mozilla.javascript.tests.MozillaSuiteTest" time="0.01"/>
  <testcase name="runMozillaTest[4043, js=testsrc/tests/js1_5/Regress/regress-58116.js, opt=0]" classname="org.mozilla.javascript.tests.MozillaSuiteTest" time="0.018"/>
  <testcase name="runMozillaTest[4044, js=testsrc/tests/js1_5/Regress/regress-68498-001.js, opt=0]" classname="org.mozilla.javascript.tests.MozillaSuiteTest" time="0.011"/>
  <testcase name="runMozillaTest[4045, js=testsrc/tests/js1_5/Regress/regress-68498-002.js, opt=0]" classname="org.mozilla.javascript.tests.MozillaSuiteTest" time="0.042"/>
  <testcase name="runMozillaTest[4046, js=testsrc/tests/js1_5/Regress/regress-68498-004.js, opt=0]" classname="org.mozilla.javascript.tests.MozillaSuiteTest" time="0.004"/>
  <testcase name="runMozillaTest[4047, js=testsrc/tests/js1_5/Regress/regress-69607.js, opt=0]" classname="org.mozilla.javascript.tests.MozillaSuiteTest" time="0.016"/>
  <testcase name="runMozillaTest[4048, js=testsrc/tests/js1_5/Regress/regress-71107.js, opt=0]" classname="org.mozilla.javascript.tests.MozillaSuiteTest" time="0.021"/>
  <testcase name="runMozillaTest[4049, js=testsrc/tests/js1_5/Regress/regress-76054.js, opt=0]" classname="org.mozilla.javascript.tests.MozillaSuiteTest" time="0.008"/>
  <testcase name="runMozillaTest[4050, js=testsrc/tests/js1_5/Regress/regress-82306.js, opt=0]" classname="org.mozilla.javascript.tests.MozillaSuiteTest" time="0.028"/>
  <testcase name="runMozillaTest[4051, js=testsrc/tests/js1_5/Regress/regress-89474.js, opt=0]" classname="org.mozilla.javascript.tests.MozillaSuiteTest" time="0.012"/>
  <testcase name="runMozillaTest[4052, js=testsrc/tests/js1_5/Regress/regress-90445.js, opt=0]" classname="org.mozilla.javascript.tests.MozillaSuiteTest" time="0.068"/>
  <testcase name="runMozillaTest[4053, js=testsrc/tests/js1_5/Regress/regress-96526-001.js, opt=0]" classname="org.mozilla.javascript.tests.MozillaSuiteTest" time="0.105"/>
  <testcase name="runMozillaTest[4054, js=testsrc/tests/js1_5/Scope/regress-154693.js, opt=0]" classname="org.mozilla.javascript.tests.MozillaSuiteTest" time="0.023"/>
  <testcase name="runMozillaTest[4055, js=testsrc/tests/js1_5/Scope/regress-184107.js, opt=0]" classname="org.mozilla.javascript.tests.MozillaSuiteTest" time="0.007"/>
  <testcase name="runMozillaTest[4056, js=testsrc/tests/js1_5/Scope/regress-185485.js, opt=0]" classname="org.mozilla.javascript.tests.MozillaSuiteTest" time="0.017"/>
  <testcase name="runMozillaTest[4057, js=testsrc/tests/js1_5/Scope/regress-191276.js, opt=0]" classname="org.mozilla.javascript.tests.MozillaSuiteTest" time="0.02"/>
  <testcase name="runMozillaTest[4058, js=testsrc/tests/js1_5/Scope/regress-192226.js, opt=0]" classname="org.mozilla.javascript.tests.MozillaSuiteTest" time="0.006"/>
  <testcase name="runMozillaTest[4059, js=testsrc/tests/js1_5/Scope/regress-202678-001.js, opt=0]" classname="org.mozilla.javascript.tests.MozillaSuiteTest" time="0.014"/>
  <testcase name="runMozillaTest[4060, js=testsrc/tests/js1_5/Scope/regress-202678-002.js, opt=0]" classname="org.mozilla.javascript.tests.MozillaSuiteTest" time="0.02"/>
  <testcase name="runMozillaTest[4061, js=testsrc/tests/js1_5/Scope/regress-208496-001.js, opt=0]" classname="org.mozilla.javascript.tests.MozillaSuiteTest" time="0.016"/>
  <testcase name="runMozillaTest[4062, js=testsrc/tests/js1_5/Scope/regress-208496-002.js, opt=0]" classname="org.mozilla.javascript.tests.MozillaSuiteTest" time="0.014"/>
  <testcase name="runMozillaTest[4063, js=testsrc/tests/js1_5/Scope/regress-220362.js, opt=0]" classname="org.mozilla.javascript.tests.MozillaSuiteTest" time="0.019"/>
  <testcase name="runMozillaTest[4064, js=testsrc/tests/js1_5/Scope/regress-446026-02.js, opt=0]" classname="org.mozilla.javascript.tests.MozillaSuiteTest" time="0.005"/>
  <testcase name="runMozillaTest[4065, js=testsrc/tests/js1_5/Scope/regress-77578-001.js, opt=0]" classname="org.mozilla.javascript.tests.MozillaSuiteTest" time="0.025"/>
  <testcase name="runMozillaTest[4066, js=testsrc/tests/js1_5/Scope/scope-002.js, opt=0]" classname="org.mozilla.javascript.tests.MozillaSuiteTest" time="0.004"/>
  <testcase name="runMozillaTest[4067, js=testsrc/tests/js1_5/Scope/scope-003.js, opt=0]" classname="org.mozilla.javascript.tests.MozillaSuiteTest" time="0.009"/>
  <testcase name="runMozillaTest[4068, js=testsrc/tests/js1_5/Scope/scope-004.js, opt=0]" classname="org.mozilla.javascript.tests.MozillaSuiteTest" time="0.016"/>
  <testcase name="runMozillaTest[4069, js=testsrc/tests/js1_5/String/regress-107771.js, opt=0]" classname="org.mozilla.javascript.tests.MozillaSuiteTest" time="0.035"/>
  <testcase name="runMozillaTest[4070, js=testsrc/tests/js1_5/String/regress-112626.js, opt=0]" classname="org.mozilla.javascript.tests.MozillaSuiteTest" time="0.006"/>
  <testcase name="runMozillaTest[4071, js=testsrc/tests/js1_5/String/regress-179068.js, opt=0]" classname="org.mozilla.javascript.tests.MozillaSuiteTest" time="0.051"/>
  <testcase name="runMozillaTest[4072, js=testsrc/tests/js1_5/decompilation/regress-344120.js, opt=0]" classname="org.mozilla.javascript.tests.MozillaSuiteTest" time="0.026"/>
  <testcase name="runMozillaTest[4073, js=testsrc/tests/js1_5/decompilation/regress-349489.js, opt=0]" classname="org.mozilla.javascript.tests.MozillaSuiteTest" time="0.008"/>
  <testcase name="runMozillaTest[4074, js=testsrc/tests/js1_5/decompilation/regress-349663.js, opt=0]" classname="org.mozilla.javascript.tests.MozillaSuiteTest" time="0.015"/>
  <testcase name="runMozillaTest[4075, js=testsrc/tests/js1_5/decompilation/regress-350670.js, opt=0]" classname="org.mozilla.javascript.tests.MozillaSuiteTest" time="0.039"/>
  <testcase name="runMozillaTest[4076, js=testsrc/tests/js1_5/decompilation/regress-351336.js, opt=0]" classname="org.mozilla.javascript.tests.MozillaSuiteTest" time="0.01"/>
  <testcase name="runMozillaTest[4077, js=testsrc/tests/js1_5/decompilation/regress-351625.js, opt=0]" classname="org.mozilla.javascript.tests.MozillaSuiteTest" time="0.004"/>
  <testcase name="runMozillaTest[4078, js=testsrc/tests/js1_5/decompilation/regress-351626.js, opt=0]" classname="org.mozilla.javascript.tests.MozillaSuiteTest" time="0.037"/>
  <testcase name="runMozillaTest[4079, js=testsrc/tests/js1_5/decompilation/regress-352022.js, opt=0]" classname="org.mozilla.javascript.tests.MozillaSuiteTest" time="0.003"/>
  <testcase name="runMozillaTest[4080, js=testsrc/tests/js1_5/decompilation/regress-352360.js, opt=0]" classname="org.mozilla.javascript.tests.MozillaSuiteTest" time="0.006"/>
  <testcase name="runMozillaTest[4081, js=testsrc/tests/js1_5/decompilation/regress-352873-01.js, opt=0]" classname="org.mozilla.javascript.tests.MozillaSuiteTest" time="0.03"/>
  <testcase name="runMozillaTest[4082, js=testsrc/tests/js1_5/decompilation/regress-352873-02.js, opt=0]" classname="org.mozilla.javascript.tests.MozillaSuiteTest" time="0.006"/>
  <testcase name="runMozillaTest[4083, js=testsrc/tests/js1_5/decompilation/regress-353120.js, opt=0]" classname="org.mozilla.javascript.tests.MozillaSuiteTest" time="0.034"/>
  <testcase name="runMozillaTest[4084, js=testsrc/tests/js1_5/decompilation/regress-354878.js, opt=0]" classname="org.mozilla.javascript.tests.MozillaSuiteTest" time="0.002"/>
  <testcase name="runMozillaTest[4085, js=testsrc/tests/js1_5/decompilation/regress-354910.js, opt=0]" classname="org.mozilla.javascript.tests.MozillaSuiteTest" time="0.003"/>
  <testcase name="runMozillaTest[4086, js=testsrc/tests/js1_5/decompilation/regress-371692.js, opt=0]" classname="org.mozilla.javascript.tests.MozillaSuiteTest" time="0.027"/>
  <testcase name="runMozillaTest[4087, js=testsrc/tests/js1_5/decompilation/regress-373678.js, opt=0]" classname="org.mozilla.javascript.tests.MozillaSuiteTest" time="0.003"/>
  <testcase name="runMozillaTest[4088, js=testsrc/tests/js1_5/decompilation/regress-375639.js, opt=0]" classname="org.mozilla.javascript.tests.MozillaSuiteTest" time="0.003"/>
  <testcase name="runMozillaTest[4089, js=testsrc/tests/js1_5/decompilation/regress-383721.js, opt=0]" classname="org.mozilla.javascript.tests.MozillaSuiteTest" time="0.041"/>
  <testcase name="runMozillaTest[4090, js=testsrc/tests/js1_5/decompilation/regress-406555.js, opt=0]" classname="org.mozilla.javascript.tests.MozillaSuiteTest" time="0.01"/>
  <testcase name="runMozillaTest[4091, js=testsrc/tests/js1_5/decompilation/regress-437288-02.js, opt=0]" classname="org.mozilla.javascript.tests.MozillaSuiteTest" time="0.021"/>
  <testcase name="runMozillaTest[4092, js=testsrc/tests/js1_5/decompilation/regress-443071-01.js, opt=0]" classname="org.mozilla.javascript.tests.MozillaSuiteTest" time="0.037"/>
  <testcase name="runMozillaTest[4093, js=testsrc/tests/js1_5/decompilation/regress-456964-01.js, opt=0]" classname="org.mozilla.javascript.tests.MozillaSuiteTest" time="0.005"/>
  <testcase name="runMozillaTest[4094, js=testsrc/tests/js1_5/decompilation/regress-457093-01.js, opt=0]" classname="org.mozilla.javascript.tests.MozillaSuiteTest" time="0.026"/>
  <testcase name="runMozillaTest[4095, js=testsrc/tests/js1_5/decompilation/regress-460116-01.js, opt=0]" classname="org.mozilla.javascript.tests.MozillaSuiteTest" time="0.019"/>
  <testcase name="runMozillaTest[4096, js=testsrc/tests/js1_5/decompilation/regress-460116-02.js, opt=0]" classname="org.mozilla.javascript.tests.MozillaSuiteTest" time="0.006"/>
  <testcase name="runMozillaTest[4097, js=testsrc/tests/js1_5/decompilation/regress-460116-03.js, opt=0]" classname="org.mozilla.javascript.tests.MozillaSuiteTest" time="0.025"/>
  <testcase name="runMozillaTest[4098, js=testsrc/tests/js1_5/decompilation/regress-461108.js, opt=0]" classname="org.mozilla.javascript.tests.MozillaSuiteTest" time="0.009"/>
  <testcase name="runMozillaTest[4099, js=testsrc/tests/js1_5/decompilation/regress-461110.js, opt=0]" classname="org.mozilla.javascript.tests.MozillaSuiteTest" time="0.003"/>
  <testcase name="runMozillaTest[4100, js=testsrc/tests/js1_5/decompilation/regress-461111.js, opt=0]" classname="org.mozilla.javascript.tests.MozillaSuiteTest" time="0.024"/>
  <testcase name="runMozillaTest[4101, js=testsrc/tests/js1_5/extensions/catchguard-001-n.js, opt=0]" classname="org.mozilla.javascript.tests.MozillaSuiteTest" time="0.005"/>
  <testcase name="runMozillaTest[4102, js=testsrc/tests/js1_5/extensions/catchguard-001.js, opt=0]" classname="org.mozilla.javascript.tests.MozillaSuiteTest" time="0.018"/>
  <testcase name="runMozillaTest[4103, js=testsrc/tests/js1_5/extensions/catchguard-002.js, opt=0]" classname="org.mozilla.javascript.tests.MozillaSuiteTest" time="0.019"/>
  <testcase name="runMozillaTest[4104, js=testsrc/tests/js1_5/extensions/catchguard-003.js, opt=0]" classname="org.mozilla.javascript.tests.MozillaSuiteTest" time="0.003"/>
  <testcase name="runMozillaTest[4105, js=testsrc/tests/js1_5/extensions/getset-004.js, opt=0]" classname="org.mozilla.javascript.tests.MozillaSuiteTest" time="0.036"/>
  <testcase name="runMozillaTest[4106, js=testsrc/tests/js1_5/extensions/getset-005.js, opt=0]" classname="org.mozilla.javascript.tests.MozillaSuiteTest" time="0.02"/>
  <testcase name="runMozillaTest[4107, js=testsrc/tests/js1_5/extensions/getset-006.js, opt=0]" classname="org.mozilla.javascript.tests.MozillaSuiteTest" time="0.015"/>
  <testcase name="runMozillaTest[4108, js=testsrc/tests/js1_5/extensions/no-such-method.js, opt=0]" classname="org.mozilla.javascript.tests.MozillaSuiteTest" time="0.016"/>
  <testcase name="runMozillaTest[4109, js=testsrc/tests/js1_5/extensions/regress-104077.js, opt=0]" classname="org.mozilla.javascript.tests.MozillaSuiteTest" time="0.057"/>
  <testcase name="runMozillaTest[4110, js=testsrc/tests/js1_5/extensions/regress-178722.js, opt=0]" classname="org.mozilla.javascript.tests.MozillaSuiteTest" time="0.004"/>
  <testcase name="runMozillaTest[4111, js=testsrc/tests/js1_5/extensions/regress-220584.js, opt=0]" classname="org.mozilla.javascript.tests.MozillaSuiteTest" time="0.025"/>
  <testcase name="runMozillaTest[4112, js=testsrc/tests/js1_5/extensions/regress-225831.js, opt=0]" classname="org.mozilla.javascript.tests.MozillaSuiteTest" time="0.095"/>
  <testcase name="runMozillaTest[4113, js=testsrc/tests/js1_5/extensions/regress-226078.js, opt=0]" classname="org.mozilla.javascript.tests.MozillaSuiteTest" time="0.028"/>
  <testcase name="runMozillaTest[4114, js=testsrc/tests/js1_5/extensions/regress-231518.js, opt=0]" classname="org.mozilla.javascript.tests.MozillaSuiteTest" time="0.012"/>
  <testcase name="runMozillaTest[4115, js=testsrc/tests/js1_5/extensions/regress-237461.js, opt=0]" classname="org.mozilla.javascript.tests.MozillaSuiteTest" time="0.004"/>
  <testcase name="runMozillaTest[4116, js=testsrc/tests/js1_5/extensions/regress-245148.js, opt=0]" classname="org.mozilla.javascript.tests.MozillaSuiteTest" time="0.025"/>
  <testcase name="runMozillaTest[4117, js=testsrc/tests/js1_5/extensions/regress-245795.js, opt=0]" classname="org.mozilla.javascript.tests.MozillaSuiteTest" time="0.013"/>
  <testcase name="runMozillaTest[4118, js=testsrc/tests/js1_5/extensions/regress-255245.js, opt=0]" classname="org.mozilla.javascript.tests.MozillaSuiteTest" time="0.002"/>
  <testcase name="runMozillaTest[4119, js=testsrc/tests/js1_5/extensions/regress-291213.js, opt=0]" classname="org.mozilla.javascript.tests.MozillaSuiteTest" time="0.041"/>
  <testcase name="runMozillaTest[4120, js=testsrc/tests/js1_5/extensions/regress-300079.js, opt=0]" classname="org.mozilla.javascript.tests.MozillaSuiteTest" time="0.022"/>
  <testcase name="runMozillaTest[4121, js=testsrc/tests/js1_5/extensions/regress-304897.js, opt=0]" classname="org.mozilla.javascript.tests.MozillaSuiteTest" time="0.022"/>
  <testcase name="runMozillaTest[4122, js=testsrc/tests/js1_5/extensions/regress-311161.js, opt=0]" classname="org.mozilla.javascript.tests.MozillaSuiteTest" time="2.155"/>
  <testcase name="runMozillaTest[4123, js=testsrc/tests/js1_5/extensions/regress-311583.js, opt=0]" classname="org.mozilla.javascript.tests.MozillaSuiteTest" time="0.024"/>
  <testcase name="runMozillaTest[4124, js=testsrc/tests/js1_5/extensions/regress-311792-01.js, opt=0]" classname="org.mozilla.javascript.tests.MozillaSuiteTest" time="0.249"/>
  <testcase name="runMozillaTest[4125, js=testsrc/tests/js1_5/extensions/regress-311792-02.js, opt=0]" classname="org.mozilla.javascript.tests.MozillaSuiteTest" time="0.208"/>
  <testcase name="runMozillaTest[4126, js=testsrc/tests/js1_5/extensions/regress-312278.js, opt=0]" classname="org.mozilla.javascript.tests.MozillaSuiteTest" time="0.143"/>
  <testcase name="runMozillaTest[4127, js=testsrc/tests/js1_5/extensions/regress-313500.js, opt=0]" classname="org.mozilla.javascript.tests.MozillaSuiteTest" time="0.003"/>
  <testcase name="runMozillaTest[4128, js=testsrc/tests/js1_5/extensions/regress-313630.js, opt=0]" classname="org.mozilla.javascript.tests.MozillaSuiteTest" time="0.136"/>
  <testcase name="runMozillaTest[4129, js=testsrc/tests/js1_5/extensions/regress-313763.js, opt=0]" classname="org.mozilla.javascript.tests.MozillaSuiteTest" time="0.01"/>
  <testcase name="runMozillaTest[4130, js=testsrc/tests/js1_5/extensions/regress-313803.js, opt=0]" classname="org.mozilla.javascript.tests.MozillaSuiteTest" time="0.01"/>
  <testcase name="runMozillaTest[4131, js=testsrc/tests/js1_5/extensions/regress-313938.js, opt=0]" classname="org.mozilla.javascript.tests.MozillaSuiteTest" time="0.022"/>
  <testcase name="runMozillaTest[4132, js=testsrc/tests/js1_5/extensions/regress-314874.js, opt=0]" classname="org.mozilla.javascript.tests.MozillaSuiteTest" time="0.028"/>
  <testcase name="runMozillaTest[4133, js=testsrc/tests/js1_5/extensions/regress-315509-02.js, opt=0]" classname="org.mozilla.javascript.tests.MozillaSuiteTest" time="0.005"/>
  <testcase name="runMozillaTest[4134, js=testsrc/tests/js1_5/extensions/regress-319683.js, opt=0]" classname="org.mozilla.javascript.tests.MozillaSuiteTest" time="0.007"/>
  <testcase name="runMozillaTest[4135, js=testsrc/tests/js1_5/extensions/regress-322957.js, opt=0]" classname="org.mozilla.javascript.tests.MozillaSuiteTest" time="0.026"/>
  <testcase name="runMozillaTest[4136, js=testsrc/tests/js1_5/extensions/regress-325269.js, opt=0]" classname="org.mozilla.javascript.tests.MozillaSuiteTest" time="0.017"/>
  <testcase name="runMozillaTest[4137, js=testsrc/tests/js1_5/extensions/regress-327608.js, opt=0]" classname="org.mozilla.javascript.tests.MozillaSuiteTest" time="0.035"/>
  <testcase name="runMozillaTest[4138, js=testsrc/tests/js1_5/extensions/regress-328443.js, opt=0]" classname="org.mozilla.javascript.tests.MozillaSuiteTest" time="0.003"/>
  <testcase name="runMozillaTest[4139, js=testsrc/tests/js1_5/extensions/regress-328556.js, opt=0]" classname="org.mozilla.javascript.tests.MozillaSuiteTest" time="0.002"/>
  <testcase name="runMozillaTest[4140, js=testsrc/tests/js1_5/extensions/regress-338804-01.js, opt=0]" classname="org.mozilla.javascript.tests.MozillaSuiteTest" time="0.025"/>
  <testcase name="runMozillaTest[4141, js=testsrc/tests/js1_5/extensions/regress-338804-03.js, opt=0]" classname="org.mozilla.javascript.tests.MozillaSuiteTest" time="0.323"/>
  <testcase name="runMozillaTest[4142, js=testsrc/tests/js1_5/extensions/regress-339685.js, opt=0]" classname="org.mozilla.javascript.tests.MozillaSuiteTest" time="0.002"/>
  <testcase name="runMozillaTest[4143, js=testsrc/tests/js1_5/extensions/regress-340199.js, opt=0]" classname="org.mozilla.javascript.tests.MozillaSuiteTest" time="0.007"/>
  <testcase name="runMozillaTest[4144, js=testsrc/tests/js1_5/extensions/regress-341956-01.js, opt=0]" classname="org.mozilla.javascript.tests.MozillaSuiteTest" time="0.267"/>
  <testcase name="runMozillaTest[4145, js=testsrc/tests/js1_5/extensions/regress-341956-02.js, opt=0]" classname="org.mozilla.javascript.tests.MozillaSuiteTest" time="0.149"/>
  <testcase name="runMozillaTest[4146, js=testsrc/tests/js1_5/extensions/regress-341956-03.js, opt=0]" classname="org.mozilla.javascript.tests.MozillaSuiteTest" time="0.18"/>
  <testcase name="runMozillaTest[4147, js=testsrc/tests/js1_5/extensions/regress-346494-01.js, opt=0]" classname="org.mozilla.javascript.tests.MozillaSuiteTest" time="0.02"/>
  <testcase name="runMozillaTest[4148, js=testsrc/tests/js1_5/extensions/regress-350312-01.js, opt=0]" classname="org.mozilla.javascript.tests.MozillaSuiteTest" time="0.005"/>
  <testcase name="runMozillaTest[4149, js=testsrc/tests/js1_5/extensions/regress-350312-02.js, opt=0]" classname="org.mozilla.javascript.tests.MozillaSuiteTest" time="0.018"/>
  <testcase name="runMozillaTest[4150, js=testsrc/tests/js1_5/extensions/regress-350312-03.js, opt=0]" classname="org.mozilla.javascript.tests.MozillaSuiteTest" time="0.047"/>
  <testcase name="runMozillaTest[4151, js=testsrc/tests/js1_5/extensions/regress-351102-01.js, opt=0]" classname="org.mozilla.javascript.tests.MozillaSuiteTest" time="0.179"/>
  <testcase name="runMozillaTest[4152, js=testsrc/tests/js1_5/extensions/regress-351102-02.js, opt=0]" classname="org.mozilla.javascript.tests.MozillaSuiteTest" time="0.004"/>
  <testcase name="runMozillaTest[4153, js=testsrc/tests/js1_5/extensions/regress-351102-06.js, opt=0]" classname="org.mozilla.javascript.tests.MozillaSuiteTest" time="0.126"/>
  <testcase name="runMozillaTest[4154, js=testsrc/tests/js1_5/extensions/regress-351973.js, opt=0]" classname="org.mozilla.javascript.tests.MozillaSuiteTest" time="0.28"/>
  <testcase name="runMozillaTest[4155, js=testsrc/tests/js1_5/extensions/regress-352261.js, opt=0]" classname="org.mozilla.javascript.tests.MozillaSuiteTest" time="0.004"/>
  <testcase name="runMozillaTest[4156, js=testsrc/tests/js1_5/extensions/regress-352281.js, opt=0]" classname="org.mozilla.javascript.tests.MozillaSuiteTest" time="0.019"/>
  <testcase name="runMozillaTest[4157, js=testsrc/tests/js1_5/extensions/regress-352291.js, opt=0]" classname="org.mozilla.javascript.tests.MozillaSuiteTest" time="0.017"/>
  <testcase name="runMozillaTest[4158, js=testsrc/tests/js1_5/extensions/regress-354297.js, opt=0]" classname="org.mozilla.javascript.tests.MozillaSuiteTest" time="0.21"/>
  <testcase name="runMozillaTest[4159, js=testsrc/tests/js1_5/extensions/regress-354541-01.js, opt=0]" classname="org.mozilla.javascript.tests.MozillaSuiteTest" time="0.003"/>
  <testcase name="runMozillaTest[4160, js=testsrc/tests/js1_5/extensions/regress-354541-02.js, opt=0]" classname="org.mozilla.javascript.tests.MozillaSuiteTest" time="0.022"/>
  <testcase name="runMozillaTest[4161, js=testsrc/tests/js1_5/extensions/regress-354541-03.js, opt=0]" classname="org.mozilla.javascript.tests.MozillaSuiteTest" time="0.016"/>
  <testcase name="runMozillaTest[4162, js=testsrc/tests/js1_5/extensions/regress-354541-04.js, opt=0]" classname="org.mozilla.javascript.tests.MozillaSuiteTest" time="0.038"/>
  <testcase name="runMozillaTest[4163, js=testsrc/tests/js1_5/extensions/regress-355982.js, opt=0]" classname="org.mozilla.javascript.tests.MozillaSuiteTest" time="0.011"/>
  <testcase name="runMozillaTest[4164, js=testsrc/tests/js1_5/extensions/regress-356402.js, opt=0]" classname="org.mozilla.javascript.tests.MozillaSuiteTest" time="0.003"/>
  <testcase name="runMozillaTest[4165, js=testsrc/tests/js1_5/extensions/regress-363258.js, opt=0]" classname="org.mozilla.javascript.tests.MozillaSuiteTest" time="0.02"/>
  <testcase name="runMozillaTest[4166, js=testsrc/tests/js1_5/extensions/regress-363988.js, opt=0]" classname="org.mozilla.javascript.tests.MozillaSuiteTest" time="0.194"/>
  <testcase name="runMozillaTest[4167, js=testsrc/tests/js1_5/extensions/regress-365527.js, opt=0]" classname="org.mozilla.javascript.tests.MozillaSuiteTest" time="2.087"/>
  <testcase name="runMozillaTest[4168, js=testsrc/tests/js1_5/extensions/regress-365692.js, opt=0]" classname="org.mozilla.javascript.tests.MozillaSuiteTest" time="0.568"/>
  <testcase name="runMozillaTest[4169, js=testsrc/tests/js1_5/extensions/regress-366288.js, opt=0]" classname="org.mozilla.javascript.tests.MozillaSuiteTest" time="0.014"/>
  <testcase name="runMozillaTest[4170, js=testsrc/tests/js1_5/extensions/regress-366292.js, opt=0]" classname="org.mozilla.javascript.tests.MozillaSuiteTest" time="0.003"/>
  <testcase name="runMozillaTest[4171, js=testsrc/tests/js1_5/extensions/regress-366396.js, opt=0]" classname="org.mozilla.javascript.tests.MozillaSuiteTest" time="0.017"/>
  <testcase name="runMozillaTest[4172, js=testsrc/tests/js1_5/extensions/regress-367118-01.js, opt=0]" classname="org.mozilla.javascript.tests.MozillaSuiteTest" time="0.007"/>
  <testcase name="runMozillaTest[4173, js=testsrc/tests/js1_5/extensions/regress-367118-02.js, opt=0]" classname="org.mozilla.javascript.tests.MozillaSuiteTest" time="0.011"/>
  <testcase name="runMozillaTest[4174, js=testsrc/tests/js1_5/extensions/regress-367120-01.js, opt=0]" classname="org.mozilla.javascript.tests.MozillaSuiteTest" time="0.009"/>
  <testcase name="runMozillaTest[4175, js=testsrc/tests/js1_5/extensions/regress-367120-02.js, opt=0]" classname="org.mozilla.javascript.tests.MozillaSuiteTest" time="0.013"/>
  <testcase name="runMozillaTest[4176, js=testsrc/tests/js1_5/extensions/regress-367121.js, opt=0]" classname="org.mozilla.javascript.tests.MozillaSuiteTest" time="0.003"/>
  <testcase name="runMozillaTest[4177, js=testsrc/tests/js1_5/extensions/regress-367501-01.js, opt=0]" classname="org.mozilla.javascript.tests.MozillaSuiteTest" time="0.003"/>
  <testcase name="runMozillaTest[4178, js=testsrc/tests/js1_5/extensions/regress-367501-02.js, opt=0]" classname="org.mozilla.javascript.tests.MozillaSuiteTest" time="0.178"/>
  <testcase name="runMozillaTest[4179, js=testsrc/tests/js1_5/extensions/regress-367501-03.js, opt=0]" classname="org.mozilla.javascript.tests.MozillaSuiteTest" time="0.813"/>
  <testcase name="runMozillaTest[4180, js=testsrc/tests/js1_5/extensions/regress-367501-04.js, opt=0]" classname="org.mozilla.javascript.tests.MozillaSuiteTest" time="3.361"/>
  <testcase name="runMozillaTest[4181, js=testsrc/tests/js1_5/extensions/regress-367589.js, opt=0]" classname="org.mozilla.javascript.tests.MozillaSuiteTest" time="0.006"/>
  <testcase name="runMozillaTest[4182, js=testsrc/tests/js1_5/extensions/regress-369404.js, opt=0]" classname="org.mozilla.javascript.tests.MozillaSuiteTest" time="0.006"/>
  <testcase name="runMozillaTest[4183, js=testsrc/tests/js1_5/extensions/regress-369696-01.js, opt=0]" classname="org.mozilla.javascript.tests.MozillaSuiteTest" time="0.007"/>
  <testcase name="runMozillaTest[4184, js=testsrc/tests/js1_5/extensions/regress-369696-03.js, opt=0]" classname="org.mozilla.javascript.tests.MozillaSuiteTest" time="0.513"/>
  <testcase name="runMozillaTest[4185, js=testsrc/tests/js1_5/extensions/regress-372309.js, opt=0]" classname="org.mozilla.javascript.tests.MozillaSuiteTest" time="0.003"/>
  <testcase name="runMozillaTest[4186, js=testsrc/tests/js1_5/extensions/regress-374589.js, opt=0]" classname="org.mozilla.javascript.tests.MozillaSuiteTest" time="0.02"/>
  <testcase name="runMozillaTest[4187, js=testsrc/tests/js1_5/extensions/regress-375183.js, opt=0]" classname="org.mozilla.javascript.tests.MozillaSuiteTest" time="0.023"/>
  <testcase name="runMozillaTest[4188, js=testsrc/tests/js1_5/extensions/regress-375344.js, opt=0]" classname="org.mozilla.javascript.tests.MozillaSuiteTest" time="0.003"/>
  <testcase name="runMozillaTest[4189, js=testsrc/tests/js1_5/extensions/regress-380889.js, opt=0]" classname="org.mozilla.javascript.tests.MozillaSuiteTest" time="0.004"/>
  <testcase name="runMozillaTest[4190, js=testsrc/tests/js1_5/extensions/regress-385134.js, opt=0]" classname="org.mozilla.javascript.tests.MozillaSuiteTest" time="0.005"/>
  <testcase name="runMozillaTest[4191, js=testsrc/tests/js1_5/extensions/regress-385393-02.js, opt=0]" classname="org.mozilla.javascript.tests.MozillaSuiteTest" time="0.01"/>
  <testcase name="runMozillaTest[4192, js=testsrc/tests/js1_5/extensions/regress-390597.js, opt=0]" classname="org.mozilla.javascript.tests.MozillaSuiteTest" time="0.009"/>
  <testcase name="runMozillaTest[4193, js=testsrc/tests/js1_5/extensions/regress-390598.js, opt=0]" classname="org.mozilla.javascript.tests.MozillaSuiteTest" time="0.016"/>
  <testcase name="runMozillaTest[4194, js=testsrc/tests/js1_5/extensions/regress-394967.js, opt=0]" classname="org.mozilla.javascript.tests.MozillaSuiteTest" time="0.014"/>
  <testcase name="runMozillaTest[4195, js=testsrc/tests/js1_5/extensions/regress-396326.js, opt=0]" classname="org.mozilla.javascript.tests.MozillaSuiteTest" time="0.014"/>
  <testcase name="runMozillaTest[4196, js=testsrc/tests/js1_5/extensions/regress-406572.js, opt=0]" classname="org.mozilla.javascript.tests.MozillaSuiteTest" time="0.012"/>
  <testcase name="runMozillaTest[4197, js=testsrc/tests/js1_5/extensions/regress-407019.js, opt=0]" classname="org.mozilla.javascript.tests.MozillaSuiteTest" time="0.009"/>
  <testcase name="runMozillaTest[4198, js=testsrc/tests/js1_5/extensions/regress-407501.js, opt=0]" classname="org.mozilla.javascript.tests.MozillaSuiteTest" time="0.002"/>
  <testcase name="runMozillaTest[4199, js=testsrc/tests/js1_5/extensions/regress-407720.js, opt=0]" classname="org.mozilla.javascript.tests.MozillaSuiteTest" time="0.009"/>
  <testcase name="runMozillaTest[4200, js=testsrc/tests/js1_5/extensions/regress-412926.js, opt=0]" classname="org.mozilla.javascript.tests.MozillaSuiteTest" time="0.138"/>
  <testcase name="runMozillaTest[4201, js=testsrc/tests/js1_5/extensions/regress-414755.js, opt=0]" classname="org.mozilla.javascript.tests.MozillaSuiteTest" time="0.015"/>
  <testcase name="runMozillaTest[4202, js=testsrc/tests/js1_5/extensions/regress-416354.js, opt=0]" classname="org.mozilla.javascript.tests.MozillaSuiteTest" time="0.02"/>
  <testcase name="runMozillaTest[4203, js=testsrc/tests/js1_5/extensions/regress-416460.js, opt=0]" classname="org.mozilla.javascript.tests.MozillaSuiteTest" time="0.003"/>
  <testcase name="runMozillaTest[4204, js=testsrc/tests/js1_5/extensions/regress-416834.js, opt=0]" classname="org.mozilla.javascript.tests.MozillaSuiteTest" time="0.002"/>
  <testcase name="runMozillaTest[4205, js=testsrc/tests/js1_5/extensions/regress-422137.js, opt=0]" classname="org.mozilla.javascript.tests.MozillaSuiteTest" time="0.007"/>
  <testcase name="runMozillaTest[4206, js=testsrc/tests/js1_5/extensions/regress-422592.js, opt=0]" classname="org.mozilla.javascript.tests.MozillaSuiteTest" time="0.017"/>
  <testcase name="runMozillaTest[4207, js=testsrc/tests/js1_5/extensions/regress-426711.js, opt=0]" classname="org.mozilla.javascript.tests.MozillaSuiteTest" time="0.002"/>
  <testcase name="runMozillaTest[4208, js=testsrc/tests/js1_5/extensions/regress-427196-01.js, opt=0]" classname="org.mozilla.javascript.tests.MozillaSuiteTest" time="0.003"/>
  <testcase name="runMozillaTest[4209, js=testsrc/tests/js1_5/extensions/regress-427196-02.js, opt=0]" classname="org.mozilla.javascript.tests.MozillaSuiteTest" time="0.013"/>
  <testcase name="runMozillaTest[4210, js=testsrc/tests/js1_5/extensions/regress-427196-03.js, opt=0]" classname="org.mozilla.javascript.tests.MozillaSuiteTest" time="0.002"/>
  <testcase name="runMozillaTest[4211, js=testsrc/tests/js1_5/extensions/regress-429264.js, opt=0]" classname="org.mozilla.javascript.tests.MozillaSuiteTest" time="0.003"/>
  <testcase name="runMozillaTest[4212, js=testsrc/tests/js1_5/extensions/regress-431428.js, opt=0]" classname="org.mozilla.javascript.tests.MozillaSuiteTest" time="0.002"/>
  <testcase name="runMozillaTest[4213, js=testsrc/tests/js1_5/extensions/regress-434837-01.js, opt=0]" classname="org.mozilla.javascript.tests.MozillaSuiteTest" time="0.011"/>
  <testcase name="runMozillaTest[4214, js=testsrc/tests/js1_5/extensions/regress-435497-01.js, opt=0]" classname="org.mozilla.javascript.tests.MozillaSuiteTest" time="0.007"/>
  <testcase name="runMozillaTest[4215, js=testsrc/tests/js1_5/extensions/regress-435497-02.js, opt=0]" classname="org.mozilla.javascript.tests.MozillaSuiteTest" time="0.012"/>
  <testcase name="runMozillaTest[4216, js=testsrc/tests/js1_5/extensions/regress-435497-03.js, opt=0]" classname="org.mozilla.javascript.tests.MozillaSuiteTest" time="0.015"/>
  <testcase name="runMozillaTest[4217, js=testsrc/tests/js1_5/extensions/regress-436741.js, opt=0]" classname="org.mozilla.javascript.tests.MozillaSuiteTest" time="0.002"/>
  <testcase name="runMozillaTest[4218, js=testsrc/tests/js1_5/extensions/regress-437288-01.js, opt=0]" classname="org.mozilla.javascript.tests.MozillaSuiteTest" time="0.002"/>
  <testcase name="runMozillaTest[4219, js=testsrc/tests/js1_5/extensions/regress-44009.js, opt=0]" classname="org.mozilla.javascript.tests.MozillaSuiteTest" time="0.027"/>
  <testcase name="runMozillaTest[4220, js=testsrc/tests/js1_5/extensions/regress-443569.js, opt=0]" classname="org.mozilla.javascript.tests.MozillaSuiteTest" time="0.03"/>
  <testcase name="runMozillaTest[4221, js=testsrc/tests/js1_5/extensions/regress-446386.js, opt=0]" classname="org.mozilla.javascript.tests.MozillaSuiteTest" time="0.026"/>
  <testcase name="runMozillaTest[4222, js=testsrc/tests/js1_5/extensions/regress-452168.js, opt=0]" classname="org.mozilla.javascript.tests.MozillaSuiteTest" time="0.017"/>
  <testcase name="runMozillaTest[4223, js=testsrc/tests/js1_5/extensions/regress-452329.js, opt=0]" classname="org.mozilla.javascript.tests.MozillaSuiteTest" time="0.033"/>
  <testcase name="runMozillaTest[4224, js=testsrc/tests/js1_5/extensions/regress-452338.js, opt=0]" classname="org.mozilla.javascript.tests.MozillaSuiteTest" time="0.003"/>
  <testcase name="runMozillaTest[4225, js=testsrc/tests/js1_5/extensions/regress-452372.js, opt=0]" classname="org.mozilla.javascript.tests.MozillaSuiteTest" time="0.002"/>
  <testcase name="runMozillaTest[4226, js=testsrc/tests/js1_5/extensions/regress-452565.js, opt=0]" classname="org.mozilla.javascript.tests.MozillaSuiteTest" time="0.014"/>
  <testcase name="runMozillaTest[4227, js=testsrc/tests/js1_5/extensions/regress-453249.js, opt=0]" classname="org.mozilla.javascript.tests.MozillaSuiteTest" time="0.033"/>
  <testcase name="runMozillaTest[4228, js=testsrc/tests/js1_5/extensions/regress-454040.js, opt=0]" classname="org.mozilla.javascript.tests.MozillaSuiteTest" time="0.008"/>
  <testcase name="runMozillaTest[4229, js=testsrc/tests/js1_5/extensions/regress-454704.js, opt=0]" classname="org.mozilla.javascript.tests.MozillaSuiteTest" time="0.031"/>
  <testcase name="runMozillaTest[4230, js=testsrc/tests/js1_5/extensions/regress-455380.js, opt=0]" classname="org.mozilla.javascript.tests.MozillaSuiteTest" time="0.003"/>
  <testcase name="runMozillaTest[4231, js=testsrc/tests/js1_5/extensions/regress-455408.js, opt=0]" classname="org.mozilla.javascript.tests.MozillaSuiteTest" time="0.002"/>
  <testcase name="runMozillaTest[4232, js=testsrc/tests/js1_5/extensions/regress-459606.js, opt=0]" classname="org.mozilla.javascript.tests.MozillaSuiteTest" time="0.02"/>
  <testcase name="runMozillaTest[4233, js=testsrc/tests/js1_5/extensions/regress-465276.js, opt=0]" classname="org.mozilla.javascript.tests.MozillaSuiteTest" time="0.003"/>
  <testcase name="runMozillaTest[4234, js=testsrc/tests/js1_5/extensions/regress-469625.js, opt=0]" classname="org.mozilla.javascript.tests.MozillaSuiteTest" time="0.035"/>
  <testcase name="runMozillaTest[4235, js=testsrc/tests/js1_5/extensions/regress-469761.js, opt=0]" classname="org.mozilla.javascript.tests.MozillaSuiteTest" time="0.003"/>
  <testcase name="runMozillaTest[4236, js=testsrc/tests/js1_5/extensions/regress-472599.js, opt=0]" classname="org.mozilla.javascript.tests.MozillaSuiteTest" time="0.013"/>
  <testcase name="runMozillaTest[4237, js=testsrc/tests/js1_5/extensions/regress-476447.js, opt=0]" classname="org.mozilla.javascript.tests.MozillaSuiteTest" time="0.021"/>
  <testcase name="runMozillaTest[4238, js=testsrc/tests/js1_5/extensions/regress-479487.js, opt=0]" classname="org.mozilla.javascript.tests.MozillaSuiteTest" time="0.003"/>
  <testcase name="runMozillaTest[4239, js=testsrc/tests/js1_5/extensions/regress-479551.js, opt=0]" classname="org.mozilla.javascript.tests.MozillaSuiteTest" time="0.012"/>
  <testcase name="runMozillaTest[4240, js=testsrc/tests/js1_5/extensions/regress-480579.js, opt=0]" classname="org.mozilla.javascript.tests.MozillaSuiteTest" time="0.018"/>
  <testcase name="runMozillaTest[4241, js=testsrc/tests/js1_5/extensions/regress-481516.js, opt=0]" classname="org.mozilla.javascript.tests.MozillaSuiteTest" time="0.016"/>
  <testcase name="runMozillaTest[4242, js=testsrc/tests/js1_5/extensions/regress-488995.js, opt=0]" classname="org.mozilla.javascript.tests.MozillaSuiteTest" time="0.003"/>
  <testcase name="runMozillaTest[4243, js=testsrc/tests/js1_5/extensions/regress-90596-001.js, opt=0]" classname="org.mozilla.javascript.tests.MozillaSuiteTest" time="0.032"/>
  <testcase name="runMozillaTest[4244, js=testsrc/tests/js1_5/extensions/regress-90596-002.js, opt=0]" classname="org.mozilla.javascript.tests.MozillaSuiteTest" time="0.037"/>
  <testcase name="runMozillaTest[4245, js=testsrc/tests/js1_5/extensions/regress-96284-001.js, opt=0]" classname="org.mozilla.javascript.tests.MozillaSuiteTest" time="0.027"/>
  <testcase name="runMozillaTest[4246, js=testsrc/tests/js1_5/extensions/regress-96284-002.js, opt=0]" classname="org.mozilla.javascript.tests.MozillaSuiteTest" time="0.03"/>
  <testcase name="runMozillaTest[4247, js=testsrc/tests/js1_5/extensions/scope-001.js, opt=0]" classname="org.mozilla.javascript.tests.MozillaSuiteTest" time="0.011"/>
  <testcase name="runMozillaTest[4248, js=testsrc/tests/js1_6/Array/filter.js, opt=0]" classname="org.mozilla.javascript.tests.MozillaSuiteTest" time="0.013"/>
  <testcase name="runMozillaTest[4249, js=testsrc/tests/js1_6/Array/regress-290592.js, opt=0]" classname="org.mozilla.javascript.tests.MozillaSuiteTest" time="0.148"/>
  <testcase name="runMozillaTest[4250, js=testsrc/tests/js1_6/Array/regress-304828.js, opt=0]" classname="org.mozilla.javascript.tests.MozillaSuiteTest" time="0.04"/>
  <testcase name="runMozillaTest[4251, js=testsrc/tests/js1_6/Array/regress-305002.js, opt=0]" classname="org.mozilla.javascript.tests.MozillaSuiteTest" time="0.015"/>
  <testcase name="runMozillaTest[4252, js=testsrc/tests/js1_6/Array/regress-310425-01.js, opt=0]" classname="org.mozilla.javascript.tests.MozillaSuiteTest" time="0.006"/>
  <testcase name="runMozillaTest[4253, js=testsrc/tests/js1_6/Array/regress-310425-02.js, opt=0]" classname="org.mozilla.javascript.tests.MozillaSuiteTest" time="0.011"/>
  <testcase name="runMozillaTest[4254, js=testsrc/tests/js1_6/Array/regress-320887.js, opt=0]" classname="org.mozilla.javascript.tests.MozillaSuiteTest" time="0.008"/>
  <testcase name="runMozillaTest[4255, js=testsrc/tests/js1_6/Array/regress-352742-01.js, opt=0]" classname="org.mozilla.javascript.tests.MozillaSuiteTest" time="0.011"/>
  <testcase name="runMozillaTest[4256, js=testsrc/tests/js1_6/Array/regress-352742-02.js, opt=0]" classname="org.mozilla.javascript.tests.MozillaSuiteTest" time="0.037"/>
  <testcase name="runMozillaTest[4257, js=testsrc/tests/js1_6/Array/regress-386030.js, opt=0]" classname="org.mozilla.javascript.tests.MozillaSuiteTest" time="0.005"/>
  <testcase name="runMozillaTest[4258, js=testsrc/tests/js1_6/Array/regress-415451.js, opt=0]" classname="org.mozilla.javascript.tests.MozillaSuiteTest" time="0.005"/>
  <testcase name="runMozillaTest[4259, js=testsrc/tests/js1_6/Array/regress-415540.js, opt=0]" classname="org.mozilla.javascript.tests.MozillaSuiteTest" time="0.024"/>
  <testcase name="runMozillaTest[4260, js=testsrc/tests/js1_6/Regress/regress-301574.js, opt=0]" classname="org.mozilla.javascript.tests.MozillaSuiteTest" time="0.012"/>
  <testcase name="runMozillaTest[4261, js=testsrc/tests/js1_6/Regress/regress-311157-01.js, opt=0]" classname="org.mozilla.javascript.tests.MozillaSuiteTest" time="0.037"/>
  <testcase name="runMozillaTest[4262, js=testsrc/tests/js1_6/Regress/regress-311157-02.js, opt=0]" classname="org.mozilla.javascript.tests.MozillaSuiteTest" time="0.007"/>
  <testcase name="runMozillaTest[4263, js=testsrc/tests/js1_6/Regress/regress-314887.js, opt=0]" classname="org.mozilla.javascript.tests.MozillaSuiteTest" time="0.012"/>
  <testcase name="runMozillaTest[4264, js=testsrc/tests/js1_6/Regress/regress-320172.js, opt=0]" classname="org.mozilla.javascript.tests.MozillaSuiteTest" time="0.003"/>
  <testcase name="runMozillaTest[4265, js=testsrc/tests/js1_6/Regress/regress-351795.js, opt=0]" classname="org.mozilla.javascript.tests.MozillaSuiteTest" time="0.03"/>
  <testcase name="runMozillaTest[4266, js=testsrc/tests/js1_6/Regress/regress-352271.js, opt=0]" classname="org.mozilla.javascript.tests.MozillaSuiteTest" time="0.003"/>
  <testcase name="runMozillaTest[4267, js=testsrc/tests/js1_6/Regress/regress-353078.js, opt=0]" classname="org.mozilla.javascript.tests.MozillaSuiteTest" time="0.016"/>
  <testcase name="runMozillaTest[4268, js=testsrc/tests/js1_6/Regress/regress-372565.js, opt=0]" classname="org.mozilla.javascript.tests.MozillaSuiteTest" time="0.016"/>
  <testcase name="runMozillaTest[4269, js=testsrc/tests/js1_6/Regress/regress-378492.js, opt=0]" classname="org.mozilla.javascript.tests.MozillaSuiteTest" time="0.03"/>
  <testcase name="runMozillaTest[4270, js=testsrc/tests/js1_6/Regress/regress-475469.js, opt=0]" classname="org.mozilla.javascript.tests.MozillaSuiteTest" time="0.003"/>
  <testcase name="runMozillaTest[4271, js=testsrc/tests/js1_6/Regress/regress-476655.js, opt=0]" classname="org.mozilla.javascript.tests.MozillaSuiteTest" time="0.026"/>
  <testcase name="runMozillaTest[4272, js=testsrc/tests/js1_6/decompilation/regress-352084.js, opt=0]" classname="org.mozilla.javascript.tests.MozillaSuiteTest" time="0.008"/>
  <testcase name="runMozillaTest[4273, js=testsrc/tests/js1_6/extensions/regress-385393-08.js, opt=0]" classname="org.mozilla.javascript.tests.MozillaSuiteTest" time="0.043"/>
  <testcase name="runMozillaTest[4274, js=testsrc/tests/js1_6/extensions/regress-455464-01.js, opt=0]" classname="org.mozilla.javascript.tests.MozillaSuiteTest" time="0.147"/>
  <testcase name="runMozillaTest[4275, js=testsrc/tests/js1_6/extensions/regress-455464-02.js, opt=0]" classname="org.mozilla.javascript.tests.MozillaSuiteTest" time="0.148"/>
  <testcase name="runMozillaTest[4276, js=testsrc/tests/js1_6/extensions/regress-455464-03.js, opt=0]" classname="org.mozilla.javascript.tests.MozillaSuiteTest" time="0.215"/>
  <testcase name="runMozillaTest[4277, js=testsrc/tests/js1_6/extensions/regress-455464-04.js, opt=0]" classname="org.mozilla.javascript.tests.MozillaSuiteTest" time="0.003"/>
  <testcase name="runMozillaTest[4278, js=testsrc/tests/js1_6/extensions/regress-457521.js, opt=0]" classname="org.mozilla.javascript.tests.MozillaSuiteTest" time="0.018"/>
  <testcase name="runMozillaTest[4279, js=testsrc/tests/js1_6/extensions/regress-472508.js, opt=0]" classname="org.mozilla.javascript.tests.MozillaSuiteTest" time="0.002"/>
  <testcase name="runMozillaTest[4280, js=testsrc/tests/js1_6/extensions/regress-475144.js, opt=0]" classname="org.mozilla.javascript.tests.MozillaSuiteTest" time="0.003"/>
  <testcase name="runMozillaTest[4281, js=testsrc/tests/js1_6/extensions/regress-479567.js, opt=0]" classname="org.mozilla.javascript.tests.MozillaSuiteTest" time="0.003"/>
  <testcase name="runMozillaTest[4282, js=testsrc/tests/js1_7/GC/regress-341675.js, opt=0]" classname="org.mozilla.javascript.tests.MozillaSuiteTest" time="0.115"/>
  <testcase name="runMozillaTest[4283, js=testsrc/tests/js1_7/block/order-of-operation.js, opt=0]" classname="org.mozilla.javascript.tests.MozillaSuiteTest" time="0.011"/>
  <testcase name="runMozillaTest[4284, js=testsrc/tests/js1_7/block/regress-341939.js, opt=0]" classname="org.mozilla.javascript.tests.MozillaSuiteTest" time="0.028"/>
  <testcase name="runMozillaTest[4285, js=testsrc/tests/js1_7/block/regress-343765.js, opt=0]" classname="org.mozilla.javascript.tests.MozillaSuiteTest" time="0.008"/>
  <testcase name="runMozillaTest[4286, js=testsrc/tests/js1_7/block/regress-344139.js, opt=0]" classname="org.mozilla.javascript.tests.MozillaSuiteTest" time="0.017"/>
  <testcase name="runMozillaTest[4287, js=testsrc/tests/js1_7/block/regress-344262.js, opt=0]" classname="org.mozilla.javascript.tests.MozillaSuiteTest" time="0.011"/>
  <testcase name="runMozillaTest[4288, js=testsrc/tests/js1_7/block/regress-344370.js, opt=0]" classname="org.mozilla.javascript.tests.MozillaSuiteTest" time="0.009"/>
  <testcase name="runMozillaTest[4289, js=testsrc/tests/js1_7/block/regress-345542.js, opt=0]" classname="org.mozilla.javascript.tests.MozillaSuiteTest" time="0.004"/>
  <testcase name="runMozillaTest[4290, js=testsrc/tests/js1_7/block/regress-348685.js, opt=0]" classname="org.mozilla.javascript.tests.MozillaSuiteTest" time="0.012"/>
  <testcase name="runMozillaTest[4291, js=testsrc/tests/js1_7/block/regress-349283.js, opt=0]" classname="org.mozilla.javascript.tests.MozillaSuiteTest" time="0.003"/>
  <testcase name="runMozillaTest[4292, js=testsrc/tests/js1_7/block/regress-349298.js, opt=0]" classname="org.mozilla.javascript.tests.MozillaSuiteTest" time="0.018"/>
  <testcase name="runMozillaTest[4293, js=testsrc/tests/js1_7/block/regress-349507.js, opt=0]" classname="org.mozilla.javascript.tests.MozillaSuiteTest" time="0.017"/>
  <testcase name="runMozillaTest[4294, js=testsrc/tests/js1_7/block/regress-349653.js, opt=0]" classname="org.mozilla.javascript.tests.MozillaSuiteTest" time="0.033"/>
  <testcase name="runMozillaTest[4295, js=testsrc/tests/js1_7/block/regress-349962.js, opt=0]" classname="org.mozilla.javascript.tests.MozillaSuiteTest" time="0.01"/>
  <testcase name="runMozillaTest[4296, js=testsrc/tests/js1_7/block/regress-350279.js, opt=0]" classname="org.mozilla.javascript.tests.MozillaSuiteTest" time="0.029"/>
  <testcase name="runMozillaTest[4297, js=testsrc/tests/js1_7/block/regress-350730.js, opt=0]" classname="org.mozilla.javascript.tests.MozillaSuiteTest" time="0.003"/>
  <testcase name="runMozillaTest[4298, js=testsrc/tests/js1_7/block/regress-350793-01.js, opt=0]" classname="org.mozilla.javascript.tests.MozillaSuiteTest" time="0.025"/>
  <testcase name="runMozillaTest[4299, js=testsrc/tests/js1_7/block/regress-351497.js, opt=0]" classname="org.mozilla.javascript.tests.MozillaSuiteTest" time="0.037"/>
  <testcase name="runMozillaTest[4300, js=testsrc/tests/js1_7/block/regress-351606.js, opt=0]" classname="org.mozilla.javascript.tests.MozillaSuiteTest" time="0.003"/>
  <testcase name="runMozillaTest[4301, js=testsrc/tests/js1_7/block/regress-352092.js, opt=0]" classname="org.mozilla.javascript.tests.MozillaSuiteTest" time="0.003"/>
  <testcase name="runMozillaTest[4302, js=testsrc/tests/js1_7/block/regress-352185.js, opt=0]" classname="org.mozilla.javascript.tests.MozillaSuiteTest" time="0.005"/>
  <testcase name="runMozillaTest[4303, js=testsrc/tests/js1_7/block/regress-352212.js, opt=0]" classname="org.mozilla.javascript.tests.MozillaSuiteTest" time="0.026"/>
  <testcase name="runMozillaTest[4304, js=testsrc/tests/js1_7/block/regress-352267.js, opt=0]" classname="org.mozilla.javascript.tests.MozillaSuiteTest" time="0.021"/>
  <testcase name="runMozillaTest[4305, js=testsrc/tests/js1_7/block/regress-352616.js, opt=0]" classname="org.mozilla.javascript.tests.MozillaSuiteTest" time="0.013"/>
  <testcase name="runMozillaTest[4306, js=testsrc/tests/js1_7/block/regress-352624.js, opt=0]" classname="org.mozilla.javascript.tests.MozillaSuiteTest" time="0.026"/>
  <testcase name="runMozillaTest[4307, js=testsrc/tests/js1_7/block/regress-352907.js, opt=0]" classname="org.mozilla.javascript.tests.MozillaSuiteTest" time="0.012"/>
  <testcase name="runMozillaTest[4308, js=testsrc/tests/js1_7/block/regress-357754.js, opt=0]" classname="org.mozilla.javascript.tests.MozillaSuiteTest" time="0.013"/>
  <testcase name="runMozillaTest[4309, js=testsrc/tests/js1_7/block/regress-358508.js, opt=0]" classname="org.mozilla.javascript.tests.MozillaSuiteTest" time="0.02"/>
  <testcase name="runMozillaTest[4310, js=testsrc/tests/js1_7/block/regress-376410.js, opt=0]" classname="org.mozilla.javascript.tests.MozillaSuiteTest" time="0.018"/>
  <testcase name="runMozillaTest[4311, js=testsrc/tests/js1_7/block/regress-396900.js, opt=0]" classname="org.mozilla.javascript.tests.MozillaSuiteTest" time="0.002"/>
  <testcase name="runMozillaTest[4312, js=testsrc/tests/js1_7/block/regress-411279.js, opt=0]" classname="org.mozilla.javascript.tests.MozillaSuiteTest" time="0.015"/>
  <testcase name="runMozillaTest[4313, js=testsrc/tests/js1_7/decompilation/regress-349633.js, opt=0]" classname="org.mozilla.javascript.tests.MozillaSuiteTest" time="0.03"/>
  <testcase name="runMozillaTest[4314, js=testsrc/tests/js1_7/decompilation/regress-350810.js, opt=0]" classname="org.mozilla.javascript.tests.MozillaSuiteTest" time="0.004"/>
  <testcase name="runMozillaTest[4315, js=testsrc/tests/js1_7/decompilation/regress-352015.js, opt=0]" classname="org.mozilla.javascript.tests.MozillaSuiteTest" time="0.022"/>
  <testcase name="runMozillaTest[4316, js=testsrc/tests/js1_7/decompilation/regress-352025.js, opt=0]" classname="org.mozilla.javascript.tests.MozillaSuiteTest" time="0.02"/>
  <testcase name="runMozillaTest[4317, js=testsrc/tests/js1_7/decompilation/regress-352198.js, opt=0]" classname="org.mozilla.javascript.tests.MozillaSuiteTest" time="0.024"/>
  <testcase name="runMozillaTest[4318, js=testsrc/tests/js1_7/decompilation/regress-352269.js, opt=0]" classname="org.mozilla.javascript.tests.MozillaSuiteTest" time="0.01"/>
  <testcase name="runMozillaTest[4319, js=testsrc/tests/js1_7/decompilation/regress-352272.js, opt=0]" classname="org.mozilla.javascript.tests.MozillaSuiteTest" time="0.003"/>
  <testcase name="runMozillaTest[4320, js=testsrc/tests/js1_7/decompilation/regress-352283.js, opt=0]" classname="org.mozilla.javascript.tests.MozillaSuiteTest" time="0.018"/>
  <testcase name="runMozillaTest[4321, js=testsrc/tests/js1_7/decompilation/regress-352732.js, opt=0]" classname="org.mozilla.javascript.tests.MozillaSuiteTest" time="0.014"/>
  <testcase name="runMozillaTest[4322, js=testsrc/tests/js1_7/decompilation/regress-355635.js, opt=0]" classname="org.mozilla.javascript.tests.MozillaSuiteTest" time="0.005"/>
  <testcase name="runMozillaTest[4323, js=testsrc/tests/js1_7/decompilation/regress-355786.js, opt=0]" classname="org.mozilla.javascript.tests.MozillaSuiteTest" time="0.028"/>
  <testcase name="runMozillaTest[4324, js=testsrc/tests/js1_7/decompilation/regress-375794.js, opt=0]" classname="org.mozilla.javascript.tests.MozillaSuiteTest" time="0.003"/>
  <testcase name="runMozillaTest[4325, js=testsrc/tests/js1_7/decompilation/regress-380506.js, opt=0]" classname="org.mozilla.javascript.tests.MozillaSuiteTest" time="0.027"/>
  <testcase name="runMozillaTest[4326, js=testsrc/tests/js1_7/decompilation/regress-410649.js, opt=0]" classname="org.mozilla.javascript.tests.MozillaSuiteTest" time="0.007"/>
  <testcase name="runMozillaTest[4327, js=testsrc/tests/js1_7/expressions/destructuring-scope.js, opt=0]" classname="org.mozilla.javascript.tests.MozillaSuiteTest" time="0.025"/>
  <testcase name="runMozillaTest[4328, js=testsrc/tests/js1_7/expressions/regress-346203.js, opt=0]" classname="org.mozilla.javascript.tests.MozillaSuiteTest" time="0.003"/>
  <testcase name="runMozillaTest[4329, js=testsrc/tests/js1_7/expressions/regress-346645-01.js, opt=0]" classname="org.mozilla.javascript.tests.MozillaSuiteTest" time="0.012"/>
  <testcase name="runMozillaTest[4330, js=testsrc/tests/js1_7/expressions/regress-346645-02.js, opt=0]" classname="org.mozilla.javascript.tests.MozillaSuiteTest" time="0.023"/>
  <testcase name="runMozillaTest[4331, js=testsrc/tests/js1_7/expressions/regress-346645-03.js, opt=0]" classname="org.mozilla.javascript.tests.MozillaSuiteTest" time="0.004"/>
  <testcase name="runMozillaTest[4332, js=testsrc/tests/js1_7/expressions/regress-349624.js, opt=0]" classname="org.mozilla.javascript.tests.MozillaSuiteTest" time="0.003"/>
  <testcase name="runMozillaTest[4333, js=testsrc/tests/js1_7/expressions/regress-349818.js, opt=0]" classname="org.mozilla.javascript.tests.MozillaSuiteTest" time="0.023"/>
  <testcase name="runMozillaTest[4334, js=testsrc/tests/js1_7/expressions/regress-418051.js, opt=0]" classname="org.mozilla.javascript.tests.MozillaSuiteTest" time="0.003"/>
  <testcase name="runMozillaTest[4335, js=testsrc/tests/js1_7/expressions/regress-421806.js, opt=0]" classname="org.mozilla.javascript.tests.MozillaSuiteTest" time="0.021"/>
  <testcase name="runMozillaTest[4336, js=testsrc/tests/js1_7/expressions/regress-451340.js, opt=0]" classname="org.mozilla.javascript.tests.MozillaSuiteTest" time="0.022"/>
  <testcase name="runMozillaTest[4337, js=testsrc/tests/js1_7/extensions/basic-Iterator.js, opt=0]" classname="org.mozilla.javascript.tests.MozillaSuiteTest" time="0.066"/>
  <testcase name="runMozillaTest[4338, js=testsrc/tests/js1_7/extensions/basic-for-each.js, opt=0]" classname="org.mozilla.javascript.tests.MozillaSuiteTest" time="0.011"/>
  <testcase name="runMozillaTest[4339, js=testsrc/tests/js1_7/extensions/basic-for-in.js, opt=0]" classname="org.mozilla.javascript.tests.MozillaSuiteTest" time="0.015"/>
  <testcase name="runMozillaTest[4340, js=testsrc/tests/js1_7/extensions/destructuring-order.js, opt=0]" classname="org.mozilla.javascript.tests.MozillaSuiteTest" time="0.051"/>
  <testcase name="runMozillaTest[4341, js=testsrc/tests/js1_7/extensions/iterator-ctor.js, opt=0]" classname="org.mozilla.javascript.tests.MozillaSuiteTest" time="0.01"/>
  <testcase name="runMozillaTest[4342, js=testsrc/tests/js1_7/extensions/regress-346021.js, opt=0]" classname="org.mozilla.javascript.tests.MozillaSuiteTest" time="0.029"/>
  <testcase name="runMozillaTest[4343, js=testsrc/tests/js1_7/extensions/regress-346642-02.js, opt=0]" classname="org.mozilla.javascript.tests.MozillaSuiteTest" time="0.003"/>
  <testcase name="runMozillaTest[4344, js=testsrc/tests/js1_7/extensions/regress-346773.js, opt=0]" classname="org.mozilla.javascript.tests.MozillaSuiteTest" time="0.003"/>
  <testcase name="runMozillaTest[4345, js=testsrc/tests/js1_7/extensions/regress-349619.js, opt=0]" classname="org.mozilla.javascript.tests.MozillaSuiteTest" time="0.018"/>
  <testcase name="runMozillaTest[4346, js=testsrc/tests/js1_7/extensions/regress-350312.js, opt=0]" classname="org.mozilla.javascript.tests.MozillaSuiteTest" time="0.029"/>
  <testcase name="runMozillaTest[4347, js=testsrc/tests/js1_7/extensions/regress-351070-02.js, opt=0]" classname="org.mozilla.javascript.tests.MozillaSuiteTest" time="0.036"/>
  <testcase name="runMozillaTest[4348, js=testsrc/tests/js1_7/extensions/regress-352797-01.js, opt=0]" classname="org.mozilla.javascript.tests.MozillaSuiteTest" time="0.005"/>
  <testcase name="runMozillaTest[4349, js=testsrc/tests/js1_7/extensions/regress-352885-01.js, opt=0]" classname="org.mozilla.javascript.tests.MozillaSuiteTest" time="0.014"/>
  <testcase name="runMozillaTest[4350, js=testsrc/tests/js1_7/extensions/regress-352885-02.js, opt=0]" classname="org.mozilla.javascript.tests.MozillaSuiteTest" time="0.032"/>
  <testcase name="runMozillaTest[4351, js=testsrc/tests/js1_7/extensions/regress-353214-02.js, opt=0]" classname="org.mozilla.javascript.tests.MozillaSuiteTest" time="0.003"/>
  <testcase name="runMozillaTest[4352, js=testsrc/tests/js1_7/extensions/regress-354499-01.js, opt=0]" classname="org.mozilla.javascript.tests.MozillaSuiteTest" time="0.02"/>
  <testcase name="runMozillaTest[4353, js=testsrc/tests/js1_7/extensions/regress-354499-02.js, opt=0]" classname="org.mozilla.javascript.tests.MozillaSuiteTest" time="0.027"/>
  <testcase name="runMozillaTest[4354, js=testsrc/tests/js1_7/extensions/regress-354945-01.js, opt=0]" classname="org.mozilla.javascript.tests.MozillaSuiteTest" time="0.003"/>
  <testcase name="runMozillaTest[4355, js=testsrc/tests/js1_7/extensions/regress-355052-01.js, opt=0]" classname="org.mozilla.javascript.tests.MozillaSuiteTest" time="0.213"/>
  <testcase name="runMozillaTest[4356, js=testsrc/tests/js1_7/extensions/regress-355052-02.js, opt=0]" classname="org.mozilla.javascript.tests.MozillaSuiteTest" time="0.198"/>
  <testcase name="runMozillaTest[4357, js=testsrc/tests/js1_7/extensions/regress-355052-03.js, opt=0]" classname="org.mozilla.javascript.tests.MozillaSuiteTest" time="0.166"/>
  <testcase name="runMozillaTest[4358, js=testsrc/tests/js1_7/extensions/regress-355410.js, opt=0]" classname="org.mozilla.javascript.tests.MozillaSuiteTest" time="0.009"/>
  <testcase name="runMozillaTest[4359, js=testsrc/tests/js1_7/extensions/regress-355512.js, opt=0]" classname="org.mozilla.javascript.tests.MozillaSuiteTest" time="0.347"/>
  <testcase name="runMozillaTest[4360, js=testsrc/tests/js1_7/extensions/regress-355578.js, opt=0]" classname="org.mozilla.javascript.tests.MozillaSuiteTest" time="0.144"/>
  <testcase name="runMozillaTest[4361, js=testsrc/tests/js1_7/extensions/regress-355583.js, opt=0]" classname="org.mozilla.javascript.tests.MozillaSuiteTest" time="0.003"/>
  <testcase name="runMozillaTest[4362, js=testsrc/tests/js1_7/extensions/regress-363040-01.js, opt=0]" classname="org.mozilla.javascript.tests.MozillaSuiteTest" time="0.031"/>
  <testcase name="runMozillaTest[4363, js=testsrc/tests/js1_7/extensions/regress-363040-02.js, opt=0]" classname="org.mozilla.javascript.tests.MozillaSuiteTest" time="0.007"/>
  <testcase name="runMozillaTest[4364, js=testsrc/tests/js1_7/extensions/regress-366668-01.js, opt=0]" classname="org.mozilla.javascript.tests.MozillaSuiteTest" time="0.014"/>
  <testcase name="runMozillaTest[4365, js=testsrc/tests/js1_7/extensions/regress-366668-02.js, opt=0]" classname="org.mozilla.javascript.tests.MozillaSuiteTest" time="0.033"/>
  <testcase name="runMozillaTest[4366, js=testsrc/tests/js1_7/extensions/regress-372364.js, opt=0]" classname="org.mozilla.javascript.tests.MozillaSuiteTest" time="0.013"/>
  <testcase name="runMozillaTest[4367, js=testsrc/tests/js1_7/extensions/regress-387955-01.js, opt=0]" classname="org.mozilla.javascript.tests.MozillaSuiteTest" time="0.216"/>
  <testcase name="runMozillaTest[4368, js=testsrc/tests/js1_7/extensions/regress-387955-02.js, opt=0]" classname="org.mozilla.javascript.tests.MozillaSuiteTest" time="0.003"/>
  <testcase name="runMozillaTest[4369, js=testsrc/tests/js1_7/extensions/regress-392308.js, opt=0]" classname="org.mozilla.javascript.tests.MozillaSuiteTest" time="0.01"/>
  <testcase name="runMozillaTest[4370, js=testsrc/tests/js1_7/extensions/regress-396326.js, opt=0]" classname="org.mozilla.javascript.tests.MozillaSuiteTest" time="0.023"/>
  <testcase name="runMozillaTest[4371, js=testsrc/tests/js1_7/extensions/regress-429266.js, opt=0]" classname="org.mozilla.javascript.tests.MozillaSuiteTest" time="0.013"/>
  <testcase name="runMozillaTest[4372, js=testsrc/tests/js1_7/extensions/regress-455982-01.js, opt=0]" classname="org.mozilla.javascript.tests.MozillaSuiteTest" time="0.031"/>
  <testcase name="runMozillaTest[4373, js=testsrc/tests/js1_7/extensions/regress-455982-02.js, opt=0]" classname="org.mozilla.javascript.tests.MozillaSuiteTest" time="0.004"/>
  <testcase name="runMozillaTest[4374, js=testsrc/tests/js1_7/extensions/regress-469234.js, opt=0]" classname="org.mozilla.javascript.tests.MozillaSuiteTest" time="0.015"/>
  <testcase name="runMozillaTest[4375, js=testsrc/tests/js1_7/extensions/regress-469405-01.js, opt=0]" classname="org.mozilla.javascript.tests.MozillaSuiteTest" time="0.01"/>
  <testcase name="runMozillaTest[4376, js=testsrc/tests/js1_7/extensions/regress-469405-02.js, opt=0]" classname="org.mozilla.javascript.tests.MozillaSuiteTest" time="0.008"/>
  <testcase name="runMozillaTest[4377, js=testsrc/tests/js1_7/extensions/regress-470176.js, opt=0]" classname="org.mozilla.javascript.tests.MozillaSuiteTest" time="0.019"/>
  <testcase name="runMozillaTest[4378, js=testsrc/tests/js1_7/extensions/regress-470300-01.js, opt=0]" classname="org.mozilla.javascript.tests.MozillaSuiteTest" time="0.023"/>
  <testcase name="runMozillaTest[4379, js=testsrc/tests/js1_7/extensions/regress-470300-02.js, opt=0]" classname="org.mozilla.javascript.tests.MozillaSuiteTest" time="0.002"/>
  <testcase name="runMozillaTest[4380, js=testsrc/tests/js1_7/extensions/regress-474771-01.js, opt=0]" classname="org.mozilla.javascript.tests.MozillaSuiteTest" time="0.029"/>
  <testcase name="runMozillaTest[4381, js=testsrc/tests/js1_7/extensions/regress-474771-02.js, opt=0]" classname="org.mozilla.javascript.tests.MozillaSuiteTest" time="0.009"/>
  <testcase name="runMozillaTest[4382, js=testsrc/tests/js1_7/extensions/regress-477048.js, opt=0]" classname="org.mozilla.javascript.tests.MozillaSuiteTest" time="0.003"/>
  <testcase name="runMozillaTest[4383, js=testsrc/tests/js1_7/geniter/326466-01.js, opt=0]" classname="org.mozilla.javascript.tests.MozillaSuiteTest" time="0.024"/>
  <testcase name="runMozillaTest[4384, js=testsrc/tests/js1_7/geniter/builtin-Iterator-function.js, opt=0]" classname="org.mozilla.javascript.tests.MozillaSuiteTest" time="0.042"/>
  <testcase name="runMozillaTest[4385, js=testsrc/tests/js1_7/geniter/evens.js, opt=0]" classname="org.mozilla.javascript.tests.MozillaSuiteTest" time="0.02"/>
  <testcase name="runMozillaTest[4386, js=testsrc/tests/js1_7/geniter/fibonacci-matrix-generator.js, opt=0]" classname="org.mozilla.javascript.tests.MozillaSuiteTest" time="0.004"/>
  <testcase name="runMozillaTest[4387, js=testsrc/tests/js1_7/geniter/iterator-toString.js, opt=0]" classname="org.mozilla.javascript.tests.MozillaSuiteTest" time="0.005"/>
  <testcase name="runMozillaTest[4388, js=testsrc/tests/js1_7/geniter/message-value-passing.js, opt=0]" classname="org.mozilla.javascript.tests.MozillaSuiteTest" time="0.019"/>
  <testcase name="runMozillaTest[4389, js=testsrc/tests/js1_7/geniter/multiple-close.js, opt=0]" classname="org.mozilla.javascript.tests.MozillaSuiteTest" time="0.019"/>
  <testcase name="runMozillaTest[4390, js=testsrc/tests/js1_7/geniter/nested-yield.js, opt=0]" classname="org.mozilla.javascript.tests.MozillaSuiteTest" time="0.043"/>
  <testcase name="runMozillaTest[4391, js=testsrc/tests/js1_7/geniter/pi-generator.js, opt=0]" classname="org.mozilla.javascript.tests.MozillaSuiteTest" time="0.003"/>
  <testcase name="runMozillaTest[4392, js=testsrc/tests/js1_7/geniter/regress-345736.js, opt=0]" classname="org.mozilla.javascript.tests.MozillaSuiteTest" time="0.006"/>
  <testcase name="runMozillaTest[4393, js=testsrc/tests/js1_7/geniter/regress-345855.js, opt=0]" classname="org.mozilla.javascript.tests.MozillaSuiteTest" time="0.029"/>
  <testcase name="runMozillaTest[4394, js=testsrc/tests/js1_7/geniter/regress-345879-01.js, opt=0]" classname="org.mozilla.javascript.tests.MozillaSuiteTest" time="0.003"/>
  <testcase name="runMozillaTest[4395, js=testsrc/tests/js1_7/geniter/regress-345879-02.js, opt=0]" classname="org.mozilla.javascript.tests.MozillaSuiteTest" time="0.014"/>
  <testcase name="runMozillaTest[4396, js=testsrc/tests/js1_7/geniter/regress-347593.js, opt=0]" classname="org.mozilla.javascript.tests.MozillaSuiteTest" time="0.043"/>
  <testcase name="runMozillaTest[4397, js=testsrc/tests/js1_7/geniter/regress-349012-02.js, opt=0]" classname="org.mozilla.javascript.tests.MozillaSuiteTest" time="0.004"/>
  <testcase name="runMozillaTest[4398, js=testsrc/tests/js1_7/geniter/regress-349012-03.js, opt=0]" classname="org.mozilla.javascript.tests.MozillaSuiteTest" time="0.024"/>
  <testcase name="runMozillaTest[4399, js=testsrc/tests/js1_7/geniter/regress-349012-04.js, opt=0]" classname="org.mozilla.javascript.tests.MozillaSuiteTest" time="0.009"/>
  <testcase name="runMozillaTest[4400, js=testsrc/tests/js1_7/geniter/regress-349012-05.js, opt=0]" classname="org.mozilla.javascript.tests.MozillaSuiteTest" time="0.021"/>
  <testcase name="runMozillaTest[4401, js=testsrc/tests/js1_7/geniter/regress-349023-01.js, opt=0]" classname="org.mozilla.javascript.tests.MozillaSuiteTest" time="0.021"/>
  <testcase name="runMozillaTest[4402, js=testsrc/tests/js1_7/geniter/regress-349023-02.js, opt=0]" classname="org.mozilla.javascript.tests.MozillaSuiteTest" time="0.02"/>
  <testcase name="runMozillaTest[4403, js=testsrc/tests/js1_7/geniter/regress-349023-03.js, opt=0]" classname="org.mozilla.javascript.tests.MozillaSuiteTest" time="0.003"/>
  <testcase name="runMozillaTest[4404, js=testsrc/tests/js1_7/geniter/regress-349362.js, opt=0]" classname="org.mozilla.javascript.tests.MozillaSuiteTest" time="0.017"/>
  <testcase name="runMozillaTest[4405, js=testsrc/tests/js1_7/geniter/regress-349851.js, opt=0]" classname="org.mozilla.javascript.tests.MozillaSuiteTest" time="0.003"/>
  <testcase name="runMozillaTest[4406, js=testsrc/tests/js1_7/geniter/regress-350621.js, opt=0]" classname="org.mozilla.javascript.tests.MozillaSuiteTest" time="0.089"/>
  <testcase name="runMozillaTest[4407, js=testsrc/tests/js1_7/geniter/regress-350809.js, opt=0]" classname="org.mozilla.javascript.tests.MozillaSuiteTest" time="0.017"/>
  <testcase name="runMozillaTest[4408, js=testsrc/tests/js1_7/geniter/regress-351120.js, opt=0]" classname="org.mozilla.javascript.tests.MozillaSuiteTest" time="0.014"/>
  <testcase name="runMozillaTest[4409, js=testsrc/tests/js1_7/geniter/regress-351514.js, opt=0]" classname="org.mozilla.javascript.tests.MozillaSuiteTest" time="0.029"/>
  <testcase name="runMozillaTest[4410, js=testsrc/tests/js1_7/geniter/regress-352197.js, opt=0]" classname="org.mozilla.javascript.tests.MozillaSuiteTest" time="0.028"/>
  <testcase name="runMozillaTest[4411, js=testsrc/tests/js1_7/geniter/regress-352605.js, opt=0]" classname="org.mozilla.javascript.tests.MozillaSuiteTest" time="0.009"/>
  <testcase name="runMozillaTest[4412, js=testsrc/tests/js1_7/geniter/regress-352876.js, opt=0]" classname="org.mozilla.javascript.tests.MozillaSuiteTest" time="0.007"/>
  <testcase name="runMozillaTest[4413, js=testsrc/tests/js1_7/geniter/regress-355834.js, opt=0]" classname="org.mozilla.javascript.tests.MozillaSuiteTest" time="0.019"/>
  <testcase name="runMozillaTest[4414, js=testsrc/tests/js1_7/geniter/regress-359062.js, opt=0]" classname="org.mozilla.javascript.tests.MozillaSuiteTest" time="0.002"/>
  <testcase name="runMozillaTest[4415, js=testsrc/tests/js1_7/geniter/regress-366941.js, opt=0]" classname="org.mozilla.javascript.tests.MozillaSuiteTest" time="0.022"/>
  <testcase name="runMozillaTest[4416, js=testsrc/tests/js1_7/geniter/regress-382335.js, opt=0]" classname="org.mozilla.javascript.tests.MozillaSuiteTest" time="0.04"/>
  <testcase name="runMozillaTest[4417, js=testsrc/tests/js1_7/geniter/regress-387871.js, opt=0]" classname="org.mozilla.javascript.tests.MozillaSuiteTest" time="0.003"/>
  <testcase name="runMozillaTest[4418, js=testsrc/tests/js1_7/geniter/regress-390918.js, opt=0]" classname="org.mozilla.javascript.tests.MozillaSuiteTest" time="0.517"/>
  <testcase name="runMozillaTest[4419, js=testsrc/tests/js1_7/geniter/regress-392310.js, opt=0]" classname="org.mozilla.javascript.tests.MozillaSuiteTest" time="0.008"/>
  <testcase name="runMozillaTest[4420, js=testsrc/tests/js1_7/geniter/regress-466206.js, opt=0]" classname="org.mozilla.javascript.tests.MozillaSuiteTest" time="0.225"/>
  <testcase name="runMozillaTest[4421, js=testsrc/tests/js1_7/geniter/send-no-rhs.js, opt=0]" classname="org.mozilla.javascript.tests.MozillaSuiteTest" time="0.012"/>
  <testcase name="runMozillaTest[4422, js=testsrc/tests/js1_7/geniter/sequential-yields.js, opt=0]" classname="org.mozilla.javascript.tests.MozillaSuiteTest" time="0.033"/>
  <testcase name="runMozillaTest[4423, js=testsrc/tests/js1_7/geniter/simple-fib.js, opt=0]" classname="org.mozilla.javascript.tests.MozillaSuiteTest" time="0.009"/>
  <testcase name="runMozillaTest[4424, js=testsrc/tests/js1_7/geniter/throw-after-close.js, opt=0]" classname="org.mozilla.javascript.tests.MozillaSuiteTest" time="0.011"/>
  <testcase name="runMozillaTest[4425, js=testsrc/tests/js1_7/geniter/throw-forever.js, opt=0]" classname="org.mozilla.javascript.tests.MozillaSuiteTest" time="0.021"/>
  <testcase name="runMozillaTest[4426, js=testsrc/tests/js1_7/geniter/unreachable-yield.js, opt=0]" classname="org.mozilla.javascript.tests.MozillaSuiteTest" time="0.013"/>
  <testcase name="runMozillaTest[4427, js=testsrc/tests/js1_7/geniter/yield-undefined.js, opt=0]" classname="org.mozilla.javascript.tests.MozillaSuiteTest" time="0.035"/>
  <testcase name="runMozillaTest[4428, js=testsrc/tests/js1_7/iterable/regress-340526-01.js, opt=0]" classname="org.mozilla.javascript.tests.MozillaSuiteTest" time="0.004"/>
  <testcase name="runMozillaTest[4429, js=testsrc/tests/js1_7/iterable/regress-341496.js, opt=0]" classname="org.mozilla.javascript.tests.MozillaSuiteTest" time="0.038"/>
  <testcase name="runMozillaTest[4430, js=testsrc/tests/js1_7/iterable/regress-341499.js, opt=0]" classname="org.mozilla.javascript.tests.MozillaSuiteTest" time="0.203"/>
  <testcase name="runMozillaTest[4431, js=testsrc/tests/js1_7/iterable/regress-341510.js, opt=0]" classname="org.mozilla.javascript.tests.MozillaSuiteTest" time="0.203"/>
  <testcase name="runMozillaTest[4432, js=testsrc/tests/js1_7/iterable/regress-341815.js, opt=0]" classname="org.mozilla.javascript.tests.MozillaSuiteTest" time="0.008"/>
  <testcase name="runMozillaTest[4433, js=testsrc/tests/js1_7/iterable/regress-341821.js, opt=0]" classname="org.mozilla.javascript.tests.MozillaSuiteTest" time="0.033"/>
  <testcase name="runMozillaTest[4434, js=testsrc/tests/js1_7/iterable/regress-354750-01.js, opt=0]" classname="org.mozilla.javascript.tests.MozillaSuiteTest" time="0.022"/>
  <testcase name="runMozillaTest[4435, js=testsrc/tests/js1_7/iterable/regress-355025.js, opt=0]" classname="org.mozilla.javascript.tests.MozillaSuiteTest" time="0.009"/>
  <testcase name="runMozillaTest[4436, js=testsrc/tests/js1_7/iterable/regress-355075-01.js, opt=0]" classname="org.mozilla.javascript.tests.MozillaSuiteTest" time="0.003"/>
  <testcase name="runMozillaTest[4437, js=testsrc/tests/js1_7/iterable/regress-355075-02.js, opt=0]" classname="org.mozilla.javascript.tests.MozillaSuiteTest" time="0.026"/>
  <testcase name="runMozillaTest[4438, js=testsrc/tests/js1_7/iterable/regress-355090.js, opt=0]" classname="org.mozilla.javascript.tests.MozillaSuiteTest" time="0.005"/>
  <testcase name="runMozillaTest[4439, js=testsrc/tests/js1_7/iterable/regress-412467.js, opt=0]" classname="org.mozilla.javascript.tests.MozillaSuiteTest" time="0.025"/>
  <testcase name="runMozillaTest[4440, js=testsrc/tests/js1_7/iterable/regress-415922.js, opt=0]" classname="org.mozilla.javascript.tests.MozillaSuiteTest" time="0.029"/>
  <testcase name="runMozillaTest[4441, js=testsrc/tests/js1_7/lexical/regress-346642-04.js, opt=0]" classname="org.mozilla.javascript.tests.MozillaSuiteTest" time="0.004"/>
  <testcase name="runMozillaTest[4442, js=testsrc/tests/js1_7/regress/regress-352640-01.js, opt=0]" classname="org.mozilla.javascript.tests.MozillaSuiteTest" time="0.029"/>
  <testcase name="runMozillaTest[4443, js=testsrc/tests/js1_7/regress/regress-352640-02.js, opt=0]" classname="org.mozilla.javascript.tests.MozillaSuiteTest" time="0.003"/>
  <testcase name="runMozillaTest[4444, js=testsrc/tests/js1_7/regress/regress-352640-03.js, opt=0]" classname="org.mozilla.javascript.tests.MozillaSuiteTest" time="0.003"/>
  <testcase name="runMozillaTest[4445, js=testsrc/tests/js1_7/regress/regress-352640-04.js, opt=0]" classname="org.mozilla.javascript.tests.MozillaSuiteTest" time="0.041"/>
  <testcase name="runMozillaTest[4446, js=testsrc/tests/js1_7/regress/regress-352797-02.js, opt=0]" classname="org.mozilla.javascript.tests.MozillaSuiteTest" time="0.013"/>
  <testcase name="runMozillaTest[4447, js=testsrc/tests/js1_7/regress/regress-352870-03.js, opt=0]" classname="org.mozilla.javascript.tests.MozillaSuiteTest" time="0.004"/>
  <testcase name="runMozillaTest[4448, js=testsrc/tests/js1_7/regress/regress-353079.js, opt=0]" classname="org.mozilla.javascript.tests.MozillaSuiteTest" time="0.026"/>
  <testcase name="runMozillaTest[4449, js=testsrc/tests/js1_7/regress/regress-355023.js, opt=0]" classname="org.mozilla.javascript.tests.MozillaSuiteTest" time="0.007"/>
  <testcase name="runMozillaTest[4450, js=testsrc/tests/js1_7/regress/regress-355832-01.js, opt=0]" classname="org.mozilla.javascript.tests.MozillaSuiteTest" time="0.002"/>
  <testcase name="runMozillaTest[4451, js=testsrc/tests/js1_7/regress/regress-355832-02.js, opt=0]" classname="org.mozilla.javascript.tests.MozillaSuiteTest" time="0.02"/>
  <testcase name="runMozillaTest[4452, js=testsrc/tests/js1_7/regress/regress-361566.js, opt=0]" classname="org.mozilla.javascript.tests.MozillaSuiteTest" time="0.037"/>
  <testcase name="runMozillaTest[4453, js=testsrc/tests/js1_7/regress/regress-363040-02.js, opt=0]" classname="org.mozilla.javascript.tests.MozillaSuiteTest" time="0.005"/>
  <testcase name="runMozillaTest[4454, js=testsrc/tests/js1_7/regress/regress-369666-01.js, opt=0]" classname="org.mozilla.javascript.tests.MozillaSuiteTest" time="0.01"/>
  <testcase name="runMozillaTest[4455, js=testsrc/tests/js1_7/regress/regress-369666-02.js, opt=0]" classname="org.mozilla.javascript.tests.MozillaSuiteTest" time="0.025"/>
  <testcase name="runMozillaTest[4456, js=testsrc/tests/js1_7/regress/regress-372331.js, opt=0]" classname="org.mozilla.javascript.tests.MozillaSuiteTest" time="0.003"/>
  <testcase name="runMozillaTest[4457, js=testsrc/tests/js1_7/regress/regress-373827-01.js, opt=0]" classname="org.mozilla.javascript.tests.MozillaSuiteTest" time="0.02"/>
  <testcase name="runMozillaTest[4458, js=testsrc/tests/js1_7/regress/regress-373827-02.js, opt=0]" classname="org.mozilla.javascript.tests.MozillaSuiteTest" time="0.037"/>
  <testcase name="runMozillaTest[4459, js=testsrc/tests/js1_7/regress/regress-373828.js, opt=0]" classname="org.mozilla.javascript.tests.MozillaSuiteTest" time="0.004"/>
  <testcase name="runMozillaTest[4460, js=testsrc/tests/js1_7/regress/regress-379442.js, opt=0]" classname="org.mozilla.javascript.tests.MozillaSuiteTest" time="0.008"/>
  <testcase name="runMozillaTest[4461, js=testsrc/tests/js1_7/regress/regress-385393-05.js, opt=0]" classname="org.mozilla.javascript.tests.MozillaSuiteTest" time="0.028"/>
  <testcase name="runMozillaTest[4462, js=testsrc/tests/js1_7/regress/regress-387951.js, opt=0]" classname="org.mozilla.javascript.tests.MozillaSuiteTest" time="0.003"/>
  <testcase name="runMozillaTest[4463, js=testsrc/tests/js1_7/regress/regress-407727-01.js, opt=0]" classname="org.mozilla.javascript.tests.MozillaSuiteTest" time="0.002"/>
  <testcase name="runMozillaTest[4464, js=testsrc/tests/js1_7/regress/regress-407727-02.js, opt=0]" classname="org.mozilla.javascript.tests.MozillaSuiteTest" time="0.001"/>
  <testcase name="runMozillaTest[4465, js=testsrc/tests/js1_7/regress/regress-407957.js, opt=0]" classname="org.mozilla.javascript.tests.MozillaSuiteTest" time="0.019"/>
  <testcase name="runMozillaTest[4466, js=testsrc/tests/js1_7/regress/regress-414553.js, opt=0]" classname="org.mozilla.javascript.tests.MozillaSuiteTest" time="0.015"/>
  <testcase name="runMozillaTest[4467, js=testsrc/tests/js1_7/regress/regress-416601.js, opt=0]" classname="org.mozilla.javascript.tests.MozillaSuiteTest" time="0.02"/>
  <testcase name="runMozillaTest[4468, js=testsrc/tests/js1_7/regress/regress-416705.js, opt=0]" classname="org.mozilla.javascript.tests.MozillaSuiteTest" time="0.004"/>
  <testcase name="runMozillaTest[4469, js=testsrc/tests/js1_7/regress/regress-418641.js, opt=0]" classname="org.mozilla.javascript.tests.MozillaSuiteTest" time="0.042"/>
  <testcase name="runMozillaTest[4470, js=testsrc/tests/js1_7/regress/regress-419803.js, opt=0]" classname="org.mozilla.javascript.tests.MozillaSuiteTest" time="0.003"/>
  <testcase name="runMozillaTest[4471, js=testsrc/tests/js1_7/regress/regress-428706.js, opt=0]" classname="org.mozilla.javascript.tests.MozillaSuiteTest" time="0.005"/>
  <testcase name="runMozillaTest[4472, js=testsrc/tests/js1_7/regress/regress-428708.js, opt=0]" classname="org.mozilla.javascript.tests.MozillaSuiteTest" time="0.024"/>
  <testcase name="runMozillaTest[4473, js=testsrc/tests/js1_7/regress/regress-452703.js, opt=0]" classname="org.mozilla.javascript.tests.MozillaSuiteTest" time="0.023"/>
  <testcase name="runMozillaTest[4474, js=testsrc/tests/js1_7/regress/regress-452960.js, opt=0]" classname="org.mozilla.javascript.tests.MozillaSuiteTest" time="0.002"/>
  <testcase name="runMozillaTest[4475, js=testsrc/tests/js1_7/regress/regress-453049.js, opt=0]" classname="org.mozilla.javascript.tests.MozillaSuiteTest" time="0.005"/>
  <testcase name="runMozillaTest[4476, js=testsrc/tests/js1_7/regress/regress-453051.js, opt=0]" classname="org.mozilla.javascript.tests.MozillaSuiteTest" time="0.026"/>
  <testcase name="runMozillaTest[4477, js=testsrc/tests/js1_7/regress/regress-453411.js, opt=0]" classname="org.mozilla.javascript.tests.MozillaSuiteTest" time="0.011"/>
  <testcase name="runMozillaTest[4478, js=testsrc/tests/js1_7/regress/regress-461235.js, opt=0]" classname="org.mozilla.javascript.tests.MozillaSuiteTest" time="0.004"/>
  <testcase name="runMozillaTest[4479, js=testsrc/tests/js1_7/regress/regress-461945.js, opt=0]" classname="org.mozilla.javascript.tests.MozillaSuiteTest" time="0.013"/>
  <testcase name="runMozillaTest[4480, js=testsrc/tests/js1_7/regress/regress-462071.js, opt=0]" classname="org.mozilla.javascript.tests.MozillaSuiteTest" time="0.035"/>
  <testcase name="runMozillaTest[4481, js=testsrc/tests/js1_7/regress/regress-462282.js, opt=0]" classname="org.mozilla.javascript.tests.MozillaSuiteTest" time="0.003"/>
  <testcase name="runMozillaTest[4482, js=testsrc/tests/js1_7/regress/regress-462388.js, opt=0]" classname="org.mozilla.javascript.tests.MozillaSuiteTest" time="0.002"/>
  <testcase name="runMozillaTest[4483, js=testsrc/tests/js1_7/regress/regress-462407.js, opt=0]" classname="org.mozilla.javascript.tests.MozillaSuiteTest" time="0.026"/>
  <testcase name="runMozillaTest[4484, js=testsrc/tests/js1_7/regress/regress-464403.js, opt=0]" classname="org.mozilla.javascript.tests.MozillaSuiteTest" time="0.006"/>
  <testcase name="runMozillaTest[4485, js=testsrc/tests/js1_7/regress/regress-465236.js, opt=0]" classname="org.mozilla.javascript.tests.MozillaSuiteTest" time="0.006"/>
  <testcase name="runMozillaTest[4486, js=testsrc/tests/js1_7/regress/regress-465424.js, opt=0]" classname="org.mozilla.javascript.tests.MozillaSuiteTest" time="0.002"/>
  <testcase name="runMozillaTest[4487, js=testsrc/tests/js1_7/regress/regress-465484.js, opt=0]" classname="org.mozilla.javascript.tests.MozillaSuiteTest" time="0.019"/>
  <testcase name="runMozillaTest[4488, js=testsrc/tests/js1_7/regress/regress-465686.js, opt=0]" classname="org.mozilla.javascript.tests.MozillaSuiteTest" time="0.015"/>
  <testcase name="runMozillaTest[4489, js=testsrc/tests/js1_7/regress/regress-469239-01.js, opt=0]" classname="org.mozilla.javascript.tests.MozillaSuiteTest" time="0.023"/>
  <testcase name="runMozillaTest[4490, js=testsrc/tests/js1_7/regress/regress-469239-02.js, opt=0]" classname="org.mozilla.javascript.tests.MozillaSuiteTest" time="0.003"/>
  <testcase name="runMozillaTest[4491, js=testsrc/tests/js1_7/regress/regress-470223.js, opt=0]" classname="org.mozilla.javascript.tests.MozillaSuiteTest" time="0.034"/>
  <testcase name="runMozillaTest[4492, js=testsrc/tests/js1_7/regress/regress-470388-01.js, opt=0]" classname="org.mozilla.javascript.tests.MozillaSuiteTest" time="0.006"/>
  <testcase name="runMozillaTest[4493, js=testsrc/tests/js1_7/regress/regress-470388-02.js, opt=0]" classname="org.mozilla.javascript.tests.MozillaSuiteTest" time="0.003"/>
  <testcase name="runMozillaTest[4494, js=testsrc/tests/js1_7/regress/regress-470388-03.js, opt=0]" classname="org.mozilla.javascript.tests.MozillaSuiteTest" time="0.031"/>
  <testcase name="runMozillaTest[4495, js=testsrc/tests/js1_7/regress/regress-474771.js, opt=0]" classname="org.mozilla.javascript.tests.MozillaSuiteTest" time="0.003"/>
  <testcase name="runMozillaTest[4496, js=testsrc/tests/js1_8/decompilation/regress-260106.js, opt=0]" classname="org.mozilla.javascript.tests.MozillaSuiteTest" time="0.022"/>
  <testcase name="runMozillaTest[4497, js=testsrc/tests/js1_8/decompilation/regress-381504.js, opt=0]" classname="org.mozilla.javascript.tests.MozillaSuiteTest" time="0.027"/>
  <testcase name="runMozillaTest[4498, js=testsrc/tests/js1_8/decompilation/regress-461233.js, opt=0]" classname="org.mozilla.javascript.tests.MozillaSuiteTest" time="0.009"/>
  <testcase name="runMozillaTest[4499, js=testsrc/tests/js1_8/decompilation/regress-469625-01.js, opt=0]" classname="org.mozilla.javascript.tests.MozillaSuiteTest" time="0.035"/>
  <testcase name="runMozillaTest[4500, js=testsrc/tests/js1_8/extensions/dekker.js, opt=0]" classname="org.mozilla.javascript.tests.MozillaSuiteTest" time="0.004"/>
  <testcase name="runMozillaTest[4501, js=testsrc/tests/js1_8/extensions/for-in.js, opt=0]" classname="org.mozilla.javascript.tests.MozillaSuiteTest" time="0.025"/>
  <testcase name="runMozillaTest[4502, js=testsrc/tests/js1_8/extensions/lamport.js, opt=0]" classname="org.mozilla.javascript.tests.MozillaSuiteTest" time="0.028"/>
  <testcase name="runMozillaTest[4503, js=testsrc/tests/js1_8/extensions/peterson.js, opt=0]" classname="org.mozilla.javascript.tests.MozillaSuiteTest" time="0.007"/>
  <testcase name="runMozillaTest[4504, js=testsrc/tests/js1_8/extensions/regress-378789.js, opt=0]" classname="org.mozilla.javascript.tests.MozillaSuiteTest" time="0.028"/>
  <testcase name="runMozillaTest[4505, js=testsrc/tests/js1_8/extensions/regress-385393-01.js, opt=0]" classname="org.mozilla.javascript.tests.MozillaSuiteTest" time="0.004"/>
  <testcase name="runMozillaTest[4506, js=testsrc/tests/js1_8/extensions/regress-385393-10.js, opt=0]" classname="org.mozilla.javascript.tests.MozillaSuiteTest" time="0.009"/>
  <testcase name="runMozillaTest[4507, js=testsrc/tests/js1_8/extensions/regress-385393-11.js, opt=0]" classname="org.mozilla.javascript.tests.MozillaSuiteTest" time="0.027"/>
  <testcase name="runMozillaTest[4508, js=testsrc/tests/js1_8/extensions/regress-415721.js, opt=0]" classname="org.mozilla.javascript.tests.MozillaSuiteTest" time="0.01"/>
  <testcase name="runMozillaTest[4509, js=testsrc/tests/js1_8/extensions/regress-417817.js, opt=0]" classname="org.mozilla.javascript.tests.MozillaSuiteTest" time="0.003"/>
  <testcase name="runMozillaTest[4510, js=testsrc/tests/js1_8/extensions/regress-419091.js, opt=0]" classname="org.mozilla.javascript.tests.MozillaSuiteTest" time="0.019"/>
  <testcase name="runMozillaTest[4511, js=testsrc/tests/js1_8/extensions/regress-422269.js, opt=0]" classname="org.mozilla.javascript.tests.MozillaSuiteTest" time="0.005"/>
  <testcase name="runMozillaTest[4512, js=testsrc/tests/js1_8/extensions/regress-445818.js, opt=0]" classname="org.mozilla.javascript.tests.MozillaSuiteTest" time="0.033"/>
  <testcase name="runMozillaTest[4513, js=testsrc/tests/js1_8/extensions/regress-446169-01.js, opt=0]" classname="org.mozilla.javascript.tests.MozillaSuiteTest" time="0.003"/>
  <testcase name="runMozillaTest[4514, js=testsrc/tests/js1_8/extensions/regress-446169-02.js, opt=0]" classname="org.mozilla.javascript.tests.MozillaSuiteTest" time="0.273"/>
  <testcase name="runMozillaTest[4515, js=testsrc/tests/js1_8/extensions/regress-452476.js, opt=0]" classname="org.mozilla.javascript.tests.MozillaSuiteTest" time="0.004"/>
  <testcase name="runMozillaTest[4516, js=testsrc/tests/js1_8/extensions/regress-452913.js, opt=0]" classname="org.mozilla.javascript.tests.MozillaSuiteTest" time="0.014"/>
  <testcase name="runMozillaTest[4517, js=testsrc/tests/js1_8/extensions/regress-454744.js, opt=0]" classname="org.mozilla.javascript.tests.MozillaSuiteTest" time="0.025"/>
  <testcase name="runMozillaTest[4518, js=testsrc/tests/js1_8/extensions/regress-455973.js, opt=0]" classname="org.mozilla.javascript.tests.MozillaSuiteTest" time="0.012"/>
  <testcase name="runMozillaTest[4519, js=testsrc/tests/js1_8/extensions/regress-465337.js, opt=0]" classname="org.mozilla.javascript.tests.MozillaSuiteTest" time="0.004"/>
  <testcase name="runMozillaTest[4520, js=testsrc/tests/js1_8/extensions/regress-471197.js, opt=0]" classname="org.mozilla.javascript.tests.MozillaSuiteTest" time="0.029"/>
  <testcase name="runMozillaTest[4521, js=testsrc/tests/js1_8/extensions/regress-475971.js, opt=0]" classname="org.mozilla.javascript.tests.MozillaSuiteTest" time="0.008"/>
  <testcase name="runMozillaTest[4522, js=testsrc/tests/js1_8/extensions/regress-476653.js, opt=0]" classname="org.mozilla.javascript.tests.MozillaSuiteTest" time="0.015"/>
  <testcase name="runMozillaTest[4523, js=testsrc/tests/js1_8/extensions/regress-476871-02.js, opt=0]" classname="org.mozilla.javascript.tests.MozillaSuiteTest" time="0.024"/>
  <testcase name="runMozillaTest[4524, js=testsrc/tests/js1_8/extensions/regress-479252.js, opt=0]" classname="org.mozilla.javascript.tests.MozillaSuiteTest" time="0.008"/>
  <testcase name="runMozillaTest[4525, js=testsrc/tests/js1_8/extensions/regress-479381.js, opt=0]" classname="org.mozilla.javascript.tests.MozillaSuiteTest" time="0.013"/>
  <testcase name="runMozillaTest[4526, js=testsrc/tests/js1_8/extensions/simple-tree.js, opt=0]" classname="org.mozilla.javascript.tests.MozillaSuiteTest" time="0.003"/>
  <testcase name="runMozillaTest[4527, js=testsrc/tests/js1_8/genexps/regress-347739.js, opt=0]" classname="org.mozilla.javascript.tests.MozillaSuiteTest" time="0.034"/>
  <testcase name="runMozillaTest[4528, js=testsrc/tests/js1_8/regress/regress-404734.js, opt=0]" classname="org.mozilla.javascript.tests.MozillaSuiteTest" time="0.004"/>
  <testcase name="runMozillaTest[4529, js=testsrc/tests/js1_8/regress/regress-427798.js, opt=0]" classname="org.mozilla.javascript.tests.MozillaSuiteTest" time="0.464"/>
  <testcase name="runMozillaTest[4530, js=testsrc/tests/js1_8/regress/regress-433279-01.js, opt=0]" classname="org.mozilla.javascript.tests.MozillaSuiteTest" time="0.002"/>
  <testcase name="runMozillaTest[4531, js=testsrc/tests/js1_8/regress/regress-433279-02.js, opt=0]" classname="org.mozilla.javascript.tests.MozillaSuiteTest" time="0.021"/>
  <testcase name="runMozillaTest[4532, js=testsrc/tests/js1_8/regress/regress-433279-03.js, opt=0]" classname="org.mozilla.javascript.tests.MozillaSuiteTest" time="0.009"/>
  <testcase name="runMozillaTest[4533, js=testsrc/tests/js1_8/regress/regress-452491.js, opt=0]" classname="org.mozilla.javascript.tests.MozillaSuiteTest" time="0.022"/>
  <testcase name="runMozillaTest[4534, js=testsrc/tests/js1_8/regress/regress-457065-01.js, opt=0]" classname="org.mozilla.javascript.tests.MozillaSuiteTest" time="0.018"/>
  <testcase name="runMozillaTest[4535, js=testsrc/tests/js1_8/regress/regress-457065-02.js, opt=0]" classname="org.mozilla.javascript.tests.MozillaSuiteTest" time="0.023"/>
  <testcase name="runMozillaTest[4536, js=testsrc/tests/js1_8/regress/regress-458076.js, opt=0]" classname="org.mozilla.javascript.tests.MozillaSuiteTest" time="0.009"/>
  <testcase name="runMozillaTest[4537, js=testsrc/tests/js1_8/regress/regress-459389.js, opt=0]" classname="org.mozilla.javascript.tests.MozillaSuiteTest" time="0.029"/>
  <testcase name="runMozillaTest[4538, js=testsrc/tests/js1_8/regress/regress-461930.js, opt=0]" classname="org.mozilla.javascript.tests.MozillaSuiteTest" time="0.502"/>
  <testcase name="runMozillaTest[4539, js=testsrc/tests/js1_8/regress/regress-461932.js, opt=0]" classname="org.mozilla.javascript.tests.MozillaSuiteTest" time="0.014"/>
  <testcase name="runMozillaTest[4540, js=testsrc/tests/js1_8/regress/regress-463334-01.js, opt=0]" classname="org.mozilla.javascript.tests.MozillaSuiteTest" time="0.043"/>
  <testcase name="runMozillaTest[4541, js=testsrc/tests/js1_8/regress/regress-463334-02.js, opt=0]" classname="org.mozilla.javascript.tests.MozillaSuiteTest" time="0.003"/>
  <testcase name="runMozillaTest[4542, js=testsrc/tests/js1_8/regress/regress-463783.js, opt=0]" classname="org.mozilla.javascript.tests.MozillaSuiteTest" time="0.003"/>
  <testcase name="runMozillaTest[4543, js=testsrc/tests/js1_8/regress/regress-464092-01.js, opt=0]" classname="org.mozilla.javascript.tests.MozillaSuiteTest" time="0.025"/>
  <testcase name="runMozillaTest[4544, js=testsrc/tests/js1_8/regress/regress-464092-02.js, opt=0]" classname="org.mozilla.javascript.tests.MozillaSuiteTest" time="0.008"/>
  <testcase name="runMozillaTest[4545, js=testsrc/tests/js1_8/regress/regress-464096.js, opt=0]" classname="org.mozilla.javascript.tests.MozillaSuiteTest" time="0.118"/>
  <testcase name="runMozillaTest[4546, js=testsrc/tests/js1_8/regress/regress-464418.js, opt=0]" classname="org.mozilla.javascript.tests.MozillaSuiteTest" time="0.053"/>
  <testcase name="runMozillaTest[4547, js=testsrc/tests/js1_8/regress/regress-464978.js, opt=0]" classname="org.mozilla.javascript.tests.MozillaSuiteTest" time="0.018"/>
  <testcase name="runMozillaTest[4548, js=testsrc/tests/js1_8/regress/regress-465220.js, opt=0]" classname="org.mozilla.javascript.tests.MozillaSuiteTest" time="0.005"/>
  <testcase name="runMozillaTest[4549, js=testsrc/tests/js1_8/regress/regress-465234.js, opt=0]" classname="org.mozilla.javascript.tests.MozillaSuiteTest" time="0.024"/>
  <testcase name="runMozillaTest[4550, js=testsrc/tests/js1_8/regress/regress-465239.js, opt=0]" classname="org.mozilla.javascript.tests.MozillaSuiteTest" time="0.007"/>
  <testcase name="runMozillaTest[4551, js=testsrc/tests/js1_8/regress/regress-465241.js, opt=0]" classname="org.mozilla.javascript.tests.MozillaSuiteTest" time="0.036"/>
  <testcase name="runMozillaTest[4552, js=testsrc/tests/js1_8/regress/regress-465249.js, opt=0]" classname="org.mozilla.javascript.tests.MozillaSuiteTest" time="0.003"/>
  <testcase name="runMozillaTest[4553, js=testsrc/tests/js1_8/regress/regress-465261.js, opt=0]" classname="org.mozilla.javascript.tests.MozillaSuiteTest" time="0.003"/>
  <testcase name="runMozillaTest[4554, js=testsrc/tests/js1_8/regress/regress-465308.js, opt=0]" classname="org.mozilla.javascript.tests.MozillaSuiteTest" time="0.006"/>
  <testcase name="runMozillaTest[4555, js=testsrc/tests/js1_8/regress/regress-465454.js, opt=0]" classname="org.mozilla.javascript.tests.MozillaSuiteTest" time="0.021"/>
  <testcase name="runMozillaTest[4556, js=testsrc/tests/js1_8/regress/regress-465460-02.js, opt=0]" classname="org.mozilla.javascript.tests.MozillaSuiteTest" time="0.008"/>
  <testcase name="runMozillaTest[4557, js=testsrc/tests/js1_8/regress/regress-465460-03.js, opt=0]" classname="org.mozilla.javascript.tests.MozillaSuiteTest" time="0.016"/>
  <testcase name="runMozillaTest[4558, js=testsrc/tests/js1_8/regress/regress-465460-04.js, opt=0]" classname="org.mozilla.javascript.tests.MozillaSuiteTest" time="0.023"/>
  <testcase name="runMozillaTest[4559, js=testsrc/tests/js1_8/regress/regress-465460-05.js, opt=0]" classname="org.mozilla.javascript.tests.MozillaSuiteTest" time="0.002"/>
  <testcase name="runMozillaTest[4560, js=testsrc/tests/js1_8/regress/regress-465460-06.js, opt=0]" classname="org.mozilla.javascript.tests.MozillaSuiteTest" time="0.028"/>
  <testcase name="runMozillaTest[4561, js=testsrc/tests/js1_8/regress/regress-465460-07.js, opt=0]" classname="org.mozilla.javascript.tests.MozillaSuiteTest" time="0.014"/>
  <testcase name="runMozillaTest[4562, js=testsrc/tests/js1_8/regress/regress-465460-08.js, opt=0]" classname="org.mozilla.javascript.tests.MozillaSuiteTest" time="0.002"/>
  <testcase name="runMozillaTest[4563, js=testsrc/tests/js1_8/regress/regress-465460-09.js, opt=0]" classname="org.mozilla.javascript.tests.MozillaSuiteTest" time="0.005"/>
  <testcase name="runMozillaTest[4564, js=testsrc/tests/js1_8/regress/regress-465460-10.js, opt=0]" classname="org.mozilla.javascript.tests.MozillaSuiteTest" time="0.016"/>
  <testcase name="runMozillaTest[4565, js=testsrc/tests/js1_8/regress/regress-465460-11.js, opt=0]" classname="org.mozilla.javascript.tests.MozillaSuiteTest" time="0.023"/>
  <testcase name="runMozillaTest[4566, js=testsrc/tests/js1_8/regress/regress-465460-12.js, opt=0]" classname="org.mozilla.javascript.tests.MozillaSuiteTest" time="0.03"/>
  <testcase name="runMozillaTest[4567, js=testsrc/tests/js1_8/regress/regress-465483.js, opt=0]" classname="org.mozilla.javascript.tests.MozillaSuiteTest" time="0.003"/>
  <testcase name="runMozillaTest[4568, js=testsrc/tests/js1_8/regress/regress-465567-01.js, opt=0]" classname="org.mozilla.javascript.tests.MozillaSuiteTest" time="0.002"/>
  <testcase name="runMozillaTest[4569, js=testsrc/tests/js1_8/regress/regress-465567-02.js, opt=0]" classname="org.mozilla.javascript.tests.MozillaSuiteTest" time="0.015"/>
  <testcase name="runMozillaTest[4570, js=testsrc/tests/js1_8/regress/regress-465688.js, opt=0]" classname="org.mozilla.javascript.tests.MozillaSuiteTest" time="0.014"/>
  <testcase name="runMozillaTest[4571, js=testsrc/tests/js1_8/regress/regress-466128.js, opt=0]" classname="org.mozilla.javascript.tests.MozillaSuiteTest" time="0.007"/>
  <testcase name="runMozillaTest[4572, js=testsrc/tests/js1_8/regress/regress-466787.js, opt=0]" classname="org.mozilla.javascript.tests.MozillaSuiteTest" time="0.016"/>
  <testcase name="runMozillaTest[4573, js=testsrc/tests/js1_8/regress/regress-467495-01.js, opt=0]" classname="org.mozilla.javascript.tests.MozillaSuiteTest" time="0.024"/>
  <testcase name="runMozillaTest[4574, js=testsrc/tests/js1_8/regress/regress-467495-02.js, opt=0]" classname="org.mozilla.javascript.tests.MozillaSuiteTest" time="0.023"/>
  <testcase name="runMozillaTest[4575, js=testsrc/tests/js1_8/regress/regress-467495-04.js, opt=0]" classname="org.mozilla.javascript.tests.MozillaSuiteTest" time="0.003"/>
  <testcase name="runMozillaTest[4576, js=testsrc/tests/js1_8/regress/regress-467495-06.js, opt=0]" classname="org.mozilla.javascript.tests.MozillaSuiteTest" time="0.023"/>
  <testcase name="runMozillaTest[4577, js=testsrc/tests/js1_8/regress/regress-468711.js, opt=0]" classname="org.mozilla.javascript.tests.MozillaSuiteTest" time="0.008"/>
  <testcase name="runMozillaTest[4578, js=testsrc/tests/js1_8/regress/regress-469547.js, opt=0]" classname="org.mozilla.javascript.tests.MozillaSuiteTest" time="0.004"/>
  <testcase name="runMozillaTest[4579, js=testsrc/tests/js1_8/regress/regress-469625-02.js, opt=0]" classname="org.mozilla.javascript.tests.MozillaSuiteTest" time="0.015"/>
  <testcase name="runMozillaTest[4580, js=testsrc/tests/js1_8/regress/regress-471660.js, opt=0]" classname="org.mozilla.javascript.tests.MozillaSuiteTest" time="0.043"/>
  <testcase name="runMozillaTest[4581, js=testsrc/tests/js1_8/regress/regress-472450-01.js, opt=0]" classname="org.mozilla.javascript.tests.MozillaSuiteTest" time="0.004"/>
  <testcase name="runMozillaTest[4582, js=testsrc/tests/js1_8/regress/regress-472450-02.js, opt=0]" classname="org.mozilla.javascript.tests.MozillaSuiteTest" time="0.003"/>
  <testcase name="runMozillaTest[4583, js=testsrc/tests/js1_8/regress/regress-472528-01.js, opt=0]" classname="org.mozilla.javascript.tests.MozillaSuiteTest" time="0.024"/>
  <testcase name="runMozillaTest[4584, js=testsrc/tests/js1_8/regress/regress-472528-02.js, opt=0]" classname="org.mozilla.javascript.tests.MozillaSuiteTest" time="0.009"/>
  <testcase name="runMozillaTest[4585, js=testsrc/tests/js1_8/regress/regress-472703.js, opt=0]" classname="org.mozilla.javascript.tests.MozillaSuiteTest" time="0.02"/>
  <testcase name="runMozillaTest[4586, js=testsrc/tests/js1_8/regress/regress-474769.js, opt=0]" classname="org.mozilla.javascript.tests.MozillaSuiteTest" time="0.02"/>
  <testcase name="runMozillaTest[4587, js=testsrc/tests/js1_8/regress/regress-474771.js, opt=0]" classname="org.mozilla.javascript.tests.MozillaSuiteTest" time="0.02"/>
  <testcase name="runMozillaTest[4588, js=testsrc/tests/js1_8/regress/regress-474935.js, opt=0]" classname="org.mozilla.javascript.tests.MozillaSuiteTest" time="0.003"/>
  <testcase name="runMozillaTest[4589, js=testsrc/tests/js1_8/regress/regress-476655.js, opt=0]" classname="org.mozilla.javascript.tests.MozillaSuiteTest" time="0.017"/>
  <testcase name="runMozillaTest[4590, js=testsrc/tests/js1_8/regress/regress-477581.js, opt=0]" classname="org.mozilla.javascript.tests.MozillaSuiteTest" time="0.012"/>
  <testcase name="runMozillaTest[4591, js=testsrc/tests/js1_8/regress/regress-478205.js, opt=0]" classname="org.mozilla.javascript.tests.MozillaSuiteTest" time="0.009"/>
  <testcase name="runMozillaTest[4592, js=testsrc/tests/js1_8/regress/regress-479353.js, opt=0]" classname="org.mozilla.javascript.tests.MozillaSuiteTest" time="0.03"/>
  <testcase name="runMozillaTest[4593, js=testsrc/tests/js1_8/regress/regress-479740.js, opt=0]" classname="org.mozilla.javascript.tests.MozillaSuiteTest" time="0.029"/>
  <testcase name="runMozillaTest[4594, js=testsrc/tests/js1_8/regress/regress-481800.js, opt=0]" classname="org.mozilla.javascript.tests.MozillaSuiteTest" time="0.003"/>
  <testcase name="runMozillaTest[4595, js=testsrc/tests/js1_8/regress/regress-483749.js, opt=0]" classname="org.mozilla.javascript.tests.MozillaSuiteTest" time="0.002"/>
  <testcase name="runMozillaTest[4596, js=testsrc/tests/js1_8_1/JSON/regress-458959.js, opt=0]" classname="org.mozilla.javascript.tests.MozillaSuiteTest" time="0.026"/>
  <testcase name="runMozillaTest[4597, js=testsrc/tests/js1_8_1/JSON/regress-459293.js, opt=0]" classname="org.mozilla.javascript.tests.MozillaSuiteTest" time="0.007"/>
  <testcase name="runMozillaTest[4598, js=testsrc/tests/js1_8_1/decompilation/regress-371802.js, opt=0]" classname="org.mozilla.javascript.tests.MozillaSuiteTest" time="0.018"/>
  <testcase name="runMozillaTest[4599, js=testsrc/tests/js1_8_1/extensions/regress-466905-04.js, opt=0]" classname="org.mozilla.javascript.tests.MozillaSuiteTest" time="0.022"/>
  <testcase name="runMozillaTest[4600, js=testsrc/tests/js1_8_1/extensions/regress-466905-05.js, opt=0]" classname="org.mozilla.javascript.tests.MozillaSuiteTest" time="0.025"/>
  <testcase name="runMozillaTest[4601, js=testsrc/tests/js1_8_1/extensions/regress-477158.js, opt=0]" classname="org.mozilla.javascript.tests.MozillaSuiteTest" time="0.008"/>
  <testcase name="runMozillaTest[4602, js=testsrc/tests/js1_8_1/extensions/regress-477187.js, opt=0]" classname="org.mozilla.javascript.tests.MozillaSuiteTest" time="0.007"/>
  <testcase name="runMozillaTest[4603, js=testsrc/tests/js1_8_1/regress/regress-452498-006.js, opt=0]" classname="org.mozilla.javascript.tests.MozillaSuiteTest" time="0.026"/>
  <testcase name="runMozillaTest[4604, js=testsrc/tests/js1_8_1/regress/regress-452498-027.js, opt=0]" classname="org.mozilla.javascript.tests.MozillaSuiteTest" time="0.008"/>
  <testcase name="runMozillaTest[4605, js=testsrc/tests/js1_8_1/regress/regress-452498-030.js, opt=0]" classname="org.mozilla.javascript.tests.MozillaSuiteTest" time="0.008"/>
  <testcase name="runMozillaTest[4606, js=testsrc/tests/js1_8_1/regress/regress-452498-038.js, opt=0]" classname="org.mozilla.javascript.tests.MozillaSuiteTest" time="0.032"/>
  <testcase name="runMozillaTest[4607, js=testsrc/tests/js1_8_1/regress/regress-452498-040.js, opt=0]" classname="org.mozilla.javascript.tests.MozillaSuiteTest" time="0.003"/>
  <testcase name="runMozillaTest[4608, js=testsrc/tests/js1_8_1/regress/regress-452498-050.js, opt=0]" classname="org.mozilla.javascript.tests.MozillaSuiteTest" time="0.015"/>
  <testcase name="runMozillaTest[4609, js=testsrc/tests/js1_8_1/regress/regress-452498-051.js, opt=0]" classname="org.mozilla.javascript.tests.MozillaSuiteTest" time="0.006"/>
  <testcase name="runMozillaTest[4610, js=testsrc/tests/js1_8_1/regress/regress-452498-052-a.js, opt=0]" classname="org.mozilla.javascript.tests.MozillaSuiteTest" time="0.027"/>
  <testcase name="runMozillaTest[4611, js=testsrc/tests/js1_8_1/regress/regress-452498-058.js, opt=0]" classname="org.mozilla.javascript.tests.MozillaSuiteTest" time="0.003"/>
  <testcase name="runMozillaTest[4612, js=testsrc/tests/js1_8_1/regress/regress-452498-062.js, opt=0]" classname="org.mozilla.javascript.tests.MozillaSuiteTest" time="0.03"/>
  <testcase name="runMozillaTest[4613, js=testsrc/tests/js1_8_1/regress/regress-452498-063.js, opt=0]" classname="org.mozilla.javascript.tests.MozillaSuiteTest" time="0.016"/>
  <testcase name="runMozillaTest[4614, js=testsrc/tests/js1_8_1/regress/regress-452498-071.js, opt=0]" classname="org.mozilla.javascript.tests.MozillaSuiteTest" time="0.003"/>
  <testcase name="runMozillaTest[4615, js=testsrc/tests/js1_8_1/regress/regress-452498-072.js, opt=0]" classname="org.mozilla.javascript.tests.MozillaSuiteTest" time="0.002"/>
  <testcase name="runMozillaTest[4616, js=testsrc/tests/js1_8_1/regress/regress-452498-073.js, opt=0]" classname="org.mozilla.javascript.tests.MozillaSuiteTest" time="0.027"/>
  <testcase name="runMozillaTest[4617, js=testsrc/tests/js1_8_1/regress/regress-452498-074.js, opt=0]" classname="org.mozilla.javascript.tests.MozillaSuiteTest" time="0.003"/>
  <testcase name="runMozillaTest[4618, js=testsrc/tests/js1_8_1/regress/regress-452498-075.js, opt=0]" classname="org.mozilla.javascript.tests.MozillaSuiteTest" time="0.013"/>
  <testcase name="runMozillaTest[4619, js=testsrc/tests/js1_8_1/regress/regress-452498-076.js, opt=0]" classname="org.mozilla.javascript.tests.MozillaSuiteTest" time="0.002"/>
  <testcase name="runMozillaTest[4620, js=testsrc/tests/js1_8_1/regress/regress-452498-077.js, opt=0]" classname="org.mozilla.javascript.tests.MozillaSuiteTest" time="0.014"/>
  <testcase name="runMozillaTest[4621, js=testsrc/tests/js1_8_1/regress/regress-452498-079.js, opt=0]" classname="org.mozilla.javascript.tests.MozillaSuiteTest" time="0.026"/>
  <testcase name="runMozillaTest[4622, js=testsrc/tests/js1_8_1/regress/regress-452498-101.js, opt=0]" classname="org.mozilla.javascript.tests.MozillaSuiteTest" time="0.023"/>
  <testcase name="runMozillaTest[4623, js=testsrc/tests/js1_8_1/regress/regress-452498-102.js, opt=0]" classname="org.mozilla.javascript.tests.MozillaSuiteTest" time="0.009"/>
  <testcase name="runMozillaTest[4624, js=testsrc/tests/js1_8_1/regress/regress-452498-103.js, opt=0]" classname="org.mozilla.javascript.tests.MozillaSuiteTest" time="0.01"/>
  <testcase name="runMozillaTest[4625, js=testsrc/tests/js1_8_1/regress/regress-452498-104.js, opt=0]" classname="org.mozilla.javascript.tests.MozillaSuiteTest" time="0.01"/>
  <testcase name="runMozillaTest[4626, js=testsrc/tests/js1_8_1/regress/regress-452498-108.js, opt=0]" classname="org.mozilla.javascript.tests.MozillaSuiteTest" time="0.02"/>
  <testcase name="runMozillaTest[4627, js=testsrc/tests/js1_8_1/regress/regress-452498-111.js, opt=0]" classname="org.mozilla.javascript.tests.MozillaSuiteTest" time="0.018"/>
  <testcase name="runMozillaTest[4628, js=testsrc/tests/js1_8_1/regress/regress-452498-114-a.js, opt=0]" classname="org.mozilla.javascript.tests.MozillaSuiteTest" time="0.02"/>
  <testcase name="runMozillaTest[4629, js=testsrc/tests/js1_8_1/regress/regress-452498-114.js, opt=0]" classname="org.mozilla.javascript.tests.MozillaSuiteTest" time="0.003"/>
  <testcase name="runMozillaTest[4630, js=testsrc/tests/js1_8_1/regress/regress-452498-116.js, opt=0]" classname="org.mozilla.javascript.tests.MozillaSuiteTest" time="0.017"/>
  <testcase name="runMozillaTest[4631, js=testsrc/tests/js1_8_1/regress/regress-452498-118.js, opt=0]" classname="org.mozilla.javascript.tests.MozillaSuiteTest" time="0.012"/>
  <testcase name="runMozillaTest[4632, js=testsrc/tests/js1_8_1/regress/regress-452498-121.js, opt=0]" classname="org.mozilla.javascript.tests.MozillaSuiteTest" time="0.009"/>
  <testcase name="runMozillaTest[4633, js=testsrc/tests/js1_8_1/regress/regress-452498-123.js, opt=0]" classname="org.mozilla.javascript.tests.MozillaSuiteTest" time="0.016"/>
  <testcase name="runMozillaTest[4634, js=testsrc/tests/js1_8_1/regress/regress-452498-129.js, opt=0]" classname="org.mozilla.javascript.tests.MozillaSuiteTest" time="0.042"/>
  <testcase name="runMozillaTest[4635, js=testsrc/tests/js1_8_1/regress/regress-452498-130.js, opt=0]" classname="org.mozilla.javascript.tests.MozillaSuiteTest" time="0.004"/>
  <testcase name="runMozillaTest[4636, js=testsrc/tests/js1_8_1/regress/regress-452498-131.js, opt=0]" classname="org.mozilla.javascript.tests.MozillaSuiteTest" time="0.006"/>
  <testcase name="runMozillaTest[4637, js=testsrc/tests/js1_8_1/regress/regress-452498-135-a.js, opt=0]" classname="org.mozilla.javascript.tests.MozillaSuiteTest" time="0.026"/>
  <testcase name="runMozillaTest[4638, js=testsrc/tests/js1_8_1/regress/regress-452498-155.js, opt=0]" classname="org.mozilla.javascript.tests.MozillaSuiteTest" time="0.008"/>
  <testcase name="runMozillaTest[4639, js=testsrc/tests/js1_8_1/regress/regress-452498-168-1.js, opt=0]" classname="org.mozilla.javascript.tests.MozillaSuiteTest" time="0.034"/>
  <testcase name="runMozillaTest[4640, js=testsrc/tests/js1_8_1/regress/regress-452498-176.js, opt=0]" classname="org.mozilla.javascript.tests.MozillaSuiteTest" time="0.002"/>
  <testcase name="runMozillaTest[4641, js=testsrc/tests/js1_8_1/regress/regress-452498-181.js, opt=0]" classname="org.mozilla.javascript.tests.MozillaSuiteTest" time="0.01"/>
  <testcase name="runMozillaTest[4642, js=testsrc/tests/js1_8_1/regress/regress-452498-184.js, opt=0]" classname="org.mozilla.javascript.tests.MozillaSuiteTest" time="0.025"/>
  <testcase name="runMozillaTest[4643, js=testsrc/tests/js1_8_1/regress/regress-452498-192.js, opt=0]" classname="org.mozilla.javascript.tests.MozillaSuiteTest" time="0.007"/>
  <testcase name="runMozillaTest[4644, js=testsrc/tests/js1_8_1/regress/regress-466905-01.js, opt=0]" classname="org.mozilla.javascript.tests.MozillaSuiteTest" time="0.011"/>
  <testcase name="runMozillaTest[4645, js=testsrc/tests/js1_8_1/regress/regress-466905-02.js, opt=0]" classname="org.mozilla.javascript.tests.MozillaSuiteTest" time="0.024"/>
  <testcase name="runMozillaTest[4646, js=testsrc/tests/js1_8_1/regress/regress-479430-01.js, opt=0]" classname="org.mozilla.javascript.tests.MozillaSuiteTest" time="0.016"/>
  <testcase name="runMozillaTest[4647, js=testsrc/tests/js1_8_1/regress/regress-479430-02.js, opt=0]" classname="org.mozilla.javascript.tests.MozillaSuiteTest" time="0.012"/>
  <testcase name="runMozillaTest[4648, js=testsrc/tests/js1_8_1/regress/regress-479430-03.js, opt=0]" classname="org.mozilla.javascript.tests.MozillaSuiteTest" time="0.02"/>
  <testcase name="runMozillaTest[4649, js=testsrc/tests/js1_8_1/regress/regress-479430-04.js, opt=0]" classname="org.mozilla.javascript.tests.MozillaSuiteTest" time="0.003"/>
  <testcase name="runMozillaTest[4650, js=testsrc/tests/js1_8_1/regress/regress-479430-05.js, opt=0]" classname="org.mozilla.javascript.tests.MozillaSuiteTest" time="0.014"/>
  <testcase name="runMozillaTest[4651, js=testsrc/tests/js1_8_1/regress/regress-495907.js, opt=0]" classname="org.mozilla.javascript.tests.MozillaSuiteTest" time="0.013"/>
  <testcase name="runMozillaTest[4652, js=testsrc/tests/js1_8_1/trace/math-trace-tests.js, opt=0]" classname="org.mozilla.javascript.tests.MozillaSuiteTest" time="0.339"/>
  <testcase name="runMozillaTest[4653, js=testsrc/tests/js1_8_1/trace/regress-458838.js, opt=0]" classname="org.mozilla.javascript.tests.MozillaSuiteTest" time="0.02"/>
  <testcase name="runMozillaTest[4654, js=testsrc/tests/js1_8_1/trace/regress-462459-01.js, opt=0]" classname="org.mozilla.javascript.tests.MozillaSuiteTest" time="0.003"/>
  <testcase name="runMozillaTest[4655, js=testsrc/tests/js1_8_1/trace/regress-462459-02.js, opt=0]" classname="org.mozilla.javascript.tests.MozillaSuiteTest" time="0.026"/>
  <testcase name="runMozillaTest[4656, js=testsrc/tests/js1_8_1/trace/regress-462459-03.js, opt=0]" classname="org.mozilla.javascript.tests.MozillaSuiteTest" time="0.003"/>
  <testcase name="runMozillaTest[4657, js=testsrc/tests/js1_8_1/trace/regress-462459-04.js, opt=0]" classname="org.mozilla.javascript.tests.MozillaSuiteTest" time="0.006"/>
  <testcase name="runMozillaTest[4658, js=testsrc/tests/js1_8_1/trace/regress-462459-05.js, opt=0]" classname="org.mozilla.javascript.tests.MozillaSuiteTest" time="0.016"/>
  <testcase name="runMozillaTest[4659, js=testsrc/tests/js1_8_1/trace/regress-462459-06.js, opt=0]" classname="org.mozilla.javascript.tests.MozillaSuiteTest" time="0.031"/>
  <testcase name="runMozillaTest[4660, js=testsrc/tests/js1_8_1/trace/regress-462459-07.js, opt=0]" classname="org.mozilla.javascript.tests.MozillaSuiteTest" time="0.011"/>
  <testcase name="runMozillaTest[4661, js=testsrc/tests/js1_8_1/trace/regress-462459-08.js, opt=0]" classname="org.mozilla.javascript.tests.MozillaSuiteTest" time="0.003"/>
  <testcase name="runMozillaTest[4662, js=testsrc/tests/js1_8_1/trace/regress-462459-09.js, opt=0]" classname="org.mozilla.javascript.tests.MozillaSuiteTest" time="0.021"/>
  <testcase name="runMozillaTest[4663, js=testsrc/tests/js1_8_1/trace/regress-462459-10.js, opt=0]" classname="org.mozilla.javascript.tests.MozillaSuiteTest" time="0.008"/>
  <testcase name="runMozillaTest[4664, js=testsrc/tests/js1_8_1/trace/regress-462459-11.js, opt=0]" classname="org.mozilla.javascript.tests.MozillaSuiteTest" time="0.007"/>
  <testcase name="runMozillaTest[4665, js=testsrc/tests/js1_8_1/trace/regress-462459-12.js, opt=0]" classname="org.mozilla.javascript.tests.MozillaSuiteTest" time="0.016"/>
  <testcase name="runMozillaTest[4666, js=testsrc/tests/js1_8_1/trace/regress-471635.js, opt=0]" classname="org.mozilla.javascript.tests.MozillaSuiteTest" time="0.049"/>
  <testcase name="runMozillaTest[4667, js=testsrc/tests/js1_8_1/trace/regress-489682.js, opt=0]" classname="org.mozilla.javascript.tests.MozillaSuiteTest" time="0.009"/>
  <testcase name="runMozillaTest[4668, js=testsrc/tests/lc2/Arrays/array-001.js, opt=0]" classname="org.mozilla.javascript.tests.MozillaSuiteTest" time="0.025"/>
  <testcase name="runMozillaTest[4669, js=testsrc/tests/lc2/Arrays/array-002.js, opt=0]" classname="org.mozilla.javascript.tests.MozillaSuiteTest" time="0.035"/>
  <testcase name="runMozillaTest[4670, js=testsrc/tests/lc2/Arrays/array-003.js, opt=0]" classname="org.mozilla.javascript.tests.MozillaSuiteTest" time="0.016"/>
  <testcase name="runMozillaTest[4671, js=testsrc/tests/lc2/Arrays/array-004.js, opt=0]" classname="org.mozilla.javascript.tests.MozillaSuiteTest" time="0.034"/>
  <testcase name="runMozillaTest[4672, js=testsrc/tests/lc2/Arrays/array-005.js, opt=0]" classname="org.mozilla.javascript.tests.MozillaSuiteTest" time="0.004"/>
  <testcase name="runMozillaTest[4673, js=testsrc/tests/lc2/Arrays/array-006-n.js, opt=0]" classname="org.mozilla.javascript.tests.MozillaSuiteTest" time="0.004"/>
  <testcase name="runMozillaTest[4674, js=testsrc/tests/lc2/Arrays/array-007-n.js, opt=0]" classname="org.mozilla.javascript.tests.MozillaSuiteTest" time="0.02"/>
  <testcase name="runMozillaTest[4675, js=testsrc/tests/lc2/Classes/class-001.js, opt=0]" classname="org.mozilla.javascript.tests.MozillaSuiteTest" time="0.052"/>
  <testcase name="runMozillaTest[4676, js=testsrc/tests/lc2/Classes/class-002.js, opt=0]" classname="org.mozilla.javascript.tests.MozillaSuiteTest" time="0.005"/>
  <testcase name="runMozillaTest[4677, js=testsrc/tests/lc2/JSToJava/character-001.js, opt=0]" classname="org.mozilla.javascript.tests.MozillaSuiteTest" time="0.026"/>
  <testcase name="runMozillaTest[4678, js=testsrc/tests/lc2/JSToJava/double-001.js, opt=0]" classname="org.mozilla.javascript.tests.MozillaSuiteTest" time="0.012"/>
  <testcase name="runMozillaTest[4679, js=testsrc/tests/lc2/JSToJava/double-002.js, opt=0]" classname="org.mozilla.javascript.tests.MozillaSuiteTest" time="0.058"/>
  <testcase name="runMozillaTest[4680, js=testsrc/tests/lc2/JSToJava/float-001.js, opt=0]" classname="org.mozilla.javascript.tests.MozillaSuiteTest" time="0.004"/>
  <testcase name="runMozillaTest[4681, js=testsrc/tests/lc2/JSToJava/float-002.js, opt=0]" classname="org.mozilla.javascript.tests.MozillaSuiteTest" time="0.003"/>
  <testcase name="runMozillaTest[4682, js=testsrc/tests/lc2/JSToJava/integer-001.js, opt=0]" classname="org.mozilla.javascript.tests.MozillaSuiteTest" time="0.037"/>
  <testcase name="runMozillaTest[4683, js=testsrc/tests/lc2/JSToJava/integer-002.js, opt=0]" classname="org.mozilla.javascript.tests.MozillaSuiteTest" time="0.004"/>
  <testcase name="runMozillaTest[4684, js=testsrc/tests/lc2/JSToJava/long-001.js, opt=0]" classname="org.mozilla.javascript.tests.MozillaSuiteTest" time="0.072"/>
  <testcase name="runMozillaTest[4685, js=testsrc/tests/lc2/JSToJava/long-002.js, opt=0]" classname="org.mozilla.javascript.tests.MozillaSuiteTest" time="0.003"/>
  <testcase name="runMozillaTest[4686, js=testsrc/tests/lc2/JSToJava/long-003-n.js, opt=0]" classname="org.mozilla.javascript.tests.MozillaSuiteTest" time="0.007"/>
  <testcase name="runMozillaTest[4687, js=testsrc/tests/lc2/JSToJava/short-001.js, opt=0]" classname="org.mozilla.javascript.tests.MozillaSuiteTest" time="0.029"/>
  <testcase name="runMozillaTest[4688, js=testsrc/tests/lc2/JSToJava/short-002.js, opt=0]" classname="org.mozilla.javascript.tests.MozillaSuiteTest" time="0.039"/>
  <testcase name="runMozillaTest[4689, js=testsrc/tests/lc2/JSToJava/short-003-n.js, opt=0]" classname="org.mozilla.javascript.tests.MozillaSuiteTest" time="0.003"/>
  <testcase name="runMozillaTest[4690, js=testsrc/tests/lc2/JavaToJS/String-001.js, opt=0]" classname="org.mozilla.javascript.tests.MozillaSuiteTest" time="0.02"/>
  <testcase name="runMozillaTest[4691, js=testsrc/tests/lc2/JavaToJS/boolean-001.js, opt=0]" classname="org.mozilla.javascript.tests.MozillaSuiteTest" time="0.018"/>
  <testcase name="runMozillaTest[4692, js=testsrc/tests/lc2/JavaToJS/boolean-003.js, opt=0]" classname="org.mozilla.javascript.tests.MozillaSuiteTest" time="0.016"/>
  <testcase name="runMozillaTest[4693, js=testsrc/tests/lc2/JavaToJS/boolean-004.js, opt=0]" classname="org.mozilla.javascript.tests.MozillaSuiteTest" time="0.043"/>
  <testcase name="runMozillaTest[4694, js=testsrc/tests/lc2/JavaToJS/boolean-005.js, opt=0]" classname="org.mozilla.javascript.tests.MozillaSuiteTest" time="0.004"/>
  <testcase name="runMozillaTest[4695, js=testsrc/tests/lc2/JavaToJS/char-001.js, opt=0]" classname="org.mozilla.javascript.tests.MozillaSuiteTest" time="0.018"/>
  <testcase name="runMozillaTest[4696, js=testsrc/tests/lc2/JavaToJS/char-002.js, opt=0]" classname="org.mozilla.javascript.tests.MozillaSuiteTest" time="0.024"/>
  <testcase name="runMozillaTest[4697, js=testsrc/tests/lc2/JavaToJS/enum-001.js, opt=0]" classname="org.mozilla.javascript.tests.MozillaSuiteTest" time="0.015"/>
  <testcase name="runMozillaTest[4698, js=testsrc/tests/lc2/JavaToJS/enum-002.js, opt=0]" classname="org.mozilla.javascript.tests.MozillaSuiteTest" time="0.047"/>
  <testcase name="runMozillaTest[4699, js=testsrc/tests/lc2/JavaToJS/null-001.js, opt=0]" classname="org.mozilla.javascript.tests.MozillaSuiteTest" time="0.013"/>
  <testcase name="runMozillaTest[4700, js=testsrc/tests/lc2/JavaToJS/number-001.js, opt=0]" classname="org.mozilla.javascript.tests.MozillaSuiteTest" time="0.004"/>
  <testcase name="runMozillaTest[4701, js=testsrc/tests/lc2/JavaToJS/number-002.js, opt=0]" classname="org.mozilla.javascript.tests.MozillaSuiteTest" time="0.022"/>
  <testcase name="runMozillaTest[4702, js=testsrc/tests/lc2/Methods/method-001.js, opt=0]" classname="org.mozilla.javascript.tests.MozillaSuiteTest" time="0.052"/>
  <testcase name="runMozillaTest[4703, js=testsrc/tests/lc2/Methods/method-002.js, opt=0]" classname="org.mozilla.javascript.tests.MozillaSuiteTest" time="0.004"/>
  <testcase name="runMozillaTest[4704, js=testsrc/tests/lc2/Methods/method-003.js, opt=0]" classname="org.mozilla.javascript.tests.MozillaSuiteTest" time="0.026"/>
  <testcase name="runMozillaTest[4705, js=testsrc/tests/lc2/Methods/method-004-n.js, opt=0]" classname="org.mozilla.javascript.tests.MozillaSuiteTest" time="0.007"/>
  <testcase name="runMozillaTest[4706, js=testsrc/tests/lc2/Methods/method-005.js, opt=0]" classname="org.mozilla.javascript.tests.MozillaSuiteTest" time="0.019"/>
  <testcase name="runMozillaTest[4707, js=testsrc/tests/lc2/Methods/method-006.js, opt=0]" classname="org.mozilla.javascript.tests.MozillaSuiteTest" time="0.001"/>
  <testcase name="runMozillaTest[4708, js=testsrc/tests/lc2/Methods/println-001.js, opt=0]" classname="org.mozilla.javascript.tests.MozillaSuiteTest" time="0.044"/>
  <testcase name="runMozillaTest[4709, js=testsrc/tests/lc2/Objects/object-001.js, opt=0]" classname="org.mozilla.javascript.tests.MozillaSuiteTest" time="0.035"/>
  <testcase name="runMozillaTest[4710, js=testsrc/tests/lc2/Objects/object-002.js, opt=0]" classname="org.mozilla.javascript.tests.MozillaSuiteTest" time="0.007"/>
  <testcase name="runMozillaTest[4711, js=testsrc/tests/lc2/Objects/object-003.js, opt=0]" classname="org.mozilla.javascript.tests.MozillaSuiteTest" time="0.045"/>
  <testcase name="runMozillaTest[4712, js=testsrc/tests/lc2/Objects/object-004.js, opt=0]" classname="org.mozilla.javascript.tests.MozillaSuiteTest" time="0.004"/>
  <testcase name="runMozillaTest[4713, js=testsrc/tests/lc2/Objects/object-005.js, opt=0]" classname="org.mozilla.javascript.tests.MozillaSuiteTest" time="0.037"/>
  <testcase name="runMozillaTest[4714, js=testsrc/tests/lc2/Objects/object-006.js, opt=0]" classname="org.mozilla.javascript.tests.MozillaSuiteTest" time="0.003"/>
  <testcase name="runMozillaTest[4715, js=testsrc/tests/lc2/Packages/package-001.js, opt=0]" classname="org.mozilla.javascript.tests.MozillaSuiteTest" time="0.021"/>
  <testcase name="runMozillaTest[4716, js=testsrc/tests/lc2/Packages/package-002.js, opt=0]" classname="org.mozilla.javascript.tests.MozillaSuiteTest" time="0.024"/>
  <testcase name="runMozillaTest[4717, js=testsrc/tests/lc2/Packages/package-003.js, opt=0]" classname="org.mozilla.javascript.tests.MozillaSuiteTest" time="0.012"/>
  <testcase name="runMozillaTest[4718, js=testsrc/tests/lc2/Packages/package-004.js, opt=0]" classname="org.mozilla.javascript.tests.MozillaSuiteTest" time="0.039"/>
  <testcase name="runMozillaTest[4719, js=testsrc/tests/lc2/Packages/package-005.js, opt=0]" classname="org.mozilla.javascript.tests.MozillaSuiteTest" time="0.011"/>
  <testcase name="runMozillaTest[4720, js=testsrc/tests/lc2/Packages/package-006.js, opt=0]" classname="org.mozilla.javascript.tests.MozillaSuiteTest" time="0.002"/>
  <testcase name="runMozillaTest[4721, js=testsrc/tests/lc2/Packages/package-007-n.js, opt=0]" classname="org.mozilla.javascript.tests.MozillaSuiteTest" time="0.015"/>
  <testcase name="runMozillaTest[4722, js=testsrc/tests/lc2/Packages/package-008-n.js, opt=0]" classname="org.mozilla.javascript.tests.MozillaSuiteTest" time="0.041"/>
  <testcase name="runMozillaTest[4723, js=testsrc/tests/lc2/misc/constructor.js, opt=0]" classname="org.mozilla.javascript.tests.MozillaSuiteTest" time="0.005"/>
  <testcase name="runMozillaTest[4724, js=testsrc/tests/lc2/misc/wrapUnwrap.js, opt=0]" classname="org.mozilla.javascript.tests.MozillaSuiteTest" time="0.035"/>
  <testcase name="runMozillaTest[4725, js=testsrc/tests/lc3/ArrayMethods/byte-001.js, opt=0]" classname="org.mozilla.javascript.tests.MozillaSuiteTest" time="0.04"/>
  <testcase name="runMozillaTest[4726, js=testsrc/tests/lc3/ArrayMethods/byte-002.js, opt=0]" classname="org.mozilla.javascript.tests.MozillaSuiteTest" time="0.008"/>
  <testcase name="runMozillaTest[4727, js=testsrc/tests/lc3/ConvertBoolean/boolean-005-n.js, opt=0]" classname="org.mozilla.javascript.tests.MozillaSuiteTest" time="0.004"/>
  <testcase name="runMozillaTest[4728, js=testsrc/tests/lc3/ConvertBoolean/boolean-006-n.js, opt=0]" classname="org.mozilla.javascript.tests.MozillaSuiteTest" time="0.024"/>
  <testcase name="runMozillaTest[4729, js=testsrc/tests/lc3/ConvertBoolean/boolean-007-n.js, opt=0]" classname="org.mozilla.javascript.tests.MozillaSuiteTest" time="0.033"/>
  <testcase name="runMozillaTest[4730, js=testsrc/tests/lc3/ConvertBoolean/boolean-008-n.js, opt=0]" classname="org.mozilla.javascript.tests.MozillaSuiteTest" time="0.009"/>
  <testcase name="runMozillaTest[4731, js=testsrc/tests/lc3/ConvertBoolean/boolean-009-n.js, opt=0]" classname="org.mozilla.javascript.tests.MozillaSuiteTest" time="0.003"/>
  <testcase name="runMozillaTest[4732, js=testsrc/tests/lc3/ConvertBoolean/boolean-010-n.js, opt=0]" classname="org.mozilla.javascript.tests.MozillaSuiteTest" time="0.025"/>
  <testcase name="runMozillaTest[4733, js=testsrc/tests/lc3/ConvertBoolean/boolean-011-n.js, opt=0]" classname="org.mozilla.javascript.tests.MozillaSuiteTest" time="0.003"/>
  <testcase name="runMozillaTest[4734, js=testsrc/tests/lc3/ConvertBoolean/boolean-012-n.js, opt=0]" classname="org.mozilla.javascript.tests.MozillaSuiteTest" time="0.025"/>
  <testcase name="runMozillaTest[4735, js=testsrc/tests/lc3/ConvertBoolean/boolean-013-n.js, opt=0]" classname="org.mozilla.javascript.tests.MozillaSuiteTest" time="0.022"/>
  <testcase name="runMozillaTest[4736, js=testsrc/tests/lc3/ConvertNull/null-002.js, opt=0]" classname="org.mozilla.javascript.tests.MozillaSuiteTest" time="0.003"/>
  <testcase name="runMozillaTest[4737, js=testsrc/tests/lc3/ConvertNull/null-003-n.js, opt=0]" classname="org.mozilla.javascript.tests.MozillaSuiteTest" time="0.016"/>
  <testcase name="runMozillaTest[4738, js=testsrc/tests/lc3/ConvertNull/null-004-n.js, opt=0]" classname="org.mozilla.javascript.tests.MozillaSuiteTest" time="0.02"/>
  <testcase name="runMozillaTest[4739, js=testsrc/tests/lc3/ConvertNull/null-006-n.js, opt=0]" classname="org.mozilla.javascript.tests.MozillaSuiteTest" time="0.003"/>
  <testcase name="runMozillaTest[4740, js=testsrc/tests/lc3/ConvertString/string-004-n.js, opt=0]" classname="org.mozilla.javascript.tests.MozillaSuiteTest" time="0.023"/>
  <testcase name="runMozillaTest[4741, js=testsrc/tests/lc3/ConvertString/string-005-n.js, opt=0]" classname="org.mozilla.javascript.tests.MozillaSuiteTest" time="0.015"/>
  <testcase name="runMozillaTest[4742, js=testsrc/tests/lc3/ConvertString/string-007-n.js, opt=0]" classname="org.mozilla.javascript.tests.MozillaSuiteTest" time="0.003"/>
  <testcase name="runMozillaTest[4743, js=testsrc/tests/lc3/ConvertUndefined/undefined-001-n.js, opt=0]" classname="org.mozilla.javascript.tests.MozillaSuiteTest" time="0.024"/>
  <testcase name="runMozillaTest[4744, js=testsrc/tests/lc3/JSBoolean/boolean-002-n.js, opt=0]" classname="org.mozilla.javascript.tests.MozillaSuiteTest" time="0.04"/>
  <testcase name="runMozillaTest[4745, js=testsrc/tests/lc3/JSBoolean/boolean-003-n.js, opt=0]" classname="org.mozilla.javascript.tests.MozillaSuiteTest" time="0.016"/>
  <testcase name="runMozillaTest[4746, js=testsrc/tests/lc3/JSBoolean/boolean-004-n.js, opt=0]" classname="org.mozilla.javascript.tests.MozillaSuiteTest" time="0.011"/>
  <testcase name="runMozillaTest[4747, js=testsrc/tests/lc3/JSBoolean/boolean-005-n.js, opt=0]" classname="org.mozilla.javascript.tests.MozillaSuiteTest" time="0.043"/>
  <testcase name="runMozillaTest[4748, js=testsrc/tests/lc3/JSBoolean/boolean-006-n.js, opt=0]" classname="org.mozilla.javascript.tests.MozillaSuiteTest" time="0.004"/>
  <testcase name="runMozillaTest[4749, js=testsrc/tests/lc3/JSBoolean/boolean-007-n.js, opt=0]" classname="org.mozilla.javascript.tests.MozillaSuiteTest" time="0.026"/>
  <testcase name="runMozillaTest[4750, js=testsrc/tests/lc3/JSBoolean/boolean-008-n.js, opt=0]" classname="org.mozilla.javascript.tests.MozillaSuiteTest" time="0.009"/>
  <testcase name="runMozillaTest[4751, js=testsrc/tests/lc3/JSNull/ToBoolean-001-n.js, opt=0]" classname="org.mozilla.javascript.tests.MozillaSuiteTest" time="0.005"/>
  <testcase name="runMozillaTest[4752, js=testsrc/tests/lc3/JSNull/ToFloat-001-n.js, opt=0]" classname="org.mozilla.javascript.tests.MozillaSuiteTest" time="0.045"/>
  <testcase name="runMozillaTest[4753, js=testsrc/tests/lc3/JSNull/ToLong-001-n.js, opt=0]" classname="org.mozilla.javascript.tests.MozillaSuiteTest" time="0.008"/>
  <testcase name="runMozillaTest[4754, js=testsrc/tests/lc3/JSNull/ToNumber-001-n.js, opt=0]" classname="org.mozilla.javascript.tests.MozillaSuiteTest" time="0.029"/>
  <testcase name="runMozillaTest[4755, js=testsrc/tests/lc3/JSNumber/ToByte-002-n.js, opt=0]" classname="org.mozilla.javascript.tests.MozillaSuiteTest" time="0.005"/>
  <testcase name="runMozillaTest[4756, js=testsrc/tests/lc3/JSNumber/ToByte-003-n.js, opt=0]" classname="org.mozilla.javascript.tests.MozillaSuiteTest" time="0.012"/>
  <testcase name="runMozillaTest[4757, js=testsrc/tests/lc3/JSNumber/ToByte-005-n.js, opt=0]" classname="org.mozilla.javascript.tests.MozillaSuiteTest" time="0.054"/>
  <testcase name="runMozillaTest[4758, js=testsrc/tests/lc3/JSNumber/ToChar-002-n.js, opt=0]" classname="org.mozilla.javascript.tests.MozillaSuiteTest" time="0.007"/>
  <testcase name="runMozillaTest[4759, js=testsrc/tests/lc3/JSNumber/ToChar-003-n.js, opt=0]" classname="org.mozilla.javascript.tests.MozillaSuiteTest" time="0.035"/>
  <testcase name="runMozillaTest[4760, js=testsrc/tests/lc3/JSNumber/ToChar-005-n.js, opt=0]" classname="org.mozilla.javascript.tests.MozillaSuiteTest" time="0.003"/>
  <testcase name="runMozillaTest[4761, js=testsrc/tests/lc3/JSNumber/ToChar-006-n.js, opt=0]" classname="org.mozilla.javascript.tests.MozillaSuiteTest" time="0.012"/>
  <testcase name="runMozillaTest[4762, js=testsrc/tests/lc3/JSNumber/ToInt-002-n.js, opt=0]" classname="org.mozilla.javascript.tests.MozillaSuiteTest" time="0.041"/>
  <testcase name="runMozillaTest[4763, js=testsrc/tests/lc3/JSNumber/ToInt-003-n.js, opt=0]" classname="org.mozilla.javascript.tests.MozillaSuiteTest" time="0.004"/>
  <testcase name="runMozillaTest[4764, js=testsrc/tests/lc3/JSNumber/ToInt-005-n.js, opt=0]" classname="org.mozilla.javascript.tests.MozillaSuiteTest" time="0.026"/>
  <testcase name="runMozillaTest[4765, js=testsrc/tests/lc3/JSNumber/ToLong-002-n.js, opt=0]" classname="org.mozilla.javascript.tests.MozillaSuiteTest" time="0.004"/>
  <testcase name="runMozillaTest[4766, js=testsrc/tests/lc3/JSNumber/ToLong-003-n.js, opt=0]" classname="org.mozilla.javascript.tests.MozillaSuiteTest" time="0.024"/>
  <testcase name="runMozillaTest[4767, js=testsrc/tests/lc3/JSNumber/ToLong-004-n.js, opt=0]" classname="org.mozilla.javascript.tests.MozillaSuiteTest" time="0.043"/>
  <testcase name="runMozillaTest[4768, js=testsrc/tests/lc3/JSNumber/ToLong-005-n.js, opt=0]" classname="org.mozilla.javascript.tests.MozillaSuiteTest" time="0.006"/>
  <testcase name="runMozillaTest[4769, js=testsrc/tests/lc3/JSNumber/ToLong-006-n.js, opt=0]" classname="org.mozilla.javascript.tests.MozillaSuiteTest" time="0.009"/>
  <testcase name="runMozillaTest[4770, js=testsrc/tests/lc3/JSNumber/ToLong-007-n.js, opt=0]" classname="org.mozilla.javascript.tests.MozillaSuiteTest" time="0.02"/>
  <testcase name="runMozillaTest[4771, js=testsrc/tests/lc3/JSNumber/ToLong-008-n.js, opt=0]" classname="org.mozilla.javascript.tests.MozillaSuiteTest" time="0.011"/>
  <testcase name="runMozillaTest[4772, js=testsrc/tests/lc3/JSNumber/ToLong-009-n.js, opt=0]" classname="org.mozilla.javascript.tests.MozillaSuiteTest" time="0.013"/>
  <testcase name="runMozillaTest[4773, js=testsrc/tests/lc3/JSNumber/ToLong-010-n.js, opt=0]" classname="org.mozilla.javascript.tests.MozillaSuiteTest" time="0.035"/>
  <testcase name="runMozillaTest[4774, js=testsrc/tests/lc3/JSNumber/ToLong-011-n.js, opt=0]" classname="org.mozilla.javascript.tests.MozillaSuiteTest" time="0.004"/>
  <testcase name="runMozillaTest[4775, js=testsrc/tests/lc3/JSNumber/ToShort-002-n.js, opt=0]" classname="org.mozilla.javascript.tests.MozillaSuiteTest" time="0.029"/>
  <testcase name="runMozillaTest[4776, js=testsrc/tests/lc3/JSNumber/ToShort-003-n.js, opt=0]" classname="org.mozilla.javascript.tests.MozillaSuiteTest" time="0.009"/>
  <testcase name="runMozillaTest[4777, js=testsrc/tests/lc3/JSNumber/ToShort-005-n.js, opt=0]" classname="org.mozilla.javascript.tests.MozillaSuiteTest" time="0.003"/>
  <testcase name="runMozillaTest[4778, js=testsrc/tests/lc3/JSObject/ToDouble-002-n.js, opt=0]" classname="org.mozilla.javascript.tests.MozillaSuiteTest" time="0.057"/>
  <testcase name="runMozillaTest[4779, js=testsrc/tests/lc3/JSObject/ToDouble-003-n.js, opt=0]" classname="org.mozilla.javascript.tests.MozillaSuiteTest" time="0.016"/>
  <testcase name="runMozillaTest[4780, js=testsrc/tests/lc3/JSObject/ToFloat-002-n.js, opt=0]" classname="org.mozilla.javascript.tests.MozillaSuiteTest" time="0.015"/>
  <testcase name="runMozillaTest[4781, js=testsrc/tests/lc3/JSObject/ToFloat-003-n.js, opt=0]" classname="org.mozilla.javascript.tests.MozillaSuiteTest" time="0.016"/>
  <testcase name="runMozillaTest[4782, js=testsrc/tests/lc3/JSUndefined/undefined-002-n.js, opt=0]" classname="org.mozilla.javascript.tests.MozillaSuiteTest" time="0.013"/>
  <testcase name="runMozillaTest[4783, js=testsrc/tests/lc3/JSUndefined/undefined-003-n.js, opt=0]" classname="org.mozilla.javascript.tests.MozillaSuiteTest" time="0.035"/>
  <testcase name="runMozillaTest[4784, js=testsrc/tests/lc3/JSUndefined/undefined-004-n.js, opt=0]" classname="org.mozilla.javascript.tests.MozillaSuiteTest" time="0.003"/>
  <testcase name="runMozillaTest[4785, js=testsrc/tests/lc3/JSUndefined/undefined-005-n.js, opt=0]" classname="org.mozilla.javascript.tests.MozillaSuiteTest" time="0.003"/>
  <testcase name="runMozillaTest[4786, js=testsrc/tests/lc3/JSUndefined/undefined-006-n.js, opt=0]" classname="org.mozilla.javascript.tests.MozillaSuiteTest" time="0.026"/>
  <testcase name="runMozillaTest[4787, js=testsrc/tests/lc3/JSUndefined/undefined-007-n.js, opt=0]" classname="org.mozilla.javascript.tests.MozillaSuiteTest" time="0.002"/>
  <testcase name="runMozillaTest[4788, js=testsrc/tests/lc3/JSUndefined/undefined-008-n.js, opt=0]" classname="org.mozilla.javascript.tests.MozillaSuiteTest" time="0.008"/>
  <testcase name="runMozillaTest[4789, js=testsrc/tests/lc3/JSUndefined/undefined-009-n.js, opt=0]" classname="org.mozilla.javascript.tests.MozillaSuiteTest" time="0.037"/>
  <testcase name="runMozillaTest[4790, js=testsrc/tests/lc3/JSUndefined/undefined-010-n.js, opt=0]" classname="org.mozilla.javascript.tests.MozillaSuiteTest" time="0.03"/>
  <testcase name="runMozillaTest[4791, js=testsrc/tests/lc3/JavaArray/ToArray-002-n.js, opt=0]" classname="org.mozilla.javascript.tests.MozillaSuiteTest" time="0.015"/>
  <testcase name="runMozillaTest[4792, js=testsrc/tests/lc3/JavaArray/ToBoolean-001-n.js, opt=0]" classname="org.mozilla.javascript.tests.MozillaSuiteTest" time="0.019"/>
  <testcase name="runMozillaTest[4793, js=testsrc/tests/lc3/JavaObject/JavaObjectToBoolean-001-n.js, opt=0]" classname="org.mozilla.javascript.tests.MozillaSuiteTest" time="0.017"/>
  <testcase name="runMozillaTest[4794, js=testsrc/tests/lc3/JavaObject/JavaObjectToBoolean-002-n.js, opt=0]" classname="org.mozilla.javascript.tests.MozillaSuiteTest" time="0.012"/>
  <testcase name="runMozillaTest[4795, js=testsrc/tests/lc3/JavaObject/JavaObjectToByte-002-n.js, opt=0]" classname="org.mozilla.javascript.tests.MozillaSuiteTest" time="0.036"/>
  <testcase name="runMozillaTest[4796, js=testsrc/tests/lc3/JavaObject/JavaObjectToByte-003-n.js, opt=0]" classname="org.mozilla.javascript.tests.MozillaSuiteTest" time="0.005"/>
  <testcase name="runMozillaTest[4797, js=testsrc/tests/lc3/JavaObject/JavaObjectToByte-004-n.js, opt=0]" classname="org.mozilla.javascript.tests.MozillaSuiteTest" time="0.009"/>
  <testcase name="runMozillaTest[4798, js=testsrc/tests/lc3/JavaObject/JavaObjectToByte-007-n.js, opt=0]" classname="org.mozilla.javascript.tests.MozillaSuiteTest" time="0.017"/>
  <testcase name="runMozillaTest[4799, js=testsrc/tests/lc3/JavaObject/JavaObjectToByte-008-n.js, opt=0]" classname="org.mozilla.javascript.tests.MozillaSuiteTest" time="0.018"/>
  <testcase name="runMozillaTest[4800, js=testsrc/tests/lc3/JavaObject/JavaObjectToChar-003-n.js, opt=0]" classname="org.mozilla.javascript.tests.MozillaSuiteTest" time="0.005"/>
  <testcase name="runMozillaTest[4801, js=testsrc/tests/lc3/JavaObject/JavaObjectToChar-005-n.js, opt=0]" classname="org.mozilla.javascript.tests.MozillaSuiteTest" time="0.057"/>
  <testcase name="runMozillaTest[4802, js=testsrc/tests/lc3/JavaObject/JavaObjectToChar-006-n.js, opt=0]" classname="org.mozilla.javascript.tests.MozillaSuiteTest" time="0.004"/>
  <testcase name="runMozillaTest[4803, js=testsrc/tests/lc3/JavaObject/JavaObjectToInt-002-n.js, opt=0]" classname="org.mozilla.javascript.tests.MozillaSuiteTest" time="0.003"/>
  <testcase name="runMozillaTest[4804, js=testsrc/tests/lc3/JavaObject/JavaObjectToInt-003-n.js, opt=0]" classname="org.mozilla.javascript.tests.MozillaSuiteTest" time="0.026"/>
  <testcase name="runMozillaTest[4805, js=testsrc/tests/lc3/JavaObject/JavaObjectToInt-004-n.js, opt=0]" classname="org.mozilla.javascript.tests.MozillaSuiteTest" time="0.01"/>
  <testcase name="runMozillaTest[4806, js=testsrc/tests/lc3/JavaObject/JavaObjectToLong-002-n.js, opt=0]" classname="org.mozilla.javascript.tests.MozillaSuiteTest" time="0.017"/>
  <testcase name="runMozillaTest[4807, js=testsrc/tests/lc3/JavaObject/JavaObjectToLong-003-n.js, opt=0]" classname="org.mozilla.javascript.tests.MozillaSuiteTest" time="0.019"/>
  <testcase name="runMozillaTest[4808, js=testsrc/tests/lc3/JavaObject/JavaObjectToLong-004-n.js, opt=0]" classname="org.mozilla.javascript.tests.MozillaSuiteTest" time="0.029"/>
  <testcase name="runMozillaTest[4809, js=testsrc/tests/lc3/JavaObject/JavaObjectToLong-006-n.js, opt=0]" classname="org.mozilla.javascript.tests.MozillaSuiteTest" time="0.003"/>
  <testcase name="runMozillaTest[4810, js=testsrc/tests/lc3/JavaObject/JavaObjectToShort-002-n.js, opt=0]" classname="org.mozilla.javascript.tests.MozillaSuiteTest" time="0.022"/>
  <testcase name="runMozillaTest[4811, js=testsrc/tests/lc3/JavaObject/JavaObjectToShort-003-n.js, opt=0]" classname="org.mozilla.javascript.tests.MozillaSuiteTest" time="0.012"/>
  <testcase name="runMozillaTest[4812, js=testsrc/tests/lc3/JavaObject/JavaObjectToShort-004-n.js, opt=0]" classname="org.mozilla.javascript.tests.MozillaSuiteTest" time="0.043"/>
  <testcase name="runMozillaTest[4813, js=testsrc/tests/lc3/StringMethods/string-001.js, opt=0]" classname="org.mozilla.javascript.tests.MozillaSuiteTest" time="0.049"/>
  <testcase name="runMozillaTest[4814, js=testsrc/tests/lc3/instanceof/instanceof-001.js, opt=0]" classname="org.mozilla.javascript.tests.MozillaSuiteTest" time="0.024"/>
  <testcase name="runMozillaTest[4815, js=testsrc/tests/e4x/Expressions/11.1.1.js, opt=9]" classname="org.mozilla.javascript.tests.MozillaSuiteTest" time="0.237"/>
  <testcase name="runMozillaTest[4816, js=testsrc/tests/e4x/Expressions/11.1.2.js, opt=9]" classname="org.mozilla.javascript.tests.MozillaSuiteTest" time="0.031"/>
  <testcase name="runMozillaTest[4817, js=testsrc/tests/e4x/Expressions/11.1.3.js, opt=9]" classname="org.mozilla.javascript.tests.MozillaSuiteTest" time="0.007"/>
  <testcase name="runMozillaTest[4818, js=testsrc/tests/e4x/Expressions/11.1.4-05.js, opt=9]" classname="org.mozilla.javascript.tests.MozillaSuiteTest" time="0.009"/>
  <testcase name="runMozillaTest[4819, js=testsrc/tests/e4x/Expressions/11.1.4-06.js, opt=9]" classname="org.mozilla.javascript.tests.MozillaSuiteTest" time="0.053"/>
  <testcase name="runMozillaTest[4820, js=testsrc/tests/e4x/Expressions/11.1.4-07.js, opt=9]" classname="org.mozilla.javascript.tests.MozillaSuiteTest" time="0.005"/>
  <testcase name="runMozillaTest[4821, js=testsrc/tests/e4x/Expressions/11.1.5.js, opt=9]" classname="org.mozilla.javascript.tests.MozillaSuiteTest" time="0.024"/>
  <testcase name="runMozillaTest[4822, js=testsrc/tests/e4x/Expressions/11.2.1.js, opt=9]" classname="org.mozilla.javascript.tests.MozillaSuiteTest" time="0.03"/>
  <testcase name="runMozillaTest[4823, js=testsrc/tests/e4x/Expressions/11.2.2.js, opt=9]" classname="org.mozilla.javascript.tests.MozillaSuiteTest" time="0.043"/>
  <testcase name="runMozillaTest[4824, js=testsrc/tests/e4x/Expressions/11.2.3.js, opt=9]" classname="org.mozilla.javascript.tests.MozillaSuiteTest" time="0.019"/>
  <testcase name="runMozillaTest[4825, js=testsrc/tests/e4x/Expressions/11.2.4.js, opt=9]" classname="org.mozilla.javascript.tests.MozillaSuiteTest" time="0.04"/>
  <testcase name="runMozillaTest[4826, js=testsrc/tests/e4x/Expressions/11.3.1.js, opt=9]" classname="org.mozilla.javascript.tests.MozillaSuiteTest" time="0.053"/>
  <testcase name="runMozillaTest[4827, js=testsrc/tests/e4x/Expressions/11.3.2.js, opt=9]" classname="org.mozilla.javascript.tests.MozillaSuiteTest" time="0.028"/>
  <testcase name="runMozillaTest[4828, js=testsrc/tests/e4x/Expressions/11.4.1.js, opt=9]" classname="org.mozilla.javascript.tests.MozillaSuiteTest" time="0.025"/>
  <testcase name="runMozillaTest[4829, js=testsrc/tests/e4x/Expressions/11.5.1.js, opt=9]" classname="org.mozilla.javascript.tests.MozillaSuiteTest" time="0.033"/>
  <testcase name="runMozillaTest[4830, js=testsrc/tests/e4x/Expressions/11.6.2.js, opt=9]" classname="org.mozilla.javascript.tests.MozillaSuiteTest" time="0.059"/>
  <testcase name="runMozillaTest[4831, js=testsrc/tests/e4x/Expressions/11.6.3.js, opt=9]" classname="org.mozilla.javascript.tests.MozillaSuiteTest" time="0.015"/>
  <testcase name="runMozillaTest[4832, js=testsrc/tests/e4x/Expressions/regress-301545.js, opt=9]" classname="org.mozilla.javascript.tests.MozillaSuiteTest" time="0.022"/>
  <testcase name="runMozillaTest[4833, js=testsrc/tests/e4x/Expressions/regress-302531.js, opt=9]" classname="org.mozilla.javascript.tests.MozillaSuiteTest" time="0.011"/>
  <testcase name="runMozillaTest[4834, js=testsrc/tests/e4x/Expressions/regress-340024.js, opt=9]" classname="org.mozilla.javascript.tests.MozillaSuiteTest" time="0.019"/>
  <testcase name="runMozillaTest[4835, js=testsrc/tests/e4x/Expressions/regress-496113.js, opt=9]" classname="org.mozilla.javascript.tests.MozillaSuiteTest" time="0.015"/>
  <testcase name="runMozillaTest[4836, js=testsrc/tests/e4x/GC/regress-292455.js, opt=9]" classname="org.mozilla.javascript.tests.MozillaSuiteTest" time="0.496"/>
  <testcase name="runMozillaTest[4837, js=testsrc/tests/e4x/GC/regress-313952-01.js, opt=9]" classname="org.mozilla.javascript.tests.MozillaSuiteTest" time="0.016"/>
  <testcase name="runMozillaTest[4838, js=testsrc/tests/e4x/GC/regress-324117.js, opt=9]" classname="org.mozilla.javascript.tests.MozillaSuiteTest" time="0.785"/>
  <testcase name="runMozillaTest[4839, js=testsrc/tests/e4x/Namespace/13.2.1.js, opt=9]" classname="org.mozilla.javascript.tests.MozillaSuiteTest" time="0.004"/>
  <testcase name="runMozillaTest[4840, js=testsrc/tests/e4x/Namespace/13.2.2.js, opt=9]" classname="org.mozilla.javascript.tests.MozillaSuiteTest" time="0.025"/>
  <testcase name="runMozillaTest[4841, js=testsrc/tests/e4x/Namespace/13.2.5.js, opt=9]" classname="org.mozilla.javascript.tests.MozillaSuiteTest" time="0.014"/>
  <testcase name="runMozillaTest[4842, js=testsrc/tests/e4x/Namespace/regress-283972.js, opt=9]" classname="org.mozilla.javascript.tests.MozillaSuiteTest" time="0.018"/>
  <testcase name="runMozillaTest[4843, js=testsrc/tests/e4x/Namespace/regress-292863.js, opt=9]" classname="org.mozilla.javascript.tests.MozillaSuiteTest" time="0.012"/>
  <testcase name="runMozillaTest[4844, js=testsrc/tests/e4x/Namespace/regress-350442.js, opt=9]" classname="org.mozilla.javascript.tests.MozillaSuiteTest" time="0.013"/>
  <testcase name="runMozillaTest[4845, js=testsrc/tests/e4x/Namespace/regress-444608-02.js, opt=9]" classname="org.mozilla.javascript.tests.MozillaSuiteTest" time="0.022"/>
  <testcase name="runMozillaTest[4846, js=testsrc/tests/e4x/Namespace/regress-444608.js, opt=9]" classname="org.mozilla.javascript.tests.MozillaSuiteTest" time="0.003"/>
  <testcase name="runMozillaTest[4847, js=testsrc/tests/e4x/QName/13.3.1.js, opt=9]" classname="org.mozilla.javascript.tests.MozillaSuiteTest" time="0.03"/>
  <testcase name="runMozillaTest[4848, js=testsrc/tests/e4x/QName/13.3.2.js, opt=9]" classname="org.mozilla.javascript.tests.MozillaSuiteTest" time="0.012"/>
  <testcase name="runMozillaTest[4849, js=testsrc/tests/e4x/QName/13.3.5.js, opt=9]" classname="org.mozilla.javascript.tests.MozillaSuiteTest" time="0.042"/>
  <testcase name="runMozillaTest[4850, js=testsrc/tests/e4x/QName/regress-373595-01.js, opt=9]" classname="org.mozilla.javascript.tests.MozillaSuiteTest" time="0.003"/>
  <testcase name="runMozillaTest[4851, js=testsrc/tests/e4x/QName/regress-373595-02.js, opt=9]" classname="org.mozilla.javascript.tests.MozillaSuiteTest" time="0.002"/>
  <testcase name="runMozillaTest[4852, js=testsrc/tests/e4x/QName/regress-373595-03.js, opt=9]" classname="org.mozilla.javascript.tests.MozillaSuiteTest" time="0.014"/>
  <testcase name="runMozillaTest[4853, js=testsrc/tests/e4x/QName/regress-444608.js, opt=9]" classname="org.mozilla.javascript.tests.MozillaSuiteTest" time="0.018"/>
  <testcase name="runMozillaTest[4854, js=testsrc/tests/e4x/Regress/regress-263934.js, opt=9]" classname="org.mozilla.javascript.tests.MozillaSuiteTest" time="0.01"/>
  <testcase name="runMozillaTest[4855, js=testsrc/tests/e4x/Regress/regress-263935.js, opt=9]" classname="org.mozilla.javascript.tests.MozillaSuiteTest" time="0.036"/>
  <testcase name="runMozillaTest[4856, js=testsrc/tests/e4x/Regress/regress-263936.js, opt=9]" classname="org.mozilla.javascript.tests.MozillaSuiteTest" time="0.027"/>
  <testcase name="runMozillaTest[4857, js=testsrc/tests/e4x/Regress/regress-264369.js, opt=9]" classname="org.mozilla.javascript.tests.MozillaSuiteTest" time="0.02"/>
  <testcase name="runMozillaTest[4858, js=testsrc/tests/e4x/Regress/regress-271545.js, opt=9]" classname="org.mozilla.javascript.tests.MozillaSuiteTest" time="0.003"/>
  <testcase name="runMozillaTest[4859, js=testsrc/tests/e4x/Regress/regress-277650.js, opt=9]" classname="org.mozilla.javascript.tests.MozillaSuiteTest" time="0.021"/>
  <testcase name="runMozillaTest[4860, js=testsrc/tests/e4x/Regress/regress-277664.js, opt=9]" classname="org.mozilla.javascript.tests.MozillaSuiteTest" time="0.004"/>
  <testcase name="runMozillaTest[4861, js=testsrc/tests/e4x/Regress/regress-277683.js, opt=9]" classname="org.mozilla.javascript.tests.MozillaSuiteTest" time="0.038"/>
  <testcase name="runMozillaTest[4862, js=testsrc/tests/e4x/Regress/regress-277779.js, opt=9]" classname="org.mozilla.javascript.tests.MozillaSuiteTest" time="0.003"/>
  <testcase name="runMozillaTest[4863, js=testsrc/tests/e4x/Regress/regress-277935.js, opt=9]" classname="org.mozilla.javascript.tests.MozillaSuiteTest" time="0.014"/>
  <testcase name="runMozillaTest[4864, js=testsrc/tests/e4x/Regress/regress-283349.js, opt=9]" classname="org.mozilla.javascript.tests.MozillaSuiteTest" time="0.017"/>
  <testcase name="runMozillaTest[4865, js=testsrc/tests/e4x/Regress/regress-290056.js, opt=9]" classname="org.mozilla.javascript.tests.MozillaSuiteTest" time="0.01"/>
  <testcase name="runMozillaTest[4866, js=testsrc/tests/e4x/Regress/regress-290499.js, opt=9]" classname="org.mozilla.javascript.tests.MozillaSuiteTest" time="0.01"/>
  <testcase name="runMozillaTest[4867, js=testsrc/tests/e4x/Regress/regress-301553.js, opt=9]" classname="org.mozilla.javascript.tests.MozillaSuiteTest" time="0.028"/>
  <testcase name="runMozillaTest[4868, js=testsrc/tests/e4x/Regress/regress-301573.js, opt=9]" classname="org.mozilla.javascript.tests.MozillaSuiteTest" time="0.03"/>
  <testcase name="runMozillaTest[4869, js=testsrc/tests/e4x/Regress/regress-301596.js, opt=9]" classname="org.mozilla.javascript.tests.MozillaSuiteTest" time="0.004"/>
  <testcase name="runMozillaTest[4870, js=testsrc/tests/e4x/Regress/regress-301692.js, opt=9]" classname="org.mozilla.javascript.tests.MozillaSuiteTest" time="0.029"/>
  <testcase name="runMozillaTest[4871, js=testsrc/tests/e4x/Regress/regress-313799.js, opt=9]" classname="org.mozilla.javascript.tests.MozillaSuiteTest" time="0.006"/>
  <testcase name="runMozillaTest[4872, js=testsrc/tests/e4x/Regress/regress-318922.js, opt=9]" classname="org.mozilla.javascript.tests.MozillaSuiteTest" time="0.016"/>
  <testcase name="runMozillaTest[4873, js=testsrc/tests/e4x/Regress/regress-325425.js, opt=9]" classname="org.mozilla.javascript.tests.MozillaSuiteTest" time="0.027"/>
  <testcase name="runMozillaTest[4874, js=testsrc/tests/e4x/Regress/regress-327691-01.js, opt=9]" classname="org.mozilla.javascript.tests.MozillaSuiteTest" time="0.02"/>
  <testcase name="runMozillaTest[4875, js=testsrc/tests/e4x/Regress/regress-327691-02.js, opt=9]" classname="org.mozilla.javascript.tests.MozillaSuiteTest" time="0.251"/>
  <testcase name="runMozillaTest[4876, js=testsrc/tests/e4x/Regress/regress-327697.js, opt=9]" classname="org.mozilla.javascript.tests.MozillaSuiteTest" time="0.03"/>
  <testcase name="runMozillaTest[4877, js=testsrc/tests/e4x/Regress/regress-328249.js, opt=9]" classname="org.mozilla.javascript.tests.MozillaSuiteTest" time="0.027"/>
  <testcase name="runMozillaTest[4878, js=testsrc/tests/e4x/Regress/regress-329257.js, opt=9]" classname="org.mozilla.javascript.tests.MozillaSuiteTest" time="0.021"/>
  <testcase name="runMozillaTest[4879, js=testsrc/tests/e4x/Regress/regress-331664.js, opt=9]" classname="org.mozilla.javascript.tests.MozillaSuiteTest" time="0.019"/>
  <testcase name="runMozillaTest[4880, js=testsrc/tests/e4x/Regress/regress-350206-1.js, opt=9]" classname="org.mozilla.javascript.tests.MozillaSuiteTest" time="0.032"/>
  <testcase name="runMozillaTest[4881, js=testsrc/tests/e4x/Regress/regress-350206.js, opt=9]" classname="org.mozilla.javascript.tests.MozillaSuiteTest" time="0.02"/>
  <testcase name="runMozillaTest[4882, js=testsrc/tests/e4x/Regress/regress-352103.js, opt=9]" classname="org.mozilla.javascript.tests.MozillaSuiteTest" time="0.013"/>
  <testcase name="runMozillaTest[4883, js=testsrc/tests/e4x/Regress/regress-354145-01.js, opt=9]" classname="org.mozilla.javascript.tests.MozillaSuiteTest" time="0.027"/>
  <testcase name="runMozillaTest[4884, js=testsrc/tests/e4x/Regress/regress-354145-02.js, opt=9]" classname="org.mozilla.javascript.tests.MozillaSuiteTest" time="0.211"/>
  <testcase name="runMozillaTest[4885, js=testsrc/tests/e4x/Regress/regress-354145-03.js, opt=9]" classname="org.mozilla.javascript.tests.MozillaSuiteTest" time="0.215"/>
  <testcase name="runMozillaTest[4886, js=testsrc/tests/e4x/Regress/regress-354145-04.js, opt=9]" classname="org.mozilla.javascript.tests.MozillaSuiteTest" time="0.222"/>
  <testcase name="runMozillaTest[4887, js=testsrc/tests/e4x/Regress/regress-354145-05.js, opt=9]" classname="org.mozilla.javascript.tests.MozillaSuiteTest" time="0.219"/>
  <testcase name="runMozillaTest[4888, js=testsrc/tests/e4x/Regress/regress-354145-07.js, opt=9]" classname="org.mozilla.javascript.tests.MozillaSuiteTest" time="0.005"/>
  <testcase name="runMozillaTest[4889, js=testsrc/tests/e4x/Regress/regress-355474-02.js, opt=9]" classname="org.mozilla.javascript.tests.MozillaSuiteTest" time="0.019"/>
  <testcase name="runMozillaTest[4890, js=testsrc/tests/e4x/Regress/regress-356238-01.js, opt=9]" classname="org.mozilla.javascript.tests.MozillaSuiteTest" time="0.012"/>
  <testcase name="runMozillaTest[4891, js=testsrc/tests/e4x/Regress/regress-369032.js, opt=9]" classname="org.mozilla.javascript.tests.MozillaSuiteTest" time="0.035"/>
  <testcase name="runMozillaTest[4892, js=testsrc/tests/e4x/Regress/regress-369536.js, opt=9]" classname="org.mozilla.javascript.tests.MozillaSuiteTest" time="0.019"/>
  <testcase name="runMozillaTest[4893, js=testsrc/tests/e4x/Regress/regress-372564.js, opt=9]" classname="org.mozilla.javascript.tests.MozillaSuiteTest" time="0.003"/>
  <testcase name="runMozillaTest[4894, js=testsrc/tests/e4x/Regress/regress-374106.js, opt=9]" classname="org.mozilla.javascript.tests.MozillaSuiteTest" time="0.017"/>
  <testcase name="runMozillaTest[4895, js=testsrc/tests/e4x/Regress/regress-374112.js, opt=9]" classname="org.mozilla.javascript.tests.MozillaSuiteTest" time="0.004"/>
  <testcase name="runMozillaTest[4896, js=testsrc/tests/e4x/Regress/regress-374116.js, opt=9]" classname="org.mozilla.javascript.tests.MozillaSuiteTest" time="0.023"/>
  <testcase name="runMozillaTest[4897, js=testsrc/tests/e4x/Regress/regress-374160.js, opt=9]" classname="org.mozilla.javascript.tests.MozillaSuiteTest" time="0.003"/>
  <testcase name="runMozillaTest[4898, js=testsrc/tests/e4x/Regress/regress-375406.js, opt=9]" classname="org.mozilla.javascript.tests.MozillaSuiteTest" time="0.021"/>
  <testcase name="runMozillaTest[4899, js=testsrc/tests/e4x/Regress/regress-378492.js, opt=9]" classname="org.mozilla.javascript.tests.MozillaSuiteTest" time="0.03"/>
  <testcase name="runMozillaTest[4900, js=testsrc/tests/e4x/Regress/regress-407323.js, opt=9]" classname="org.mozilla.javascript.tests.MozillaSuiteTest" time="0.003"/>
  <testcase name="runMozillaTest[4901, js=testsrc/tests/e4x/Regress/regress-426520.js, opt=9]" classname="org.mozilla.javascript.tests.MozillaSuiteTest" time="0.016"/>
  <testcase name="runMozillaTest[4902, js=testsrc/tests/e4x/Regress/regress-453915.js, opt=9]" classname="org.mozilla.javascript.tests.MozillaSuiteTest" time="0.018"/>
  <testcase name="runMozillaTest[4903, js=testsrc/tests/e4x/Regress/regress-460180.js, opt=9]" classname="org.mozilla.javascript.tests.MozillaSuiteTest" time="0.011"/>
  <testcase name="runMozillaTest[4904, js=testsrc/tests/e4x/Regress/regress-465063.js, opt=9]" classname="org.mozilla.javascript.tests.MozillaSuiteTest" time="0.041"/>
  <testcase name="runMozillaTest[4905, js=testsrc/tests/e4x/Regress/regress-470619.js, opt=9]" classname="org.mozilla.javascript.tests.MozillaSuiteTest" time="0.004"/>
  <testcase name="runMozillaTest[4906, js=testsrc/tests/e4x/Regress/regress-473709.js, opt=9]" classname="org.mozilla.javascript.tests.MozillaSuiteTest" time="0.025"/>
  <testcase name="runMozillaTest[4907, js=testsrc/tests/e4x/Regress/regress-474319.js, opt=9]" classname="org.mozilla.javascript.tests.MozillaSuiteTest" time="0.008"/>
  <testcase name="runMozillaTest[4908, js=testsrc/tests/e4x/Regress/regress-477053.js, opt=9]" classname="org.mozilla.javascript.tests.MozillaSuiteTest" time="0.023"/>
  <testcase name="runMozillaTest[4909, js=testsrc/tests/e4x/Statements/12.1.js, opt=9]" classname="org.mozilla.javascript.tests.MozillaSuiteTest" time="0.039"/>
  <testcase name="runMozillaTest[4910, js=testsrc/tests/e4x/Statements/12.2.js, opt=9]" classname="org.mozilla.javascript.tests.MozillaSuiteTest" time="0.01"/>
  <testcase name="runMozillaTest[4911, js=testsrc/tests/e4x/Statements/12.3-01.js, opt=9]" classname="org.mozilla.javascript.tests.MozillaSuiteTest" time="0.017"/>
  <testcase name="runMozillaTest[4912, js=testsrc/tests/e4x/TypeConversion/10.1.1.js, opt=9]" classname="org.mozilla.javascript.tests.MozillaSuiteTest" time="0.055"/>
  <testcase name="runMozillaTest[4913, js=testsrc/tests/e4x/TypeConversion/10.1.2.js, opt=9]" classname="org.mozilla.javascript.tests.MozillaSuiteTest" time="0.018"/>
  <testcase name="runMozillaTest[4914, js=testsrc/tests/e4x/TypeConversion/10.3.1.js, opt=9]" classname="org.mozilla.javascript.tests.MozillaSuiteTest" time="0.019"/>
  <testcase name="runMozillaTest[4915, js=testsrc/tests/e4x/TypeConversion/10.3.js, opt=9]" classname="org.mozilla.javascript.tests.MozillaSuiteTest" time="0.005"/>
  <testcase name="runMozillaTest[4916, js=testsrc/tests/e4x/TypeConversion/10.4.1.js, opt=9]" classname="org.mozilla.javascript.tests.MozillaSuiteTest" time="0.047"/>
  <testcase name="runMozillaTest[4917, js=testsrc/tests/e4x/TypeConversion/10.4.js, opt=9]" classname="org.mozilla.javascript.tests.MozillaSuiteTest" time="0.014"/>
  <testcase name="runMozillaTest[4918, js=testsrc/tests/e4x/Types/9.1.1.1.js, opt=9]" classname="org.mozilla.javascript.tests.MozillaSuiteTest" time="0.055"/>
  <testcase name="runMozillaTest[4919, js=testsrc/tests/e4x/Types/9.1.1.2.js, opt=9]" classname="org.mozilla.javascript.tests.MozillaSuiteTest" time="0.04"/>
  <testcase name="runMozillaTest[4920, js=testsrc/tests/e4x/Types/9.1.1.3.js, opt=9]" classname="org.mozilla.javascript.tests.MozillaSuiteTest" time="0.005"/>
  <testcase name="runMozillaTest[4921, js=testsrc/tests/e4x/Types/9.1.1.6.js, opt=9]" classname="org.mozilla.javascript.tests.MozillaSuiteTest" time="0.023"/>
  <testcase name="runMozillaTest[4922, js=testsrc/tests/e4x/Types/9.2.1.1.js, opt=9]" classname="org.mozilla.javascript.tests.MozillaSuiteTest" time="0.013"/>
  <testcase name="runMozillaTest[4923, js=testsrc/tests/e4x/Types/9.2.1.2.js, opt=9]" classname="org.mozilla.javascript.tests.MozillaSuiteTest" time="0.047"/>
  <testcase name="runMozillaTest[4924, js=testsrc/tests/e4x/Types/9.2.1.8.js, opt=9]" classname="org.mozilla.javascript.tests.MozillaSuiteTest" time="0.013"/>
  <testcase name="runMozillaTest[4925, js=testsrc/tests/e4x/XML/13.4.1.js, opt=9]" classname="org.mozilla.javascript.tests.MozillaSuiteTest" time="0.005"/>
  <testcase name="runMozillaTest[4926, js=testsrc/tests/e4x/XML/13.4.2.js, opt=9]" classname="org.mozilla.javascript.tests.MozillaSuiteTest" time="0.031"/>
  <testcase name="runMozillaTest[4927, js=testsrc/tests/e4x/XML/13.4.3.10.js, opt=9]" classname="org.mozilla.javascript.tests.MozillaSuiteTest" time="0.003"/>
  <testcase name="runMozillaTest[4928, js=testsrc/tests/e4x/XML/13.4.4.11.js, opt=9]" classname="org.mozilla.javascript.tests.MozillaSuiteTest" time="0.014"/>
  <testcase name="runMozillaTest[4929, js=testsrc/tests/e4x/XML/13.4.4.12-1.js, opt=9]" classname="org.mozilla.javascript.tests.MozillaSuiteTest" time="0.045"/>
  <testcase name="runMozillaTest[4930, js=testsrc/tests/e4x/XML/13.4.4.12.js, opt=9]" classname="org.mozilla.javascript.tests.MozillaSuiteTest" time="0.004"/>
  <testcase name="runMozillaTest[4931, js=testsrc/tests/e4x/XML/13.4.4.13.js, opt=9]" classname="org.mozilla.javascript.tests.MozillaSuiteTest" time="0.004"/>
  <testcase name="runMozillaTest[4932, js=testsrc/tests/e4x/XML/13.4.4.14.js, opt=9]" classname="org.mozilla.javascript.tests.MozillaSuiteTest" time="0.028"/>
  <testcase name="runMozillaTest[4933, js=testsrc/tests/e4x/XML/13.4.4.15.js, opt=9]" classname="org.mozilla.javascript.tests.MozillaSuiteTest" time="0.024"/>
  <testcase name="runMozillaTest[4934, js=testsrc/tests/e4x/XML/13.4.4.16.js, opt=9]" classname="org.mozilla.javascript.tests.MozillaSuiteTest" time="0.008"/>
  <testcase name="runMozillaTest[4935, js=testsrc/tests/e4x/XML/13.4.4.18.js, opt=9]" classname="org.mozilla.javascript.tests.MozillaSuiteTest" time="0.031"/>
  <testcase name="runMozillaTest[4936, js=testsrc/tests/e4x/XML/13.4.4.19.js, opt=9]" classname="org.mozilla.javascript.tests.MozillaSuiteTest" time="0.01"/>
  <testcase name="runMozillaTest[4937, js=testsrc/tests/e4x/XML/13.4.4.2.js, opt=9]" classname="org.mozilla.javascript.tests.MozillaSuiteTest" time="0.003"/>
  <testcase name="runMozillaTest[4938, js=testsrc/tests/e4x/XML/13.4.4.20.js, opt=9]" classname="org.mozilla.javascript.tests.MozillaSuiteTest" time="0.055"/>
  <testcase name="runMozillaTest[4939, js=testsrc/tests/e4x/XML/13.4.4.21.js, opt=9]" classname="org.mozilla.javascript.tests.MozillaSuiteTest" time="0.005"/>
  <testcase name="runMozillaTest[4940, js=testsrc/tests/e4x/XML/13.4.4.22.js, opt=9]" classname="org.mozilla.javascript.tests.MozillaSuiteTest" time="0.034"/>
  <testcase name="runMozillaTest[4941, js=testsrc/tests/e4x/XML/13.4.4.23.js, opt=9]" classname="org.mozilla.javascript.tests.MozillaSuiteTest" time="0.006"/>
  <testcase name="runMozillaTest[4942, js=testsrc/tests/e4x/XML/13.4.4.24.js, opt=9]" classname="org.mozilla.javascript.tests.MozillaSuiteTest" time="0.003"/>
  <testcase name="runMozillaTest[4943, js=testsrc/tests/e4x/XML/13.4.4.25.js, opt=9]" classname="org.mozilla.javascript.tests.MozillaSuiteTest" time="0.02"/>
  <testcase name="runMozillaTest[4944, js=testsrc/tests/e4x/XML/13.4.4.27.js, opt=9]" classname="org.mozilla.javascript.tests.MozillaSuiteTest" time="0.032"/>
  <testcase name="runMozillaTest[4945, js=testsrc/tests/e4x/XML/13.4.4.29.js, opt=9]" classname="org.mozilla.javascript.tests.MozillaSuiteTest" time="0.011"/>
  <testcase name="runMozillaTest[4946, js=testsrc/tests/e4x/XML/13.4.4.3.js, opt=9]" classname="org.mozilla.javascript.tests.MozillaSuiteTest" time="0.028"/>
  <testcase name="runMozillaTest[4947, js=testsrc/tests/e4x/XML/13.4.4.30.js, opt=9]" classname="org.mozilla.javascript.tests.MozillaSuiteTest" time="0.004"/>
  <testcase name="runMozillaTest[4948, js=testsrc/tests/e4x/XML/13.4.4.31.js, opt=9]" classname="org.mozilla.javascript.tests.MozillaSuiteTest" time="0.009"/>
  <testcase name="runMozillaTest[4949, js=testsrc/tests/e4x/XML/13.4.4.32-01.js, opt=9]" classname="org.mozilla.javascript.tests.MozillaSuiteTest" time="0.03"/>
  <testcase name="runMozillaTest[4950, js=testsrc/tests/e4x/XML/13.4.4.32.js, opt=9]" classname="org.mozilla.javascript.tests.MozillaSuiteTest" time="0.029"/>
  <testcase name="runMozillaTest[4951, js=testsrc/tests/e4x/XML/13.4.4.33.js, opt=9]" classname="org.mozilla.javascript.tests.MozillaSuiteTest" time="0.011"/>
  <testcase name="runMozillaTest[4952, js=testsrc/tests/e4x/XML/13.4.4.34.js, opt=9]" classname="org.mozilla.javascript.tests.MozillaSuiteTest" time="0.003"/>
  <testcase name="runMozillaTest[4953, js=testsrc/tests/e4x/XML/13.4.4.35.js, opt=9]" classname="org.mozilla.javascript.tests.MozillaSuiteTest" time="0.025"/>
  <testcase name="runMozillaTest[4954, js=testsrc/tests/e4x/XML/13.4.4.36.js, opt=9]" classname="org.mozilla.javascript.tests.MozillaSuiteTest" time="0.034"/>
  <testcase name="runMozillaTest[4955, js=testsrc/tests/e4x/XML/13.4.4.37.js, opt=9]" classname="org.mozilla.javascript.tests.MozillaSuiteTest" time="0.017"/>
  <testcase name="runMozillaTest[4956, js=testsrc/tests/e4x/XML/13.4.4.38.js, opt=9]" classname="org.mozilla.javascript.tests.MozillaSuiteTest" time="0.02"/>
  <testcase name="runMozillaTest[4957, js=testsrc/tests/e4x/XML/13.4.4.39.js, opt=9]" classname="org.mozilla.javascript.tests.MozillaSuiteTest" time="0.025"/>
  <testcase name="runMozillaTest[4958, js=testsrc/tests/e4x/XML/13.4.4.4.js, opt=9]" classname="org.mozilla.javascript.tests.MozillaSuiteTest" time="0.019"/>
  <testcase name="runMozillaTest[4959, js=testsrc/tests/e4x/XML/13.4.4.40.js, opt=9]" classname="org.mozilla.javascript.tests.MozillaSuiteTest" time="0.016"/>
  <testcase name="runMozillaTest[4960, js=testsrc/tests/e4x/XML/13.4.4.5.js, opt=9]" classname="org.mozilla.javascript.tests.MozillaSuiteTest" time="0.02"/>
  <testcase name="runMozillaTest[4961, js=testsrc/tests/e4x/XML/13.4.4.6.js, opt=9]" classname="org.mozilla.javascript.tests.MozillaSuiteTest" time="0.004"/>
  <testcase name="runMozillaTest[4962, js=testsrc/tests/e4x/XML/13.4.4.7.js, opt=9]" classname="org.mozilla.javascript.tests.MozillaSuiteTest" time="0.033"/>
  <testcase name="runMozillaTest[4963, js=testsrc/tests/e4x/XML/13.4.4.8.js, opt=9]" classname="org.mozilla.javascript.tests.MozillaSuiteTest" time="0.047"/>
  <testcase name="runMozillaTest[4964, js=testsrc/tests/e4x/XML/13.4.4.9.js, opt=9]" classname="org.mozilla.javascript.tests.MozillaSuiteTest" time="0.026"/>
  <testcase name="runMozillaTest[4965, js=testsrc/tests/e4x/XML/regress-291930.js, opt=9]" classname="org.mozilla.javascript.tests.MozillaSuiteTest" time="0.005"/>
  <testcase name="runMozillaTest[4966, js=testsrc/tests/e4x/XML/regress-324688.js, opt=9]" classname="org.mozilla.javascript.tests.MozillaSuiteTest" time="0.02"/>
  <testcase name="runMozillaTest[4967, js=testsrc/tests/e4x/XML/regress-336921.js, opt=9]" classname="org.mozilla.javascript.tests.MozillaSuiteTest" time="0.003"/>
  <testcase name="runMozillaTest[4968, js=testsrc/tests/e4x/XMLList/13.5.1.js, opt=9]" classname="org.mozilla.javascript.tests.MozillaSuiteTest" time="0.028"/>
  <testcase name="runMozillaTest[4969, js=testsrc/tests/e4x/XMLList/13.5.2.js, opt=9]" classname="org.mozilla.javascript.tests.MozillaSuiteTest" time="0.017"/>
  <testcase name="runMozillaTest[4970, js=testsrc/tests/e4x/XMLList/13.5.4.10.js, opt=9]" classname="org.mozilla.javascript.tests.MozillaSuiteTest" time="0.009"/>
  <testcase name="runMozillaTest[4971, js=testsrc/tests/e4x/XMLList/13.5.4.11.js, opt=9]" classname="org.mozilla.javascript.tests.MozillaSuiteTest" time="0.027"/>
  <testcase name="runMozillaTest[4972, js=testsrc/tests/e4x/XMLList/13.5.4.12.js, opt=9]" classname="org.mozilla.javascript.tests.MozillaSuiteTest" time="0.01"/>
  <testcase name="runMozillaTest[4973, js=testsrc/tests/e4x/XMLList/13.5.4.13.js, opt=9]" classname="org.mozilla.javascript.tests.MozillaSuiteTest" time="0.008"/>
  <testcase name="runMozillaTest[4974, js=testsrc/tests/e4x/XMLList/13.5.4.14.js, opt=9]" classname="org.mozilla.javascript.tests.MozillaSuiteTest" time="0.027"/>
  <testcase name="runMozillaTest[4975, js=testsrc/tests/e4x/XMLList/13.5.4.15.js, opt=9]" classname="org.mozilla.javascript.tests.MozillaSuiteTest" time="0.013"/>
  <testcase name="runMozillaTest[4976, js=testsrc/tests/e4x/XMLList/13.5.4.16.js, opt=9]" classname="org.mozilla.javascript.tests.MozillaSuiteTest" time="0.004"/>
  <testcase name="runMozillaTest[4977, js=testsrc/tests/e4x/XMLList/13.5.4.17.js, opt=9]" classname="org.mozilla.javascript.tests.MozillaSuiteTest" time="0.026"/>
  <testcase name="runMozillaTest[4978, js=testsrc/tests/e4x/XMLList/13.5.4.18.js, opt=9]" classname="org.mozilla.javascript.tests.MozillaSuiteTest" time="0.003"/>
  <testcase name="runMozillaTest[4979, js=testsrc/tests/e4x/XMLList/13.5.4.19.js, opt=9]" classname="org.mozilla.javascript.tests.MozillaSuiteTest" time="0.01"/>
  <testcase name="runMozillaTest[4980, js=testsrc/tests/e4x/XMLList/13.5.4.2.js, opt=9]" classname="org.mozilla.javascript.tests.MozillaSuiteTest" time="0.025"/>
  <testcase name="runMozillaTest[4981, js=testsrc/tests/e4x/XMLList/13.5.4.20.js, opt=9]" classname="org.mozilla.javascript.tests.MozillaSuiteTest" time="0.004"/>
  <testcase name="runMozillaTest[4982, js=testsrc/tests/e4x/XMLList/13.5.4.21.js, opt=9]" classname="org.mozilla.javascript.tests.MozillaSuiteTest" time="0.015"/>
  <testcase name="runMozillaTest[4983, js=testsrc/tests/e4x/XMLList/13.5.4.22.js, opt=9]" classname="org.mozilla.javascript.tests.MozillaSuiteTest" time="0.033"/>
  <testcase name="runMozillaTest[4984, js=testsrc/tests/e4x/XMLList/13.5.4.3.js, opt=9]" classname="org.mozilla.javascript.tests.MozillaSuiteTest" time="0.014"/>
  <testcase name="runMozillaTest[4985, js=testsrc/tests/e4x/XMLList/13.5.4.4.js, opt=9]" classname="org.mozilla.javascript.tests.MozillaSuiteTest" time="0.016"/>
  <testcase name="runMozillaTest[4986, js=testsrc/tests/e4x/XMLList/13.5.4.5.js, opt=9]" classname="org.mozilla.javascript.tests.MozillaSuiteTest" time="0.013"/>
  <testcase name="runMozillaTest[4987, js=testsrc/tests/e4x/XMLList/13.5.4.6.js, opt=9]" classname="org.mozilla.javascript.tests.MozillaSuiteTest" time="0.024"/>
  <testcase name="runMozillaTest[4988, js=testsrc/tests/e4x/XMLList/13.5.4.7.js, opt=9]" classname="org.mozilla.javascript.tests.MozillaSuiteTest" time="0.014"/>
  <testcase name="runMozillaTest[4989, js=testsrc/tests/e4x/XMLList/13.5.4.8.js, opt=9]" classname="org.mozilla.javascript.tests.MozillaSuiteTest" time="0.025"/>
  <testcase name="runMozillaTest[4990, js=testsrc/tests/e4x/XMLList/13.5.4.9.js, opt=9]" classname="org.mozilla.javascript.tests.MozillaSuiteTest" time="0.024"/>
  <testcase name="runMozillaTest[4991, js=testsrc/tests/e4x/decompilation/regress-349814.js, opt=9]" classname="org.mozilla.javascript.tests.MozillaSuiteTest" time="0.011"/>
  <testcase name="runMozillaTest[4992, js=testsrc/tests/e4x/decompilation/regress-349815.js, opt=9]" classname="org.mozilla.javascript.tests.MozillaSuiteTest" time="0.003"/>
  <testcase name="runMozillaTest[4993, js=testsrc/tests/e4x/decompilation/regress-349822.js, opt=9]" classname="org.mozilla.javascript.tests.MozillaSuiteTest" time="0.025"/>
  <testcase name="runMozillaTest[4994, js=testsrc/tests/e4x/decompilation/regress-349956.js, opt=9]" classname="org.mozilla.javascript.tests.MozillaSuiteTest" time="0.041"/>
  <testcase name="runMozillaTest[4995, js=testsrc/tests/e4x/decompilation/regress-355101.js, opt=9]" classname="org.mozilla.javascript.tests.MozillaSuiteTest" time="0.003"/>
  <testcase name="runMozillaTest[4996, js=testsrc/tests/e4x/decompilation/regress-355474-01.js, opt=9]" classname="org.mozilla.javascript.tests.MozillaSuiteTest" time="0.004"/>
  <testcase name="runMozillaTest[4997, js=testsrc/tests/e4x/decompilation/regress-373678.js, opt=9]" classname="org.mozilla.javascript.tests.MozillaSuiteTest" time="0.023"/>
  <testcase name="runMozillaTest[4998, js=testsrc/tests/e4x/decompilation/regress-429249.js, opt=9]" classname="org.mozilla.javascript.tests.MozillaSuiteTest" time="0.008"/>
  <testcase name="runMozillaTest[4999, js=testsrc/tests/e4x/extensions/regress-305335.js, opt=9]" classname="org.mozilla.javascript.tests.MozillaSuiteTest" time="0.019"/>
  <testcase name="runMozillaTest[5000, js=testsrc/tests/e4x/extensions/regress-321547.js, opt=9]" classname="org.mozilla.javascript.tests.MozillaSuiteTest" time="0.013"/>
  <testcase name="runMozillaTest[5001, js=testsrc/tests/e4x/extensions/regress-327534.js, opt=9]" classname="org.mozilla.javascript.tests.MozillaSuiteTest" time="0.03"/>
  <testcase name="runMozillaTest[5002, js=testsrc/tests/e4x/extensions/regress-327897.js, opt=9]" classname="org.mozilla.javascript.tests.MozillaSuiteTest" time="0.003"/>
  <testcase name="runMozillaTest[5003, js=testsrc/tests/e4x/extensions/regress-354145-06.js, opt=9]" classname="org.mozilla.javascript.tests.MozillaSuiteTest" time="0.334"/>
  <testcase name="runMozillaTest[5004, js=testsrc/tests/e4x/extensions/regress-354151-01.js, opt=9]" classname="org.mozilla.javascript.tests.MozillaSuiteTest" time="0.005"/>
  <testcase name="runMozillaTest[5005, js=testsrc/tests/e4x/extensions/regress-354151-02.js, opt=9]" classname="org.mozilla.javascript.tests.MozillaSuiteTest" time="0.028"/>
  <testcase name="runMozillaTest[5006, js=testsrc/tests/e4x/extensions/regress-374025.js, opt=9]" classname="org.mozilla.javascript.tests.MozillaSuiteTest" time="0.033"/>
  <testcase name="runMozillaTest[5007, js=testsrc/tests/e4x/extensions/regress-450871-01.js, opt=9]" classname="org.mozilla.javascript.tests.MozillaSuiteTest" time="0.003"/>
  <testcase name="runMozillaTest[5008, js=testsrc/tests/e4x/extensions/regress-450871-02.js, opt=9]" classname="org.mozilla.javascript.tests.MozillaSuiteTest" time="0.004"/>
  <testcase name="runMozillaTest[5009, js=testsrc/tests/e4x/extensions/regress-462734-01.js, opt=9]" classname="org.mozilla.javascript.tests.MozillaSuiteTest" time="0.027"/>
  <testcase name="runMozillaTest[5010, js=testsrc/tests/ecma/Array/15.4-1.js, opt=9]" classname="org.mozilla.javascript.tests.MozillaSuiteTest" time="0.107"/>
  <testcase name="runMozillaTest[5011, js=testsrc/tests/ecma/Array/15.4-2.js, opt=9]" classname="org.mozilla.javascript.tests.MozillaSuiteTest" time="0.004"/>
  <testcase name="runMozillaTest[5012, js=testsrc/tests/ecma/Array/15.4.1.1.js, opt=9]" classname="org.mozilla.javascript.tests.MozillaSuiteTest" time="0.052"/>
  <testcase name="runMozillaTest[5013, js=testsrc/tests/ecma/Array/15.4.1.2.js, opt=9]" classname="org.mozilla.javascript.tests.MozillaSuiteTest" time="0.005"/>
  <testcase name="runMozillaTest[5014, js=testsrc/tests/ecma/Array/15.4.1.3.js, opt=9]" classname="org.mozilla.javascript.tests.MozillaSuiteTest" time="0.025"/>
  <testcase name="runMozillaTest[5015, js=testsrc/tests/ecma/Array/15.4.1.js, opt=9]" classname="org.mozilla.javascript.tests.MozillaSuiteTest" time="0.009"/>
  <testcase name="runMozillaTest[5016, js=testsrc/tests/ecma/Array/15.4.2.1-1.js, opt=9]" classname="org.mozilla.javascript.tests.MozillaSuiteTest" time="0.044"/>
  <testcase name="runMozillaTest[5017, js=testsrc/tests/ecma/Array/15.4.2.1-2.js, opt=9]" classname="org.mozilla.javascript.tests.MozillaSuiteTest" time="0.075"/>
  <testcase name="runMozillaTest[5018, js=testsrc/tests/ecma/Array/15.4.2.1-3.js, opt=9]" classname="org.mozilla.javascript.tests.MozillaSuiteTest" time="0.073"/>
  <testcase name="runMozillaTest[5019, js=testsrc/tests/ecma/Array/15.4.2.2-1.js, opt=9]" classname="org.mozilla.javascript.tests.MozillaSuiteTest" time="0.029"/>
  <testcase name="runMozillaTest[5020, js=testsrc/tests/ecma/Array/15.4.2.2-2.js, opt=9]" classname="org.mozilla.javascript.tests.MozillaSuiteTest" time="0.039"/>
  <testcase name="runMozillaTest[5021, js=testsrc/tests/ecma/Array/15.4.2.3.js, opt=9]" classname="org.mozilla.javascript.tests.MozillaSuiteTest" time="0.005"/>
  <testcase name="runMozillaTest[5022, js=testsrc/tests/ecma/Array/15.4.3.1-2.js, opt=9]" classname="org.mozilla.javascript.tests.MozillaSuiteTest" time="0.015"/>
  <testcase name="runMozillaTest[5023, js=testsrc/tests/ecma/Array/15.4.3.2.js, opt=9]" classname="org.mozilla.javascript.tests.MozillaSuiteTest" time="0.01"/>
  <testcase name="runMozillaTest[5024, js=testsrc/tests/ecma/Array/15.4.4.1.js, opt=9]" classname="org.mozilla.javascript.tests.MozillaSuiteTest" time="0.008"/>
  <testcase name="runMozillaTest[5025, js=testsrc/tests/ecma/Array/15.4.4.2.js, opt=9]" classname="org.mozilla.javascript.tests.MozillaSuiteTest" time="0.018"/>
  <testcase name="runMozillaTest[5026, js=testsrc/tests/ecma/Array/15.4.4.3-1.js, opt=9]" classname="org.mozilla.javascript.tests.MozillaSuiteTest" time="0.043"/>
  <testcase name="runMozillaTest[5027, js=testsrc/tests/ecma/Array/15.4.4.4-1.js, opt=9]" classname="org.mozilla.javascript.tests.MozillaSuiteTest" time="0.121"/>
  <testcase name="runMozillaTest[5028, js=testsrc/tests/ecma/Array/15.4.4.4-2.js, opt=9]" classname="org.mozilla.javascript.tests.MozillaSuiteTest" time="0.018"/>
  <testcase name="runMozillaTest[5029, js=testsrc/tests/ecma/Array/15.4.4.5-1.js, opt=9]" classname="org.mozilla.javascript.tests.MozillaSuiteTest" time="0.021"/>
  <testcase name="runMozillaTest[5030, js=testsrc/tests/ecma/Array/15.4.4.5-2.js, opt=9]" classname="org.mozilla.javascript.tests.MozillaSuiteTest" time="0.04"/>
  <testcase name="runMozillaTest[5031, js=testsrc/tests/ecma/Array/15.4.4.5-3.js, opt=9]" classname="org.mozilla.javascript.tests.MozillaSuiteTest" time="0.042"/>
  <testcase name="runMozillaTest[5032, js=testsrc/tests/ecma/Array/15.4.4.js, opt=9]" classname="org.mozilla.javascript.tests.MozillaSuiteTest" time="0.003"/>
  <testcase name="runMozillaTest[5033, js=testsrc/tests/ecma/Array/15.4.5.1-2.js, opt=9]" classname="org.mozilla.javascript.tests.MozillaSuiteTest" time="0.044"/>
  <testcase name="runMozillaTest[5034, js=testsrc/tests/ecma/Array/15.4.5.2-1.js, opt=9]" classname="org.mozilla.javascript.tests.MozillaSuiteTest" time="0.013"/>
  <testcase name="runMozillaTest[5035, js=testsrc/tests/ecma/Array/15.4.5.2-2.js, opt=9]" classname="org.mozilla.javascript.tests.MozillaSuiteTest" time="0.096"/>
  <testcase name="runMozillaTest[5036, js=testsrc/tests/ecma/Boolean/15.6.1.js, opt=9]" classname="org.mozilla.javascript.tests.MozillaSuiteTest" time="0.005"/>
  <testcase name="runMozillaTest[5037, js=testsrc/tests/ecma/Boolean/15.6.2.js, opt=9]" classname="org.mozilla.javascript.tests.MozillaSuiteTest" time="0.029"/>
  <testcase name="runMozillaTest[5038, js=testsrc/tests/ecma/Boolean/15.6.3.1-1.js, opt=9]" classname="org.mozilla.javascript.tests.MozillaSuiteTest" time="0.01"/>
  <testcase name="runMozillaTest[5039, js=testsrc/tests/ecma/Boolean/15.6.3.1-2.js, opt=9]" classname="org.mozilla.javascript.tests.MozillaSuiteTest" time="0.013"/>
  <testcase name="runMozillaTest[5040, js=testsrc/tests/ecma/Boolean/15.6.3.1-3.js, opt=9]" classname="org.mozilla.javascript.tests.MozillaSuiteTest" time="0.033"/>
  <testcase name="runMozillaTest[5041, js=testsrc/tests/ecma/Boolean/15.6.3.1-4.js, opt=9]" classname="org.mozilla.javascript.tests.MozillaSuiteTest" time="0.01"/>
  <testcase name="runMozillaTest[5042, js=testsrc/tests/ecma/Boolean/15.6.3.1.js, opt=9]" classname="org.mozilla.javascript.tests.MozillaSuiteTest" time="0.003"/>
  <testcase name="runMozillaTest[5043, js=testsrc/tests/ecma/Boolean/15.6.4-1.js, opt=9]" classname="org.mozilla.javascript.tests.MozillaSuiteTest" time="0.02"/>
  <testcase name="runMozillaTest[5044, js=testsrc/tests/ecma/Boolean/15.6.4.1.js, opt=9]" classname="org.mozilla.javascript.tests.MozillaSuiteTest" time="0.003"/>
  <testcase name="runMozillaTest[5045, js=testsrc/tests/ecma/Boolean/15.6.4.2-1.js, opt=9]" classname="org.mozilla.javascript.tests.MozillaSuiteTest" time="0.031"/>
  <testcase name="runMozillaTest[5046, js=testsrc/tests/ecma/Boolean/15.6.4.2-2.js, opt=9]" classname="org.mozilla.javascript.tests.MozillaSuiteTest" time="0.013"/>
  <testcase name="runMozillaTest[5047, js=testsrc/tests/ecma/Boolean/15.6.4.2-3.js, opt=9]" classname="org.mozilla.javascript.tests.MozillaSuiteTest" time="0.03"/>
  <testcase name="runMozillaTest[5048, js=testsrc/tests/ecma/Boolean/15.6.4.2-4-n.js, opt=9]" classname="org.mozilla.javascript.tests.MozillaSuiteTest" time="0.003"/>
  <testcase name="runMozillaTest[5049, js=testsrc/tests/ecma/Boolean/15.6.4.3-1.js, opt=9]" classname="org.mozilla.javascript.tests.MozillaSuiteTest" time="0.027"/>
  <testcase name="runMozillaTest[5050, js=testsrc/tests/ecma/Boolean/15.6.4.3-2.js, opt=9]" classname="org.mozilla.javascript.tests.MozillaSuiteTest" time="0.008"/>
  <testcase name="runMozillaTest[5051, js=testsrc/tests/ecma/Boolean/15.6.4.3-3.js, opt=9]" classname="org.mozilla.javascript.tests.MozillaSuiteTest" time="0.003"/>
  <testcase name="runMozillaTest[5052, js=testsrc/tests/ecma/Boolean/15.6.4.3-4-n.js, opt=9]" classname="org.mozilla.javascript.tests.MozillaSuiteTest" time="0.015"/>
  <testcase name="runMozillaTest[5053, js=testsrc/tests/ecma/Boolean/15.6.4.3.js, opt=9]" classname="org.mozilla.javascript.tests.MozillaSuiteTest" time="0.034"/>
  <testcase name="runMozillaTest[5054, js=testsrc/tests/ecma/Boolean/15.6.4.js, opt=9]" classname="org.mozilla.javascript.tests.MozillaSuiteTest" time="0.011"/>
  <testcase name="runMozillaTest[5055, js=testsrc/tests/ecma/Date/15.9.1.1-1.js, opt=9]" classname="org.mozilla.javascript.tests.MozillaSuiteTest" time="0.041"/>
  <testcase name="runMozillaTest[5056, js=testsrc/tests/ecma/Date/15.9.1.1-2.js, opt=9]" classname="org.mozilla.javascript.tests.MozillaSuiteTest" time="0.066"/>
  <testcase name="runMozillaTest[5057, js=testsrc/tests/ecma/Date/15.9.1.13-1.js, opt=9]" classname="org.mozilla.javascript.tests.MozillaSuiteTest" time="0.003"/>
  <testcase name="runMozillaTest[5058, js=testsrc/tests/ecma/Date/15.9.2.1.js, opt=9]" classname="org.mozilla.javascript.tests.MozillaSuiteTest" time="0.028"/>
  <testcase name="runMozillaTest[5059, js=testsrc/tests/ecma/Date/15.9.2.2-1.js, opt=9]" classname="org.mozilla.javascript.tests.MozillaSuiteTest" time="0.006"/>
  <testcase name="runMozillaTest[5060, js=testsrc/tests/ecma/Date/15.9.2.2-2.js, opt=9]" classname="org.mozilla.javascript.tests.MozillaSuiteTest" time="0.014"/>
  <testcase name="runMozillaTest[5061, js=testsrc/tests/ecma/Date/15.9.2.2-3.js, opt=9]" classname="org.mozilla.javascript.tests.MozillaSuiteTest" time="0.038"/>
  <testcase name="runMozillaTest[5062, js=testsrc/tests/ecma/Date/15.9.2.2-4.js, opt=9]" classname="org.mozilla.javascript.tests.MozillaSuiteTest" time="0.003"/>
  <testcase name="runMozillaTest[5063, js=testsrc/tests/ecma/Date/15.9.2.2-5.js, opt=9]" classname="org.mozilla.javascript.tests.MozillaSuiteTest" time="0.007"/>
  <testcase name="runMozillaTest[5064, js=testsrc/tests/ecma/Date/15.9.2.2-6.js, opt=9]" classname="org.mozilla.javascript.tests.MozillaSuiteTest" time="0.029"/>
  <testcase name="runMozillaTest[5065, js=testsrc/tests/ecma/Date/15.9.3.1-1.js, opt=9]" classname="org.mozilla.javascript.tests.MozillaSuiteTest" time="0.061"/>
  <testcase name="runMozillaTest[5066, js=testsrc/tests/ecma/Date/15.9.3.1-2.js, opt=9]" classname="org.mozilla.javascript.tests.MozillaSuiteTest" time="0.02"/>
  <testcase name="runMozillaTest[5067, js=testsrc/tests/ecma/Date/15.9.3.1-3.js, opt=9]" classname="org.mozilla.javascript.tests.MozillaSuiteTest" time="0.012"/>
  <testcase name="runMozillaTest[5068, js=testsrc/tests/ecma/Date/15.9.3.1-4.js, opt=9]" classname="org.mozilla.javascript.tests.MozillaSuiteTest" time="0.023"/>
  <testcase name="runMozillaTest[5069, js=testsrc/tests/ecma/Date/15.9.3.1-5.js, opt=9]" classname="org.mozilla.javascript.tests.MozillaSuiteTest" time="0.032"/>
  <testcase name="runMozillaTest[5070, js=testsrc/tests/ecma/Date/15.9.3.2-1.js, opt=9]" classname="org.mozilla.javascript.tests.MozillaSuiteTest" time="0.037"/>
  <testcase name="runMozillaTest[5071, js=testsrc/tests/ecma/Date/15.9.3.2-2.js, opt=9]" classname="org.mozilla.javascript.tests.MozillaSuiteTest" time="0.006"/>
  <testcase name="runMozillaTest[5072, js=testsrc/tests/ecma/Date/15.9.3.2-3.js, opt=9]" classname="org.mozilla.javascript.tests.MozillaSuiteTest" time="0.025"/>
  <testcase name="runMozillaTest[5073, js=testsrc/tests/ecma/Date/15.9.3.2-4.js, opt=9]" classname="org.mozilla.javascript.tests.MozillaSuiteTest" time="0.043"/>
  <testcase name="runMozillaTest[5074, js=testsrc/tests/ecma/Date/15.9.3.2-5.js, opt=9]" classname="org.mozilla.javascript.tests.MozillaSuiteTest" time="0.02"/>
  <testcase name="runMozillaTest[5075, js=testsrc/tests/ecma/Date/15.9.3.8-1.js, opt=9]" classname="org.mozilla.javascript.tests.MozillaSuiteTest" time="0.013"/>
  <testcase name="runMozillaTest[5076, js=testsrc/tests/ecma/Date/15.9.3.8-2.js, opt=9]" classname="org.mozilla.javascript.tests.MozillaSuiteTest" time="0.028"/>
  <testcase name="runMozillaTest[5077, js=testsrc/tests/ecma/Date/15.9.3.8-3.js, opt=9]" classname="org.mozilla.javascript.tests.MozillaSuiteTest" time="0.04"/>
  <testcase name="runMozillaTest[5078, js=testsrc/tests/ecma/Date/15.9.3.8-4.js, opt=9]" classname="org.mozilla.javascript.tests.MozillaSuiteTest" time="0.026"/>
  <testcase name="runMozillaTest[5079, js=testsrc/tests/ecma/Date/15.9.3.8-5.js, opt=9]" classname="org.mozilla.javascript.tests.MozillaSuiteTest" time="0.043"/>
  <testcase name="runMozillaTest[5080, js=testsrc/tests/ecma/Date/15.9.4.2-1.js, opt=9]" classname="org.mozilla.javascript.tests.MozillaSuiteTest" time="0.011"/>
  <testcase name="runMozillaTest[5081, js=testsrc/tests/ecma/Date/15.9.4.2.js, opt=9]" classname="org.mozilla.javascript.tests.MozillaSuiteTest" time="0.029"/>
  <testcase name="runMozillaTest[5082, js=testsrc/tests/ecma/Date/15.9.4.3.js, opt=9]" classname="org.mozilla.javascript.tests.MozillaSuiteTest" time="0.05"/>
  <testcase name="runMozillaTest[5083, js=testsrc/tests/ecma/Date/15.9.5.1.js, opt=9]" classname="org.mozilla.javascript.tests.MozillaSuiteTest" time="0.021"/>
  <testcase name="runMozillaTest[5084, js=testsrc/tests/ecma/Date/15.9.5.10-1.js, opt=9]" classname="org.mozilla.javascript.tests.MozillaSuiteTest" time="0.238"/>
  <testcase name="runMozillaTest[5085, js=testsrc/tests/ecma/Date/15.9.5.10-10.js, opt=9]" classname="org.mozilla.javascript.tests.MozillaSuiteTest" time="0.113"/>
  <testcase name="runMozillaTest[5086, js=testsrc/tests/ecma/Date/15.9.5.10-11.js, opt=9]" classname="org.mozilla.javascript.tests.MozillaSuiteTest" time="0.166"/>
  <testcase name="runMozillaTest[5087, js=testsrc/tests/ecma/Date/15.9.5.10-12.js, opt=9]" classname="org.mozilla.javascript.tests.MozillaSuiteTest" time="0.13"/>
  <testcase name="runMozillaTest[5088, js=testsrc/tests/ecma/Date/15.9.5.10-13.js, opt=9]" classname="org.mozilla.javascript.tests.MozillaSuiteTest" time="0.094"/>
  <testcase name="runMozillaTest[5089, js=testsrc/tests/ecma/Date/15.9.5.10-3.js, opt=9]" classname="org.mozilla.javascript.tests.MozillaSuiteTest" time="0.093"/>
  <testcase name="runMozillaTest[5090, js=testsrc/tests/ecma/Date/15.9.5.10-4.js, opt=9]" classname="org.mozilla.javascript.tests.MozillaSuiteTest" time="0.239"/>
  <testcase name="runMozillaTest[5091, js=testsrc/tests/ecma/Date/15.9.5.10-5.js, opt=9]" classname="org.mozilla.javascript.tests.MozillaSuiteTest" time="0.172"/>
  <testcase name="runMozillaTest[5092, js=testsrc/tests/ecma/Date/15.9.5.10-6.js, opt=9]" classname="org.mozilla.javascript.tests.MozillaSuiteTest" time="0.17"/>
  <testcase name="runMozillaTest[5093, js=testsrc/tests/ecma/Date/15.9.5.10-7.js, opt=9]" classname="org.mozilla.javascript.tests.MozillaSuiteTest" time="0.13"/>
  <testcase name="runMozillaTest[5094, js=testsrc/tests/ecma/Date/15.9.5.10-8.js, opt=9]" classname="org.mozilla.javascript.tests.MozillaSuiteTest" time="0.127"/>
  <testcase name="runMozillaTest[5095, js=testsrc/tests/ecma/Date/15.9.5.10-9.js, opt=9]" classname="org.mozilla.javascript.tests.MozillaSuiteTest" time="0.129"/>
  <testcase name="runMozillaTest[5096, js=testsrc/tests/ecma/Date/15.9.5.11-1.js, opt=9]" classname="org.mozilla.javascript.tests.MozillaSuiteTest" time="0.106"/>
  <testcase name="runMozillaTest[5097, js=testsrc/tests/ecma/Date/15.9.5.11-3.js, opt=9]" classname="org.mozilla.javascript.tests.MozillaSuiteTest" time="0.038"/>
  <testcase name="runMozillaTest[5098, js=testsrc/tests/ecma/Date/15.9.5.11-4.js, opt=9]" classname="org.mozilla.javascript.tests.MozillaSuiteTest" time="0.1"/>
  <testcase name="runMozillaTest[5099, js=testsrc/tests/ecma/Date/15.9.5.11-5.js, opt=9]" classname="org.mozilla.javascript.tests.MozillaSuiteTest" time="0.101"/>
  <testcase name="runMozillaTest[5100, js=testsrc/tests/ecma/Date/15.9.5.11-6.js, opt=9]" classname="org.mozilla.javascript.tests.MozillaSuiteTest" time="0.096"/>
  <testcase name="runMozillaTest[5101, js=testsrc/tests/ecma/Date/15.9.5.11-7.js, opt=9]" classname="org.mozilla.javascript.tests.MozillaSuiteTest" time="0.062"/>
  <testcase name="runMozillaTest[5102, js=testsrc/tests/ecma/Date/15.9.5.12-1.js, opt=9]" classname="org.mozilla.javascript.tests.MozillaSuiteTest" time="0.116"/>
  <testcase name="runMozillaTest[5103, js=testsrc/tests/ecma/Date/15.9.5.12-3.js, opt=9]" classname="org.mozilla.javascript.tests.MozillaSuiteTest" time="0.035"/>
  <testcase name="runMozillaTest[5104, js=testsrc/tests/ecma/Date/15.9.5.12-4.js, opt=9]" classname="org.mozilla.javascript.tests.MozillaSuiteTest" time="0.128"/>
  <testcase name="runMozillaTest[5105, js=testsrc/tests/ecma/Date/15.9.5.12-5.js, opt=9]" classname="org.mozilla.javascript.tests.MozillaSuiteTest" time="0.11"/>
  <testcase name="runMozillaTest[5106, js=testsrc/tests/ecma/Date/15.9.5.12-6.js, opt=9]" classname="org.mozilla.javascript.tests.MozillaSuiteTest" time="0.119"/>
  <testcase name="runMozillaTest[5107, js=testsrc/tests/ecma/Date/15.9.5.12-7.js, opt=9]" classname="org.mozilla.javascript.tests.MozillaSuiteTest" time="0.079"/>
  <testcase name="runMozillaTest[5108, js=testsrc/tests/ecma/Date/15.9.5.12-8.js, opt=9]" classname="org.mozilla.javascript.tests.MozillaSuiteTest" time="0.02"/>
  <testcase name="runMozillaTest[5109, js=testsrc/tests/ecma/Date/15.9.5.13-1.js, opt=9]" classname="org.mozilla.javascript.tests.MozillaSuiteTest" time="0.024"/>
  <testcase name="runMozillaTest[5110, js=testsrc/tests/ecma/Date/15.9.5.13-2.js, opt=9]" classname="org.mozilla.javascript.tests.MozillaSuiteTest" time="0.022"/>
  <testcase name="runMozillaTest[5111, js=testsrc/tests/ecma/Date/15.9.5.13-3.js, opt=9]" classname="org.mozilla.javascript.tests.MozillaSuiteTest" time="0.057"/>
  <testcase name="runMozillaTest[5112, js=testsrc/tests/ecma/Date/15.9.5.13-4.js, opt=9]" classname="org.mozilla.javascript.tests.MozillaSuiteTest" time="0.035"/>
  <testcase name="runMozillaTest[5113, js=testsrc/tests/ecma/Date/15.9.5.13-5.js, opt=9]" classname="org.mozilla.javascript.tests.MozillaSuiteTest" time="0.022"/>
  <testcase name="runMozillaTest[5114, js=testsrc/tests/ecma/Date/15.9.5.13-6.js, opt=9]" classname="org.mozilla.javascript.tests.MozillaSuiteTest" time="0.049"/>
  <testcase name="runMozillaTest[5115, js=testsrc/tests/ecma/Date/15.9.5.13-7.js, opt=9]" classname="org.mozilla.javascript.tests.MozillaSuiteTest" time="0.032"/>
  <testcase name="runMozillaTest[5116, js=testsrc/tests/ecma/Date/15.9.5.13-8.js, opt=9]" classname="org.mozilla.javascript.tests.MozillaSuiteTest" time="0.041"/>
  <testcase name="runMozillaTest[5117, js=testsrc/tests/ecma/Date/15.9.5.14.js, opt=9]" classname="org.mozilla.javascript.tests.MozillaSuiteTest" time="0.071"/>
  <testcase name="runMozillaTest[5118, js=testsrc/tests/ecma/Date/15.9.5.15.js, opt=9]" classname="org.mozilla.javascript.tests.MozillaSuiteTest" time="0.057"/>
  <testcase name="runMozillaTest[5119, js=testsrc/tests/ecma/Date/15.9.5.16.js, opt=9]" classname="org.mozilla.javascript.tests.MozillaSuiteTest" time="0.096"/>
  <testcase name="runMozillaTest[5120, js=testsrc/tests/ecma/Date/15.9.5.17.js, opt=9]" classname="org.mozilla.javascript.tests.MozillaSuiteTest" time="0.022"/>
  <testcase name="runMozillaTest[5121, js=testsrc/tests/ecma/Date/15.9.5.18.js, opt=9]" classname="org.mozilla.javascript.tests.MozillaSuiteTest" time="0.103"/>
  <testcase name="runMozillaTest[5122, js=testsrc/tests/ecma/Date/15.9.5.19.js, opt=9]" classname="org.mozilla.javascript.tests.MozillaSuiteTest" time="0.007"/>
  <testcase name="runMozillaTest[5123, js=testsrc/tests/ecma/Date/15.9.5.2-1.js, opt=9]" classname="org.mozilla.javascript.tests.MozillaSuiteTest" time="0.015"/>
  <testcase name="runMozillaTest[5124, js=testsrc/tests/ecma/Date/15.9.5.2-2-n.js, opt=9]" classname="org.mozilla.javascript.tests.MozillaSuiteTest" time="0.023"/>
  <testcase name="runMozillaTest[5125, js=testsrc/tests/ecma/Date/15.9.5.2.js, opt=9]" classname="org.mozilla.javascript.tests.MozillaSuiteTest" time="0.024"/>
  <testcase name="runMozillaTest[5126, js=testsrc/tests/ecma/Date/15.9.5.20.js, opt=9]" classname="org.mozilla.javascript.tests.MozillaSuiteTest" time="0.131"/>
  <testcase name="runMozillaTest[5127, js=testsrc/tests/ecma/Date/15.9.5.21-1.js, opt=9]" classname="org.mozilla.javascript.tests.MozillaSuiteTest" time="0.029"/>
  <testcase name="runMozillaTest[5128, js=testsrc/tests/ecma/Date/15.9.5.21-2.js, opt=9]" classname="org.mozilla.javascript.tests.MozillaSuiteTest" time="0.003"/>
  <testcase name="runMozillaTest[5129, js=testsrc/tests/ecma/Date/15.9.5.21-3.js, opt=9]" classname="org.mozilla.javascript.tests.MozillaSuiteTest" time="0.023"/>
  <testcase name="runMozillaTest[5130, js=testsrc/tests/ecma/Date/15.9.5.21-4.js, opt=9]" classname="org.mozilla.javascript.tests.MozillaSuiteTest" time="0.01"/>
  <testcase name="runMozillaTest[5131, js=testsrc/tests/ecma/Date/15.9.5.21-5.js, opt=9]" classname="org.mozilla.javascript.tests.MozillaSuiteTest" time="0.018"/>
  <testcase name="runMozillaTest[5132, js=testsrc/tests/ecma/Date/15.9.5.21-6.js, opt=9]" classname="org.mozilla.javascript.tests.MozillaSuiteTest" time="0.003"/>
  <testcase name="runMozillaTest[5133, js=testsrc/tests/ecma/Date/15.9.5.21-7.js, opt=9]" classname="org.mozilla.javascript.tests.MozillaSuiteTest" time="0.019"/>
  <testcase name="runMozillaTest[5134, js=testsrc/tests/ecma/Date/15.9.5.21-8.js, opt=9]" classname="org.mozilla.javascript.tests.MozillaSuiteTest" time="0.003"/>
  <testcase name="runMozillaTest[5135, js=testsrc/tests/ecma/Date/15.9.5.22-1.js, opt=9]" classname="org.mozilla.javascript.tests.MozillaSuiteTest" time="0.117"/>
  <testcase name="runMozillaTest[5136, js=testsrc/tests/ecma/Date/15.9.5.22-2.js, opt=9]" classname="org.mozilla.javascript.tests.MozillaSuiteTest" time="0.139"/>
  <testcase name="runMozillaTest[5137, js=testsrc/tests/ecma/Date/15.9.5.22-3.js, opt=9]" classname="org.mozilla.javascript.tests.MozillaSuiteTest" time="0.01"/>
  <testcase name="runMozillaTest[5138, js=testsrc/tests/ecma/Date/15.9.5.22-4.js, opt=9]" classname="org.mozilla.javascript.tests.MozillaSuiteTest" time="0.027"/>
  <testcase name="runMozillaTest[5139, js=testsrc/tests/ecma/Date/15.9.5.22-5.js, opt=9]" classname="org.mozilla.javascript.tests.MozillaSuiteTest" time="0.006"/>
  <testcase name="runMozillaTest[5140, js=testsrc/tests/ecma/Date/15.9.5.22-6.js, opt=9]" classname="org.mozilla.javascript.tests.MozillaSuiteTest" time="0.014"/>
  <testcase name="runMozillaTest[5141, js=testsrc/tests/ecma/Date/15.9.5.22-7.js, opt=9]" classname="org.mozilla.javascript.tests.MozillaSuiteTest" time="0.042"/>
  <testcase name="runMozillaTest[5142, js=testsrc/tests/ecma/Date/15.9.5.22-8.js, opt=9]" classname="org.mozilla.javascript.tests.MozillaSuiteTest" time="0.003"/>
  <testcase name="runMozillaTest[5143, js=testsrc/tests/ecma/Date/15.9.5.23-1.js, opt=9]" classname="org.mozilla.javascript.tests.MozillaSuiteTest" time="0.018"/>
  <testcase name="runMozillaTest[5144, js=testsrc/tests/ecma/Date/15.9.5.23-10.js, opt=9]" classname="org.mozilla.javascript.tests.MozillaSuiteTest" time="0.023"/>
  <testcase name="runMozillaTest[5145, js=testsrc/tests/ecma/Date/15.9.5.23-11.js, opt=9]" classname="org.mozilla.javascript.tests.MozillaSuiteTest" time="0.017"/>
  <testcase name="runMozillaTest[5146, js=testsrc/tests/ecma/Date/15.9.5.23-12.js, opt=9]" classname="org.mozilla.javascript.tests.MozillaSuiteTest" time="0.05"/>
  <testcase name="runMozillaTest[5147, js=testsrc/tests/ecma/Date/15.9.5.23-13.js, opt=9]" classname="org.mozilla.javascript.tests.MozillaSuiteTest" time="0.006"/>
  <testcase name="runMozillaTest[5148, js=testsrc/tests/ecma/Date/15.9.5.23-14.js, opt=9]" classname="org.mozilla.javascript.tests.MozillaSuiteTest" time="0.031"/>
  <testcase name="runMozillaTest[5149, js=testsrc/tests/ecma/Date/15.9.5.23-15.js, opt=9]" classname="org.mozilla.javascript.tests.MozillaSuiteTest" time="0.061"/>
  <testcase name="runMozillaTest[5150, js=testsrc/tests/ecma/Date/15.9.5.23-16.js, opt=9]" classname="org.mozilla.javascript.tests.MozillaSuiteTest" time="0.034"/>
  <testcase name="runMozillaTest[5151, js=testsrc/tests/ecma/Date/15.9.5.23-17.js, opt=9]" classname="org.mozilla.javascript.tests.MozillaSuiteTest" time="0.027"/>
  <testcase name="runMozillaTest[5152, js=testsrc/tests/ecma/Date/15.9.5.23-18.js, opt=9]" classname="org.mozilla.javascript.tests.MozillaSuiteTest" time="0.029"/>
  <testcase name="runMozillaTest[5153, js=testsrc/tests/ecma/Date/15.9.5.23-2.js, opt=9]" classname="org.mozilla.javascript.tests.MozillaSuiteTest" time="0.027"/>
  <testcase name="runMozillaTest[5154, js=testsrc/tests/ecma/Date/15.9.5.23-3-n.js, opt=9]" classname="org.mozilla.javascript.tests.MozillaSuiteTest" time="0.003"/>
  <testcase name="runMozillaTest[5155, js=testsrc/tests/ecma/Date/15.9.5.23-4.js, opt=9]" classname="org.mozilla.javascript.tests.MozillaSuiteTest" time="0.027"/>
  <testcase name="runMozillaTest[5156, js=testsrc/tests/ecma/Date/15.9.5.23-5.js, opt=9]" classname="org.mozilla.javascript.tests.MozillaSuiteTest" time="0.042"/>
  <testcase name="runMozillaTest[5157, js=testsrc/tests/ecma/Date/15.9.5.23-6.js, opt=9]" classname="org.mozilla.javascript.tests.MozillaSuiteTest" time="0.005"/>
  <testcase name="runMozillaTest[5158, js=testsrc/tests/ecma/Date/15.9.5.23-7.js, opt=9]" classname="org.mozilla.javascript.tests.MozillaSuiteTest" time="0.004"/>
  <testcase name="runMozillaTest[5159, js=testsrc/tests/ecma/Date/15.9.5.23-8.js, opt=9]" classname="org.mozilla.javascript.tests.MozillaSuiteTest" time="0.03"/>
  <testcase name="runMozillaTest[5160, js=testsrc/tests/ecma/Date/15.9.5.23-9.js, opt=9]" classname="org.mozilla.javascript.tests.MozillaSuiteTest" time="0.005"/>
  <testcase name="runMozillaTest[5161, js=testsrc/tests/ecma/Date/15.9.5.24-1.js, opt=9]" classname="org.mozilla.javascript.tests.MozillaSuiteTest" time="0.056"/>
  <testcase name="runMozillaTest[5162, js=testsrc/tests/ecma/Date/15.9.5.24-2.js, opt=9]" classname="org.mozilla.javascript.tests.MozillaSuiteTest" time="0.007"/>
  <testcase name="runMozillaTest[5163, js=testsrc/tests/ecma/Date/15.9.5.24-3.js, opt=9]" classname="org.mozilla.javascript.tests.MozillaSuiteTest" time="0.033"/>
  <testcase name="runMozillaTest[5164, js=testsrc/tests/ecma/Date/15.9.5.24-4.js, opt=9]" classname="org.mozilla.javascript.tests.MozillaSuiteTest" time="0.017"/>
  <testcase name="runMozillaTest[5165, js=testsrc/tests/ecma/Date/15.9.5.24-5.js, opt=9]" classname="org.mozilla.javascript.tests.MozillaSuiteTest" time="0.042"/>
  <testcase name="runMozillaTest[5166, js=testsrc/tests/ecma/Date/15.9.5.24-6.js, opt=9]" classname="org.mozilla.javascript.tests.MozillaSuiteTest" time="0.03"/>
  <testcase name="runMozillaTest[5167, js=testsrc/tests/ecma/Date/15.9.5.24-7.js, opt=9]" classname="org.mozilla.javascript.tests.MozillaSuiteTest" time="0.014"/>
  <testcase name="runMozillaTest[5168, js=testsrc/tests/ecma/Date/15.9.5.24-8.js, opt=9]" classname="org.mozilla.javascript.tests.MozillaSuiteTest" time="0.056"/>
  <testcase name="runMozillaTest[5169, js=testsrc/tests/ecma/Date/15.9.5.25-1.js, opt=9]" classname="org.mozilla.javascript.tests.MozillaSuiteTest" time="0.037"/>
  <testcase name="runMozillaTest[5170, js=testsrc/tests/ecma/Date/15.9.5.26-1.js, opt=9]" classname="org.mozilla.javascript.tests.MozillaSuiteTest" time="0.043"/>
  <testcase name="runMozillaTest[5171, js=testsrc/tests/ecma/Date/15.9.5.27-1.js, opt=9]" classname="org.mozilla.javascript.tests.MozillaSuiteTest" time="0.05"/>
  <testcase name="runMozillaTest[5172, js=testsrc/tests/ecma/Date/15.9.5.28-1.js, opt=9]" classname="org.mozilla.javascript.tests.MozillaSuiteTest" time="0.028"/>
  <testcase name="runMozillaTest[5173, js=testsrc/tests/ecma/Date/15.9.5.29-1.js, opt=9]" classname="org.mozilla.javascript.tests.MozillaSuiteTest" time="0.064"/>
  <testcase name="runMozillaTest[5174, js=testsrc/tests/ecma/Date/15.9.5.3-1-n.js, opt=9]" classname="org.mozilla.javascript.tests.MozillaSuiteTest" time="0.005"/>
  <testcase name="runMozillaTest[5175, js=testsrc/tests/ecma/Date/15.9.5.3-2.js, opt=9]" classname="org.mozilla.javascript.tests.MozillaSuiteTest" time="0.033"/>
  <testcase name="runMozillaTest[5176, js=testsrc/tests/ecma/Date/15.9.5.30-1.js, opt=9]" classname="org.mozilla.javascript.tests.MozillaSuiteTest" time="0.054"/>
  <testcase name="runMozillaTest[5177, js=testsrc/tests/ecma/Date/15.9.5.31-1.js, opt=9]" classname="org.mozilla.javascript.tests.MozillaSuiteTest" time="0.046"/>
  <testcase name="runMozillaTest[5178, js=testsrc/tests/ecma/Date/15.9.5.32-1.js, opt=9]" classname="org.mozilla.javascript.tests.MozillaSuiteTest" time="0.042"/>
  <testcase name="runMozillaTest[5179, js=testsrc/tests/ecma/Date/15.9.5.33-1.js, opt=9]" classname="org.mozilla.javascript.tests.MozillaSuiteTest" time="0.029"/>
  <testcase name="runMozillaTest[5180, js=testsrc/tests/ecma/Date/15.9.5.34-1.js, opt=9]" classname="org.mozilla.javascript.tests.MozillaSuiteTest" time="0.068"/>
  <testcase name="runMozillaTest[5181, js=testsrc/tests/ecma/Date/15.9.5.35-1.js, opt=9]" classname="org.mozilla.javascript.tests.MozillaSuiteTest" time="0.007"/>
  <testcase name="runMozillaTest[5182, js=testsrc/tests/ecma/Date/15.9.5.36-1.js, opt=9]" classname="org.mozilla.javascript.tests.MozillaSuiteTest" time="0.038"/>
  <testcase name="runMozillaTest[5183, js=testsrc/tests/ecma/Date/15.9.5.36-2.js, opt=9]" classname="org.mozilla.javascript.tests.MozillaSuiteTest" time="0.054"/>
  <testcase name="runMozillaTest[5184, js=testsrc/tests/ecma/Date/15.9.5.36-3.js, opt=9]" classname="org.mozilla.javascript.tests.MozillaSuiteTest" time="0.031"/>
  <testcase name="runMozillaTest[5185, js=testsrc/tests/ecma/Date/15.9.5.36-4.js, opt=9]" classname="org.mozilla.javascript.tests.MozillaSuiteTest" time="0.03"/>
  <testcase name="runMozillaTest[5186, js=testsrc/tests/ecma/Date/15.9.5.36-5.js, opt=9]" classname="org.mozilla.javascript.tests.MozillaSuiteTest" time="0.049"/>
  <testcase name="runMozillaTest[5187, js=testsrc/tests/ecma/Date/15.9.5.36-6.js, opt=9]" classname="org.mozilla.javascript.tests.MozillaSuiteTest" time="0.036"/>
  <testcase name="runMozillaTest[5188, js=testsrc/tests/ecma/Date/15.9.5.36-7.js, opt=9]" classname="org.mozilla.javascript.tests.MozillaSuiteTest" time="0.052"/>
  <testcase name="runMozillaTest[5189, js=testsrc/tests/ecma/Date/15.9.5.37-1.js, opt=9]" classname="org.mozilla.javascript.tests.MozillaSuiteTest" time="0.033"/>
  <testcase name="runMozillaTest[5190, js=testsrc/tests/ecma/Date/15.9.5.37-2.js, opt=9]" classname="org.mozilla.javascript.tests.MozillaSuiteTest" time="0.023"/>
  <testcase name="runMozillaTest[5191, js=testsrc/tests/ecma/Date/15.9.5.37-3.js, opt=9]" classname="org.mozilla.javascript.tests.MozillaSuiteTest" time="0.063"/>
  <testcase name="runMozillaTest[5192, js=testsrc/tests/ecma/Date/15.9.5.37-4.js, opt=9]" classname="org.mozilla.javascript.tests.MozillaSuiteTest" time="0.008"/>
  <testcase name="runMozillaTest[5193, js=testsrc/tests/ecma/Date/15.9.5.37-5.js, opt=9]" classname="org.mozilla.javascript.tests.MozillaSuiteTest" time="0.041"/>
  <testcase name="runMozillaTest[5194, js=testsrc/tests/ecma/Date/15.9.5.4-1.js, opt=9]" classname="org.mozilla.javascript.tests.MozillaSuiteTest" time="0.03"/>
  <testcase name="runMozillaTest[5195, js=testsrc/tests/ecma/Date/15.9.5.4-2-n.js, opt=9]" classname="org.mozilla.javascript.tests.MozillaSuiteTest" time="0.021"/>
  <testcase name="runMozillaTest[5196, js=testsrc/tests/ecma/Date/15.9.5.5.js, opt=9]" classname="org.mozilla.javascript.tests.MozillaSuiteTest" time="0.079"/>
  <testcase name="runMozillaTest[5197, js=testsrc/tests/ecma/Date/15.9.5.6.js, opt=9]" classname="org.mozilla.javascript.tests.MozillaSuiteTest" time="0.101"/>
  <testcase name="runMozillaTest[5198, js=testsrc/tests/ecma/Date/15.9.5.7.js, opt=9]" classname="org.mozilla.javascript.tests.MozillaSuiteTest" time="0.019"/>
  <testcase name="runMozillaTest[5199, js=testsrc/tests/ecma/Date/15.9.5.8.js, opt=9]" classname="org.mozilla.javascript.tests.MozillaSuiteTest" time="1.009"/>
  <testcase name="runMozillaTest[5200, js=testsrc/tests/ecma/Date/15.9.5.9.js, opt=9]" classname="org.mozilla.javascript.tests.MozillaSuiteTest" time="0.376"/>
  <testcase name="runMozillaTest[5201, js=testsrc/tests/ecma/Date/15.9.5.js, opt=9]" classname="org.mozilla.javascript.tests.MozillaSuiteTest" time="0.003"/>
  <testcase name="runMozillaTest[5202, js=testsrc/tests/ecma/ExecutionContexts/10.1.3-1.js, opt=9]" classname="org.mozilla.javascript.tests.MozillaSuiteTest" time="0.029"/>
  <testcase name="runMozillaTest[5203, js=testsrc/tests/ecma/ExecutionContexts/10.1.3-2.js, opt=9]" classname="org.mozilla.javascript.tests.MozillaSuiteTest" time="0.004"/>
  <testcase name="runMozillaTest[5204, js=testsrc/tests/ecma/ExecutionContexts/10.1.3.js, opt=9]" classname="org.mozilla.javascript.tests.MozillaSuiteTest" time="0.015"/>
  <testcase name="runMozillaTest[5205, js=testsrc/tests/ecma/ExecutionContexts/10.1.4-1.js, opt=9]" classname="org.mozilla.javascript.tests.MozillaSuiteTest" time="0.043"/>
  <testcase name="runMozillaTest[5206, js=testsrc/tests/ecma/ExecutionContexts/10.1.4-10.js, opt=9]" classname="org.mozilla.javascript.tests.MozillaSuiteTest" time="0.004"/>
  <testcase name="runMozillaTest[5207, js=testsrc/tests/ecma/ExecutionContexts/10.1.4-2.js, opt=9]" classname="org.mozilla.javascript.tests.MozillaSuiteTest" time="0.007"/>
  <testcase name="runMozillaTest[5208, js=testsrc/tests/ecma/ExecutionContexts/10.1.4-3.js, opt=9]" classname="org.mozilla.javascript.tests.MozillaSuiteTest" time="0.028"/>
  <testcase name="runMozillaTest[5209, js=testsrc/tests/ecma/ExecutionContexts/10.1.4-4.js, opt=9]" classname="org.mozilla.javascript.tests.MozillaSuiteTest" time="0.018"/>
  <testcase name="runMozillaTest[5210, js=testsrc/tests/ecma/ExecutionContexts/10.1.4-5.js, opt=9]" classname="org.mozilla.javascript.tests.MozillaSuiteTest" time="0.043"/>
  <testcase name="runMozillaTest[5211, js=testsrc/tests/ecma/ExecutionContexts/10.1.4-6.js, opt=9]" classname="org.mozilla.javascript.tests.MozillaSuiteTest" time="0.004"/>
  <testcase name="runMozillaTest[5212, js=testsrc/tests/ecma/ExecutionContexts/10.1.4-7.js, opt=9]" classname="org.mozilla.javascript.tests.MozillaSuiteTest" time="0.004"/>
  <testcase name="runMozillaTest[5213, js=testsrc/tests/ecma/ExecutionContexts/10.1.4-8.js, opt=9]" classname="org.mozilla.javascript.tests.MozillaSuiteTest" time="0.029"/>
  <testcase name="runMozillaTest[5214, js=testsrc/tests/ecma/ExecutionContexts/10.1.5-1.js, opt=9]" classname="org.mozilla.javascript.tests.MozillaSuiteTest" time="0.004"/>
  <testcase name="runMozillaTest[5215, js=testsrc/tests/ecma/ExecutionContexts/10.1.5-2.js, opt=9]" classname="org.mozilla.javascript.tests.MozillaSuiteTest" time="0.015"/>
  <testcase name="runMozillaTest[5216, js=testsrc/tests/ecma/ExecutionContexts/10.1.5-3.js, opt=9]" classname="org.mozilla.javascript.tests.MozillaSuiteTest" time="0.024"/>
  <testcase name="runMozillaTest[5217, js=testsrc/tests/ecma/ExecutionContexts/10.1.5-4.js, opt=9]" classname="org.mozilla.javascript.tests.MozillaSuiteTest" time="0.022"/>
  <testcase name="runMozillaTest[5218, js=testsrc/tests/ecma/ExecutionContexts/10.1.8-2.js, opt=9]" classname="org.mozilla.javascript.tests.MozillaSuiteTest" time="0.027"/>
  <testcase name="runMozillaTest[5219, js=testsrc/tests/ecma/ExecutionContexts/10.1.8-3.js, opt=9]" classname="org.mozilla.javascript.tests.MozillaSuiteTest" time="0.016"/>
  <testcase name="runMozillaTest[5220, js=testsrc/tests/ecma/ExecutionContexts/10.2.1.js, opt=9]" classname="org.mozilla.javascript.tests.MozillaSuiteTest" time="0.044"/>
  <testcase name="runMozillaTest[5221, js=testsrc/tests/ecma/ExecutionContexts/10.2.2-1.js, opt=9]" classname="org.mozilla.javascript.tests.MozillaSuiteTest" time="0.016"/>
  <testcase name="runMozillaTest[5222, js=testsrc/tests/ecma/ExecutionContexts/10.2.2-2.js, opt=9]" classname="org.mozilla.javascript.tests.MozillaSuiteTest" time="0.042"/>
  <testcase name="runMozillaTest[5223, js=testsrc/tests/ecma/ExecutionContexts/10.2.3-1.js, opt=9]" classname="org.mozilla.javascript.tests.MozillaSuiteTest" time="0.027"/>
  <testcase name="runMozillaTest[5224, js=testsrc/tests/ecma/ExecutionContexts/10.2.3-2.js, opt=9]" classname="org.mozilla.javascript.tests.MozillaSuiteTest" time="0.015"/>
  <testcase name="runMozillaTest[5225, js=testsrc/tests/ecma/Expressions/11.1.1.js, opt=9]" classname="org.mozilla.javascript.tests.MozillaSuiteTest" time="0.01"/>
  <testcase name="runMozillaTest[5226, js=testsrc/tests/ecma/Expressions/11.10-1.js, opt=9]" classname="org.mozilla.javascript.tests.MozillaSuiteTest" time="0.061"/>
  <testcase name="runMozillaTest[5227, js=testsrc/tests/ecma/Expressions/11.10-2.js, opt=9]" classname="org.mozilla.javascript.tests.MozillaSuiteTest" time="0.539"/>
  <testcase name="runMozillaTest[5228, js=testsrc/tests/ecma/Expressions/11.10-3.js, opt=9]" classname="org.mozilla.javascript.tests.MozillaSuiteTest" time="0.634"/>
  <testcase name="runMozillaTest[5229, js=testsrc/tests/ecma/Expressions/11.12-1.js, opt=9]" classname="org.mozilla.javascript.tests.MozillaSuiteTest" time="0.003"/>
  <testcase name="runMozillaTest[5230, js=testsrc/tests/ecma/Expressions/11.12-2-n.js, opt=9]" classname="org.mozilla.javascript.tests.MozillaSuiteTest" time="0.002"/>
  <testcase name="runMozillaTest[5231, js=testsrc/tests/ecma/Expressions/11.12-3.js, opt=9]" classname="org.mozilla.javascript.tests.MozillaSuiteTest" time="0.031"/>
  <testcase name="runMozillaTest[5232, js=testsrc/tests/ecma/Expressions/11.12-4.js, opt=9]" classname="org.mozilla.javascript.tests.MozillaSuiteTest" time="0.002"/>
  <testcase name="runMozillaTest[5233, js=testsrc/tests/ecma/Expressions/11.13.1.js, opt=9]" classname="org.mozilla.javascript.tests.MozillaSuiteTest" time="0.012"/>
  <testcase name="runMozillaTest[5234, js=testsrc/tests/ecma/Expressions/11.13.2-1.js, opt=9]" classname="org.mozilla.javascript.tests.MozillaSuiteTest" time="0.036"/>
  <testcase name="runMozillaTest[5235, js=testsrc/tests/ecma/Expressions/11.13.2-2.js, opt=9]" classname="org.mozilla.javascript.tests.MozillaSuiteTest" time="0.012"/>
  <testcase name="runMozillaTest[5236, js=testsrc/tests/ecma/Expressions/11.13.2-3.js, opt=9]" classname="org.mozilla.javascript.tests.MozillaSuiteTest" time="0.017"/>
  <testcase name="runMozillaTest[5237, js=testsrc/tests/ecma/Expressions/11.13.2-4.js, opt=9]" classname="org.mozilla.javascript.tests.MozillaSuiteTest" time="0.039"/>
  <testcase name="runMozillaTest[5238, js=testsrc/tests/ecma/Expressions/11.13.2-5.js, opt=9]" classname="org.mozilla.javascript.tests.MozillaSuiteTest" time="0.004"/>
  <testcase name="runMozillaTest[5239, js=testsrc/tests/ecma/Expressions/11.13.js, opt=9]" classname="org.mozilla.javascript.tests.MozillaSuiteTest" time="0.024"/>
  <testcase name="runMozillaTest[5240, js=testsrc/tests/ecma/Expressions/11.14-1.js, opt=9]" classname="org.mozilla.javascript.tests.MozillaSuiteTest" time="0.004"/>
  <testcase name="runMozillaTest[5241, js=testsrc/tests/ecma/Expressions/11.2.1-1.js, opt=9]" classname="org.mozilla.javascript.tests.MozillaSuiteTest" time="0.068"/>
  <testcase name="runMozillaTest[5242, js=testsrc/tests/ecma/Expressions/11.2.1-2.js, opt=9]" classname="org.mozilla.javascript.tests.MozillaSuiteTest" time="0.01"/>
  <testcase name="runMozillaTest[5243, js=testsrc/tests/ecma/Expressions/11.2.1-3-n.js, opt=9]" classname="org.mozilla.javascript.tests.MozillaSuiteTest" time="0.004"/>
  <testcase name="runMozillaTest[5244, js=testsrc/tests/ecma/Expressions/11.2.1-4-n.js, opt=9]" classname="org.mozilla.javascript.tests.MozillaSuiteTest" time="0.022"/>
  <testcase name="runMozillaTest[5245, js=testsrc/tests/ecma/Expressions/11.2.1-5.js, opt=9]" classname="org.mozilla.javascript.tests.MozillaSuiteTest" time="0.015"/>
  <testcase name="runMozillaTest[5246, js=testsrc/tests/ecma/Expressions/11.2.2-1-n.js, opt=9]" classname="org.mozilla.javascript.tests.MozillaSuiteTest" time="0.013"/>
  <testcase name="runMozillaTest[5247, js=testsrc/tests/ecma/Expressions/11.2.2-1.js, opt=9]" classname="org.mozilla.javascript.tests.MozillaSuiteTest" time="0.016"/>
  <testcase name="runMozillaTest[5248, js=testsrc/tests/ecma/Expressions/11.2.2-10-n.js, opt=9]" classname="org.mozilla.javascript.tests.MozillaSuiteTest" time="0.022"/>
  <testcase name="runMozillaTest[5249, js=testsrc/tests/ecma/Expressions/11.2.2-11.js, opt=9]" classname="org.mozilla.javascript.tests.MozillaSuiteTest" time="0.003"/>
  <testcase name="runMozillaTest[5250, js=testsrc/tests/ecma/Expressions/11.2.2-2-n.js, opt=9]" classname="org.mozilla.javascript.tests.MozillaSuiteTest" time="0.024"/>
  <testcase name="runMozillaTest[5251, js=testsrc/tests/ecma/Expressions/11.2.2-3-n.js, opt=9]" classname="org.mozilla.javascript.tests.MozillaSuiteTest" time="0.003"/>
  <testcase name="runMozillaTest[5252, js=testsrc/tests/ecma/Expressions/11.2.2-4-n.js, opt=9]" classname="org.mozilla.javascript.tests.MozillaSuiteTest" time="0.009"/>
  <testcase name="runMozillaTest[5253, js=testsrc/tests/ecma/Expressions/11.2.2-5-n.js, opt=9]" classname="org.mozilla.javascript.tests.MozillaSuiteTest" time="0.013"/>
  <testcase name="runMozillaTest[5254, js=testsrc/tests/ecma/Expressions/11.2.2-6-n.js, opt=9]" classname="org.mozilla.javascript.tests.MozillaSuiteTest" time="0.026"/>
  <testcase name="runMozillaTest[5255, js=testsrc/tests/ecma/Expressions/11.2.2-7-n.js, opt=9]" classname="org.mozilla.javascript.tests.MozillaSuiteTest" time="0.03"/>
  <testcase name="runMozillaTest[5256, js=testsrc/tests/ecma/Expressions/11.2.2-8-n.js, opt=9]" classname="org.mozilla.javascript.tests.MozillaSuiteTest" time="0.003"/>
  <testcase name="runMozillaTest[5257, js=testsrc/tests/ecma/Expressions/11.2.2-9-n.js, opt=9]" classname="org.mozilla.javascript.tests.MozillaSuiteTest" time="0.008"/>
  <testcase name="runMozillaTest[5258, js=testsrc/tests/ecma/Expressions/11.2.3-1.js, opt=9]" classname="org.mozilla.javascript.tests.MozillaSuiteTest" time="0.023"/>
  <testcase name="runMozillaTest[5259, js=testsrc/tests/ecma/Expressions/11.2.3-2-n.js, opt=9]" classname="org.mozilla.javascript.tests.MozillaSuiteTest" time="0.007"/>
  <testcase name="runMozillaTest[5260, js=testsrc/tests/ecma/Expressions/11.2.3-3-n.js, opt=9]" classname="org.mozilla.javascript.tests.MozillaSuiteTest" time="0.011"/>
  <testcase name="runMozillaTest[5261, js=testsrc/tests/ecma/Expressions/11.2.3-4-n.js, opt=9]" classname="org.mozilla.javascript.tests.MozillaSuiteTest" time="0.03"/>
  <testcase name="runMozillaTest[5262, js=testsrc/tests/ecma/Expressions/11.2.3-5.js, opt=9]" classname="org.mozilla.javascript.tests.MozillaSuiteTest" time="0.008"/>
  <testcase name="runMozillaTest[5263, js=testsrc/tests/ecma/Expressions/11.3.1.js, opt=9]" classname="org.mozilla.javascript.tests.MozillaSuiteTest" time="0.018"/>
  <testcase name="runMozillaTest[5264, js=testsrc/tests/ecma/Expressions/11.3.2.js, opt=9]" classname="org.mozilla.javascript.tests.MozillaSuiteTest" time="0.024"/>
  <testcase name="runMozillaTest[5265, js=testsrc/tests/ecma/Expressions/11.4.1.js, opt=9]" classname="org.mozilla.javascript.tests.MozillaSuiteTest" time="0.017"/>
  <testcase name="runMozillaTest[5266, js=testsrc/tests/ecma/Expressions/11.4.2.js, opt=9]" classname="org.mozilla.javascript.tests.MozillaSuiteTest" time="0.038"/>
  <testcase name="runMozillaTest[5267, js=testsrc/tests/ecma/Expressions/11.4.3.js, opt=9]" classname="org.mozilla.javascript.tests.MozillaSuiteTest" time="0.004"/>
  <testcase name="runMozillaTest[5268, js=testsrc/tests/ecma/Expressions/11.4.4.js, opt=9]" classname="org.mozilla.javascript.tests.MozillaSuiteTest" time="0.037"/>
  <testcase name="runMozillaTest[5269, js=testsrc/tests/ecma/Expressions/11.4.5.js, opt=9]" classname="org.mozilla.javascript.tests.MozillaSuiteTest" time="0.006"/>
  <testcase name="runMozillaTest[5270, js=testsrc/tests/ecma/Expressions/11.4.6.js, opt=9]" classname="org.mozilla.javascript.tests.MozillaSuiteTest" time="0.066"/>
  <testcase name="runMozillaTest[5271, js=testsrc/tests/ecma/Expressions/11.4.7-01.js, opt=9]" classname="org.mozilla.javascript.tests.MozillaSuiteTest" time="0.038"/>
  <testcase name="runMozillaTest[5272, js=testsrc/tests/ecma/Expressions/11.4.7-02.js, opt=9]" classname="org.mozilla.javascript.tests.MozillaSuiteTest" time="0.005"/>
  <testcase name="runMozillaTest[5273, js=testsrc/tests/ecma/Expressions/11.4.8.js, opt=9]" classname="org.mozilla.javascript.tests.MozillaSuiteTest" time="0.077"/>
  <testcase name="runMozillaTest[5274, js=testsrc/tests/ecma/Expressions/11.4.9.js, opt=9]" classname="org.mozilla.javascript.tests.MozillaSuiteTest" time="0.018"/>
  <testcase name="runMozillaTest[5275, js=testsrc/tests/ecma/Expressions/11.5.1.js, opt=9]" classname="org.mozilla.javascript.tests.MozillaSuiteTest" time="0.029"/>
  <testcase name="runMozillaTest[5276, js=testsrc/tests/ecma/Expressions/11.5.2.js, opt=9]" classname="org.mozilla.javascript.tests.MozillaSuiteTest" time="0.03"/>
  <testcase name="runMozillaTest[5277, js=testsrc/tests/ecma/Expressions/11.5.3.js, opt=9]" classname="org.mozilla.javascript.tests.MozillaSuiteTest" time="0.009"/>
  <testcase name="runMozillaTest[5278, js=testsrc/tests/ecma/Expressions/11.6.1-1.js, opt=9]" classname="org.mozilla.javascript.tests.MozillaSuiteTest" time="0.01"/>
  <testcase name="runMozillaTest[5279, js=testsrc/tests/ecma/Expressions/11.6.1-2.js, opt=9]" classname="org.mozilla.javascript.tests.MozillaSuiteTest" time="0.014"/>
  <testcase name="runMozillaTest[5280, js=testsrc/tests/ecma/Expressions/11.6.1-3.js, opt=9]" classname="org.mozilla.javascript.tests.MozillaSuiteTest" time="0.02"/>
  <testcase name="runMozillaTest[5281, js=testsrc/tests/ecma/Expressions/11.6.2-1.js, opt=9]" classname="org.mozilla.javascript.tests.MozillaSuiteTest" time="0.044"/>
  <testcase name="runMozillaTest[5282, js=testsrc/tests/ecma/Expressions/11.6.3.js, opt=9]" classname="org.mozilla.javascript.tests.MozillaSuiteTest" time="0.004"/>
  <testcase name="runMozillaTest[5283, js=testsrc/tests/ecma/Expressions/11.7.1.js, opt=9]" classname="org.mozilla.javascript.tests.MozillaSuiteTest" time="0.634"/>
  <testcase name="runMozillaTest[5284, js=testsrc/tests/ecma/Expressions/11.7.2.js, opt=9]" classname="org.mozilla.javascript.tests.MozillaSuiteTest" time="1.107"/>
  <testcase name="runMozillaTest[5285, js=testsrc/tests/ecma/Expressions/11.7.3.js, opt=9]" classname="org.mozilla.javascript.tests.MozillaSuiteTest" time="0.598"/>
  <testcase name="runMozillaTest[5286, js=testsrc/tests/ecma/Expressions/11.8.1.js, opt=9]" classname="org.mozilla.javascript.tests.MozillaSuiteTest" time="0.044"/>
  <testcase name="runMozillaTest[5287, js=testsrc/tests/ecma/Expressions/11.8.2.js, opt=9]" classname="org.mozilla.javascript.tests.MozillaSuiteTest" time="0.017"/>
  <testcase name="runMozillaTest[5288, js=testsrc/tests/ecma/Expressions/11.8.3.js, opt=9]" classname="org.mozilla.javascript.tests.MozillaSuiteTest" time="0.033"/>
  <testcase name="runMozillaTest[5289, js=testsrc/tests/ecma/Expressions/11.8.4.js, opt=9]" classname="org.mozilla.javascript.tests.MozillaSuiteTest" time="0.025"/>
  <testcase name="runMozillaTest[5290, js=testsrc/tests/ecma/Expressions/11.9.1.js, opt=9]" classname="org.mozilla.javascript.tests.MozillaSuiteTest" time="0.028"/>
  <testcase name="runMozillaTest[5291, js=testsrc/tests/ecma/Expressions/11.9.2.js, opt=9]" classname="org.mozilla.javascript.tests.MozillaSuiteTest" time="0.036"/>
  <testcase name="runMozillaTest[5292, js=testsrc/tests/ecma/Expressions/11.9.3.js, opt=9]" classname="org.mozilla.javascript.tests.MozillaSuiteTest" time="0.022"/>
  <testcase name="runMozillaTest[5293, js=testsrc/tests/ecma/FunctionObjects/15.3.1.1-1.js, opt=9]" classname="org.mozilla.javascript.tests.MozillaSuiteTest" time="0.032"/>
  <testcase name="runMozillaTest[5294, js=testsrc/tests/ecma/FunctionObjects/15.3.1.1-2.js, opt=9]" classname="org.mozilla.javascript.tests.MozillaSuiteTest" time="0.022"/>
  <testcase name="runMozillaTest[5295, js=testsrc/tests/ecma/FunctionObjects/15.3.1.1-3.js, opt=9]" classname="org.mozilla.javascript.tests.MozillaSuiteTest" time="0.307"/>
  <testcase name="runMozillaTest[5296, js=testsrc/tests/ecma/FunctionObjects/15.3.2.1-1.js, opt=9]" classname="org.mozilla.javascript.tests.MozillaSuiteTest" time="0.021"/>
  <testcase name="runMozillaTest[5297, js=testsrc/tests/ecma/FunctionObjects/15.3.2.1-2.js, opt=9]" classname="org.mozilla.javascript.tests.MozillaSuiteTest" time="0.026"/>
  <testcase name="runMozillaTest[5298, js=testsrc/tests/ecma/FunctionObjects/15.3.2.1-3.js, opt=9]" classname="org.mozilla.javascript.tests.MozillaSuiteTest" time="0.172"/>
  <testcase name="runMozillaTest[5299, js=testsrc/tests/ecma/FunctionObjects/15.3.3.1-2.js, opt=9]" classname="org.mozilla.javascript.tests.MozillaSuiteTest" time="0.019"/>
  <testcase name="runMozillaTest[5300, js=testsrc/tests/ecma/FunctionObjects/15.3.3.1-3.js, opt=9]" classname="org.mozilla.javascript.tests.MozillaSuiteTest" time="0.01"/>
  <testcase name="runMozillaTest[5301, js=testsrc/tests/ecma/FunctionObjects/15.3.3.1-4.js, opt=9]" classname="org.mozilla.javascript.tests.MozillaSuiteTest" time="0.042"/>
  <testcase name="runMozillaTest[5302, js=testsrc/tests/ecma/FunctionObjects/15.3.3.2.js, opt=9]" classname="org.mozilla.javascript.tests.MozillaSuiteTest" time="0.003"/>
  <testcase name="runMozillaTest[5303, js=testsrc/tests/ecma/FunctionObjects/15.3.4-1.js, opt=9]" classname="org.mozilla.javascript.tests.MozillaSuiteTest" time="0.002"/>
  <testcase name="runMozillaTest[5304, js=testsrc/tests/ecma/FunctionObjects/15.3.4.1.js, opt=9]" classname="org.mozilla.javascript.tests.MozillaSuiteTest" time="0.002"/>
  <testcase name="runMozillaTest[5305, js=testsrc/tests/ecma/FunctionObjects/15.3.4.js, opt=9]" classname="org.mozilla.javascript.tests.MozillaSuiteTest" time="0.022"/>
  <testcase name="runMozillaTest[5306, js=testsrc/tests/ecma/FunctionObjects/15.3.5-1.js, opt=9]" classname="org.mozilla.javascript.tests.MozillaSuiteTest" time="0.18"/>
  <testcase name="runMozillaTest[5307, js=testsrc/tests/ecma/FunctionObjects/15.3.5-2.js, opt=9]" classname="org.mozilla.javascript.tests.MozillaSuiteTest" time="0.012"/>
  <testcase name="runMozillaTest[5308, js=testsrc/tests/ecma/FunctionObjects/15.3.5.1.js, opt=9]" classname="org.mozilla.javascript.tests.MozillaSuiteTest" time="0.017"/>
  <testcase name="runMozillaTest[5309, js=testsrc/tests/ecma/FunctionObjects/15.3.5.3.js, opt=9]" classname="org.mozilla.javascript.tests.MozillaSuiteTest" time="0.004"/>
  <testcase name="runMozillaTest[5310, js=testsrc/tests/ecma/GlobalObject/15.1-1-n.js, opt=9]" classname="org.mozilla.javascript.tests.MozillaSuiteTest" time="0.057"/>
  <testcase name="runMozillaTest[5311, js=testsrc/tests/ecma/GlobalObject/15.1-2-n.js, opt=9]" classname="org.mozilla.javascript.tests.MozillaSuiteTest" time="0.003"/>
  <testcase name="runMozillaTest[5312, js=testsrc/tests/ecma/GlobalObject/15.1.1.1.js, opt=9]" classname="org.mozilla.javascript.tests.MozillaSuiteTest" time="0.002"/>
  <testcase name="runMozillaTest[5313, js=testsrc/tests/ecma/GlobalObject/15.1.1.2.js, opt=9]" classname="org.mozilla.javascript.tests.MozillaSuiteTest" time="0.003"/>
  <testcase name="runMozillaTest[5314, js=testsrc/tests/ecma/GlobalObject/15.1.2.1-2.js, opt=9]" classname="org.mozilla.javascript.tests.MozillaSuiteTest" time="0.023"/>
  <testcase name="runMozillaTest[5315, js=testsrc/tests/ecma/GlobalObject/15.1.2.2-2.js, opt=9]" classname="org.mozilla.javascript.tests.MozillaSuiteTest" time="0.013"/>
  <testcase name="runMozillaTest[5316, js=testsrc/tests/ecma/GlobalObject/15.1.2.3-2.js, opt=9]" classname="org.mozilla.javascript.tests.MozillaSuiteTest" time="0.06"/>
  <testcase name="runMozillaTest[5317, js=testsrc/tests/ecma/GlobalObject/15.1.2.5-2.js, opt=9]" classname="org.mozilla.javascript.tests.MozillaSuiteTest" time="0.033"/>
  <testcase name="runMozillaTest[5318, js=testsrc/tests/ecma/GlobalObject/15.1.2.5-3.js, opt=9]" classname="org.mozilla.javascript.tests.MozillaSuiteTest" time="0.108"/>
  <testcase name="runMozillaTest[5319, js=testsrc/tests/ecma/LexicalConventions/7.1-1.js, opt=9]" classname="org.mozilla.javascript.tests.MozillaSuiteTest" time="0.004"/>
  <testcase name="runMozillaTest[5320, js=testsrc/tests/ecma/LexicalConventions/7.1-2.js, opt=9]" classname="org.mozilla.javascript.tests.MozillaSuiteTest" time="0.038"/>
  <testcase name="runMozillaTest[5321, js=testsrc/tests/ecma/LexicalConventions/7.1-3.js, opt=9]" classname="org.mozilla.javascript.tests.MozillaSuiteTest" time="0.003"/>
  <testcase name="runMozillaTest[5322, js=testsrc/tests/ecma/LexicalConventions/7.2-1.js, opt=9]" classname="org.mozilla.javascript.tests.MozillaSuiteTest" time="0.012"/>
  <testcase name="runMozillaTest[5323, js=testsrc/tests/ecma/LexicalConventions/7.2-2-n.js, opt=9]" classname="org.mozilla.javascript.tests.MozillaSuiteTest" time="0.02"/>
  <testcase name="runMozillaTest[5324, js=testsrc/tests/ecma/LexicalConventions/7.2-3-n.js, opt=9]" classname="org.mozilla.javascript.tests.MozillaSuiteTest" time="0.002"/>
  <testcase name="runMozillaTest[5325, js=testsrc/tests/ecma/LexicalConventions/7.2-4-n.js, opt=9]" classname="org.mozilla.javascript.tests.MozillaSuiteTest" time="0.014"/>
  <testcase name="runMozillaTest[5326, js=testsrc/tests/ecma/LexicalConventions/7.2-5-n.js, opt=9]" classname="org.mozilla.javascript.tests.MozillaSuiteTest" time="0.03"/>
  <testcase name="runMozillaTest[5327, js=testsrc/tests/ecma/LexicalConventions/7.2-6.js, opt=9]" classname="org.mozilla.javascript.tests.MozillaSuiteTest" time="0.011"/>
  <testcase name="runMozillaTest[5328, js=testsrc/tests/ecma/LexicalConventions/7.3-1.js, opt=9]" classname="org.mozilla.javascript.tests.MozillaSuiteTest" time="0.019"/>
  <testcase name="runMozillaTest[5329, js=testsrc/tests/ecma/LexicalConventions/7.3-10.js, opt=9]" classname="org.mozilla.javascript.tests.MozillaSuiteTest" time="0.002"/>
  <testcase name="runMozillaTest[5330, js=testsrc/tests/ecma/LexicalConventions/7.3-11.js, opt=9]" classname="org.mozilla.javascript.tests.MozillaSuiteTest" time="0.018"/>
  <testcase name="runMozillaTest[5331, js=testsrc/tests/ecma/LexicalConventions/7.3-12.js, opt=9]" classname="org.mozilla.javascript.tests.MozillaSuiteTest" time="0.019"/>
  <testcase name="runMozillaTest[5332, js=testsrc/tests/ecma/LexicalConventions/7.3-13-n.js, opt=9]" classname="org.mozilla.javascript.tests.MozillaSuiteTest" time="0.003"/>
  <testcase name="runMozillaTest[5333, js=testsrc/tests/ecma/LexicalConventions/7.3-2.js, opt=9]" classname="org.mozilla.javascript.tests.MozillaSuiteTest" time="0.002"/>
  <testcase name="runMozillaTest[5334, js=testsrc/tests/ecma/LexicalConventions/7.3-3.js, opt=9]" classname="org.mozilla.javascript.tests.MozillaSuiteTest" time="0.045"/>
  <testcase name="runMozillaTest[5335, js=testsrc/tests/ecma/LexicalConventions/7.3-4.js, opt=9]" classname="org.mozilla.javascript.tests.MozillaSuiteTest" time="0.006"/>
  <testcase name="runMozillaTest[5336, js=testsrc/tests/ecma/LexicalConventions/7.3-5.js, opt=9]" classname="org.mozilla.javascript.tests.MozillaSuiteTest" time="0.017"/>
  <testcase name="runMozillaTest[5337, js=testsrc/tests/ecma/LexicalConventions/7.3-6.js, opt=9]" classname="org.mozilla.javascript.tests.MozillaSuiteTest" time="0.015"/>
  <testcase name="runMozillaTest[5338, js=testsrc/tests/ecma/LexicalConventions/7.3-7.js, opt=9]" classname="org.mozilla.javascript.tests.MozillaSuiteTest" time="0.004"/>
  <testcase name="runMozillaTest[5339, js=testsrc/tests/ecma/LexicalConventions/7.3-8.js, opt=9]" classname="org.mozilla.javascript.tests.MozillaSuiteTest" time="0.013"/>
  <testcase name="runMozillaTest[5340, js=testsrc/tests/ecma/LexicalConventions/7.3-9.js, opt=9]" classname="org.mozilla.javascript.tests.MozillaSuiteTest" time="0.002"/>
  <testcase name="runMozillaTest[5341, js=testsrc/tests/ecma/LexicalConventions/7.4.1-1-n.js, opt=9]" classname="org.mozilla.javascript.tests.MozillaSuiteTest" time="0.04"/>
  <testcase name="runMozillaTest[5342, js=testsrc/tests/ecma/LexicalConventions/7.4.1-2-n.js, opt=9]" classname="org.mozilla.javascript.tests.MozillaSuiteTest" time="0.003"/>
  <testcase name="runMozillaTest[5343, js=testsrc/tests/ecma/LexicalConventions/7.4.1-3-n.js, opt=9]" classname="org.mozilla.javascript.tests.MozillaSuiteTest" time="0.012"/>
  <testcase name="runMozillaTest[5344, js=testsrc/tests/ecma/LexicalConventions/7.4.2-1-n.js, opt=9]" classname="org.mozilla.javascript.tests.MozillaSuiteTest" time="0.018"/>
  <testcase name="runMozillaTest[5345, js=testsrc/tests/ecma/LexicalConventions/7.4.2-10-n.js, opt=9]" classname="org.mozilla.javascript.tests.MozillaSuiteTest" time="0.003"/>
  <testcase name="runMozillaTest[5346, js=testsrc/tests/ecma/LexicalConventions/7.4.2-11-n.js, opt=9]" classname="org.mozilla.javascript.tests.MozillaSuiteTest" time="0.015"/>
  <testcase name="runMozillaTest[5347, js=testsrc/tests/ecma/LexicalConventions/7.4.2-12-n.js, opt=9]" classname="org.mozilla.javascript.tests.MozillaSuiteTest" time="0.019"/>
  <testcase name="runMozillaTest[5348, js=testsrc/tests/ecma/LexicalConventions/7.4.2-13-n.js, opt=9]" classname="org.mozilla.javascript.tests.MozillaSuiteTest" time="0.022"/>
  <testcase name="runMozillaTest[5349, js=testsrc/tests/ecma/LexicalConventions/7.4.2-14-n.js, opt=9]" classname="org.mozilla.javascript.tests.MozillaSuiteTest" time="0.019"/>
  <testcase name="runMozillaTest[5350, js=testsrc/tests/ecma/LexicalConventions/7.4.2-15-n.js, opt=9]" classname="org.mozilla.javascript.tests.MozillaSuiteTest" time="0.002"/>
  <testcase name="runMozillaTest[5351, js=testsrc/tests/ecma/LexicalConventions/7.4.2-16-n.js, opt=9]" classname="org.mozilla.javascript.tests.MozillaSuiteTest" time="0.017"/>
  <testcase name="runMozillaTest[5352, js=testsrc/tests/ecma/LexicalConventions/7.4.2-2-n.js, opt=9]" classname="org.mozilla.javascript.tests.MozillaSuiteTest" time="0.002"/>
  <testcase name="runMozillaTest[5353, js=testsrc/tests/ecma/LexicalConventions/7.4.2-3-n.js, opt=9]" classname="org.mozilla.javascript.tests.MozillaSuiteTest" time="0.009"/>
  <testcase name="runMozillaTest[5354, js=testsrc/tests/ecma/LexicalConventions/7.4.2-4-n.js, opt=9]" classname="org.mozilla.javascript.tests.MozillaSuiteTest" time="0.008"/>
  <testcase name="runMozillaTest[5355, js=testsrc/tests/ecma/LexicalConventions/7.4.2-5-n.js, opt=9]" classname="org.mozilla.javascript.tests.MozillaSuiteTest" time="0.025"/>
  <testcase name="runMozillaTest[5356, js=testsrc/tests/ecma/LexicalConventions/7.4.2-6-n.js, opt=9]" classname="org.mozilla.javascript.tests.MozillaSuiteTest" time="0.014"/>
  <testcase name="runMozillaTest[5357, js=testsrc/tests/ecma/LexicalConventions/7.4.2-7-n.js, opt=9]" classname="org.mozilla.javascript.tests.MozillaSuiteTest" time="0.019"/>
  <testcase name="runMozillaTest[5358, js=testsrc/tests/ecma/LexicalConventions/7.4.2-8-n.js, opt=9]" classname="org.mozilla.javascript.tests.MozillaSuiteTest" time="0.002"/>
  <testcase name="runMozillaTest[5359, js=testsrc/tests/ecma/LexicalConventions/7.4.2-9-n.js, opt=9]" classname="org.mozilla.javascript.tests.MozillaSuiteTest" time="0.017"/>
  <testcase name="runMozillaTest[5360, js=testsrc/tests/ecma/LexicalConventions/7.4.3-1-n.js, opt=9]" classname="org.mozilla.javascript.tests.MozillaSuiteTest" time="0.002"/>
  <testcase name="runMozillaTest[5361, js=testsrc/tests/ecma/LexicalConventions/7.4.3-10-n.js, opt=9]" classname="org.mozilla.javascript.tests.MozillaSuiteTest" time="0.017"/>
  <testcase name="runMozillaTest[5362, js=testsrc/tests/ecma/LexicalConventions/7.4.3-11-n.js, opt=9]" classname="org.mozilla.javascript.tests.MozillaSuiteTest" time="0.018"/>
  <testcase name="runMozillaTest[5363, js=testsrc/tests/ecma/LexicalConventions/7.4.3-12-n.js, opt=9]" classname="org.mozilla.javascript.tests.MozillaSuiteTest" time="0.012"/>
  <testcase name="runMozillaTest[5364, js=testsrc/tests/ecma/LexicalConventions/7.4.3-13-n.js, opt=9]" classname="org.mozilla.javascript.tests.MozillaSuiteTest" time="0.029"/>
  <testcase name="runMozillaTest[5365, js=testsrc/tests/ecma/LexicalConventions/7.4.3-14-n.js, opt=9]" classname="org.mozilla.javascript.tests.MozillaSuiteTest" time="0.004"/>
  <testcase name="runMozillaTest[5366, js=testsrc/tests/ecma/LexicalConventions/7.4.3-15-n.js, opt=9]" classname="org.mozilla.javascript.tests.MozillaSuiteTest" time="0.016"/>
  <testcase name="runMozillaTest[5367, js=testsrc/tests/ecma/LexicalConventions/7.4.3-16-n.js, opt=9]" classname="org.mozilla.javascript.tests.MozillaSuiteTest" time="0.013"/>
  <testcase name="runMozillaTest[5368, js=testsrc/tests/ecma/LexicalConventions/7.4.3-2-n.js, opt=9]" classname="org.mozilla.javascript.tests.MozillaSuiteTest" time="0.006"/>
  <testcase name="runMozillaTest[5369, js=testsrc/tests/ecma/LexicalConventions/7.4.3-3-n.js, opt=9]" classname="org.mozilla.javascript.tests.MozillaSuiteTest" time="0.031"/>
  <testcase name="runMozillaTest[5370, js=testsrc/tests/ecma/LexicalConventions/7.4.3-4-n.js, opt=9]" classname="org.mozilla.javascript.tests.MozillaSuiteTest" time="0.011"/>
  <testcase name="runMozillaTest[5371, js=testsrc/tests/ecma/LexicalConventions/7.4.3-5-n.js, opt=9]" classname="org.mozilla.javascript.tests.MozillaSuiteTest" time="0.017"/>
  <testcase name="runMozillaTest[5372, js=testsrc/tests/ecma/LexicalConventions/7.4.3-6-n.js, opt=9]" classname="org.mozilla.javascript.tests.MozillaSuiteTest" time="0.003"/>
  <testcase name="runMozillaTest[5373, js=testsrc/tests/ecma/LexicalConventions/7.4.3-7-n.js, opt=9]" classname="org.mozilla.javascript.tests.MozillaSuiteTest" time="0.017"/>
  <testcase name="runMozillaTest[5374, js=testsrc/tests/ecma/LexicalConventions/7.4.3-8-n.js, opt=9]" classname="org.mozilla.javascript.tests.MozillaSuiteTest" time="0.012"/>
  <testcase name="runMozillaTest[5375, js=testsrc/tests/ecma/LexicalConventions/7.4.3-9-n.js, opt=9]" classname="org.mozilla.javascript.tests.MozillaSuiteTest" time="0.009"/>
  <testcase name="runMozillaTest[5376, js=testsrc/tests/ecma/LexicalConventions/7.5-1.js, opt=9]" classname="org.mozilla.javascript.tests.MozillaSuiteTest" time="0.028"/>
  <testcase name="runMozillaTest[5377, js=testsrc/tests/ecma/LexicalConventions/7.5-10-n.js, opt=9]" classname="org.mozilla.javascript.tests.MozillaSuiteTest" time="0.03"/>
  <testcase name="runMozillaTest[5378, js=testsrc/tests/ecma/LexicalConventions/7.5-2-n.js, opt=9]" classname="org.mozilla.javascript.tests.MozillaSuiteTest" time="0.002"/>
  <testcase name="runMozillaTest[5379, js=testsrc/tests/ecma/LexicalConventions/7.5-3-n.js, opt=9]" classname="org.mozilla.javascript.tests.MozillaSuiteTest" time="0.003"/>
  <testcase name="runMozillaTest[5380, js=testsrc/tests/ecma/LexicalConventions/7.5-4-n.js, opt=9]" classname="org.mozilla.javascript.tests.MozillaSuiteTest" time="0.014"/>
  <testcase name="runMozillaTest[5381, js=testsrc/tests/ecma/LexicalConventions/7.5-5-n.js, opt=9]" classname="org.mozilla.javascript.tests.MozillaSuiteTest" time="0.02"/>
  <testcase name="runMozillaTest[5382, js=testsrc/tests/ecma/LexicalConventions/7.5-6.js, opt=9]" classname="org.mozilla.javascript.tests.MozillaSuiteTest" time="0.003"/>
  <testcase name="runMozillaTest[5383, js=testsrc/tests/ecma/LexicalConventions/7.5-7.js, opt=9]" classname="org.mozilla.javascript.tests.MozillaSuiteTest" time="0.014"/>
  <testcase name="runMozillaTest[5384, js=testsrc/tests/ecma/LexicalConventions/7.5-8-n.js, opt=9]" classname="org.mozilla.javascript.tests.MozillaSuiteTest" time="0.033"/>
  <testcase name="runMozillaTest[5385, js=testsrc/tests/ecma/LexicalConventions/7.5-9-n.js, opt=9]" classname="org.mozilla.javascript.tests.MozillaSuiteTest" time="0.012"/>
  <testcase name="runMozillaTest[5386, js=testsrc/tests/ecma/LexicalConventions/7.6.js, opt=9]" classname="org.mozilla.javascript.tests.MozillaSuiteTest" time="0.005"/>
  <testcase name="runMozillaTest[5387, js=testsrc/tests/ecma/LexicalConventions/7.7.1.js, opt=9]" classname="org.mozilla.javascript.tests.MozillaSuiteTest" time="0.025"/>
  <testcase name="runMozillaTest[5388, js=testsrc/tests/ecma/LexicalConventions/7.7.2.js, opt=9]" classname="org.mozilla.javascript.tests.MozillaSuiteTest" time="0.009"/>
  <testcase name="runMozillaTest[5389, js=testsrc/tests/ecma/LexicalConventions/7.7.3-1.js, opt=9]" classname="org.mozilla.javascript.tests.MozillaSuiteTest" time="0.016"/>
  <testcase name="runMozillaTest[5390, js=testsrc/tests/ecma/LexicalConventions/7.7.3-2.js, opt=9]" classname="org.mozilla.javascript.tests.MozillaSuiteTest" time="0.032"/>
  <testcase name="runMozillaTest[5391, js=testsrc/tests/ecma/LexicalConventions/7.7.3.js, opt=9]" classname="org.mozilla.javascript.tests.MozillaSuiteTest" time="0.041"/>
  <testcase name="runMozillaTest[5392, js=testsrc/tests/ecma/LexicalConventions/7.7.4.js, opt=9]" classname="org.mozilla.javascript.tests.MozillaSuiteTest" time="0.017"/>
  <testcase name="runMozillaTest[5393, js=testsrc/tests/ecma/LexicalConventions/7.8.2-n.js, opt=9]" classname="org.mozilla.javascript.tests.MozillaSuiteTest" time="0.04"/>
  <testcase name="runMozillaTest[5394, js=testsrc/tests/ecma/Math/15.8-2-n.js, opt=9]" classname="org.mozilla.javascript.tests.MozillaSuiteTest" time="0.004"/>
  <testcase name="runMozillaTest[5395, js=testsrc/tests/ecma/Math/15.8-3-n.js, opt=9]" classname="org.mozilla.javascript.tests.MozillaSuiteTest" time="0.011"/>
  <testcase name="runMozillaTest[5396, js=testsrc/tests/ecma/Math/15.8.1.1-1.js, opt=9]" classname="org.mozilla.javascript.tests.MozillaSuiteTest" time="0.02"/>
  <testcase name="runMozillaTest[5397, js=testsrc/tests/ecma/Math/15.8.1.1-2.js, opt=9]" classname="org.mozilla.javascript.tests.MozillaSuiteTest" time="0.003"/>
  <testcase name="runMozillaTest[5398, js=testsrc/tests/ecma/Math/15.8.1.2-1.js, opt=9]" classname="org.mozilla.javascript.tests.MozillaSuiteTest" time="0.011"/>
  <testcase name="runMozillaTest[5399, js=testsrc/tests/ecma/Math/15.8.1.2-2.js, opt=9]" classname="org.mozilla.javascript.tests.MozillaSuiteTest" time="0.008"/>
  <testcase name="runMozillaTest[5400, js=testsrc/tests/ecma/Math/15.8.1.3-1.js, opt=9]" classname="org.mozilla.javascript.tests.MozillaSuiteTest" time="0.045"/>
  <testcase name="runMozillaTest[5401, js=testsrc/tests/ecma/Math/15.8.1.3-2.js, opt=9]" classname="org.mozilla.javascript.tests.MozillaSuiteTest" time="0.009"/>
  <testcase name="runMozillaTest[5402, js=testsrc/tests/ecma/Math/15.8.1.4-1.js, opt=9]" classname="org.mozilla.javascript.tests.MozillaSuiteTest" time="0.003"/>
  <testcase name="runMozillaTest[5403, js=testsrc/tests/ecma/Math/15.8.1.4-2.js, opt=9]" classname="org.mozilla.javascript.tests.MozillaSuiteTest" time="0.028"/>
  <testcase name="runMozillaTest[5404, js=testsrc/tests/ecma/Math/15.8.1.5-1.js, opt=9]" classname="org.mozilla.javascript.tests.MozillaSuiteTest" time="0.004"/>
  <testcase name="runMozillaTest[5405, js=testsrc/tests/ecma/Math/15.8.1.5-2.js, opt=9]" classname="org.mozilla.javascript.tests.MozillaSuiteTest" time="0.011"/>
  <testcase name="runMozillaTest[5406, js=testsrc/tests/ecma/Math/15.8.1.6-1.js, opt=9]" classname="org.mozilla.javascript.tests.MozillaSuiteTest" time="0.015"/>
  <testcase name="runMozillaTest[5407, js=testsrc/tests/ecma/Math/15.8.1.6-2.js, opt=9]" classname="org.mozilla.javascript.tests.MozillaSuiteTest" time="0.028"/>
  <testcase name="runMozillaTest[5408, js=testsrc/tests/ecma/Math/15.8.1.7-1.js, opt=9]" classname="org.mozilla.javascript.tests.MozillaSuiteTest" time="0.011"/>
  <testcase name="runMozillaTest[5409, js=testsrc/tests/ecma/Math/15.8.1.7-2.js, opt=9]" classname="org.mozilla.javascript.tests.MozillaSuiteTest" time="0.003"/>
  <testcase name="runMozillaTest[5410, js=testsrc/tests/ecma/Math/15.8.1.8-1.js, opt=9]" classname="org.mozilla.javascript.tests.MozillaSuiteTest" time="0.021"/>
  <testcase name="runMozillaTest[5411, js=testsrc/tests/ecma/Math/15.8.1.8-2.js, opt=9]" classname="org.mozilla.javascript.tests.MozillaSuiteTest" time="0.005"/>
  <testcase name="runMozillaTest[5412, js=testsrc/tests/ecma/Math/15.8.1.8-3.js, opt=9]" classname="org.mozilla.javascript.tests.MozillaSuiteTest" time="0.02"/>
  <testcase name="runMozillaTest[5413, js=testsrc/tests/ecma/Math/15.8.1.js, opt=9]" classname="org.mozilla.javascript.tests.MozillaSuiteTest" time="0.03"/>
  <testcase name="runMozillaTest[5414, js=testsrc/tests/ecma/Math/15.8.2.1.js, opt=9]" classname="org.mozilla.javascript.tests.MozillaSuiteTest" time="0.008"/>
  <testcase name="runMozillaTest[5415, js=testsrc/tests/ecma/Math/15.8.2.10.js, opt=9]" classname="org.mozilla.javascript.tests.MozillaSuiteTest" time="0.014"/>
  <testcase name="runMozillaTest[5416, js=testsrc/tests/ecma/Math/15.8.2.11.js, opt=9]" classname="org.mozilla.javascript.tests.MozillaSuiteTest" time="0.004"/>
  <testcase name="runMozillaTest[5417, js=testsrc/tests/ecma/Math/15.8.2.12.js, opt=9]" classname="org.mozilla.javascript.tests.MozillaSuiteTest" time="0.016"/>
  <testcase name="runMozillaTest[5418, js=testsrc/tests/ecma/Math/15.8.2.13.js, opt=9]" classname="org.mozilla.javascript.tests.MozillaSuiteTest" time="0.047"/>
  <testcase name="runMozillaTest[5419, js=testsrc/tests/ecma/Math/15.8.2.14.js, opt=9]" classname="org.mozilla.javascript.tests.MozillaSuiteTest" time="0.032"/>
  <testcase name="runMozillaTest[5420, js=testsrc/tests/ecma/Math/15.8.2.15.js, opt=9]" classname="org.mozilla.javascript.tests.MozillaSuiteTest" time="0.029"/>
  <testcase name="runMozillaTest[5421, js=testsrc/tests/ecma/Math/15.8.2.16.js, opt=9]" classname="org.mozilla.javascript.tests.MozillaSuiteTest" time="0.007"/>
  <testcase name="runMozillaTest[5422, js=testsrc/tests/ecma/Math/15.8.2.17.js, opt=9]" classname="org.mozilla.javascript.tests.MozillaSuiteTest" time="0.041"/>
  <testcase name="runMozillaTest[5423, js=testsrc/tests/ecma/Math/15.8.2.18.js, opt=9]" classname="org.mozilla.javascript.tests.MozillaSuiteTest" time="0.012"/>
  <testcase name="runMozillaTest[5424, js=testsrc/tests/ecma/Math/15.8.2.2.js, opt=9]" classname="org.mozilla.javascript.tests.MozillaSuiteTest" time="0.02"/>
  <testcase name="runMozillaTest[5425, js=testsrc/tests/ecma/Math/15.8.2.3.js, opt=9]" classname="org.mozilla.javascript.tests.MozillaSuiteTest" time="0.018"/>
  <testcase name="runMozillaTest[5426, js=testsrc/tests/ecma/Math/15.8.2.4.js, opt=9]" classname="org.mozilla.javascript.tests.MozillaSuiteTest" time="0.025"/>
  <testcase name="runMozillaTest[5427, js=testsrc/tests/ecma/Math/15.8.2.5.js, opt=9]" classname="org.mozilla.javascript.tests.MozillaSuiteTest" time="0.045"/>
  <testcase name="runMozillaTest[5428, js=testsrc/tests/ecma/Math/15.8.2.6.js, opt=9]" classname="org.mozilla.javascript.tests.MozillaSuiteTest" time="0.006"/>
  <testcase name="runMozillaTest[5429, js=testsrc/tests/ecma/Math/15.8.2.7.js, opt=9]" classname="org.mozilla.javascript.tests.MozillaSuiteTest" time="0.018"/>
  <testcase name="runMozillaTest[5430, js=testsrc/tests/ecma/Math/15.8.2.8.js, opt=9]" classname="org.mozilla.javascript.tests.MozillaSuiteTest" time="0.027"/>
  <testcase name="runMozillaTest[5431, js=testsrc/tests/ecma/Math/15.8.2.9.js, opt=9]" classname="org.mozilla.javascript.tests.MozillaSuiteTest" time="0.03"/>
  <testcase name="runMozillaTest[5432, js=testsrc/tests/ecma/Number/15.7.1.js, opt=9]" classname="org.mozilla.javascript.tests.MozillaSuiteTest" time="0.011"/>
  <testcase name="runMozillaTest[5433, js=testsrc/tests/ecma/Number/15.7.2.js, opt=9]" classname="org.mozilla.javascript.tests.MozillaSuiteTest" time="0.026"/>
  <testcase name="runMozillaTest[5434, js=testsrc/tests/ecma/Number/15.7.3.1-1.js, opt=9]" classname="org.mozilla.javascript.tests.MozillaSuiteTest" time="0.005"/>
  <testcase name="runMozillaTest[5435, js=testsrc/tests/ecma/Number/15.7.3.1-2.js, opt=9]" classname="org.mozilla.javascript.tests.MozillaSuiteTest" time="0.005"/>
  <testcase name="runMozillaTest[5436, js=testsrc/tests/ecma/Number/15.7.3.1-3.js, opt=9]" classname="org.mozilla.javascript.tests.MozillaSuiteTest" time="0.013"/>
  <testcase name="runMozillaTest[5437, js=testsrc/tests/ecma/Number/15.7.3.2-1.js, opt=9]" classname="org.mozilla.javascript.tests.MozillaSuiteTest" time="0.003"/>
  <testcase name="runMozillaTest[5438, js=testsrc/tests/ecma/Number/15.7.3.2-2.js, opt=9]" classname="org.mozilla.javascript.tests.MozillaSuiteTest" time="0.01"/>
  <testcase name="runMozillaTest[5439, js=testsrc/tests/ecma/Number/15.7.3.2-3.js, opt=9]" classname="org.mozilla.javascript.tests.MozillaSuiteTest" time="0.037"/>
  <testcase name="runMozillaTest[5440, js=testsrc/tests/ecma/Number/15.7.3.2-4.js, opt=9]" classname="org.mozilla.javascript.tests.MozillaSuiteTest" time="0.003"/>
  <testcase name="runMozillaTest[5441, js=testsrc/tests/ecma/Number/15.7.3.3-1.js, opt=9]" classname="org.mozilla.javascript.tests.MozillaSuiteTest" time="0.002"/>
  <testcase name="runMozillaTest[5442, js=testsrc/tests/ecma/Number/15.7.3.3-2.js, opt=9]" classname="org.mozilla.javascript.tests.MozillaSuiteTest" time="0.025"/>
  <testcase name="runMozillaTest[5443, js=testsrc/tests/ecma/Number/15.7.3.3-3.js, opt=9]" classname="org.mozilla.javascript.tests.MozillaSuiteTest" time="0.002"/>
  <testcase name="runMozillaTest[5444, js=testsrc/tests/ecma/Number/15.7.3.3-4.js, opt=9]" classname="org.mozilla.javascript.tests.MozillaSuiteTest" time="0.012"/>
  <testcase name="runMozillaTest[5445, js=testsrc/tests/ecma/Number/15.7.3.4-1.js, opt=9]" classname="org.mozilla.javascript.tests.MozillaSuiteTest" time="0.002"/>
  <testcase name="runMozillaTest[5446, js=testsrc/tests/ecma/Number/15.7.3.4-2.js, opt=9]" classname="org.mozilla.javascript.tests.MozillaSuiteTest" time="0.011"/>
  <testcase name="runMozillaTest[5447, js=testsrc/tests/ecma/Number/15.7.3.4-3.js, opt=9]" classname="org.mozilla.javascript.tests.MozillaSuiteTest" time="0.021"/>
  <testcase name="runMozillaTest[5448, js=testsrc/tests/ecma/Number/15.7.3.4-4.js, opt=9]" classname="org.mozilla.javascript.tests.MozillaSuiteTest" time="0.003"/>
  <testcase name="runMozillaTest[5449, js=testsrc/tests/ecma/Number/15.7.3.5-1.js, opt=9]" classname="org.mozilla.javascript.tests.MozillaSuiteTest" time="0.002"/>
  <testcase name="runMozillaTest[5450, js=testsrc/tests/ecma/Number/15.7.3.5-2.js, opt=9]" classname="org.mozilla.javascript.tests.MozillaSuiteTest" time="0.002"/>
  <testcase name="runMozillaTest[5451, js=testsrc/tests/ecma/Number/15.7.3.5-3.js, opt=9]" classname="org.mozilla.javascript.tests.MozillaSuiteTest" time="0.005"/>
  <testcase name="runMozillaTest[5452, js=testsrc/tests/ecma/Number/15.7.3.5-4.js, opt=9]" classname="org.mozilla.javascript.tests.MozillaSuiteTest" time="0.01"/>
  <testcase name="runMozillaTest[5453, js=testsrc/tests/ecma/Number/15.7.3.6-1.js, opt=9]" classname="org.mozilla.javascript.tests.MozillaSuiteTest" time="0.003"/>
  <testcase name="runMozillaTest[5454, js=testsrc/tests/ecma/Number/15.7.3.6-2.js, opt=9]" classname="org.mozilla.javascript.tests.MozillaSuiteTest" time="0.005"/>
  <testcase name="runMozillaTest[5455, js=testsrc/tests/ecma/Number/15.7.3.6-3.js, opt=9]" classname="org.mozilla.javascript.tests.MozillaSuiteTest" time="0.017"/>
  <testcase name="runMozillaTest[5456, js=testsrc/tests/ecma/Number/15.7.3.6-4.js, opt=9]" classname="org.mozilla.javascript.tests.MozillaSuiteTest" time="0.01"/>
  <testcase name="runMozillaTest[5457, js=testsrc/tests/ecma/Number/15.7.3.js, opt=9]" classname="org.mozilla.javascript.tests.MozillaSuiteTest" time="0.006"/>
  <testcase name="runMozillaTest[5458, js=testsrc/tests/ecma/Number/15.7.4-1.js, opt=9]" classname="org.mozilla.javascript.tests.MozillaSuiteTest" time="0.003"/>
  <testcase name="runMozillaTest[5459, js=testsrc/tests/ecma/Number/15.7.4.1.js, opt=9]" classname="org.mozilla.javascript.tests.MozillaSuiteTest" time="0.004"/>
  <testcase name="runMozillaTest[5460, js=testsrc/tests/ecma/Number/15.7.4.2-1.js, opt=9]" classname="org.mozilla.javascript.tests.MozillaSuiteTest" time="0.004"/>
  <testcase name="runMozillaTest[5461, js=testsrc/tests/ecma/Number/15.7.4.2-2-n.js, opt=9]" classname="org.mozilla.javascript.tests.MozillaSuiteTest" time="0.032"/>
  <testcase name="runMozillaTest[5462, js=testsrc/tests/ecma/Number/15.7.4.2-3-n.js, opt=9]" classname="org.mozilla.javascript.tests.MozillaSuiteTest" time="0.022"/>
  <testcase name="runMozillaTest[5463, js=testsrc/tests/ecma/Number/15.7.4.2-4.js, opt=9]" classname="org.mozilla.javascript.tests.MozillaSuiteTest" time="0.003"/>
  <testcase name="runMozillaTest[5464, js=testsrc/tests/ecma/Number/15.7.4.3-1.js, opt=9]" classname="org.mozilla.javascript.tests.MozillaSuiteTest" time="0.006"/>
  <testcase name="runMozillaTest[5465, js=testsrc/tests/ecma/Number/15.7.4.3-2.js, opt=9]" classname="org.mozilla.javascript.tests.MozillaSuiteTest" time="0.021"/>
  <testcase name="runMozillaTest[5466, js=testsrc/tests/ecma/Number/15.7.4.3-3-n.js, opt=9]" classname="org.mozilla.javascript.tests.MozillaSuiteTest" time="0.003"/>
  <testcase name="runMozillaTest[5467, js=testsrc/tests/ecma/ObjectObjects/15.2.1.1.js, opt=9]" classname="org.mozilla.javascript.tests.MozillaSuiteTest" time="0.035"/>
  <testcase name="runMozillaTest[5468, js=testsrc/tests/ecma/ObjectObjects/15.2.1.2.js, opt=9]" classname="org.mozilla.javascript.tests.MozillaSuiteTest" time="0.03"/>
  <testcase name="runMozillaTest[5469, js=testsrc/tests/ecma/ObjectObjects/15.2.2.1.js, opt=9]" classname="org.mozilla.javascript.tests.MozillaSuiteTest" time="0.01"/>
  <testcase name="runMozillaTest[5470, js=testsrc/tests/ecma/ObjectObjects/15.2.2.2.js, opt=9]" classname="org.mozilla.javascript.tests.MozillaSuiteTest" time="0.028"/>
  <testcase name="runMozillaTest[5471, js=testsrc/tests/ecma/ObjectObjects/15.2.3-1.js, opt=9]" classname="org.mozilla.javascript.tests.MozillaSuiteTest" time="0.01"/>
  <testcase name="runMozillaTest[5472, js=testsrc/tests/ecma/ObjectObjects/15.2.3.1-1.js, opt=9]" classname="org.mozilla.javascript.tests.MozillaSuiteTest" time="0.042"/>
  <testcase name="runMozillaTest[5473, js=testsrc/tests/ecma/ObjectObjects/15.2.3.1-2.js, opt=9]" classname="org.mozilla.javascript.tests.MozillaSuiteTest" time="0.003"/>
  <testcase name="runMozillaTest[5474, js=testsrc/tests/ecma/ObjectObjects/15.2.3.1-3.js, opt=9]" classname="org.mozilla.javascript.tests.MozillaSuiteTest" time="0.002"/>
  <testcase name="runMozillaTest[5475, js=testsrc/tests/ecma/ObjectObjects/15.2.3.1-4.js, opt=9]" classname="org.mozilla.javascript.tests.MozillaSuiteTest" time="0.002"/>
  <testcase name="runMozillaTest[5476, js=testsrc/tests/ecma/ObjectObjects/15.2.3.js, opt=9]" classname="org.mozilla.javascript.tests.MozillaSuiteTest" time="0.031"/>
  <testcase name="runMozillaTest[5477, js=testsrc/tests/ecma/ObjectObjects/15.2.4.1.js, opt=9]" classname="org.mozilla.javascript.tests.MozillaSuiteTest" time="0.007"/>
  <testcase name="runMozillaTest[5478, js=testsrc/tests/ecma/ObjectObjects/15.2.4.2.js, opt=9]" classname="org.mozilla.javascript.tests.MozillaSuiteTest" time="0.041"/>
  <testcase name="runMozillaTest[5479, js=testsrc/tests/ecma/ObjectObjects/15.2.4.3.js, opt=9]" classname="org.mozilla.javascript.tests.MozillaSuiteTest" time="0.014"/>
  <testcase name="runMozillaTest[5480, js=testsrc/tests/ecma/SourceText/6-1.js, opt=9]" classname="org.mozilla.javascript.tests.MozillaSuiteTest" time="0.02"/>
  <testcase name="runMozillaTest[5481, js=testsrc/tests/ecma/SourceText/6-2.js, opt=9]" classname="org.mozilla.javascript.tests.MozillaSuiteTest" time="0.003"/>
  <testcase name="runMozillaTest[5482, js=testsrc/tests/ecma/Statements/12.10-1.js, opt=9]" classname="org.mozilla.javascript.tests.MozillaSuiteTest" time="0.018"/>
  <testcase name="runMozillaTest[5483, js=testsrc/tests/ecma/Statements/12.10.js, opt=9]" classname="org.mozilla.javascript.tests.MozillaSuiteTest" time="0.014"/>
  <testcase name="runMozillaTest[5484, js=testsrc/tests/ecma/Statements/12.2-1.js, opt=9]" classname="org.mozilla.javascript.tests.MozillaSuiteTest" time="0.025"/>
  <testcase name="runMozillaTest[5485, js=testsrc/tests/ecma/Statements/12.5-1.js, opt=9]" classname="org.mozilla.javascript.tests.MozillaSuiteTest" time="0.009"/>
  <testcase name="runMozillaTest[5486, js=testsrc/tests/ecma/Statements/12.5-2.js, opt=9]" classname="org.mozilla.javascript.tests.MozillaSuiteTest" time="0.02"/>
  <testcase name="runMozillaTest[5487, js=testsrc/tests/ecma/Statements/12.6.1-1.js, opt=9]" classname="org.mozilla.javascript.tests.MozillaSuiteTest" time="0.003"/>
  <testcase name="runMozillaTest[5488, js=testsrc/tests/ecma/Statements/12.6.2-1.js, opt=9]" classname="org.mozilla.javascript.tests.MozillaSuiteTest" time="0.028"/>
  <testcase name="runMozillaTest[5489, js=testsrc/tests/ecma/Statements/12.6.2-2.js, opt=9]" classname="org.mozilla.javascript.tests.MozillaSuiteTest" time="0.004"/>
  <testcase name="runMozillaTest[5490, js=testsrc/tests/ecma/Statements/12.6.2-3.js, opt=9]" classname="org.mozilla.javascript.tests.MozillaSuiteTest" time="0.003"/>
  <testcase name="runMozillaTest[5491, js=testsrc/tests/ecma/Statements/12.6.2-4.js, opt=9]" classname="org.mozilla.javascript.tests.MozillaSuiteTest" time="0.031"/>
  <testcase name="runMozillaTest[5492, js=testsrc/tests/ecma/Statements/12.6.2-5.js, opt=9]" classname="org.mozilla.javascript.tests.MozillaSuiteTest" time="0.013"/>
  <testcase name="runMozillaTest[5493, js=testsrc/tests/ecma/Statements/12.6.2-6.js, opt=9]" classname="org.mozilla.javascript.tests.MozillaSuiteTest" time="0.007"/>
  <testcase name="runMozillaTest[5494, js=testsrc/tests/ecma/Statements/12.6.2-7.js, opt=9]" classname="org.mozilla.javascript.tests.MozillaSuiteTest" time="0.029"/>
  <testcase name="runMozillaTest[5495, js=testsrc/tests/ecma/Statements/12.6.2-8.js, opt=9]" classname="org.mozilla.javascript.tests.MozillaSuiteTest" time="0.003"/>
  <testcase name="runMozillaTest[5496, js=testsrc/tests/ecma/Statements/12.6.2-9-n.js, opt=9]" classname="org.mozilla.javascript.tests.MozillaSuiteTest" time="0.006"/>
  <testcase name="runMozillaTest[5497, js=testsrc/tests/ecma/Statements/12.6.3-1.js, opt=9]" classname="org.mozilla.javascript.tests.MozillaSuiteTest" time="0.019"/>
  <testcase name="runMozillaTest[5498, js=testsrc/tests/ecma/Statements/12.6.3-10.js, opt=9]" classname="org.mozilla.javascript.tests.MozillaSuiteTest" time="0.039"/>
  <testcase name="runMozillaTest[5499, js=testsrc/tests/ecma/Statements/12.6.3-11.js, opt=9]" classname="org.mozilla.javascript.tests.MozillaSuiteTest" time="0.003"/>
  <testcase name="runMozillaTest[5500, js=testsrc/tests/ecma/Statements/12.6.3-12.js, opt=9]" classname="org.mozilla.javascript.tests.MozillaSuiteTest" time="0.002"/>
  <testcase name="runMozillaTest[5501, js=testsrc/tests/ecma/Statements/12.6.3-19.js, opt=9]" classname="org.mozilla.javascript.tests.MozillaSuiteTest" time="0.015"/>
  <testcase name="runMozillaTest[5502, js=testsrc/tests/ecma/Statements/12.6.3-2.js, opt=9]" classname="org.mozilla.javascript.tests.MozillaSuiteTest" time="0.02"/>
  <testcase name="runMozillaTest[5503, js=testsrc/tests/ecma/Statements/12.6.3-3.js, opt=9]" classname="org.mozilla.javascript.tests.MozillaSuiteTest" time="0.003"/>
  <testcase name="runMozillaTest[5504, js=testsrc/tests/ecma/Statements/12.6.3-4.js, opt=9]" classname="org.mozilla.javascript.tests.MozillaSuiteTest" time="0.018"/>
  <testcase name="runMozillaTest[5505, js=testsrc/tests/ecma/Statements/12.6.3-5-n.js, opt=9]" classname="org.mozilla.javascript.tests.MozillaSuiteTest" time="0.038"/>
  <testcase name="runMozillaTest[5506, js=testsrc/tests/ecma/Statements/12.6.3-6-n.js, opt=9]" classname="org.mozilla.javascript.tests.MozillaSuiteTest" time="0.004"/>
  <testcase name="runMozillaTest[5507, js=testsrc/tests/ecma/Statements/12.6.3-7-n.js, opt=9]" classname="org.mozilla.javascript.tests.MozillaSuiteTest" time="0.002"/>
  <testcase name="runMozillaTest[5508, js=testsrc/tests/ecma/Statements/12.6.3-8-n.js, opt=9]" classname="org.mozilla.javascript.tests.MozillaSuiteTest" time="0.023"/>
  <testcase name="runMozillaTest[5509, js=testsrc/tests/ecma/Statements/12.6.3-9-n.js, opt=9]" classname="org.mozilla.javascript.tests.MozillaSuiteTest" time="0.007"/>
  <testcase name="runMozillaTest[5510, js=testsrc/tests/ecma/Statements/12.7-1-n.js, opt=9]" classname="org.mozilla.javascript.tests.MozillaSuiteTest" time="0.004"/>
  <testcase name="runMozillaTest[5511, js=testsrc/tests/ecma/Statements/12.8-1-n.js, opt=9]" classname="org.mozilla.javascript.tests.MozillaSuiteTest" time="0.014"/>
  <testcase name="runMozillaTest[5512, js=testsrc/tests/ecma/Statements/12.9-1-n.js, opt=9]" classname="org.mozilla.javascript.tests.MozillaSuiteTest" time="0.025"/>
  <testcase name="runMozillaTest[5513, js=testsrc/tests/ecma/String/15.5.1.js, opt=9]" classname="org.mozilla.javascript.tests.MozillaSuiteTest" time="0.03"/>
  <testcase name="runMozillaTest[5514, js=testsrc/tests/ecma/String/15.5.2.js, opt=9]" classname="org.mozilla.javascript.tests.MozillaSuiteTest" time="0.004"/>
  <testcase name="runMozillaTest[5515, js=testsrc/tests/ecma/String/15.5.3.1-1.js, opt=9]" classname="org.mozilla.javascript.tests.MozillaSuiteTest" time="0.025"/>
  <testcase name="runMozillaTest[5516, js=testsrc/tests/ecma/String/15.5.3.1-2.js, opt=9]" classname="org.mozilla.javascript.tests.MozillaSuiteTest" time="0.003"/>
  <testcase name="runMozillaTest[5517, js=testsrc/tests/ecma/String/15.5.3.1-3.js, opt=9]" classname="org.mozilla.javascript.tests.MozillaSuiteTest" time="0.008"/>
  <testcase name="runMozillaTest[5518, js=testsrc/tests/ecma/String/15.5.3.1-4.js, opt=9]" classname="org.mozilla.javascript.tests.MozillaSuiteTest" time="0.013"/>
  <testcase name="runMozillaTest[5519, js=testsrc/tests/ecma/String/15.5.3.2-1.js, opt=9]" classname="org.mozilla.javascript.tests.MozillaSuiteTest" time="0.056"/>
  <testcase name="runMozillaTest[5520, js=testsrc/tests/ecma/String/15.5.3.2-2.js, opt=9]" classname="org.mozilla.javascript.tests.MozillaSuiteTest" time="0.012"/>
  <testcase name="runMozillaTest[5521, js=testsrc/tests/ecma/String/15.5.3.2-3.js, opt=9]" classname="org.mozilla.javascript.tests.MozillaSuiteTest" time="0.067"/>
  <testcase name="runMozillaTest[5522, js=testsrc/tests/ecma/String/15.5.3.js, opt=9]" classname="org.mozilla.javascript.tests.MozillaSuiteTest" time="0.003"/>
  <testcase name="runMozillaTest[5523, js=testsrc/tests/ecma/String/15.5.4.1.js, opt=9]" classname="org.mozilla.javascript.tests.MozillaSuiteTest" time="0.002"/>
  <testcase name="runMozillaTest[5524, js=testsrc/tests/ecma/String/15.5.4.10-1.js, opt=9]" classname="org.mozilla.javascript.tests.MozillaSuiteTest" time="0.033"/>
  <testcase name="runMozillaTest[5525, js=testsrc/tests/ecma/String/15.5.4.11-1.js, opt=9]" classname="org.mozilla.javascript.tests.MozillaSuiteTest" time="0.119"/>
  <testcase name="runMozillaTest[5526, js=testsrc/tests/ecma/String/15.5.4.11-3.js, opt=9]" classname="org.mozilla.javascript.tests.MozillaSuiteTest" time="0.083"/>
  <testcase name="runMozillaTest[5527, js=testsrc/tests/ecma/String/15.5.4.11-4.js, opt=9]" classname="org.mozilla.javascript.tests.MozillaSuiteTest" time="0.05"/>
  <testcase name="runMozillaTest[5528, js=testsrc/tests/ecma/String/15.5.4.11-6.js, opt=9]" classname="org.mozilla.javascript.tests.MozillaSuiteTest" time="0.057"/>
  <testcase name="runMozillaTest[5529, js=testsrc/tests/ecma/String/15.5.4.12-2.js, opt=9]" classname="org.mozilla.javascript.tests.MozillaSuiteTest" time="0.033"/>
  <testcase name="runMozillaTest[5530, js=testsrc/tests/ecma/String/15.5.4.12-3.js, opt=9]" classname="org.mozilla.javascript.tests.MozillaSuiteTest" time="0.255"/>
  <testcase name="runMozillaTest[5531, js=testsrc/tests/ecma/String/15.5.4.2-1.js, opt=9]" classname="org.mozilla.javascript.tests.MozillaSuiteTest" time="0.015"/>
  <testcase name="runMozillaTest[5532, js=testsrc/tests/ecma/String/15.5.4.2-2-n.js, opt=9]" classname="org.mozilla.javascript.tests.MozillaSuiteTest" time="0.012"/>
  <testcase name="runMozillaTest[5533, js=testsrc/tests/ecma/String/15.5.4.2-3.js, opt=9]" classname="org.mozilla.javascript.tests.MozillaSuiteTest" time="0.035"/>
  <testcase name="runMozillaTest[5534, js=testsrc/tests/ecma/String/15.5.4.2.js, opt=9]" classname="org.mozilla.javascript.tests.MozillaSuiteTest" time="0.004"/>
  <testcase name="runMozillaTest[5535, js=testsrc/tests/ecma/String/15.5.4.3-1.js, opt=9]" classname="org.mozilla.javascript.tests.MozillaSuiteTest" time="0.002"/>
  <testcase name="runMozillaTest[5536, js=testsrc/tests/ecma/String/15.5.4.3-2.js, opt=9]" classname="org.mozilla.javascript.tests.MozillaSuiteTest" time="0.025"/>
  <testcase name="runMozillaTest[5537, js=testsrc/tests/ecma/String/15.5.4.3-3-n.js, opt=9]" classname="org.mozilla.javascript.tests.MozillaSuiteTest" time="0.003"/>
  <testcase name="runMozillaTest[5538, js=testsrc/tests/ecma/String/15.5.4.4-1.js, opt=9]" classname="org.mozilla.javascript.tests.MozillaSuiteTest" time="0.018"/>
  <testcase name="runMozillaTest[5539, js=testsrc/tests/ecma/String/15.5.4.4-2.js, opt=9]" classname="org.mozilla.javascript.tests.MozillaSuiteTest" time="0.048"/>
  <testcase name="runMozillaTest[5540, js=testsrc/tests/ecma/String/15.5.4.4-3.js, opt=9]" classname="org.mozilla.javascript.tests.MozillaSuiteTest" time="0.01"/>
  <testcase name="runMozillaTest[5541, js=testsrc/tests/ecma/String/15.5.4.4-4.js, opt=9]" classname="org.mozilla.javascript.tests.MozillaSuiteTest" time="0.034"/>
  <testcase name="runMozillaTest[5542, js=testsrc/tests/ecma/String/15.5.4.5-1.js, opt=9]" classname="org.mozilla.javascript.tests.MozillaSuiteTest" time="0.004"/>
  <testcase name="runMozillaTest[5543, js=testsrc/tests/ecma/String/15.5.4.5-2.js, opt=9]" classname="org.mozilla.javascript.tests.MozillaSuiteTest" time="0.031"/>
  <testcase name="runMozillaTest[5544, js=testsrc/tests/ecma/String/15.5.4.5-3.js, opt=9]" classname="org.mozilla.javascript.tests.MozillaSuiteTest" time="0.031"/>
  <testcase name="runMozillaTest[5545, js=testsrc/tests/ecma/String/15.5.4.5-4.js, opt=9]" classname="org.mozilla.javascript.tests.MozillaSuiteTest" time="0.014"/>
  <testcase name="runMozillaTest[5546, js=testsrc/tests/ecma/String/15.5.4.5-5.js, opt=9]" classname="org.mozilla.javascript.tests.MozillaSuiteTest" time="0.021"/>
  <testcase name="runMozillaTest[5547, js=testsrc/tests/ecma/String/15.5.4.6-1.js, opt=9]" classname="org.mozilla.javascript.tests.MozillaSuiteTest" time="0.069"/>
  <testcase name="runMozillaTest[5548, js=testsrc/tests/ecma/String/15.5.4.6-2.js, opt=9]" classname="org.mozilla.javascript.tests.MozillaSuiteTest" time="0.028"/>
  <testcase name="runMozillaTest[5549, js=testsrc/tests/ecma/String/15.5.4.7-1.js, opt=9]" classname="org.mozilla.javascript.tests.MozillaSuiteTest" time="0.121"/>
  <testcase name="runMozillaTest[5550, js=testsrc/tests/ecma/String/15.5.4.7-2.js, opt=9]" classname="org.mozilla.javascript.tests.MozillaSuiteTest" time="0.047"/>
  <testcase name="runMozillaTest[5551, js=testsrc/tests/ecma/String/15.5.4.8-1.js, opt=9]" classname="org.mozilla.javascript.tests.MozillaSuiteTest" time="0.031"/>
  <testcase name="runMozillaTest[5552, js=testsrc/tests/ecma/String/15.5.4.8-3.js, opt=9]" classname="org.mozilla.javascript.tests.MozillaSuiteTest" time="0.01"/>
  <testcase name="runMozillaTest[5553, js=testsrc/tests/ecma/String/15.5.4.9-1.js, opt=9]" classname="org.mozilla.javascript.tests.MozillaSuiteTest" time="0.028"/>
  <testcase name="runMozillaTest[5554, js=testsrc/tests/ecma/String/15.5.4.js, opt=9]" classname="org.mozilla.javascript.tests.MozillaSuiteTest" time="0.03"/>
  <testcase name="runMozillaTest[5555, js=testsrc/tests/ecma/String/15.5.5.1.js, opt=9]" classname="org.mozilla.javascript.tests.MozillaSuiteTest" time="0.003"/>
  <testcase name="runMozillaTest[5556, js=testsrc/tests/ecma/TypeConversion/9.2.js, opt=9]" classname="org.mozilla.javascript.tests.MozillaSuiteTest" time="0.023"/>
  <testcase name="runMozillaTest[5557, js=testsrc/tests/ecma/TypeConversion/9.3-1.js, opt=9]" classname="org.mozilla.javascript.tests.MozillaSuiteTest" time="0.007"/>
  <testcase name="runMozillaTest[5558, js=testsrc/tests/ecma/TypeConversion/9.3.1-1.js, opt=9]" classname="org.mozilla.javascript.tests.MozillaSuiteTest" time="0.077"/>
  <testcase name="runMozillaTest[5559, js=testsrc/tests/ecma/TypeConversion/9.3.1-2.js, opt=9]" classname="org.mozilla.javascript.tests.MozillaSuiteTest" time="0.003"/>
  <testcase name="runMozillaTest[5560, js=testsrc/tests/ecma/TypeConversion/9.3.1-3.js, opt=9]" classname="org.mozilla.javascript.tests.MozillaSuiteTest" time="0.023"/>
  <testcase name="runMozillaTest[5561, js=testsrc/tests/ecma/TypeConversion/9.3.js, opt=9]" classname="org.mozilla.javascript.tests.MozillaSuiteTest" time="0.041"/>
  <testcase name="runMozillaTest[5562, js=testsrc/tests/ecma/TypeConversion/9.4-1.js, opt=9]" classname="org.mozilla.javascript.tests.MozillaSuiteTest" time="0.013"/>
  <testcase name="runMozillaTest[5563, js=testsrc/tests/ecma/TypeConversion/9.4-2.js, opt=9]" classname="org.mozilla.javascript.tests.MozillaSuiteTest" time="0.02"/>
  <testcase name="runMozillaTest[5564, js=testsrc/tests/ecma/TypeConversion/9.5-2.js, opt=9]" classname="org.mozilla.javascript.tests.MozillaSuiteTest" time="0.016"/>
  <testcase name="runMozillaTest[5565, js=testsrc/tests/ecma/TypeConversion/9.6.js, opt=9]" classname="org.mozilla.javascript.tests.MozillaSuiteTest" time="0.015"/>
  <testcase name="runMozillaTest[5566, js=testsrc/tests/ecma/TypeConversion/9.7.js, opt=9]" classname="org.mozilla.javascript.tests.MozillaSuiteTest" time="0.048"/>
  <testcase name="runMozillaTest[5567, js=testsrc/tests/ecma/TypeConversion/9.8.1.js, opt=9]" classname="org.mozilla.javascript.tests.MozillaSuiteTest" time="0.011"/>
  <testcase name="runMozillaTest[5568, js=testsrc/tests/ecma/TypeConversion/9.9-1.js, opt=9]" classname="org.mozilla.javascript.tests.MozillaSuiteTest" time="0.031"/>
  <testcase name="runMozillaTest[5569, js=testsrc/tests/ecma/Types/8.1.js, opt=9]" classname="org.mozilla.javascript.tests.MozillaSuiteTest" time="0.004"/>
  <testcase name="runMozillaTest[5570, js=testsrc/tests/ecma/Types/8.4.js, opt=9]" classname="org.mozilla.javascript.tests.MozillaSuiteTest" time="0.019"/>
  <testcase name="runMozillaTest[5571, js=testsrc/tests/ecma/Types/8.6.2.1-1.js, opt=9]" classname="org.mozilla.javascript.tests.MozillaSuiteTest" time="0.016"/>
  <testcase name="runMozillaTest[5572, js=testsrc/tests/ecma/extensions/10.1.4-9.js, opt=9]" classname="org.mozilla.javascript.tests.MozillaSuiteTest" time="0.004"/>
  <testcase name="runMozillaTest[5573, js=testsrc/tests/ecma/extensions/10.1.6.js, opt=9]" classname="org.mozilla.javascript.tests.MozillaSuiteTest" time="0.019"/>
  <testcase name="runMozillaTest[5574, js=testsrc/tests/ecma/extensions/10.1.8-1.js, opt=9]" classname="org.mozilla.javascript.tests.MozillaSuiteTest" time="0.042"/>
  <testcase name="runMozillaTest[5575, js=testsrc/tests/ecma/extensions/11.6.1-1.js, opt=9]" classname="org.mozilla.javascript.tests.MozillaSuiteTest" time="0.019"/>
  <testcase name="runMozillaTest[5576, js=testsrc/tests/ecma/extensions/11.6.1-2.js, opt=9]" classname="org.mozilla.javascript.tests.MozillaSuiteTest" time="0.015"/>
  <testcase name="runMozillaTest[5577, js=testsrc/tests/ecma/extensions/11.6.1-3.js, opt=9]" classname="org.mozilla.javascript.tests.MozillaSuiteTest" time="0.03"/>
  <testcase name="runMozillaTest[5578, js=testsrc/tests/ecma/extensions/11.6.2-1.js, opt=9]" classname="org.mozilla.javascript.tests.MozillaSuiteTest" time="0.004"/>
  <testcase name="runMozillaTest[5579, js=testsrc/tests/ecma/extensions/15-1.js, opt=9]" classname="org.mozilla.javascript.tests.MozillaSuiteTest" time="0.009"/>
  <testcase name="runMozillaTest[5580, js=testsrc/tests/ecma/extensions/15-2.js, opt=9]" classname="org.mozilla.javascript.tests.MozillaSuiteTest" time="0.02"/>
  <testcase name="runMozillaTest[5581, js=testsrc/tests/ecma/extensions/15.2.1.1.js, opt=9]" classname="org.mozilla.javascript.tests.MozillaSuiteTest" time="0.008"/>
  <testcase name="runMozillaTest[5582, js=testsrc/tests/ecma/extensions/15.2.3-1.js, opt=9]" classname="org.mozilla.javascript.tests.MozillaSuiteTest" time="0.013"/>
  <testcase name="runMozillaTest[5583, js=testsrc/tests/ecma/extensions/15.2.4.js, opt=9]" classname="org.mozilla.javascript.tests.MozillaSuiteTest" time="0.029"/>
  <testcase name="runMozillaTest[5584, js=testsrc/tests/ecma/extensions/15.3.1.1-1.js, opt=9]" classname="org.mozilla.javascript.tests.MozillaSuiteTest" time="0.008"/>
  <testcase name="runMozillaTest[5585, js=testsrc/tests/ecma/extensions/15.3.1.1-2.js, opt=9]" classname="org.mozilla.javascript.tests.MozillaSuiteTest" time="0.007"/>
  <testcase name="runMozillaTest[5586, js=testsrc/tests/ecma/extensions/15.3.2.1-1.js, opt=9]" classname="org.mozilla.javascript.tests.MozillaSuiteTest" time="0.02"/>
  <testcase name="runMozillaTest[5587, js=testsrc/tests/ecma/extensions/15.3.2.1-2.js, opt=9]" classname="org.mozilla.javascript.tests.MozillaSuiteTest" time="0.004"/>
  <testcase name="runMozillaTest[5588, js=testsrc/tests/ecma/extensions/15.3.3.1-1.js, opt=9]" classname="org.mozilla.javascript.tests.MozillaSuiteTest" time="0.022"/>
  <testcase name="runMozillaTest[5589, js=testsrc/tests/ecma/extensions/15.4.3.js, opt=9]" classname="org.mozilla.javascript.tests.MozillaSuiteTest" time="0.023"/>
  <testcase name="runMozillaTest[5590, js=testsrc/tests/ecma/extensions/15.5.3.js, opt=9]" classname="org.mozilla.javascript.tests.MozillaSuiteTest" time="0.003"/>
  <testcase name="runMozillaTest[5591, js=testsrc/tests/ecma/extensions/15.5.4.2.js, opt=9]" classname="org.mozilla.javascript.tests.MozillaSuiteTest" time="0.019"/>
  <testcase name="runMozillaTest[5592, js=testsrc/tests/ecma/extensions/15.5.4.4-4.js, opt=9]" classname="org.mozilla.javascript.tests.MozillaSuiteTest" time="0.008"/>
  <testcase name="runMozillaTest[5593, js=testsrc/tests/ecma/extensions/15.5.4.5-6.js, opt=9]" classname="org.mozilla.javascript.tests.MozillaSuiteTest" time="0.009"/>
  <testcase name="runMozillaTest[5594, js=testsrc/tests/ecma/extensions/15.5.4.7-3.js, opt=9]" classname="org.mozilla.javascript.tests.MozillaSuiteTest" time="0.009"/>
  <testcase name="runMozillaTest[5595, js=testsrc/tests/ecma/extensions/15.6.3.1-5.js, opt=9]" classname="org.mozilla.javascript.tests.MozillaSuiteTest" time="0.003"/>
  <testcase name="runMozillaTest[5596, js=testsrc/tests/ecma/extensions/15.6.3.js, opt=9]" classname="org.mozilla.javascript.tests.MozillaSuiteTest" time="0.009"/>
  <testcase name="runMozillaTest[5597, js=testsrc/tests/ecma/extensions/15.6.4-2.js, opt=9]" classname="org.mozilla.javascript.tests.MozillaSuiteTest" time="0.003"/>
  <testcase name="runMozillaTest[5598, js=testsrc/tests/ecma/extensions/15.7.3.js, opt=9]" classname="org.mozilla.javascript.tests.MozillaSuiteTest" time="0.013"/>
  <testcase name="runMozillaTest[5599, js=testsrc/tests/ecma/extensions/15.7.4.js, opt=9]" classname="org.mozilla.javascript.tests.MozillaSuiteTest" time="0.022"/>
  <testcase name="runMozillaTest[5600, js=testsrc/tests/ecma/extensions/15.8-1.js, opt=9]" classname="org.mozilla.javascript.tests.MozillaSuiteTest" time="0.023"/>
  <testcase name="runMozillaTest[5601, js=testsrc/tests/ecma/extensions/15.9.5.js, opt=9]" classname="org.mozilla.javascript.tests.MozillaSuiteTest" time="0.019"/>
  <testcase name="runMozillaTest[5602, js=testsrc/tests/ecma/extensions/8.6.2.1-1.js, opt=9]" classname="org.mozilla.javascript.tests.MozillaSuiteTest" time="0.009"/>
  <testcase name="runMozillaTest[5603, js=testsrc/tests/ecma/extensions/9.9-1.js, opt=9]" classname="org.mozilla.javascript.tests.MozillaSuiteTest" time="0.014"/>
  <testcase name="runMozillaTest[5604, js=testsrc/tests/ecma/jsref.js, opt=9]" classname="org.mozilla.javascript.tests.MozillaSuiteTest" time="0.059"/>
  <testcase name="runMozillaTest[5605, js=testsrc/tests/ecma_2/Exceptions/boolean-001.js, opt=9]" classname="org.mozilla.javascript.tests.MozillaSuiteTest" time="0.016"/>
  <testcase name="runMozillaTest[5606, js=testsrc/tests/ecma_2/Exceptions/boolean-002.js, opt=9]" classname="org.mozilla.javascript.tests.MozillaSuiteTest" time="0.008"/>
  <testcase name="runMozillaTest[5607, js=testsrc/tests/ecma_2/Exceptions/date-001.js, opt=9]" classname="org.mozilla.javascript.tests.MozillaSuiteTest" time="0.011"/>
  <testcase name="runMozillaTest[5608, js=testsrc/tests/ecma_2/Exceptions/date-002.js, opt=9]" classname="org.mozilla.javascript.tests.MozillaSuiteTest" time="0.003"/>
  <testcase name="runMozillaTest[5609, js=testsrc/tests/ecma_2/Exceptions/date-003.js, opt=9]" classname="org.mozilla.javascript.tests.MozillaSuiteTest" time="0.013"/>
  <testcase name="runMozillaTest[5610, js=testsrc/tests/ecma_2/Exceptions/date-004.js, opt=9]" classname="org.mozilla.javascript.tests.MozillaSuiteTest" time="0.013"/>
  <testcase name="runMozillaTest[5611, js=testsrc/tests/ecma_2/Exceptions/exception-001.js, opt=9]" classname="org.mozilla.javascript.tests.MozillaSuiteTest" time="0.012"/>
  <testcase name="runMozillaTest[5612, js=testsrc/tests/ecma_2/Exceptions/exception-002.js, opt=9]" classname="org.mozilla.javascript.tests.MozillaSuiteTest" time="0.002"/>
  <testcase name="runMozillaTest[5613, js=testsrc/tests/ecma_2/Exceptions/exception-003.js, opt=9]" classname="org.mozilla.javascript.tests.MozillaSuiteTest" time="0.024"/>
  <testcase name="runMozillaTest[5614, js=testsrc/tests/ecma_2/Exceptions/exception-004.js, opt=9]" classname="org.mozilla.javascript.tests.MozillaSuiteTest" time="0.003"/>
  <testcase name="runMozillaTest[5615, js=testsrc/tests/ecma_2/Exceptions/exception-005.js, opt=9]" classname="org.mozilla.javascript.tests.MozillaSuiteTest" time="0.003"/>
  <testcase name="runMozillaTest[5616, js=testsrc/tests/ecma_2/Exceptions/exception-006.js, opt=9]" classname="org.mozilla.javascript.tests.MozillaSuiteTest" time="0.012"/>
  <testcase name="runMozillaTest[5617, js=testsrc/tests/ecma_2/Exceptions/exception-007.js, opt=9]" classname="org.mozilla.javascript.tests.MozillaSuiteTest" time="0.01"/>
  <testcase name="runMozillaTest[5618, js=testsrc/tests/ecma_2/Exceptions/exception-008.js, opt=9]" classname="org.mozilla.javascript.tests.MozillaSuiteTest" time="0.005"/>
  <testcase name="runMozillaTest[5619, js=testsrc/tests/ecma_2/Exceptions/exception-009.js, opt=9]" classname="org.mozilla.javascript.tests.MozillaSuiteTest" time="0.008"/>
  <testcase name="runMozillaTest[5620, js=testsrc/tests/ecma_2/Exceptions/exception-010-n.js, opt=9]" classname="org.mozilla.javascript.tests.MozillaSuiteTest" time="0.004"/>
  <testcase name="runMozillaTest[5621, js=testsrc/tests/ecma_2/Exceptions/exception-011-n.js, opt=9]" classname="org.mozilla.javascript.tests.MozillaSuiteTest" time="0.009"/>
  <testcase name="runMozillaTest[5622, js=testsrc/tests/ecma_2/Exceptions/expression-001.js, opt=9]" classname="org.mozilla.javascript.tests.MozillaSuiteTest" time="0.046"/>
  <testcase name="runMozillaTest[5623, js=testsrc/tests/ecma_2/Exceptions/expression-002.js, opt=9]" classname="org.mozilla.javascript.tests.MozillaSuiteTest" time="0.004"/>
  <testcase name="runMozillaTest[5624, js=testsrc/tests/ecma_2/Exceptions/expression-003.js, opt=9]" classname="org.mozilla.javascript.tests.MozillaSuiteTest" time="0.008"/>
  <testcase name="runMozillaTest[5625, js=testsrc/tests/ecma_2/Exceptions/expression-004.js, opt=9]" classname="org.mozilla.javascript.tests.MozillaSuiteTest" time="0.015"/>
  <testcase name="runMozillaTest[5626, js=testsrc/tests/ecma_2/Exceptions/expression-005.js, opt=9]" classname="org.mozilla.javascript.tests.MozillaSuiteTest" time="0.006"/>
  <testcase name="runMozillaTest[5627, js=testsrc/tests/ecma_2/Exceptions/expression-006.js, opt=9]" classname="org.mozilla.javascript.tests.MozillaSuiteTest" time="0.011"/>
  <testcase name="runMozillaTest[5628, js=testsrc/tests/ecma_2/Exceptions/expression-007.js, opt=9]" classname="org.mozilla.javascript.tests.MozillaSuiteTest" time="0.004"/>
  <testcase name="runMozillaTest[5629, js=testsrc/tests/ecma_2/Exceptions/expression-008.js, opt=9]" classname="org.mozilla.javascript.tests.MozillaSuiteTest" time="0.034"/>
  <testcase name="runMozillaTest[5630, js=testsrc/tests/ecma_2/Exceptions/expression-009.js, opt=9]" classname="org.mozilla.javascript.tests.MozillaSuiteTest" time="0.008"/>
  <testcase name="runMozillaTest[5631, js=testsrc/tests/ecma_2/Exceptions/expression-010.js, opt=9]" classname="org.mozilla.javascript.tests.MozillaSuiteTest" time="0.021"/>
  <testcase name="runMozillaTest[5632, js=testsrc/tests/ecma_2/Exceptions/expression-011.js, opt=9]" classname="org.mozilla.javascript.tests.MozillaSuiteTest" time="0.003"/>
  <testcase name="runMozillaTest[5633, js=testsrc/tests/ecma_2/Exceptions/expression-012.js, opt=9]" classname="org.mozilla.javascript.tests.MozillaSuiteTest" time="0.021"/>
  <testcase name="runMozillaTest[5634, js=testsrc/tests/ecma_2/Exceptions/expression-013.js, opt=9]" classname="org.mozilla.javascript.tests.MozillaSuiteTest" time="0.01"/>
  <testcase name="runMozillaTest[5635, js=testsrc/tests/ecma_2/Exceptions/expression-014.js, opt=9]" classname="org.mozilla.javascript.tests.MozillaSuiteTest" time="0.042"/>
  <testcase name="runMozillaTest[5636, js=testsrc/tests/ecma_2/Exceptions/expression-015.js, opt=9]" classname="org.mozilla.javascript.tests.MozillaSuiteTest" time="0.003"/>
  <testcase name="runMozillaTest[5637, js=testsrc/tests/ecma_2/Exceptions/expression-016.js, opt=9]" classname="org.mozilla.javascript.tests.MozillaSuiteTest" time="0.003"/>
  <testcase name="runMozillaTest[5638, js=testsrc/tests/ecma_2/Exceptions/expression-017.js, opt=9]" classname="org.mozilla.javascript.tests.MozillaSuiteTest" time="0.014"/>
  <testcase name="runMozillaTest[5639, js=testsrc/tests/ecma_2/Exceptions/expression-019.js, opt=9]" classname="org.mozilla.javascript.tests.MozillaSuiteTest" time="0.016"/>
  <testcase name="runMozillaTest[5640, js=testsrc/tests/ecma_2/Exceptions/function-001.js, opt=9]" classname="org.mozilla.javascript.tests.MozillaSuiteTest" time="0.01"/>
  <testcase name="runMozillaTest[5641, js=testsrc/tests/ecma_2/Exceptions/global-001.js, opt=9]" classname="org.mozilla.javascript.tests.MozillaSuiteTest" time="0.03"/>
  <testcase name="runMozillaTest[5642, js=testsrc/tests/ecma_2/Exceptions/global-002.js, opt=9]" classname="org.mozilla.javascript.tests.MozillaSuiteTest" time="0.003"/>
  <testcase name="runMozillaTest[5643, js=testsrc/tests/ecma_2/Exceptions/lexical-001.js, opt=9]" classname="org.mozilla.javascript.tests.MozillaSuiteTest" time="0.033"/>
  <testcase name="runMozillaTest[5644, js=testsrc/tests/ecma_2/Exceptions/lexical-002.js, opt=9]" classname="org.mozilla.javascript.tests.MozillaSuiteTest" time="0.002"/>
  <testcase name="runMozillaTest[5645, js=testsrc/tests/ecma_2/Exceptions/lexical-003.js, opt=9]" classname="org.mozilla.javascript.tests.MozillaSuiteTest" time="0.002"/>
  <testcase name="runMozillaTest[5646, js=testsrc/tests/ecma_2/Exceptions/lexical-004.js, opt=9]" classname="org.mozilla.javascript.tests.MozillaSuiteTest" time="0.017"/>
  <testcase name="runMozillaTest[5647, js=testsrc/tests/ecma_2/Exceptions/lexical-005.js, opt=9]" classname="org.mozilla.javascript.tests.MozillaSuiteTest" time="0.004"/>
  <testcase name="runMozillaTest[5648, js=testsrc/tests/ecma_2/Exceptions/lexical-006.js, opt=9]" classname="org.mozilla.javascript.tests.MozillaSuiteTest" time="0.013"/>
  <testcase name="runMozillaTest[5649, js=testsrc/tests/ecma_2/Exceptions/lexical-007.js, opt=9]" classname="org.mozilla.javascript.tests.MozillaSuiteTest" time="0.004"/>
  <testcase name="runMozillaTest[5650, js=testsrc/tests/ecma_2/Exceptions/lexical-008.js, opt=9]" classname="org.mozilla.javascript.tests.MozillaSuiteTest" time="0.025"/>
  <testcase name="runMozillaTest[5651, js=testsrc/tests/ecma_2/Exceptions/lexical-009.js, opt=9]" classname="org.mozilla.javascript.tests.MozillaSuiteTest" time="0.012"/>
  <testcase name="runMozillaTest[5652, js=testsrc/tests/ecma_2/Exceptions/lexical-010.js, opt=9]" classname="org.mozilla.javascript.tests.MozillaSuiteTest" time="0.007"/>
  <testcase name="runMozillaTest[5653, js=testsrc/tests/ecma_2/Exceptions/lexical-011.js, opt=9]" classname="org.mozilla.javascript.tests.MozillaSuiteTest" time="0.031"/>
  <testcase name="runMozillaTest[5654, js=testsrc/tests/ecma_2/Exceptions/lexical-012.js, opt=9]" classname="org.mozilla.javascript.tests.MozillaSuiteTest" time="0.011"/>
  <testcase name="runMozillaTest[5655, js=testsrc/tests/ecma_2/Exceptions/lexical-013.js, opt=9]" classname="org.mozilla.javascript.tests.MozillaSuiteTest" time="0.005"/>
  <testcase name="runMozillaTest[5656, js=testsrc/tests/ecma_2/Exceptions/lexical-014.js, opt=9]" classname="org.mozilla.javascript.tests.MozillaSuiteTest" time="0.017"/>
  <testcase name="runMozillaTest[5657, js=testsrc/tests/ecma_2/Exceptions/lexical-015.js, opt=9]" classname="org.mozilla.javascript.tests.MozillaSuiteTest" time="0.036"/>
  <testcase name="runMozillaTest[5658, js=testsrc/tests/ecma_2/Exceptions/lexical-016.js, opt=9]" classname="org.mozilla.javascript.tests.MozillaSuiteTest" time="0.004"/>
  <testcase name="runMozillaTest[5659, js=testsrc/tests/ecma_2/Exceptions/lexical-017.js, opt=9]" classname="org.mozilla.javascript.tests.MozillaSuiteTest" time="0.003"/>
  <testcase name="runMozillaTest[5660, js=testsrc/tests/ecma_2/Exceptions/lexical-018.js, opt=9]" classname="org.mozilla.javascript.tests.MozillaSuiteTest" time="0.027"/>
  <testcase name="runMozillaTest[5661, js=testsrc/tests/ecma_2/Exceptions/lexical-019.js, opt=9]" classname="org.mozilla.javascript.tests.MozillaSuiteTest" time="0.007"/>
  <testcase name="runMozillaTest[5662, js=testsrc/tests/ecma_2/Exceptions/lexical-020.js, opt=9]" classname="org.mozilla.javascript.tests.MozillaSuiteTest" time="0.003"/>
  <testcase name="runMozillaTest[5663, js=testsrc/tests/ecma_2/Exceptions/lexical-021.js, opt=9]" classname="org.mozilla.javascript.tests.MozillaSuiteTest" time="0.006"/>
  <testcase name="runMozillaTest[5664, js=testsrc/tests/ecma_2/Exceptions/lexical-022.js, opt=9]" classname="org.mozilla.javascript.tests.MozillaSuiteTest" time="0.028"/>
  <testcase name="runMozillaTest[5665, js=testsrc/tests/ecma_2/Exceptions/lexical-023.js, opt=9]" classname="org.mozilla.javascript.tests.MozillaSuiteTest" time="0.003"/>
  <testcase name="runMozillaTest[5666, js=testsrc/tests/ecma_2/Exceptions/lexical-024.js, opt=9]" classname="org.mozilla.javascript.tests.MozillaSuiteTest" time="0.011"/>
  <testcase name="runMozillaTest[5667, js=testsrc/tests/ecma_2/Exceptions/lexical-025.js, opt=9]" classname="org.mozilla.javascript.tests.MozillaSuiteTest" time="0.009"/>
  <testcase name="runMozillaTest[5668, js=testsrc/tests/ecma_2/Exceptions/lexical-026.js, opt=9]" classname="org.mozilla.javascript.tests.MozillaSuiteTest" time="0.02"/>
  <testcase name="runMozillaTest[5669, js=testsrc/tests/ecma_2/Exceptions/lexical-027.js, opt=9]" classname="org.mozilla.javascript.tests.MozillaSuiteTest" time="0.002"/>
  <testcase name="runMozillaTest[5670, js=testsrc/tests/ecma_2/Exceptions/lexical-028.js, opt=9]" classname="org.mozilla.javascript.tests.MozillaSuiteTest" time="0.022"/>
  <testcase name="runMozillaTest[5671, js=testsrc/tests/ecma_2/Exceptions/lexical-029.js, opt=9]" classname="org.mozilla.javascript.tests.MozillaSuiteTest" time="0.003"/>
  <testcase name="runMozillaTest[5672, js=testsrc/tests/ecma_2/Exceptions/lexical-030.js, opt=9]" classname="org.mozilla.javascript.tests.MozillaSuiteTest" time="0.014"/>
  <testcase name="runMozillaTest[5673, js=testsrc/tests/ecma_2/Exceptions/lexical-031.js, opt=9]" classname="org.mozilla.javascript.tests.MozillaSuiteTest" time="0.015"/>
  <testcase name="runMozillaTest[5674, js=testsrc/tests/ecma_2/Exceptions/lexical-032.js, opt=9]" classname="org.mozilla.javascript.tests.MozillaSuiteTest" time="0.022"/>
  <testcase name="runMozillaTest[5675, js=testsrc/tests/ecma_2/Exceptions/lexical-033.js, opt=9]" classname="org.mozilla.javascript.tests.MozillaSuiteTest" time="0.008"/>
  <testcase name="runMozillaTest[5676, js=testsrc/tests/ecma_2/Exceptions/lexical-034.js, opt=9]" classname="org.mozilla.javascript.tests.MozillaSuiteTest" time="0.026"/>
  <testcase name="runMozillaTest[5677, js=testsrc/tests/ecma_2/Exceptions/lexical-035.js, opt=9]" classname="org.mozilla.javascript.tests.MozillaSuiteTest" time="0.009"/>
  <testcase name="runMozillaTest[5678, js=testsrc/tests/ecma_2/Exceptions/lexical-036.js, opt=9]" classname="org.mozilla.javascript.tests.MozillaSuiteTest" time="0.01"/>
  <testcase name="runMozillaTest[5679, js=testsrc/tests/ecma_2/Exceptions/lexical-037.js, opt=9]" classname="org.mozilla.javascript.tests.MozillaSuiteTest" time="0.043"/>
  <testcase name="runMozillaTest[5680, js=testsrc/tests/ecma_2/Exceptions/lexical-038.js, opt=9]" classname="org.mozilla.javascript.tests.MozillaSuiteTest" time="0.003"/>
  <testcase name="runMozillaTest[5681, js=testsrc/tests/ecma_2/Exceptions/lexical-039.js, opt=9]" classname="org.mozilla.javascript.tests.MozillaSuiteTest" time="0.003"/>
  <testcase name="runMozillaTest[5682, js=testsrc/tests/ecma_2/Exceptions/lexical-040.js, opt=9]" classname="org.mozilla.javascript.tests.MozillaSuiteTest" time="0.002"/>
  <testcase name="runMozillaTest[5683, js=testsrc/tests/ecma_2/Exceptions/lexical-041.js, opt=9]" classname="org.mozilla.javascript.tests.MozillaSuiteTest" time="0.03"/>
  <testcase name="runMozillaTest[5684, js=testsrc/tests/ecma_2/Exceptions/lexical-042.js, opt=9]" classname="org.mozilla.javascript.tests.MozillaSuiteTest" time="0.003"/>
  <testcase name="runMozillaTest[5685, js=testsrc/tests/ecma_2/Exceptions/lexical-047.js, opt=9]" classname="org.mozilla.javascript.tests.MozillaSuiteTest" time="0.002"/>
  <testcase name="runMozillaTest[5686, js=testsrc/tests/ecma_2/Exceptions/lexical-048.js, opt=9]" classname="org.mozilla.javascript.tests.MozillaSuiteTest" time="0.022"/>
  <testcase name="runMozillaTest[5687, js=testsrc/tests/ecma_2/Exceptions/lexical-049.js, opt=9]" classname="org.mozilla.javascript.tests.MozillaSuiteTest" time="0.025"/>
  <testcase name="runMozillaTest[5688, js=testsrc/tests/ecma_2/Exceptions/lexical-050.js, opt=9]" classname="org.mozilla.javascript.tests.MozillaSuiteTest" time="0.021"/>
  <testcase name="runMozillaTest[5689, js=testsrc/tests/ecma_2/Exceptions/lexical-051.js, opt=9]" classname="org.mozilla.javascript.tests.MozillaSuiteTest" time="0.003"/>
  <testcase name="runMozillaTest[5690, js=testsrc/tests/ecma_2/Exceptions/lexical-052.js, opt=9]" classname="org.mozilla.javascript.tests.MozillaSuiteTest" time="0.029"/>
  <testcase name="runMozillaTest[5691, js=testsrc/tests/ecma_2/Exceptions/lexical-053.js, opt=9]" classname="org.mozilla.javascript.tests.MozillaSuiteTest" time="0.003"/>
  <testcase name="runMozillaTest[5692, js=testsrc/tests/ecma_2/Exceptions/lexical-054.js, opt=9]" classname="org.mozilla.javascript.tests.MozillaSuiteTest" time="0.003"/>
  <testcase name="runMozillaTest[5693, js=testsrc/tests/ecma_2/Exceptions/number-001.js, opt=9]" classname="org.mozilla.javascript.tests.MozillaSuiteTest" time="0.015"/>
  <testcase name="runMozillaTest[5694, js=testsrc/tests/ecma_2/Exceptions/number-002.js, opt=9]" classname="org.mozilla.javascript.tests.MozillaSuiteTest" time="0.015"/>
  <testcase name="runMozillaTest[5695, js=testsrc/tests/ecma_2/Exceptions/number-003.js, opt=9]" classname="org.mozilla.javascript.tests.MozillaSuiteTest" time="0.02"/>
  <testcase name="runMozillaTest[5696, js=testsrc/tests/ecma_2/Exceptions/statement-001.js, opt=9]" classname="org.mozilla.javascript.tests.MozillaSuiteTest" time="0.002"/>
  <testcase name="runMozillaTest[5697, js=testsrc/tests/ecma_2/Exceptions/statement-002.js, opt=9]" classname="org.mozilla.javascript.tests.MozillaSuiteTest" time="0.017"/>
  <testcase name="runMozillaTest[5698, js=testsrc/tests/ecma_2/Exceptions/statement-003.js, opt=9]" classname="org.mozilla.javascript.tests.MozillaSuiteTest" time="0.013"/>
  <testcase name="runMozillaTest[5699, js=testsrc/tests/ecma_2/Exceptions/statement-004.js, opt=9]" classname="org.mozilla.javascript.tests.MozillaSuiteTest" time="0.009"/>
  <testcase name="runMozillaTest[5700, js=testsrc/tests/ecma_2/Exceptions/statement-005.js, opt=9]" classname="org.mozilla.javascript.tests.MozillaSuiteTest" time="0.014"/>
  <testcase name="runMozillaTest[5701, js=testsrc/tests/ecma_2/Exceptions/statement-006.js, opt=9]" classname="org.mozilla.javascript.tests.MozillaSuiteTest" time="0.031"/>
  <testcase name="runMozillaTest[5702, js=testsrc/tests/ecma_2/Exceptions/statement-007.js, opt=9]" classname="org.mozilla.javascript.tests.MozillaSuiteTest" time="0.003"/>
  <testcase name="runMozillaTest[5703, js=testsrc/tests/ecma_2/Exceptions/statement-008.js, opt=9]" classname="org.mozilla.javascript.tests.MozillaSuiteTest" time="0.029"/>
  <testcase name="runMozillaTest[5704, js=testsrc/tests/ecma_2/Exceptions/statement-009.js, opt=9]" classname="org.mozilla.javascript.tests.MozillaSuiteTest" time="0.003"/>
  <testcase name="runMozillaTest[5705, js=testsrc/tests/ecma_2/Exceptions/string-001.js, opt=9]" classname="org.mozilla.javascript.tests.MozillaSuiteTest" time="0.003"/>
  <testcase name="runMozillaTest[5706, js=testsrc/tests/ecma_2/Exceptions/string-002.js, opt=9]" classname="org.mozilla.javascript.tests.MozillaSuiteTest" time="0.01"/>
  <testcase name="runMozillaTest[5707, js=testsrc/tests/ecma_2/Expressions/StrictEquality-001.js, opt=9]" classname="org.mozilla.javascript.tests.MozillaSuiteTest" time="0.023"/>
  <testcase name="runMozillaTest[5708, js=testsrc/tests/ecma_2/FunctionObjects/apply-001-n.js, opt=9]" classname="org.mozilla.javascript.tests.MozillaSuiteTest" time="0.021"/>
  <testcase name="runMozillaTest[5709, js=testsrc/tests/ecma_2/FunctionObjects/call-1.js, opt=9]" classname="org.mozilla.javascript.tests.MozillaSuiteTest" time="0.023"/>
  <testcase name="runMozillaTest[5710, js=testsrc/tests/ecma_2/LexicalConventions/keywords-001.js, opt=9]" classname="org.mozilla.javascript.tests.MozillaSuiteTest" time="0.003"/>
  <testcase name="runMozillaTest[5711, js=testsrc/tests/ecma_2/LexicalConventions/regexp-literals-001.js, opt=9]" classname="org.mozilla.javascript.tests.MozillaSuiteTest" time="0.002"/>
  <testcase name="runMozillaTest[5712, js=testsrc/tests/ecma_2/LexicalConventions/regexp-literals-002.js, opt=9]" classname="org.mozilla.javascript.tests.MozillaSuiteTest" time="0.022"/>
  <testcase name="runMozillaTest[5713, js=testsrc/tests/ecma_2/RegExp/constructor-001.js, opt=9]" classname="org.mozilla.javascript.tests.MozillaSuiteTest" time="0.008"/>
  <testcase name="runMozillaTest[5714, js=testsrc/tests/ecma_2/RegExp/exec-002.js, opt=9]" classname="org.mozilla.javascript.tests.MozillaSuiteTest" time="0.036"/>
  <testcase name="runMozillaTest[5715, js=testsrc/tests/ecma_2/RegExp/function-001.js, opt=9]" classname="org.mozilla.javascript.tests.MozillaSuiteTest" time="0.002"/>
  <testcase name="runMozillaTest[5716, js=testsrc/tests/ecma_2/RegExp/hex-001.js, opt=9]" classname="org.mozilla.javascript.tests.MozillaSuiteTest" time="0.012"/>
  <testcase name="runMozillaTest[5717, js=testsrc/tests/ecma_2/RegExp/multiline-001.js, opt=9]" classname="org.mozilla.javascript.tests.MozillaSuiteTest" time="0.024"/>
  <testcase name="runMozillaTest[5718, js=testsrc/tests/ecma_2/RegExp/octal-001.js, opt=9]" classname="org.mozilla.javascript.tests.MozillaSuiteTest" time="0.002"/>
  <testcase name="runMozillaTest[5719, js=testsrc/tests/ecma_2/RegExp/octal-002.js, opt=9]" classname="org.mozilla.javascript.tests.MozillaSuiteTest" time="0.016"/>
  <testcase name="runMozillaTest[5720, js=testsrc/tests/ecma_2/RegExp/octal-003.js, opt=9]" classname="org.mozilla.javascript.tests.MozillaSuiteTest" time="0.028"/>
  <testcase name="runMozillaTest[5721, js=testsrc/tests/ecma_2/RegExp/properties-001.js, opt=9]" classname="org.mozilla.javascript.tests.MozillaSuiteTest" time="0.022"/>
  <testcase name="runMozillaTest[5722, js=testsrc/tests/ecma_2/RegExp/properties-002.js, opt=9]" classname="org.mozilla.javascript.tests.MozillaSuiteTest" time="0.019"/>
  <testcase name="runMozillaTest[5723, js=testsrc/tests/ecma_2/RegExp/regexp-enumerate-001.js, opt=9]" classname="org.mozilla.javascript.tests.MozillaSuiteTest" time="0.013"/>
  <testcase name="runMozillaTest[5724, js=testsrc/tests/ecma_2/RegExp/regress-001.js, opt=9]" classname="org.mozilla.javascript.tests.MozillaSuiteTest" time="0.008"/>
  <testcase name="runMozillaTest[5725, js=testsrc/tests/ecma_2/RegExp/unicode-001.js, opt=9]" classname="org.mozilla.javascript.tests.MozillaSuiteTest" time="0.008"/>
  <testcase name="runMozillaTest[5726, js=testsrc/tests/ecma_2/Statements/dowhile-001.js, opt=9]" classname="org.mozilla.javascript.tests.MozillaSuiteTest" time="0.011"/>
  <testcase name="runMozillaTest[5727, js=testsrc/tests/ecma_2/Statements/dowhile-002.js, opt=9]" classname="org.mozilla.javascript.tests.MozillaSuiteTest" time="0.028"/>
  <testcase name="runMozillaTest[5728, js=testsrc/tests/ecma_2/Statements/dowhile-003.js, opt=9]" classname="org.mozilla.javascript.tests.MozillaSuiteTest" time="0.012"/>
  <testcase name="runMozillaTest[5729, js=testsrc/tests/ecma_2/Statements/dowhile-004.js, opt=9]" classname="org.mozilla.javascript.tests.MozillaSuiteTest" time="0.021"/>
  <testcase name="runMozillaTest[5730, js=testsrc/tests/ecma_2/Statements/dowhile-005.js, opt=9]" classname="org.mozilla.javascript.tests.MozillaSuiteTest" time="0.009"/>
  <testcase name="runMozillaTest[5731, js=testsrc/tests/ecma_2/Statements/dowhile-006.js, opt=9]" classname="org.mozilla.javascript.tests.MozillaSuiteTest" time="0.024"/>
  <testcase name="runMozillaTest[5732, js=testsrc/tests/ecma_2/Statements/dowhile-007.js, opt=9]" classname="org.mozilla.javascript.tests.MozillaSuiteTest" time="0.024"/>
  <testcase name="runMozillaTest[5733, js=testsrc/tests/ecma_2/Statements/forin-001.js, opt=9]" classname="org.mozilla.javascript.tests.MozillaSuiteTest" time="0.03"/>
  <testcase name="runMozillaTest[5734, js=testsrc/tests/ecma_2/Statements/forin-002.js, opt=9]" classname="org.mozilla.javascript.tests.MozillaSuiteTest" time="0.019"/>
  <testcase name="runMozillaTest[5735, js=testsrc/tests/ecma_2/Statements/if-001.js, opt=9]" classname="org.mozilla.javascript.tests.MozillaSuiteTest" time="0.015"/>
  <testcase name="runMozillaTest[5736, js=testsrc/tests/ecma_2/Statements/label-001.js, opt=9]" classname="org.mozilla.javascript.tests.MozillaSuiteTest" time="0.003"/>
  <testcase name="runMozillaTest[5737, js=testsrc/tests/ecma_2/Statements/label-002.js, opt=9]" classname="org.mozilla.javascript.tests.MozillaSuiteTest" time="0.02"/>
  <testcase name="runMozillaTest[5738, js=testsrc/tests/ecma_2/Statements/switch-001.js, opt=9]" classname="org.mozilla.javascript.tests.MozillaSuiteTest" time="0.015"/>
  <testcase name="runMozillaTest[5739, js=testsrc/tests/ecma_2/Statements/switch-002.js, opt=9]" classname="org.mozilla.javascript.tests.MozillaSuiteTest" time="0.01"/>
  <testcase name="runMozillaTest[5740, js=testsrc/tests/ecma_2/Statements/switch-003.js, opt=9]" classname="org.mozilla.javascript.tests.MozillaSuiteTest" time="0.008"/>
  <testcase name="runMozillaTest[5741, js=testsrc/tests/ecma_2/Statements/switch-004.js, opt=9]" classname="org.mozilla.javascript.tests.MozillaSuiteTest" time="0.029"/>
  <testcase name="runMozillaTest[5742, js=testsrc/tests/ecma_2/Statements/try-001.js, opt=9]" classname="org.mozilla.javascript.tests.MozillaSuiteTest" time="0.017"/>
  <testcase name="runMozillaTest[5743, js=testsrc/tests/ecma_2/Statements/try-003.js, opt=9]" classname="org.mozilla.javascript.tests.MozillaSuiteTest" time="0.043"/>
  <testcase name="runMozillaTest[5744, js=testsrc/tests/ecma_2/Statements/try-004.js, opt=9]" classname="org.mozilla.javascript.tests.MozillaSuiteTest" time="0.01"/>
  <testcase name="runMozillaTest[5745, js=testsrc/tests/ecma_2/Statements/try-005.js, opt=9]" classname="org.mozilla.javascript.tests.MozillaSuiteTest" time="0.004"/>
  <testcase name="runMozillaTest[5746, js=testsrc/tests/ecma_2/Statements/try-006.js, opt=9]" classname="org.mozilla.javascript.tests.MozillaSuiteTest" time="0.023"/>
  <testcase name="runMozillaTest[5747, js=testsrc/tests/ecma_2/Statements/try-007.js, opt=9]" classname="org.mozilla.javascript.tests.MozillaSuiteTest" time="0.017"/>
  <testcase name="runMozillaTest[5748, js=testsrc/tests/ecma_2/Statements/try-008.js, opt=9]" classname="org.mozilla.javascript.tests.MozillaSuiteTest" time="0.015"/>
  <testcase name="runMozillaTest[5749, js=testsrc/tests/ecma_2/Statements/try-009.js, opt=9]" classname="org.mozilla.javascript.tests.MozillaSuiteTest" time="0.039"/>
  <testcase name="runMozillaTest[5750, js=testsrc/tests/ecma_2/Statements/try-010.js, opt=9]" classname="org.mozilla.javascript.tests.MozillaSuiteTest" time="0.005"/>
  <testcase name="runMozillaTest[5751, js=testsrc/tests/ecma_2/Statements/try-012.js, opt=9]" classname="org.mozilla.javascript.tests.MozillaSuiteTest" time="0.025"/>
  <testcase name="runMozillaTest[5752, js=testsrc/tests/ecma_2/Statements/while-001.js, opt=9]" classname="org.mozilla.javascript.tests.MozillaSuiteTest" time="0.009"/>
  <testcase name="runMozillaTest[5753, js=testsrc/tests/ecma_2/Statements/while-002.js, opt=9]" classname="org.mozilla.javascript.tests.MozillaSuiteTest" time="0.004"/>
  <testcase name="runMozillaTest[5754, js=testsrc/tests/ecma_2/Statements/while-003.js, opt=9]" classname="org.mozilla.javascript.tests.MozillaSuiteTest" time="0.027"/>
  <testcase name="runMozillaTest[5755, js=testsrc/tests/ecma_2/Statements/while-004.js, opt=9]" classname="org.mozilla.javascript.tests.MozillaSuiteTest" time="0.033"/>
  <testcase name="runMozillaTest[5756, js=testsrc/tests/ecma_2/String/match-001.js, opt=9]" classname="org.mozilla.javascript.tests.MozillaSuiteTest" time="0.004"/>
  <testcase name="runMozillaTest[5757, js=testsrc/tests/ecma_2/String/match-002.js, opt=9]" classname="org.mozilla.javascript.tests.MozillaSuiteTest" time="0.032"/>
  <testcase name="runMozillaTest[5758, js=testsrc/tests/ecma_2/String/match-003.js, opt=9]" classname="org.mozilla.javascript.tests.MozillaSuiteTest" time="0.007"/>
  <testcase name="runMozillaTest[5759, js=testsrc/tests/ecma_2/String/match-004.js, opt=9]" classname="org.mozilla.javascript.tests.MozillaSuiteTest" time="0.018"/>
  <testcase name="runMozillaTest[5760, js=testsrc/tests/ecma_2/String/split-001.js, opt=9]" classname="org.mozilla.javascript.tests.MozillaSuiteTest" time="0.016"/>
  <testcase name="runMozillaTest[5761, js=testsrc/tests/ecma_2/String/split-002.js, opt=9]" classname="org.mozilla.javascript.tests.MozillaSuiteTest" time="0.052"/>
  <testcase name="runMozillaTest[5762, js=testsrc/tests/ecma_2/String/split-003.js, opt=9]" classname="org.mozilla.javascript.tests.MozillaSuiteTest" time="0.011"/>
  <testcase name="runMozillaTest[5763, js=testsrc/tests/ecma_2/extensions/constructor-001.js, opt=9]" classname="org.mozilla.javascript.tests.MozillaSuiteTest" time="0.008"/>
  <testcase name="runMozillaTest[5764, js=testsrc/tests/ecma_2/extensions/function-001.js, opt=9]" classname="org.mozilla.javascript.tests.MozillaSuiteTest" time="0.028"/>
  <testcase name="runMozillaTest[5765, js=testsrc/tests/ecma_2/extensions/instanceof-001.js, opt=9]" classname="org.mozilla.javascript.tests.MozillaSuiteTest" time="0.019"/>
  <testcase name="runMozillaTest[5766, js=testsrc/tests/ecma_2/extensions/instanceof-002.js, opt=9]" classname="org.mozilla.javascript.tests.MozillaSuiteTest" time="0.014"/>
  <testcase name="runMozillaTest[5767, js=testsrc/tests/ecma_2/extensions/instanceof-003-n.js, opt=9]" classname="org.mozilla.javascript.tests.MozillaSuiteTest" time="0.017"/>
  <testcase name="runMozillaTest[5768, js=testsrc/tests/ecma_2/extensions/instanceof-004-n.js, opt=9]" classname="org.mozilla.javascript.tests.MozillaSuiteTest" time="0.02"/>
  <testcase name="runMozillaTest[5769, js=testsrc/tests/ecma_2/extensions/instanceof-005-n.js, opt=9]" classname="org.mozilla.javascript.tests.MozillaSuiteTest" time="0.006"/>
  <testcase name="runMozillaTest[5770, js=testsrc/tests/ecma_2/extensions/instanceof-006.js, opt=9]" classname="org.mozilla.javascript.tests.MozillaSuiteTest" time="0.016"/>
  <testcase name="runMozillaTest[5771, js=testsrc/tests/ecma_2/instanceof/instanceof-001.js, opt=9]" classname="org.mozilla.javascript.tests.MozillaSuiteTest" time="0.003"/>
  <testcase name="runMozillaTest[5772, js=testsrc/tests/ecma_2/instanceof/instanceof-002.js, opt=9]" classname="org.mozilla.javascript.tests.MozillaSuiteTest" time="0.008"/>
  <testcase name="runMozillaTest[5773, js=testsrc/tests/ecma_2/instanceof/regress-7635.js, opt=9]" classname="org.mozilla.javascript.tests.MozillaSuiteTest" time="0.036"/>
  <testcase name="runMozillaTest[5774, js=testsrc/tests/ecma_2/jsref.js, opt=9]" classname="org.mozilla.javascript.tests.MozillaSuiteTest" time="0.08"/>
  <testcase name="runMozillaTest[5775, js=testsrc/tests/ecma_3/Array/15.4.4.11-01.js, opt=9]" classname="org.mozilla.javascript.tests.MozillaSuiteTest" time="0.012"/>
  <testcase name="runMozillaTest[5776, js=testsrc/tests/ecma_3/Array/15.4.4.3-1.js, opt=9]" classname="org.mozilla.javascript.tests.MozillaSuiteTest" time="0.007"/>
  <testcase name="runMozillaTest[5777, js=testsrc/tests/ecma_3/Array/15.4.4.4-001.js, opt=9]" classname="org.mozilla.javascript.tests.MozillaSuiteTest" time="0.031"/>
  <testcase name="runMozillaTest[5778, js=testsrc/tests/ecma_3/Array/15.5.4.8-01.js, opt=9]" classname="org.mozilla.javascript.tests.MozillaSuiteTest" time="0.003"/>
  <testcase name="runMozillaTest[5779, js=testsrc/tests/ecma_3/Array/regress-101488.js, opt=9]" classname="org.mozilla.javascript.tests.MozillaSuiteTest" time="0.019"/>
  <testcase name="runMozillaTest[5780, js=testsrc/tests/ecma_3/Array/regress-130451.js, opt=9]" classname="org.mozilla.javascript.tests.MozillaSuiteTest" time="0.028"/>
  <testcase name="runMozillaTest[5781, js=testsrc/tests/ecma_3/Array/regress-322135-01.js, opt=9]" classname="org.mozilla.javascript.tests.MozillaSuiteTest" time="0.03"/>
  <testcase name="runMozillaTest[5782, js=testsrc/tests/ecma_3/Array/regress-390598.js, opt=9]" classname="org.mozilla.javascript.tests.MozillaSuiteTest" time="0.009"/>
  <testcase name="runMozillaTest[5783, js=testsrc/tests/ecma_3/Array/regress-421325.js, opt=9]" classname="org.mozilla.javascript.tests.MozillaSuiteTest" time="0.009"/>
  <testcase name="runMozillaTest[5784, js=testsrc/tests/ecma_3/Array/regress-430717.js, opt=9]" classname="org.mozilla.javascript.tests.MozillaSuiteTest" time="0.016"/>
  <testcase name="runMozillaTest[5785, js=testsrc/tests/ecma_3/Array/regress-488989.js, opt=9]" classname="org.mozilla.javascript.tests.MozillaSuiteTest" time="0.003"/>
  <testcase name="runMozillaTest[5786, js=testsrc/tests/ecma_3/Date/15.9.1.2-01.js, opt=9]" classname="org.mozilla.javascript.tests.MozillaSuiteTest" time="0.087"/>
  <testcase name="runMozillaTest[5787, js=testsrc/tests/ecma_3/Date/15.9.4.3.js, opt=9]" classname="org.mozilla.javascript.tests.MozillaSuiteTest" time="0.013"/>
  <testcase name="runMozillaTest[5788, js=testsrc/tests/ecma_3/Date/15.9.5.3.js, opt=9]" classname="org.mozilla.javascript.tests.MozillaSuiteTest" time="0.052"/>
  <testcase name="runMozillaTest[5789, js=testsrc/tests/ecma_3/Date/15.9.5.4.js, opt=9]" classname="org.mozilla.javascript.tests.MozillaSuiteTest" time="0.008"/>
  <testcase name="runMozillaTest[5790, js=testsrc/tests/ecma_3/Date/15.9.5.5.js, opt=9]" classname="org.mozilla.javascript.tests.MozillaSuiteTest" time="0.036"/>
  <testcase name="runMozillaTest[5791, js=testsrc/tests/ecma_3/Date/15.9.5.6.js, opt=9]" classname="org.mozilla.javascript.tests.MozillaSuiteTest" time="0.004"/>
  <testcase name="runMozillaTest[5792, js=testsrc/tests/ecma_3/Date/15.9.5.7.js, opt=9]" classname="org.mozilla.javascript.tests.MozillaSuiteTest" time="0.053"/>
  <testcase name="runMozillaTest[5793, js=testsrc/tests/ecma_3/Date/regress-452786.js, opt=9]" classname="org.mozilla.javascript.tests.MozillaSuiteTest" time="0.003"/>
  <testcase name="runMozillaTest[5794, js=testsrc/tests/ecma_3/Exceptions/15.11.1.1.js, opt=9]" classname="org.mozilla.javascript.tests.MozillaSuiteTest" time="0.031"/>
  <testcase name="runMozillaTest[5795, js=testsrc/tests/ecma_3/Exceptions/15.11.4.4-1.js, opt=9]" classname="org.mozilla.javascript.tests.MozillaSuiteTest" time="0.006"/>
  <testcase name="runMozillaTest[5796, js=testsrc/tests/ecma_3/Exceptions/15.11.7.6-001.js, opt=9]" classname="org.mozilla.javascript.tests.MozillaSuiteTest" time="0.003"/>
  <testcase name="runMozillaTest[5797, js=testsrc/tests/ecma_3/Exceptions/15.11.7.6-002.js, opt=9]" classname="org.mozilla.javascript.tests.MozillaSuiteTest" time="0.013"/>
  <testcase name="runMozillaTest[5798, js=testsrc/tests/ecma_3/Exceptions/15.11.7.6-003.js, opt=9]" classname="org.mozilla.javascript.tests.MozillaSuiteTest" time="0.043"/>
  <testcase name="runMozillaTest[5799, js=testsrc/tests/ecma_3/Exceptions/binding-001.js, opt=9]" classname="org.mozilla.javascript.tests.MozillaSuiteTest" time="0.02"/>
  <testcase name="runMozillaTest[5800, js=testsrc/tests/ecma_3/Exceptions/regress-58946.js, opt=9]" classname="org.mozilla.javascript.tests.MozillaSuiteTest" time="0.003"/>
  <testcase name="runMozillaTest[5801, js=testsrc/tests/ecma_3/Exceptions/regress-95101.js, opt=9]" classname="org.mozilla.javascript.tests.MozillaSuiteTest" time="0.019"/>
  <testcase name="runMozillaTest[5802, js=testsrc/tests/ecma_3/ExecutionContexts/10.1.3-1.js, opt=9]" classname="org.mozilla.javascript.tests.MozillaSuiteTest" time="0.022"/>
  <testcase name="runMozillaTest[5803, js=testsrc/tests/ecma_3/ExecutionContexts/10.1.3-2.js, opt=9]" classname="org.mozilla.javascript.tests.MozillaSuiteTest" time="0.016"/>
  <testcase name="runMozillaTest[5804, js=testsrc/tests/ecma_3/ExecutionContexts/10.1.3.js, opt=9]" classname="org.mozilla.javascript.tests.MozillaSuiteTest" time="0.003"/>
  <testcase name="runMozillaTest[5805, js=testsrc/tests/ecma_3/ExecutionContexts/10.1.4-1.js, opt=9]" classname="org.mozilla.javascript.tests.MozillaSuiteTest" time="0.012"/>
  <testcase name="runMozillaTest[5806, js=testsrc/tests/ecma_3/ExecutionContexts/10.6.1-01.js, opt=9]" classname="org.mozilla.javascript.tests.MozillaSuiteTest" time="0.026"/>
  <testcase name="runMozillaTest[5807, js=testsrc/tests/ecma_3/ExecutionContexts/regress-23346.js, opt=9]" classname="org.mozilla.javascript.tests.MozillaSuiteTest" time="0.003"/>
  <testcase name="runMozillaTest[5808, js=testsrc/tests/ecma_3/ExecutionContexts/regress-448595-01.js, opt=9]" classname="org.mozilla.javascript.tests.MozillaSuiteTest" time="0.022"/>
  <testcase name="runMozillaTest[5809, js=testsrc/tests/ecma_3/Expressions/11.10-01.js, opt=9]" classname="org.mozilla.javascript.tests.MozillaSuiteTest" time="0.003"/>
  <testcase name="runMozillaTest[5810, js=testsrc/tests/ecma_3/Expressions/11.10-02.js, opt=9]" classname="org.mozilla.javascript.tests.MozillaSuiteTest" time="0.025"/>
  <testcase name="runMozillaTest[5811, js=testsrc/tests/ecma_3/Expressions/11.10-03.js, opt=9]" classname="org.mozilla.javascript.tests.MozillaSuiteTest" time="0.016"/>
  <testcase name="runMozillaTest[5812, js=testsrc/tests/ecma_3/Expressions/11.6.1-1.js, opt=9]" classname="org.mozilla.javascript.tests.MozillaSuiteTest" time="0.02"/>
  <testcase name="runMozillaTest[5813, js=testsrc/tests/ecma_3/Expressions/11.7.1-01.js, opt=9]" classname="org.mozilla.javascript.tests.MozillaSuiteTest" time="0.02"/>
  <testcase name="runMozillaTest[5814, js=testsrc/tests/ecma_3/Expressions/11.7.2-01.js, opt=9]" classname="org.mozilla.javascript.tests.MozillaSuiteTest" time="0.003"/>
  <testcase name="runMozillaTest[5815, js=testsrc/tests/ecma_3/Expressions/11.7.3-01.js, opt=9]" classname="org.mozilla.javascript.tests.MozillaSuiteTest" time="0.013"/>
  <testcase name="runMozillaTest[5816, js=testsrc/tests/ecma_3/Expressions/11.9.6-1.js, opt=9]" classname="org.mozilla.javascript.tests.MozillaSuiteTest" time="0.027"/>
  <testcase name="runMozillaTest[5817, js=testsrc/tests/ecma_3/FunExpr/fe-001-n.js, opt=9]" classname="org.mozilla.javascript.tests.MozillaSuiteTest" time="0.016"/>
  <testcase name="runMozillaTest[5818, js=testsrc/tests/ecma_3/FunExpr/fe-001.js, opt=9]" classname="org.mozilla.javascript.tests.MozillaSuiteTest" time="0.02"/>
  <testcase name="runMozillaTest[5819, js=testsrc/tests/ecma_3/FunExpr/fe-002.js, opt=9]" classname="org.mozilla.javascript.tests.MozillaSuiteTest" time="0.003"/>
  <testcase name="runMozillaTest[5820, js=testsrc/tests/ecma_3/Function/15.3.4.3-1.js, opt=9]" classname="org.mozilla.javascript.tests.MozillaSuiteTest" time="0.028"/>
  <testcase name="runMozillaTest[5821, js=testsrc/tests/ecma_3/Function/15.3.4.4-1.js, opt=9]" classname="org.mozilla.javascript.tests.MozillaSuiteTest" time="0.01"/>
  <testcase name="runMozillaTest[5822, js=testsrc/tests/ecma_3/Function/arguments-001.js, opt=9]" classname="org.mozilla.javascript.tests.MozillaSuiteTest" time="0.017"/>
  <testcase name="runMozillaTest[5823, js=testsrc/tests/ecma_3/Function/arguments-002.js, opt=9]" classname="org.mozilla.javascript.tests.MozillaSuiteTest" time="0.031"/>
  <testcase name="runMozillaTest[5824, js=testsrc/tests/ecma_3/Function/call-001.js, opt=9]" classname="org.mozilla.javascript.tests.MozillaSuiteTest" time="0.017"/>
  <testcase name="runMozillaTest[5825, js=testsrc/tests/ecma_3/Function/regress-131964.js, opt=9]" classname="org.mozilla.javascript.tests.MozillaSuiteTest" time="0.025"/>
  <testcase name="runMozillaTest[5826, js=testsrc/tests/ecma_3/Function/regress-137181.js, opt=9]" classname="org.mozilla.javascript.tests.MozillaSuiteTest" time="0.008"/>
  <testcase name="runMozillaTest[5827, js=testsrc/tests/ecma_3/Function/regress-193555.js, opt=9]" classname="org.mozilla.javascript.tests.MozillaSuiteTest" time="0.04"/>
  <testcase name="runMozillaTest[5828, js=testsrc/tests/ecma_3/Function/regress-313570.js, opt=9]" classname="org.mozilla.javascript.tests.MozillaSuiteTest" time="0.002"/>
  <testcase name="runMozillaTest[5829, js=testsrc/tests/ecma_3/Function/regress-49286.js, opt=9]" classname="org.mozilla.javascript.tests.MozillaSuiteTest" time="0.017"/>
  <testcase name="runMozillaTest[5830, js=testsrc/tests/ecma_3/Function/regress-58274.js, opt=9]" classname="org.mozilla.javascript.tests.MozillaSuiteTest" time="0.029"/>
  <testcase name="runMozillaTest[5831, js=testsrc/tests/ecma_3/Function/regress-85880.js, opt=9]" classname="org.mozilla.javascript.tests.MozillaSuiteTest" time="0.01"/>
  <testcase name="runMozillaTest[5832, js=testsrc/tests/ecma_3/Function/regress-94506.js, opt=9]" classname="org.mozilla.javascript.tests.MozillaSuiteTest" time="0.017"/>
  <testcase name="runMozillaTest[5833, js=testsrc/tests/ecma_3/Function/regress-97921.js, opt=9]" classname="org.mozilla.javascript.tests.MozillaSuiteTest" time="0.043"/>
  <testcase name="runMozillaTest[5834, js=testsrc/tests/ecma_3/Function/scope-001.js, opt=9]" classname="org.mozilla.javascript.tests.MozillaSuiteTest" time="0.005"/>
  <testcase name="runMozillaTest[5835, js=testsrc/tests/ecma_3/Function/scope-002.js, opt=9]" classname="org.mozilla.javascript.tests.MozillaSuiteTest" time="0.027"/>
  <testcase name="runMozillaTest[5836, js=testsrc/tests/ecma_3/Number/15.7.4.2-01.js, opt=9]" classname="org.mozilla.javascript.tests.MozillaSuiteTest" time="0.009"/>
  <testcase name="runMozillaTest[5837, js=testsrc/tests/ecma_3/Number/15.7.4.3-02.js, opt=9]" classname="org.mozilla.javascript.tests.MozillaSuiteTest" time="0.003"/>
  <testcase name="runMozillaTest[5838, js=testsrc/tests/ecma_3/Number/15.7.4.5-1.js, opt=9]" classname="org.mozilla.javascript.tests.MozillaSuiteTest" time="0.013"/>
  <testcase name="runMozillaTest[5839, js=testsrc/tests/ecma_3/Number/15.7.4.5-2.js, opt=9]" classname="org.mozilla.javascript.tests.MozillaSuiteTest" time="0.031"/>
  <testcase name="runMozillaTest[5840, js=testsrc/tests/ecma_3/Number/15.7.4.6-1.js, opt=9]" classname="org.mozilla.javascript.tests.MozillaSuiteTest" time="0.004"/>
  <testcase name="runMozillaTest[5841, js=testsrc/tests/ecma_3/Number/15.7.4.7-1.js, opt=9]" classname="org.mozilla.javascript.tests.MozillaSuiteTest" time="0.029"/>
  <testcase name="runMozillaTest[5842, js=testsrc/tests/ecma_3/Number/15.7.4.7-2.js, opt=9]" classname="org.mozilla.javascript.tests.MozillaSuiteTest" time="0.003"/>
  <testcase name="runMozillaTest[5843, js=testsrc/tests/ecma_3/Number/regress-442242-01.js, opt=9]" classname="org.mozilla.javascript.tests.MozillaSuiteTest" time="0.015"/>
  <testcase name="runMozillaTest[5844, js=testsrc/tests/ecma_3/NumberFormatting/tostring-001.js, opt=9]" classname="org.mozilla.javascript.tests.MozillaSuiteTest" time="0.018"/>
  <testcase name="runMozillaTest[5845, js=testsrc/tests/ecma_3/Object/8.6.2.6-001.js, opt=9]" classname="org.mozilla.javascript.tests.MozillaSuiteTest" time="0.04"/>
  <testcase name="runMozillaTest[5846, js=testsrc/tests/ecma_3/Object/class-001.js, opt=9]" classname="org.mozilla.javascript.tests.MozillaSuiteTest" time="0.019"/>
  <testcase name="runMozillaTest[5847, js=testsrc/tests/ecma_3/Object/class-002.js, opt=9]" classname="org.mozilla.javascript.tests.MozillaSuiteTest" time="0.015"/>
  <testcase name="runMozillaTest[5848, js=testsrc/tests/ecma_3/Object/class-003.js, opt=9]" classname="org.mozilla.javascript.tests.MozillaSuiteTest" time="0.018"/>
  <testcase name="runMozillaTest[5849, js=testsrc/tests/ecma_3/Object/class-004.js, opt=9]" classname="org.mozilla.javascript.tests.MozillaSuiteTest" time="0.038"/>
  <testcase name="runMozillaTest[5850, js=testsrc/tests/ecma_3/Object/class-005.js, opt=9]" classname="org.mozilla.javascript.tests.MozillaSuiteTest" time="0.014"/>
  <testcase name="runMozillaTest[5851, js=testsrc/tests/ecma_3/Object/regress-361274.js, opt=9]" classname="org.mozilla.javascript.tests.MozillaSuiteTest" time="0.003"/>
  <testcase name="runMozillaTest[5852, js=testsrc/tests/ecma_3/Object/regress-385393-07.js, opt=9]" classname="org.mozilla.javascript.tests.MozillaSuiteTest" time="0.02"/>
  <testcase name="runMozillaTest[5853, js=testsrc/tests/ecma_3/Object/regress-459405.js, opt=9]" classname="org.mozilla.javascript.tests.MozillaSuiteTest" time="0.006"/>
  <testcase name="runMozillaTest[5854, js=testsrc/tests/ecma_3/Object/regress-72773.js, opt=9]" classname="org.mozilla.javascript.tests.MozillaSuiteTest" time="0.009"/>
  <testcase name="runMozillaTest[5855, js=testsrc/tests/ecma_3/Object/regress-79129-001.js, opt=9]" classname="org.mozilla.javascript.tests.MozillaSuiteTest" time="0.018"/>
  <testcase name="runMozillaTest[5856, js=testsrc/tests/ecma_3/Operators/11.13.1-001.js, opt=9]" classname="org.mozilla.javascript.tests.MozillaSuiteTest" time="0.043"/>
  <testcase name="runMozillaTest[5857, js=testsrc/tests/ecma_3/Operators/11.13.1-002.js, opt=9]" classname="org.mozilla.javascript.tests.MozillaSuiteTest" time="0.003"/>
  <testcase name="runMozillaTest[5858, js=testsrc/tests/ecma_3/Operators/11.4.1-001.js, opt=9]" classname="org.mozilla.javascript.tests.MozillaSuiteTest" time="0.003"/>
  <testcase name="runMozillaTest[5859, js=testsrc/tests/ecma_3/Operators/11.4.1-002.js, opt=9]" classname="org.mozilla.javascript.tests.MozillaSuiteTest" time="0.026"/>
  <testcase name="runMozillaTest[5860, js=testsrc/tests/ecma_3/RegExp/15.10.2-1.js, opt=9]" classname="org.mozilla.javascript.tests.MozillaSuiteTest" time="0.025"/>
  <testcase name="runMozillaTest[5861, js=testsrc/tests/ecma_3/RegExp/15.10.2.12.js, opt=9]" classname="org.mozilla.javascript.tests.MozillaSuiteTest" time="0.031"/>
  <testcase name="runMozillaTest[5862, js=testsrc/tests/ecma_3/RegExp/15.10.3.1-1.js, opt=9]" classname="org.mozilla.javascript.tests.MozillaSuiteTest" time="0.015"/>
  <testcase name="runMozillaTest[5863, js=testsrc/tests/ecma_3/RegExp/15.10.3.1-2.js, opt=9]" classname="org.mozilla.javascript.tests.MozillaSuiteTest" time="0.007"/>
  <testcase name="runMozillaTest[5864, js=testsrc/tests/ecma_3/RegExp/15.10.4.1-1.js, opt=9]" classname="org.mozilla.javascript.tests.MozillaSuiteTest" time="0.02"/>
  <testcase name="runMozillaTest[5865, js=testsrc/tests/ecma_3/RegExp/15.10.4.1-2.js, opt=9]" classname="org.mozilla.javascript.tests.MozillaSuiteTest" time="0.01"/>
  <testcase name="runMozillaTest[5866, js=testsrc/tests/ecma_3/RegExp/15.10.4.1-3.js, opt=9]" classname="org.mozilla.javascript.tests.MozillaSuiteTest" time="0.039"/>
  <testcase name="runMozillaTest[5867, js=testsrc/tests/ecma_3/RegExp/15.10.4.1-4.js, opt=9]" classname="org.mozilla.javascript.tests.MozillaSuiteTest" time="0.011"/>
  <testcase name="runMozillaTest[5868, js=testsrc/tests/ecma_3/RegExp/15.10.4.1-5-n.js, opt=9]" classname="org.mozilla.javascript.tests.MozillaSuiteTest" time="0.029"/>
  <testcase name="runMozillaTest[5869, js=testsrc/tests/ecma_3/RegExp/15.10.6.2-1.js, opt=9]" classname="org.mozilla.javascript.tests.MozillaSuiteTest" time="0.007"/>
  <testcase name="runMozillaTest[5870, js=testsrc/tests/ecma_3/RegExp/15.10.6.2-2.js, opt=9]" classname="org.mozilla.javascript.tests.MozillaSuiteTest" time="0.02"/>
  <testcase name="runMozillaTest[5871, js=testsrc/tests/ecma_3/RegExp/octal-001.js, opt=9]" classname="org.mozilla.javascript.tests.MozillaSuiteTest" time="0.042"/>
  <testcase name="runMozillaTest[5872, js=testsrc/tests/ecma_3/RegExp/octal-002.js, opt=9]" classname="org.mozilla.javascript.tests.MozillaSuiteTest" time="0.014"/>
  <testcase name="runMozillaTest[5873, js=testsrc/tests/ecma_3/RegExp/perlstress-001.js, opt=9]" classname="org.mozilla.javascript.tests.MozillaSuiteTest" time="0.301"/>
  <testcase name="runMozillaTest[5874, js=testsrc/tests/ecma_3/RegExp/perlstress-002.js, opt=9]" classname="org.mozilla.javascript.tests.MozillaSuiteTest" time="0.145"/>
  <testcase name="runMozillaTest[5875, js=testsrc/tests/ecma_3/RegExp/regress-100199.js, opt=9]" classname="org.mozilla.javascript.tests.MozillaSuiteTest" time="0.03"/>
  <testcase name="runMozillaTest[5876, js=testsrc/tests/ecma_3/RegExp/regress-105972.js, opt=9]" classname="org.mozilla.javascript.tests.MozillaSuiteTest" time="0.02"/>
  <testcase name="runMozillaTest[5877, js=testsrc/tests/ecma_3/RegExp/regress-119909.js, opt=9]" classname="org.mozilla.javascript.tests.MozillaSuiteTest" time="0.01"/>
  <testcase name="runMozillaTest[5878, js=testsrc/tests/ecma_3/RegExp/regress-122076.js, opt=9]" classname="org.mozilla.javascript.tests.MozillaSuiteTest" time="0.041"/>
  <testcase name="runMozillaTest[5879, js=testsrc/tests/ecma_3/RegExp/regress-123437.js, opt=9]" classname="org.mozilla.javascript.tests.MozillaSuiteTest" time="0.004"/>
  <testcase name="runMozillaTest[5880, js=testsrc/tests/ecma_3/RegExp/regress-165353.js, opt=9]" classname="org.mozilla.javascript.tests.MozillaSuiteTest" time="0.025"/>
  <testcase name="runMozillaTest[5881, js=testsrc/tests/ecma_3/RegExp/regress-169497.js, opt=9]" classname="org.mozilla.javascript.tests.MozillaSuiteTest" time="0.02"/>
  <testcase name="runMozillaTest[5882, js=testsrc/tests/ecma_3/RegExp/regress-169534.js, opt=9]" classname="org.mozilla.javascript.tests.MozillaSuiteTest" time="0.016"/>
  <testcase name="runMozillaTest[5883, js=testsrc/tests/ecma_3/RegExp/regress-187133.js, opt=9]" classname="org.mozilla.javascript.tests.MozillaSuiteTest" time="0.008"/>
  <testcase name="runMozillaTest[5884, js=testsrc/tests/ecma_3/RegExp/regress-191479.js, opt=9]" classname="org.mozilla.javascript.tests.MozillaSuiteTest" time="0.034"/>
  <testcase name="runMozillaTest[5885, js=testsrc/tests/ecma_3/RegExp/regress-202564.js, opt=9]" classname="org.mozilla.javascript.tests.MozillaSuiteTest" time="0.011"/>
  <testcase name="runMozillaTest[5886, js=testsrc/tests/ecma_3/RegExp/regress-209067.js, opt=9]" classname="org.mozilla.javascript.tests.MozillaSuiteTest" time="0.197"/>
  <testcase name="runMozillaTest[5887, js=testsrc/tests/ecma_3/RegExp/regress-209919.js, opt=9]" classname="org.mozilla.javascript.tests.MozillaSuiteTest" time="0.031"/>
  <testcase name="runMozillaTest[5888, js=testsrc/tests/ecma_3/RegExp/regress-216591.js, opt=9]" classname="org.mozilla.javascript.tests.MozillaSuiteTest" time="0.023"/>
  <testcase name="runMozillaTest[5889, js=testsrc/tests/ecma_3/RegExp/regress-220367-001.js, opt=9]" classname="org.mozilla.javascript.tests.MozillaSuiteTest" time="0.016"/>
  <testcase name="runMozillaTest[5890, js=testsrc/tests/ecma_3/RegExp/regress-223273.js, opt=9]" classname="org.mozilla.javascript.tests.MozillaSuiteTest" time="0.053"/>
  <testcase name="runMozillaTest[5891, js=testsrc/tests/ecma_3/RegExp/regress-223535.js, opt=9]" classname="org.mozilla.javascript.tests.MozillaSuiteTest" time="0.048"/>
  <testcase name="runMozillaTest[5892, js=testsrc/tests/ecma_3/RegExp/regress-224676.js, opt=9]" classname="org.mozilla.javascript.tests.MozillaSuiteTest" time="0.03"/>
  <testcase name="runMozillaTest[5893, js=testsrc/tests/ecma_3/RegExp/regress-225289.js, opt=9]" classname="org.mozilla.javascript.tests.MozillaSuiteTest" time="0.026"/>
  <testcase name="runMozillaTest[5894, js=testsrc/tests/ecma_3/RegExp/regress-225343.js, opt=9]" classname="org.mozilla.javascript.tests.MozillaSuiteTest" time="0.023"/>
  <testcase name="runMozillaTest[5895, js=testsrc/tests/ecma_3/RegExp/regress-24712.js, opt=9]" classname="org.mozilla.javascript.tests.MozillaSuiteTest" time="0.058"/>
  <testcase name="runMozillaTest[5896, js=testsrc/tests/ecma_3/RegExp/regress-285219.js, opt=9]" classname="org.mozilla.javascript.tests.MozillaSuiteTest" time="0.008"/>
  <testcase name="runMozillaTest[5897, js=testsrc/tests/ecma_3/RegExp/regress-28686.js, opt=9]" classname="org.mozilla.javascript.tests.MozillaSuiteTest" time="0.011"/>
  <testcase name="runMozillaTest[5898, js=testsrc/tests/ecma_3/RegExp/regress-309840.js, opt=9]" classname="org.mozilla.javascript.tests.MozillaSuiteTest" time="0.03"/>
  <testcase name="runMozillaTest[5899, js=testsrc/tests/ecma_3/RegExp/regress-312351.js, opt=9]" classname="org.mozilla.javascript.tests.MozillaSuiteTest" time="0.031"/>
  <testcase name="runMozillaTest[5900, js=testsrc/tests/ecma_3/RegExp/regress-31316.js, opt=9]" classname="org.mozilla.javascript.tests.MozillaSuiteTest" time="0.003"/>
  <testcase name="runMozillaTest[5901, js=testsrc/tests/ecma_3/RegExp/regress-334158.js, opt=9]" classname="org.mozilla.javascript.tests.MozillaSuiteTest" time="0.014"/>
  <testcase name="runMozillaTest[5902, js=testsrc/tests/ecma_3/RegExp/regress-346090.js, opt=9]" classname="org.mozilla.javascript.tests.MozillaSuiteTest" time="0.053"/>
  <testcase name="runMozillaTest[5903, js=testsrc/tests/ecma_3/RegExp/regress-367888.js, opt=9]" classname="org.mozilla.javascript.tests.MozillaSuiteTest" time="0.003"/>
  <testcase name="runMozillaTest[5904, js=testsrc/tests/ecma_3/RegExp/regress-375642.js, opt=9]" classname="org.mozilla.javascript.tests.MozillaSuiteTest" time="0.005"/>
  <testcase name="runMozillaTest[5905, js=testsrc/tests/ecma_3/RegExp/regress-375651.js, opt=9]" classname="org.mozilla.javascript.tests.MozillaSuiteTest" time="0.012"/>
  <testcase name="runMozillaTest[5906, js=testsrc/tests/ecma_3/RegExp/regress-375715-02.js, opt=9]" classname="org.mozilla.javascript.tests.MozillaSuiteTest" time="0.016"/>
  <testcase name="runMozillaTest[5907, js=testsrc/tests/ecma_3/RegExp/regress-375715-03.js, opt=9]" classname="org.mozilla.javascript.tests.MozillaSuiteTest" time="0.003"/>
  <testcase name="runMozillaTest[5908, js=testsrc/tests/ecma_3/RegExp/regress-465862.js, opt=9]" classname="org.mozilla.javascript.tests.MozillaSuiteTest" time="0.057"/>
  <testcase name="runMozillaTest[5909, js=testsrc/tests/ecma_3/RegExp/regress-57572.js, opt=9]" classname="org.mozilla.javascript.tests.MozillaSuiteTest" time="0.015"/>
  <testcase name="runMozillaTest[5910, js=testsrc/tests/ecma_3/RegExp/regress-57631.js, opt=9]" classname="org.mozilla.javascript.tests.MozillaSuiteTest" time="0.024"/>
  <testcase name="runMozillaTest[5911, js=testsrc/tests/ecma_3/RegExp/regress-67773.js, opt=9]" classname="org.mozilla.javascript.tests.MozillaSuiteTest" time="0.013"/>
  <testcase name="runMozillaTest[5912, js=testsrc/tests/ecma_3/RegExp/regress-72964.js, opt=9]" classname="org.mozilla.javascript.tests.MozillaSuiteTest" time="0.04"/>
  <testcase name="runMozillaTest[5913, js=testsrc/tests/ecma_3/RegExp/regress-76683.js, opt=9]" classname="org.mozilla.javascript.tests.MozillaSuiteTest" time="0.014"/>
  <testcase name="runMozillaTest[5914, js=testsrc/tests/ecma_3/RegExp/regress-78156.js, opt=9]" classname="org.mozilla.javascript.tests.MozillaSuiteTest" time="0.017"/>
  <testcase name="runMozillaTest[5915, js=testsrc/tests/ecma_3/RegExp/regress-85721.js, opt=9]" classname="org.mozilla.javascript.tests.MozillaSuiteTest" time="0.013"/>
  <testcase name="runMozillaTest[5916, js=testsrc/tests/ecma_3/RegExp/regress-87231.js, opt=9]" classname="org.mozilla.javascript.tests.MozillaSuiteTest" time="0.017"/>
  <testcase name="runMozillaTest[5917, js=testsrc/tests/ecma_3/RegExp/regress-98306.js, opt=9]" classname="org.mozilla.javascript.tests.MozillaSuiteTest" time="0.039"/>
  <testcase name="runMozillaTest[5918, js=testsrc/tests/ecma_3/Regress/regress-385393-04.js, opt=9]" classname="org.mozilla.javascript.tests.MozillaSuiteTest" time="0.011"/>
  <testcase name="runMozillaTest[5919, js=testsrc/tests/ecma_3/Regress/regress-419152.js, opt=9]" classname="org.mozilla.javascript.tests.MozillaSuiteTest" time="0.02"/>
  <testcase name="runMozillaTest[5920, js=testsrc/tests/ecma_3/Regress/regress-420087.js, opt=9]" classname="org.mozilla.javascript.tests.MozillaSuiteTest" time="0.002"/>
  <testcase name="runMozillaTest[5921, js=testsrc/tests/ecma_3/Regress/regress-420610.js, opt=9]" classname="org.mozilla.javascript.tests.MozillaSuiteTest" time="0.006"/>
  <testcase name="runMozillaTest[5922, js=testsrc/tests/ecma_3/Regress/regress-441477-01.js, opt=9]" classname="org.mozilla.javascript.tests.MozillaSuiteTest" time="0.018"/>
  <testcase name="runMozillaTest[5923, js=testsrc/tests/ecma_3/Regress/regress-469937.js, opt=9]" classname="org.mozilla.javascript.tests.MozillaSuiteTest" time="0.003"/>
  <testcase name="runMozillaTest[5924, js=testsrc/tests/ecma_3/Statements/12.10-01.js, opt=9]" classname="org.mozilla.javascript.tests.MozillaSuiteTest" time="0.037"/>
  <testcase name="runMozillaTest[5925, js=testsrc/tests/ecma_3/Statements/12.6.3.js, opt=9]" classname="org.mozilla.javascript.tests.MozillaSuiteTest" time="0.015"/>
  <testcase name="runMozillaTest[5926, js=testsrc/tests/ecma_3/Statements/regress-131348.js, opt=9]" classname="org.mozilla.javascript.tests.MozillaSuiteTest" time="0.004"/>
  <testcase name="runMozillaTest[5927, js=testsrc/tests/ecma_3/Statements/regress-157509.js, opt=9]" classname="org.mozilla.javascript.tests.MozillaSuiteTest" time="0.014"/>
  <testcase name="runMozillaTest[5928, js=testsrc/tests/ecma_3/Statements/regress-194364.js, opt=9]" classname="org.mozilla.javascript.tests.MozillaSuiteTest" time="0.028"/>
  <testcase name="runMozillaTest[5929, js=testsrc/tests/ecma_3/Statements/regress-226517.js, opt=9]" classname="org.mozilla.javascript.tests.MozillaSuiteTest" time="0.041"/>
  <testcase name="runMozillaTest[5930, js=testsrc/tests/ecma_3/Statements/regress-444979.js, opt=9]" classname="org.mozilla.javascript.tests.MozillaSuiteTest" time="0.401"/>
  <testcase name="runMozillaTest[5931, js=testsrc/tests/ecma_3/Statements/regress-74474-001.js, opt=9]" classname="org.mozilla.javascript.tests.MozillaSuiteTest" time="0.009"/>
  <testcase name="runMozillaTest[5932, js=testsrc/tests/ecma_3/Statements/regress-83532-001.js, opt=9]" classname="org.mozilla.javascript.tests.MozillaSuiteTest" time="0.003"/>
  <testcase name="runMozillaTest[5933, js=testsrc/tests/ecma_3/Statements/regress-83532-002.js, opt=9]" classname="org.mozilla.javascript.tests.MozillaSuiteTest" time="0.023"/>
  <testcase name="runMozillaTest[5934, js=testsrc/tests/ecma_3/Statements/switch-001.js, opt=9]" classname="org.mozilla.javascript.tests.MozillaSuiteTest" time="0.004"/>
  <testcase name="runMozillaTest[5935, js=testsrc/tests/ecma_3/String/regress-104375.js, opt=9]" classname="org.mozilla.javascript.tests.MozillaSuiteTest" time="0.036"/>
  <testcase name="runMozillaTest[5936, js=testsrc/tests/ecma_3/String/regress-189898.js, opt=9]" classname="org.mozilla.javascript.tests.MozillaSuiteTest" time="0.014"/>
  <testcase name="runMozillaTest[5937, js=testsrc/tests/ecma_3/String/regress-304376.js, opt=9]" classname="org.mozilla.javascript.tests.MozillaSuiteTest" time="0.002"/>
  <testcase name="runMozillaTest[5938, js=testsrc/tests/ecma_3/String/regress-313567.js, opt=9]" classname="org.mozilla.javascript.tests.MozillaSuiteTest" time="0.017"/>
  <testcase name="runMozillaTest[5939, js=testsrc/tests/ecma_3/String/regress-392378.js, opt=9]" classname="org.mozilla.javascript.tests.MozillaSuiteTest" time="0.015"/>
  <testcase name="runMozillaTest[5940, js=testsrc/tests/ecma_3/String/regress-83293.js, opt=9]" classname="org.mozilla.javascript.tests.MozillaSuiteTest" time="0.003"/>
  <testcase name="runMozillaTest[5941, js=testsrc/tests/ecma_3/Unicode/regress-352044-02-n.js, opt=9]" classname="org.mozilla.javascript.tests.MozillaSuiteTest" time="0.03"/>
  <testcase name="runMozillaTest[5942, js=testsrc/tests/ecma_3/Unicode/uc-001-n.js, opt=9]" classname="org.mozilla.javascript.tests.MozillaSuiteTest" time="0.02"/>
  <testcase name="runMozillaTest[5943, js=testsrc/tests/ecma_3/Unicode/uc-002-n.js, opt=9]" classname="org.mozilla.javascript.tests.MozillaSuiteTest" time="0.003"/>
  <testcase name="runMozillaTest[5944, js=testsrc/tests/ecma_3/Unicode/uc-002.js, opt=9]" classname="org.mozilla.javascript.tests.MozillaSuiteTest" time="0.002"/>
  <testcase name="runMozillaTest[5945, js=testsrc/tests/ecma_3/Unicode/uc-003.js, opt=9]" classname="org.mozilla.javascript.tests.MozillaSuiteTest" time="0.018"/>
  <testcase name="runMozillaTest[5946, js=testsrc/tests/ecma_3/Unicode/uc-004.js, opt=9]" classname="org.mozilla.javascript.tests.MozillaSuiteTest" time="0.014"/>
  <testcase name="runMozillaTest[5947, js=testsrc/tests/ecma_3/Unicode/uc-005.js, opt=9]" classname="org.mozilla.javascript.tests.MozillaSuiteTest" time="0.019"/>
  <testcase name="runMozillaTest[5948, js=testsrc/tests/ecma_3/extensions/10.1.3-2.js, opt=9]" classname="org.mozilla.javascript.tests.MozillaSuiteTest" time="0.054"/>
  <testcase name="runMozillaTest[5949, js=testsrc/tests/ecma_3/extensions/regress-103087.js, opt=9]" classname="org.mozilla.javascript.tests.MozillaSuiteTest" time="0.493"/>
  <testcase name="runMozillaTest[5950, js=testsrc/tests/ecma_3/extensions/regress-188206-01.js, opt=9]" classname="org.mozilla.javascript.tests.MozillaSuiteTest" time="0.006"/>
  <testcase name="runMozillaTest[5951, js=testsrc/tests/ecma_3/extensions/regress-188206-02.js, opt=9]" classname="org.mozilla.javascript.tests.MozillaSuiteTest" time="0.034"/>
  <testcase name="runMozillaTest[5952, js=testsrc/tests/ecma_3/extensions/regress-220367-002.js, opt=9]" classname="org.mozilla.javascript.tests.MozillaSuiteTest" time="0.003"/>
  <testcase name="runMozillaTest[5953, js=testsrc/tests/ecma_3/extensions/regress-228087.js, opt=9]" classname="org.mozilla.javascript.tests.MozillaSuiteTest" time="0.075"/>
  <testcase name="runMozillaTest[5954, js=testsrc/tests/ecma_3/extensions/regress-320854.js, opt=9]" classname="org.mozilla.javascript.tests.MozillaSuiteTest" time="0.002"/>
  <testcase name="runMozillaTest[5955, js=testsrc/tests/ecma_3/extensions/regress-327170.js, opt=9]" classname="org.mozilla.javascript.tests.MozillaSuiteTest" time="0.006"/>
  <testcase name="runMozillaTest[5956, js=testsrc/tests/ecma_3/extensions/regress-385393-03.js, opt=9]" classname="org.mozilla.javascript.tests.MozillaSuiteTest" time="0.011"/>
  <testcase name="runMozillaTest[5957, js=testsrc/tests/ecma_3/extensions/regress-429248.js, opt=9]" classname="org.mozilla.javascript.tests.MozillaSuiteTest" time="0.016"/>
  <testcase name="runMozillaTest[5958, js=testsrc/tests/js-test-driver-begin.js, opt=9]" classname="org.mozilla.javascript.tests.MozillaSuiteTest" time="0.003"/>
  <testcase name="runMozillaTest[5959, js=testsrc/tests/js-test-driver-end.js, opt=9]" classname="org.mozilla.javascript.tests.MozillaSuiteTest" time="0.03"/>
  <testcase name="runMozillaTest[5960, js=testsrc/tests/js1_1/jsref.js, opt=9]" classname="org.mozilla.javascript.tests.MozillaSuiteTest" time="0.016"/>
  <testcase name="runMozillaTest[5961, js=testsrc/tests/js1_2/Array/array_split_1.js, opt=9]" classname="org.mozilla.javascript.tests.MozillaSuiteTest" time="0.025"/>
  <testcase name="runMozillaTest[5962, js=testsrc/tests/js1_2/Array/general1.js, opt=9]" classname="org.mozilla.javascript.tests.MozillaSuiteTest" time="0.009"/>
  <testcase name="runMozillaTest[5963, js=testsrc/tests/js1_2/Array/general2.js, opt=9]" classname="org.mozilla.javascript.tests.MozillaSuiteTest" time="0.015"/>
  <testcase name="runMozillaTest[5964, js=testsrc/tests/js1_2/Array/slice.js, opt=9]" classname="org.mozilla.javascript.tests.MozillaSuiteTest" time="0.048"/>
  <testcase name="runMozillaTest[5965, js=testsrc/tests/js1_2/Array/splice1.js, opt=9]" classname="org.mozilla.javascript.tests.MozillaSuiteTest" time="0.085"/>
  <testcase name="runMozillaTest[5966, js=testsrc/tests/js1_2/Array/splice2.js, opt=9]" classname="org.mozilla.javascript.tests.MozillaSuiteTest" time="0.104"/>
  <testcase name="runMozillaTest[5967, js=testsrc/tests/js1_2/Array/tostring_1.js, opt=9]" classname="org.mozilla.javascript.tests.MozillaSuiteTest" time="0.033"/>
  <testcase name="runMozillaTest[5968, js=testsrc/tests/js1_2/Array/tostring_2.js, opt=9]" classname="org.mozilla.javascript.tests.MozillaSuiteTest" time="0.003"/>
  <testcase name="runMozillaTest[5969, js=testsrc/tests/js1_2/Objects/toString-001.js, opt=9]" classname="org.mozilla.javascript.tests.MozillaSuiteTest" time="0.004"/>
  <testcase name="runMozillaTest[5970, js=testsrc/tests/js1_2/String/charCodeAt.js, opt=9]" classname="org.mozilla.javascript.tests.MozillaSuiteTest" time="0.021"/>
  <testcase name="runMozillaTest[5971, js=testsrc/tests/js1_2/String/concat.js, opt=9]" classname="org.mozilla.javascript.tests.MozillaSuiteTest" time="0.036"/>
  <testcase name="runMozillaTest[5972, js=testsrc/tests/js1_2/String/match.js, opt=9]" classname="org.mozilla.javascript.tests.MozillaSuiteTest" time="0.002"/>
  <testcase name="runMozillaTest[5973, js=testsrc/tests/js1_2/String/slice.js, opt=9]" classname="org.mozilla.javascript.tests.MozillaSuiteTest" time="0.164"/>
  <testcase name="runMozillaTest[5974, js=testsrc/tests/js1_2/function/Number.js, opt=9]" classname="org.mozilla.javascript.tests.MozillaSuiteTest" time="0.029"/>
  <testcase name="runMozillaTest[5975, js=testsrc/tests/js1_2/function/String.js, opt=9]" classname="org.mozilla.javascript.tests.MozillaSuiteTest" time="0.003"/>
  <testcase name="runMozillaTest[5976, js=testsrc/tests/js1_2/function/definition-1.js, opt=9]" classname="org.mozilla.javascript.tests.MozillaSuiteTest" time="0.02"/>
  <testcase name="runMozillaTest[5977, js=testsrc/tests/js1_2/function/length.js, opt=9]" classname="org.mozilla.javascript.tests.MozillaSuiteTest" time="0.01"/>
  <testcase name="runMozillaTest[5978, js=testsrc/tests/js1_2/function/nesting-1.js, opt=9]" classname="org.mozilla.javascript.tests.MozillaSuiteTest" time="0.012"/>
  <testcase name="runMozillaTest[5979, js=testsrc/tests/js1_2/function/nesting.js, opt=9]" classname="org.mozilla.javascript.tests.MozillaSuiteTest" time="0.008"/>
  <testcase name="runMozillaTest[5980, js=testsrc/tests/js1_2/function/regexparg-1.js, opt=9]" classname="org.mozilla.javascript.tests.MozillaSuiteTest" time="0.021"/>
  <testcase name="runMozillaTest[5981, js=testsrc/tests/js1_2/jsref.js, opt=9]" classname="org.mozilla.javascript.tests.MozillaSuiteTest" time="0.038"/>
  <testcase name="runMozillaTest[5982, js=testsrc/tests/js1_2/operator/strictEquality.js, opt=9]" classname="org.mozilla.javascript.tests.MozillaSuiteTest" time="0.008"/>
  <testcase name="runMozillaTest[5983, js=testsrc/tests/js1_2/regexp/RegExp_dollar_number.js, opt=9]" classname="org.mozilla.javascript.tests.MozillaSuiteTest" time="0.029"/>
  <testcase name="runMozillaTest[5984, js=testsrc/tests/js1_2/regexp/RegExp_input.js, opt=9]" classname="org.mozilla.javascript.tests.MozillaSuiteTest" time="0.004"/>
  <testcase name="runMozillaTest[5985, js=testsrc/tests/js1_2/regexp/RegExp_input_as_array.js, opt=9]" classname="org.mozilla.javascript.tests.MozillaSuiteTest" time="0.014"/>
  <testcase name="runMozillaTest[5986, js=testsrc/tests/js1_2/regexp/RegExp_lastIndex.js, opt=9]" classname="org.mozilla.javascript.tests.MozillaSuiteTest" time="0.033"/>
  <testcase name="runMozillaTest[5987, js=testsrc/tests/js1_2/regexp/RegExp_lastMatch.js, opt=9]" classname="org.mozilla.javascript.tests.MozillaSuiteTest" time="0.01"/>
  <testcase name="runMozillaTest[5988, js=testsrc/tests/js1_2/regexp/RegExp_lastMatch_as_array.js, opt=9]" classname="org.mozilla.javascript.tests.MozillaSuiteTest" time="0.003"/>
  <testcase name="runMozillaTest[5989, js=testsrc/tests/js1_2/regexp/RegExp_lastParen.js, opt=9]" classname="org.mozilla.javascript.tests.MozillaSuiteTest" time="0.027"/>
  <testcase name="runMozillaTest[5990, js=testsrc/tests/js1_2/regexp/RegExp_lastParen_as_array.js, opt=9]" classname="org.mozilla.javascript.tests.MozillaSuiteTest" time="0.006"/>
  <testcase name="runMozillaTest[5991, js=testsrc/tests/js1_2/regexp/RegExp_leftContext.js, opt=9]" classname="org.mozilla.javascript.tests.MozillaSuiteTest" time="0.005"/>
  <testcase name="runMozillaTest[5992, js=testsrc/tests/js1_2/regexp/RegExp_leftContext_as_array.js, opt=9]" classname="org.mozilla.javascript.tests.MozillaSuiteTest" time="0.015"/>
  <testcase name="runMozillaTest[5993, js=testsrc/tests/js1_2/regexp/RegExp_multiline.js, opt=9]" classname="org.mozilla.javascript.tests.MozillaSuiteTest" time="0.025"/>
  <testcase name="runMozillaTest[5994, js=testsrc/tests/js1_2/regexp/RegExp_multiline_as_array.js, opt=9]" classname="org.mozilla.javascript.tests.MozillaSuiteTest" time="0.023"/>
  <testcase name="runMozillaTest[5995, js=testsrc/tests/js1_2/regexp/RegExp_object.js, opt=9]" classname="org.mozilla.javascript.tests.MozillaSuiteTest" time="0.002"/>
  <testcase name="runMozillaTest[5996, js=testsrc/tests/js1_2/regexp/RegExp_rightContext.js, opt=9]" classname="org.mozilla.javascript.tests.MozillaSuiteTest" time="0.039"/>
  <testcase name="runMozillaTest[5997, js=testsrc/tests/js1_2/regexp/RegExp_rightContext_as_array.js, opt=9]" classname="org.mozilla.javascript.tests.MozillaSuiteTest" time="0.012"/>
  <testcase name="runMozillaTest[5998, js=testsrc/tests/js1_2/regexp/alphanumeric.js, opt=9]" classname="org.mozilla.javascript.tests.MozillaSuiteTest" time="0.042"/>
  <testcase name="runMozillaTest[5999, js=testsrc/tests/js1_2/regexp/asterisk.js, opt=9]" classname="org.mozilla.javascript.tests.MozillaSuiteTest" time="0.004"/>
  <testcase name="runMozillaTest[6000, js=testsrc/tests/js1_2/regexp/backslash.js, opt=9]" classname="org.mozilla.javascript.tests.MozillaSuiteTest" time="0.005"/>
  <testcase name="runMozillaTest[6001, js=testsrc/tests/js1_2/regexp/backspace.js, opt=9]" classname="org.mozilla.javascript.tests.MozillaSuiteTest" time="0.026"/>
  <testcase name="runMozillaTest[6002, js=testsrc/tests/js1_2/regexp/beginLine.js, opt=9]" classname="org.mozilla.javascript.tests.MozillaSuiteTest" time="0.012"/>
  <testcase name="runMozillaTest[6003, js=testsrc/tests/js1_2/regexp/character_class.js, opt=9]" classname="org.mozilla.javascript.tests.MozillaSuiteTest" time="0.026"/>
  <testcase name="runMozillaTest[6004, js=testsrc/tests/js1_2/regexp/compile.js, opt=9]" classname="org.mozilla.javascript.tests.MozillaSuiteTest" time="0.003"/>
  <testcase name="runMozillaTest[6005, js=testsrc/tests/js1_2/regexp/control_characters.js, opt=9]" classname="org.mozilla.javascript.tests.MozillaSuiteTest" time="0.031"/>
  <testcase name="runMozillaTest[6006, js=testsrc/tests/js1_2/regexp/digit.js, opt=9]" classname="org.mozilla.javascript.tests.MozillaSuiteTest" time="0.006"/>
  <testcase name="runMozillaTest[6007, js=testsrc/tests/js1_2/regexp/dot.js, opt=9]" classname="org.mozilla.javascript.tests.MozillaSuiteTest" time="0.021"/>
  <testcase name="runMozillaTest[6008, js=testsrc/tests/js1_2/regexp/endLine.js, opt=9]" classname="org.mozilla.javascript.tests.MozillaSuiteTest" time="0.004"/>
  <testcase name="runMozillaTest[6009, js=testsrc/tests/js1_2/regexp/everything.js, opt=9]" classname="org.mozilla.javascript.tests.MozillaSuiteTest" time="0.016"/>
  <testcase name="runMozillaTest[6010, js=testsrc/tests/js1_2/regexp/exec.js, opt=9]" classname="org.mozilla.javascript.tests.MozillaSuiteTest" time="0.013"/>
  <testcase name="runMozillaTest[6011, js=testsrc/tests/js1_2/regexp/flags.js, opt=9]" classname="org.mozilla.javascript.tests.MozillaSuiteTest" time="0.032"/>
  <testcase name="runMozillaTest[6012, js=testsrc/tests/js1_2/regexp/global.js, opt=9]" classname="org.mozilla.javascript.tests.MozillaSuiteTest" time="0.003"/>
  <testcase name="runMozillaTest[6013, js=testsrc/tests/js1_2/regexp/hexadecimal.js, opt=9]" classname="org.mozilla.javascript.tests.MozillaSuiteTest" time="0.024"/>
  <testcase name="runMozillaTest[6014, js=testsrc/tests/js1_2/regexp/ignoreCase.js, opt=9]" classname="org.mozilla.javascript.tests.MozillaSuiteTest" time="0.007"/>
  <testcase name="runMozillaTest[6015, js=testsrc/tests/js1_2/regexp/interval.js, opt=9]" classname="org.mozilla.javascript.tests.MozillaSuiteTest" time="0.021"/>
  <testcase name="runMozillaTest[6016, js=testsrc/tests/js1_2/regexp/octal.js, opt=9]" classname="org.mozilla.javascript.tests.MozillaSuiteTest" time="0.014"/>
  <testcase name="runMozillaTest[6017, js=testsrc/tests/js1_2/regexp/parentheses.js, opt=9]" classname="org.mozilla.javascript.tests.MozillaSuiteTest" time="0.029"/>
  <testcase name="runMozillaTest[6018, js=testsrc/tests/js1_2/regexp/plus.js, opt=9]" classname="org.mozilla.javascript.tests.MozillaSuiteTest" time="0.003"/>
  <testcase name="runMozillaTest[6019, js=testsrc/tests/js1_2/regexp/question_mark.js, opt=9]" classname="org.mozilla.javascript.tests.MozillaSuiteTest" time="0.03"/>
  <testcase name="runMozillaTest[6020, js=testsrc/tests/js1_2/regexp/regress-6359.js, opt=9]" classname="org.mozilla.javascript.tests.MozillaSuiteTest" time="0.003"/>
  <testcase name="runMozillaTest[6021, js=testsrc/tests/js1_2/regexp/regress-9141.js, opt=9]" classname="org.mozilla.javascript.tests.MozillaSuiteTest" time="0.021"/>
  <testcase name="runMozillaTest[6022, js=testsrc/tests/js1_2/regexp/simple_form.js, opt=9]" classname="org.mozilla.javascript.tests.MozillaSuiteTest" time="0.043"/>
  <testcase name="runMozillaTest[6023, js=testsrc/tests/js1_2/regexp/source.js, opt=9]" classname="org.mozilla.javascript.tests.MozillaSuiteTest" time="0.003"/>
  <testcase name="runMozillaTest[6024, js=testsrc/tests/js1_2/regexp/special_characters.js, opt=9]" classname="org.mozilla.javascript.tests.MozillaSuiteTest" time="0.018"/>
  <testcase name="runMozillaTest[6025, js=testsrc/tests/js1_2/regexp/string_replace.js, opt=9]" classname="org.mozilla.javascript.tests.MozillaSuiteTest" time="0.011"/>
  <testcase name="runMozillaTest[6026, js=testsrc/tests/js1_2/regexp/string_search.js, opt=9]" classname="org.mozilla.javascript.tests.MozillaSuiteTest" time="0.012"/>
  <testcase name="runMozillaTest[6027, js=testsrc/tests/js1_2/regexp/string_split.js, opt=9]" classname="org.mozilla.javascript.tests.MozillaSuiteTest" time="0.032"/>
  <testcase name="runMozillaTest[6028, js=testsrc/tests/js1_2/regexp/test.js, opt=9]" classname="org.mozilla.javascript.tests.MozillaSuiteTest" time="0.003"/>
  <testcase name="runMozillaTest[6029, js=testsrc/tests/js1_2/regexp/toString.js, opt=9]" classname="org.mozilla.javascript.tests.MozillaSuiteTest" time="0.013"/>
  <testcase name="runMozillaTest[6030, js=testsrc/tests/js1_2/regexp/vertical_bar.js, opt=9]" classname="org.mozilla.javascript.tests.MozillaSuiteTest" time="0.017"/>
  <testcase name="runMozillaTest[6031, js=testsrc/tests/js1_2/regexp/whitespace.js, opt=9]" classname="org.mozilla.javascript.tests.MozillaSuiteTest" time="0.022"/>
  <testcase name="runMozillaTest[6032, js=testsrc/tests/js1_2/regexp/word_boundary.js, opt=9]" classname="org.mozilla.javascript.tests.MozillaSuiteTest" time="0.029"/>
  <testcase name="runMozillaTest[6033, js=testsrc/tests/js1_2/regress/regress-144834.js, opt=9]" classname="org.mozilla.javascript.tests.MozillaSuiteTest" time="0.03"/>
  <testcase name="runMozillaTest[6034, js=testsrc/tests/js1_2/regress/regress-7703.js, opt=9]" classname="org.mozilla.javascript.tests.MozillaSuiteTest" time="0.003"/>
  <testcase name="runMozillaTest[6035, js=testsrc/tests/js1_2/statements/break.js, opt=9]" classname="org.mozilla.javascript.tests.MozillaSuiteTest" time="0.017"/>
  <testcase name="runMozillaTest[6036, js=testsrc/tests/js1_2/statements/continue.js, opt=9]" classname="org.mozilla.javascript.tests.MozillaSuiteTest" time="0.021"/>
  <testcase name="runMozillaTest[6037, js=testsrc/tests/js1_2/statements/do_while.js, opt=9]" classname="org.mozilla.javascript.tests.MozillaSuiteTest" time="0.003"/>
  <testcase name="runMozillaTest[6038, js=testsrc/tests/js1_2/statements/switch.js, opt=9]" classname="org.mozilla.javascript.tests.MozillaSuiteTest" time="0.024"/>
  <testcase name="runMozillaTest[6039, js=testsrc/tests/js1_2/statements/switch2.js, opt=9]" classname="org.mozilla.javascript.tests.MozillaSuiteTest" time="0.03"/>
  <testcase name="runMozillaTest[6040, js=testsrc/tests/js1_2/version120/boolean-001.js, opt=9]" classname="org.mozilla.javascript.tests.MozillaSuiteTest" time="0.003"/>
  <testcase name="runMozillaTest[6041, js=testsrc/tests/js1_3/Boolean/boolean-001.js, opt=9]" classname="org.mozilla.javascript.tests.MozillaSuiteTest" time="0.015"/>
  <testcase name="runMozillaTest[6042, js=testsrc/tests/js1_3/Script/delete-001.js, opt=9]" classname="org.mozilla.javascript.tests.MozillaSuiteTest" time="0.02"/>
  <testcase name="runMozillaTest[6043, js=testsrc/tests/js1_3/Script/function-002.js, opt=9]" classname="org.mozilla.javascript.tests.MozillaSuiteTest" time="0.01"/>
  <testcase name="runMozillaTest[6044, js=testsrc/tests/js1_3/Script/in-001.js, opt=9]" classname="org.mozilla.javascript.tests.MozillaSuiteTest" time="0.024"/>
  <testcase name="runMozillaTest[6045, js=testsrc/tests/js1_3/Script/new-001.js, opt=9]" classname="org.mozilla.javascript.tests.MozillaSuiteTest" time="0.021"/>
  <testcase name="runMozillaTest[6046, js=testsrc/tests/js1_3/Script/switch-001.js, opt=9]" classname="org.mozilla.javascript.tests.MozillaSuiteTest" time="0.002"/>
  <testcase name="runMozillaTest[6047, js=testsrc/tests/js1_3/extensions/proto_10.js, opt=9]" classname="org.mozilla.javascript.tests.MozillaSuiteTest" time="0.026"/>
  <testcase name="runMozillaTest[6048, js=testsrc/tests/js1_3/extensions/proto_2.js, opt=9]" classname="org.mozilla.javascript.tests.MozillaSuiteTest" time="0.01"/>
  <testcase name="runMozillaTest[6049, js=testsrc/tests/js1_3/extensions/proto_5.js, opt=9]" classname="org.mozilla.javascript.tests.MozillaSuiteTest" time="0.016"/>
  <testcase name="runMozillaTest[6050, js=testsrc/tests/js1_3/extensions/script-001.js, opt=9]" classname="org.mozilla.javascript.tests.MozillaSuiteTest" time="0.033"/>
  <testcase name="runMozillaTest[6051, js=testsrc/tests/js1_3/inherit/proto_1.js, opt=9]" classname="org.mozilla.javascript.tests.MozillaSuiteTest" time="0.014"/>
  <testcase name="runMozillaTest[6052, js=testsrc/tests/js1_3/inherit/proto_10.js, opt=9]" classname="org.mozilla.javascript.tests.MozillaSuiteTest" time="0.003"/>
  <testcase name="runMozillaTest[6053, js=testsrc/tests/js1_3/inherit/proto_11.js, opt=9]" classname="org.mozilla.javascript.tests.MozillaSuiteTest" time="0.025"/>
  <testcase name="runMozillaTest[6054, js=testsrc/tests/js1_3/inherit/proto_12.js, opt=9]" classname="org.mozilla.javascript.tests.MozillaSuiteTest" time="0.008"/>
  <testcase name="runMozillaTest[6055, js=testsrc/tests/js1_3/inherit/proto_3.js, opt=9]" classname="org.mozilla.javascript.tests.MozillaSuiteTest" time="0.029"/>
  <testcase name="runMozillaTest[6056, js=testsrc/tests/js1_3/inherit/proto_4.js, opt=9]" classname="org.mozilla.javascript.tests.MozillaSuiteTest" time="0.031"/>
  <testcase name="runMozillaTest[6057, js=testsrc/tests/js1_3/inherit/proto_6.js, opt=9]" classname="org.mozilla.javascript.tests.MozillaSuiteTest" time="0.004"/>
  <testcase name="runMozillaTest[6058, js=testsrc/tests/js1_3/inherit/proto_7.js, opt=9]" classname="org.mozilla.javascript.tests.MozillaSuiteTest" time="0.029"/>
  <testcase name="runMozillaTest[6059, js=testsrc/tests/js1_3/inherit/proto_8.js, opt=9]" classname="org.mozilla.javascript.tests.MozillaSuiteTest" time="0.01"/>
  <testcase name="runMozillaTest[6060, js=testsrc/tests/js1_3/inherit/proto_9.js, opt=9]" classname="org.mozilla.javascript.tests.MozillaSuiteTest" time="0.017"/>
  <testcase name="runMozillaTest[6061, js=testsrc/tests/js1_3/jsref.js, opt=9]" classname="org.mozilla.javascript.tests.MozillaSuiteTest" time="0.028"/>
  <testcase name="runMozillaTest[6062, js=testsrc/tests/js1_3/regress/delete-001.js, opt=9]" classname="org.mozilla.javascript.tests.MozillaSuiteTest" time="0.013"/>
  <testcase name="runMozillaTest[6063, js=testsrc/tests/js1_3/regress/function-002.js, opt=9]" classname="org.mozilla.javascript.tests.MozillaSuiteTest" time="0.012"/>
  <testcase name="runMozillaTest[6064, js=testsrc/tests/js1_3/regress/in-001.js, opt=9]" classname="org.mozilla.javascript.tests.MozillaSuiteTest" time="0.002"/>
  <testcase name="runMozillaTest[6065, js=testsrc/tests/js1_3/regress/new-001.js, opt=9]" classname="org.mozilla.javascript.tests.MozillaSuiteTest" time="0.017"/>
  <testcase name="runMozillaTest[6066, js=testsrc/tests/js1_3/regress/switch-001.js, opt=9]" classname="org.mozilla.javascript.tests.MozillaSuiteTest" time="0.009"/>
  <testcase name="runMozillaTest[6067, js=testsrc/tests/js1_4/Eval/eval-001.js, opt=9]" classname="org.mozilla.javascript.tests.MozillaSuiteTest" time="0.03"/>
  <testcase name="runMozillaTest[6068, js=testsrc/tests/js1_4/Eval/eval-002.js, opt=9]" classname="org.mozilla.javascript.tests.MozillaSuiteTest" time="0.016"/>
  <testcase name="runMozillaTest[6069, js=testsrc/tests/js1_4/Eval/eval-003.js, opt=9]" classname="org.mozilla.javascript.tests.MozillaSuiteTest" time="0.006"/>
  <testcase name="runMozillaTest[6070, js=testsrc/tests/js1_4/Functions/function-001.js, opt=9]" classname="org.mozilla.javascript.tests.MozillaSuiteTest" time="0.025"/>
  <testcase name="runMozillaTest[6071, js=testsrc/tests/js1_4/Regress/date-001-n.js, opt=9]" classname="org.mozilla.javascript.tests.MozillaSuiteTest" time="0.019"/>
  <testcase name="runMozillaTest[6072, js=testsrc/tests/js1_4/Regress/function-001.js, opt=9]" classname="org.mozilla.javascript.tests.MozillaSuiteTest" time="0.039"/>
  <testcase name="runMozillaTest[6073, js=testsrc/tests/js1_4/Regress/function-002.js, opt=9]" classname="org.mozilla.javascript.tests.MozillaSuiteTest" time="0.004"/>
  <testcase name="runMozillaTest[6074, js=testsrc/tests/js1_4/Regress/function-003.js, opt=9]" classname="org.mozilla.javascript.tests.MozillaSuiteTest" time="0.016"/>
  <testcase name="runMozillaTest[6075, js=testsrc/tests/js1_4/Regress/function-004-n.js, opt=9]" classname="org.mozilla.javascript.tests.MozillaSuiteTest" time="0.013"/>
  <testcase name="runMozillaTest[6076, js=testsrc/tests/js1_4/Regress/regress-7224.js, opt=9]" classname="org.mozilla.javascript.tests.MozillaSuiteTest" time="0.01"/>
  <testcase name="runMozillaTest[6077, js=testsrc/tests/js1_4/Regress/toString-001-n.js, opt=9]" classname="org.mozilla.javascript.tests.MozillaSuiteTest" time="0.014"/>
  <testcase name="runMozillaTest[6078, js=testsrc/tests/js1_4/jsref.js, opt=9]" classname="org.mozilla.javascript.tests.MozillaSuiteTest" time="0.043"/>
  <testcase name="runMozillaTest[6079, js=testsrc/tests/js1_5/Array/11.1.4.js, opt=9]" classname="org.mozilla.javascript.tests.MozillaSuiteTest" time="0.004"/>
  <testcase name="runMozillaTest[6080, js=testsrc/tests/js1_5/Array/array-001.js, opt=9]" classname="org.mozilla.javascript.tests.MozillaSuiteTest" time="0.026"/>
  <testcase name="runMozillaTest[6081, js=testsrc/tests/js1_5/Array/regress-101964.js, opt=9]" classname="org.mozilla.javascript.tests.MozillaSuiteTest" time="0.011"/>
  <testcase name="runMozillaTest[6082, js=testsrc/tests/js1_5/Array/regress-107138.js, opt=9]" classname="org.mozilla.javascript.tests.MozillaSuiteTest" time="0.046"/>
  <testcase name="runMozillaTest[6083, js=testsrc/tests/js1_5/Array/regress-108440.js, opt=9]" classname="org.mozilla.javascript.tests.MozillaSuiteTest" time="0.014"/>
  <testcase name="runMozillaTest[6084, js=testsrc/tests/js1_5/Array/regress-154338.js, opt=9]" classname="org.mozilla.javascript.tests.MozillaSuiteTest" time="0.019"/>
  <testcase name="runMozillaTest[6085, js=testsrc/tests/js1_5/Array/regress-178722.js, opt=9]" classname="org.mozilla.javascript.tests.MozillaSuiteTest" time="0.004"/>
  <testcase name="runMozillaTest[6086, js=testsrc/tests/js1_5/Array/regress-255555.js, opt=9]" classname="org.mozilla.javascript.tests.MozillaSuiteTest" time="0.012"/>
  <testcase name="runMozillaTest[6087, js=testsrc/tests/js1_5/Array/regress-299644.js, opt=9]" classname="org.mozilla.javascript.tests.MozillaSuiteTest" time="0.013"/>
  <testcase name="runMozillaTest[6088, js=testsrc/tests/js1_5/Array/regress-300858.js, opt=9]" classname="org.mozilla.javascript.tests.MozillaSuiteTest" time="0.005"/>
  <testcase name="runMozillaTest[6089, js=testsrc/tests/js1_5/Array/regress-310351.js, opt=9]" classname="org.mozilla.javascript.tests.MozillaSuiteTest" time="0.018"/>
  <testcase name="runMozillaTest[6090, js=testsrc/tests/js1_5/Array/regress-311515.js, opt=9]" classname="org.mozilla.javascript.tests.MozillaSuiteTest" time="0.017"/>
  <testcase name="runMozillaTest[6091, js=testsrc/tests/js1_5/Array/regress-313153.js, opt=9]" classname="org.mozilla.javascript.tests.MozillaSuiteTest" time="0.02"/>
  <testcase name="runMozillaTest[6092, js=testsrc/tests/js1_5/Array/regress-315509-01.js, opt=9]" classname="org.mozilla.javascript.tests.MozillaSuiteTest" time="0.003"/>
  <testcase name="runMozillaTest[6093, js=testsrc/tests/js1_5/Array/regress-345961.js, opt=9]" classname="org.mozilla.javascript.tests.MozillaSuiteTest" time="0.002"/>
  <testcase name="runMozillaTest[6094, js=testsrc/tests/js1_5/Array/regress-348810.js, opt=9]" classname="org.mozilla.javascript.tests.MozillaSuiteTest" time="0.015"/>
  <testcase name="runMozillaTest[6095, js=testsrc/tests/js1_5/Array/regress-350256-01.js, opt=9]" classname="org.mozilla.javascript.tests.MozillaSuiteTest" time="0.065"/>
  <testcase name="runMozillaTest[6096, js=testsrc/tests/js1_5/Array/regress-350256-02.js, opt=9]" classname="org.mozilla.javascript.tests.MozillaSuiteTest" time="0.583"/>
  <testcase name="runMozillaTest[6097, js=testsrc/tests/js1_5/Array/regress-360681-01.js, opt=9]" classname="org.mozilla.javascript.tests.MozillaSuiteTest" time="0.305"/>
  <testcase name="runMozillaTest[6098, js=testsrc/tests/js1_5/Array/regress-360681-02.js, opt=9]" classname="org.mozilla.javascript.tests.MozillaSuiteTest" time="0.638"/>
  <testcase name="runMozillaTest[6099, js=testsrc/tests/js1_5/Array/regress-364104.js, opt=9]" classname="org.mozilla.javascript.tests.MozillaSuiteTest" time="0.021"/>
  <testcase name="runMozillaTest[6100, js=testsrc/tests/js1_5/Array/regress-422286.js, opt=9]" classname="org.mozilla.javascript.tests.MozillaSuiteTest" time="0.016"/>
  <testcase name="runMozillaTest[6101, js=testsrc/tests/js1_5/Array/regress-424954.js, opt=9]" classname="org.mozilla.javascript.tests.MozillaSuiteTest" time="0.017"/>
  <testcase name="runMozillaTest[6102, js=testsrc/tests/js1_5/Array/regress-451483.js, opt=9]" classname="org.mozilla.javascript.tests.MozillaSuiteTest" time="0.002"/>
  <testcase name="runMozillaTest[6103, js=testsrc/tests/js1_5/Array/regress-451906.js, opt=9]" classname="org.mozilla.javascript.tests.MozillaSuiteTest" time="0.015"/>
  <testcase name="runMozillaTest[6104, js=testsrc/tests/js1_5/Array/regress-456845.js, opt=9]" classname="org.mozilla.javascript.tests.MozillaSuiteTest" time="0.236"/>
  <testcase name="runMozillaTest[6105, js=testsrc/tests/js1_5/Array/regress-465980-01.js, opt=9]" classname="org.mozilla.javascript.tests.MozillaSuiteTest" time="0.02"/>
  <testcase name="runMozillaTest[6106, js=testsrc/tests/js1_5/Array/regress-474529.js, opt=9]" classname="org.mozilla.javascript.tests.MozillaSuiteTest" time="1.444"/>
  <testcase name="runMozillaTest[6107, js=testsrc/tests/js1_5/Array/regress-94257.js, opt=9]" classname="org.mozilla.javascript.tests.MozillaSuiteTest" time="0.016"/>
  <testcase name="runMozillaTest[6108, js=testsrc/tests/js1_5/Date/regress-188211.js, opt=9]" classname="org.mozilla.javascript.tests.MozillaSuiteTest" time="0.003"/>
  <testcase name="runMozillaTest[6109, js=testsrc/tests/js1_5/Date/regress-301738-01.js, opt=9]" classname="org.mozilla.javascript.tests.MozillaSuiteTest" time="0.03"/>
  <testcase name="runMozillaTest[6110, js=testsrc/tests/js1_5/Date/regress-309925-01.js, opt=9]" classname="org.mozilla.javascript.tests.MozillaSuiteTest" time="0.006"/>
  <testcase name="runMozillaTest[6111, js=testsrc/tests/js1_5/Date/regress-346027.js, opt=9]" classname="org.mozilla.javascript.tests.MozillaSuiteTest" time="0.002"/>
  <testcase name="runMozillaTest[6112, js=testsrc/tests/js1_5/Error/regress-354246.js, opt=9]" classname="org.mozilla.javascript.tests.MozillaSuiteTest" time="0.023"/>
  <testcase name="runMozillaTest[6113, js=testsrc/tests/js1_5/Error/regress-412324.js, opt=9]" classname="org.mozilla.javascript.tests.MozillaSuiteTest" time="0.003"/>
  <testcase name="runMozillaTest[6114, js=testsrc/tests/js1_5/Error/regress-465377.js, opt=9]" classname="org.mozilla.javascript.tests.MozillaSuiteTest" time="0.015"/>
  <testcase name="runMozillaTest[6115, js=testsrc/tests/js1_5/Exceptions/catchguard-002-n.js, opt=9]" classname="org.mozilla.javascript.tests.MozillaSuiteTest" time="0.017"/>
  <testcase name="runMozillaTest[6116, js=testsrc/tests/js1_5/Exceptions/catchguard-003-n.js, opt=9]" classname="org.mozilla.javascript.tests.MozillaSuiteTest" time="0.012"/>
  <testcase name="runMozillaTest[6117, js=testsrc/tests/js1_5/Exceptions/regress-123002.js, opt=9]" classname="org.mozilla.javascript.tests.MozillaSuiteTest" time="0.008"/>
  <testcase name="runMozillaTest[6118, js=testsrc/tests/js1_5/Exceptions/regress-232182.js, opt=9]" classname="org.mozilla.javascript.tests.MozillaSuiteTest" time="0.028"/>
  <testcase name="runMozillaTest[6119, js=testsrc/tests/js1_5/Exceptions/regress-273931.js, opt=9]" classname="org.mozilla.javascript.tests.MozillaSuiteTest" time="0.004"/>
  <testcase name="runMozillaTest[6120, js=testsrc/tests/js1_5/Exceptions/regress-347674.js, opt=9]" classname="org.mozilla.javascript.tests.MozillaSuiteTest" time="0.024"/>
  <testcase name="runMozillaTest[6121, js=testsrc/tests/js1_5/Exceptions/regress-350837.js, opt=9]" classname="org.mozilla.javascript.tests.MozillaSuiteTest" time="0.032"/>
  <testcase name="runMozillaTest[6122, js=testsrc/tests/js1_5/Expressions/regress-192288.js, opt=9]" classname="org.mozilla.javascript.tests.MozillaSuiteTest" time="0.016"/>
  <testcase name="runMozillaTest[6123, js=testsrc/tests/js1_5/Expressions/regress-96526-argsub.js, opt=9]" classname="org.mozilla.javascript.tests.MozillaSuiteTest" time="0.004"/>
  <testcase name="runMozillaTest[6124, js=testsrc/tests/js1_5/Expressions/regress-96526-noargsub.js, opt=9]" classname="org.mozilla.javascript.tests.MozillaSuiteTest" time="0.03"/>
  <testcase name="runMozillaTest[6125, js=testsrc/tests/js1_5/Function/10.1.6.js, opt=9]" classname="org.mozilla.javascript.tests.MozillaSuiteTest" time="0.002"/>
  <testcase name="runMozillaTest[6126, js=testsrc/tests/js1_5/Function/15.3.4.4.js, opt=9]" classname="org.mozilla.javascript.tests.MozillaSuiteTest" time="0.015"/>
  <testcase name="runMozillaTest[6127, js=testsrc/tests/js1_5/Function/regress-123371.js, opt=9]" classname="org.mozilla.javascript.tests.MozillaSuiteTest" time="0.004"/>
  <testcase name="runMozillaTest[6128, js=testsrc/tests/js1_5/Function/regress-178389.js, opt=9]" classname="org.mozilla.javascript.tests.MozillaSuiteTest" time="0.026"/>
  <testcase name="runMozillaTest[6129, js=testsrc/tests/js1_5/Function/regress-292215.js, opt=9]" classname="org.mozilla.javascript.tests.MozillaSuiteTest" time="0.022"/>
  <testcase name="runMozillaTest[6130, js=testsrc/tests/js1_5/Function/regress-344052.js, opt=9]" classname="org.mozilla.javascript.tests.MozillaSuiteTest" time="0.011"/>
  <testcase name="runMozillaTest[6131, js=testsrc/tests/js1_5/Function/regress-364023.js, opt=9]" classname="org.mozilla.javascript.tests.MozillaSuiteTest" time="0.83"/>
  <testcase name="runMozillaTest[6132, js=testsrc/tests/js1_5/GC/regress-104584.js, opt=9]" classname="org.mozilla.javascript.tests.MozillaSuiteTest" time="0.47"/>
  <testcase name="runMozillaTest[6133, js=testsrc/tests/js1_5/GC/regress-203278-3.js, opt=9]" classname="org.mozilla.javascript.tests.MozillaSuiteTest" time="0.689"/>
  <testcase name="runMozillaTest[6134, js=testsrc/tests/js1_5/GC/regress-278725.js, opt=9]" classname="org.mozilla.javascript.tests.MozillaSuiteTest" time="1.93"/>
  <testcase name="runMozillaTest[6135, js=testsrc/tests/js1_5/GC/regress-306788.js, opt=9]" classname="org.mozilla.javascript.tests.MozillaSuiteTest" time="0.789"/>
  <testcase name="runMozillaTest[6136, js=testsrc/tests/js1_5/GC/regress-311497.js, opt=9]" classname="org.mozilla.javascript.tests.MozillaSuiteTest" time="1.92"/>
  <testcase name="runMozillaTest[6137, js=testsrc/tests/js1_5/GC/regress-313276.js, opt=9]" classname="org.mozilla.javascript.tests.MozillaSuiteTest" time="0.228"/>
  <testcase name="runMozillaTest[6138, js=testsrc/tests/js1_5/GC/regress-313479.js, opt=9]" classname="org.mozilla.javascript.tests.MozillaSuiteTest" time="0.22"/>
  <testcase name="runMozillaTest[6139, js=testsrc/tests/js1_5/GC/regress-316885-02.js, opt=9]" classname="org.mozilla.javascript.tests.MozillaSuiteTest" time="0.233"/>
  <testcase name="runMozillaTest[6140, js=testsrc/tests/js1_5/GC/regress-316885-03.js, opt=9]" classname="org.mozilla.javascript.tests.MozillaSuiteTest" time="0.222"/>
  <testcase name="runMozillaTest[6141, js=testsrc/tests/js1_5/GC/regress-319980-01.js, opt=9]" classname="org.mozilla.javascript.tests.MozillaSuiteTest" time="0.037"/>
  <testcase name="runMozillaTest[6142, js=testsrc/tests/js1_5/GC/regress-331719.js, opt=9]" classname="org.mozilla.javascript.tests.MozillaSuiteTest" time="0.008"/>
  <testcase name="runMozillaTest[6143, js=testsrc/tests/js1_5/GC/regress-341877-01.js, opt=9]" classname="org.mozilla.javascript.tests.MozillaSuiteTest" time="0.357"/>
  <testcase name="runMozillaTest[6144, js=testsrc/tests/js1_5/GC/regress-341877-02.js, opt=9]" classname="org.mozilla.javascript.tests.MozillaSuiteTest" time="0.354"/>
  <testcase name="runMozillaTest[6145, js=testsrc/tests/js1_5/GC/regress-352606.js, opt=9]" classname="org.mozilla.javascript.tests.MozillaSuiteTest" time="0.205"/>
  <testcase name="runMozillaTest[6146, js=testsrc/tests/js1_5/GC/regress-383269-01.js, opt=9]" classname="org.mozilla.javascript.tests.MozillaSuiteTest" time="1.395"/>
  <testcase name="runMozillaTest[6147, js=testsrc/tests/js1_5/GC/regress-383269-02.js, opt=9]" classname="org.mozilla.javascript.tests.MozillaSuiteTest" time="1.38"/>
  <testcase name="runMozillaTest[6148, js=testsrc/tests/js1_5/GC/regress-390078.js, opt=9]" classname="org.mozilla.javascript.tests.MozillaSuiteTest" time="0.32"/>
  <testcase name="runMozillaTest[6149, js=testsrc/tests/js1_5/GC/regress-418128.js, opt=9]" classname="org.mozilla.javascript.tests.MozillaSuiteTest" time="0.361"/>
  <testcase name="runMozillaTest[6150, js=testsrc/tests/js1_5/GC/regress-440558.js, opt=9]" classname="org.mozilla.javascript.tests.MozillaSuiteTest" time="0.036"/>
  <testcase name="runMozillaTest[6151, js=testsrc/tests/js1_5/GetSet/regress-375976.js, opt=9]" classname="org.mozilla.javascript.tests.MozillaSuiteTest" time="0.46"/>
  <testcase name="runMozillaTest[6152, js=testsrc/tests/js1_5/LexicalConventions/lexical-001.js, opt=9]" classname="org.mozilla.javascript.tests.MozillaSuiteTest" time="0.042"/>
  <testcase name="runMozillaTest[6153, js=testsrc/tests/js1_5/LexicalConventions/regress-177314.js, opt=9]" classname="org.mozilla.javascript.tests.MozillaSuiteTest" time="0.021"/>
  <testcase name="runMozillaTest[6154, js=testsrc/tests/js1_5/LexicalConventions/regress-469940.js, opt=9]" classname="org.mozilla.javascript.tests.MozillaSuiteTest" time="0.003"/>
  <testcase name="runMozillaTest[6155, js=testsrc/tests/js1_5/Object/regress-137000.js, opt=9]" classname="org.mozilla.javascript.tests.MozillaSuiteTest" time="0.033"/>
  <testcase name="runMozillaTest[6156, js=testsrc/tests/js1_5/Object/regress-192105.js, opt=9]" classname="org.mozilla.javascript.tests.MozillaSuiteTest" time="0.023"/>
  <testcase name="runMozillaTest[6157, js=testsrc/tests/js1_5/Object/regress-338709.js, opt=9]" classname="org.mozilla.javascript.tests.MozillaSuiteTest" time="0.02"/>
  <testcase name="runMozillaTest[6158, js=testsrc/tests/js1_5/Object/regress-382503.js, opt=9]" classname="org.mozilla.javascript.tests.MozillaSuiteTest" time="0.021"/>
  <testcase name="runMozillaTest[6159, js=testsrc/tests/js1_5/Object/regress-382532.js, opt=9]" classname="org.mozilla.javascript.tests.MozillaSuiteTest" time="0.003"/>
  <testcase name="runMozillaTest[6160, js=testsrc/tests/js1_5/Object/regress-465476.js, opt=9]" classname="org.mozilla.javascript.tests.MozillaSuiteTest" time="0.003"/>
  <testcase name="runMozillaTest[6161, js=testsrc/tests/js1_5/Object/regress-90596-003.js, opt=9]" classname="org.mozilla.javascript.tests.MozillaSuiteTest" time="0.054"/>
  <testcase name="runMozillaTest[6162, js=testsrc/tests/js1_5/Regress/regress-102725.js, opt=9]" classname="org.mozilla.javascript.tests.MozillaSuiteTest" time="0.022"/>
  <testcase name="runMozillaTest[6163, js=testsrc/tests/js1_5/Regress/regress-10278.js, opt=9]" classname="org.mozilla.javascript.tests.MozillaSuiteTest" time="0.003"/>
  <testcase name="runMozillaTest[6164, js=testsrc/tests/js1_5/Regress/regress-104077.js, opt=9]" classname="org.mozilla.javascript.tests.MozillaSuiteTest" time="0.051"/>
  <testcase name="runMozillaTest[6165, js=testsrc/tests/js1_5/Regress/regress-110286.js, opt=9]" classname="org.mozilla.javascript.tests.MozillaSuiteTest" time="0.043"/>
  <testcase name="runMozillaTest[6166, js=testsrc/tests/js1_5/Regress/regress-114491.js, opt=9]" classname="org.mozilla.javascript.tests.MozillaSuiteTest" time="0.004"/>
  <testcase name="runMozillaTest[6167, js=testsrc/tests/js1_5/Regress/regress-114493.js, opt=9]" classname="org.mozilla.javascript.tests.MozillaSuiteTest" time="0.007"/>
  <testcase name="runMozillaTest[6168, js=testsrc/tests/js1_5/Regress/regress-115436.js, opt=9]" classname="org.mozilla.javascript.tests.MozillaSuiteTest" time="0.022"/>
  <testcase name="runMozillaTest[6169, js=testsrc/tests/js1_5/Regress/regress-116228.js, opt=9]" classname="org.mozilla.javascript.tests.MozillaSuiteTest" time="0.008"/>
  <testcase name="runMozillaTest[6170, js=testsrc/tests/js1_5/Regress/regress-118849.js, opt=9]" classname="org.mozilla.javascript.tests.MozillaSuiteTest" time="0.016"/>
  <testcase name="runMozillaTest[6171, js=testsrc/tests/js1_5/Regress/regress-127243.js, opt=9]" classname="org.mozilla.javascript.tests.MozillaSuiteTest" time="0.043"/>
  <testcase name="runMozillaTest[6172, js=testsrc/tests/js1_5/Regress/regress-127557.js, opt=9]" classname="org.mozilla.javascript.tests.MozillaSuiteTest" time="0.005"/>
  <testcase name="runMozillaTest[6173, js=testsrc/tests/js1_5/Regress/regress-131510-001.js, opt=9]" classname="org.mozilla.javascript.tests.MozillaSuiteTest" time="0.005"/>
  <testcase name="runMozillaTest[6174, js=testsrc/tests/js1_5/Regress/regress-139316.js, opt=9]" classname="org.mozilla.javascript.tests.MozillaSuiteTest" time="0.029"/>
  <testcase name="runMozillaTest[6175, js=testsrc/tests/js1_5/Regress/regress-140852.js, opt=9]" classname="org.mozilla.javascript.tests.MozillaSuiteTest" time="0.003"/>
  <testcase name="runMozillaTest[6176, js=testsrc/tests/js1_5/Regress/regress-140974.js, opt=9]" classname="org.mozilla.javascript.tests.MozillaSuiteTest" time="0.015"/>
  <testcase name="runMozillaTest[6177, js=testsrc/tests/js1_5/Regress/regress-146596.js, opt=9]" classname="org.mozilla.javascript.tests.MozillaSuiteTest" time="0.039"/>
  <testcase name="runMozillaTest[6178, js=testsrc/tests/js1_5/Regress/regress-152646.js, opt=9]" classname="org.mozilla.javascript.tests.MozillaSuiteTest" time="0.005"/>
  <testcase name="runMozillaTest[6179, js=testsrc/tests/js1_5/Regress/regress-156354.js, opt=9]" classname="org.mozilla.javascript.tests.MozillaSuiteTest" time="0.03"/>
  <testcase name="runMozillaTest[6180, js=testsrc/tests/js1_5/Regress/regress-159334.js, opt=9]" classname="org.mozilla.javascript.tests.MozillaSuiteTest" time="1.219"/>
  <testcase name="runMozillaTest[6181, js=testsrc/tests/js1_5/Regress/regress-162392.js, opt=9]" classname="org.mozilla.javascript.tests.MozillaSuiteTest" time="0.031"/>
  <testcase name="runMozillaTest[6182, js=testsrc/tests/js1_5/Regress/regress-165201.js, opt=9]" classname="org.mozilla.javascript.tests.MozillaSuiteTest" time="0.013"/>
  <testcase name="runMozillaTest[6183, js=testsrc/tests/js1_5/Regress/regress-167658.js, opt=9]" classname="org.mozilla.javascript.tests.MozillaSuiteTest" time="0.023"/>
  <testcase name="runMozillaTest[6184, js=testsrc/tests/js1_5/Regress/regress-168347.js, opt=9]" classname="org.mozilla.javascript.tests.MozillaSuiteTest" time="0.022"/>
  <testcase name="runMozillaTest[6185, js=testsrc/tests/js1_5/Regress/regress-170193.js, opt=9]" classname="org.mozilla.javascript.tests.MozillaSuiteTest" time="0.003"/>
  <testcase name="runMozillaTest[6186, js=testsrc/tests/js1_5/Regress/regress-174709.js, opt=9]" classname="org.mozilla.javascript.tests.MozillaSuiteTest" time="0.071"/>
  <testcase name="runMozillaTest[6187, js=testsrc/tests/js1_5/Regress/regress-176125.js, opt=9]" classname="org.mozilla.javascript.tests.MozillaSuiteTest" time="0.004"/>
  <testcase name="runMozillaTest[6188, js=testsrc/tests/js1_5/Regress/regress-179524.js, opt=9]" classname="org.mozilla.javascript.tests.MozillaSuiteTest" time="0.034"/>
  <testcase name="runMozillaTest[6189, js=testsrc/tests/js1_5/Regress/regress-185165.js, opt=9]" classname="org.mozilla.javascript.tests.MozillaSuiteTest" time="0.032"/>
  <testcase name="runMozillaTest[6190, js=testsrc/tests/js1_5/Regress/regress-191633.js, opt=9]" classname="org.mozilla.javascript.tests.MozillaSuiteTest" time="0.051"/>
  <testcase name="runMozillaTest[6191, js=testsrc/tests/js1_5/Regress/regress-191668.js, opt=9]" classname="org.mozilla.javascript.tests.MozillaSuiteTest" time="0.065"/>
  <testcase name="runMozillaTest[6192, js=testsrc/tests/js1_5/Regress/regress-192414.js, opt=9]" classname="org.mozilla.javascript.tests.MozillaSuiteTest" time="0.039"/>
  <testcase name="runMozillaTest[6193, js=testsrc/tests/js1_5/Regress/regress-193418.js, opt=9]" classname="org.mozilla.javascript.tests.MozillaSuiteTest" time="0.012"/>
  <testcase name="runMozillaTest[6194, js=testsrc/tests/js1_5/Regress/regress-203402.js, opt=9]" classname="org.mozilla.javascript.tests.MozillaSuiteTest" time="0.03"/>
  <testcase name="runMozillaTest[6195, js=testsrc/tests/js1_5/Regress/regress-203841.js, opt=9]" classname="org.mozilla.javascript.tests.MozillaSuiteTest" time="0.014"/>
  <testcase name="runMozillaTest[6196, js=testsrc/tests/js1_5/Regress/regress-204210.js, opt=9]" classname="org.mozilla.javascript.tests.MozillaSuiteTest" time="0.018"/>
  <testcase name="runMozillaTest[6197, js=testsrc/tests/js1_5/Regress/regress-210682.js, opt=9]" classname="org.mozilla.javascript.tests.MozillaSuiteTest" time="0.009"/>
  <testcase name="runMozillaTest[6198, js=testsrc/tests/js1_5/Regress/regress-211590.js, opt=9]" classname="org.mozilla.javascript.tests.MozillaSuiteTest" time="0.071"/>
  <testcase name="runMozillaTest[6199, js=testsrc/tests/js1_5/Regress/regress-214761.js, opt=9]" classname="org.mozilla.javascript.tests.MozillaSuiteTest" time="0.003"/>
  <testcase name="runMozillaTest[6200, js=testsrc/tests/js1_5/Regress/regress-216320.js, opt=9]" classname="org.mozilla.javascript.tests.MozillaSuiteTest" time="0.127"/>
  <testcase name="runMozillaTest[6201, js=testsrc/tests/js1_5/Regress/regress-224956.js, opt=9]" classname="org.mozilla.javascript.tests.MozillaSuiteTest" time="0.039"/>
  <testcase name="runMozillaTest[6202, js=testsrc/tests/js1_5/Regress/regress-229006.js, opt=9]" classname="org.mozilla.javascript.tests.MozillaSuiteTest" time="0.027"/>
  <testcase name="runMozillaTest[6203, js=testsrc/tests/js1_5/Regress/regress-230216-1.js, opt=9]" classname="org.mozilla.javascript.tests.MozillaSuiteTest" time="0.014"/>
  <testcase name="runMozillaTest[6204, js=testsrc/tests/js1_5/Regress/regress-230216-2.js, opt=9]" classname="org.mozilla.javascript.tests.MozillaSuiteTest" time="0.003"/>
  <testcase name="runMozillaTest[6205, js=testsrc/tests/js1_5/Regress/regress-230216-3.js, opt=9]" classname="org.mozilla.javascript.tests.MozillaSuiteTest" time="0.015"/>
  <testcase name="runMozillaTest[6206, js=testsrc/tests/js1_5/Regress/regress-233483-2.js, opt=9]" classname="org.mozilla.javascript.tests.MozillaSuiteTest" time="0.017"/>
  <testcase name="runMozillaTest[6207, js=testsrc/tests/js1_5/Regress/regress-233483.js, opt=9]" classname="org.mozilla.javascript.tests.MozillaSuiteTest" time="0.003"/>
  <testcase name="runMozillaTest[6208, js=testsrc/tests/js1_5/Regress/regress-238881.js, opt=9]" classname="org.mozilla.javascript.tests.MozillaSuiteTest" time="0.038"/>
  <testcase name="runMozillaTest[6209, js=testsrc/tests/js1_5/Regress/regress-238945.js, opt=9]" classname="org.mozilla.javascript.tests.MozillaSuiteTest" time="0.003"/>
  <testcase name="runMozillaTest[6210, js=testsrc/tests/js1_5/Regress/regress-243174.js, opt=9]" classname="org.mozilla.javascript.tests.MozillaSuiteTest" time="0.03"/>
  <testcase name="runMozillaTest[6211, js=testsrc/tests/js1_5/Regress/regress-243389-n.js, opt=9]" classname="org.mozilla.javascript.tests.MozillaSuiteTest" time="0.002"/>
  <testcase name="runMozillaTest[6212, js=testsrc/tests/js1_5/Regress/regress-243869.js, opt=9]" classname="org.mozilla.javascript.tests.MozillaSuiteTest" time="0.003"/>
  <testcase name="runMozillaTest[6213, js=testsrc/tests/js1_5/Regress/regress-244619.js, opt=9]" classname="org.mozilla.javascript.tests.MozillaSuiteTest" time="0.013"/>
  <testcase name="runMozillaTest[6214, js=testsrc/tests/js1_5/Regress/regress-245113.js, opt=9]" classname="org.mozilla.javascript.tests.MozillaSuiteTest" time="0.02"/>
  <testcase name="runMozillaTest[6215, js=testsrc/tests/js1_5/Regress/regress-245308.js, opt=9]" classname="org.mozilla.javascript.tests.MozillaSuiteTest" time="0.012"/>
  <testcase name="runMozillaTest[6216, js=testsrc/tests/js1_5/Regress/regress-246911.js, opt=9]" classname="org.mozilla.javascript.tests.MozillaSuiteTest" time="0.012"/>
  <testcase name="runMozillaTest[6217, js=testsrc/tests/js1_5/Regress/regress-246964.js, opt=9]" classname="org.mozilla.javascript.tests.MozillaSuiteTest" time="0.024"/>
  <testcase name="runMozillaTest[6218, js=testsrc/tests/js1_5/Regress/regress-247179.js, opt=9]" classname="org.mozilla.javascript.tests.MozillaSuiteTest" time="0.002"/>
  <testcase name="runMozillaTest[6219, js=testsrc/tests/js1_5/Regress/regress-248444.js, opt=9]" classname="org.mozilla.javascript.tests.MozillaSuiteTest" time="0.024"/>
  <testcase name="runMozillaTest[6220, js=testsrc/tests/js1_5/Regress/regress-253150.js, opt=9]" classname="org.mozilla.javascript.tests.MozillaSuiteTest" time="0.009"/>
  <testcase name="runMozillaTest[6221, js=testsrc/tests/js1_5/Regress/regress-254296.js, opt=9]" classname="org.mozilla.javascript.tests.MozillaSuiteTest" time="0.002"/>
  <testcase name="runMozillaTest[6222, js=testsrc/tests/js1_5/Regress/regress-254974.js, opt=9]" classname="org.mozilla.javascript.tests.MozillaSuiteTest" time="0.014"/>
  <testcase name="runMozillaTest[6223, js=testsrc/tests/js1_5/Regress/regress-256501.js, opt=9]" classname="org.mozilla.javascript.tests.MozillaSuiteTest" time="1.688"/>
  <testcase name="runMozillaTest[6224, js=testsrc/tests/js1_5/Regress/regress-256617.js, opt=9]" classname="org.mozilla.javascript.tests.MozillaSuiteTest" time="0.012"/>
  <testcase name="runMozillaTest[6225, js=testsrc/tests/js1_5/Regress/regress-256798.js, opt=9]" classname="org.mozilla.javascript.tests.MozillaSuiteTest" time="0.03"/>
  <testcase name="runMozillaTest[6226, js=testsrc/tests/js1_5/Regress/regress-259935.js, opt=9]" classname="org.mozilla.javascript.tests.MozillaSuiteTest" time="0.002"/>
  <testcase name="runMozillaTest[6227, js=testsrc/tests/js1_5/Regress/regress-260541.js, opt=9]" classname="org.mozilla.javascript.tests.MozillaSuiteTest" time="0.029"/>
  <testcase name="runMozillaTest[6228, js=testsrc/tests/js1_5/Regress/regress-261886.js, opt=9]" classname="org.mozilla.javascript.tests.MozillaSuiteTest" time="0.011"/>
  <testcase name="runMozillaTest[6229, js=testsrc/tests/js1_5/Regress/regress-261887.js, opt=9]" classname="org.mozilla.javascript.tests.MozillaSuiteTest" time="0.002"/>
  <testcase name="runMozillaTest[6230, js=testsrc/tests/js1_5/Regress/regress-274035.js, opt=9]" classname="org.mozilla.javascript.tests.MozillaSuiteTest" time="0.003"/>
  <testcase name="runMozillaTest[6231, js=testsrc/tests/js1_5/Regress/regress-274888.js, opt=9]" classname="org.mozilla.javascript.tests.MozillaSuiteTest" time="0.053"/>
  <testcase name="runMozillaTest[6232, js=testsrc/tests/js1_5/Regress/regress-275378.js, opt=9]" classname="org.mozilla.javascript.tests.MozillaSuiteTest" time="0.013"/>
  <testcase name="runMozillaTest[6233, js=testsrc/tests/js1_5/Regress/regress-276103.js, opt=9]" classname="org.mozilla.javascript.tests.MozillaSuiteTest" time="0.008"/>
  <testcase name="runMozillaTest[6234, js=testsrc/tests/js1_5/Regress/regress-278873.js, opt=9]" classname="org.mozilla.javascript.tests.MozillaSuiteTest" time="0.013"/>
  <testcase name="runMozillaTest[6235, js=testsrc/tests/js1_5/Regress/regress-280769-3.js, opt=9]" classname="org.mozilla.javascript.tests.MozillaSuiteTest" time="0.402"/>
  <testcase name="runMozillaTest[6236, js=testsrc/tests/js1_5/Regress/regress-280769-4.js, opt=9]" classname="org.mozilla.javascript.tests.MozillaSuiteTest" time="0.175"/>
  <testcase name="runMozillaTest[6237, js=testsrc/tests/js1_5/Regress/regress-281487.js, opt=9]" classname="org.mozilla.javascript.tests.MozillaSuiteTest" time="0.002"/>
  <testcase name="runMozillaTest[6238, js=testsrc/tests/js1_5/Regress/regress-281930.js, opt=9]" classname="org.mozilla.javascript.tests.MozillaSuiteTest" time="0.018"/>
  <testcase name="runMozillaTest[6239, js=testsrc/tests/js1_5/Regress/regress-283477.js, opt=9]" classname="org.mozilla.javascript.tests.MozillaSuiteTest" time="0.003"/>
  <testcase name="runMozillaTest[6240, js=testsrc/tests/js1_5/Regress/regress-286216.js, opt=9]" classname="org.mozilla.javascript.tests.MozillaSuiteTest" time="0.013"/>
  <testcase name="runMozillaTest[6241, js=testsrc/tests/js1_5/Regress/regress-288688.js, opt=9]" classname="org.mozilla.javascript.tests.MozillaSuiteTest" time="0.005"/>
  <testcase name="runMozillaTest[6242, js=testsrc/tests/js1_5/Regress/regress-289094.js, opt=9]" classname="org.mozilla.javascript.tests.MozillaSuiteTest" time="0.02"/>
  <testcase name="runMozillaTest[6243, js=testsrc/tests/js1_5/Regress/regress-290656.js, opt=9]" classname="org.mozilla.javascript.tests.MozillaSuiteTest" time="0.018"/>
  <testcase name="runMozillaTest[6244, js=testsrc/tests/js1_5/Regress/regress-294191.js, opt=9]" classname="org.mozilla.javascript.tests.MozillaSuiteTest" time="0.022"/>
  <testcase name="runMozillaTest[6245, js=testsrc/tests/js1_5/Regress/regress-294195-01.js, opt=9]" classname="org.mozilla.javascript.tests.MozillaSuiteTest" time="0.002"/>
  <testcase name="runMozillaTest[6246, js=testsrc/tests/js1_5/Regress/regress-294195-02.js, opt=9]" classname="org.mozilla.javascript.tests.MozillaSuiteTest" time="0.002"/>
  <testcase name="runMozillaTest[6247, js=testsrc/tests/js1_5/Regress/regress-294302.js, opt=9]" classname="org.mozilla.javascript.tests.MozillaSuiteTest" time="0.024"/>
  <testcase name="runMozillaTest[6248, js=testsrc/tests/js1_5/Regress/regress-295052.js, opt=9]" classname="org.mozilla.javascript.tests.MozillaSuiteTest" time="0.002"/>
  <testcase name="runMozillaTest[6249, js=testsrc/tests/js1_5/Regress/regress-295666.js, opt=9]" classname="org.mozilla.javascript.tests.MozillaSuiteTest" time="0.008"/>
  <testcase name="runMozillaTest[6250, js=testsrc/tests/js1_5/Regress/regress-299209.js, opt=9]" classname="org.mozilla.javascript.tests.MozillaSuiteTest" time="0.049"/>
  <testcase name="runMozillaTest[6251, js=testsrc/tests/js1_5/Regress/regress-299641.js, opt=9]" classname="org.mozilla.javascript.tests.MozillaSuiteTest" time="0.03"/>
  <testcase name="runMozillaTest[6252, js=testsrc/tests/js1_5/Regress/regress-306633.js, opt=9]" classname="org.mozilla.javascript.tests.MozillaSuiteTest" time="0.002"/>
  <testcase name="runMozillaTest[6253, js=testsrc/tests/js1_5/Regress/regress-306727.js, opt=9]" classname="org.mozilla.javascript.tests.MozillaSuiteTest" time="0.003"/>
  <testcase name="runMozillaTest[6254, js=testsrc/tests/js1_5/Regress/regress-306794.js, opt=9]" classname="org.mozilla.javascript.tests.MozillaSuiteTest" time="0.013"/>
  <testcase name="runMozillaTest[6255, js=testsrc/tests/js1_5/Regress/regress-308566.js, opt=9]" classname="org.mozilla.javascript.tests.MozillaSuiteTest" time="0.031"/>
  <testcase name="runMozillaTest[6256, js=testsrc/tests/js1_5/Regress/regress-310295.js, opt=9]" classname="org.mozilla.javascript.tests.MozillaSuiteTest" time="0.004"/>
  <testcase name="runMozillaTest[6257, js=testsrc/tests/js1_5/Regress/regress-310607.js, opt=9]" classname="org.mozilla.javascript.tests.MozillaSuiteTest" time="0.01"/>
  <testcase name="runMozillaTest[6258, js=testsrc/tests/js1_5/Regress/regress-310993.js, opt=9]" classname="org.mozilla.javascript.tests.MozillaSuiteTest" time="0.008"/>
  <testcase name="runMozillaTest[6259, js=testsrc/tests/js1_5/Regress/regress-311071.js, opt=9]" classname="org.mozilla.javascript.tests.MozillaSuiteTest" time="0.009"/>
  <testcase name="runMozillaTest[6260, js=testsrc/tests/js1_5/Regress/regress-311629.js, opt=9]" classname="org.mozilla.javascript.tests.MozillaSuiteTest" time="0.043"/>
  <testcase name="runMozillaTest[6261, js=testsrc/tests/js1_5/Regress/regress-312260.js, opt=9]" classname="org.mozilla.javascript.tests.MozillaSuiteTest" time="0.029"/>
  <testcase name="runMozillaTest[6262, js=testsrc/tests/js1_5/Regress/regress-31255.js, opt=9]" classname="org.mozilla.javascript.tests.MozillaSuiteTest" time="0.007"/>
  <testcase name="runMozillaTest[6263, js=testsrc/tests/js1_5/Regress/regress-314401.js, opt=9]" classname="org.mozilla.javascript.tests.MozillaSuiteTest" time="0.009"/>
  <testcase name="runMozillaTest[6264, js=testsrc/tests/js1_5/Regress/regress-315990.js, opt=9]" classname="org.mozilla.javascript.tests.MozillaSuiteTest" time="0.021"/>
  <testcase name="runMozillaTest[6265, js=testsrc/tests/js1_5/Regress/regress-317476.js, opt=9]" classname="org.mozilla.javascript.tests.MozillaSuiteTest" time="0.002"/>
  <testcase name="runMozillaTest[6266, js=testsrc/tests/js1_5/Regress/regress-317714-01.js, opt=9]" classname="org.mozilla.javascript.tests.MozillaSuiteTest" time="0.002"/>
  <testcase name="runMozillaTest[6267, js=testsrc/tests/js1_5/Regress/regress-317714-02.js, opt=9]" classname="org.mozilla.javascript.tests.MozillaSuiteTest" time="0.014"/>
  <testcase name="runMozillaTest[6268, js=testsrc/tests/js1_5/Regress/regress-319384.js, opt=9]" classname="org.mozilla.javascript.tests.MozillaSuiteTest" time="0.01"/>
  <testcase name="runMozillaTest[6269, js=testsrc/tests/js1_5/Regress/regress-319391.js, opt=9]" classname="org.mozilla.javascript.tests.MozillaSuiteTest" time="0.041"/>
  <testcase name="runMozillaTest[6270, js=testsrc/tests/js1_5/Regress/regress-320032.js, opt=9]" classname="org.mozilla.javascript.tests.MozillaSuiteTest" time="0.003"/>
  <testcase name="runMozillaTest[6271, js=testsrc/tests/js1_5/Regress/regress-321757.js, opt=9]" classname="org.mozilla.javascript.tests.MozillaSuiteTest" time="0.018"/>
  <testcase name="runMozillaTest[6272, js=testsrc/tests/js1_5/Regress/regress-321874.js, opt=9]" classname="org.mozilla.javascript.tests.MozillaSuiteTest" time="0.037"/>
  <testcase name="runMozillaTest[6273, js=testsrc/tests/js1_5/Regress/regress-321971.js, opt=9]" classname="org.mozilla.javascript.tests.MozillaSuiteTest" time="1.72"/>
  <testcase name="runMozillaTest[6274, js=testsrc/tests/js1_5/Regress/regress-322430.js, opt=9]" classname="org.mozilla.javascript.tests.MozillaSuiteTest" time="0.012"/>
  <testcase name="runMozillaTest[6275, js=testsrc/tests/js1_5/Regress/regress-325925.js, opt=9]" classname="org.mozilla.javascript.tests.MozillaSuiteTest" time="0.027"/>
  <testcase name="runMozillaTest[6276, js=testsrc/tests/js1_5/Regress/regress-326453.js, opt=9]" classname="org.mozilla.javascript.tests.MozillaSuiteTest" time="0.003"/>
  <testcase name="runMozillaTest[6277, js=testsrc/tests/js1_5/Regress/regress-326467.js, opt=9]" classname="org.mozilla.javascript.tests.MozillaSuiteTest" time="0.002"/>
  <testcase name="runMozillaTest[6278, js=testsrc/tests/js1_5/Regress/regress-328012.js, opt=9]" classname="org.mozilla.javascript.tests.MozillaSuiteTest" time="0.026"/>
  <testcase name="runMozillaTest[6279, js=testsrc/tests/js1_5/Regress/regress-328897.js, opt=9]" classname="org.mozilla.javascript.tests.MozillaSuiteTest" time="0.003"/>
  <testcase name="runMozillaTest[6280, js=testsrc/tests/js1_5/Regress/regress-329383.js, opt=9]" classname="org.mozilla.javascript.tests.MozillaSuiteTest" time="0.013"/>
  <testcase name="runMozillaTest[6281, js=testsrc/tests/js1_5/Regress/regress-330951.js, opt=9]" classname="org.mozilla.javascript.tests.MozillaSuiteTest" time="0.003"/>
  <testcase name="runMozillaTest[6282, js=testsrc/tests/js1_5/Regress/regress-334807-01.js, opt=9]" classname="org.mozilla.javascript.tests.MozillaSuiteTest" time="0.126"/>
  <testcase name="runMozillaTest[6283, js=testsrc/tests/js1_5/Regress/regress-334807-02.js, opt=9]" classname="org.mozilla.javascript.tests.MozillaSuiteTest" time="0.01"/>
  <testcase name="runMozillaTest[6284, js=testsrc/tests/js1_5/Regress/regress-334807-03.js, opt=9]" classname="org.mozilla.javascript.tests.MozillaSuiteTest" time="0.017"/>
  <testcase name="runMozillaTest[6285, js=testsrc/tests/js1_5/Regress/regress-334807-04.js, opt=9]" classname="org.mozilla.javascript.tests.MozillaSuiteTest" time="0.019"/>
  <testcase name="runMozillaTest[6286, js=testsrc/tests/js1_5/Regress/regress-334807-05.js, opt=9]" classname="org.mozilla.javascript.tests.MozillaSuiteTest" time="0.003"/>
  <testcase name="runMozillaTest[6287, js=testsrc/tests/js1_5/Regress/regress-334807-06.js, opt=9]" classname="org.mozilla.javascript.tests.MozillaSuiteTest" time="0.011"/>
  <testcase name="runMozillaTest[6288, js=testsrc/tests/js1_5/Regress/regress-338307.js, opt=9]" classname="org.mozilla.javascript.tests.MozillaSuiteTest" time="0.003"/>
  <testcase name="runMozillaTest[6289, js=testsrc/tests/js1_5/Regress/regress-340369.js, opt=9]" classname="org.mozilla.javascript.tests.MozillaSuiteTest" time="0.032"/>
  <testcase name="runMozillaTest[6290, js=testsrc/tests/js1_5/Regress/regress-341360.js, opt=9]" classname="org.mozilla.javascript.tests.MozillaSuiteTest" time="0.003"/>
  <testcase name="runMozillaTest[6291, js=testsrc/tests/js1_5/Regress/regress-343713.js, opt=9]" classname="org.mozilla.javascript.tests.MozillaSuiteTest" time="0.002"/>
  <testcase name="runMozillaTest[6292, js=testsrc/tests/js1_5/Regress/regress-343966.js, opt=9]" classname="org.mozilla.javascript.tests.MozillaSuiteTest" time="0.016"/>
  <testcase name="runMozillaTest[6293, js=testsrc/tests/js1_5/Regress/regress-344711-n.js, opt=9]" classname="org.mozilla.javascript.tests.MozillaSuiteTest" time="0.02"/>
  <testcase name="runMozillaTest[6294, js=testsrc/tests/js1_5/Regress/regress-344804.js, opt=9]" classname="org.mozilla.javascript.tests.MozillaSuiteTest" time="0.003"/>
  <testcase name="runMozillaTest[6295, js=testsrc/tests/js1_5/Regress/regress-344959.js, opt=9]" classname="org.mozilla.javascript.tests.MozillaSuiteTest" time="0.009"/>
  <testcase name="runMozillaTest[6296, js=testsrc/tests/js1_5/Regress/regress-346237.js, opt=9]" classname="org.mozilla.javascript.tests.MozillaSuiteTest" time="0.015"/>
  <testcase name="runMozillaTest[6297, js=testsrc/tests/js1_5/Regress/regress-346801.js, opt=9]" classname="org.mozilla.javascript.tests.MozillaSuiteTest" time="0.039"/>
  <testcase name="runMozillaTest[6298, js=testsrc/tests/js1_5/Regress/regress-349482-01.js, opt=9]" classname="org.mozilla.javascript.tests.MozillaSuiteTest" time="0.003"/>
  <testcase name="runMozillaTest[6299, js=testsrc/tests/js1_5/Regress/regress-349482-02.js, opt=9]" classname="org.mozilla.javascript.tests.MozillaSuiteTest" time="0.013"/>
  <testcase name="runMozillaTest[6300, js=testsrc/tests/js1_5/Regress/regress-349592.js, opt=9]" classname="org.mozilla.javascript.tests.MozillaSuiteTest" time="0.017"/>
  <testcase name="runMozillaTest[6301, js=testsrc/tests/js1_5/Regress/regress-350253.js, opt=9]" classname="org.mozilla.javascript.tests.MozillaSuiteTest" time="0.002"/>
  <testcase name="runMozillaTest[6302, js=testsrc/tests/js1_5/Regress/regress-350312.js, opt=9]" classname="org.mozilla.javascript.tests.MozillaSuiteTest" time="0.022"/>
  <testcase name="runMozillaTest[6303, js=testsrc/tests/js1_5/Regress/regress-350415.js, opt=9]" classname="org.mozilla.javascript.tests.MozillaSuiteTest" time="0.003"/>
  <testcase name="runMozillaTest[6304, js=testsrc/tests/js1_5/Regress/regress-350529.js, opt=9]" classname="org.mozilla.javascript.tests.MozillaSuiteTest" time="0.01"/>
  <testcase name="runMozillaTest[6305, js=testsrc/tests/js1_5/Regress/regress-351116.js, opt=9]" classname="org.mozilla.javascript.tests.MozillaSuiteTest" time="0.042"/>
  <testcase name="runMozillaTest[6306, js=testsrc/tests/js1_5/Regress/regress-351515.js, opt=9]" classname="org.mozilla.javascript.tests.MozillaSuiteTest" time="0.003"/>
  <testcase name="runMozillaTest[6307, js=testsrc/tests/js1_5/Regress/regress-352009.js, opt=9]" classname="org.mozilla.javascript.tests.MozillaSuiteTest" time="0.002"/>
  <testcase name="runMozillaTest[6308, js=testsrc/tests/js1_5/Regress/regress-352208.js, opt=9]" classname="org.mozilla.javascript.tests.MozillaSuiteTest" time="0.026"/>
  <testcase name="runMozillaTest[6309, js=testsrc/tests/js1_5/Regress/regress-355829-01.js, opt=9]" classname="org.mozilla.javascript.tests.MozillaSuiteTest" time="0.009"/>
  <testcase name="runMozillaTest[6310, js=testsrc/tests/js1_5/Regress/regress-355829-02.js, opt=9]" classname="org.mozilla.javascript.tests.MozillaSuiteTest" time="0.003"/>
  <testcase name="runMozillaTest[6311, js=testsrc/tests/js1_5/Regress/regress-355829-03.js, opt=9]" classname="org.mozilla.javascript.tests.MozillaSuiteTest" time="0.019"/>
  <testcase name="runMozillaTest[6312, js=testsrc/tests/js1_5/Regress/regress-356250.js, opt=9]" classname="org.mozilla.javascript.tests.MozillaSuiteTest" time="0.038"/>
  <testcase name="runMozillaTest[6313, js=testsrc/tests/js1_5/Regress/regress-360969-01.js, opt=9]" classname="org.mozilla.javascript.tests.MozillaSuiteTest" time="2.03"/>
  <testcase name="runMozillaTest[6314, js=testsrc/tests/js1_5/Regress/regress-360969-02.js, opt=9]" classname="org.mozilla.javascript.tests.MozillaSuiteTest" time="2.011"/>
  <testcase name="runMozillaTest[6315, js=testsrc/tests/js1_5/Regress/regress-360969-03.js, opt=9]" classname="org.mozilla.javascript.tests.MozillaSuiteTest" time="3.42"/>
  <testcase name="runMozillaTest[6316, js=testsrc/tests/js1_5/Regress/regress-360969-04.js, opt=9]" classname="org.mozilla.javascript.tests.MozillaSuiteTest" time="3.186"/>
  <testcase name="runMozillaTest[6317, js=testsrc/tests/js1_5/Regress/regress-366122.js, opt=9]" classname="org.mozilla.javascript.tests.MozillaSuiteTest" time="0.54"/>
  <testcase name="runMozillaTest[6318, js=testsrc/tests/js1_5/Regress/regress-366468.js, opt=9]" classname="org.mozilla.javascript.tests.MozillaSuiteTest" time="0.01"/>
  <testcase name="runMozillaTest[6319, js=testsrc/tests/js1_5/Regress/regress-366601.js, opt=9]" classname="org.mozilla.javascript.tests.MozillaSuiteTest" time="1.222"/>
  <testcase name="runMozillaTest[6320, js=testsrc/tests/js1_5/Regress/regress-367561-01.js, opt=9]" classname="org.mozilla.javascript.tests.MozillaSuiteTest" time="1.311"/>
  <testcase name="runMozillaTest[6321, js=testsrc/tests/js1_5/Regress/regress-379245.js, opt=9]" classname="org.mozilla.javascript.tests.MozillaSuiteTest" time="0.02"/>
  <testcase name="runMozillaTest[6322, js=testsrc/tests/js1_5/Regress/regress-383674.js, opt=9]" classname="org.mozilla.javascript.tests.MozillaSuiteTest" time="0.003"/>
  <testcase name="runMozillaTest[6323, js=testsrc/tests/js1_5/Regress/regress-387951-01.js, opt=9]" classname="org.mozilla.javascript.tests.MozillaSuiteTest" time="0.007"/>
  <testcase name="runMozillaTest[6324, js=testsrc/tests/js1_5/Regress/regress-387951-02.js, opt=9]" classname="org.mozilla.javascript.tests.MozillaSuiteTest" time="0.039"/>
  <testcase name="runMozillaTest[6325, js=testsrc/tests/js1_5/Regress/regress-387951-03.js, opt=9]" classname="org.mozilla.javascript.tests.MozillaSuiteTest" time="0.004"/>
  <testcase name="runMozillaTest[6326, js=testsrc/tests/js1_5/Regress/regress-39309.js, opt=9]" classname="org.mozilla.javascript.tests.MozillaSuiteTest" time="0.003"/>
  <testcase name="runMozillaTest[6327, js=testsrc/tests/js1_5/Regress/regress-396684.js, opt=9]" classname="org.mozilla.javascript.tests.MozillaSuiteTest" time="0.041"/>
  <testcase name="runMozillaTest[6328, js=testsrc/tests/js1_5/Regress/regress-398609.js, opt=9]" classname="org.mozilla.javascript.tests.MozillaSuiteTest" time="0.003"/>
  <testcase name="runMozillaTest[6329, js=testsrc/tests/js1_5/Regress/regress-406769.js, opt=9]" classname="org.mozilla.javascript.tests.MozillaSuiteTest" time="0.022"/>
  <testcase name="runMozillaTest[6330, js=testsrc/tests/js1_5/Regress/regress-407024.js, opt=9]" classname="org.mozilla.javascript.tests.MozillaSuiteTest" time="0.016"/>
  <testcase name="runMozillaTest[6331, js=testsrc/tests/js1_5/Regress/regress-407323.js, opt=9]" classname="org.mozilla.javascript.tests.MozillaSuiteTest" time="0.004"/>
  <testcase name="runMozillaTest[6332, js=testsrc/tests/js1_5/Regress/regress-407957.js, opt=9]" classname="org.mozilla.javascript.tests.MozillaSuiteTest" time="0.011"/>
  <testcase name="runMozillaTest[6333, js=testsrc/tests/js1_5/Regress/regress-416737-01.js, opt=9]" classname="org.mozilla.javascript.tests.MozillaSuiteTest" time="0.015"/>
  <testcase name="runMozillaTest[6334, js=testsrc/tests/js1_5/Regress/regress-416737-02.js, opt=9]" classname="org.mozilla.javascript.tests.MozillaSuiteTest" time="0.023"/>
  <testcase name="runMozillaTest[6335, js=testsrc/tests/js1_5/Regress/regress-417893.js, opt=9]" classname="org.mozilla.javascript.tests.MozillaSuiteTest" time="0.003"/>
  <testcase name="runMozillaTest[6336, js=testsrc/tests/js1_5/Regress/regress-418504.js, opt=9]" classname="org.mozilla.javascript.tests.MozillaSuiteTest" time="0.002"/>
  <testcase name="runMozillaTest[6337, js=testsrc/tests/js1_5/Regress/regress-418540.js, opt=9]" classname="org.mozilla.javascript.tests.MozillaSuiteTest" time="0.023"/>
  <testcase name="runMozillaTest[6338, js=testsrc/tests/js1_5/Regress/regress-419018.js, opt=9]" classname="org.mozilla.javascript.tests.MozillaSuiteTest" time="0.042"/>
  <testcase name="runMozillaTest[6339, js=testsrc/tests/js1_5/Regress/regress-419803.js, opt=9]" classname="org.mozilla.javascript.tests.MozillaSuiteTest" time="0.002"/>
  <testcase name="runMozillaTest[6340, js=testsrc/tests/js1_5/Regress/regress-424311.js, opt=9]" classname="org.mozilla.javascript.tests.MozillaSuiteTest" time="0.002"/>
  <testcase name="runMozillaTest[6341, js=testsrc/tests/js1_5/Regress/regress-425360.js, opt=9]" classname="org.mozilla.javascript.tests.MozillaSuiteTest" time="0.005"/>
  <testcase name="runMozillaTest[6342, js=testsrc/tests/js1_5/Regress/regress-428366.js, opt=9]" classname="org.mozilla.javascript.tests.MozillaSuiteTest" time="0.02"/>
  <testcase name="runMozillaTest[6343, js=testsrc/tests/js1_5/Regress/regress-438415-01.js, opt=9]" classname="org.mozilla.javascript.tests.MozillaSuiteTest" time="0.008"/>
  <testcase name="runMozillaTest[6344, js=testsrc/tests/js1_5/Regress/regress-438415-02.js, opt=9]" classname="org.mozilla.javascript.tests.MozillaSuiteTest" time="0.017"/>
  <testcase name="runMozillaTest[6345, js=testsrc/tests/js1_5/Regress/regress-449627.js, opt=9]" classname="org.mozilla.javascript.tests.MozillaSuiteTest" time="0.033"/>
  <testcase name="runMozillaTest[6346, js=testsrc/tests/js1_5/Regress/regress-449666.js, opt=9]" classname="org.mozilla.javascript.tests.MozillaSuiteTest" time="0.012"/>
  <testcase name="runMozillaTest[6347, js=testsrc/tests/js1_5/Regress/regress-450369.js, opt=9]" classname="org.mozilla.javascript.tests.MozillaSuiteTest" time="0.018"/>
  <testcase name="runMozillaTest[6348, js=testsrc/tests/js1_5/Regress/regress-450833.js, opt=9]" classname="org.mozilla.javascript.tests.MozillaSuiteTest" time="0.01"/>
  <testcase name="runMozillaTest[6349, js=testsrc/tests/js1_5/Regress/regress-451884.js, opt=9]" classname="org.mozilla.javascript.tests.MozillaSuiteTest" time="0.026"/>
  <testcase name="runMozillaTest[6350, js=testsrc/tests/js1_5/Regress/regress-451946.js, opt=9]" classname="org.mozilla.javascript.tests.MozillaSuiteTest" time="0.043"/>
  <testcase name="runMozillaTest[6351, js=testsrc/tests/js1_5/Regress/regress-452008.js, opt=9]" classname="org.mozilla.javascript.tests.MozillaSuiteTest" time="0.038"/>
  <testcase name="runMozillaTest[6352, js=testsrc/tests/js1_5/Regress/regress-452170.js, opt=9]" classname="org.mozilla.javascript.tests.MozillaSuiteTest" time="0.012"/>
  <testcase name="runMozillaTest[6353, js=testsrc/tests/js1_5/Regress/regress-452333.js, opt=9]" classname="org.mozilla.javascript.tests.MozillaSuiteTest" time="0.013"/>
  <testcase name="runMozillaTest[6354, js=testsrc/tests/js1_5/Regress/regress-452336.js, opt=9]" classname="org.mozilla.javascript.tests.MozillaSuiteTest" time="0.021"/>
  <testcase name="runMozillaTest[6355, js=testsrc/tests/js1_5/Regress/regress-452346.js, opt=9]" classname="org.mozilla.javascript.tests.MozillaSuiteTest" time="0.004"/>
  <testcase name="runMozillaTest[6356, js=testsrc/tests/js1_5/Regress/regress-452495.js, opt=9]" classname="org.mozilla.javascript.tests.MozillaSuiteTest" time="0.032"/>
  <testcase name="runMozillaTest[6357, js=testsrc/tests/js1_5/Regress/regress-452573-01.js, opt=9]" classname="org.mozilla.javascript.tests.MozillaSuiteTest" time="0.003"/>
  <testcase name="runMozillaTest[6358, js=testsrc/tests/js1_5/Regress/regress-452573-02.js, opt=9]" classname="org.mozilla.javascript.tests.MozillaSuiteTest" time="0.002"/>
  <testcase name="runMozillaTest[6359, js=testsrc/tests/js1_5/Regress/regress-452713.js, opt=9]" classname="org.mozilla.javascript.tests.MozillaSuiteTest" time="0.002"/>
  <testcase name="runMozillaTest[6360, js=testsrc/tests/js1_5/Regress/regress-452724-01.js, opt=9]" classname="org.mozilla.javascript.tests.MozillaSuiteTest" time="0.017"/>
  <testcase name="runMozillaTest[6361, js=testsrc/tests/js1_5/Regress/regress-452724-02.js, opt=9]" classname="org.mozilla.javascript.tests.MozillaSuiteTest" time="0.003"/>
  <testcase name="runMozillaTest[6362, js=testsrc/tests/js1_5/Regress/regress-452742-01.js, opt=9]" classname="org.mozilla.javascript.tests.MozillaSuiteTest" time="0.041"/>
  <testcase name="runMozillaTest[6363, js=testsrc/tests/js1_5/Regress/regress-452742-02.js, opt=9]" classname="org.mozilla.javascript.tests.MozillaSuiteTest" time="0.003"/>
  <testcase name="runMozillaTest[6364, js=testsrc/tests/js1_5/Regress/regress-452853.js, opt=9]" classname="org.mozilla.javascript.tests.MozillaSuiteTest" time="0.016"/>
  <testcase name="runMozillaTest[6365, js=testsrc/tests/js1_5/Regress/regress-452884-01.js, opt=9]" classname="org.mozilla.javascript.tests.MozillaSuiteTest" time="0.028"/>
  <testcase name="runMozillaTest[6366, js=testsrc/tests/js1_5/Regress/regress-452884-02.js, opt=9]" classname="org.mozilla.javascript.tests.MozillaSuiteTest" time="0.007"/>
  <testcase name="runMozillaTest[6367, js=testsrc/tests/js1_5/Regress/regress-453024.js, opt=9]" classname="org.mozilla.javascript.tests.MozillaSuiteTest" time="0.011"/>
  <testcase name="runMozillaTest[6368, js=testsrc/tests/js1_5/Regress/regress-453173.js, opt=9]" classname="org.mozilla.javascript.tests.MozillaSuiteTest" time="0.031"/>
  <testcase name="runMozillaTest[6369, js=testsrc/tests/js1_5/Regress/regress-453397.js, opt=9]" classname="org.mozilla.javascript.tests.MozillaSuiteTest" time="0.003"/>
  <testcase name="runMozillaTest[6370, js=testsrc/tests/js1_5/Regress/regress-453701.js, opt=9]" classname="org.mozilla.javascript.tests.MozillaSuiteTest" time="0.004"/>
  <testcase name="runMozillaTest[6371, js=testsrc/tests/js1_5/Regress/regress-453747.js, opt=9]" classname="org.mozilla.javascript.tests.MozillaSuiteTest" time="0.028"/>
  <testcase name="runMozillaTest[6372, js=testsrc/tests/js1_5/Regress/regress-454682.js, opt=9]" classname="org.mozilla.javascript.tests.MozillaSuiteTest" time="0.003"/>
  <testcase name="runMozillaTest[6373, js=testsrc/tests/js1_5/Regress/regress-454981.js, opt=9]" classname="org.mozilla.javascript.tests.MozillaSuiteTest" time="0.014"/>
  <testcase name="runMozillaTest[6374, js=testsrc/tests/js1_5/Regress/regress-455605.js, opt=9]" classname="org.mozilla.javascript.tests.MozillaSuiteTest" time="0.003"/>
  <testcase name="runMozillaTest[6375, js=testsrc/tests/js1_5/Regress/regress-455748.js, opt=9]" classname="org.mozilla.javascript.tests.MozillaSuiteTest" time="0.035"/>
  <testcase name="runMozillaTest[6376, js=testsrc/tests/js1_5/Regress/regress-455758-01.js, opt=9]" classname="org.mozilla.javascript.tests.MozillaSuiteTest" time="0.003"/>
  <testcase name="runMozillaTest[6377, js=testsrc/tests/js1_5/Regress/regress-455758-02.js, opt=9]" classname="org.mozilla.javascript.tests.MozillaSuiteTest" time="0.012"/>
  <testcase name="runMozillaTest[6378, js=testsrc/tests/js1_5/Regress/regress-455775.js, opt=9]" classname="org.mozilla.javascript.tests.MozillaSuiteTest" time="0.021"/>
  <testcase name="runMozillaTest[6379, js=testsrc/tests/js1_5/Regress/regress-456470.js, opt=9]" classname="org.mozilla.javascript.tests.MozillaSuiteTest" time="0.003"/>
  <testcase name="runMozillaTest[6380, js=testsrc/tests/js1_5/Regress/regress-456477-01.js, opt=9]" classname="org.mozilla.javascript.tests.MozillaSuiteTest" time="0.014"/>
  <testcase name="runMozillaTest[6381, js=testsrc/tests/js1_5/Regress/regress-456477-02.js, opt=9]" classname="org.mozilla.javascript.tests.MozillaSuiteTest" time="0.016"/>
  <testcase name="runMozillaTest[6382, js=testsrc/tests/js1_5/Regress/regress-456494.js, opt=9]" classname="org.mozilla.javascript.tests.MozillaSuiteTest" time="0.016"/>
  <testcase name="runMozillaTest[6383, js=testsrc/tests/js1_5/Regress/regress-456540-01.js, opt=9]" classname="org.mozilla.javascript.tests.MozillaSuiteTest" time="0.003"/>
  <testcase name="runMozillaTest[6384, js=testsrc/tests/js1_5/Regress/regress-456540-02.js, opt=9]" classname="org.mozilla.javascript.tests.MozillaSuiteTest" time="0.02"/>
  <testcase name="runMozillaTest[6385, js=testsrc/tests/js1_5/Regress/regress-457065-03.js, opt=9]" classname="org.mozilla.javascript.tests.MozillaSuiteTest" time="0.002"/>
  <testcase name="runMozillaTest[6386, js=testsrc/tests/js1_5/Regress/regress-457456.js, opt=9]" classname="org.mozilla.javascript.tests.MozillaSuiteTest" time="0.025"/>
  <testcase name="runMozillaTest[6387, js=testsrc/tests/js1_5/Regress/regress-457778.js, opt=9]" classname="org.mozilla.javascript.tests.MozillaSuiteTest" time="0.006"/>
  <testcase name="runMozillaTest[6388, js=testsrc/tests/js1_5/Regress/regress-458851.js, opt=9]" classname="org.mozilla.javascript.tests.MozillaSuiteTest" time="0.006"/>
  <testcase name="runMozillaTest[6389, js=testsrc/tests/js1_5/Regress/regress-459085.js, opt=9]" classname="org.mozilla.javascript.tests.MozillaSuiteTest" time="0.007"/>
  <testcase name="runMozillaTest[6390, js=testsrc/tests/js1_5/Regress/regress-459628.js, opt=9]" classname="org.mozilla.javascript.tests.MozillaSuiteTest" time="0.01"/>
  <testcase name="runMozillaTest[6391, js=testsrc/tests/js1_5/Regress/regress-459990.js, opt=9]" classname="org.mozilla.javascript.tests.MozillaSuiteTest" time="0.003"/>
  <testcase name="runMozillaTest[6392, js=testsrc/tests/js1_5/Regress/regress-460024.js, opt=9]" classname="org.mozilla.javascript.tests.MozillaSuiteTest" time="0.01"/>
  <testcase name="runMozillaTest[6393, js=testsrc/tests/js1_5/Regress/regress-460117.js, opt=9]" classname="org.mozilla.javascript.tests.MozillaSuiteTest" time="0.036"/>
  <testcase name="runMozillaTest[6394, js=testsrc/tests/js1_5/Regress/regress-460886-01.js, opt=9]" classname="org.mozilla.javascript.tests.MozillaSuiteTest" time="0.003"/>
  <testcase name="runMozillaTest[6395, js=testsrc/tests/js1_5/Regress/regress-460886-02.js, opt=9]" classname="org.mozilla.javascript.tests.MozillaSuiteTest" time="0.002"/>
  <testcase name="runMozillaTest[6396, js=testsrc/tests/js1_5/Regress/regress-461307.js, opt=9]" classname="org.mozilla.javascript.tests.MozillaSuiteTest" time="0.005"/>
  <testcase name="runMozillaTest[6397, js=testsrc/tests/js1_5/Regress/regress-461723.js, opt=9]" classname="org.mozilla.javascript.tests.MozillaSuiteTest" time="0.024"/>
  <testcase name="runMozillaTest[6398, js=testsrc/tests/js1_5/Regress/regress-462292.js, opt=9]" classname="org.mozilla.javascript.tests.MozillaSuiteTest" time="0.01"/>
  <testcase name="runMozillaTest[6399, js=testsrc/tests/js1_5/Regress/regress-462879.js, opt=9]" classname="org.mozilla.javascript.tests.MozillaSuiteTest" time="0.026"/>
  <testcase name="runMozillaTest[6400, js=testsrc/tests/js1_5/Regress/regress-462989.js, opt=9]" classname="org.mozilla.javascript.tests.MozillaSuiteTest" time="0.012"/>
  <testcase name="runMozillaTest[6401, js=testsrc/tests/js1_5/Regress/regress-463259.js, opt=9]" classname="org.mozilla.javascript.tests.MozillaSuiteTest" time="0.018"/>
  <testcase name="runMozillaTest[6402, js=testsrc/tests/js1_5/Regress/regress-463782.js, opt=9]" classname="org.mozilla.javascript.tests.MozillaSuiteTest" time="0.003"/>
  <testcase name="runMozillaTest[6403, js=testsrc/tests/js1_5/Regress/regress-464334.js, opt=9]" classname="org.mozilla.javascript.tests.MozillaSuiteTest" time="0.252"/>
  <testcase name="runMozillaTest[6404, js=testsrc/tests/js1_5/Regress/regress-464862.js, opt=9]" classname="org.mozilla.javascript.tests.MozillaSuiteTest" time="0.055"/>
  <testcase name="runMozillaTest[6405, js=testsrc/tests/js1_5/Regress/regress-465013.js, opt=9]" classname="org.mozilla.javascript.tests.MozillaSuiteTest" time="0.003"/>
  <testcase name="runMozillaTest[6406, js=testsrc/tests/js1_5/Regress/regress-465132.js, opt=9]" classname="org.mozilla.javascript.tests.MozillaSuiteTest" time="0.003"/>
  <testcase name="runMozillaTest[6407, js=testsrc/tests/js1_5/Regress/regress-465133.js, opt=9]" classname="org.mozilla.javascript.tests.MozillaSuiteTest" time="0.017"/>
  <testcase name="runMozillaTest[6408, js=testsrc/tests/js1_5/Regress/regress-465135.js, opt=9]" classname="org.mozilla.javascript.tests.MozillaSuiteTest" time="0.007"/>
  <testcase name="runMozillaTest[6409, js=testsrc/tests/js1_5/Regress/regress-465136.js, opt=9]" classname="org.mozilla.javascript.tests.MozillaSuiteTest" time="0.007"/>
  <testcase name="runMozillaTest[6410, js=testsrc/tests/js1_5/Regress/regress-465137.js, opt=9]" classname="org.mozilla.javascript.tests.MozillaSuiteTest" time="0.02"/>
  <testcase name="runMozillaTest[6411, js=testsrc/tests/js1_5/Regress/regress-465262.js, opt=9]" classname="org.mozilla.javascript.tests.MozillaSuiteTest" time="0.013"/>
  <testcase name="runMozillaTest[6412, js=testsrc/tests/js1_5/Regress/regress-465272.js, opt=9]" classname="org.mozilla.javascript.tests.MozillaSuiteTest" time="0.03"/>
  <testcase name="runMozillaTest[6413, js=testsrc/tests/js1_5/Regress/regress-465347.js, opt=9]" classname="org.mozilla.javascript.tests.MozillaSuiteTest" time="0.003"/>
  <testcase name="runMozillaTest[6414, js=testsrc/tests/js1_5/Regress/regress-465366.js, opt=9]" classname="org.mozilla.javascript.tests.MozillaSuiteTest" time="0.002"/>
  <testcase name="runMozillaTest[6415, js=testsrc/tests/js1_5/Regress/regress-466262.js, opt=9]" classname="org.mozilla.javascript.tests.MozillaSuiteTest" time="0.005"/>
  <testcase name="runMozillaTest[6416, js=testsrc/tests/js1_5/Regress/regress-466747.js, opt=9]" classname="org.mozilla.javascript.tests.MozillaSuiteTest" time="0.029"/>
  <testcase name="runMozillaTest[6417, js=testsrc/tests/js1_5/Regress/regress-469044.js, opt=9]" classname="org.mozilla.javascript.tests.MozillaSuiteTest" time="0.005"/>
  <testcase name="runMozillaTest[6418, js=testsrc/tests/js1_5/Regress/regress-470061.js, opt=9]" classname="org.mozilla.javascript.tests.MozillaSuiteTest" time="0.012"/>
  <testcase name="runMozillaTest[6419, js=testsrc/tests/js1_5/Regress/regress-470187-01.js, opt=9]" classname="org.mozilla.javascript.tests.MozillaSuiteTest" time="0.03"/>
  <testcase name="runMozillaTest[6420, js=testsrc/tests/js1_5/Regress/regress-470187-02.js, opt=9]" classname="org.mozilla.javascript.tests.MozillaSuiteTest" time="0.014"/>
  <testcase name="runMozillaTest[6421, js=testsrc/tests/js1_5/Regress/regress-470758-01.js, opt=9]" classname="org.mozilla.javascript.tests.MozillaSuiteTest" time="0.003"/>
  <testcase name="runMozillaTest[6422, js=testsrc/tests/js1_5/Regress/regress-470758-02.js, opt=9]" classname="org.mozilla.javascript.tests.MozillaSuiteTest" time="0.019"/>
  <testcase name="runMozillaTest[6423, js=testsrc/tests/js1_5/Regress/regress-472533.js, opt=9]" classname="org.mozilla.javascript.tests.MozillaSuiteTest" time="0.014"/>
  <testcase name="runMozillaTest[6424, js=testsrc/tests/js1_5/Regress/regress-475645-01.js, opt=9]" classname="org.mozilla.javascript.tests.MozillaSuiteTest" time="0.004"/>
  <testcase name="runMozillaTest[6425, js=testsrc/tests/js1_5/Regress/regress-475645-02.js, opt=9]" classname="org.mozilla.javascript.tests.MozillaSuiteTest" time="0.029"/>
  <testcase name="runMozillaTest[6426, js=testsrc/tests/js1_5/Regress/regress-476049.js, opt=9]" classname="org.mozilla.javascript.tests.MozillaSuiteTest" time="0.01"/>
  <testcase name="runMozillaTest[6427, js=testsrc/tests/js1_5/Regress/regress-476192.js, opt=9]" classname="org.mozilla.javascript.tests.MozillaSuiteTest" time="0.023"/>
  <testcase name="runMozillaTest[6428, js=testsrc/tests/js1_5/Regress/regress-477733.js, opt=9]" classname="org.mozilla.javascript.tests.MozillaSuiteTest" time="0.017"/>
  <testcase name="runMozillaTest[6429, js=testsrc/tests/js1_5/Regress/regress-477758.js, opt=9]" classname="org.mozilla.javascript.tests.MozillaSuiteTest" time="0.012"/>
  <testcase name="runMozillaTest[6430, js=testsrc/tests/js1_5/Regress/regress-478314.js, opt=9]" classname="org.mozilla.javascript.tests.MozillaSuiteTest" time="0.007"/>
  <testcase name="runMozillaTest[6431, js=testsrc/tests/js1_5/Regress/regress-479353.js, opt=9]" classname="org.mozilla.javascript.tests.MozillaSuiteTest" time="0.018"/>
  <testcase name="runMozillaTest[6432, js=testsrc/tests/js1_5/Regress/regress-480147.js, opt=9]" classname="org.mozilla.javascript.tests.MozillaSuiteTest" time="0.013"/>
  <testcase name="runMozillaTest[6433, js=testsrc/tests/js1_5/Regress/regress-480244.js, opt=9]" classname="org.mozilla.javascript.tests.MozillaSuiteTest" time="0.124"/>
  <testcase name="runMozillaTest[6434, js=testsrc/tests/js1_5/Regress/regress-481436.js, opt=9]" classname="org.mozilla.javascript.tests.MozillaSuiteTest" time="0.016"/>
  <testcase name="runMozillaTest[6435, js=testsrc/tests/js1_5/Regress/regress-482421.js, opt=9]" classname="org.mozilla.javascript.tests.MozillaSuiteTest" time="0.015"/>
  <testcase name="runMozillaTest[6436, js=testsrc/tests/js1_5/Regress/regress-482783.js, opt=9]" classname="org.mozilla.javascript.tests.MozillaSuiteTest" time="0.002"/>
  <testcase name="runMozillaTest[6437, js=testsrc/tests/js1_5/Regress/regress-483103.js, opt=9]" classname="org.mozilla.javascript.tests.MozillaSuiteTest" time="0.014"/>
  <testcase name="runMozillaTest[6438, js=testsrc/tests/js1_5/Regress/regress-501124.js, opt=9]" classname="org.mozilla.javascript.tests.MozillaSuiteTest" time="0.003"/>
  <testcase name="runMozillaTest[6439, js=testsrc/tests/js1_5/Regress/regress-504078.js, opt=9]" classname="org.mozilla.javascript.tests.MozillaSuiteTest" time="0.002"/>
  <testcase name="runMozillaTest[6440, js=testsrc/tests/js1_5/Regress/regress-57043.js, opt=9]" classname="org.mozilla.javascript.tests.MozillaSuiteTest" time="0.042"/>
  <testcase name="runMozillaTest[6441, js=testsrc/tests/js1_5/Regress/regress-58116.js, opt=9]" classname="org.mozilla.javascript.tests.MozillaSuiteTest" time="0.002"/>
  <testcase name="runMozillaTest[6442, js=testsrc/tests/js1_5/Regress/regress-68498-001.js, opt=9]" classname="org.mozilla.javascript.tests.MozillaSuiteTest" time="0.002"/>
  <testcase name="runMozillaTest[6443, js=testsrc/tests/js1_5/Regress/regress-68498-002.js, opt=9]" classname="org.mozilla.javascript.tests.MozillaSuiteTest" time="0.026"/>
  <testcase name="runMozillaTest[6444, js=testsrc/tests/js1_5/Regress/regress-68498-004.js, opt=9]" classname="org.mozilla.javascript.tests.MozillaSuiteTest" time="0.01"/>
  <testcase name="runMozillaTest[6445, js=testsrc/tests/js1_5/Regress/regress-69607.js, opt=9]" classname="org.mozilla.javascript.tests.MozillaSuiteTest" time="0.004"/>
  <testcase name="runMozillaTest[6446, js=testsrc/tests/js1_5/Regress/regress-71107.js, opt=9]" classname="org.mozilla.javascript.tests.MozillaSuiteTest" time="0.008"/>
  <testcase name="runMozillaTest[6447, js=testsrc/tests/js1_5/Regress/regress-76054.js, opt=9]" classname="org.mozilla.javascript.tests.MozillaSuiteTest" time="0.011"/>
  <testcase name="runMozillaTest[6448, js=testsrc/tests/js1_5/Regress/regress-82306.js, opt=9]" classname="org.mozilla.javascript.tests.MozillaSuiteTest" time="0.036"/>
  <testcase name="runMozillaTest[6449, js=testsrc/tests/js1_5/Regress/regress-89474.js, opt=9]" classname="org.mozilla.javascript.tests.MozillaSuiteTest" time="0.003"/>
  <testcase name="runMozillaTest[6450, js=testsrc/tests/js1_5/Regress/regress-90445.js, opt=9]" classname="org.mozilla.javascript.tests.MozillaSuiteTest" time="0.064"/>
  <testcase name="runMozillaTest[6451, js=testsrc/tests/js1_5/Regress/regress-96526-001.js, opt=9]" classname="org.mozilla.javascript.tests.MozillaSuiteTest" time="0.145"/>
  <testcase name="runMozillaTest[6452, js=testsrc/tests/js1_5/Scope/regress-154693.js, opt=9]" classname="org.mozilla.javascript.tests.MozillaSuiteTest" time="0.004"/>
  <testcase name="runMozillaTest[6453, js=testsrc/tests/js1_5/Scope/regress-184107.js, opt=9]" classname="org.mozilla.javascript.tests.MozillaSuiteTest" time="0.017"/>
  <testcase name="runMozillaTest[6454, js=testsrc/tests/js1_5/Scope/regress-185485.js, opt=9]" classname="org.mozilla.javascript.tests.MozillaSuiteTest" time="0.015"/>
  <testcase name="runMozillaTest[6455, js=testsrc/tests/js1_5/Scope/regress-191276.js, opt=9]" classname="org.mozilla.javascript.tests.MozillaSuiteTest" time="0.019"/>
  <testcase name="runMozillaTest[6456, js=testsrc/tests/js1_5/Scope/regress-192226.js, opt=9]" classname="org.mozilla.javascript.tests.MozillaSuiteTest" time="0.043"/>
  <testcase name="runMozillaTest[6457, js=testsrc/tests/js1_5/Scope/regress-202678-001.js, opt=9]" classname="org.mozilla.javascript.tests.MozillaSuiteTest" time="0.003"/>
  <testcase name="runMozillaTest[6458, js=testsrc/tests/js1_5/Scope/regress-202678-002.js, opt=9]" classname="org.mozilla.javascript.tests.MozillaSuiteTest" time="0.002"/>
  <testcase name="runMozillaTest[6459, js=testsrc/tests/js1_5/Scope/regress-208496-001.js, opt=9]" classname="org.mozilla.javascript.tests.MozillaSuiteTest" time="0.024"/>
  <testcase name="runMozillaTest[6460, js=testsrc/tests/js1_5/Scope/regress-208496-002.js, opt=9]" classname="org.mozilla.javascript.tests.MozillaSuiteTest" time="0.009"/>
  <testcase name="runMozillaTest[6461, js=testsrc/tests/js1_5/Scope/regress-220362.js, opt=9]" classname="org.mozilla.javascript.tests.MozillaSuiteTest" time="0.005"/>
  <testcase name="runMozillaTest[6462, js=testsrc/tests/js1_5/Scope/regress-446026-02.js, opt=9]" classname="org.mozilla.javascript.tests.MozillaSuiteTest" time="0.018"/>
  <testcase name="runMozillaTest[6463, js=testsrc/tests/js1_5/Scope/regress-77578-001.js, opt=9]" classname="org.mozilla.javascript.tests.MozillaSuiteTest" time="0.048"/>
  <testcase name="runMozillaTest[6464, js=testsrc/tests/js1_5/Scope/scope-002.js, opt=9]" classname="org.mozilla.javascript.tests.MozillaSuiteTest" time="0.011"/>
  <testcase name="runMozillaTest[6465, js=testsrc/tests/js1_5/Scope/scope-003.js, opt=9]" classname="org.mozilla.javascript.tests.MozillaSuiteTest" time="0.003"/>
  <testcase name="runMozillaTest[6466, js=testsrc/tests/js1_5/Scope/scope-004.js, opt=9]" classname="org.mozilla.javascript.tests.MozillaSuiteTest" time="0.024"/>
  <testcase name="runMozillaTest[6467, js=testsrc/tests/js1_5/String/regress-107771.js, opt=9]" classname="org.mozilla.javascript.tests.MozillaSuiteTest" time="0.014"/>
  <testcase name="runMozillaTest[6468, js=testsrc/tests/js1_5/String/regress-112626.js, opt=9]" classname="org.mozilla.javascript.tests.MozillaSuiteTest" time="0.02"/>
  <testcase name="runMozillaTest[6469, js=testsrc/tests/js1_5/String/regress-179068.js, opt=9]" classname="org.mozilla.javascript.tests.MozillaSuiteTest" time="0.048"/>
  <testcase name="runMozillaTest[6470, js=testsrc/tests/js1_5/decompilation/regress-344120.js, opt=9]" classname="org.mozilla.javascript.tests.MozillaSuiteTest" time="0.025"/>
  <testcase name="runMozillaTest[6471, js=testsrc/tests/js1_5/decompilation/regress-349489.js, opt=9]" classname="org.mozilla.javascript.tests.MozillaSuiteTest" time="0.026"/>
  <testcase name="runMozillaTest[6472, js=testsrc/tests/js1_5/decompilation/regress-349663.js, opt=9]" classname="org.mozilla.javascript.tests.MozillaSuiteTest" time="0.029"/>
  <testcase name="runMozillaTest[6473, js=testsrc/tests/js1_5/decompilation/regress-350670.js, opt=9]" classname="org.mozilla.javascript.tests.MozillaSuiteTest" time="0.003"/>
  <testcase name="runMozillaTest[6474, js=testsrc/tests/js1_5/decompilation/regress-351336.js, opt=9]" classname="org.mozilla.javascript.tests.MozillaSuiteTest" time="0.007"/>
  <testcase name="runMozillaTest[6475, js=testsrc/tests/js1_5/decompilation/regress-351625.js, opt=9]" classname="org.mozilla.javascript.tests.MozillaSuiteTest" time="0.021"/>
  <testcase name="runMozillaTest[6476, js=testsrc/tests/js1_5/decompilation/regress-351626.js, opt=9]" classname="org.mozilla.javascript.tests.MozillaSuiteTest" time="0.003"/>
  <testcase name="runMozillaTest[6477, js=testsrc/tests/js1_5/decompilation/regress-352022.js, opt=9]" classname="org.mozilla.javascript.tests.MozillaSuiteTest" time="0.014"/>
  <testcase name="runMozillaTest[6478, js=testsrc/tests/js1_5/decompilation/regress-352360.js, opt=9]" classname="org.mozilla.javascript.tests.MozillaSuiteTest" time="0.033"/>
  <testcase name="runMozillaTest[6479, js=testsrc/tests/js1_5/decompilation/regress-352873-01.js, opt=9]" classname="org.mozilla.javascript.tests.MozillaSuiteTest" time="0.012"/>
  <testcase name="runMozillaTest[6480, js=testsrc/tests/js1_5/decompilation/regress-352873-02.js, opt=9]" classname="org.mozilla.javascript.tests.MozillaSuiteTest" time="0.017"/>
  <testcase name="runMozillaTest[6481, js=testsrc/tests/js1_5/decompilation/regress-353120.js, opt=9]" classname="org.mozilla.javascript.tests.MozillaSuiteTest" time="0.003"/>
  <testcase name="runMozillaTest[6482, js=testsrc/tests/js1_5/decompilation/regress-354878.js, opt=9]" classname="org.mozilla.javascript.tests.MozillaSuiteTest" time="0.009"/>
  <testcase name="runMozillaTest[6483, js=testsrc/tests/js1_5/decompilation/regress-354910.js, opt=9]" classname="org.mozilla.javascript.tests.MozillaSuiteTest" time="0.025"/>
  <testcase name="runMozillaTest[6484, js=testsrc/tests/js1_5/decompilation/regress-371692.js, opt=9]" classname="org.mozilla.javascript.tests.MozillaSuiteTest" time="0.008"/>
  <testcase name="runMozillaTest[6485, js=testsrc/tests/js1_5/decompilation/regress-373678.js, opt=9]" classname="org.mozilla.javascript.tests.MozillaSuiteTest" time="0.015"/>
  <testcase name="runMozillaTest[6486, js=testsrc/tests/js1_5/decompilation/regress-375639.js, opt=9]" classname="org.mozilla.javascript.tests.MozillaSuiteTest" time="0.022"/>
  <testcase name="runMozillaTest[6487, js=testsrc/tests/js1_5/decompilation/regress-383721.js, opt=9]" classname="org.mozilla.javascript.tests.MozillaSuiteTest" time="0.003"/>
  <testcase name="runMozillaTest[6488, js=testsrc/tests/js1_5/decompilation/regress-406555.js, opt=9]" classname="org.mozilla.javascript.tests.MozillaSuiteTest" time="0.008"/>
  <testcase name="runMozillaTest[6489, js=testsrc/tests/js1_5/decompilation/regress-437288-02.js, opt=9]" classname="org.mozilla.javascript.tests.MozillaSuiteTest" time="0.028"/>
  <testcase name="runMozillaTest[6490, js=testsrc/tests/js1_5/decompilation/regress-443071-01.js, opt=9]" classname="org.mozilla.javascript.tests.MozillaSuiteTest" time="0.002"/>
  <testcase name="runMozillaTest[6491, js=testsrc/tests/js1_5/decompilation/regress-456964-01.js, opt=9]" classname="org.mozilla.javascript.tests.MozillaSuiteTest" time="0.003"/>
  <testcase name="runMozillaTest[6492, js=testsrc/tests/js1_5/decompilation/regress-457093-01.js, opt=9]" classname="org.mozilla.javascript.tests.MozillaSuiteTest" time="0.044"/>
  <testcase name="runMozillaTest[6493, js=testsrc/tests/js1_5/decompilation/regress-460116-01.js, opt=9]" classname="org.mozilla.javascript.tests.MozillaSuiteTest" time="0.013"/>
  <testcase name="runMozillaTest[6494, js=testsrc/tests/js1_5/decompilation/regress-460116-02.js, opt=9]" classname="org.mozilla.javascript.tests.MozillaSuiteTest" time="0.002"/>
  <testcase name="runMozillaTest[6495, js=testsrc/tests/js1_5/decompilation/regress-460116-03.js, opt=9]" classname="org.mozilla.javascript.tests.MozillaSuiteTest" time="0.015"/>
  <testcase name="runMozillaTest[6496, js=testsrc/tests/js1_5/decompilation/regress-461108.js, opt=9]" classname="org.mozilla.javascript.tests.MozillaSuiteTest" time="0.012"/>
  <testcase name="runMozillaTest[6497, js=testsrc/tests/js1_5/decompilation/regress-461110.js, opt=9]" classname="org.mozilla.javascript.tests.MozillaSuiteTest" time="0.009"/>
  <testcase name="runMozillaTest[6498, js=testsrc/tests/js1_5/decompilation/regress-461111.js, opt=9]" classname="org.mozilla.javascript.tests.MozillaSuiteTest" time="0.015"/>
  <testcase name="runMozillaTest[6499, js=testsrc/tests/js1_5/extensions/catchguard-001-n.js, opt=9]" classname="org.mozilla.javascript.tests.MozillaSuiteTest" time="0.004"/>
  <testcase name="runMozillaTest[6500, js=testsrc/tests/js1_5/extensions/catchguard-001.js, opt=9]" classname="org.mozilla.javascript.tests.MozillaSuiteTest" time="0.039"/>
  <testcase name="runMozillaTest[6501, js=testsrc/tests/js1_5/extensions/catchguard-002.js, opt=9]" classname="org.mozilla.javascript.tests.MozillaSuiteTest" time="0.003"/>
  <testcase name="runMozillaTest[6502, js=testsrc/tests/js1_5/extensions/catchguard-003.js, opt=9]" classname="org.mozilla.javascript.tests.MozillaSuiteTest" time="0.003"/>
  <testcase name="runMozillaTest[6503, js=testsrc/tests/js1_5/extensions/getset-004.js, opt=9]" classname="org.mozilla.javascript.tests.MozillaSuiteTest" time="0.034"/>
  <testcase name="runMozillaTest[6504, js=testsrc/tests/js1_5/extensions/getset-005.js, opt=9]" classname="org.mozilla.javascript.tests.MozillaSuiteTest" time="0.005"/>
  <testcase name="runMozillaTest[6505, js=testsrc/tests/js1_5/extensions/getset-006.js, opt=9]" classname="org.mozilla.javascript.tests.MozillaSuiteTest" time="0.044"/>
  <testcase name="runMozillaTest[6506, js=testsrc/tests/js1_5/extensions/no-such-method.js, opt=9]" classname="org.mozilla.javascript.tests.MozillaSuiteTest" time="0.01"/>
  <testcase name="runMozillaTest[6507, js=testsrc/tests/js1_5/extensions/regress-104077.js, opt=9]" classname="org.mozilla.javascript.tests.MozillaSuiteTest" time="0.039"/>
  <testcase name="runMozillaTest[6508, js=testsrc/tests/js1_5/extensions/regress-178722.js, opt=9]" classname="org.mozilla.javascript.tests.MozillaSuiteTest" time="0.018"/>
  <testcase name="runMozillaTest[6509, js=testsrc/tests/js1_5/extensions/regress-220584.js, opt=9]" classname="org.mozilla.javascript.tests.MozillaSuiteTest" time="0.043"/>
  <testcase name="runMozillaTest[6510, js=testsrc/tests/js1_5/extensions/regress-225831.js, opt=9]" classname="org.mozilla.javascript.tests.MozillaSuiteTest" time="0.082"/>
  <testcase name="runMozillaTest[6511, js=testsrc/tests/js1_5/extensions/regress-226078.js, opt=9]" classname="org.mozilla.javascript.tests.MozillaSuiteTest" time="0.028"/>
  <testcase name="runMozillaTest[6512, js=testsrc/tests/js1_5/extensions/regress-231518.js, opt=9]" classname="org.mozilla.javascript.tests.MozillaSuiteTest" time="0.008"/>
  <testcase name="runMozillaTest[6513, js=testsrc/tests/js1_5/extensions/regress-237461.js, opt=9]" classname="org.mozilla.javascript.tests.MozillaSuiteTest" time="0.014"/>
  <testcase name="runMozillaTest[6514, js=testsrc/tests/js1_5/extensions/regress-245148.js, opt=9]" classname="org.mozilla.javascript.tests.MozillaSuiteTest" time="0.008"/>
  <testcase name="runMozillaTest[6515, js=testsrc/tests/js1_5/extensions/regress-245795.js, opt=9]" classname="org.mozilla.javascript.tests.MozillaSuiteTest" time="0.016"/>
  <testcase name="runMozillaTest[6516, js=testsrc/tests/js1_5/extensions/regress-255245.js, opt=9]" classname="org.mozilla.javascript.tests.MozillaSuiteTest" time="0.014"/>
  <testcase name="runMozillaTest[6517, js=testsrc/tests/js1_5/extensions/regress-291213.js, opt=9]" classname="org.mozilla.javascript.tests.MozillaSuiteTest" time="0.03"/>
  <testcase name="runMozillaTest[6518, js=testsrc/tests/js1_5/extensions/regress-300079.js, opt=9]" classname="org.mozilla.javascript.tests.MozillaSuiteTest" time="0.013"/>
  <testcase name="runMozillaTest[6519, js=testsrc/tests/js1_5/extensions/regress-304897.js, opt=9]" classname="org.mozilla.javascript.tests.MozillaSuiteTest" time="0.013"/>
  <testcase name="runMozillaTest[6520, js=testsrc/tests/js1_5/extensions/regress-311161.js, opt=9]" classname="org.mozilla.javascript.tests.MozillaSuiteTest" time="2.336"/>
  <testcase name="runMozillaTest[6521, js=testsrc/tests/js1_5/extensions/regress-311583.js, opt=9]" classname="org.mozilla.javascript.tests.MozillaSuiteTest" time="0.003"/>
  <testcase name="runMozillaTest[6522, js=testsrc/tests/js1_5/extensions/regress-311792-01.js, opt=9]" classname="org.mozilla.javascript.tests.MozillaSuiteTest" time="0.288"/>
  <testcase name="runMozillaTest[6523, js=testsrc/tests/js1_5/extensions/regress-311792-02.js, opt=9]" classname="org.mozilla.javascript.tests.MozillaSuiteTest" time="0.227"/>
  <testcase name="runMozillaTest[6524, js=testsrc/tests/js1_5/extensions/regress-312278.js, opt=9]" classname="org.mozilla.javascript.tests.MozillaSuiteTest" time="0.225"/>
  <testcase name="runMozillaTest[6525, js=testsrc/tests/js1_5/extensions/regress-313500.js, opt=9]" classname="org.mozilla.javascript.tests.MozillaSuiteTest" time="0.035"/>
  <testcase name="runMozillaTest[6526, js=testsrc/tests/js1_5/extensions/regress-313630.js, opt=9]" classname="org.mozilla.javascript.tests.MozillaSuiteTest" time="0.204"/>
  <testcase name="runMozillaTest[6527, js=testsrc/tests/js1_5/extensions/regress-313763.js, opt=9]" classname="org.mozilla.javascript.tests.MozillaSuiteTest" time="0.01"/>
  <testcase name="runMozillaTest[6528, js=testsrc/tests/js1_5/extensions/regress-313803.js, opt=9]" classname="org.mozilla.javascript.tests.MozillaSuiteTest" time="0.012"/>
  <testcase name="runMozillaTest[6529, js=testsrc/tests/js1_5/extensions/regress-313938.js, opt=9]" classname="org.mozilla.javascript.tests.MozillaSuiteTest" time="0.032"/>
  <testcase name="runMozillaTest[6530, js=testsrc/tests/js1_5/extensions/regress-314874.js, opt=9]" classname="org.mozilla.javascript.tests.MozillaSuiteTest" time="0.007"/>
  <testcase name="runMozillaTest[6531, js=testsrc/tests/js1_5/extensions/regress-315509-02.js, opt=9]" classname="org.mozilla.javascript.tests.MozillaSuiteTest" time="0.01"/>
  <testcase name="runMozillaTest[6532, js=testsrc/tests/js1_5/extensions/regress-319683.js, opt=9]" classname="org.mozilla.javascript.tests.MozillaSuiteTest" time="0.017"/>
  <testcase name="runMozillaTest[6533, js=testsrc/tests/js1_5/extensions/regress-322957.js, opt=9]" classname="org.mozilla.javascript.tests.MozillaSuiteTest" time="0.003"/>
  <testcase name="runMozillaTest[6534, js=testsrc/tests/js1_5/extensions/regress-325269.js, opt=9]" classname="org.mozilla.javascript.tests.MozillaSuiteTest" time="0.025"/>
  <testcase name="runMozillaTest[6535, js=testsrc/tests/js1_5/extensions/regress-327608.js, opt=9]" classname="org.mozilla.javascript.tests.MozillaSuiteTest" time="0.042"/>
  <testcase name="runMozillaTest[6536, js=testsrc/tests/js1_5/extensions/regress-328443.js, opt=9]" classname="org.mozilla.javascript.tests.MozillaSuiteTest" time="0.003"/>
  <testcase name="runMozillaTest[6537, js=testsrc/tests/js1_5/extensions/regress-328556.js, opt=9]" classname="org.mozilla.javascript.tests.MozillaSuiteTest" time="0.002"/>
  <testcase name="runMozillaTest[6538, js=testsrc/tests/js1_5/extensions/regress-338804-01.js, opt=9]" classname="org.mozilla.javascript.tests.MozillaSuiteTest" time="0.015"/>
  <testcase name="runMozillaTest[6539, js=testsrc/tests/js1_5/extensions/regress-338804-03.js, opt=9]" classname="org.mozilla.javascript.tests.MozillaSuiteTest" time="0.443"/>
  <testcase name="runMozillaTest[6540, js=testsrc/tests/js1_5/extensions/regress-339685.js, opt=9]" classname="org.mozilla.javascript.tests.MozillaSuiteTest" time="0.013"/>
  <testcase name="runMozillaTest[6541, js=testsrc/tests/js1_5/extensions/regress-340199.js, opt=9]" classname="org.mozilla.javascript.tests.MozillaSuiteTest" time="0.033"/>
  <testcase name="runMozillaTest[6542, js=testsrc/tests/js1_5/extensions/regress-341956-01.js, opt=9]" classname="org.mozilla.javascript.tests.MozillaSuiteTest" time="0.227"/>
  <testcase name="runMozillaTest[6543, js=testsrc/tests/js1_5/extensions/regress-341956-02.js, opt=9]" classname="org.mozilla.javascript.tests.MozillaSuiteTest" time="0.276"/>
  <testcase name="runMozillaTest[6544, js=testsrc/tests/js1_5/extensions/regress-341956-03.js, opt=9]" classname="org.mozilla.javascript.tests.MozillaSuiteTest" time="0.22"/>
  <testcase name="runMozillaTest[6545, js=testsrc/tests/js1_5/extensions/regress-346494-01.js, opt=9]" classname="org.mozilla.javascript.tests.MozillaSuiteTest" time="0.04"/>
  <testcase name="runMozillaTest[6546, js=testsrc/tests/js1_5/extensions/regress-350312-01.js, opt=9]" classname="org.mozilla.javascript.tests.MozillaSuiteTest" time="0.018"/>
  <testcase name="runMozillaTest[6547, js=testsrc/tests/js1_5/extensions/regress-350312-02.js, opt=9]" classname="org.mozilla.javascript.tests.MozillaSuiteTest" time="0.036"/>
  <testcase name="runMozillaTest[6548, js=testsrc/tests/js1_5/extensions/regress-350312-03.js, opt=9]" classname="org.mozilla.javascript.tests.MozillaSuiteTest" time="0.044"/>
  <testcase name="runMozillaTest[6549, js=testsrc/tests/js1_5/extensions/regress-351102-01.js, opt=9]" classname="org.mozilla.javascript.tests.MozillaSuiteTest" time="0.243"/>
  <testcase name="runMozillaTest[6550, js=testsrc/tests/js1_5/extensions/regress-351102-02.js, opt=9]" classname="org.mozilla.javascript.tests.MozillaSuiteTest" time="0.018"/>
  <testcase name="runMozillaTest[6551, js=testsrc/tests/js1_5/extensions/regress-351102-06.js, opt=9]" classname="org.mozilla.javascript.tests.MozillaSuiteTest" time="0.201"/>
  <testcase name="runMozillaTest[6552, js=testsrc/tests/js1_5/extensions/regress-351973.js, opt=9]" classname="org.mozilla.javascript.tests.MozillaSuiteTest" time="0.349"/>
  <testcase name="runMozillaTest[6553, js=testsrc/tests/js1_5/extensions/regress-352261.js, opt=9]" classname="org.mozilla.javascript.tests.MozillaSuiteTest" time="0.009"/>
  <testcase name="runMozillaTest[6554, js=testsrc/tests/js1_5/extensions/regress-352281.js, opt=9]" classname="org.mozilla.javascript.tests.MozillaSuiteTest" time="0.01"/>
  <testcase name="runMozillaTest[6555, js=testsrc/tests/js1_5/extensions/regress-352291.js, opt=9]" classname="org.mozilla.javascript.tests.MozillaSuiteTest" time="0.015"/>
  <testcase name="runMozillaTest[6556, js=testsrc/tests/js1_5/extensions/regress-354297.js, opt=9]" classname="org.mozilla.javascript.tests.MozillaSuiteTest" time="0.21"/>
  <testcase name="runMozillaTest[6557, js=testsrc/tests/js1_5/extensions/regress-354541-01.js, opt=9]" classname="org.mozilla.javascript.tests.MozillaSuiteTest" time="0.003"/>
  <testcase name="runMozillaTest[6558, js=testsrc/tests/js1_5/extensions/regress-354541-02.js, opt=9]" classname="org.mozilla.javascript.tests.MozillaSuiteTest" time="0.03"/>
  <testcase name="runMozillaTest[6559, js=testsrc/tests/js1_5/extensions/regress-354541-03.js, opt=9]" classname="org.mozilla.javascript.tests.MozillaSuiteTest" time="0.03"/>
  <testcase name="runMozillaTest[6560, js=testsrc/tests/js1_5/extensions/regress-354541-04.js, opt=9]" classname="org.mozilla.javascript.tests.MozillaSuiteTest" time="0.01"/>
  <testcase name="runMozillaTest[6561, js=testsrc/tests/js1_5/extensions/regress-355982.js, opt=9]" classname="org.mozilla.javascript.tests.MozillaSuiteTest" time="0.003"/>
  <testcase name="runMozillaTest[6562, js=testsrc/tests/js1_5/extensions/regress-356402.js, opt=9]" classname="org.mozilla.javascript.tests.MozillaSuiteTest" time="0.02"/>
  <testcase name="runMozillaTest[6563, js=testsrc/tests/js1_5/extensions/regress-363258.js, opt=9]" classname="org.mozilla.javascript.tests.MozillaSuiteTest" time="0.008"/>
  <testcase name="runMozillaTest[6564, js=testsrc/tests/js1_5/extensions/regress-363988.js, opt=9]" classname="org.mozilla.javascript.tests.MozillaSuiteTest" time="0.228"/>
  <testcase name="runMozillaTest[6565, js=testsrc/tests/js1_5/extensions/regress-365527.js, opt=9]" classname="org.mozilla.javascript.tests.MozillaSuiteTest" time="3.582"/>
  <testcase name="runMozillaTest[6566, js=testsrc/tests/js1_5/extensions/regress-365692.js, opt=9]" classname="org.mozilla.javascript.tests.MozillaSuiteTest" time="0.583"/>
  <testcase name="runMozillaTest[6567, js=testsrc/tests/js1_5/extensions/regress-366288.js, opt=9]" classname="org.mozilla.javascript.tests.MozillaSuiteTest" time="0.008"/>
  <testcase name="runMozillaTest[6568, js=testsrc/tests/js1_5/extensions/regress-366292.js, opt=9]" classname="org.mozilla.javascript.tests.MozillaSuiteTest" time="0.003"/>
  <testcase name="runMozillaTest[6569, js=testsrc/tests/js1_5/extensions/regress-366396.js, opt=9]" classname="org.mozilla.javascript.tests.MozillaSuiteTest" time="0.002"/>
  <testcase name="runMozillaTest[6570, js=testsrc/tests/js1_5/extensions/regress-367118-01.js, opt=9]" classname="org.mozilla.javascript.tests.MozillaSuiteTest" time="0.046"/>
  <testcase name="runMozillaTest[6571, js=testsrc/tests/js1_5/extensions/regress-367118-02.js, opt=9]" classname="org.mozilla.javascript.tests.MozillaSuiteTest" time="0.015"/>
  <testcase name="runMozillaTest[6572, js=testsrc/tests/js1_5/extensions/regress-367120-01.js, opt=9]" classname="org.mozilla.javascript.tests.MozillaSuiteTest" time="0.016"/>
  <testcase name="runMozillaTest[6573, js=testsrc/tests/js1_5/extensions/regress-367120-02.js, opt=9]" classname="org.mozilla.javascript.tests.MozillaSuiteTest" time="0.009"/>
  <testcase name="runMozillaTest[6574, js=testsrc/tests/js1_5/extensions/regress-367121.js, opt=9]" classname="org.mozilla.javascript.tests.MozillaSuiteTest" time="0.008"/>
  <testcase name="runMozillaTest[6575, js=testsrc/tests/js1_5/extensions/regress-367501-01.js, opt=9]" classname="org.mozilla.javascript.tests.MozillaSuiteTest" time="0.013"/>
  <testcase name="runMozillaTest[6576, js=testsrc/tests/js1_5/extensions/regress-367501-02.js, opt=9]" classname="org.mozilla.javascript.tests.MozillaSuiteTest" time="0.292"/>
  <testcase name="runMozillaTest[6577, js=testsrc/tests/js1_5/extensions/regress-367501-03.js, opt=9]" classname="org.mozilla.javascript.tests.MozillaSuiteTest" time="1.789"/>
  <testcase name="runMozillaTest[6578, js=testsrc/tests/js1_5/extensions/regress-367501-04.js, opt=9]" classname="org.mozilla.javascript.tests.MozillaSuiteTest" time="4.721"/>
  <testcase name="runMozillaTest[6579, js=testsrc/tests/js1_5/extensions/regress-367589.js, opt=9]" classname="org.mozilla.javascript.tests.MozillaSuiteTest" time="0.029"/>
  <testcase name="runMozillaTest[6580, js=testsrc/tests/js1_5/extensions/regress-369404.js, opt=9]" classname="org.mozilla.javascript.tests.MozillaSuiteTest" time="0.002"/>
  <testcase name="runMozillaTest[6581, js=testsrc/tests/js1_5/extensions/regress-369696-01.js, opt=9]" classname="org.mozilla.javascript.tests.MozillaSuiteTest" time="0.002"/>
  <testcase name="runMozillaTest[6582, js=testsrc/tests/js1_5/extensions/regress-369696-03.js, opt=9]" classname="org.mozilla.javascript.tests.MozillaSuiteTest" time="0.887"/>
  <testcase name="runMozillaTest[6583, js=testsrc/tests/js1_5/extensions/regress-372309.js, opt=9]" classname="org.mozilla.javascript.tests.MozillaSuiteTest" time="0.013"/>
  <testcase name="runMozillaTest[6584, js=testsrc/tests/js1_5/extensions/regress-374589.js, opt=9]" classname="org.mozilla.javascript.tests.MozillaSuiteTest" time="0.018"/>
  <testcase name="runMozillaTest[6585, js=testsrc/tests/js1_5/extensions/regress-375183.js, opt=9]" classname="org.mozilla.javascript.tests.MozillaSuiteTest" time="0.01"/>
  <testcase name="runMozillaTest[6586, js=testsrc/tests/js1_5/extensions/regress-375344.js, opt=9]" classname="org.mozilla.javascript.tests.MozillaSuiteTest" time="0.007"/>
  <testcase name="runMozillaTest[6587, js=testsrc/tests/js1_5/extensions/regress-380889.js, opt=9]" classname="org.mozilla.javascript.tests.MozillaSuiteTest" time="0.02"/>
  <testcase name="runMozillaTest[6588, js=testsrc/tests/js1_5/extensions/regress-385134.js, opt=9]" classname="org.mozilla.javascript.tests.MozillaSuiteTest" time="0.022"/>
  <testcase name="runMozillaTest[6589, js=testsrc/tests/js1_5/extensions/regress-385393-02.js, opt=9]" classname="org.mozilla.javascript.tests.MozillaSuiteTest" time="0.003"/>
  <testcase name="runMozillaTest[6590, js=testsrc/tests/js1_5/extensions/regress-390597.js, opt=9]" classname="org.mozilla.javascript.tests.MozillaSuiteTest" time="0.02"/>
  <testcase name="runMozillaTest[6591, js=testsrc/tests/js1_5/extensions/regress-390598.js, opt=9]" classname="org.mozilla.javascript.tests.MozillaSuiteTest" time="0.003"/>
  <testcase name="runMozillaTest[6592, js=testsrc/tests/js1_5/extensions/regress-394967.js, opt=9]" classname="org.mozilla.javascript.tests.MozillaSuiteTest" time="0.017"/>
  <testcase name="runMozillaTest[6593, js=testsrc/tests/js1_5/extensions/regress-396326.js, opt=9]" classname="org.mozilla.javascript.tests.MozillaSuiteTest" time="0.01"/>
  <testcase name="runMozillaTest[6594, js=testsrc/tests/js1_5/extensions/regress-406572.js, opt=9]" classname="org.mozilla.javascript.tests.MozillaSuiteTest" time="0.007"/>
  <testcase name="runMozillaTest[6595, js=testsrc/tests/js1_5/extensions/regress-407019.js, opt=9]" classname="org.mozilla.javascript.tests.MozillaSuiteTest" time="0.025"/>
  <testcase name="runMozillaTest[6596, js=testsrc/tests/js1_5/extensions/regress-407501.js, opt=9]" classname="org.mozilla.javascript.tests.MozillaSuiteTest" time="0.015"/>
  <testcase name="runMozillaTest[6597, js=testsrc/tests/js1_5/extensions/regress-407720.js, opt=9]" classname="org.mozilla.javascript.tests.MozillaSuiteTest" time="0.02"/>
  <testcase name="runMozillaTest[6598, js=testsrc/tests/js1_5/extensions/regress-412926.js, opt=9]" classname="org.mozilla.javascript.tests.MozillaSuiteTest" time="0.241"/>
  <testcase name="runMozillaTest[6599, js=testsrc/tests/js1_5/extensions/regress-414755.js, opt=9]" classname="org.mozilla.javascript.tests.MozillaSuiteTest" time="0.016"/>
  <testcase name="runMozillaTest[6600, js=testsrc/tests/js1_5/extensions/regress-416354.js, opt=9]" classname="org.mozilla.javascript.tests.MozillaSuiteTest" time="0.013"/>
  <testcase name="runMozillaTest[6601, js=testsrc/tests/js1_5/extensions/regress-416460.js, opt=9]" classname="org.mozilla.javascript.tests.MozillaSuiteTest" time="0.03"/>
  <testcase name="runMozillaTest[6602, js=testsrc/tests/js1_5/extensions/regress-416834.js, opt=9]" classname="org.mozilla.javascript.tests.MozillaSuiteTest" time="0.002"/>
  <testcase name="runMozillaTest[6603, js=testsrc/tests/js1_5/extensions/regress-422137.js, opt=9]" classname="org.mozilla.javascript.tests.MozillaSuiteTest" time="0.003"/>
  <testcase name="runMozillaTest[6604, js=testsrc/tests/js1_5/extensions/regress-422592.js, opt=9]" classname="org.mozilla.javascript.tests.MozillaSuiteTest" time="0.017"/>
  <testcase name="runMozillaTest[6605, js=testsrc/tests/js1_5/extensions/regress-426711.js, opt=9]" classname="org.mozilla.javascript.tests.MozillaSuiteTest" time="0.015"/>
  <testcase name="runMozillaTest[6606, js=testsrc/tests/js1_5/extensions/regress-427196-01.js, opt=9]" classname="org.mozilla.javascript.tests.MozillaSuiteTest" time="0.02"/>
  <testcase name="runMozillaTest[6607, js=testsrc/tests/js1_5/extensions/regress-427196-02.js, opt=9]" classname="org.mozilla.javascript.tests.MozillaSuiteTest" time="0.013"/>
  <testcase name="runMozillaTest[6608, js=testsrc/tests/js1_5/extensions/regress-427196-03.js, opt=9]" classname="org.mozilla.javascript.tests.MozillaSuiteTest" time="0.01"/>
  <testcase name="runMozillaTest[6609, js=testsrc/tests/js1_5/extensions/regress-429264.js, opt=9]" classname="org.mozilla.javascript.tests.MozillaSuiteTest" time="0.022"/>
  <testcase name="runMozillaTest[6610, js=testsrc/tests/js1_5/extensions/regress-431428.js, opt=9]" classname="org.mozilla.javascript.tests.MozillaSuiteTest" time="0.003"/>
  <testcase name="runMozillaTest[6611, js=testsrc/tests/js1_5/extensions/regress-434837-01.js, opt=9]" classname="org.mozilla.javascript.tests.MozillaSuiteTest" time="0.027"/>
  <testcase name="runMozillaTest[6612, js=testsrc/tests/js1_5/extensions/regress-435497-01.js, opt=9]" classname="org.mozilla.javascript.tests.MozillaSuiteTest" time="0.007"/>
  <testcase name="runMozillaTest[6613, js=testsrc/tests/js1_5/extensions/regress-435497-02.js, opt=9]" classname="org.mozilla.javascript.tests.MozillaSuiteTest" time="0.004"/>
  <testcase name="runMozillaTest[6614, js=testsrc/tests/js1_5/extensions/regress-435497-03.js, opt=9]" classname="org.mozilla.javascript.tests.MozillaSuiteTest" time="0.014"/>
  <testcase name="runMozillaTest[6615, js=testsrc/tests/js1_5/extensions/regress-436741.js, opt=9]" classname="org.mozilla.javascript.tests.MozillaSuiteTest" time="0.032"/>
  <testcase name="runMozillaTest[6616, js=testsrc/tests/js1_5/extensions/regress-437288-01.js, opt=9]" classname="org.mozilla.javascript.tests.MozillaSuiteTest" time="0.011"/>
  <testcase name="runMozillaTest[6617, js=testsrc/tests/js1_5/extensions/regress-44009.js, opt=9]" classname="org.mozilla.javascript.tests.MozillaSuiteTest" time="0.004"/>
  <testcase name="runMozillaTest[6618, js=testsrc/tests/js1_5/extensions/regress-443569.js, opt=9]" classname="org.mozilla.javascript.tests.MozillaSuiteTest" time="0.025"/>
  <testcase name="runMozillaTest[6619, js=testsrc/tests/js1_5/extensions/regress-446386.js, opt=9]" classname="org.mozilla.javascript.tests.MozillaSuiteTest" time="0.009"/>
  <testcase name="runMozillaTest[6620, js=testsrc/tests/js1_5/extensions/regress-452168.js, opt=9]" classname="org.mozilla.javascript.tests.MozillaSuiteTest" time="0.011"/>
  <testcase name="runMozillaTest[6621, js=testsrc/tests/js1_5/extensions/regress-452329.js, opt=9]" classname="org.mozilla.javascript.tests.MozillaSuiteTest" time="0.024"/>
  <testcase name="runMozillaTest[6622, js=testsrc/tests/js1_5/extensions/regress-452338.js, opt=9]" classname="org.mozilla.javascript.tests.MozillaSuiteTest" time="0.003"/>
  <testcase name="runMozillaTest[6623, js=testsrc/tests/js1_5/extensions/regress-452372.js, opt=9]" classname="org.mozilla.javascript.tests.MozillaSuiteTest" time="0.023"/>
  <testcase name="runMozillaTest[6624, js=testsrc/tests/js1_5/extensions/regress-452565.js, opt=9]" classname="org.mozilla.javascript.tests.MozillaSuiteTest" time="0.002"/>
  <testcase name="runMozillaTest[6625, js=testsrc/tests/js1_5/extensions/regress-453249.js, opt=9]" classname="org.mozilla.javascript.tests.MozillaSuiteTest" time="0.01"/>
  <testcase name="runMozillaTest[6626, js=testsrc/tests/js1_5/extensions/regress-454040.js, opt=9]" classname="org.mozilla.javascript.tests.MozillaSuiteTest" time="0.022"/>
  <testcase name="runMozillaTest[6627, js=testsrc/tests/js1_5/extensions/regress-454704.js, opt=9]" classname="org.mozilla.javascript.tests.MozillaSuiteTest" time="0.003"/>
  <testcase name="runMozillaTest[6628, js=testsrc/tests/js1_5/extensions/regress-455380.js, opt=9]" classname="org.mozilla.javascript.tests.MozillaSuiteTest" time="0.043"/>
  <testcase name="runMozillaTest[6629, js=testsrc/tests/js1_5/extensions/regress-455408.js, opt=9]" classname="org.mozilla.javascript.tests.MozillaSuiteTest" time="0.003"/>
  <testcase name="runMozillaTest[6630, js=testsrc/tests/js1_5/extensions/regress-459606.js, opt=9]" classname="org.mozilla.javascript.tests.MozillaSuiteTest" time="0.009"/>
  <testcase name="runMozillaTest[6631, js=testsrc/tests/js1_5/extensions/regress-465276.js, opt=9]" classname="org.mozilla.javascript.tests.MozillaSuiteTest" time="0.018"/>
  <testcase name="runMozillaTest[6632, js=testsrc/tests/js1_5/extensions/regress-469625.js, opt=9]" classname="org.mozilla.javascript.tests.MozillaSuiteTest" time="0.003"/>
  <testcase name="runMozillaTest[6633, js=testsrc/tests/js1_5/extensions/regress-469761.js, opt=9]" classname="org.mozilla.javascript.tests.MozillaSuiteTest" time="0.013"/>
  <testcase name="runMozillaTest[6634, js=testsrc/tests/js1_5/extensions/regress-472599.js, opt=9]" classname="org.mozilla.javascript.tests.MozillaSuiteTest" time="0.015"/>
  <testcase name="runMozillaTest[6635, js=testsrc/tests/js1_5/extensions/regress-476447.js, opt=9]" classname="org.mozilla.javascript.tests.MozillaSuiteTest" time="0.003"/>
  <testcase name="runMozillaTest[6636, js=testsrc/tests/js1_5/extensions/regress-479487.js, opt=9]" classname="org.mozilla.javascript.tests.MozillaSuiteTest" time="0.003"/>
  <testcase name="runMozillaTest[6637, js=testsrc/tests/js1_5/extensions/regress-479551.js, opt=9]" classname="org.mozilla.javascript.tests.MozillaSuiteTest" time="0.023"/>
  <testcase name="runMozillaTest[6638, js=testsrc/tests/js1_5/extensions/regress-480579.js, opt=9]" classname="org.mozilla.javascript.tests.MozillaSuiteTest" time="0.02"/>
  <testcase name="runMozillaTest[6639, js=testsrc/tests/js1_5/extensions/regress-481516.js, opt=9]" classname="org.mozilla.javascript.tests.MozillaSuiteTest" time="0.01"/>
  <testcase name="runMozillaTest[6640, js=testsrc/tests/js1_5/extensions/regress-488995.js, opt=9]" classname="org.mozilla.javascript.tests.MozillaSuiteTest" time="0.003"/>
  <testcase name="runMozillaTest[6641, js=testsrc/tests/js1_5/extensions/regress-90596-001.js, opt=9]" classname="org.mozilla.javascript.tests.MozillaSuiteTest" time="0.036"/>
  <testcase name="runMozillaTest[6642, js=testsrc/tests/js1_5/extensions/regress-90596-002.js, opt=9]" classname="org.mozilla.javascript.tests.MozillaSuiteTest" time="0.053"/>
  <testcase name="runMozillaTest[6643, js=testsrc/tests/js1_5/extensions/regress-96284-001.js, opt=9]" classname="org.mozilla.javascript.tests.MozillaSuiteTest" time="0.013"/>
  <testcase name="runMozillaTest[6644, js=testsrc/tests/js1_5/extensions/regress-96284-002.js, opt=9]" classname="org.mozilla.javascript.tests.MozillaSuiteTest" time="0.026"/>
  <testcase name="runMozillaTest[6645, js=testsrc/tests/js1_5/extensions/scope-001.js, opt=9]" classname="org.mozilla.javascript.tests.MozillaSuiteTest" time="0.008"/>
  <testcase name="runMozillaTest[6646, js=testsrc/tests/js1_6/Array/filter.js, opt=9]" classname="org.mozilla.javascript.tests.MozillaSuiteTest" time="0.016"/>
  <testcase name="runMozillaTest[6647, js=testsrc/tests/js1_6/Array/regress-290592.js, opt=9]" classname="org.mozilla.javascript.tests.MozillaSuiteTest" time="0.172"/>
  <testcase name="runMozillaTest[6648, js=testsrc/tests/js1_6/Array/regress-304828.js, opt=9]" classname="org.mozilla.javascript.tests.MozillaSuiteTest" time="0.028"/>
  <testcase name="runMozillaTest[6649, js=testsrc/tests/js1_6/Array/regress-305002.js, opt=9]" classname="org.mozilla.javascript.tests.MozillaSuiteTest" time="0.03"/>
  <testcase name="runMozillaTest[6650, js=testsrc/tests/js1_6/Array/regress-310425-01.js, opt=9]" classname="org.mozilla.javascript.tests.MozillaSuiteTest" time="0.003"/>
  <testcase name="runMozillaTest[6651, js=testsrc/tests/js1_6/Array/regress-310425-02.js, opt=9]" classname="org.mozilla.javascript.tests.MozillaSuiteTest" time="0.011"/>
  <testcase name="runMozillaTest[6652, js=testsrc/tests/js1_6/Array/regress-320887.js, opt=9]" classname="org.mozilla.javascript.tests.MozillaSuiteTest" time="0.002"/>
  <testcase name="runMozillaTest[6653, js=testsrc/tests/js1_6/Array/regress-352742-01.js, opt=9]" classname="org.mozilla.javascript.tests.MozillaSuiteTest" time="0.016"/>
  <testcase name="runMozillaTest[6654, js=testsrc/tests/js1_6/Array/regress-352742-02.js, opt=9]" classname="org.mozilla.javascript.tests.MozillaSuiteTest" time="0.01"/>
  <testcase name="runMozillaTest[6655, js=testsrc/tests/js1_6/Array/regress-386030.js, opt=9]" classname="org.mozilla.javascript.tests.MozillaSuiteTest" time="0.026"/>
  <testcase name="runMozillaTest[6656, js=testsrc/tests/js1_6/Array/regress-415451.js, opt=9]" classname="org.mozilla.javascript.tests.MozillaSuiteTest" time="0.006"/>
  <testcase name="runMozillaTest[6657, js=testsrc/tests/js1_6/Array/regress-415540.js, opt=9]" classname="org.mozilla.javascript.tests.MozillaSuiteTest" time="0.016"/>
  <testcase name="runMozillaTest[6658, js=testsrc/tests/js1_6/Regress/regress-301574.js, opt=9]" classname="org.mozilla.javascript.tests.MozillaSuiteTest" time="0.019"/>
  <testcase name="runMozillaTest[6659, js=testsrc/tests/js1_6/Regress/regress-311157-01.js, opt=9]" classname="org.mozilla.javascript.tests.MozillaSuiteTest" time="0.02"/>
  <testcase name="runMozillaTest[6660, js=testsrc/tests/js1_6/Regress/regress-311157-02.js, opt=9]" classname="org.mozilla.javascript.tests.MozillaSuiteTest" time="0.003"/>
  <testcase name="runMozillaTest[6661, js=testsrc/tests/js1_6/Regress/regress-314887.js, opt=9]" classname="org.mozilla.javascript.tests.MozillaSuiteTest" time="0.002"/>
  <testcase name="runMozillaTest[6662, js=testsrc/tests/js1_6/Regress/regress-320172.js, opt=9]" classname="org.mozilla.javascript.tests.MozillaSuiteTest" time="0.016"/>
  <testcase name="runMozillaTest[6663, js=testsrc/tests/js1_6/Regress/regress-351795.js, opt=9]" classname="org.mozilla.javascript.tests.MozillaSuiteTest" time="0.015"/>
  <testcase name="runMozillaTest[6664, js=testsrc/tests/js1_6/Regress/regress-352271.js, opt=9]" classname="org.mozilla.javascript.tests.MozillaSuiteTest" time="0.03"/>
  <testcase name="runMozillaTest[6665, js=testsrc/tests/js1_6/Regress/regress-353078.js, opt=9]" classname="org.mozilla.javascript.tests.MozillaSuiteTest" time="0.014"/>
  <testcase name="runMozillaTest[6666, js=testsrc/tests/js1_6/Regress/regress-372565.js, opt=9]" classname="org.mozilla.javascript.tests.MozillaSuiteTest" time="0.002"/>
  <testcase name="runMozillaTest[6667, js=testsrc/tests/js1_6/Regress/regress-378492.js, opt=9]" classname="org.mozilla.javascript.tests.MozillaSuiteTest" time="0.017"/>
  <testcase name="runMozillaTest[6668, js=testsrc/tests/js1_6/Regress/regress-475469.js, opt=9]" classname="org.mozilla.javascript.tests.MozillaSuiteTest" time="0.011"/>
  <testcase name="runMozillaTest[6669, js=testsrc/tests/js1_6/Regress/regress-476655.js, opt=9]" classname="org.mozilla.javascript.tests.MozillaSuiteTest" time="0.008"/>
  <testcase name="runMozillaTest[6670, js=testsrc/tests/js1_6/decompilation/regress-352084.js, opt=9]" classname="org.mozilla.javascript.tests.MozillaSuiteTest" time="0.018"/>
  <testcase name="runMozillaTest[6671, js=testsrc/tests/js1_6/extensions/regress-385393-08.js, opt=9]" classname="org.mozilla.javascript.tests.MozillaSuiteTest" time="0.031"/>
  <testcase name="runMozillaTest[6672, js=testsrc/tests/js1_6/extensions/regress-455464-01.js, opt=9]" classname="org.mozilla.javascript.tests.MozillaSuiteTest" time="0.246"/>
  <testcase name="runMozillaTest[6673, js=testsrc/tests/js1_6/extensions/regress-455464-02.js, opt=9]" classname="org.mozilla.javascript.tests.MozillaSuiteTest" time="0.215"/>
  <testcase name="runMozillaTest[6674, js=testsrc/tests/js1_6/extensions/regress-455464-03.js, opt=9]" classname="org.mozilla.javascript.tests.MozillaSuiteTest" time="0.384"/>
  <testcase name="runMozillaTest[6675, js=testsrc/tests/js1_6/extensions/regress-455464-04.js, opt=9]" classname="org.mozilla.javascript.tests.MozillaSuiteTest" time="0.008"/>
  <testcase name="runMozillaTest[6676, js=testsrc/tests/js1_6/extensions/regress-457521.js, opt=9]" classname="org.mozilla.javascript.tests.MozillaSuiteTest" time="0.021"/>
  <testcase name="runMozillaTest[6677, js=testsrc/tests/js1_6/extensions/regress-472508.js, opt=9]" classname="org.mozilla.javascript.tests.MozillaSuiteTest" time="0.018"/>
  <testcase name="runMozillaTest[6678, js=testsrc/tests/js1_6/extensions/regress-475144.js, opt=9]" classname="org.mozilla.javascript.tests.MozillaSuiteTest" time="0.02"/>
  <testcase name="runMozillaTest[6679, js=testsrc/tests/js1_6/extensions/regress-479567.js, opt=9]" classname="org.mozilla.javascript.tests.MozillaSuiteTest" time="0.003"/>
  <testcase name="runMozillaTest[6680, js=testsrc/tests/js1_7/GC/regress-341675.js, opt=9]" classname="org.mozilla.javascript.tests.MozillaSuiteTest" time="0.224"/>
  <testcase name="runMozillaTest[6681, js=testsrc/tests/js1_7/block/order-of-operation.js, opt=9]" classname="org.mozilla.javascript.tests.MozillaSuiteTest" time="0.019"/>
  <testcase name="runMozillaTest[6682, js=testsrc/tests/js1_7/block/regress-341939.js, opt=9]" classname="org.mozilla.javascript.tests.MozillaSuiteTest" time="0.011"/>
  <testcase name="runMozillaTest[6683, js=testsrc/tests/js1_7/block/regress-343765.js, opt=9]" classname="org.mozilla.javascript.tests.MozillaSuiteTest" time="0.032"/>
  <testcase name="runMozillaTest[6684, js=testsrc/tests/js1_7/block/regress-344139.js, opt=9]" classname="org.mozilla.javascript.tests.MozillaSuiteTest" time="0.031"/>
  <testcase name="runMozillaTest[6685, js=testsrc/tests/js1_7/block/regress-344262.js, opt=9]" classname="org.mozilla.javascript.tests.MozillaSuiteTest" time="0.003"/>
  <testcase name="runMozillaTest[6686, js=testsrc/tests/js1_7/block/regress-344370.js, opt=9]" classname="org.mozilla.javascript.tests.MozillaSuiteTest" time="0.007"/>
  <testcase name="runMozillaTest[6687, js=testsrc/tests/js1_7/block/regress-345542.js, opt=9]" classname="org.mozilla.javascript.tests.MozillaSuiteTest" time="0.008"/>
  <testcase name="runMozillaTest[6688, js=testsrc/tests/js1_7/block/regress-348685.js, opt=9]" classname="org.mozilla.javascript.tests.MozillaSuiteTest" time="0.02"/>
  <testcase name="runMozillaTest[6689, js=testsrc/tests/js1_7/block/regress-349283.js, opt=9]" classname="org.mozilla.javascript.tests.MozillaSuiteTest" time="0.041"/>
  <testcase name="runMozillaTest[6690, js=testsrc/tests/js1_7/block/regress-349298.js, opt=9]" classname="org.mozilla.javascript.tests.MozillaSuiteTest" time="0.003"/>
  <testcase name="runMozillaTest[6691, js=testsrc/tests/js1_7/block/regress-349507.js, opt=9]" classname="org.mozilla.javascript.tests.MozillaSuiteTest" time="0.002"/>
  <testcase name="runMozillaTest[6692, js=testsrc/tests/js1_7/block/regress-349653.js, opt=9]" classname="org.mozilla.javascript.tests.MozillaSuiteTest" time="0.015"/>
  <testcase name="runMozillaTest[6693, js=testsrc/tests/js1_7/block/regress-349962.js, opt=9]" classname="org.mozilla.javascript.tests.MozillaSuiteTest" time="0.012"/>
  <testcase name="runMozillaTest[6694, js=testsrc/tests/js1_7/block/regress-350279.js, opt=9]" classname="org.mozilla.javascript.tests.MozillaSuiteTest" time="0.006"/>
  <testcase name="runMozillaTest[6695, js=testsrc/tests/js1_7/block/regress-350730.js, opt=9]" classname="org.mozilla.javascript.tests.MozillaSuiteTest" time="0.018"/>
  <testcase name="runMozillaTest[6696, js=testsrc/tests/js1_7/block/regress-350793-01.js, opt=9]" classname="org.mozilla.javascript.tests.MozillaSuiteTest" time="0.043"/>
  <testcase name="runMozillaTest[6697, js=testsrc/tests/js1_7/block/regress-351497.js, opt=9]" classname="org.mozilla.javascript.tests.MozillaSuiteTest" time="0.003"/>
  <testcase name="runMozillaTest[6698, js=testsrc/tests/js1_7/block/regress-351606.js, opt=9]" classname="org.mozilla.javascript.tests.MozillaSuiteTest" time="0.002"/>
  <testcase name="runMozillaTest[6699, js=testsrc/tests/js1_7/block/regress-352092.js, opt=9]" classname="org.mozilla.javascript.tests.MozillaSuiteTest" time="0.003"/>
  <testcase name="runMozillaTest[6700, js=testsrc/tests/js1_7/block/regress-352185.js, opt=9]" classname="org.mozilla.javascript.tests.MozillaSuiteTest" time="0.023"/>
  <testcase name="runMozillaTest[6701, js=testsrc/tests/js1_7/block/regress-352212.js, opt=9]" classname="org.mozilla.javascript.tests.MozillaSuiteTest" time="0.009"/>
  <testcase name="runMozillaTest[6702, js=testsrc/tests/js1_7/block/regress-352267.js, opt=9]" classname="org.mozilla.javascript.tests.MozillaSuiteTest" time="0.007"/>
  <testcase name="runMozillaTest[6703, js=testsrc/tests/js1_7/block/regress-352616.js, opt=9]" classname="org.mozilla.javascript.tests.MozillaSuiteTest" time="0.053"/>
  <testcase name="runMozillaTest[6704, js=testsrc/tests/js1_7/block/regress-352624.js, opt=9]" classname="org.mozilla.javascript.tests.MozillaSuiteTest" time="0.003"/>
  <testcase name="runMozillaTest[6705, js=testsrc/tests/js1_7/block/regress-352907.js, opt=9]" classname="org.mozilla.javascript.tests.MozillaSuiteTest" time="0.002"/>
  <testcase name="runMozillaTest[6706, js=testsrc/tests/js1_7/block/regress-357754.js, opt=9]" classname="org.mozilla.javascript.tests.MozillaSuiteTest" time="0.027"/>
  <testcase name="runMozillaTest[6707, js=testsrc/tests/js1_7/block/regress-358508.js, opt=9]" classname="org.mozilla.javascript.tests.MozillaSuiteTest" time="0.005"/>
  <testcase name="runMozillaTest[6708, js=testsrc/tests/js1_7/block/regress-376410.js, opt=9]" classname="org.mozilla.javascript.tests.MozillaSuiteTest" time="0.005"/>
  <testcase name="runMozillaTest[6709, js=testsrc/tests/js1_7/block/regress-396900.js, opt=9]" classname="org.mozilla.javascript.tests.MozillaSuiteTest" time="0.018"/>
  <testcase name="runMozillaTest[6710, js=testsrc/tests/js1_7/block/regress-411279.js, opt=9]" classname="org.mozilla.javascript.tests.MozillaSuiteTest" time="0.038"/>
  <testcase name="runMozillaTest[6711, js=testsrc/tests/js1_7/decompilation/regress-349633.js, opt=9]" classname="org.mozilla.javascript.tests.MozillaSuiteTest" time="0.004"/>
  <testcase name="runMozillaTest[6712, js=testsrc/tests/js1_7/decompilation/regress-350810.js, opt=9]" classname="org.mozilla.javascript.tests.MozillaSuiteTest" time="0.006"/>
  <testcase name="runMozillaTest[6713, js=testsrc/tests/js1_7/decompilation/regress-352015.js, opt=9]" classname="org.mozilla.javascript.tests.MozillaSuiteTest" time="0.027"/>
  <testcase name="runMozillaTest[6714, js=testsrc/tests/js1_7/decompilation/regress-352025.js, opt=9]" classname="org.mozilla.javascript.tests.MozillaSuiteTest" time="0.013"/>
  <testcase name="runMozillaTest[6715, js=testsrc/tests/js1_7/decompilation/regress-352198.js, opt=9]" classname="org.mozilla.javascript.tests.MozillaSuiteTest" time="0.025"/>
  <testcase name="runMozillaTest[6716, js=testsrc/tests/js1_7/decompilation/regress-352269.js, opt=9]" classname="org.mozilla.javascript.tests.MozillaSuiteTest" time="0.003"/>
  <testcase name="runMozillaTest[6717, js=testsrc/tests/js1_7/decompilation/regress-352272.js, opt=9]" classname="org.mozilla.javascript.tests.MozillaSuiteTest" time="0.022"/>
  <testcase name="runMozillaTest[6718, js=testsrc/tests/js1_7/decompilation/regress-352283.js, opt=9]" classname="org.mozilla.javascript.tests.MozillaSuiteTest" time="0.013"/>
  <testcase name="runMozillaTest[6719, js=testsrc/tests/js1_7/decompilation/regress-352732.js, opt=9]" classname="org.mozilla.javascript.tests.MozillaSuiteTest" time="0.004"/>
  <testcase name="runMozillaTest[6720, js=testsrc/tests/js1_7/decompilation/regress-355635.js, opt=9]" classname="org.mozilla.javascript.tests.MozillaSuiteTest" time="0.015"/>
  <testcase name="runMozillaTest[6721, js=testsrc/tests/js1_7/decompilation/regress-355786.js, opt=9]" classname="org.mozilla.javascript.tests.MozillaSuiteTest" time="0.028"/>
  <testcase name="runMozillaTest[6722, js=testsrc/tests/js1_7/decompilation/regress-375794.js, opt=9]" classname="org.mozilla.javascript.tests.MozillaSuiteTest" time="0.009"/>
  <testcase name="runMozillaTest[6723, js=testsrc/tests/js1_7/decompilation/regress-380506.js, opt=9]" classname="org.mozilla.javascript.tests.MozillaSuiteTest" time="0.021"/>
  <testcase name="runMozillaTest[6724, js=testsrc/tests/js1_7/decompilation/regress-410649.js, opt=9]" classname="org.mozilla.javascript.tests.MozillaSuiteTest" time="0.003"/>
  <testcase name="runMozillaTest[6725, js=testsrc/tests/js1_7/expressions/destructuring-scope.js, opt=9]" classname="org.mozilla.javascript.tests.MozillaSuiteTest" time="0.021"/>
  <testcase name="runMozillaTest[6726, js=testsrc/tests/js1_7/expressions/regress-346203.js, opt=9]" classname="org.mozilla.javascript.tests.MozillaSuiteTest" time="0.008"/>
  <testcase name="runMozillaTest[6727, js=testsrc/tests/js1_7/expressions/regress-346645-01.js, opt=9]" classname="org.mozilla.javascript.tests.MozillaSuiteTest" time="0.015"/>
  <testcase name="runMozillaTest[6728, js=testsrc/tests/js1_7/expressions/regress-346645-02.js, opt=9]" classname="org.mozilla.javascript.tests.MozillaSuiteTest" time="0.03"/>
  <testcase name="runMozillaTest[6729, js=testsrc/tests/js1_7/expressions/regress-346645-03.js, opt=9]" classname="org.mozilla.javascript.tests.MozillaSuiteTest" time="0.013"/>
  <testcase name="runMozillaTest[6730, js=testsrc/tests/js1_7/expressions/regress-349624.js, opt=9]" classname="org.mozilla.javascript.tests.MozillaSuiteTest" time="0.003"/>
  <testcase name="runMozillaTest[6731, js=testsrc/tests/js1_7/expressions/regress-349818.js, opt=9]" classname="org.mozilla.javascript.tests.MozillaSuiteTest" time="0.016"/>
  <testcase name="runMozillaTest[6732, js=testsrc/tests/js1_7/expressions/regress-418051.js, opt=9]" classname="org.mozilla.javascript.tests.MozillaSuiteTest" time="0.003"/>
  <testcase name="runMozillaTest[6733, js=testsrc/tests/js1_7/expressions/regress-421806.js, opt=9]" classname="org.mozilla.javascript.tests.MozillaSuiteTest" time="0.015"/>
  <testcase name="runMozillaTest[6734, js=testsrc/tests/js1_7/expressions/regress-451340.js, opt=9]" classname="org.mozilla.javascript.tests.MozillaSuiteTest" time="0.019"/>
  <testcase name="runMozillaTest[6735, js=testsrc/tests/js1_7/extensions/basic-Iterator.js, opt=9]" classname="org.mozilla.javascript.tests.MozillaSuiteTest" time="0.063"/>
  <testcase name="runMozillaTest[6736, js=testsrc/tests/js1_7/extensions/basic-for-each.js, opt=9]" classname="org.mozilla.javascript.tests.MozillaSuiteTest" time="0.004"/>
  <testcase name="runMozillaTest[6737, js=testsrc/tests/js1_7/extensions/basic-for-in.js, opt=9]" classname="org.mozilla.javascript.tests.MozillaSuiteTest" time="0.037"/>
  <testcase name="runMozillaTest[6738, js=testsrc/tests/js1_7/extensions/destructuring-order.js, opt=9]" classname="org.mozilla.javascript.tests.MozillaSuiteTest" time="0.015"/>
  <testcase name="runMozillaTest[6739, js=testsrc/tests/js1_7/extensions/iterator-ctor.js, opt=9]" classname="org.mozilla.javascript.tests.MozillaSuiteTest" time="0.034"/>
  <testcase name="runMozillaTest[6740, js=testsrc/tests/js1_7/extensions/regress-346021.js, opt=9]" classname="org.mozilla.javascript.tests.MozillaSuiteTest" time="0.004"/>
  <testcase name="runMozillaTest[6741, js=testsrc/tests/js1_7/extensions/regress-346642-02.js, opt=9]" classname="org.mozilla.javascript.tests.MozillaSuiteTest" time="0.009"/>
  <testcase name="runMozillaTest[6742, js=testsrc/tests/js1_7/extensions/regress-346773.js, opt=9]" classname="org.mozilla.javascript.tests.MozillaSuiteTest" time="0.017"/>
  <testcase name="runMozillaTest[6743, js=testsrc/tests/js1_7/extensions/regress-349619.js, opt=9]" classname="org.mozilla.javascript.tests.MozillaSuiteTest" time="0.003"/>
  <testcase name="runMozillaTest[6744, js=testsrc/tests/js1_7/extensions/regress-350312.js, opt=9]" classname="org.mozilla.javascript.tests.MozillaSuiteTest" time="0.018"/>
  <testcase name="runMozillaTest[6745, js=testsrc/tests/js1_7/extensions/regress-351070-02.js, opt=9]" classname="org.mozilla.javascript.tests.MozillaSuiteTest" time="0.011"/>
  <testcase name="runMozillaTest[6746, js=testsrc/tests/js1_7/extensions/regress-352797-01.js, opt=9]" classname="org.mozilla.javascript.tests.MozillaSuiteTest" time="0.036"/>
  <testcase name="runMozillaTest[6747, js=testsrc/tests/js1_7/extensions/regress-352885-01.js, opt=9]" classname="org.mozilla.javascript.tests.MozillaSuiteTest" time="0.003"/>
  <testcase name="runMozillaTest[6748, js=testsrc/tests/js1_7/extensions/regress-352885-02.js, opt=9]" classname="org.mozilla.javascript.tests.MozillaSuiteTest" time="0.007"/>
  <testcase name="runMozillaTest[6749, js=testsrc/tests/js1_7/extensions/regress-353214-02.js, opt=9]" classname="org.mozilla.javascript.tests.MozillaSuiteTest" time="0.027"/>
  <testcase name="runMozillaTest[6750, js=testsrc/tests/js1_7/extensions/regress-354499-01.js, opt=9]" classname="org.mozilla.javascript.tests.MozillaSuiteTest" time="0.008"/>
  <testcase name="runMozillaTest[6751, js=testsrc/tests/js1_7/extensions/regress-354499-02.js, opt=9]" classname="org.mozilla.javascript.tests.MozillaSuiteTest" time="0.021"/>
  <testcase name="runMozillaTest[6752, js=testsrc/tests/js1_7/extensions/regress-354945-01.js, opt=9]" classname="org.mozilla.javascript.tests.MozillaSuiteTest" time="0.017"/>
  <testcase name="runMozillaTest[6753, js=testsrc/tests/js1_7/extensions/regress-355052-01.js, opt=9]" classname="org.mozilla.javascript.tests.MozillaSuiteTest" time="0.228"/>
  <testcase name="runMozillaTest[6754, js=testsrc/tests/js1_7/extensions/regress-355052-02.js, opt=9]" classname="org.mozilla.javascript.tests.MozillaSuiteTest" time="0.203"/>
  <testcase name="runMozillaTest[6755, js=testsrc/tests/js1_7/extensions/regress-355052-03.js, opt=9]" classname="org.mozilla.javascript.tests.MozillaSuiteTest" time="0.216"/>
  <testcase name="runMozillaTest[6756, js=testsrc/tests/js1_7/extensions/regress-355410.js, opt=9]" classname="org.mozilla.javascript.tests.MozillaSuiteTest" time="0.003"/>
  <testcase name="runMozillaTest[6757, js=testsrc/tests/js1_7/extensions/regress-355512.js, opt=9]" classname="org.mozilla.javascript.tests.MozillaSuiteTest" time="0.411"/>
  <testcase name="runMozillaTest[6758, js=testsrc/tests/js1_7/extensions/regress-355578.js, opt=9]" classname="org.mozilla.javascript.tests.MozillaSuiteTest" time="0.204"/>
  <testcase name="runMozillaTest[6759, js=testsrc/tests/js1_7/extensions/regress-355583.js, opt=9]" classname="org.mozilla.javascript.tests.MozillaSuiteTest" time="0.015"/>
  <testcase name="runMozillaTest[6760, js=testsrc/tests/js1_7/extensions/regress-363040-01.js, opt=9]" classname="org.mozilla.javascript.tests.MozillaSuiteTest" time="0.039"/>
  <testcase name="runMozillaTest[6761, js=testsrc/tests/js1_7/extensions/regress-363040-02.js, opt=9]" classname="org.mozilla.javascript.tests.MozillaSuiteTest" time="0.015"/>
  <testcase name="runMozillaTest[6762, js=testsrc/tests/js1_7/extensions/regress-366668-01.js, opt=9]" classname="org.mozilla.javascript.tests.MozillaSuiteTest" time="0.028"/>
  <testcase name="runMozillaTest[6763, js=testsrc/tests/js1_7/extensions/regress-366668-02.js, opt=9]" classname="org.mozilla.javascript.tests.MozillaSuiteTest" time="0.003"/>
  <testcase name="runMozillaTest[6764, js=testsrc/tests/js1_7/extensions/regress-372364.js, opt=9]" classname="org.mozilla.javascript.tests.MozillaSuiteTest" time="0.004"/>
  <testcase name="runMozillaTest[6765, js=testsrc/tests/js1_7/extensions/regress-387955-01.js, opt=9]" classname="org.mozilla.javascript.tests.MozillaSuiteTest" time="0.217"/>
  <testcase name="runMozillaTest[6766, js=testsrc/tests/js1_7/extensions/regress-387955-02.js, opt=9]" classname="org.mozilla.javascript.tests.MozillaSuiteTest" time="0.042"/>
  <testcase name="runMozillaTest[6767, js=testsrc/tests/js1_7/extensions/regress-392308.js, opt=9]" classname="org.mozilla.javascript.tests.MozillaSuiteTest" time="0.004"/>
  <testcase name="runMozillaTest[6768, js=testsrc/tests/js1_7/extensions/regress-396326.js, opt=9]" classname="org.mozilla.javascript.tests.MozillaSuiteTest" time="0.002"/>
  <testcase name="runMozillaTest[6769, js=testsrc/tests/js1_7/extensions/regress-429266.js, opt=9]" classname="org.mozilla.javascript.tests.MozillaSuiteTest" time="0.022"/>
  <testcase name="runMozillaTest[6770, js=testsrc/tests/js1_7/extensions/regress-455982-01.js, opt=9]" classname="org.mozilla.javascript.tests.MozillaSuiteTest" time="0.009"/>
  <testcase name="runMozillaTest[6771, js=testsrc/tests/js1_7/extensions/regress-455982-02.js, opt=9]" classname="org.mozilla.javascript.tests.MozillaSuiteTest" time="0.019"/>
  <testcase name="runMozillaTest[6772, js=testsrc/tests/js1_7/extensions/regress-469234.js, opt=9]" classname="org.mozilla.javascript.tests.MozillaSuiteTest" time="0.012"/>
  <testcase name="runMozillaTest[6773, js=testsrc/tests/js1_7/extensions/regress-469405-01.js, opt=9]" classname="org.mozilla.javascript.tests.MozillaSuiteTest" time="0.033"/>
  <testcase name="runMozillaTest[6774, js=testsrc/tests/js1_7/extensions/regress-469405-02.js, opt=9]" classname="org.mozilla.javascript.tests.MozillaSuiteTest" time="0.003"/>
  <testcase name="runMozillaTest[6775, js=testsrc/tests/js1_7/extensions/regress-470176.js, opt=9]" classname="org.mozilla.javascript.tests.MozillaSuiteTest" time="0.002"/>
  <testcase name="runMozillaTest[6776, js=testsrc/tests/js1_7/extensions/regress-470300-01.js, opt=9]" classname="org.mozilla.javascript.tests.MozillaSuiteTest" time="0.022"/>
  <testcase name="runMozillaTest[6777, js=testsrc/tests/js1_7/extensions/regress-470300-02.js, opt=9]" classname="org.mozilla.javascript.tests.MozillaSuiteTest" time="0.008"/>
  <testcase name="runMozillaTest[6778, js=testsrc/tests/js1_7/extensions/regress-474771-01.js, opt=9]" classname="org.mozilla.javascript.tests.MozillaSuiteTest" time="0.02"/>
  <testcase name="runMozillaTest[6779, js=testsrc/tests/js1_7/extensions/regress-474771-02.js, opt=9]" classname="org.mozilla.javascript.tests.MozillaSuiteTest" time="0.007"/>
  <testcase name="runMozillaTest[6780, js=testsrc/tests/js1_7/extensions/regress-477048.js, opt=9]" classname="org.mozilla.javascript.tests.MozillaSuiteTest" time="0.016"/>
  <testcase name="runMozillaTest[6781, js=testsrc/tests/js1_7/geniter/326466-01.js, opt=9]" classname="org.mozilla.javascript.tests.MozillaSuiteTest" time="0.024"/>
  <testcase name="runMozillaTest[6782, js=testsrc/tests/js1_7/geniter/builtin-Iterator-function.js, opt=9]" classname="org.mozilla.javascript.tests.MozillaSuiteTest" time="0.016"/>
  <testcase name="runMozillaTest[6783, js=testsrc/tests/js1_7/geniter/evens.js, opt=9]" classname="org.mozilla.javascript.tests.MozillaSuiteTest" time="0.01"/>
  <testcase name="runMozillaTest[6784, js=testsrc/tests/js1_7/geniter/fibonacci-matrix-generator.js, opt=9]" classname="org.mozilla.javascript.tests.MozillaSuiteTest" time="0.027"/>
  <testcase name="runMozillaTest[6785, js=testsrc/tests/js1_7/geniter/iterator-toString.js, opt=9]" classname="org.mozilla.javascript.tests.MozillaSuiteTest" time="0.033"/>
  <testcase name="runMozillaTest[6786, js=testsrc/tests/js1_7/geniter/message-value-passing.js, opt=9]" classname="org.mozilla.javascript.tests.MozillaSuiteTest" time="0.014"/>
  <testcase name="runMozillaTest[6787, js=testsrc/tests/js1_7/geniter/multiple-close.js, opt=9]" classname="org.mozilla.javascript.tests.MozillaSuiteTest" time="0.003"/>
  <testcase name="runMozillaTest[6788, js=testsrc/tests/js1_7/geniter/nested-yield.js, opt=9]" classname="org.mozilla.javascript.tests.MozillaSuiteTest" time="0.026"/>
  <testcase name="runMozillaTest[6789, js=testsrc/tests/js1_7/geniter/pi-generator.js, opt=9]" classname="org.mozilla.javascript.tests.MozillaSuiteTest" time="0.016"/>
  <testcase name="runMozillaTest[6790, js=testsrc/tests/js1_7/geniter/regress-345736.js, opt=9]" classname="org.mozilla.javascript.tests.MozillaSuiteTest" time="0.013"/>
  <testcase name="runMozillaTest[6791, js=testsrc/tests/js1_7/geniter/regress-345855.js, opt=9]" classname="org.mozilla.javascript.tests.MozillaSuiteTest" time="0.017"/>
  <testcase name="runMozillaTest[6792, js=testsrc/tests/js1_7/geniter/regress-345879-01.js, opt=9]" classname="org.mozilla.javascript.tests.MozillaSuiteTest" time="0.029"/>
  <testcase name="runMozillaTest[6793, js=testsrc/tests/js1_7/geniter/regress-345879-02.js, opt=9]" classname="org.mozilla.javascript.tests.MozillaSuiteTest" time="0.003"/>
  <testcase name="runMozillaTest[6794, js=testsrc/tests/js1_7/geniter/regress-347593.js, opt=9]" classname="org.mozilla.javascript.tests.MozillaSuiteTest" time="0.015"/>
  <testcase name="runMozillaTest[6795, js=testsrc/tests/js1_7/geniter/regress-349012-02.js, opt=9]" classname="org.mozilla.javascript.tests.MozillaSuiteTest" time="0.018"/>
  <testcase name="runMozillaTest[6796, js=testsrc/tests/js1_7/geniter/regress-349012-03.js, opt=9]" classname="org.mozilla.javascript.tests.MozillaSuiteTest" time="0.003"/>
  <testcase name="runMozillaTest[6797, js=testsrc/tests/js1_7/geniter/regress-349012-04.js, opt=9]" classname="org.mozilla.javascript.tests.MozillaSuiteTest" time="0.037"/>
  <testcase name="runMozillaTest[6798, js=testsrc/tests/js1_7/geniter/regress-349012-05.js, opt=9]" classname="org.mozilla.javascript.tests.MozillaSuiteTest" time="0.003"/>
  <testcase name="runMozillaTest[6799, js=testsrc/tests/js1_7/geniter/regress-349023-01.js, opt=9]" classname="org.mozilla.javascript.tests.MozillaSuiteTest" time="0.007"/>
  <testcase name="runMozillaTest[6800, js=testsrc/tests/js1_7/geniter/regress-349023-02.js, opt=9]" classname="org.mozilla.javascript.tests.MozillaSuiteTest" time="0.021"/>
  <testcase name="runMozillaTest[6801, js=testsrc/tests/js1_7/geniter/regress-349023-03.js, opt=9]" classname="org.mozilla.javascript.tests.MozillaSuiteTest" time="0.002"/>
  <testcase name="runMozillaTest[6802, js=testsrc/tests/js1_7/geniter/regress-349362.js, opt=9]" classname="org.mozilla.javascript.tests.MozillaSuiteTest" time="0.018"/>
  <testcase name="runMozillaTest[6803, js=testsrc/tests/js1_7/geniter/regress-349851.js, opt=9]" classname="org.mozilla.javascript.tests.MozillaSuiteTest" time="0.003"/>
  <testcase name="runMozillaTest[6804, js=testsrc/tests/js1_7/geniter/regress-350621.js, opt=9]" classname="org.mozilla.javascript.tests.MozillaSuiteTest" time="0.096"/>
  <testcase name="runMozillaTest[6805, js=testsrc/tests/js1_7/geniter/regress-350809.js, opt=9]" classname="org.mozilla.javascript.tests.MozillaSuiteTest" time="0.019"/>
  <testcase name="runMozillaTest[6806, js=testsrc/tests/js1_7/geniter/regress-351120.js, opt=9]" classname="org.mozilla.javascript.tests.MozillaSuiteTest" time="0.019"/>
  <testcase name="runMozillaTest[6807, js=testsrc/tests/js1_7/geniter/regress-351514.js, opt=9]" classname="org.mozilla.javascript.tests.MozillaSuiteTest" time="0.004"/>
  <testcase name="runMozillaTest[6808, js=testsrc/tests/js1_7/geniter/regress-352197.js, opt=9]" classname="org.mozilla.javascript.tests.MozillaSuiteTest" time="0.019"/>
  <testcase name="runMozillaTest[6809, js=testsrc/tests/js1_7/geniter/regress-352605.js, opt=9]" classname="org.mozilla.javascript.tests.MozillaSuiteTest" time="0.021"/>
  <testcase name="runMozillaTest[6810, js=testsrc/tests/js1_7/geniter/regress-352876.js, opt=9]" classname="org.mozilla.javascript.tests.MozillaSuiteTest" time="0.012"/>
  <testcase name="runMozillaTest[6811, js=testsrc/tests/js1_7/geniter/regress-355834.js, opt=9]" classname="org.mozilla.javascript.tests.MozillaSuiteTest" time="0.039"/>
  <testcase name="runMozillaTest[6812, js=testsrc/tests/js1_7/geniter/regress-359062.js, opt=9]" classname="org.mozilla.javascript.tests.MozillaSuiteTest" time="0.003"/>
  <testcase name="runMozillaTest[6813, js=testsrc/tests/js1_7/geniter/regress-366941.js, opt=9]" classname="org.mozilla.javascript.tests.MozillaSuiteTest" time="0.012"/>
  <testcase name="runMozillaTest[6814, js=testsrc/tests/js1_7/geniter/regress-382335.js, opt=9]" classname="org.mozilla.javascript.tests.MozillaSuiteTest" time="0.027"/>
  <testcase name="runMozillaTest[6815, js=testsrc/tests/js1_7/geniter/regress-387871.js, opt=9]" classname="org.mozilla.javascript.tests.MozillaSuiteTest" time="0.009"/>
  <testcase name="runMozillaTest[6816, js=testsrc/tests/js1_7/geniter/regress-390918.js, opt=9]" classname="org.mozilla.javascript.tests.MozillaSuiteTest" time="0.607"/>
  <testcase name="runMozillaTest[6817, js=testsrc/tests/js1_7/geniter/regress-392310.js, opt=9]" classname="org.mozilla.javascript.tests.MozillaSuiteTest" time="0.028"/>
  <testcase name="runMozillaTest[6818, js=testsrc/tests/js1_7/geniter/regress-466206.js, opt=9]" classname="org.mozilla.javascript.tests.MozillaSuiteTest" time="0.22"/>
  <testcase name="runMozillaTest[6819, js=testsrc/tests/js1_7/geniter/send-no-rhs.js, opt=9]" classname="org.mozilla.javascript.tests.MozillaSuiteTest" time="0.004"/>
  <testcase name="runMozillaTest[6820, js=testsrc/tests/js1_7/geniter/sequential-yields.js, opt=9]" classname="org.mozilla.javascript.tests.MozillaSuiteTest" time="0.023"/>
  <testcase name="runMozillaTest[6821, js=testsrc/tests/js1_7/geniter/simple-fib.js, opt=9]" classname="org.mozilla.javascript.tests.MozillaSuiteTest" time="0.01"/>
  <testcase name="runMozillaTest[6822, js=testsrc/tests/js1_7/geniter/throw-after-close.js, opt=9]" classname="org.mozilla.javascript.tests.MozillaSuiteTest" time="0.018"/>
  <testcase name="runMozillaTest[6823, js=testsrc/tests/js1_7/geniter/throw-forever.js, opt=9]" classname="org.mozilla.javascript.tests.MozillaSuiteTest" time="0.026"/>
  <testcase name="runMozillaTest[6824, js=testsrc/tests/js1_7/geniter/unreachable-yield.js, opt=9]" classname="org.mozilla.javascript.tests.MozillaSuiteTest" time="0.028"/>
  <testcase name="runMozillaTest[6825, js=testsrc/tests/js1_7/geniter/yield-undefined.js, opt=9]" classname="org.mozilla.javascript.tests.MozillaSuiteTest" time="0.004"/>
  <testcase name="runMozillaTest[6826, js=testsrc/tests/js1_7/iterable/regress-340526-01.js, opt=9]" classname="org.mozilla.javascript.tests.MozillaSuiteTest" time="0.009"/>
  <testcase name="runMozillaTest[6827, js=testsrc/tests/js1_7/iterable/regress-341496.js, opt=9]" classname="org.mozilla.javascript.tests.MozillaSuiteTest" time="0.03"/>
  <testcase name="runMozillaTest[6828, js=testsrc/tests/js1_7/iterable/regress-341499.js, opt=9]" classname="org.mozilla.javascript.tests.MozillaSuiteTest" time="0.257"/>
  <testcase name="runMozillaTest[6829, js=testsrc/tests/js1_7/iterable/regress-341510.js, opt=9]" classname="org.mozilla.javascript.tests.MozillaSuiteTest" time="0.21"/>
  <testcase name="runMozillaTest[6830, js=testsrc/tests/js1_7/iterable/regress-341815.js, opt=9]" classname="org.mozilla.javascript.tests.MozillaSuiteTest" time="0.018"/>
  <testcase name="runMozillaTest[6831, js=testsrc/tests/js1_7/iterable/regress-341821.js, opt=9]" classname="org.mozilla.javascript.tests.MozillaSuiteTest" time="0.014"/>
  <testcase name="runMozillaTest[6832, js=testsrc/tests/js1_7/iterable/regress-354750-01.js, opt=9]" classname="org.mozilla.javascript.tests.MozillaSuiteTest" time="0.005"/>
  <testcase name="runMozillaTest[6833, js=testsrc/tests/js1_7/iterable/regress-355025.js, opt=9]" classname="org.mozilla.javascript.tests.MozillaSuiteTest" time="0.025"/>
  <testcase name="runMozillaTest[6834, js=testsrc/tests/js1_7/iterable/regress-355075-01.js, opt=9]" classname="org.mozilla.javascript.tests.MozillaSuiteTest" time="0.029"/>
  <testcase name="runMozillaTest[6835, js=testsrc/tests/js1_7/iterable/regress-355075-02.js, opt=9]" classname="org.mozilla.javascript.tests.MozillaSuiteTest" time="0.003"/>
  <testcase name="runMozillaTest[6836, js=testsrc/tests/js1_7/iterable/regress-355090.js, opt=9]" classname="org.mozilla.javascript.tests.MozillaSuiteTest" time="0.006"/>
  <testcase name="runMozillaTest[6837, js=testsrc/tests/js1_7/iterable/regress-412467.js, opt=9]" classname="org.mozilla.javascript.tests.MozillaSuiteTest" time="0.025"/>
  <testcase name="runMozillaTest[6838, js=testsrc/tests/js1_7/iterable/regress-415922.js, opt=9]" classname="org.mozilla.javascript.tests.MozillaSuiteTest" time="0.004"/>
  <testcase name="runMozillaTest[6839, js=testsrc/tests/js1_7/lexical/regress-346642-04.js, opt=9]" classname="org.mozilla.javascript.tests.MozillaSuiteTest" time="0.015"/>
  <testcase name="runMozillaTest[6840, js=testsrc/tests/js1_7/regress/regress-352640-01.js, opt=9]" classname="org.mozilla.javascript.tests.MozillaSuiteTest" time="0.037"/>
  <testcase name="runMozillaTest[6841, js=testsrc/tests/js1_7/regress/regress-352640-02.js, opt=9]" classname="org.mozilla.javascript.tests.MozillaSuiteTest" time="0.003"/>
  <testcase name="runMozillaTest[6842, js=testsrc/tests/js1_7/regress/regress-352640-03.js, opt=9]" classname="org.mozilla.javascript.tests.MozillaSuiteTest" time="0.002"/>
  <testcase name="runMozillaTest[6843, js=testsrc/tests/js1_7/regress/regress-352640-04.js, opt=9]" classname="org.mozilla.javascript.tests.MozillaSuiteTest" time="0.007"/>
  <testcase name="runMozillaTest[6844, js=testsrc/tests/js1_7/regress/regress-352797-02.js, opt=9]" classname="org.mozilla.javascript.tests.MozillaSuiteTest" time="0.029"/>
  <testcase name="runMozillaTest[6845, js=testsrc/tests/js1_7/regress/regress-352870-03.js, opt=9]" classname="org.mozilla.javascript.tests.MozillaSuiteTest" time="0.004"/>
  <testcase name="runMozillaTest[6846, js=testsrc/tests/js1_7/regress/regress-353079.js, opt=9]" classname="org.mozilla.javascript.tests.MozillaSuiteTest" time="0.012"/>
  <testcase name="runMozillaTest[6847, js=testsrc/tests/js1_7/regress/regress-355023.js, opt=9]" classname="org.mozilla.javascript.tests.MozillaSuiteTest" time="0.042"/>
  <testcase name="runMozillaTest[6848, js=testsrc/tests/js1_7/regress/regress-355832-01.js, opt=9]" classname="org.mozilla.javascript.tests.MozillaSuiteTest" time="0.002"/>
  <testcase name="runMozillaTest[6849, js=testsrc/tests/js1_7/regress/regress-355832-02.js, opt=9]" classname="org.mozilla.javascript.tests.MozillaSuiteTest" time="0.002"/>
  <testcase name="runMozillaTest[6850, js=testsrc/tests/js1_7/regress/regress-361566.js, opt=9]" classname="org.mozilla.javascript.tests.MozillaSuiteTest" time="0.003"/>
  <testcase name="runMozillaTest[6851, js=testsrc/tests/js1_7/regress/regress-363040-02.js, opt=9]" classname="org.mozilla.javascript.tests.MozillaSuiteTest" time="0.032"/>
  <testcase name="runMozillaTest[6852, js=testsrc/tests/js1_7/regress/regress-369666-01.js, opt=9]" classname="org.mozilla.javascript.tests.MozillaSuiteTest" time="0.003"/>
  <testcase name="runMozillaTest[6853, js=testsrc/tests/js1_7/regress/regress-369666-02.js, opt=9]" classname="org.mozilla.javascript.tests.MozillaSuiteTest" time="0.009"/>
  <testcase name="runMozillaTest[6854, js=testsrc/tests/js1_7/regress/regress-372331.js, opt=9]" classname="org.mozilla.javascript.tests.MozillaSuiteTest" time="0.029"/>
  <testcase name="runMozillaTest[6855, js=testsrc/tests/js1_7/regress/regress-373827-01.js, opt=9]" classname="org.mozilla.javascript.tests.MozillaSuiteTest" time="0.009"/>
  <testcase name="runMozillaTest[6856, js=testsrc/tests/js1_7/regress/regress-373827-02.js, opt=9]" classname="org.mozilla.javascript.tests.MozillaSuiteTest" time="0.021"/>
  <testcase name="runMozillaTest[6857, js=testsrc/tests/js1_7/regress/regress-373828.js, opt=9]" classname="org.mozilla.javascript.tests.MozillaSuiteTest" time="0.003"/>
  <testcase name="runMozillaTest[6858, js=testsrc/tests/js1_7/regress/regress-379442.js, opt=9]" classname="org.mozilla.javascript.tests.MozillaSuiteTest" time="0.016"/>
  <testcase name="runMozillaTest[6859, js=testsrc/tests/js1_7/regress/regress-385393-05.js, opt=9]" classname="org.mozilla.javascript.tests.MozillaSuiteTest" time="0.006"/>
  <testcase name="runMozillaTest[6860, js=testsrc/tests/js1_7/regress/regress-387951.js, opt=9]" classname="org.mozilla.javascript.tests.MozillaSuiteTest" time="0.012"/>
  <testcase name="runMozillaTest[6861, js=testsrc/tests/js1_7/regress/regress-407727-01.js, opt=9]" classname="org.mozilla.javascript.tests.MozillaSuiteTest" time="0.016"/>
  <testcase name="runMozillaTest[6862, js=testsrc/tests/js1_7/regress/regress-407727-02.js, opt=9]" classname="org.mozilla.javascript.tests.MozillaSuiteTest" time="0.017"/>
  <testcase name="runMozillaTest[6863, js=testsrc/tests/js1_7/regress/regress-407957.js, opt=9]" classname="org.mozilla.javascript.tests.MozillaSuiteTest" time="0.002"/>
  <testcase name="runMozillaTest[6864, js=testsrc/tests/js1_7/regress/regress-414553.js, opt=9]" classname="org.mozilla.javascript.tests.MozillaSuiteTest" time="0.002"/>
  <testcase name="runMozillaTest[6865, js=testsrc/tests/js1_7/regress/regress-416601.js, opt=9]" classname="org.mozilla.javascript.tests.MozillaSuiteTest" time="0.008"/>
  <testcase name="runMozillaTest[6866, js=testsrc/tests/js1_7/regress/regress-416705.js, opt=9]" classname="org.mozilla.javascript.tests.MozillaSuiteTest" time="0.02"/>
  <testcase name="runMozillaTest[6867, js=testsrc/tests/js1_7/regress/regress-418641.js, opt=9]" classname="org.mozilla.javascript.tests.MozillaSuiteTest" time="0.032"/>
  <testcase name="runMozillaTest[6868, js=testsrc/tests/js1_7/regress/regress-419803.js, opt=9]" classname="org.mozilla.javascript.tests.MozillaSuiteTest" time="0.003"/>
  <testcase name="runMozillaTest[6869, js=testsrc/tests/js1_7/regress/regress-428706.js, opt=9]" classname="org.mozilla.javascript.tests.MozillaSuiteTest" time="0.052"/>
  <testcase name="runMozillaTest[6870, js=testsrc/tests/js1_7/regress/regress-428708.js, opt=9]" classname="org.mozilla.javascript.tests.MozillaSuiteTest" time="0.003"/>
  <testcase name="runMozillaTest[6871, js=testsrc/tests/js1_7/regress/regress-452703.js, opt=9]" classname="org.mozilla.javascript.tests.MozillaSuiteTest" time="0.003"/>
  <testcase name="runMozillaTest[6872, js=testsrc/tests/js1_7/regress/regress-452960.js, opt=9]" classname="org.mozilla.javascript.tests.MozillaSuiteTest" time="0.002"/>
  <testcase name="runMozillaTest[6873, js=testsrc/tests/js1_7/regress/regress-453049.js, opt=9]" classname="org.mozilla.javascript.tests.MozillaSuiteTest" time="0.028"/>
  <testcase name="runMozillaTest[6874, js=testsrc/tests/js1_7/regress/regress-453051.js, opt=9]" classname="org.mozilla.javascript.tests.MozillaSuiteTest" time="0.005"/>
  <testcase name="runMozillaTest[6875, js=testsrc/tests/js1_7/regress/regress-453411.js, opt=9]" classname="org.mozilla.javascript.tests.MozillaSuiteTest" time="0.003"/>
  <testcase name="runMozillaTest[6876, js=testsrc/tests/js1_7/regress/regress-461235.js, opt=9]" classname="org.mozilla.javascript.tests.MozillaSuiteTest" time="0.013"/>
  <testcase name="runMozillaTest[6877, js=testsrc/tests/js1_7/regress/regress-461945.js, opt=9]" classname="org.mozilla.javascript.tests.MozillaSuiteTest" time="0.031"/>
  <testcase name="runMozillaTest[6878, js=testsrc/tests/js1_7/regress/regress-462071.js, opt=9]" classname="org.mozilla.javascript.tests.MozillaSuiteTest" time="0.002"/>
  <testcase name="runMozillaTest[6879, js=testsrc/tests/js1_7/regress/regress-462282.js, opt=9]" classname="org.mozilla.javascript.tests.MozillaSuiteTest" time="0.012"/>
  <testcase name="runMozillaTest[6880, js=testsrc/tests/js1_7/regress/regress-462388.js, opt=9]" classname="org.mozilla.javascript.tests.MozillaSuiteTest" time="0.018"/>
  <testcase name="runMozillaTest[6881, js=testsrc/tests/js1_7/regress/regress-462407.js, opt=9]" classname="org.mozilla.javascript.tests.MozillaSuiteTest" time="0.003"/>
  <testcase name="runMozillaTest[6882, js=testsrc/tests/js1_7/regress/regress-464403.js, opt=9]" classname="org.mozilla.javascript.tests.MozillaSuiteTest" time="0.01"/>
  <testcase name="runMozillaTest[6883, js=testsrc/tests/js1_7/regress/regress-465236.js, opt=9]" classname="org.mozilla.javascript.tests.MozillaSuiteTest" time="0.005"/>
  <testcase name="runMozillaTest[6884, js=testsrc/tests/js1_7/regress/regress-465424.js, opt=9]" classname="org.mozilla.javascript.tests.MozillaSuiteTest" time="0.016"/>
  <testcase name="runMozillaTest[6885, js=testsrc/tests/js1_7/regress/regress-465484.js, opt=9]" classname="org.mozilla.javascript.tests.MozillaSuiteTest" time="0.01"/>
  <testcase name="runMozillaTest[6886, js=testsrc/tests/js1_7/regress/regress-465686.js, opt=9]" classname="org.mozilla.javascript.tests.MozillaSuiteTest" time="0.017"/>
  <testcase name="runMozillaTest[6887, js=testsrc/tests/js1_7/regress/regress-469239-01.js, opt=9]" classname="org.mozilla.javascript.tests.MozillaSuiteTest" time="0.028"/>
  <testcase name="runMozillaTest[6888, js=testsrc/tests/js1_7/regress/regress-469239-02.js, opt=9]" classname="org.mozilla.javascript.tests.MozillaSuiteTest" time="0.003"/>
  <testcase name="runMozillaTest[6889, js=testsrc/tests/js1_7/regress/regress-470223.js, opt=9]" classname="org.mozilla.javascript.tests.MozillaSuiteTest" time="0.007"/>
  <testcase name="runMozillaTest[6890, js=testsrc/tests/js1_7/regress/regress-470388-01.js, opt=9]" classname="org.mozilla.javascript.tests.MozillaSuiteTest" time="0.025"/>
  <testcase name="runMozillaTest[6891, js=testsrc/tests/js1_7/regress/regress-470388-02.js, opt=9]" classname="org.mozilla.javascript.tests.MozillaSuiteTest" time="0.003"/>
  <testcase name="runMozillaTest[6892, js=testsrc/tests/js1_7/regress/regress-470388-03.js, opt=9]" classname="org.mozilla.javascript.tests.MozillaSuiteTest" time="0.016"/>
  <testcase name="runMozillaTest[6893, js=testsrc/tests/js1_7/regress/regress-474771.js, opt=9]" classname="org.mozilla.javascript.tests.MozillaSuiteTest" time="0.03"/>
  <testcase name="runMozillaTest[6894, js=testsrc/tests/js1_8/decompilation/regress-260106.js, opt=9]" classname="org.mozilla.javascript.tests.MozillaSuiteTest" time="0.01"/>
  <testcase name="runMozillaTest[6895, js=testsrc/tests/js1_8/decompilation/regress-381504.js, opt=9]" classname="org.mozilla.javascript.tests.MozillaSuiteTest" time="0.006"/>
  <testcase name="runMozillaTest[6896, js=testsrc/tests/js1_8/decompilation/regress-461233.js, opt=9]" classname="org.mozilla.javascript.tests.MozillaSuiteTest" time="0.024"/>
  <testcase name="runMozillaTest[6897, js=testsrc/tests/js1_8/decompilation/regress-469625-01.js, opt=9]" classname="org.mozilla.javascript.tests.MozillaSuiteTest" time="0.009"/>
  <testcase name="runMozillaTest[6898, js=testsrc/tests/js1_8/extensions/dekker.js, opt=9]" classname="org.mozilla.javascript.tests.MozillaSuiteTest" time="0.046"/>
  <testcase name="runMozillaTest[6899, js=testsrc/tests/js1_8/extensions/for-in.js, opt=9]" classname="org.mozilla.javascript.tests.MozillaSuiteTest" time="0.01"/>
  <testcase name="runMozillaTest[6900, js=testsrc/tests/js1_8/extensions/lamport.js, opt=9]" classname="org.mozilla.javascript.tests.MozillaSuiteTest" time="0.029"/>
  <testcase name="runMozillaTest[6901, js=testsrc/tests/js1_8/extensions/peterson.js, opt=9]" classname="org.mozilla.javascript.tests.MozillaSuiteTest" time="0.026"/>
  <testcase name="runMozillaTest[6902, js=testsrc/tests/js1_8/extensions/regress-378789.js, opt=9]" classname="org.mozilla.javascript.tests.MozillaSuiteTest" time="0.015"/>
  <testcase name="runMozillaTest[6903, js=testsrc/tests/js1_8/extensions/regress-385393-01.js, opt=9]" classname="org.mozilla.javascript.tests.MozillaSuiteTest" time="0.009"/>
  <testcase name="runMozillaTest[6904, js=testsrc/tests/js1_8/extensions/regress-385393-10.js, opt=9]" classname="org.mozilla.javascript.tests.MozillaSuiteTest" time="0.02"/>
  <testcase name="runMozillaTest[6905, js=testsrc/tests/js1_8/extensions/regress-385393-11.js, opt=9]" classname="org.mozilla.javascript.tests.MozillaSuiteTest" time="0.02"/>
  <testcase name="runMozillaTest[6906, js=testsrc/tests/js1_8/extensions/regress-415721.js, opt=9]" classname="org.mozilla.javascript.tests.MozillaSuiteTest" time="0.003"/>
  <testcase name="runMozillaTest[6907, js=testsrc/tests/js1_8/extensions/regress-417131.js, opt=9]" classname="org.mozilla.javascript.tests.MozillaSuiteTest" time="6.095"/>
  <testcase name="runMozillaTest[6908, js=testsrc/tests/js1_8/extensions/regress-417817.js, opt=9]" classname="org.mozilla.javascript.tests.MozillaSuiteTest" time="0.003"/>
  <testcase name="runMozillaTest[6909, js=testsrc/tests/js1_8/extensions/regress-419091.js, opt=9]" classname="org.mozilla.javascript.tests.MozillaSuiteTest" time="0.025"/>
  <testcase name="runMozillaTest[6910, js=testsrc/tests/js1_8/extensions/regress-422269.js, opt=9]" classname="org.mozilla.javascript.tests.MozillaSuiteTest" time="0.007"/>
  <testcase name="runMozillaTest[6911, js=testsrc/tests/js1_8/extensions/regress-445818.js, opt=9]" classname="org.mozilla.javascript.tests.MozillaSuiteTest" time="0.004"/>
  <testcase name="runMozillaTest[6912, js=testsrc/tests/js1_8/extensions/regress-446169-01.js, opt=9]" classname="org.mozilla.javascript.tests.MozillaSuiteTest" time="0.015"/>
  <testcase name="runMozillaTest[6913, js=testsrc/tests/js1_8/extensions/regress-446169-02.js, opt=9]" classname="org.mozilla.javascript.tests.MozillaSuiteTest" time="0.333"/>
  <testcase name="runMozillaTest[6914, js=testsrc/tests/js1_8/extensions/regress-452476.js, opt=9]" classname="org.mozilla.javascript.tests.MozillaSuiteTest" time="0.031"/>
  <testcase name="runMozillaTest[6915, js=testsrc/tests/js1_8/extensions/regress-452913.js, opt=9]" classname="org.mozilla.javascript.tests.MozillaSuiteTest" time="0.003"/>
  <testcase name="runMozillaTest[6916, js=testsrc/tests/js1_8/extensions/regress-454744.js, opt=9]" classname="org.mozilla.javascript.tests.MozillaSuiteTest" time="0.007"/>
  <testcase name="runMozillaTest[6917, js=testsrc/tests/js1_8/extensions/regress-455973.js, opt=9]" classname="org.mozilla.javascript.tests.MozillaSuiteTest" time="0.026"/>
  <testcase name="runMozillaTest[6918, js=testsrc/tests/js1_8/extensions/regress-465337.js, opt=9]" classname="org.mozilla.javascript.tests.MozillaSuiteTest" time="0.024"/>
  <testcase name="runMozillaTest[6919, js=testsrc/tests/js1_8/extensions/regress-471197.js, opt=9]" classname="org.mozilla.javascript.tests.MozillaSuiteTest" time="0.003"/>
  <testcase name="runMozillaTest[6920, js=testsrc/tests/js1_8/extensions/regress-475971.js, opt=9]" classname="org.mozilla.javascript.tests.MozillaSuiteTest" time="0.016"/>
  <testcase name="runMozillaTest[6921, js=testsrc/tests/js1_8/extensions/regress-476427.js, opt=9]" classname="org.mozilla.javascript.tests.MozillaSuiteTest" time="13.391"/>
  <testcase name="runMozillaTest[6922, js=testsrc/tests/js1_8/extensions/regress-476653.js, opt=9]" classname="org.mozilla.javascript.tests.MozillaSuiteTest" time="0.021"/>
  <testcase name="runMozillaTest[6923, js=testsrc/tests/js1_8/extensions/regress-476871-02.js, opt=9]" classname="org.mozilla.javascript.tests.MozillaSuiteTest" time="0.031"/>
  <testcase name="runMozillaTest[6924, js=testsrc/tests/js1_8/extensions/regress-479252.js, opt=9]" classname="org.mozilla.javascript.tests.MozillaSuiteTest" time="0.006"/>
  <testcase name="runMozillaTest[6925, js=testsrc/tests/js1_8/extensions/regress-479381.js, opt=9]" classname="org.mozilla.javascript.tests.MozillaSuiteTest" time="0.012"/>
  <testcase name="runMozillaTest[6926, js=testsrc/tests/js1_8/extensions/simple-tree.js, opt=9]" classname="org.mozilla.javascript.tests.MozillaSuiteTest" time="0.016"/>
  <testcase name="runMozillaTest[6927, js=testsrc/tests/js1_8/genexps/regress-347739.js, opt=9]" classname="org.mozilla.javascript.tests.MozillaSuiteTest" time="0.016"/>
  <testcase name="runMozillaTest[6928, js=testsrc/tests/js1_8/genexps/regress-380237-01.js, opt=9]" classname="org.mozilla.javascript.tests.MozillaSuiteTest" time="1.579"/>
  <testcase name="runMozillaTest[6929, js=testsrc/tests/js1_8/regress/regress-404734.js, opt=9]" classname="org.mozilla.javascript.tests.MozillaSuiteTest" time="0.032"/>
  <testcase name="runMozillaTest[6930, js=testsrc/tests/js1_8/regress/regress-427798.js, opt=9]" classname="org.mozilla.javascript.tests.MozillaSuiteTest" time="0.525"/>
  <testcase name="runMozillaTest[6931, js=testsrc/tests/js1_8/regress/regress-433279-01.js, opt=9]" classname="org.mozilla.javascript.tests.MozillaSuiteTest" time="0.003"/>
  <testcase name="runMozillaTest[6932, js=testsrc/tests/js1_8/regress/regress-433279-02.js, opt=9]" classname="org.mozilla.javascript.tests.MozillaSuiteTest" time="0.016"/>
  <testcase name="runMozillaTest[6933, js=testsrc/tests/js1_8/regress/regress-433279-03.js, opt=9]" classname="org.mozilla.javascript.tests.MozillaSuiteTest" time="0.012"/>
  <testcase name="runMozillaTest[6934, js=testsrc/tests/js1_8/regress/regress-452491.js, opt=9]" classname="org.mozilla.javascript.tests.MozillaSuiteTest" time="0.006"/>
  <testcase name="runMozillaTest[6935, js=testsrc/tests/js1_8/regress/regress-457065-01.js, opt=9]" classname="org.mozilla.javascript.tests.MozillaSuiteTest" time="0.036"/>
  <testcase name="runMozillaTest[6936, js=testsrc/tests/js1_8/regress/regress-457065-02.js, opt=9]" classname="org.mozilla.javascript.tests.MozillaSuiteTest" time="0.003"/>
  <testcase name="runMozillaTest[6937, js=testsrc/tests/js1_8/regress/regress-458076.js, opt=9]" classname="org.mozilla.javascript.tests.MozillaSuiteTest" time="0.004"/>
  <testcase name="runMozillaTest[6938, js=testsrc/tests/js1_8/regress/regress-459389.js, opt=9]" classname="org.mozilla.javascript.tests.MozillaSuiteTest" time="0.028"/>
  <testcase name="runMozillaTest[6939, js=testsrc/tests/js1_8/regress/regress-461930.js, opt=9]" classname="org.mozilla.javascript.tests.MozillaSuiteTest" time="0.706"/>
  <testcase name="runMozillaTest[6940, js=testsrc/tests/js1_8/regress/regress-461932.js, opt=9]" classname="org.mozilla.javascript.tests.MozillaSuiteTest" time="0.003"/>
  <testcase name="runMozillaTest[6941, js=testsrc/tests/js1_8/regress/regress-463334-01.js, opt=9]" classname="org.mozilla.javascript.tests.MozillaSuiteTest" time="0.037"/>
  <testcase name="runMozillaTest[6942, js=testsrc/tests/js1_8/regress/regress-463334-02.js, opt=9]" classname="org.mozilla.javascript.tests.MozillaSuiteTest" time="0.004"/>
  <testcase name="runMozillaTest[6943, js=testsrc/tests/js1_8/regress/regress-463783.js, opt=9]" classname="org.mozilla.javascript.tests.MozillaSuiteTest" time="0.013"/>
  <testcase name="runMozillaTest[6944, js=testsrc/tests/js1_8/regress/regress-464092-01.js, opt=9]" classname="org.mozilla.javascript.tests.MozillaSuiteTest" time="0.017"/>
  <testcase name="runMozillaTest[6945, js=testsrc/tests/js1_8/regress/regress-464092-02.js, opt=9]" classname="org.mozilla.javascript.tests.MozillaSuiteTest" time="0.01"/>
  <testcase name="runMozillaTest[6946, js=testsrc/tests/js1_8/regress/regress-464096.js, opt=9]" classname="org.mozilla.javascript.tests.MozillaSuiteTest" time="0.15"/>
  <testcase name="runMozillaTest[6947, js=testsrc/tests/js1_8/regress/regress-464418.js, opt=9]" classname="org.mozilla.javascript.tests.MozillaSuiteTest" time="0.037"/>
  <testcase name="runMozillaTest[6948, js=testsrc/tests/js1_8/regress/regress-464978.js, opt=9]" classname="org.mozilla.javascript.tests.MozillaSuiteTest" time="0.003"/>
  <testcase name="runMozillaTest[6949, js=testsrc/tests/js1_8/regress/regress-465220.js, opt=9]" classname="org.mozilla.javascript.tests.MozillaSuiteTest" time="0.014"/>
  <testcase name="runMozillaTest[6950, js=testsrc/tests/js1_8/regress/regress-465234.js, opt=9]" classname="org.mozilla.javascript.tests.MozillaSuiteTest" time="0.003"/>
  <testcase name="runMozillaTest[6951, js=testsrc/tests/js1_8/regress/regress-465239.js, opt=9]" classname="org.mozilla.javascript.tests.MozillaSuiteTest" time="0.016"/>
  <testcase name="runMozillaTest[6952, js=testsrc/tests/js1_8/regress/regress-465241.js, opt=9]" classname="org.mozilla.javascript.tests.MozillaSuiteTest" time="0.029"/>
  <testcase name="runMozillaTest[6953, js=testsrc/tests/js1_8/regress/regress-465249.js, opt=9]" classname="org.mozilla.javascript.tests.MozillaSuiteTest" time="0.008"/>
  <testcase name="runMozillaTest[6954, js=testsrc/tests/js1_8/regress/regress-465261.js, opt=9]" classname="org.mozilla.javascript.tests.MozillaSuiteTest" time="0.002"/>
  <testcase name="runMozillaTest[6955, js=testsrc/tests/js1_8/regress/regress-465308.js, opt=9]" classname="org.mozilla.javascript.tests.MozillaSuiteTest" time="0.005"/>
  <testcase name="runMozillaTest[6956, js=testsrc/tests/js1_8/regress/regress-465454.js, opt=9]" classname="org.mozilla.javascript.tests.MozillaSuiteTest" time="0.024"/>
  <testcase name="runMozillaTest[6957, js=testsrc/tests/js1_8/regress/regress-465460-02.js, opt=9]" classname="org.mozilla.javascript.tests.MozillaSuiteTest" time="0.009"/>
  <testcase name="runMozillaTest[6958, js=testsrc/tests/js1_8/regress/regress-465460-03.js, opt=9]" classname="org.mozilla.javascript.tests.MozillaSuiteTest" time="0.002"/>
  <testcase name="runMozillaTest[6959, js=testsrc/tests/js1_8/regress/regress-465460-04.js, opt=9]" classname="org.mozilla.javascript.tests.MozillaSuiteTest" time="0.012"/>
  <testcase name="runMozillaTest[6960, js=testsrc/tests/js1_8/regress/regress-465460-05.js, opt=9]" classname="org.mozilla.javascript.tests.MozillaSuiteTest" time="0.043"/>
  <testcase name="runMozillaTest[6961, js=testsrc/tests/js1_8/regress/regress-465460-06.js, opt=9]" classname="org.mozilla.javascript.tests.MozillaSuiteTest" time="0.002"/>
  <testcase name="runMozillaTest[6962, js=testsrc/tests/js1_8/regress/regress-465460-07.js, opt=9]" classname="org.mozilla.javascript.tests.MozillaSuiteTest" time="0.003"/>
  <testcase name="runMozillaTest[6963, js=testsrc/tests/js1_8/regress/regress-465460-08.js, opt=9]" classname="org.mozilla.javascript.tests.MozillaSuiteTest" time="0.014"/>
  <testcase name="runMozillaTest[6964, js=testsrc/tests/js1_8/regress/regress-465460-09.js, opt=9]" classname="org.mozilla.javascript.tests.MozillaSuiteTest" time="0.015"/>
  <testcase name="runMozillaTest[6965, js=testsrc/tests/js1_8/regress/regress-465460-10.js, opt=9]" classname="org.mozilla.javascript.tests.MozillaSuiteTest" time="0.009"/>
  <testcase name="runMozillaTest[6966, js=testsrc/tests/js1_8/regress/regress-465460-11.js, opt=9]" classname="org.mozilla.javascript.tests.MozillaSuiteTest" time="0.032"/>
  <testcase name="runMozillaTest[6967, js=testsrc/tests/js1_8/regress/regress-465460-12.js, opt=9]" classname="org.mozilla.javascript.tests.MozillaSuiteTest" time="0.003"/>
  <testcase name="runMozillaTest[6968, js=testsrc/tests/js1_8/regress/regress-465483.js, opt=9]" classname="org.mozilla.javascript.tests.MozillaSuiteTest" time="0.011"/>
  <testcase name="runMozillaTest[6969, js=testsrc/tests/js1_8/regress/regress-465567-01.js, opt=9]" classname="org.mozilla.javascript.tests.MozillaSuiteTest" time="0.02"/>
  <testcase name="runMozillaTest[6970, js=testsrc/tests/js1_8/regress/regress-465567-02.js, opt=9]" classname="org.mozilla.javascript.tests.MozillaSuiteTest" time="0.003"/>
  <testcase name="runMozillaTest[6971, js=testsrc/tests/js1_8/regress/regress-465688.js, opt=9]" classname="org.mozilla.javascript.tests.MozillaSuiteTest" time="0.002"/>
  <testcase name="runMozillaTest[6972, js=testsrc/tests/js1_8/regress/regress-466128.js, opt=9]" classname="org.mozilla.javascript.tests.MozillaSuiteTest" time="0.012"/>
  <testcase name="runMozillaTest[6973, js=testsrc/tests/js1_8/regress/regress-466787.js, opt=9]" classname="org.mozilla.javascript.tests.MozillaSuiteTest" time="0.013"/>
  <testcase name="runMozillaTest[6974, js=testsrc/tests/js1_8/regress/regress-467495-01.js, opt=9]" classname="org.mozilla.javascript.tests.MozillaSuiteTest" time="0.003"/>
  <testcase name="runMozillaTest[6975, js=testsrc/tests/js1_8/regress/regress-467495-02.js, opt=9]" classname="org.mozilla.javascript.tests.MozillaSuiteTest" time="0.002"/>
  <testcase name="runMozillaTest[6976, js=testsrc/tests/js1_8/regress/regress-467495-04.js, opt=9]" classname="org.mozilla.javascript.tests.MozillaSuiteTest" time="0.009"/>
  <testcase name="runMozillaTest[6977, js=testsrc/tests/js1_8/regress/regress-467495-06.js, opt=9]" classname="org.mozilla.javascript.tests.MozillaSuiteTest" time="0.008"/>
  <testcase name="runMozillaTest[6978, js=testsrc/tests/js1_8/regress/regress-468711.js, opt=9]" classname="org.mozilla.javascript.tests.MozillaSuiteTest" time="0.025"/>
  <testcase name="runMozillaTest[6979, js=testsrc/tests/js1_8/regress/regress-469547.js, opt=9]" classname="org.mozilla.javascript.tests.MozillaSuiteTest" time="0.004"/>
  <testcase name="runMozillaTest[6980, js=testsrc/tests/js1_8/regress/regress-469625-02.js, opt=9]" classname="org.mozilla.javascript.tests.MozillaSuiteTest" time="0.019"/>
  <testcase name="runMozillaTest[6981, js=testsrc/tests/js1_8/regress/regress-471660.js, opt=9]" classname="org.mozilla.javascript.tests.MozillaSuiteTest" time="0.012"/>
  <testcase name="runMozillaTest[6982, js=testsrc/tests/js1_8/regress/regress-472450-01.js, opt=9]" classname="org.mozilla.javascript.tests.MozillaSuiteTest" time="0.019"/>
  <testcase name="runMozillaTest[6983, js=testsrc/tests/js1_8/regress/regress-472450-02.js, opt=9]" classname="org.mozilla.javascript.tests.MozillaSuiteTest" time="0.014"/>
  <testcase name="runMozillaTest[6984, js=testsrc/tests/js1_8/regress/regress-472528-01.js, opt=9]" classname="org.mozilla.javascript.tests.MozillaSuiteTest" time="0.03"/>
  <testcase name="runMozillaTest[6985, js=testsrc/tests/js1_8/regress/regress-472528-02.js, opt=9]" classname="org.mozilla.javascript.tests.MozillaSuiteTest" time="0.013"/>
  <testcase name="runMozillaTest[6986, js=testsrc/tests/js1_8/regress/regress-472703.js, opt=9]" classname="org.mozilla.javascript.tests.MozillaSuiteTest" time="0.003"/>
  <testcase name="runMozillaTest[6987, js=testsrc/tests/js1_8/regress/regress-474769.js, opt=9]" classname="org.mozilla.javascript.tests.MozillaSuiteTest" time="0.016"/>
  <testcase name="runMozillaTest[6988, js=testsrc/tests/js1_8/regress/regress-474771.js, opt=9]" classname="org.mozilla.javascript.tests.MozillaSuiteTest" time="0.01"/>
  <testcase name="runMozillaTest[6989, js=testsrc/tests/js1_8/regress/regress-474935.js, opt=9]" classname="org.mozilla.javascript.tests.MozillaSuiteTest" time="0.007"/>
  <testcase name="runMozillaTest[6990, js=testsrc/tests/js1_8/regress/regress-476655.js, opt=9]" classname="org.mozilla.javascript.tests.MozillaSuiteTest" time="0.022"/>
  <testcase name="runMozillaTest[6991, js=testsrc/tests/js1_8/regress/regress-477581.js, opt=9]" classname="org.mozilla.javascript.tests.MozillaSuiteTest" time="0.02"/>
  <testcase name="runMozillaTest[6992, js=testsrc/tests/js1_8/regress/regress-478205.js, opt=9]" classname="org.mozilla.javascript.tests.MozillaSuiteTest" time="0.02"/>
  <testcase name="runMozillaTest[6993, js=testsrc/tests/js1_8/regress/regress-479353.js, opt=9]" classname="org.mozilla.javascript.tests.MozillaSuiteTest" time="0.003"/>
  <testcase name="runMozillaTest[6994, js=testsrc/tests/js1_8/regress/regress-479740.js, opt=9]" classname="org.mozilla.javascript.tests.MozillaSuiteTest" time="0.026"/>
  <testcase name="runMozillaTest[6995, js=testsrc/tests/js1_8/regress/regress-481800.js, opt=9]" classname="org.mozilla.javascript.tests.MozillaSuiteTest" time="0.002"/>
  <testcase name="runMozillaTest[6996, js=testsrc/tests/js1_8/regress/regress-483749.js, opt=9]" classname="org.mozilla.javascript.tests.MozillaSuiteTest" time="0.008"/>
  <testcase name="runMozillaTest[6997, js=testsrc/tests/js1_8_1/JSON/regress-458959.js, opt=9]" classname="org.mozilla.javascript.tests.MozillaSuiteTest" time="0.016"/>
  <testcase name="runMozillaTest[6998, js=testsrc/tests/js1_8_1/JSON/regress-459293.js, opt=9]" classname="org.mozilla.javascript.tests.MozillaSuiteTest" time="0.023"/>
  <testcase name="runMozillaTest[6999, js=testsrc/tests/js1_8_1/decompilation/regress-371802.js, opt=9]" classname="org.mozilla.javascript.tests.MozillaSuiteTest" time="0.012"/>
  <testcase name="runMozillaTest[7000, js=testsrc/tests/js1_8_1/extensions/regress-466905-04.js, opt=9]" classname="org.mozilla.javascript.tests.MozillaSuiteTest" time="0.028"/>
  <testcase name="runMozillaTest[7001, js=testsrc/tests/js1_8_1/extensions/regress-466905-05.js, opt=9]" classname="org.mozilla.javascript.tests.MozillaSuiteTest" time="0.003"/>
  <testcase name="runMozillaTest[7002, js=testsrc/tests/js1_8_1/extensions/regress-477158.js, opt=9]" classname="org.mozilla.javascript.tests.MozillaSuiteTest" time="0.014"/>
  <testcase name="runMozillaTest[7003, js=testsrc/tests/js1_8_1/extensions/regress-477187.js, opt=9]" classname="org.mozilla.javascript.tests.MozillaSuiteTest" time="0.005"/>
  <testcase name="runMozillaTest[7004, js=testsrc/tests/js1_8_1/regress/regress-452498-006.js, opt=9]" classname="org.mozilla.javascript.tests.MozillaSuiteTest" time="0.028"/>
  <testcase name="runMozillaTest[7005, js=testsrc/tests/js1_8_1/regress/regress-452498-027.js, opt=9]" classname="org.mozilla.javascript.tests.MozillaSuiteTest" time="0.032"/>
  <testcase name="runMozillaTest[7006, js=testsrc/tests/js1_8_1/regress/regress-452498-030.js, opt=9]" classname="org.mozilla.javascript.tests.MozillaSuiteTest" time="0.002"/>
  <testcase name="runMozillaTest[7007, js=testsrc/tests/js1_8_1/regress/regress-452498-038.js, opt=9]" classname="org.mozilla.javascript.tests.MozillaSuiteTest" time="0.002"/>
  <testcase name="runMozillaTest[7008, js=testsrc/tests/js1_8_1/regress/regress-452498-040.js, opt=9]" classname="org.mozilla.javascript.tests.MozillaSuiteTest" time="0.028"/>
  <testcase name="runMozillaTest[7009, js=testsrc/tests/js1_8_1/regress/regress-452498-050.js, opt=9]" classname="org.mozilla.javascript.tests.MozillaSuiteTest" time="0.007"/>
  <testcase name="runMozillaTest[7010, js=testsrc/tests/js1_8_1/regress/regress-452498-051.js, opt=9]" classname="org.mozilla.javascript.tests.MozillaSuiteTest" time="0.003"/>
  <testcase name="runMozillaTest[7011, js=testsrc/tests/js1_8_1/regress/regress-452498-052-a.js, opt=9]" classname="org.mozilla.javascript.tests.MozillaSuiteTest" time="0.013"/>
  <testcase name="runMozillaTest[7012, js=testsrc/tests/js1_8_1/regress/regress-452498-058.js, opt=9]" classname="org.mozilla.javascript.tests.MozillaSuiteTest" time="0.023"/>
  <testcase name="runMozillaTest[7013, js=testsrc/tests/js1_8_1/regress/regress-452498-062.js, opt=9]" classname="org.mozilla.javascript.tests.MozillaSuiteTest" time="0.009"/>
  <testcase name="runMozillaTest[7014, js=testsrc/tests/js1_8_1/regress/regress-452498-063.js, opt=9]" classname="org.mozilla.javascript.tests.MozillaSuiteTest" time="0.021"/>
  <testcase name="runMozillaTest[7015, js=testsrc/tests/js1_8_1/regress/regress-452498-071.js, opt=9]" classname="org.mozilla.javascript.tests.MozillaSuiteTest" time="0.009"/>
  <testcase name="runMozillaTest[7016, js=testsrc/tests/js1_8_1/regress/regress-452498-072.js, opt=9]" classname="org.mozilla.javascript.tests.MozillaSuiteTest" time="0.003"/>
  <testcase name="runMozillaTest[7017, js=testsrc/tests/js1_8_1/regress/regress-452498-073.js, opt=9]" classname="org.mozilla.javascript.tests.MozillaSuiteTest" time="0.002"/>
  <testcase name="runMozillaTest[7018, js=testsrc/tests/js1_8_1/regress/regress-452498-074.js, opt=9]" classname="org.mozilla.javascript.tests.MozillaSuiteTest" time="0.017"/>
  <testcase name="runMozillaTest[7019, js=testsrc/tests/js1_8_1/regress/regress-452498-075.js, opt=9]" classname="org.mozilla.javascript.tests.MozillaSuiteTest" time="0.01"/>
  <testcase name="runMozillaTest[7020, js=testsrc/tests/js1_8_1/regress/regress-452498-076.js, opt=9]" classname="org.mozilla.javascript.tests.MozillaSuiteTest" time="0.012"/>
  <testcase name="runMozillaTest[7021, js=testsrc/tests/js1_8_1/regress/regress-452498-077.js, opt=9]" classname="org.mozilla.javascript.tests.MozillaSuiteTest" time="0.016"/>
  <testcase name="runMozillaTest[7022, js=testsrc/tests/js1_8_1/regress/regress-452498-079.js, opt=9]" classname="org.mozilla.javascript.tests.MozillaSuiteTest" time="0.02"/>
  <testcase name="runMozillaTest[7023, js=testsrc/tests/js1_8_1/regress/regress-452498-101.js, opt=9]" classname="org.mozilla.javascript.tests.MozillaSuiteTest" time="0.002"/>
  <testcase name="runMozillaTest[7024, js=testsrc/tests/js1_8_1/regress/regress-452498-102.js, opt=9]" classname="org.mozilla.javascript.tests.MozillaSuiteTest" time="0.018"/>
  <testcase name="runMozillaTest[7025, js=testsrc/tests/js1_8_1/regress/regress-452498-103.js, opt=9]" classname="org.mozilla.javascript.tests.MozillaSuiteTest" time="0.012"/>
  <testcase name="runMozillaTest[7026, js=testsrc/tests/js1_8_1/regress/regress-452498-104.js, opt=9]" classname="org.mozilla.javascript.tests.MozillaSuiteTest" time="0.01"/>
  <testcase name="runMozillaTest[7027, js=testsrc/tests/js1_8_1/regress/regress-452498-108.js, opt=9]" classname="org.mozilla.javascript.tests.MozillaSuiteTest" time="0.011"/>
  <testcase name="runMozillaTest[7028, js=testsrc/tests/js1_8_1/regress/regress-452498-111.js, opt=9]" classname="org.mozilla.javascript.tests.MozillaSuiteTest" time="0.031"/>
  <testcase name="runMozillaTest[7029, js=testsrc/tests/js1_8_1/regress/regress-452498-114-a.js, opt=9]" classname="org.mozilla.javascript.tests.MozillaSuiteTest" time="0.005"/>
  <testcase name="runMozillaTest[7030, js=testsrc/tests/js1_8_1/regress/regress-452498-114.js, opt=9]" classname="org.mozilla.javascript.tests.MozillaSuiteTest" time="0.009"/>
  <testcase name="runMozillaTest[7031, js=testsrc/tests/js1_8_1/regress/regress-452498-116.js, opt=9]" classname="org.mozilla.javascript.tests.MozillaSuiteTest" time="0.02"/>
  <testcase name="runMozillaTest[7032, js=testsrc/tests/js1_8_1/regress/regress-452498-118.js, opt=9]" classname="org.mozilla.javascript.tests.MozillaSuiteTest" time="0.002"/>
  <testcase name="runMozillaTest[7033, js=testsrc/tests/js1_8_1/regress/regress-452498-121.js, opt=9]" classname="org.mozilla.javascript.tests.MozillaSuiteTest" time="0.004"/>
  <testcase name="runMozillaTest[7034, js=testsrc/tests/js1_8_1/regress/regress-452498-123.js, opt=9]" classname="org.mozilla.javascript.tests.MozillaSuiteTest" time="0.022"/>
  <testcase name="runMozillaTest[7035, js=testsrc/tests/js1_8_1/regress/regress-452498-129.js, opt=9]" classname="org.mozilla.javascript.tests.MozillaSuiteTest" time="0.03"/>
  <testcase name="runMozillaTest[7036, js=testsrc/tests/js1_8_1/regress/regress-452498-130.js, opt=9]" classname="org.mozilla.javascript.tests.MozillaSuiteTest" time="0.015"/>
  <testcase name="runMozillaTest[7037, js=testsrc/tests/js1_8_1/regress/regress-452498-131.js, opt=9]" classname="org.mozilla.javascript.tests.MozillaSuiteTest" time="0.016"/>
  <testcase name="runMozillaTest[7038, js=testsrc/tests/js1_8_1/regress/regress-452498-135-a.js, opt=9]" classname="org.mozilla.javascript.tests.MozillaSuiteTest" time="0.012"/>
  <testcase name="runMozillaTest[7039, js=testsrc/tests/js1_8_1/regress/regress-452498-155.js, opt=9]" classname="org.mozilla.javascript.tests.MozillaSuiteTest" time="0.006"/>
  <testcase name="runMozillaTest[7040, js=testsrc/tests/js1_8_1/regress/regress-452498-168-1.js, opt=9]" classname="org.mozilla.javascript.tests.MozillaSuiteTest" time="0.035"/>
  <testcase name="runMozillaTest[7041, js=testsrc/tests/js1_8_1/regress/regress-452498-176.js, opt=9]" classname="org.mozilla.javascript.tests.MozillaSuiteTest" time="0.003"/>
  <testcase name="runMozillaTest[7042, js=testsrc/tests/js1_8_1/regress/regress-452498-181.js, opt=9]" classname="org.mozilla.javascript.tests.MozillaSuiteTest" time="0.014"/>
  <testcase name="runMozillaTest[7043, js=testsrc/tests/js1_8_1/regress/regress-452498-184.js, opt=9]" classname="org.mozilla.javascript.tests.MozillaSuiteTest" time="0.002"/>
  <testcase name="runMozillaTest[7044, js=testsrc/tests/js1_8_1/regress/regress-452498-192.js, opt=9]" classname="org.mozilla.javascript.tests.MozillaSuiteTest" time="0.019"/>
  <testcase name="runMozillaTest[7045, js=testsrc/tests/js1_8_1/regress/regress-466905-01.js, opt=9]" classname="org.mozilla.javascript.tests.MozillaSuiteTest" time="0.002"/>
  <testcase name="runMozillaTest[7046, js=testsrc/tests/js1_8_1/regress/regress-466905-02.js, opt=9]" classname="org.mozilla.javascript.tests.MozillaSuiteTest" time="0.011"/>
  <testcase name="runMozillaTest[7047, js=testsrc/tests/js1_8_1/regress/regress-479430-01.js, opt=9]" classname="org.mozilla.javascript.tests.MozillaSuiteTest" time="0.006"/>
  <testcase name="runMozillaTest[7048, js=testsrc/tests/js1_8_1/regress/regress-479430-02.js, opt=9]" classname="org.mozilla.javascript.tests.MozillaSuiteTest" time="0.029"/>
  <testcase name="runMozillaTest[7049, js=testsrc/tests/js1_8_1/regress/regress-479430-03.js, opt=9]" classname="org.mozilla.javascript.tests.MozillaSuiteTest" time="0.002"/>
  <testcase name="runMozillaTest[7050, js=testsrc/tests/js1_8_1/regress/regress-479430-04.js, opt=9]" classname="org.mozilla.javascript.tests.MozillaSuiteTest" time="0.011"/>
  <testcase name="runMozillaTest[7051, js=testsrc/tests/js1_8_1/regress/regress-479430-05.js, opt=9]" classname="org.mozilla.javascript.tests.MozillaSuiteTest" time="0.026"/>
  <testcase name="runMozillaTest[7052, js=testsrc/tests/js1_8_1/regress/regress-495907.js, opt=9]" classname="org.mozilla.javascript.tests.MozillaSuiteTest" time="0.009"/>
  <testcase name="runMozillaTest[7053, js=testsrc/tests/js1_8_1/trace/math-trace-tests.js, opt=9]" classname="org.mozilla.javascript.tests.MozillaSuiteTest" time="0.293"/>
  <testcase name="runMozillaTest[7054, js=testsrc/tests/js1_8_1/trace/regress-458838.js, opt=9]" classname="org.mozilla.javascript.tests.MozillaSuiteTest" time="0.028"/>
  <testcase name="runMozillaTest[7055, js=testsrc/tests/js1_8_1/trace/regress-462459-01.js, opt=9]" classname="org.mozilla.javascript.tests.MozillaSuiteTest" time="0.003"/>
  <testcase name="runMozillaTest[7056, js=testsrc/tests/js1_8_1/trace/regress-462459-02.js, opt=9]" classname="org.mozilla.javascript.tests.MozillaSuiteTest" time="0.011"/>
  <testcase name="runMozillaTest[7057, js=testsrc/tests/js1_8_1/trace/regress-462459-03.js, opt=9]" classname="org.mozilla.javascript.tests.MozillaSuiteTest" time="0.008"/>
  <testcase name="runMozillaTest[7058, js=testsrc/tests/js1_8_1/trace/regress-462459-04.js, opt=9]" classname="org.mozilla.javascript.tests.MozillaSuiteTest" time="0.01"/>
  <testcase name="runMozillaTest[7059, js=testsrc/tests/js1_8_1/trace/regress-462459-05.js, opt=9]" classname="org.mozilla.javascript.tests.MozillaSuiteTest" time="0.002"/>
  <testcase name="runMozillaTest[7060, js=testsrc/tests/js1_8_1/trace/regress-462459-06.js, opt=9]" classname="org.mozilla.javascript.tests.MozillaSuiteTest" time="0.045"/>
  <testcase name="runMozillaTest[7061, js=testsrc/tests/js1_8_1/trace/regress-462459-07.js, opt=9]" classname="org.mozilla.javascript.tests.MozillaSuiteTest" time="0.003"/>
  <testcase name="runMozillaTest[7062, js=testsrc/tests/js1_8_1/trace/regress-462459-08.js, opt=9]" classname="org.mozilla.javascript.tests.MozillaSuiteTest" time="0.009"/>
  <testcase name="runMozillaTest[7063, js=testsrc/tests/js1_8_1/trace/regress-462459-09.js, opt=9]" classname="org.mozilla.javascript.tests.MozillaSuiteTest" time="0.003"/>
  <testcase name="runMozillaTest[7064, js=testsrc/tests/js1_8_1/trace/regress-462459-10.js, opt=9]" classname="org.mozilla.javascript.tests.MozillaSuiteTest" time="0.018"/>
  <testcase name="runMozillaTest[7065, js=testsrc/tests/js1_8_1/trace/regress-462459-11.js, opt=9]" classname="org.mozilla.javascript.tests.MozillaSuiteTest" time="0.012"/>
  <testcase name="runMozillaTest[7066, js=testsrc/tests/js1_8_1/trace/regress-462459-12.js, opt=9]" classname="org.mozilla.javascript.tests.MozillaSuiteTest" time="0.003"/>
  <testcase name="runMozillaTest[7067, js=testsrc/tests/js1_8_1/trace/regress-471635.js, opt=9]" classname="org.mozilla.javascript.tests.MozillaSuiteTest" time="0.019"/>
  <testcase name="runMozillaTest[7068, js=testsrc/tests/js1_8_1/trace/regress-489682.js, opt=9]" classname="org.mozilla.javascript.tests.MozillaSuiteTest" time="0.023"/>
  <testcase name="runMozillaTest[7069, js=testsrc/tests/lc2/Arrays/array-001.js, opt=9]" classname="org.mozilla.javascript.tests.MozillaSuiteTest" time="0.04"/>
  <testcase name="runMozillaTest[7070, js=testsrc/tests/lc2/Arrays/array-002.js, opt=9]" classname="org.mozilla.javascript.tests.MozillaSuiteTest" time="0.003"/>
  <testcase name="runMozillaTest[7071, js=testsrc/tests/lc2/Arrays/array-003.js, opt=9]" classname="org.mozilla.javascript.tests.MozillaSuiteTest" time="0.005"/>
  <testcase name="runMozillaTest[7072, js=testsrc/tests/lc2/Arrays/array-004.js, opt=9]" classname="org.mozilla.javascript.tests.MozillaSuiteTest" time="0.02"/>
  <testcase name="runMozillaTest[7073, js=testsrc/tests/lc2/Arrays/array-005.js, opt=9]" classname="org.mozilla.javascript.tests.MozillaSuiteTest" time="0.031"/>
  <testcase name="runMozillaTest[7074, js=testsrc/tests/lc2/Arrays/array-006-n.js, opt=9]" classname="org.mozilla.javascript.tests.MozillaSuiteTest" time="0.023"/>
  <testcase name="runMozillaTest[7075, js=testsrc/tests/lc2/Arrays/array-007-n.js, opt=9]" classname="org.mozilla.javascript.tests.MozillaSuiteTest" time="0.002"/>
  <testcase name="runMozillaTest[7076, js=testsrc/tests/lc2/Classes/class-001.js, opt=9]" classname="org.mozilla.javascript.tests.MozillaSuiteTest" time="0.033"/>
  <testcase name="runMozillaTest[7077, js=testsrc/tests/lc2/Classes/class-002.js, opt=9]" classname="org.mozilla.javascript.tests.MozillaSuiteTest" time="0.052"/>
  <testcase name="runMozillaTest[7078, js=testsrc/tests/lc2/JSToJava/character-001.js, opt=9]" classname="org.mozilla.javascript.tests.MozillaSuiteTest" time="0.019"/>
  <testcase name="runMozillaTest[7079, js=testsrc/tests/lc2/JSToJava/double-001.js, opt=9]" classname="org.mozilla.javascript.tests.MozillaSuiteTest" time="0.016"/>
  <testcase name="runMozillaTest[7080, js=testsrc/tests/lc2/JSToJava/double-002.js, opt=9]" classname="org.mozilla.javascript.tests.MozillaSuiteTest" time="0.018"/>
  <testcase name="runMozillaTest[7081, js=testsrc/tests/lc2/JSToJava/float-001.js, opt=9]" classname="org.mozilla.javascript.tests.MozillaSuiteTest" time="0.017"/>
  <testcase name="runMozillaTest[7082, js=testsrc/tests/lc2/JSToJava/float-002.js, opt=9]" classname="org.mozilla.javascript.tests.MozillaSuiteTest" time="0.019"/>
  <testcase name="runMozillaTest[7083, js=testsrc/tests/lc2/JSToJava/integer-001.js, opt=9]" classname="org.mozilla.javascript.tests.MozillaSuiteTest" time="0.004"/>
  <testcase name="runMozillaTest[7084, js=testsrc/tests/lc2/JSToJava/integer-002.js, opt=9]" classname="org.mozilla.javascript.tests.MozillaSuiteTest" time="0.026"/>
  <testcase name="runMozillaTest[7085, js=testsrc/tests/lc2/JSToJava/long-001.js, opt=9]" classname="org.mozilla.javascript.tests.MozillaSuiteTest" time="0.016"/>
  <testcase name="runMozillaTest[7086, js=testsrc/tests/lc2/JSToJava/long-002.js, opt=9]" classname="org.mozilla.javascript.tests.MozillaSuiteTest" time="0.003"/>
  <testcase name="runMozillaTest[7087, js=testsrc/tests/lc2/JSToJava/long-003-n.js, opt=9]" classname="org.mozilla.javascript.tests.MozillaSuiteTest" time="0.012"/>
  <testcase name="runMozillaTest[7088, js=testsrc/tests/lc2/JSToJava/short-001.js, opt=9]" classname="org.mozilla.javascript.tests.MozillaSuiteTest" time="0.029"/>
  <testcase name="runMozillaTest[7089, js=testsrc/tests/lc2/JSToJava/short-002.js, opt=9]" classname="org.mozilla.javascript.tests.MozillaSuiteTest" time="0.003"/>
  <testcase name="runMozillaTest[7090, js=testsrc/tests/lc2/JSToJava/short-003-n.js, opt=9]" classname="org.mozilla.javascript.tests.MozillaSuiteTest" time="0.019"/>
  <testcase name="runMozillaTest[7091, js=testsrc/tests/lc2/JavaToJS/String-001.js, opt=9]" classname="org.mozilla.javascript.tests.MozillaSuiteTest" time="0.018"/>
  <testcase name="runMozillaTest[7092, js=testsrc/tests/lc2/JavaToJS/boolean-001.js, opt=9]" classname="org.mozilla.javascript.tests.MozillaSuiteTest" time="0.013"/>
  <testcase name="runMozillaTest[7093, js=testsrc/tests/lc2/JavaToJS/boolean-003.js, opt=9]" classname="org.mozilla.javascript.tests.MozillaSuiteTest" time="0.011"/>
  <testcase name="runMozillaTest[7094, js=testsrc/tests/lc2/JavaToJS/boolean-004.js, opt=9]" classname="org.mozilla.javascript.tests.MozillaSuiteTest" time="0.025"/>
  <testcase name="runMozillaTest[7095, js=testsrc/tests/lc2/JavaToJS/boolean-005.js, opt=9]" classname="org.mozilla.javascript.tests.MozillaSuiteTest" time="0.031"/>
  <testcase name="runMozillaTest[7096, js=testsrc/tests/lc2/JavaToJS/char-001.js, opt=9]" classname="org.mozilla.javascript.tests.MozillaSuiteTest" time="0.003"/>
  <testcase name="runMozillaTest[7097, js=testsrc/tests/lc2/JavaToJS/char-002.js, opt=9]" classname="org.mozilla.javascript.tests.MozillaSuiteTest" time="0.016"/>
  <testcase name="runMozillaTest[7098, js=testsrc/tests/lc2/JavaToJS/enum-001.js, opt=9]" classname="org.mozilla.javascript.tests.MozillaSuiteTest" time="0.019"/>
  <testcase name="runMozillaTest[7099, js=testsrc/tests/lc2/JavaToJS/enum-002.js, opt=9]" classname="org.mozilla.javascript.tests.MozillaSuiteTest" time="0.041"/>
  <testcase name="runMozillaTest[7100, js=testsrc/tests/lc2/JavaToJS/null-001.js, opt=9]" classname="org.mozilla.javascript.tests.MozillaSuiteTest" time="0.013"/>
  <testcase name="runMozillaTest[7101, js=testsrc/tests/lc2/JavaToJS/number-001.js, opt=9]" classname="org.mozilla.javascript.tests.MozillaSuiteTest" time="0.004"/>
  <testcase name="runMozillaTest[7102, js=testsrc/tests/lc2/JavaToJS/number-002.js, opt=9]" classname="org.mozilla.javascript.tests.MozillaSuiteTest" time="0.032"/>
  <testcase name="runMozillaTest[7103, js=testsrc/tests/lc2/Methods/method-001.js, opt=9]" classname="org.mozilla.javascript.tests.MozillaSuiteTest" time="0.041"/>
  <testcase name="runMozillaTest[7104, js=testsrc/tests/lc2/Methods/method-002.js, opt=9]" classname="org.mozilla.javascript.tests.MozillaSuiteTest" time="0.015"/>
  <testcase name="runMozillaTest[7105, js=testsrc/tests/lc2/Methods/method-003.js, opt=9]" classname="org.mozilla.javascript.tests.MozillaSuiteTest" time="0.025"/>
  <testcase name="runMozillaTest[7106, js=testsrc/tests/lc2/Methods/method-004-n.js, opt=9]" classname="org.mozilla.javascript.tests.MozillaSuiteTest" time="0.003"/>
  <testcase name="runMozillaTest[7107, js=testsrc/tests/lc2/Methods/method-005.js, opt=9]" classname="org.mozilla.javascript.tests.MozillaSuiteTest" time="0.025"/>
  <testcase name="runMozillaTest[7108, js=testsrc/tests/lc2/Methods/method-006.js, opt=9]" classname="org.mozilla.javascript.tests.MozillaSuiteTest" time="0.001"/>
  <testcase name="runMozillaTest[7109, js=testsrc/tests/lc2/Methods/println-001.js, opt=9]" classname="org.mozilla.javascript.tests.MozillaSuiteTest" time="0.004"/>
  <testcase name="runMozillaTest[7110, js=testsrc/tests/lc2/Objects/object-001.js, opt=9]" classname="org.mozilla.javascript.tests.MozillaSuiteTest" time="0.018"/>
  <testcase name="runMozillaTest[7111, js=testsrc/tests/lc2/Objects/object-002.js, opt=9]" classname="org.mozilla.javascript.tests.MozillaSuiteTest" time="0.039"/>
  <testcase name="runMozillaTest[7112, js=testsrc/tests/lc2/Objects/object-003.js, opt=9]" classname="org.mozilla.javascript.tests.MozillaSuiteTest" time="0.01"/>
  <testcase name="runMozillaTest[7113, js=testsrc/tests/lc2/Objects/object-004.js, opt=9]" classname="org.mozilla.javascript.tests.MozillaSuiteTest" time="0.018"/>
  <testcase name="runMozillaTest[7114, js=testsrc/tests/lc2/Objects/object-005.js, opt=9]" classname="org.mozilla.javascript.tests.MozillaSuiteTest" time="0.01"/>
  <testcase name="runMozillaTest[7115, js=testsrc/tests/lc2/Objects/object-006.js, opt=9]" classname="org.mozilla.javascript.tests.MozillaSuiteTest" time="0.017"/>
  <testcase name="runMozillaTest[7116, js=testsrc/tests/lc2/Packages/package-001.js, opt=9]" classname="org.mozilla.javascript.tests.MozillaSuiteTest" time="0.033"/>
  <testcase name="runMozillaTest[7117, js=testsrc/tests/lc2/Packages/package-002.js, opt=9]" classname="org.mozilla.javascript.tests.MozillaSuiteTest" time="0.021"/>
  <testcase name="runMozillaTest[7118, js=testsrc/tests/lc2/Packages/package-003.js, opt=9]" classname="org.mozilla.javascript.tests.MozillaSuiteTest" time="0.004"/>
  <testcase name="runMozillaTest[7119, js=testsrc/tests/lc2/Packages/package-004.js, opt=9]" classname="org.mozilla.javascript.tests.MozillaSuiteTest" time="0.021"/>
  <testcase name="runMozillaTest[7120, js=testsrc/tests/lc2/Packages/package-005.js, opt=9]" classname="org.mozilla.javascript.tests.MozillaSuiteTest" time="0.028"/>
  <testcase name="runMozillaTest[7121, js=testsrc/tests/lc2/Packages/package-006.js, opt=9]" classname="org.mozilla.javascript.tests.MozillaSuiteTest" time="0.003"/>
  <testcase name="runMozillaTest[7122, js=testsrc/tests/lc2/Packages/package-007-n.js, opt=9]" classname="org.mozilla.javascript.tests.MozillaSuiteTest" time="0.003"/>
  <testcase name="runMozillaTest[7123, js=testsrc/tests/lc2/Packages/package-008-n.js, opt=9]" classname="org.mozilla.javascript.tests.MozillaSuiteTest" time="0.023"/>
  <testcase name="runMozillaTest[7124, js=testsrc/tests/lc2/misc/constructor.js, opt=9]" classname="org.mozilla.javascript.tests.MozillaSuiteTest" time="0.039"/>
  <testcase name="runMozillaTest[7125, js=testsrc/tests/lc2/misc/wrapUnwrap.js, opt=9]" classname="org.mozilla.javascript.tests.MozillaSuiteTest" time="0.018"/>
  <testcase name="runMozillaTest[7126, js=testsrc/tests/lc3/ArrayMethods/byte-001.js, opt=9]" classname="org.mozilla.javascript.tests.MozillaSuiteTest" time="0.026"/>
  <testcase name="runMozillaTest[7127, js=testsrc/tests/lc3/ArrayMethods/byte-002.js, opt=9]" classname="org.mozilla.javascript.tests.MozillaSuiteTest" time="0.017"/>
  <testcase name="runMozillaTest[7128, js=testsrc/tests/lc3/ConvertBoolean/boolean-005-n.js, opt=9]" classname="org.mozilla.javascript.tests.MozillaSuiteTest" time="0.015"/>
  <testcase name="runMozillaTest[7129, js=testsrc/tests/lc3/ConvertBoolean/boolean-006-n.js, opt=9]" classname="org.mozilla.javascript.tests.MozillaSuiteTest" time="0.028"/>
  <testcase name="runMozillaTest[7130, js=testsrc/tests/lc3/ConvertBoolean/boolean-007-n.js, opt=9]" classname="org.mozilla.javascript.tests.MozillaSuiteTest" time="0.016"/>
  <testcase name="runMozillaTest[7131, js=testsrc/tests/lc3/ConvertBoolean/boolean-008-n.js, opt=9]" classname="org.mozilla.javascript.tests.MozillaSuiteTest" time="0.008"/>
  <testcase name="runMozillaTest[7132, js=testsrc/tests/lc3/ConvertBoolean/boolean-009-n.js, opt=9]" classname="org.mozilla.javascript.tests.MozillaSuiteTest" time="0.023"/>
  <testcase name="runMozillaTest[7133, js=testsrc/tests/lc3/ConvertBoolean/boolean-010-n.js, opt=9]" classname="org.mozilla.javascript.tests.MozillaSuiteTest" time="0.007"/>
  <testcase name="runMozillaTest[7134, js=testsrc/tests/lc3/ConvertBoolean/boolean-011-n.js, opt=9]" classname="org.mozilla.javascript.tests.MozillaSuiteTest" time="0.003"/>
  <testcase name="runMozillaTest[7135, js=testsrc/tests/lc3/ConvertBoolean/boolean-012-n.js, opt=9]" classname="org.mozilla.javascript.tests.MozillaSuiteTest" time="0.024"/>
  <testcase name="runMozillaTest[7136, js=testsrc/tests/lc3/ConvertBoolean/boolean-013-n.js, opt=9]" classname="org.mozilla.javascript.tests.MozillaSuiteTest" time="0.033"/>
  <testcase name="runMozillaTest[7137, js=testsrc/tests/lc3/ConvertNull/null-002.js, opt=9]" classname="org.mozilla.javascript.tests.MozillaSuiteTest" time="0.004"/>
  <testcase name="runMozillaTest[7138, js=testsrc/tests/lc3/ConvertNull/null-003-n.js, opt=9]" classname="org.mozilla.javascript.tests.MozillaSuiteTest" time="0.019"/>
  <testcase name="runMozillaTest[7139, js=testsrc/tests/lc3/ConvertNull/null-004-n.js, opt=9]" classname="org.mozilla.javascript.tests.MozillaSuiteTest" time="0.018"/>
  <testcase name="runMozillaTest[7140, js=testsrc/tests/lc3/ConvertNull/null-006-n.js, opt=9]" classname="org.mozilla.javascript.tests.MozillaSuiteTest" time="0.003"/>
  <testcase name="runMozillaTest[7141, js=testsrc/tests/lc3/ConvertString/string-004-n.js, opt=9]" classname="org.mozilla.javascript.tests.MozillaSuiteTest" time="0.02"/>
  <testcase name="runMozillaTest[7142, js=testsrc/tests/lc3/ConvertString/string-005-n.js, opt=9]" classname="org.mozilla.javascript.tests.MozillaSuiteTest" time="0.036"/>
  <testcase name="runMozillaTest[7143, js=testsrc/tests/lc3/ConvertString/string-007-n.js, opt=9]" classname="org.mozilla.javascript.tests.MozillaSuiteTest" time="0.02"/>
  <testcase name="runMozillaTest[7144, js=testsrc/tests/lc3/ConvertUndefined/undefined-001-n.js, opt=9]" classname="org.mozilla.javascript.tests.MozillaSuiteTest" time="0.004"/>
  <testcase name="runMozillaTest[7145, js=testsrc/tests/lc3/JSBoolean/boolean-002-n.js, opt=9]" classname="org.mozilla.javascript.tests.MozillaSuiteTest" time="0.016"/>
  <testcase name="runMozillaTest[7146, js=testsrc/tests/lc3/JSBoolean/boolean-003-n.js, opt=9]" classname="org.mozilla.javascript.tests.MozillaSuiteTest" time="0.019"/>
  <testcase name="runMozillaTest[7147, js=testsrc/tests/lc3/JSBoolean/boolean-004-n.js, opt=9]" classname="org.mozilla.javascript.tests.MozillaSuiteTest" time="0.041"/>
  <testcase name="runMozillaTest[7148, js=testsrc/tests/lc3/JSBoolean/boolean-005-n.js, opt=9]" classname="org.mozilla.javascript.tests.MozillaSuiteTest" time="0.01"/>
  <testcase name="runMozillaTest[7149, js=testsrc/tests/lc3/JSBoolean/boolean-006-n.js, opt=9]" classname="org.mozilla.javascript.tests.MozillaSuiteTest" time="0.009"/>
  <testcase name="runMozillaTest[7150, js=testsrc/tests/lc3/JSBoolean/boolean-007-n.js, opt=9]" classname="org.mozilla.javascript.tests.MozillaSuiteTest" time="0.019"/>
  <testcase name="runMozillaTest[7151, js=testsrc/tests/lc3/JSBoolean/boolean-008-n.js, opt=9]" classname="org.mozilla.javascript.tests.MozillaSuiteTest" time="0.015"/>
  <testcase name="runMozillaTest[7152, js=testsrc/tests/lc3/JSNull/ToBoolean-001-n.js, opt=9]" classname="org.mozilla.javascript.tests.MozillaSuiteTest" time="0.013"/>
  <testcase name="runMozillaTest[7153, js=testsrc/tests/lc3/JSNull/ToFloat-001-n.js, opt=9]" classname="org.mozilla.javascript.tests.MozillaSuiteTest" time="0.043"/>
  <testcase name="runMozillaTest[7154, js=testsrc/tests/lc3/JSNull/ToLong-001-n.js, opt=9]" classname="org.mozilla.javascript.tests.MozillaSuiteTest" time="0.004"/>
  <testcase name="runMozillaTest[7155, js=testsrc/tests/lc3/JSNull/ToNumber-001-n.js, opt=9]" classname="org.mozilla.javascript.tests.MozillaSuiteTest" time="0.003"/>
  <testcase name="runMozillaTest[7156, js=testsrc/tests/lc3/JSNumber/ToByte-002-n.js, opt=9]" classname="org.mozilla.javascript.tests.MozillaSuiteTest" time="0.033"/>
  <testcase name="runMozillaTest[7157, js=testsrc/tests/lc3/JSNumber/ToByte-003-n.js, opt=9]" classname="org.mozilla.javascript.tests.MozillaSuiteTest" time="0.004"/>
  <testcase name="runMozillaTest[7158, js=testsrc/tests/lc3/JSNumber/ToByte-005-n.js, opt=9]" classname="org.mozilla.javascript.tests.MozillaSuiteTest" time="0.036"/>
  <testcase name="runMozillaTest[7159, js=testsrc/tests/lc3/JSNumber/ToChar-002-n.js, opt=9]" classname="org.mozilla.javascript.tests.MozillaSuiteTest" time="0.022"/>
  <testcase name="runMozillaTest[7160, js=testsrc/tests/lc3/JSNumber/ToChar-003-n.js, opt=9]" classname="org.mozilla.javascript.tests.MozillaSuiteTest" time="0.028"/>
  <testcase name="runMozillaTest[7161, js=testsrc/tests/lc3/JSNumber/ToChar-005-n.js, opt=9]" classname="org.mozilla.javascript.tests.MozillaSuiteTest" time="0.003"/>
  <testcase name="runMozillaTest[7162, js=testsrc/tests/lc3/JSNumber/ToChar-006-n.js, opt=9]" classname="org.mozilla.javascript.tests.MozillaSuiteTest" time="0.017"/>
  <testcase name="runMozillaTest[7163, js=testsrc/tests/lc3/JSNumber/ToInt-002-n.js, opt=9]" classname="org.mozilla.javascript.tests.MozillaSuiteTest" time="0.014"/>
  <testcase name="runMozillaTest[7164, js=testsrc/tests/lc3/JSNumber/ToInt-003-n.js, opt=9]" classname="org.mozilla.javascript.tests.MozillaSuiteTest" time="0.032"/>
  <testcase name="runMozillaTest[7165, js=testsrc/tests/lc3/JSNumber/ToInt-005-n.js, opt=9]" classname="org.mozilla.javascript.tests.MozillaSuiteTest" time="0.015"/>
  <testcase name="runMozillaTest[7166, js=testsrc/tests/lc3/JSNumber/ToLong-002-n.js, opt=9]" classname="org.mozilla.javascript.tests.MozillaSuiteTest" time="0.003"/>
  <testcase name="runMozillaTest[7167, js=testsrc/tests/lc3/JSNumber/ToLong-003-n.js, opt=9]" classname="org.mozilla.javascript.tests.MozillaSuiteTest" time="0.032"/>
  <testcase name="runMozillaTest[7168, js=testsrc/tests/lc3/JSNumber/ToLong-004-n.js, opt=9]" classname="org.mozilla.javascript.tests.MozillaSuiteTest" time="0.012"/>
  <testcase name="runMozillaTest[7169, js=testsrc/tests/lc3/JSNumber/ToLong-005-n.js, opt=9]" classname="org.mozilla.javascript.tests.MozillaSuiteTest" time="0.041"/>
  <testcase name="runMozillaTest[7170, js=testsrc/tests/lc3/JSNumber/ToLong-006-n.js, opt=9]" classname="org.mozilla.javascript.tests.MozillaSuiteTest" time="0.004"/>
  <testcase name="runMozillaTest[7171, js=testsrc/tests/lc3/JSNumber/ToLong-007-n.js, opt=9]" classname="org.mozilla.javascript.tests.MozillaSuiteTest" time="0.004"/>
  <testcase name="runMozillaTest[7172, js=testsrc/tests/lc3/JSNumber/ToLong-008-n.js, opt=9]" classname="org.mozilla.javascript.tests.MozillaSuiteTest" time="0.033"/>
  <testcase name="runMozillaTest[7173, js=testsrc/tests/lc3/JSNumber/ToLong-009-n.js, opt=9]" classname="org.mozilla.javascript.tests.MozillaSuiteTest" time="0.003"/>
  <testcase name="runMozillaTest[7174, js=testsrc/tests/lc3/JSNumber/ToLong-010-n.js, opt=9]" classname="org.mozilla.javascript.tests.MozillaSuiteTest" time="0.036"/>
  <testcase name="runMozillaTest[7175, js=testsrc/tests/lc3/JSNumber/ToLong-011-n.js, opt=9]" classname="org.mozilla.javascript.tests.MozillaSuiteTest" time="0.02"/>
  <testcase name="runMozillaTest[7176, js=testsrc/tests/lc3/JSNumber/ToShort-002-n.js, opt=9]" classname="org.mozilla.javascript.tests.MozillaSuiteTest" time="0.02"/>
  <testcase name="runMozillaTest[7177, js=testsrc/tests/lc3/JSNumber/ToShort-003-n.js, opt=9]" classname="org.mozilla.javascript.tests.MozillaSuiteTest" time="0.004"/>
  <testcase name="runMozillaTest[7178, js=testsrc/tests/lc3/JSNumber/ToShort-005-n.js, opt=9]" classname="org.mozilla.javascript.tests.MozillaSuiteTest" time="0.006"/>
  <testcase name="runMozillaTest[7179, js=testsrc/tests/lc3/JSObject/ToDouble-002-n.js, opt=9]" classname="org.mozilla.javascript.tests.MozillaSuiteTest" time="0.02"/>
  <testcase name="runMozillaTest[7180, js=testsrc/tests/lc3/JSObject/ToDouble-003-n.js, opt=9]" classname="org.mozilla.javascript.tests.MozillaSuiteTest" time="0.011"/>
  <testcase name="runMozillaTest[7181, js=testsrc/tests/lc3/JSObject/ToFloat-002-n.js, opt=9]" classname="org.mozilla.javascript.tests.MozillaSuiteTest" time="0.029"/>
  <testcase name="runMozillaTest[7182, js=testsrc/tests/lc3/JSObject/ToFloat-003-n.js, opt=9]" classname="org.mozilla.javascript.tests.MozillaSuiteTest" time="0.02"/>
  <testcase name="runMozillaTest[7183, js=testsrc/tests/lc3/JSUndefined/undefined-002-n.js, opt=9]" classname="org.mozilla.javascript.tests.MozillaSuiteTest" time="0.003"/>
  <testcase name="runMozillaTest[7184, js=testsrc/tests/lc3/JSUndefined/undefined-003-n.js, opt=9]" classname="org.mozilla.javascript.tests.MozillaSuiteTest" time="0.017"/>
  <testcase name="runMozillaTest[7185, js=testsrc/tests/lc3/JSUndefined/undefined-004-n.js, opt=9]" classname="org.mozilla.javascript.tests.MozillaSuiteTest" time="0.012"/>
  <testcase name="runMozillaTest[7186, js=testsrc/tests/lc3/JSUndefined/undefined-005-n.js, opt=9]" classname="org.mozilla.javascript.tests.MozillaSuiteTest" time="0.011"/>
  <testcase name="runMozillaTest[7187, js=testsrc/tests/lc3/JSUndefined/undefined-006-n.js, opt=9]" classname="org.mozilla.javascript.tests.MozillaSuiteTest" time="0.027"/>
  <testcase name="runMozillaTest[7188, js=testsrc/tests/lc3/JSUndefined/undefined-007-n.js, opt=9]" classname="org.mozilla.javascript.tests.MozillaSuiteTest" time="0.012"/>
  <testcase name="runMozillaTest[7189, js=testsrc/tests/lc3/JSUndefined/undefined-008-n.js, opt=9]" classname="org.mozilla.javascript.tests.MozillaSuiteTest" time="0.018"/>
  <testcase name="runMozillaTest[7190, js=testsrc/tests/lc3/JSUndefined/undefined-009-n.js, opt=9]" classname="org.mozilla.javascript.tests.MozillaSuiteTest" time="0.021"/>
  <testcase name="runMozillaTest[7191, js=testsrc/tests/lc3/JSUndefined/undefined-010-n.js, opt=9]" classname="org.mozilla.javascript.tests.MozillaSuiteTest" time="0.003"/>
  <testcase name="runMozillaTest[7192, js=testsrc/tests/lc3/JavaArray/ToArray-002-n.js, opt=9]" classname="org.mozilla.javascript.tests.MozillaSuiteTest" time="0.023"/>
  <testcase name="runMozillaTest[7193, js=testsrc/tests/lc3/JavaArray/ToBoolean-001-n.js, opt=9]" classname="org.mozilla.javascript.tests.MozillaSuiteTest" time="0.023"/>
  <testcase name="runMozillaTest[7194, js=testsrc/tests/lc3/JavaObject/JavaObjectToBoolean-001-n.js, opt=9]" classname="org.mozilla.javascript.tests.MozillaSuiteTest" time="0.014"/>
  <testcase name="runMozillaTest[7195, js=testsrc/tests/lc3/JavaObject/JavaObjectToBoolean-002-n.js, opt=9]" classname="org.mozilla.javascript.tests.MozillaSuiteTest" time="0.004"/>
  <testcase name="runMozillaTest[7196, js=testsrc/tests/lc3/JavaObject/JavaObjectToByte-002-n.js, opt=9]" classname="org.mozilla.javascript.tests.MozillaSuiteTest" time="0.032"/>
  <testcase name="runMozillaTest[7197, js=testsrc/tests/lc3/JavaObject/JavaObjectToByte-003-n.js, opt=9]" classname="org.mozilla.javascript.tests.MozillaSuiteTest" time="0.003"/>
  <testcase name="runMozillaTest[7198, js=testsrc/tests/lc3/JavaObject/JavaObjectToByte-004-n.js, opt=9]" classname="org.mozilla.javascript.tests.MozillaSuiteTest" time="0.026"/>
  <testcase name="runMozillaTest[7199, js=testsrc/tests/lc3/JavaObject/JavaObjectToByte-007-n.js, opt=9]" classname="org.mozilla.javascript.tests.MozillaSuiteTest" time="0.021"/>
  <testcase name="runMozillaTest[7200, js=testsrc/tests/lc3/JavaObject/JavaObjectToByte-008-n.js, opt=9]" classname="org.mozilla.javascript.tests.MozillaSuiteTest" time="0.016"/>
  <testcase name="runMozillaTest[7201, js=testsrc/tests/lc3/JavaObject/JavaObjectToChar-003-n.js, opt=9]" classname="org.mozilla.javascript.tests.MozillaSuiteTest" time="0.035"/>
  <testcase name="runMozillaTest[7202, js=testsrc/tests/lc3/JavaObject/JavaObjectToChar-005-n.js, opt=9]" classname="org.mozilla.javascript.tests.MozillaSuiteTest" time="0.003"/>
  <testcase name="runMozillaTest[7203, js=testsrc/tests/lc3/JavaObject/JavaObjectToChar-006-n.js, opt=9]" classname="org.mozilla.javascript.tests.MozillaSuiteTest" time="0.004"/>
  <testcase name="runMozillaTest[7204, js=testsrc/tests/lc3/JavaObject/JavaObjectToInt-002-n.js, opt=9]" classname="org.mozilla.javascript.tests.MozillaSuiteTest" time="0.022"/>
  <testcase name="runMozillaTest[7205, js=testsrc/tests/lc3/JavaObject/JavaObjectToInt-003-n.js, opt=9]" classname="org.mozilla.javascript.tests.MozillaSuiteTest" time="0.03"/>
  <testcase name="runMozillaTest[7206, js=testsrc/tests/lc3/JavaObject/JavaObjectToInt-004-n.js, opt=9]" classname="org.mozilla.javascript.tests.MozillaSuiteTest" time="0.01"/>
  <testcase name="runMozillaTest[7207, js=testsrc/tests/lc3/JavaObject/JavaObjectToLong-002-n.js, opt=9]" classname="org.mozilla.javascript.tests.MozillaSuiteTest" time="0.02"/>
  <testcase name="runMozillaTest[7208, js=testsrc/tests/lc3/JavaObject/JavaObjectToLong-003-n.js, opt=9]" classname="org.mozilla.javascript.tests.MozillaSuiteTest" time="0.004"/>
  <testcase name="runMozillaTest[7209, js=testsrc/tests/lc3/JavaObject/JavaObjectToLong-004-n.js, opt=9]" classname="org.mozilla.javascript.tests.MozillaSuiteTest" time="0.018"/>
  <testcase name="runMozillaTest[7210, js=testsrc/tests/lc3/JavaObject/JavaObjectToLong-006-n.js, opt=9]" classname="org.mozilla.javascript.tests.MozillaSuiteTest" time="0.015"/>
  <testcase name="runMozillaTest[7211, js=testsrc/tests/lc3/JavaObject/JavaObjectToShort-002-n.js, opt=9]" classname="org.mozilla.javascript.tests.MozillaSuiteTest" time="0.043"/>
  <testcase name="runMozillaTest[7212, js=testsrc/tests/lc3/JavaObject/JavaObjectToShort-003-n.js, opt=9]" classname="org.mozilla.javascript.tests.MozillaSuiteTest" time="0.004"/>
  <testcase name="runMozillaTest[7213, js=testsrc/tests/lc3/JavaObject/JavaObjectToShort-004-n.js, opt=9]" classname="org.mozilla.javascript.tests.MozillaSuiteTest" time="0.016"/>
  <testcase name="runMozillaTest[7214, js=testsrc/tests/lc3/StringMethods/string-001.js, opt=9]" classname="org.mozilla.javascript.tests.MozillaSuiteTest" time="0.027"/>
  <testcase name="runMozillaTest[7215, js=testsrc/tests/lc3/instanceof/instanceof-001.js, opt=9]" classname="org.mozilla.javascript.tests.MozillaSuiteTest" time="0.048"/>
  <system-out><![CDATA[output from test live/Methods/println-001.js
output from test live/Methods/println-001.js
output from test live/Methods/println-001.js
]]></system-out>
  <system-err><![CDATA[java.lang.instrument.IllegalClassFormatException: Error while instrumenting class org/mozilla/javascript/gen/testsrc_tests_ecma_3_RegExp_perlstress_001_js_1114.
	at org.jacoco.agent.rt.internal_8ff85ea.CoverageTransformer.transform(CoverageTransformer.java:93)
	at sun.instrument.TransformerManager.transform(TransformerManager.java:188)
	at sun.instrument.InstrumentationImpl.transform(InstrumentationImpl.java:428)
	at java.lang.ClassLoader.defineClass1(Native Method)
	at java.lang.ClassLoader.defineClass(ClassLoader.java:763)
	at org.mozilla.javascript.DefiningClassLoader.defineClass(DefiningClassLoader.java:27)
	at org.mozilla.javascript.optimizer.Codegen.defineClass(Codegen.java:130)
	at org.mozilla.javascript.optimizer.Codegen.createScriptObject(Codegen.java:85)
	at org.mozilla.javascript.Context.compileImpl(Context.java:2576)
	at org.mozilla.javascript.Context.compileString(Context.java:1515)
	at org.mozilla.javascript.Context.compileString(Context.java:1504)
	at org.mozilla.javascript.tools.shell.Main.processFileSecure(Main.java:595)
	at org.mozilla.javascript.tools.shell.Main.processFile(Main.java:560)
	at org.mozilla.javascript.tools.shell.Main.processFileNoThrow(Main.java:537)
	at org.mozilla.javascript.drivers.ShellTest.runFileIfExists(ShellTest.java:50)
	at org.mozilla.javascript.drivers.ShellTest.access$100(ShellTest.java:24)
	at org.mozilla.javascript.drivers.ShellTest$3$1.run(ShellTest.java:291)
	at org.mozilla.javascript.Context.call(Context.java:544)
	at org.mozilla.javascript.ContextFactory.call(ContextFactory.java:515)
	at org.mozilla.javascript.drivers.ShellTest$3.run(ShellTest.java:279)
	at java.lang.Thread.run(Thread.java:748)
Caused by: java.io.IOException: Error while instrumenting class org/mozilla/javascript/gen/testsrc_tests_ecma_3_RegExp_perlstress_001_js_1114.
	at org.jacoco.agent.rt.internal_8ff85ea.core.instr.Instrumenter.instrumentError(Instrumenter.java:166)
	at org.jacoco.agent.rt.internal_8ff85ea.core.instr.Instrumenter.instrument(Instrumenter.java:117)
	at org.jacoco.agent.rt.internal_8ff85ea.CoverageTransformer.transform(CoverageTransformer.java:91)
	... 20 more
Caused by: java.lang.RuntimeException: Method code too large!
	at org.jacoco.agent.rt.internal_8ff85ea.asm.MethodWriter.getSize(MethodWriter.java:2079)
	at org.jacoco.agent.rt.internal_8ff85ea.asm.ClassWriter.toByteArray(ClassWriter.java:838)
	at org.jacoco.agent.rt.internal_8ff85ea.core.instr.Instrumenter.instrument(Instrumenter.java:91)
	at org.jacoco.agent.rt.internal_8ff85ea.core.instr.Instrumenter.instrument(Instrumenter.java:114)
	... 21 more
java.lang.instrument.IllegalClassFormatException: Error while instrumenting class org/mozilla/javascript/gen/testsrc_tests_ecma_3_RegExp_perlstress_001_js_3683.
	at org.jacoco.agent.rt.internal_8ff85ea.CoverageTransformer.transform(CoverageTransformer.java:93)
	at sun.instrument.TransformerManager.transform(TransformerManager.java:188)
	at sun.instrument.InstrumentationImpl.transform(InstrumentationImpl.java:428)
	at java.lang.ClassLoader.defineClass1(Native Method)
	at java.lang.ClassLoader.defineClass(ClassLoader.java:763)
	at org.mozilla.javascript.DefiningClassLoader.defineClass(DefiningClassLoader.java:27)
	at org.mozilla.javascript.optimizer.Codegen.defineClass(Codegen.java:130)
	at org.mozilla.javascript.optimizer.Codegen.createScriptObject(Codegen.java:85)
	at org.mozilla.javascript.Context.compileImpl(Context.java:2576)
	at org.mozilla.javascript.Context.compileString(Context.java:1515)
	at org.mozilla.javascript.Context.compileString(Context.java:1504)
	at org.mozilla.javascript.tools.shell.Main.processFileSecure(Main.java:595)
	at org.mozilla.javascript.tools.shell.Main.processFile(Main.java:560)
	at org.mozilla.javascript.tools.shell.Main.processFileNoThrow(Main.java:537)
	at org.mozilla.javascript.drivers.ShellTest.runFileIfExists(ShellTest.java:50)
	at org.mozilla.javascript.drivers.ShellTest.access$100(ShellTest.java:24)
	at org.mozilla.javascript.drivers.ShellTest$3$1.run(ShellTest.java:291)
	at org.mozilla.javascript.Context.call(Context.java:544)
	at org.mozilla.javascript.ContextFactory.call(ContextFactory.java:515)
	at org.mozilla.javascript.drivers.ShellTest$3.run(ShellTest.java:279)
	at java.lang.Thread.run(Thread.java:748)
Caused by: java.io.IOException: Error while instrumenting class org/mozilla/javascript/gen/testsrc_tests_ecma_3_RegExp_perlstress_001_js_3683.
	at org.jacoco.agent.rt.internal_8ff85ea.core.instr.Instrumenter.instrumentError(Instrumenter.java:166)
	at org.jacoco.agent.rt.internal_8ff85ea.core.instr.Instrumenter.instrument(Instrumenter.java:117)
	at org.jacoco.agent.rt.internal_8ff85ea.CoverageTransformer.transform(CoverageTransformer.java:91)
	... 20 more
Caused by: java.lang.RuntimeException: Method code too large!
	at org.jacoco.agent.rt.internal_8ff85ea.asm.MethodWriter.getSize(MethodWriter.java:2079)
	at org.jacoco.agent.rt.internal_8ff85ea.asm.ClassWriter.toByteArray(ClassWriter.java:838)
	at org.jacoco.agent.rt.internal_8ff85ea.core.instr.Instrumenter.instrument(Instrumenter.java:91)
	at org.jacoco.agent.rt.internal_8ff85ea.core.instr.Instrumenter.instrument(Instrumenter.java:114)
	... 21 more
]]></system-err>
</testsuite>
