<?xml version="1.0" encoding="UTF-8"?>
<testsuite name="org.mozilla.javascript.tests.Bug491621Test" tests="7" skipped="0" failures="0" errors="0" timestamp="2019-01-10T04:59:27" hostname="swami-VirtualBox" time="0.354">
  <properties/>
  <testcase name="testOctLiteralToSource" classname="org.mozilla.javascript.tests.Bug491621Test" time="0.301"/>
  <testcase name="testLetDeclarationToSource" classname="org.mozilla.javascript.tests.Bug491621Test" time="0.027"/>
  <testcase name="testHexOctDecLiteralToSource" classname="org.mozilla.javascript.tests.Bug491621Test" time="0.0"/>
  <testcase name="testVarDeclarationToSource" classname="org.mozilla.javascript.tests.Bug491621Test" time="0.015"/>
  <testcase name="testConstDeclarationToSource" classname="org.mozilla.javascript.tests.Bug491621Test" time="0.005"/>
  <testcase name="testEmptySwitchToSource" classname="org.mozilla.javascript.tests.Bug491621Test" time="0.0"/>
  <testcase name="testHexLiteralToSource" classname="org.mozilla.javascript.tests.Bug491621Test" time="0.0"/>
  <system-out><![CDATA[]]></system-out>
  <system-err><![CDATA[]]></system-err>
</testsuite>
