<?xml version="1.0" encoding="UTF-8"?>
<testsuite name="org.mozilla.javascript.tests.NativeRegExpTest" tests="1" skipped="0" failures="0" errors="0" timestamp="2019-01-10T05:11:26" hostname="swami-VirtualBox" time="1.378">
  <properties/>
  <testcase name="testOpenBrace" classname="org.mozilla.javascript.tests.NativeRegExpTest" time="1.378"/>
  <system-out><![CDATA[]]></system-out>
  <system-err><![CDATA[]]></system-err>
</testsuite>
