<?xml version="1.0" encoding="UTF-8"?>
<testsuite name="org.mozilla.javascript.tests.ConsStringTest" tests="3" skipped="0" failures="0" errors="0" timestamp="2019-01-10T04:59:20" hostname="swami-VirtualBox" time="0.542">
  <properties/>
  <testcase name="testAppendManyStrings" classname="org.mozilla.javascript.tests.ConsStringTest" time="0.271"/>
  <testcase name="testAppend" classname="org.mozilla.javascript.tests.ConsStringTest" time="0.001"/>
  <testcase name="testAppendManyStringsRecursive" classname="org.mozilla.javascript.tests.ConsStringTest" time="0.258"/>
  <system-out><![CDATA[]]></system-out>
  <system-err><![CDATA[]]></system-err>
</testsuite>
