<?xml version="1.0" encoding="UTF-8"?>
<testsuite name="org.mozilla.javascript.tests.SortingTest" tests="10" skipped="0" failures="0" errors="0" timestamp="2019-01-10T04:59:45" hostname="swami-VirtualBox" time="1.45">
  <properties/>
  <testcase name="testBenchReverseHybrid" classname="org.mozilla.javascript.tests.SortingTest" time="0.145"/>
  <testcase name="testBenchSequentialInsertion" classname="org.mozilla.javascript.tests.SortingTest" time="0.007"/>
  <testcase name="testBenchRandomHybrid" classname="org.mozilla.javascript.tests.SortingTest" time="0.105"/>
  <testcase name="testBenchReverseJavaUtil" classname="org.mozilla.javascript.tests.SortingTest" time="0.014"/>
  <testcase name="testHybridSort" classname="org.mozilla.javascript.tests.SortingTest" time="0.025"/>
  <testcase name="testBenchSequentialJavaUtil" classname="org.mozilla.javascript.tests.SortingTest" time="0.003"/>
  <testcase name="testMedian" classname="org.mozilla.javascript.tests.SortingTest" time="0.0"/>
  <testcase name="testBenchSequentialHybrid" classname="org.mozilla.javascript.tests.SortingTest" time="0.059"/>
  <testcase name="testInsertionSort" classname="org.mozilla.javascript.tests.SortingTest" time="0.938"/>
  <testcase name="testBenchRandomJavaUtil" classname="org.mozilla.javascript.tests.SortingTest" time="0.123"/>
  <system-out><![CDATA[]]></system-out>
  <system-err><![CDATA[]]></system-err>
</testsuite>
