<?xml version="1.0" encoding="UTF-8"?>
<testsuite name="org.mozilla.javascript.tests.StrictModeApiTest" tests="1" skipped="0" failures="0" errors="0" timestamp="2019-01-10T04:59:25" hostname="swami-VirtualBox" time="0.533">
  <properties/>
  <testcase name="testStrictModeError" classname="org.mozilla.javascript.tests.StrictModeApiTest" time="0.533"/>
  <system-out><![CDATA[]]></system-out>
  <system-err><![CDATA[]]></system-err>
</testsuite>
