<?xml version="1.0" encoding="UTF-8"?>
<testsuite name="org.mozilla.javascript.tests.DoctestFeature18EnabledTest" tests="1" skipped="0" failures="0" errors="0" timestamp="2019-01-10T05:10:56" hostname="swami-VirtualBox" time="1.256">
  <properties/>
  <testcase name="runDoctest[feature18enabled.doctest]" classname="org.mozilla.javascript.tests.DoctestFeature18EnabledTest" time="1.256"/>
  <system-out><![CDATA[]]></system-out>
  <system-err><![CDATA[]]></system-err>
</testsuite>
