<?xml version="1.0" encoding="UTF-8"?>
<testsuite name="org.mozilla.javascript.tests.harmony.TypedArraysTest" tests="3" skipped="0" failures="0" errors="0" timestamp="2019-01-10T05:00:01" hostname="swami-VirtualBox" time="2.465">
  <properties/>
  <testcase name="rhinoTestNoOpt" classname="org.mozilla.javascript.tests.harmony.TypedArraysTest" time="1.428"/>
  <testcase name="rhinoTestOpt0" classname="org.mozilla.javascript.tests.harmony.TypedArraysTest" time="0.647"/>
  <testcase name="rhinoTestOpt9" classname="org.mozilla.javascript.tests.harmony.TypedArraysTest" time="0.386"/>
  <system-out><![CDATA[]]></system-out>
  <system-err><![CDATA[]]></system-err>
</testsuite>
