<?xml version="1.0" encoding="UTF-8"?>
<testsuite name="org.mozilla.javascript.tests.DeletePropertyTest" tests="1" skipped="0" failures="0" errors="0" timestamp="2019-01-10T05:01:24" hostname="swami-VirtualBox" time="1.481">
  <properties/>
  <testcase name="testDeletePropInPrototype" classname="org.mozilla.javascript.tests.DeletePropertyTest" time="1.481"/>
  <system-out><![CDATA[]]></system-out>
  <system-err><![CDATA[]]></system-err>
</testsuite>
