<?xml version="1.0" encoding="UTF-8"?>
<testsuite name="org.mozilla.javascript.tests.DefineClassMapInheritance" tests="1" skipped="0" failures="0" errors="0" timestamp="2019-01-10T05:09:57" hostname="swami-VirtualBox" time="1.008">
  <properties/>
  <testcase name="test" classname="org.mozilla.javascript.tests.DefineClassMapInheritance" time="1.008"/>
  <system-out><![CDATA[]]></system-out>
  <system-err><![CDATA[]]></system-err>
</testsuite>
