<?xml version="1.0" encoding="UTF-8"?>
<testsuite name="org.mozilla.javascript.tests.es5.FunctionApplyArrayLikeArguments" tests="1" skipped="0" failures="0" errors="0" timestamp="2019-01-10T05:12:31" hostname="swami-VirtualBox" time="1.224">
  <properties/>
  <testcase name="testArrayLikeArgumentsOfFunctionApply" classname="org.mozilla.javascript.tests.es5.FunctionApplyArrayLikeArguments" time="1.224"/>
  <system-out><![CDATA[]]></system-out>
  <system-err><![CDATA[]]></system-err>
</testsuite>
