<?xml version="1.0" encoding="UTF-8"?>
<testsuite name="org.mozilla.javascript.tests.ContextFactoryTest" tests="2" skipped="0" failures="0" errors="0" timestamp="2019-01-10T05:01:18" hostname="swami-VirtualBox" time="0.002">
  <properties/>
  <testcase name="whenVersionLessEq17ThenOldUndefNullThis" classname="org.mozilla.javascript.tests.ContextFactoryTest" time="0.001"/>
  <testcase name="whenVersionGt17ThenNewUndefNullThis" classname="org.mozilla.javascript.tests.ContextFactoryTest" time="0.0"/>
  <system-out><![CDATA[]]></system-out>
  <system-err><![CDATA[]]></system-err>
</testsuite>
