<?xml version="1.0" encoding="UTF-8"?>
<testsuite name="org.mozilla.javascript.tests.Bug708801Test" tests="5" skipped="0" failures="0" errors="0" timestamp="2019-01-10T05:10:47" hostname="swami-VirtualBox" time="1.881">
  <properties/>
  <testcase name="testTypeofName" classname="org.mozilla.javascript.tests.Bug708801Test" time="1.134"/>
  <testcase name="testRelOp" classname="org.mozilla.javascript.tests.Bug708801Test" time="0.056"/>
  <testcase name="testEval" classname="org.mozilla.javascript.tests.Bug708801Test" time="0.079"/>
  <testcase name="testMore" classname="org.mozilla.javascript.tests.Bug708801Test" time="0.503"/>
  <testcase name="testIncDec" classname="org.mozilla.javascript.tests.Bug708801Test" time="0.061"/>
  <system-out><![CDATA[]]></system-out>
  <system-err><![CDATA[]]></system-err>
</testsuite>
