<?xml version="1.0" encoding="UTF-8"?>
<testsuite name="org.mozilla.javascript.tests.Bug409702Test" tests="1" skipped="0" failures="0" errors="0" timestamp="2019-01-10T05:01:33" hostname="swami-VirtualBox" time="1.321">
  <properties/>
  <testcase name="testAdapter" classname="org.mozilla.javascript.tests.Bug409702Test" time="1.321"/>
  <system-out><![CDATA[]]></system-out>
  <system-err><![CDATA[]]></system-err>
</testsuite>
