<?xml version="1.0" encoding="UTF-8"?>
<testsuite name="org.mozilla.javascript.tests.OverloadTest" tests="3" skipped="0" failures="0" errors="0" timestamp="2019-01-10T05:10:30" hostname="swami-VirtualBox" time="1.506">
  <properties/>
  <testcase name="testJSFunctionToInterface" classname="org.mozilla.javascript.tests.OverloadTest" time="1.277"/>
  <testcase name="testJSObjectToMap" classname="org.mozilla.javascript.tests.OverloadTest" time="0.173"/>
  <testcase name="testJSArrayToCollection" classname="org.mozilla.javascript.tests.OverloadTest" time="0.025"/>
  <system-out><![CDATA[]]></system-out>
  <system-err><![CDATA[]]></system-err>
</testsuite>
