<?xml version="1.0" encoding="UTF-8"?>
<testsuite name="org.mozilla.javascript.tests.harmony.StringIncludesTest" tests="3" skipped="0" failures="0" errors="0" timestamp="2019-01-10T05:00:05" hostname="swami-VirtualBox" time="1.333">
  <properties/>
  <testcase name="rhinoTestNoOpt" classname="org.mozilla.javascript.tests.harmony.StringIncludesTest" time="0.845"/>
  <testcase name="rhinoTestOpt0" classname="org.mozilla.javascript.tests.harmony.StringIncludesTest" time="0.311"/>
  <testcase name="rhinoTestOpt9" classname="org.mozilla.javascript.tests.harmony.StringIncludesTest" time="0.154"/>
  <system-out><![CDATA[]]></system-out>
  <system-err><![CDATA[]]></system-err>
</testsuite>
