<?xml version="1.0" encoding="UTF-8"?>
<testsuite name="org.mozilla.javascript.tests.es5.ObjectGetOwnPropertyDescriptorTest" tests="1" skipped="0" failures="0" errors="0" timestamp="2019-01-10T05:12:23" hostname="swami-VirtualBox" time="1.089">
  <properties/>
  <testcase name="testContentsOfPropertyDescriptorShouldReflectAttributesOfProperty" classname="org.mozilla.javascript.tests.es5.ObjectGetOwnPropertyDescriptorTest" time="1.089"/>
  <system-out><![CDATA[]]></system-out>
  <system-err><![CDATA[]]></system-err>
</testsuite>
