<?xml version="1.0" encoding="UTF-8"?>
<testsuite name="org.mozilla.javascript.tests.GeneratedMethodNameTest" tests="5" skipped="0" failures="0" errors="0" timestamp="2019-01-10T05:11:55" hostname="swami-VirtualBox" time="1.388">
  <properties/>
  <testcase name="testScriptName" classname="org.mozilla.javascript.tests.GeneratedMethodNameTest" time="1.195"/>
  <testcase name="testAnonymousFunction" classname="org.mozilla.javascript.tests.GeneratedMethodNameTest" time="0.055"/>
  <testcase name="testStandardFunction" classname="org.mozilla.javascript.tests.GeneratedMethodNameTest" time="0.007"/>
  <testcase name="testFunctionDollar" classname="org.mozilla.javascript.tests.GeneratedMethodNameTest" time="0.023"/>
  <testcase name="testConstructor" classname="org.mozilla.javascript.tests.GeneratedMethodNameTest" time="0.057"/>
  <system-out><![CDATA[]]></system-out>
  <system-err><![CDATA[]]></system-err>
</testsuite>
