<?xml version="1.0" encoding="UTF-8"?>
<testsuite name="org.mozilla.javascript.tests.Bug466207Test" tests="6" skipped="0" failures="0" errors="0" timestamp="2019-01-10T04:59:50" hostname="swami-VirtualBox" time="0.689">
  <properties/>
  <testcase name="testToArray" classname="org.mozilla.javascript.tests.Bug466207Test" time="0.59"/>
  <testcase name="testIndexedAccess" classname="org.mozilla.javascript.tests.Bug466207Test" time="0.008"/>
  <testcase name="testEqual" classname="org.mozilla.javascript.tests.Bug466207Test" time="0.029"/>
  <testcase name="testContains" classname="org.mozilla.javascript.tests.Bug466207Test" time="0.021"/>
  <testcase name="testIndexOf" classname="org.mozilla.javascript.tests.Bug466207Test" time="0.006"/>
  <testcase name="testIterator" classname="org.mozilla.javascript.tests.Bug466207Test" time="0.012"/>
  <system-out><![CDATA[]]></system-out>
  <system-err><![CDATA[]]></system-err>
</testsuite>
