<?xml version="1.0" encoding="UTF-8"?>
<testsuite name="org.mozilla.javascript.tests.commonjs.module.ComplianceTest" tests="11" skipped="0" failures="0" errors="0" timestamp="2019-01-10T05:01:09" hostname="swami-VirtualBox" time="0.818">
  <properties/>
  <testcase name="testRequire[/nested]" classname="org.mozilla.javascript.tests.commonjs.module.ComplianceTest" time="0.608"/>
  <testcase name="testRequire[/transitive]" classname="org.mozilla.javascript.tests.commonjs.module.ComplianceTest" time="0.009"/>
  <testcase name="testRequire[/relative]" classname="org.mozilla.javascript.tests.commonjs.module.ComplianceTest" time="0.013"/>
  <testcase name="testRequire[/absolute]" classname="org.mozilla.javascript.tests.commonjs.module.ComplianceTest" time="0.014"/>
  <testcase name="testRequire[/method]" classname="org.mozilla.javascript.tests.commonjs.module.ComplianceTest" time="0.006"/>
  <testcase name="testRequire[/exactExports]" classname="org.mozilla.javascript.tests.commonjs.module.ComplianceTest" time="0.004"/>
  <testcase name="testRequire[/determinism]" classname="org.mozilla.javascript.tests.commonjs.module.ComplianceTest" time="0.053"/>
  <testcase name="testRequire[/hasOwnProperty]" classname="org.mozilla.javascript.tests.commonjs.module.ComplianceTest" time="0.01"/>
  <testcase name="testRequire[/cyclic]" classname="org.mozilla.javascript.tests.commonjs.module.ComplianceTest" time="0.005"/>
  <testcase name="testRequire[/monkeys]" classname="org.mozilla.javascript.tests.commonjs.module.ComplianceTest" time="0.015"/>
  <testcase name="testRequire[/missing]" classname="org.mozilla.javascript.tests.commonjs.module.ComplianceTest" time="0.004"/>
  <system-out><![CDATA[]]></system-out>
  <system-err><![CDATA[]]></system-err>
</testsuite>
