<?xml version="1.0" encoding="UTF-8"?>
<testsuite name="org.mozilla.javascript.tests.WrapFactoryTest" tests="2" skipped="0" failures="0" errors="0" timestamp="2019-01-10T05:10:16" hostname="swami-VirtualBox" time="1.556">
  <properties/>
  <testcase name="primitiveWrapTrue" classname="org.mozilla.javascript.tests.WrapFactoryTest" time="1.444"/>
  <testcase name="primitiveWrapFalse" classname="org.mozilla.javascript.tests.WrapFactoryTest" time="0.108"/>
  <system-out><![CDATA[]]></system-out>
  <system-err><![CDATA[]]></system-err>
</testsuite>
