<?xml version="1.0" encoding="UTF-8"?>
<testsuite name="org.mozilla.javascript.tests.es5.ObjectGetOwnPropertyNamesTest" tests="1" skipped="0" failures="0" errors="0" timestamp="2019-01-10T05:12:27" hostname="swami-VirtualBox" time="1.186">
  <properties/>
  <testcase name="testShouldReturnAllPropertiesOfArg" classname="org.mozilla.javascript.tests.es5.ObjectGetOwnPropertyNamesTest" time="1.186"/>
  <system-out><![CDATA[]]></system-out>
  <system-err><![CDATA[]]></system-err>
</testsuite>
