<?xml version="1.0" encoding="UTF-8"?>
<testsuite name="org.mozilla.javascript.tests.Issue385Test" tests="5" skipped="0" failures="0" errors="0" timestamp="2019-01-10T04:58:56" hostname="swami-VirtualBox" time="0.454">
  <properties/>
  <testcase name="test_obj_destruct_simple" classname="org.mozilla.javascript.tests.Issue385Test" time="0.41"/>
  <testcase name="test_obj_destruct_complex" classname="org.mozilla.javascript.tests.Issue385Test" time="0.006"/>
  <testcase name="test_obj_destruct_simple_short" classname="org.mozilla.javascript.tests.Issue385Test" time="0.005"/>
  <testcase name="test_arr_destruct_complex" classname="org.mozilla.javascript.tests.Issue385Test" time="0.01"/>
  <testcase name="test_arr_destruct_simple" classname="org.mozilla.javascript.tests.Issue385Test" time="0.002"/>
  <system-out><![CDATA[]]></system-out>
  <system-err><![CDATA[]]></system-err>
</testsuite>
