<?xml version="1.0" encoding="UTF-8"?>
<testsuite name="org.mozilla.javascript.tests.FunctionTest" tests="1" skipped="0" failures="0" errors="0" timestamp="2019-01-10T04:59:55" hostname="swami-VirtualBox" time="0.661">
  <properties/>
  <testcase name="testFunctionWithSlashSlash" classname="org.mozilla.javascript.tests.FunctionTest" time="0.661"/>
  <system-out><![CDATA[]]></system-out>
  <system-err><![CDATA[]]></system-err>
</testsuite>
