<?xml version="1.0" encoding="UTF-8"?>
<testsuite name="org.mozilla.javascript.tests.Bug714204Test" tests="5" skipped="0" failures="0" errors="0" timestamp="2019-01-10T05:11:43" hostname="swami-VirtualBox" time="1.188">
  <properties/>
  <testcase name="test_args_this" classname="org.mozilla.javascript.tests.Bug714204Test" time="0.803"/>
  <testcase name="test_const_this" classname="org.mozilla.javascript.tests.Bug714204Test" time="0.062"/>
  <testcase name="test_let_this" classname="org.mozilla.javascript.tests.Bug714204Test" time="0.04"/>
  <testcase name="test_var_this" classname="org.mozilla.javascript.tests.Bug714204Test" time="0.001"/>
  <testcase name="test_assign_this" classname="org.mozilla.javascript.tests.Bug714204Test" time="0.247"/>
  <system-out><![CDATA[]]></system-out>
  <system-err><![CDATA[]]></system-err>
</testsuite>
