<?xml version="1.0" encoding="UTF-8"?>
<testsuite name="org.mozilla.javascript.tests.ComparatorTest" tests="3" skipped="0" failures="0" errors="0" timestamp="2019-01-10T04:58:51" hostname="swami-VirtualBox" time="1.197">
  <properties/>
  <testcase name="testCustomComparator" classname="org.mozilla.javascript.tests.ComparatorTest" time="1.192"/>
  <testcase name="testObjectIDComparator" classname="org.mozilla.javascript.tests.ComparatorTest" time="0.0"/>
  <testcase name="testArrayComparator" classname="org.mozilla.javascript.tests.ComparatorTest" time="0.0"/>
  <system-out><![CDATA[]]></system-out>
  <system-err><![CDATA[]]></system-err>
</testsuite>
