<?xml version="1.0" encoding="UTF-8"?>
<testsuite name="org.mozilla.javascript.tests.harmony.StringRepeatTest" tests="3" skipped="0" failures="0" errors="0" timestamp="2019-01-10T05:00:40" hostname="swami-VirtualBox" time="1.238">
  <properties/>
  <testcase name="rhinoTestNoOpt" classname="org.mozilla.javascript.tests.harmony.StringRepeatTest" time="0.81"/>
  <testcase name="rhinoTestOpt0" classname="org.mozilla.javascript.tests.harmony.StringRepeatTest" time="0.261"/>
  <testcase name="rhinoTestOpt9" classname="org.mozilla.javascript.tests.harmony.StringRepeatTest" time="0.145"/>
  <system-out><![CDATA[]]></system-out>
  <system-err><![CDATA[]]></system-err>
</testsuite>
