<?xml version="1.0" encoding="UTF-8"?>
<testsuite name="org.mozilla.javascript.tests.Bug421071Test" tests="1" skipped="0" failures="0" errors="0" timestamp="2019-01-10T04:59:08" hostname="swami-VirtualBox" time="0.662">
  <properties/>
  <testcase name="testProblemReplicator" classname="org.mozilla.javascript.tests.Bug421071Test" time="0.662"/>
  <system-out><![CDATA[]]></system-out>
  <system-err><![CDATA[]]></system-err>
</testsuite>
