<?xml version="1.0" encoding="UTF-8"?>
<testsuite name="org.mozilla.javascript.tests.backwardcompat.BackwardUseStrict" tests="6" skipped="0" failures="0" errors="0" timestamp="2019-01-10T04:59:12" hostname="swami-VirtualBox" time="1.187">
  <properties/>
  <testcase name="testStrictIgnored0" classname="org.mozilla.javascript.tests.backwardcompat.BackwardUseStrict" time="0.889"/>
  <testcase name="testStrictIgnored1" classname="org.mozilla.javascript.tests.backwardcompat.BackwardUseStrict" time="0.129"/>
  <testcase name="testStrictIgnored9" classname="org.mozilla.javascript.tests.backwardcompat.BackwardUseStrict" time="0.104"/>
  <testcase name="testStrictHonored0" classname="org.mozilla.javascript.tests.backwardcompat.BackwardUseStrict" time="0.023"/>
  <testcase name="testStrictHonored1" classname="org.mozilla.javascript.tests.backwardcompat.BackwardUseStrict" time="0.011"/>
  <testcase name="testStrictHonored9" classname="org.mozilla.javascript.tests.backwardcompat.BackwardUseStrict" time="0.02"/>
  <system-out><![CDATA[]]></system-out>
  <system-err><![CDATA[]]></system-err>
</testsuite>
