<?xml version="1.0" encoding="UTF-8"?>
<testsuite name="org.mozilla.javascript.tests.SortingComparatorTest" tests="3" skipped="0" failures="0" errors="0" timestamp="2019-01-10T04:59:00" hostname="swami-VirtualBox" time="1.209">
  <properties/>
  <testcase name="rhinoTestNoOpt" classname="org.mozilla.javascript.tests.SortingComparatorTest" time="0.772"/>
  <testcase name="rhinoTestOpt0" classname="org.mozilla.javascript.tests.SortingComparatorTest" time="0.299"/>
  <testcase name="rhinoTestOpt9" classname="org.mozilla.javascript.tests.SortingComparatorTest" time="0.133"/>
  <system-out><![CDATA[]]></system-out>
  <system-err><![CDATA[]]></system-err>
</testsuite>
