<?xml version="1.0" encoding="UTF-8"?>
<testsuite name="org.mozilla.javascript.tests.BugGetterSetterTest" tests="1" skipped="0" failures="0" errors="0" timestamp="2019-01-10T05:11:51" hostname="swami-VirtualBox" time="0.603">
  <properties/>
  <testcase name="testNodeReplacementInWhileLoopWithBrackets" classname="org.mozilla.javascript.tests.BugGetterSetterTest" time="0.603"/>
  <system-out><![CDATA[]]></system-out>
  <system-err><![CDATA[]]></system-err>
</testsuite>
