<?xml version="1.0" encoding="UTF-8"?>
<testsuite name="org.mozilla.javascript.tests.HashCollisionTest" tests="1" skipped="0" failures="0" errors="0" timestamp="2019-01-10T04:58:18" hostname="swami-VirtualBox" time="2.685">
  <properties/>
  <testcase name="testMediumCollisions" classname="org.mozilla.javascript.tests.HashCollisionTest" time="2.685"/>
  <system-out><![CDATA[]]></system-out>
  <system-err><![CDATA[]]></system-err>
</testsuite>
