<?xml version="1.0" encoding="UTF-8"?>
<testsuite name="org.mozilla.javascript.tests.ObserveInstructionCountTest" tests="4" skipped="0" failures="0" errors="0" timestamp="2019-01-10T04:59:31" hostname="swami-VirtualBox" time="0.658">
  <properties/>
  <testcase name="testWhileTrueNoCounterInGlobal" classname="org.mozilla.javascript.tests.ObserveInstructionCountTest" time="0.568"/>
  <testcase name="testWhileTrueInGlobal" classname="org.mozilla.javascript.tests.ObserveInstructionCountTest" time="0.035"/>
  <testcase name="testForever" classname="org.mozilla.javascript.tests.ObserveInstructionCountTest" time="0.01"/>
  <testcase name="testWhileTrueInFunction" classname="org.mozilla.javascript.tests.ObserveInstructionCountTest" time="0.023"/>
  <system-out><![CDATA[]]></system-out>
  <system-err><![CDATA[]]></system-err>
</testsuite>
