<?xml version="1.0" encoding="UTF-8"?>
<testsuite name="org.mozilla.javascript.tests.TopLevelStrictModeTest" tests="3" skipped="0" failures="0" errors="0" timestamp="2019-01-10T04:59:22" hostname="swami-VirtualBox" time="1.104">
  <properties/>
  <testcase name="rhinoTestNoOpt" classname="org.mozilla.javascript.tests.TopLevelStrictModeTest" time="0.729"/>
  <testcase name="rhinoTestOpt0" classname="org.mozilla.javascript.tests.TopLevelStrictModeTest" time="0.254"/>
  <testcase name="rhinoTestOpt9" classname="org.mozilla.javascript.tests.TopLevelStrictModeTest" time="0.119"/>
  <system-out><![CDATA[]]></system-out>
  <system-err><![CDATA[]]></system-err>
</testsuite>
