<?xml version="1.0" encoding="UTF-8"?>
<testsuite name="org.mozilla.javascript.tests.harmony.StringStartsWithTest" tests="3" skipped="0" failures="0" errors="0" timestamp="2019-01-10T05:00:46" hostname="swami-VirtualBox" time="1.602">
  <properties/>
  <testcase name="rhinoTestNoOpt" classname="org.mozilla.javascript.tests.harmony.StringStartsWithTest" time="0.94"/>
  <testcase name="rhinoTestOpt0" classname="org.mozilla.javascript.tests.harmony.StringStartsWithTest" time="0.431"/>
  <testcase name="rhinoTestOpt9" classname="org.mozilla.javascript.tests.harmony.StringStartsWithTest" time="0.228"/>
  <system-out><![CDATA[]]></system-out>
  <system-err><![CDATA[]]></system-err>
</testsuite>
