<?xml version="1.0" encoding="UTF-8"?>
<testsuite name="org.mozilla.javascript.tests.harmony.SymbolTest" tests="3" skipped="0" failures="0" errors="0" timestamp="2019-01-10T05:00:12" hostname="swami-VirtualBox" time="1.135">
  <properties/>
  <testcase name="rhinoTestNoOpt" classname="org.mozilla.javascript.tests.harmony.SymbolTest" time="0.698"/>
  <testcase name="rhinoTestOpt0" classname="org.mozilla.javascript.tests.harmony.SymbolTest" time="0.304"/>
  <testcase name="rhinoTestOpt9" classname="org.mozilla.javascript.tests.harmony.SymbolTest" time="0.127"/>
  <system-out><![CDATA[]]></system-out>
  <system-err><![CDATA[]]></system-err>
</testsuite>
