<?xml version="1.0" encoding="UTF-8"?>
<testsuite name="org.mozilla.javascript.tests.es6.ForOfTest" tests="3" skipped="0" failures="0" errors="0" timestamp="2019-01-10T05:01:53" hostname="swami-VirtualBox" time="2.127">
  <properties/>
  <testcase name="rhinoTestNoOpt" classname="org.mozilla.javascript.tests.es6.ForOfTest" time="1.341"/>
  <testcase name="rhinoTestOpt0" classname="org.mozilla.javascript.tests.es6.ForOfTest" time="0.54"/>
  <testcase name="rhinoTestOpt9" classname="org.mozilla.javascript.tests.es6.ForOfTest" time="0.214"/>
  <system-out><![CDATA[]]></system-out>
  <system-err><![CDATA[]]></system-err>
</testsuite>
