<?xml version="1.0" encoding="UTF-8"?>
<testsuite name="org.mozilla.javascript.tests.GlobalParseXTest" tests="2" skipped="0" failures="0" errors="0" timestamp="2019-01-10T04:59:53" hostname="swami-VirtualBox" time="1.063">
  <properties/>
  <testcase name="testParseFloatAndIntWhiteSpaces" classname="org.mozilla.javascript.tests.GlobalParseXTest" time="0.869"/>
  <testcase name="testParseFloatTrailingNoise" classname="org.mozilla.javascript.tests.GlobalParseXTest" time="0.182"/>
  <system-out><![CDATA[]]></system-out>
  <system-err><![CDATA[]]></system-err>
</testsuite>
