<?xml version="1.0" encoding="UTF-8"?>
<testsuite name="org.mozilla.javascript.tests.IncDecTest" tests="3" skipped="0" failures="0" errors="0" timestamp="2019-01-10T05:01:19" hostname="swami-VirtualBox" time="1.117">
  <properties/>
  <testcase name="rhinoTestNoOpt" classname="org.mozilla.javascript.tests.IncDecTest" time="0.703"/>
  <testcase name="rhinoTestOpt0" classname="org.mozilla.javascript.tests.IncDecTest" time="0.247"/>
  <testcase name="rhinoTestOpt9" classname="org.mozilla.javascript.tests.IncDecTest" time="0.144"/>
  <system-out><![CDATA[]]></system-out>
  <system-err><![CDATA[]]></system-err>
</testsuite>
