<?xml version="1.0" encoding="UTF-8"?>
<testsuite name="org.mozilla.javascript.tests.commonjs.module.RequireTest" tests="5" skipped="0" failures="0" errors="0" timestamp="2019-01-10T05:01:03" hostname="swami-VirtualBox" time="1.314">
  <properties/>
  <testcase name="testSandboxed" classname="org.mozilla.javascript.tests.commonjs.module.RequireTest" time="0.881"/>
  <testcase name="testSetMainForAlreadyLoadedModule" classname="org.mozilla.javascript.tests.commonjs.module.RequireTest" time="0.124"/>
  <testcase name="testRelativeId" classname="org.mozilla.javascript.tests.commonjs.module.RequireTest" time="0.127"/>
  <testcase name="testNonSandboxed" classname="org.mozilla.javascript.tests.commonjs.module.RequireTest" time="0.071"/>
  <testcase name="testVariousUsageErrors" classname="org.mozilla.javascript.tests.commonjs.module.RequireTest" time="0.06"/>
  <system-out><![CDATA[]]></system-out>
  <system-err><![CDATA[]]></system-err>
</testsuite>
