<?xml version="1.0" encoding="UTF-8"?>
<testsuite name="org.mozilla.javascript.tests.harmony.TypedArrayJavaTest" tests="10" skipped="0" failures="0" errors="0" timestamp="2019-01-10T05:00:55" hostname="swami-VirtualBox" time="0.274">
  <properties/>
  <testcase name="testUInt8Clamped" classname="org.mozilla.javascript.tests.harmony.TypedArrayJavaTest" time="0.23"/>
  <testcase name="testInt16" classname="org.mozilla.javascript.tests.harmony.TypedArrayJavaTest" time="0.003"/>
  <testcase name="testInt32" classname="org.mozilla.javascript.tests.harmony.TypedArrayJavaTest" time="0.001"/>
  <testcase name="testUInt8" classname="org.mozilla.javascript.tests.harmony.TypedArrayJavaTest" time="0.001"/>
  <testcase name="testFloat32" classname="org.mozilla.javascript.tests.harmony.TypedArrayJavaTest" time="0.005"/>
  <testcase name="testFloat64" classname="org.mozilla.javascript.tests.harmony.TypedArrayJavaTest" time="0.002"/>
  <testcase name="testInt8" classname="org.mozilla.javascript.tests.harmony.TypedArrayJavaTest" time="0.002"/>
  <testcase name="testInt8Equals" classname="org.mozilla.javascript.tests.harmony.TypedArrayJavaTest" time="0.003"/>
  <testcase name="testUint16" classname="org.mozilla.javascript.tests.harmony.TypedArrayJavaTest" time="0.002"/>
  <testcase name="testUint32" classname="org.mozilla.javascript.tests.harmony.TypedArrayJavaTest" time="0.001"/>
  <system-out><![CDATA[]]></system-out>
  <system-err><![CDATA[]]></system-err>
</testsuite>
