<?xml version="1.0" encoding="UTF-8"?>
<testsuite name="org.mozilla.javascript.tests.UndefinedOrNullThisInFunctionCallOrApplyTest" tests="6" skipped="2" failures="0" errors="0" timestamp="2019-01-10T05:10:26" hostname="swami-VirtualBox" time="1.264">
  <properties/>
  <testcase name="whenVersionLtEq17ThenPassGlobalThisObjForCallJS" classname="org.mozilla.javascript.tests.UndefinedOrNullThisInFunctionCallOrApplyTest" time="1.007"/>
  <testcase name="whenVersionGt17ThenPassNullAsThisObjJavaFunc" classname="org.mozilla.javascript.tests.UndefinedOrNullThisInFunctionCallOrApplyTest" time="0.0">
    <skipped/>
  </testcase>
  <testcase name="whenVersionLtEq17ThenPassGlobalThisObjJavaFunc" classname="org.mozilla.javascript.tests.UndefinedOrNullThisInFunctionCallOrApplyTest" time="0.001">
    <skipped/>
  </testcase>
  <testcase name="whenVersionGt17ThenPassNullAsThisObjForCallJS" classname="org.mozilla.javascript.tests.UndefinedOrNullThisInFunctionCallOrApplyTest" time="0.104"/>
  <testcase name="whenVersionGt17ThenPassNullAsThisObjForApplyJS" classname="org.mozilla.javascript.tests.UndefinedOrNullThisInFunctionCallOrApplyTest" time="0.069"/>
  <testcase name="whenVersionLtEq17ThenPassGlobalThisObjForApplyJS" classname="org.mozilla.javascript.tests.UndefinedOrNullThisInFunctionCallOrApplyTest" time="0.038"/>
  <system-out><![CDATA[]]></system-out>
  <system-err><![CDATA[]]></system-err>
</testsuite>
