<?xml version="1.0" encoding="UTF-8"?>
<testsuite name="org.mozilla.javascript.tests.harmony.ForOfTest" tests="3" skipped="0" failures="0" errors="0" timestamp="2019-01-10T05:00:52" hostname="swami-VirtualBox" time="1.285">
  <properties/>
  <testcase name="rhinoTestNoOpt" classname="org.mozilla.javascript.tests.harmony.ForOfTest" time="0.784"/>
  <testcase name="rhinoTestOpt0" classname="org.mozilla.javascript.tests.harmony.ForOfTest" time="0.308"/>
  <testcase name="rhinoTestOpt9" classname="org.mozilla.javascript.tests.harmony.ForOfTest" time="0.169"/>
  <system-out><![CDATA[]]></system-out>
  <system-err><![CDATA[]]></system-err>
</testsuite>
