<?xml version="1.0" encoding="UTF-8"?>
<testsuite name="org.mozilla.javascript.tests.GeneratedClassNameTest" tests="1" skipped="0" failures="0" errors="0" timestamp="2019-01-10T04:58:30" hostname="swami-VirtualBox" time="0.486">
  <properties/>
  <testcase name="testGeneratedClassName" classname="org.mozilla.javascript.tests.GeneratedClassNameTest" time="0.486"/>
  <system-out><![CDATA[]]></system-out>
  <system-err><![CDATA[]]></system-err>
</testsuite>
