<?xml version="1.0" encoding="UTF-8"?>
<testsuite name="org.mozilla.javascript.tests.Bug467396Test" tests="1" skipped="0" failures="0" errors="0" timestamp="2019-01-10T04:58:54" hostname="swami-VirtualBox" time="0.722">
  <properties/>
  <testcase name="testOverloadedVarargs" classname="org.mozilla.javascript.tests.Bug467396Test" time="0.722"/>
  <system-out><![CDATA[]]></system-out>
  <system-err><![CDATA[]]></system-err>
</testsuite>
