<?xml version="1.0" encoding="UTF-8"?>
<testsuite name="org.mozilla.javascript.tests.StackTraceTest" tests="1" skipped="0" failures="0" errors="0" timestamp="2019-01-10T05:11:04" hostname="swami-VirtualBox" time="1.096">
  <properties/>
  <testcase name="testFailureStackTrace" classname="org.mozilla.javascript.tests.StackTraceTest" time="1.096"/>
  <system-out><![CDATA[]]></system-out>
  <system-err><![CDATA[]]></system-err>
</testsuite>
