<?xml version="1.0" encoding="UTF-8"?>
<testsuite name="org.mozilla.javascript.tests.StackTraceExtensionTest" tests="3" skipped="0" failures="0" errors="0" timestamp="2019-01-10T05:11:59" hostname="swami-VirtualBox" time="2.627">
  <properties/>
  <testcase name="testStackTraceInt" classname="org.mozilla.javascript.tests.StackTraceExtensionTest" time="1.665"/>
  <testcase name="testStackTrace0" classname="org.mozilla.javascript.tests.StackTraceExtensionTest" time="0.705"/>
  <testcase name="testStackTrace9" classname="org.mozilla.javascript.tests.StackTraceExtensionTest" time="0.223"/>
  <system-out><![CDATA[]]></system-out>
  <system-err><![CDATA[]]></system-err>
</testsuite>
