<?xml version="1.0" encoding="UTF-8"?>
<testsuite name="org.mozilla.javascript.tests.ArrowFnPositionBugTest" tests="4" skipped="0" failures="0" errors="0" timestamp="2019-01-10T04:58:49" hostname="swami-VirtualBox" time="0.299">
  <properties/>
  <testcase name="testArrowFnPositionInCall" classname="org.mozilla.javascript.tests.ArrowFnPositionBugTest" time="0.288"/>
  <testcase name="testArrowFnPositionInAssignment" classname="org.mozilla.javascript.tests.ArrowFnPositionBugTest" time="0.007"/>
  <testcase name="testArrowFnWithArgsPosition" classname="org.mozilla.javascript.tests.ArrowFnPositionBugTest" time="0.001"/>
  <testcase name="testArrowFnReturnPosition" classname="org.mozilla.javascript.tests.ArrowFnPositionBugTest" time="0.002"/>
  <system-out><![CDATA[]]></system-out>
  <system-err><![CDATA[]]></system-err>
</testsuite>
