<?xml version="1.0" encoding="UTF-8"?>
<testsuite name="org.mozilla.javascript.tests.DoctestsTest" tests="225" skipped="0" failures="0" errors="0" timestamp="2019-01-10T04:59:35" hostname="swami-VirtualBox" time="8.46">
  <properties/>
  <testcase name="runDoctest[480758.doctest]" classname="org.mozilla.javascript.tests.DoctestsTest" time="0.709"/>
  <testcase name="runDoctest[480758.doctest]" classname="org.mozilla.javascript.tests.DoctestsTest" time="0.148"/>
  <testcase name="runDoctest[480758.doctest]" classname="org.mozilla.javascript.tests.DoctestsTest" time="0.044"/>
  <testcase name="runDoctest[773573.doctest]" classname="org.mozilla.javascript.tests.DoctestsTest" time="0.091"/>
  <testcase name="runDoctest[773573.doctest]" classname="org.mozilla.javascript.tests.DoctestsTest" time="0.039"/>
  <testcase name="runDoctest[773573.doctest]" classname="org.mozilla.javascript.tests.DoctestsTest" time="0.029"/>
  <testcase name="runDoctest[368019.doctest]" classname="org.mozilla.javascript.tests.DoctestsTest" time="0.005"/>
  <testcase name="runDoctest[368019.doctest]" classname="org.mozilla.javascript.tests.DoctestsTest" time="0.022"/>
  <testcase name="runDoctest[368019.doctest]" classname="org.mozilla.javascript.tests.DoctestsTest" time="0.021"/>
  <testcase name="runDoctest[array.sparse.doctest]" classname="org.mozilla.javascript.tests.DoctestsTest" time="0.025"/>
  <testcase name="runDoctest[array.sparse.doctest]" classname="org.mozilla.javascript.tests.DoctestsTest" time="0.142"/>
  <testcase name="runDoctest[array.sparse.doctest]" classname="org.mozilla.javascript.tests.DoctestsTest" time="0.104"/>
  <testcase name="runDoctest[757410.doctest]" classname="org.mozilla.javascript.tests.DoctestsTest" time="0.012"/>
  <testcase name="runDoctest[757410.doctest]" classname="org.mozilla.javascript.tests.DoctestsTest" time="0.025"/>
  <testcase name="runDoctest[757410.doctest]" classname="org.mozilla.javascript.tests.DoctestsTest" time="0.026"/>
  <testcase name="runDoctest[524931.doctest]" classname="org.mozilla.javascript.tests.DoctestsTest" time="0.204"/>
  <testcase name="runDoctest[524931.doctest]" classname="org.mozilla.javascript.tests.DoctestsTest" time="0.07"/>
  <testcase name="runDoctest[524931.doctest]" classname="org.mozilla.javascript.tests.DoctestsTest" time="0.054"/>
  <testcase name="runDoctest[regexp.literals.doctest]" classname="org.mozilla.javascript.tests.DoctestsTest" time="0.004"/>
  <testcase name="runDoctest[regexp.literals.doctest]" classname="org.mozilla.javascript.tests.DoctestsTest" time="0.021"/>
  <testcase name="runDoctest[regexp.literals.doctest]" classname="org.mozilla.javascript.tests.DoctestsTest" time="0.015"/>
  <testcase name="runDoctest[array.reduceRight.doctest]" classname="org.mozilla.javascript.tests.DoctestsTest" time="0.016"/>
  <testcase name="runDoctest[array.reduceRight.doctest]" classname="org.mozilla.javascript.tests.DoctestsTest" time="0.011"/>
  <testcase name="runDoctest[array.reduceRight.doctest]" classname="org.mozilla.javascript.tests.DoctestsTest" time="0.027"/>
  <testcase name="runDoctest[393794.doctest]" classname="org.mozilla.javascript.tests.DoctestsTest" time="0.003"/>
  <testcase name="runDoctest[393794.doctest]" classname="org.mozilla.javascript.tests.DoctestsTest" time="0.012"/>
  <testcase name="runDoctest[393794.doctest]" classname="org.mozilla.javascript.tests.DoctestsTest" time="0.019"/>
  <testcase name="runDoctest[array.isarray.doctest]" classname="org.mozilla.javascript.tests.DoctestsTest" time="0.008"/>
  <testcase name="runDoctest[array.isarray.doctest]" classname="org.mozilla.javascript.tests.DoctestsTest" time="0.043"/>
  <testcase name="runDoctest[array.isarray.doctest]" classname="org.mozilla.javascript.tests.DoctestsTest" time="0.047"/>
  <testcase name="runDoctest[string.trim.doctest]" classname="org.mozilla.javascript.tests.DoctestsTest" time="0.019"/>
  <testcase name="runDoctest[string.trim.doctest]" classname="org.mozilla.javascript.tests.DoctestsTest" time="0.041"/>
  <testcase name="runDoctest[string.trim.doctest]" classname="org.mozilla.javascript.tests.DoctestsTest" time="0.032"/>
  <testcase name="runDoctest[array.dense.doctest]" classname="org.mozilla.javascript.tests.DoctestsTest" time="0.017"/>
  <testcase name="runDoctest[array.dense.doctest]" classname="org.mozilla.javascript.tests.DoctestsTest" time="0.101"/>
  <testcase name="runDoctest[array.dense.doctest]" classname="org.mozilla.javascript.tests.DoctestsTest" time="0.1"/>
  <testcase name="runDoctest[object.getprototypeof.doctest]" classname="org.mozilla.javascript.tests.DoctestsTest" time="0.012"/>
  <testcase name="runDoctest[object.getprototypeof.doctest]" classname="org.mozilla.javascript.tests.DoctestsTest" time="0.051"/>
  <testcase name="runDoctest[object.getprototypeof.doctest]" classname="org.mozilla.javascript.tests.DoctestsTest" time="0.027"/>
  <testcase name="runDoctest[object.issealed.doctest]" classname="org.mozilla.javascript.tests.DoctestsTest" time="0.02"/>
  <testcase name="runDoctest[object.issealed.doctest]" classname="org.mozilla.javascript.tests.DoctestsTest" time="0.042"/>
  <testcase name="runDoctest[object.issealed.doctest]" classname="org.mozilla.javascript.tests.DoctestsTest" time="0.035"/>
  <testcase name="runDoctest[json.doctest]" classname="org.mozilla.javascript.tests.DoctestsTest" time="0.014"/>
  <testcase name="runDoctest[json.doctest]" classname="org.mozilla.javascript.tests.DoctestsTest" time="0.006"/>
  <testcase name="runDoctest[json.doctest]" classname="org.mozilla.javascript.tests.DoctestsTest" time="0.017"/>
  <testcase name="runDoctest[tail-call-in-try.doctest]" classname="org.mozilla.javascript.tests.DoctestsTest" time="0.002"/>
  <testcase name="runDoctest[tail-call-in-try.doctest]" classname="org.mozilla.javascript.tests.DoctestsTest" time="0.012"/>
  <testcase name="runDoctest[tail-call-in-try.doctest]" classname="org.mozilla.javascript.tests.DoctestsTest" time="0.006"/>
  <testcase name="runDoctest[with.doctest]" classname="org.mozilla.javascript.tests.DoctestsTest" time="0.005"/>
  <testcase name="runDoctest[with.doctest]" classname="org.mozilla.javascript.tests.DoctestsTest" time="0.026"/>
  <testcase name="runDoctest[with.doctest]" classname="org.mozilla.javascript.tests.DoctestsTest" time="0.031"/>
  <testcase name="runDoctest[array.reduce.doctest]" classname="org.mozilla.javascript.tests.DoctestsTest" time="0.006"/>
  <testcase name="runDoctest[array.reduce.doctest]" classname="org.mozilla.javascript.tests.DoctestsTest" time="0.009"/>
  <testcase name="runDoctest[array.reduce.doctest]" classname="org.mozilla.javascript.tests.DoctestsTest" time="0.01"/>
  <testcase name="runDoctest[423557.doctest]" classname="org.mozilla.javascript.tests.DoctestsTest" time="0.015"/>
  <testcase name="runDoctest[423557.doctest]" classname="org.mozilla.javascript.tests.DoctestsTest" time="0.013"/>
  <testcase name="runDoctest[423557.doctest]" classname="org.mozilla.javascript.tests.DoctestsTest" time="0.024"/>
  <testcase name="runDoctest[object.isfrozen.doctest]" classname="org.mozilla.javascript.tests.DoctestsTest" time="0.009"/>
  <testcase name="runDoctest[object.isfrozen.doctest]" classname="org.mozilla.javascript.tests.DoctestsTest" time="0.061"/>
  <testcase name="runDoctest[object.isfrozen.doctest]" classname="org.mozilla.javascript.tests.DoctestsTest" time="0.08"/>
  <testcase name="runDoctest[eval.doctest]" classname="org.mozilla.javascript.tests.DoctestsTest" time="0.015"/>
  <testcase name="runDoctest[eval.doctest]" classname="org.mozilla.javascript.tests.DoctestsTest" time="0.029"/>
  <testcase name="runDoctest[eval.doctest]" classname="org.mozilla.javascript.tests.DoctestsTest" time="0.033"/>
  <testcase name="runDoctest[controlchars.doctest]" classname="org.mozilla.javascript.tests.DoctestsTest" time="0.013"/>
  <testcase name="runDoctest[controlchars.doctest]" classname="org.mozilla.javascript.tests.DoctestsTest" time="0.047"/>
  <testcase name="runDoctest[controlchars.doctest]" classname="org.mozilla.javascript.tests.DoctestsTest" time="0.046"/>
  <testcase name="runDoctest[442922.doctest]" classname="org.mozilla.javascript.tests.DoctestsTest" time="0.153"/>
  <testcase name="runDoctest[442922.doctest]" classname="org.mozilla.javascript.tests.DoctestsTest" time="0.058"/>
  <testcase name="runDoctest[442922.doctest]" classname="org.mozilla.javascript.tests.DoctestsTest" time="0.073"/>
  <testcase name="runDoctest[object.extensible.doctest]" classname="org.mozilla.javascript.tests.DoctestsTest" time="0.038"/>
  <testcase name="runDoctest[object.extensible.doctest]" classname="org.mozilla.javascript.tests.DoctestsTest" time="0.107"/>
  <testcase name="runDoctest[object.extensible.doctest]" classname="org.mozilla.javascript.tests.DoctestsTest" time="0.04"/>
  <testcase name="runDoctest[regexp.source.doctest]" classname="org.mozilla.javascript.tests.DoctestsTest" time="0.008"/>
  <testcase name="runDoctest[regexp.source.doctest]" classname="org.mozilla.javascript.tests.DoctestsTest" time="0.087"/>
  <testcase name="runDoctest[regexp.source.doctest]" classname="org.mozilla.javascript.tests.DoctestsTest" time="0.096"/>
  <testcase name="runDoctest[regexp.class-overflow.doctest]" classname="org.mozilla.javascript.tests.DoctestsTest" time="0.025"/>
  <testcase name="runDoctest[regexp.class-overflow.doctest]" classname="org.mozilla.javascript.tests.DoctestsTest" time="0.005"/>
  <testcase name="runDoctest[regexp.class-overflow.doctest]" classname="org.mozilla.javascript.tests.DoctestsTest" time="0.005"/>
  <testcase name="runDoctest[array.forEach.doctest]" classname="org.mozilla.javascript.tests.DoctestsTest" time="0.014"/>
  <testcase name="runDoctest[array.forEach.doctest]" classname="org.mozilla.javascript.tests.DoctestsTest" time="0.013"/>
  <testcase name="runDoctest[array.forEach.doctest]" classname="org.mozilla.javascript.tests.DoctestsTest" time="0.021"/>
  <testcase name="runDoctest[369860.doctest]" classname="org.mozilla.javascript.tests.DoctestsTest" time="0.005"/>
  <testcase name="runDoctest[369860.doctest]" classname="org.mozilla.javascript.tests.DoctestsTest" time="0.007"/>
  <testcase name="runDoctest[369860.doctest]" classname="org.mozilla.javascript.tests.DoctestsTest" time="0.015"/>
  <testcase name="runDoctest[441417.doctest]" classname="org.mozilla.javascript.tests.DoctestsTest" time="0.017"/>
  <testcase name="runDoctest[441417.doctest]" classname="org.mozilla.javascript.tests.DoctestsTest" time="0.024"/>
  <testcase name="runDoctest[441417.doctest]" classname="org.mozilla.javascript.tests.DoctestsTest" time="0.023"/>
  <testcase name="runDoctest[object.defineproperties.doctest]" classname="org.mozilla.javascript.tests.DoctestsTest" time="0.007"/>
  <testcase name="runDoctest[object.defineproperties.doctest]" classname="org.mozilla.javascript.tests.DoctestsTest" time="0.063"/>
  <testcase name="runDoctest[object.defineproperties.doctest]" classname="org.mozilla.javascript.tests.DoctestsTest" time="0.081"/>
  <testcase name="runDoctest[array.some.doctest]" classname="org.mozilla.javascript.tests.DoctestsTest" time="0.002"/>
  <testcase name="runDoctest[array.some.doctest]" classname="org.mozilla.javascript.tests.DoctestsTest" time="0.015"/>
  <testcase name="runDoctest[array.some.doctest]" classname="org.mozilla.javascript.tests.DoctestsTest" time="0.007"/>
  <testcase name="runDoctest[object.seal.doctest]" classname="org.mozilla.javascript.tests.DoctestsTest" time="0.009"/>
  <testcase name="runDoctest[object.seal.doctest]" classname="org.mozilla.javascript.tests.DoctestsTest" time="0.032"/>
  <testcase name="runDoctest[object.seal.doctest]" classname="org.mozilla.javascript.tests.DoctestsTest" time="0.03"/>
  <testcase name="runDoctest[error.tostring.doctest]" classname="org.mozilla.javascript.tests.DoctestsTest" time="0.003"/>
  <testcase name="runDoctest[error.tostring.doctest]" classname="org.mozilla.javascript.tests.DoctestsTest" time="0.027"/>
  <testcase name="runDoctest[error.tostring.doctest]" classname="org.mozilla.javascript.tests.DoctestsTest" time="0.041"/>
  <testcase name="runDoctest[object.freeze.doctest]" classname="org.mozilla.javascript.tests.DoctestsTest" time="0.006"/>
  <testcase name="runDoctest[object.freeze.doctest]" classname="org.mozilla.javascript.tests.DoctestsTest" time="0.046"/>
  <testcase name="runDoctest[object.freeze.doctest]" classname="org.mozilla.javascript.tests.DoctestsTest" time="0.045"/>
  <testcase name="runDoctest[array.map.doctest]" classname="org.mozilla.javascript.tests.DoctestsTest" time="0.004"/>
  <testcase name="runDoctest[array.map.doctest]" classname="org.mozilla.javascript.tests.DoctestsTest" time="0.026"/>
  <testcase name="runDoctest[array.map.doctest]" classname="org.mozilla.javascript.tests.DoctestsTest" time="0.006"/>
  <testcase name="runDoctest[object.getownpropertydescriptor.doctest]" classname="org.mozilla.javascript.tests.DoctestsTest" time="0.01"/>
  <testcase name="runDoctest[object.getownpropertydescriptor.doctest]" classname="org.mozilla.javascript.tests.DoctestsTest" time="0.094"/>
  <testcase name="runDoctest[object.getownpropertydescriptor.doctest]" classname="org.mozilla.javascript.tests.DoctestsTest" time="0.068"/>
  <testcase name="runDoctest[arguments.doctest]" classname="org.mozilla.javascript.tests.DoctestsTest" time="0.018"/>
  <testcase name="runDoctest[arguments.doctest]" classname="org.mozilla.javascript.tests.DoctestsTest" time="0.087"/>
  <testcase name="runDoctest[arguments.doctest]" classname="org.mozilla.javascript.tests.DoctestsTest" time="0.065"/>
  <testcase name="runDoctest[iteratorKeys.doctest]" classname="org.mozilla.javascript.tests.DoctestsTest" time="0.003"/>
  <testcase name="runDoctest[iteratorKeys.doctest]" classname="org.mozilla.javascript.tests.DoctestsTest" time="0.005"/>
  <testcase name="runDoctest[iteratorKeys.doctest]" classname="org.mozilla.javascript.tests.DoctestsTest" time="0.018"/>
  <testcase name="runDoctest[array.findIndex.doctest]" classname="org.mozilla.javascript.tests.DoctestsTest" time="0.001"/>
  <testcase name="runDoctest[array.findIndex.doctest]" classname="org.mozilla.javascript.tests.DoctestsTest" time="0.006"/>
  <testcase name="runDoctest[array.findIndex.doctest]" classname="org.mozilla.javascript.tests.DoctestsTest" time="0.005"/>
  <testcase name="runDoctest[object.keys.doctest]" classname="org.mozilla.javascript.tests.DoctestsTest" time="0.007"/>
  <testcase name="runDoctest[object.keys.doctest]" classname="org.mozilla.javascript.tests.DoctestsTest" time="0.064"/>
  <testcase name="runDoctest[object.keys.doctest]" classname="org.mozilla.javascript.tests.DoctestsTest" time="0.05"/>
  <testcase name="runDoctest[expressionclosure.doctest]" classname="org.mozilla.javascript.tests.DoctestsTest" time="0.004"/>
  <testcase name="runDoctest[expressionclosure.doctest]" classname="org.mozilla.javascript.tests.DoctestsTest" time="0.026"/>
  <testcase name="runDoctest[expressionclosure.doctest]" classname="org.mozilla.javascript.tests.DoctestsTest" time="0.036"/>
  <testcase name="runDoctest[javaadapter.doctest]" classname="org.mozilla.javascript.tests.DoctestsTest" time="0.072"/>
  <testcase name="runDoctest[javaadapter.doctest]" classname="org.mozilla.javascript.tests.DoctestsTest" time="0.124"/>
  <testcase name="runDoctest[javaadapter.doctest]" classname="org.mozilla.javascript.tests.DoctestsTest" time="0.138"/>
  <testcase name="runDoctest[arrays.doctest]" classname="org.mozilla.javascript.tests.DoctestsTest" time="0.005"/>
  <testcase name="runDoctest[arrays.doctest]" classname="org.mozilla.javascript.tests.DoctestsTest" time="0.053"/>
  <testcase name="runDoctest[arrays.doctest]" classname="org.mozilla.javascript.tests.DoctestsTest" time="0.041"/>
  <testcase name="runDoctest[test2.doctest]" classname="org.mozilla.javascript.tests.DoctestsTest" time="0.001"/>
  <testcase name="runDoctest[test2.doctest]" classname="org.mozilla.javascript.tests.DoctestsTest" time="0.02"/>
  <testcase name="runDoctest[test2.doctest]" classname="org.mozilla.javascript.tests.DoctestsTest" time="0.022"/>
  <testcase name="runDoctest[467396.doctest]" classname="org.mozilla.javascript.tests.DoctestsTest" time="0.015"/>
  <testcase name="runDoctest[467396.doctest]" classname="org.mozilla.javascript.tests.DoctestsTest" time="0.008"/>
  <testcase name="runDoctest[467396.doctest]" classname="org.mozilla.javascript.tests.DoctestsTest" time="0.028"/>
  <testcase name="runDoctest[Matrix.doctest]" classname="org.mozilla.javascript.tests.DoctestsTest" time="0.002"/>
  <testcase name="runDoctest[Matrix.doctest]" classname="org.mozilla.javascript.tests.DoctestsTest" time="0.007"/>
  <testcase name="runDoctest[Matrix.doctest]" classname="org.mozilla.javascript.tests.DoctestsTest" time="0.012"/>
  <testcase name="runDoctest[473761.doctest]" classname="org.mozilla.javascript.tests.DoctestsTest" time="0.016"/>
  <testcase name="runDoctest[473761.doctest]" classname="org.mozilla.javascript.tests.DoctestsTest" time="0.006"/>
  <testcase name="runDoctest[473761.doctest]" classname="org.mozilla.javascript.tests.DoctestsTest" time="0.014"/>
  <testcase name="runDoctest[object.create.doctest]" classname="org.mozilla.javascript.tests.DoctestsTest" time="0.017"/>
  <testcase name="runDoctest[object.create.doctest]" classname="org.mozilla.javascript.tests.DoctestsTest" time="0.054"/>
  <testcase name="runDoctest[object.create.doctest]" classname="org.mozilla.javascript.tests.DoctestsTest" time="0.063"/>
  <testcase name="runDoctest[parseint.doctest]" classname="org.mozilla.javascript.tests.DoctestsTest" time="0.001"/>
  <testcase name="runDoctest[parseint.doctest]" classname="org.mozilla.javascript.tests.DoctestsTest" time="0.022"/>
  <testcase name="runDoctest[parseint.doctest]" classname="org.mozilla.javascript.tests.DoctestsTest" time="0.013"/>
  <testcase name="runDoctest[serialize.doctest]" classname="org.mozilla.javascript.tests.DoctestsTest" time="0.018"/>
  <testcase name="runDoctest[serialize.doctest]" classname="org.mozilla.javascript.tests.DoctestsTest" time="0.028"/>
  <testcase name="runDoctest[serialize.doctest]" classname="org.mozilla.javascript.tests.DoctestsTest" time="0.029"/>
  <testcase name="runDoctest[433878.doctest]" classname="org.mozilla.javascript.tests.DoctestsTest" time="0.002"/>
  <testcase name="runDoctest[433878.doctest]" classname="org.mozilla.javascript.tests.DoctestsTest" time="0.005"/>
  <testcase name="runDoctest[433878.doctest]" classname="org.mozilla.javascript.tests.DoctestsTest" time="0.016"/>
  <testcase name="runDoctest[array.find.doctest]" classname="org.mozilla.javascript.tests.DoctestsTest" time="0.001"/>
  <testcase name="runDoctest[array.find.doctest]" classname="org.mozilla.javascript.tests.DoctestsTest" time="0.006"/>
  <testcase name="runDoctest[array.find.doctest]" classname="org.mozilla.javascript.tests.DoctestsTest" time="0.02"/>
  <testcase name="runDoctest[477233.doctest]" classname="org.mozilla.javascript.tests.DoctestsTest" time="0.033"/>
  <testcase name="runDoctest[477233.doctest]" classname="org.mozilla.javascript.tests.DoctestsTest" time="0.019"/>
  <testcase name="runDoctest[477233.doctest]" classname="org.mozilla.javascript.tests.DoctestsTest" time="0.04"/>
  <testcase name="runDoctest[array.every.doctest]" classname="org.mozilla.javascript.tests.DoctestsTest" time="0.001"/>
  <testcase name="runDoctest[array.every.doctest]" classname="org.mozilla.javascript.tests.DoctestsTest" time="0.006"/>
  <testcase name="runDoctest[array.every.doctest]" classname="org.mozilla.javascript.tests.DoctestsTest" time="0.011"/>
  <testcase name="runDoctest[iterable.doctest]" classname="org.mozilla.javascript.tests.DoctestsTest" time="0.016"/>
  <testcase name="runDoctest[iterable.doctest]" classname="org.mozilla.javascript.tests.DoctestsTest" time="0.022"/>
  <testcase name="runDoctest[iterable.doctest]" classname="org.mozilla.javascript.tests.DoctestsTest" time="0.005"/>
  <testcase name="runDoctest[number.tostring.doctest]" classname="org.mozilla.javascript.tests.DoctestsTest" time="0.007"/>
  <testcase name="runDoctest[number.tostring.doctest]" classname="org.mozilla.javascript.tests.DoctestsTest" time="0.046"/>
  <testcase name="runDoctest[number.tostring.doctest]" classname="org.mozilla.javascript.tests.DoctestsTest" time="0.038"/>
  <testcase name="runDoctest[700651.doctest]" classname="org.mozilla.javascript.tests.DoctestsTest" time="0.003"/>
  <testcase name="runDoctest[700651.doctest]" classname="org.mozilla.javascript.tests.DoctestsTest" time="0.014"/>
  <testcase name="runDoctest[700651.doctest]" classname="org.mozilla.javascript.tests.DoctestsTest" time="0.003"/>
  <testcase name="runDoctest[429121.doctest]" classname="org.mozilla.javascript.tests.DoctestsTest" time="0.001"/>
  <testcase name="runDoctest[429121.doctest]" classname="org.mozilla.javascript.tests.DoctestsTest" time="0.002"/>
  <testcase name="runDoctest[429121.doctest]" classname="org.mozilla.javascript.tests.DoctestsTest" time="0.001"/>
  <testcase name="runDoctest[date.tojson.doctest]" classname="org.mozilla.javascript.tests.DoctestsTest" time="0.014"/>
  <testcase name="runDoctest[date.tojson.doctest]" classname="org.mozilla.javascript.tests.DoctestsTest" time="0.033"/>
  <testcase name="runDoctest[date.tojson.doctest]" classname="org.mozilla.javascript.tests.DoctestsTest" time="0.03"/>
  <testcase name="runDoctest[array.filter.doctest]" classname="org.mozilla.javascript.tests.DoctestsTest" time="0.002"/>
  <testcase name="runDoctest[array.filter.doctest]" classname="org.mozilla.javascript.tests.DoctestsTest" time="0.017"/>
  <testcase name="runDoctest[array.filter.doctest]" classname="org.mozilla.javascript.tests.DoctestsTest" time="0.005"/>
  <testcase name="runDoctest[Counter.doctest]" classname="org.mozilla.javascript.tests.DoctestsTest" time="0.013"/>
  <testcase name="runDoctest[Counter.doctest]" classname="org.mozilla.javascript.tests.DoctestsTest" time="0.027"/>
  <testcase name="runDoctest[Counter.doctest]" classname="org.mozilla.javascript.tests.DoctestsTest" time="0.007"/>
  <testcase name="runDoctest[canonicalize.doctest]" classname="org.mozilla.javascript.tests.DoctestsTest" time="0.012"/>
  <testcase name="runDoctest[canonicalize.doctest]" classname="org.mozilla.javascript.tests.DoctestsTest" time="0.007"/>
  <testcase name="runDoctest[canonicalize.doctest]" classname="org.mozilla.javascript.tests.DoctestsTest" time="0.011"/>
  <testcase name="runDoctest[object.getownpropertynames.doctest]" classname="org.mozilla.javascript.tests.DoctestsTest" time="0.015"/>
  <testcase name="runDoctest[object.getownpropertynames.doctest]" classname="org.mozilla.javascript.tests.DoctestsTest" time="0.059"/>
  <testcase name="runDoctest[object.getownpropertynames.doctest]" classname="org.mozilla.javascript.tests.DoctestsTest" time="0.06"/>
  <testcase name="runDoctest[784358.doctest]" classname="org.mozilla.javascript.tests.DoctestsTest" time="0.012"/>
  <testcase name="runDoctest[784358.doctest]" classname="org.mozilla.javascript.tests.DoctestsTest" time="0.167"/>
  <testcase name="runDoctest[784358.doctest]" classname="org.mozilla.javascript.tests.DoctestsTest" time="0.152"/>
  <testcase name="runDoctest[date.parse.doctest]" classname="org.mozilla.javascript.tests.DoctestsTest" time="0.023"/>
  <testcase name="runDoctest[date.parse.doctest]" classname="org.mozilla.javascript.tests.DoctestsTest" time="0.022"/>
  <testcase name="runDoctest[date.parse.doctest]" classname="org.mozilla.javascript.tests.DoctestsTest" time="0.015"/>
  <testcase name="runDoctest[439530.doctest]" classname="org.mozilla.javascript.tests.DoctestsTest" time="0.011"/>
  <testcase name="runDoctest[439530.doctest]" classname="org.mozilla.javascript.tests.DoctestsTest" time="0.006"/>
  <testcase name="runDoctest[439530.doctest]" classname="org.mozilla.javascript.tests.DoctestsTest" time="0.016"/>
  <testcase name="runDoctest[413838.doctest]" classname="org.mozilla.javascript.tests.DoctestsTest" time="0.003"/>
  <testcase name="runDoctest[413838.doctest]" classname="org.mozilla.javascript.tests.DoctestsTest" time="0.037"/>
  <testcase name="runDoctest[413838.doctest]" classname="org.mozilla.javascript.tests.DoctestsTest" time="0.036"/>
  <testcase name="runDoctest[date.toisostring.doctest]" classname="org.mozilla.javascript.tests.DoctestsTest" time="0.004"/>
  <testcase name="runDoctest[date.toisostring.doctest]" classname="org.mozilla.javascript.tests.DoctestsTest" time="0.024"/>
  <testcase name="runDoctest[date.toisostring.doctest]" classname="org.mozilla.javascript.tests.DoctestsTest" time="0.046"/>
  <testcase name="runDoctest[xmlOptions.doctest]" classname="org.mozilla.javascript.tests.DoctestsTest" time="0.006"/>
  <testcase name="runDoctest[xmlOptions.doctest]" classname="org.mozilla.javascript.tests.DoctestsTest" time="0.018"/>
  <testcase name="runDoctest[xmlOptions.doctest]" classname="org.mozilla.javascript.tests.DoctestsTest" time="0.021"/>
  <testcase name="runDoctest[array.length.doctest]" classname="org.mozilla.javascript.tests.DoctestsTest" time="0.015"/>
  <testcase name="runDoctest[array.length.doctest]" classname="org.mozilla.javascript.tests.DoctestsTest" time="0.014"/>
  <testcase name="runDoctest[array.length.doctest]" classname="org.mozilla.javascript.tests.DoctestsTest" time="0.008"/>
  <testcase name="runDoctest[623246.doctest]" classname="org.mozilla.javascript.tests.DoctestsTest" time="0.002"/>
  <testcase name="runDoctest[623246.doctest]" classname="org.mozilla.javascript.tests.DoctestsTest" time="0.005"/>
  <testcase name="runDoctest[623246.doctest]" classname="org.mozilla.javascript.tests.DoctestsTest" time="0.015"/>
  <testcase name="runDoctest[434041.doctest]" classname="org.mozilla.javascript.tests.DoctestsTest" time="0.002"/>
  <testcase name="runDoctest[434041.doctest]" classname="org.mozilla.javascript.tests.DoctestsTest" time="0.005"/>
  <testcase name="runDoctest[434041.doctest]" classname="org.mozilla.javascript.tests.DoctestsTest" time="0.02"/>
  <testcase name="runDoctest[function.bind.doctest]" classname="org.mozilla.javascript.tests.DoctestsTest" time="0.011"/>
  <testcase name="runDoctest[function.bind.doctest]" classname="org.mozilla.javascript.tests.DoctestsTest" time="0.054"/>
  <testcase name="runDoctest[function.bind.doctest]" classname="org.mozilla.javascript.tests.DoctestsTest" time="0.064"/>
  <testcase name="runDoctest[object.defineproperty.doctest]" classname="org.mozilla.javascript.tests.DoctestsTest" time="0.018"/>
  <testcase name="runDoctest[object.defineproperty.doctest]" classname="org.mozilla.javascript.tests.DoctestsTest" time="0.228"/>
  <testcase name="runDoctest[object.defineproperty.doctest]" classname="org.mozilla.javascript.tests.DoctestsTest" time="0.259"/>
  <testcase name="runDoctest[whitespace.doctest]" classname="org.mozilla.javascript.tests.DoctestsTest" time="0.009"/>
  <testcase name="runDoctest[whitespace.doctest]" classname="org.mozilla.javascript.tests.DoctestsTest" time="0.024"/>
  <testcase name="runDoctest[whitespace.doctest]" classname="org.mozilla.javascript.tests.DoctestsTest" time="0.028"/>
  <system-out><![CDATA[]]></system-out>
  <system-err><![CDATA[]]></system-err>
</testsuite>
