<?xml version="1.0" encoding="UTF-8"?>
<testsuite name="org.mozilla.javascript.tests.Bug688021Test" tests="1" skipped="0" failures="0" errors="0" timestamp="2019-01-10T04:58:38" hostname="swami-VirtualBox" time="0.272">
  <properties/>
  <testcase name="testToSource" classname="org.mozilla.javascript.tests.Bug688021Test" time="0.272"/>
  <system-out><![CDATA[]]></system-out>
  <system-err><![CDATA[]]></system-err>
</testsuite>
