<?xml version="1.0" encoding="UTF-8"?>
<testsuite name="org.mozilla.javascript.tests.ExternalArrayTest" tests="6" skipped="0" failures="0" errors="0" timestamp="2019-01-10T05:10:20" hostname="swami-VirtualBox" time="2.248">
  <properties/>
  <testcase name="testIntArrayThenRemove" classname="org.mozilla.javascript.tests.ExternalArrayTest" time="1.866"/>
  <testcase name="testNativeIntArray" classname="org.mozilla.javascript.tests.ExternalArrayTest" time="0.111"/>
  <testcase name="testNativeDoubleArray" classname="org.mozilla.javascript.tests.ExternalArrayTest" time="0.053"/>
  <testcase name="testNativeShortArray" classname="org.mozilla.javascript.tests.ExternalArrayTest" time="0.021"/>
  <testcase name="testRegularArray" classname="org.mozilla.javascript.tests.ExternalArrayTest" time="0.072"/>
  <testcase name="testIntArray" classname="org.mozilla.javascript.tests.ExternalArrayTest" time="0.045"/>
  <system-out><![CDATA[]]></system-out>
  <system-err><![CDATA[]]></system-err>
</testsuite>
