<?xml version="1.0" encoding="UTF-8"?>
<testsuite name="org.mozilla.javascript.tests.RedefinePropertyTest" tests="3" skipped="0" failures="0" errors="0" timestamp="2019-01-10T05:12:35" hostname="swami-VirtualBox" time="2.228">
  <properties/>
  <testcase name="rhinoTestNoOpt" classname="org.mozilla.javascript.tests.RedefinePropertyTest" time="1.397"/>
  <testcase name="rhinoTestOpt0" classname="org.mozilla.javascript.tests.RedefinePropertyTest" time="0.544"/>
  <testcase name="rhinoTestOpt9" classname="org.mozilla.javascript.tests.RedefinePropertyTest" time="0.271"/>
  <system-out><![CDATA[]]></system-out>
  <system-err><![CDATA[]]></system-err>
</testsuite>
