<?xml version="1.0" encoding="UTF-8"?>
<testsuite name="org.mozilla.javascript.tests.Bug687669Test" tests="2" skipped="0" failures="0" errors="0" timestamp="2019-01-10T04:58:45" hostname="swami-VirtualBox" time="1.147">
  <properties/>
  <testcase name="testEval" classname="org.mozilla.javascript.tests.Bug687669Test" time="1.109"/>
  <testcase name="testToSource" classname="org.mozilla.javascript.tests.Bug687669Test" time="0.016"/>
  <system-out><![CDATA[]]></system-out>
  <system-err><![CDATA[]]></system-err>
</testsuite>
